### [bt]: This is batchtools v0.9.15
### [bt]: Starting calculation of 1 jobs
### [bt]: Setting working directory to '/home/user/repos/cacb-batchtools/eq1'
[2021-07-19] Loading new learner
[2021-07-19 22:04:24] Loading tasks
[2021-07-19 22:04:27] Loading resampling
### [bt]: Memory measurement disabled
### [bt]: Starting job [batchtools job.id=32]
### [bt]: Generating problem instance for problem '7592-fold2' ...
### [bt]: Applying algorithm 'evaluate-learner' on problem '7592-fold2' for job 32 (seed = 31447) ...
DEBUG [22:04:28.662] [mlr3]  Skip subsetting of task 'Task 7592: adult (Supervised Classification)' 
DEBUG [22:04:28.665] [mlr3]  Calling train method of Learner 'removeconstants_before.imputemedian_num.imputemode_fct.collapsefactors.removeconstants_after.bin_cwb_b' on task 'Task 7592: adult (Supervised Classification)' with 39073 observations {learner: <GraphLearner/Learner/R6>}
DEBUG [22:04:28.684] Running PipeOp 'removeconstants_before$train()' {pipeop: <PipeOpRemoveConstants/PipeOpTaskPreprocSimple/PipeOpTaskPreproc/PipeOp/R6>, input: <list>}
DEBUG [22:04:28.751] Running PipeOp 'imputemedian_num$train()' {pipeop: <PipeOpImputeMedian/PipeOpImpute/PipeOp/R6>, input: <list>}
DEBUG [22:04:28.825] Running PipeOp 'imputemode_fct$train()' {pipeop: <PipeOpImputeMode/PipeOpImpute/PipeOp/R6>, input: <list>}
DEBUG [22:04:28.956] Running PipeOp 'collapsefactors$train()' {pipeop: <PipeOpCollapseFactors/PipeOpTaskPreprocSimple/PipeOpTaskPreproc/PipeOp/R6>, input: <list>}
DEBUG [22:04:29.089] Running PipeOp 'removeconstants_after$train()' {pipeop: <PipeOpRemoveConstants/PipeOpTaskPreprocSimple/PipeOpTaskPreproc/PipeOp/R6>, input: <list>}
DEBUG [22:04:29.248] Running PipeOp 'bin_cwb_b$train()' {pipeop: <PipeOpLearner/PipeOp/R6>, input: <list>}
DEBUG [22:04:29.257] [mlr3]  Skip subsetting of task 'Task 7592: adult (Supervised Classification)' 
DEBUG [22:04:29.261] [mlr3]  Calling train method of Learner 'bin_cwb_b' on task 'Task 7592: adult (Supervised Classification)' with 39073 observations {learner: <LearnerClassifCompboost/LearnerClassif/Learner/R6>}
Warning in get_private(learner)$.train(task) :
  Number of cores 30 exceeds number of features 14. The number of cores are set to 14!
INFO  [22:04:29.346] [mlr3]  [LGCOMPBOOST] Running compboost with df 5.000000 and df_cat 2.000000 
   1/5000   risk = 0.54  time = 3   
 125/5000   risk = 0.35  time = 570033   
 250/5000   risk = 0.34  time = 1062684   
 375/5000   risk = 0.34  time = 1535589   
 500/5000   risk = 0.34  time = 1987846   
 625/5000   risk = 0.35  time = 2438603   
 750/5000   risk = 0.35  time = 2891864   
 875/5000   risk = 0.35  time = 3369868   
1000/5000   risk = 0.35  time = 3861700   
1125/5000   risk = 0.35  time = 4332569   
1250/5000   risk = 0.35  time = 4799615   
1375/5000   risk = 0.35  time = 5267978   
1500/5000   risk = 0.35  time = 5733633   
1625/5000   risk = 0.35  time = 6206041   
1750/5000   risk = 0.35  time = 6694632   
1875/5000   risk = 0.35  time = 7191645   
2000/5000   risk = 0.35  time = 7694336   
2125/5000   risk = 0.35  time = 8193371   
2250/5000   risk = 0.36  time = 8706108   
2375/5000   risk = 0.36  time = 9206307   
2500/5000   risk = 0.36  time = 9708611   
2625/5000   risk = 0.36  time = 10205561   
2750/5000   risk = 0.36  time = 10702034   
2875/5000   risk = 0.36  time = 11221628   
3000/5000   risk = 0.36  time = 11746327   
3125/5000   risk = 0.36  time = 12277930   
3250/5000   risk = 0.36  time = 12814273   
3375/5000   risk = 0.36  time = 13352154   
3500/5000   risk = 0.36  time = 13912096   
3625/5000   risk = 0.36  time = 14457717   
3750/5000   risk = 0.36  time = 15017226   
3875/5000   risk = 0.36  time = 15575204   
4000/5000   risk = 0.36  time = 16113035   
4125/5000   risk = 0.36  time = 16648261   
4250/5000   risk = 0.36  time = 17195044   
4375/5000   risk = 0.36  time = 17731325   
4500/5000   risk = 0.36  time = 18268704   
4625/5000   risk = 0.36  time = 18816913   
4750/5000   risk = 0.36  time = 19356333   
4875/5000   risk = 0.36  time = 19914718   
5000/5000   risk = 0.36  time = 20469806   


Train 5000 iterations in 20 Seconds.
Final risk based on the train set: 0.36

INFO  [22:04:58.525] [mlr3]  [LGCOMPBOOST] iterations:'stop_cwb',5000,'stop_acwb',NA,'stop_hcwb',NA 
INFO  [22:04:58.528] [mlr3]  [LGCOMPBOOST] risk_inbag:'risk_intercept',0.550237,'risk_cwb',0.356334,'risk_acwb',NA,'risk_hcwb',NA 
INFO  [22:04:58.529] [mlr3]  [LGCOMPBOOST] risk_oob:'risk_intercept_oob',NA,'risk_cwb_oob',NA,'risk_acwb_oob',NA,'risk_hcwb_oob',NA 
DEBUG [22:04:58.535] [mlr3]  Learner 'bin_cwb_b' on task 'Task 7592: adult (Supervised Classification)' succeeded to fit a model {learner: <LearnerClassifCompboost/LearnerClassif/Learner/R6>, result: <list>, messages: }
DEBUG [22:04:58.555] [mlr3]  Learner 'removeconstants_before.imputemedian_num.imputemode_fct.collapsefactors.removeconstants_after.bin_cwb_b' on task 'Task 7592: adult (Supervised Classification)' succeeded to fit a model {learner: <GraphLearner/Learner/R6>, result: <list>, messages: }
[2021-07-19 22:05:02] (1/1250) Processing iter 4
DEBUG [22:05:02.578] [mlr3]  Skip subsetting of task 'Task 7592: adult (Supervised Classification)' 
DEBUG [22:05:02.581] [mlr3]  Calling predict method of Learner 'removeconstants_before.imputemedian_num.imputemode_fct.collapsefactors.removeconstants_after.bin_cwb_b' on task 'Task 7592: adult (Supervised Classification)' with 39073 observations {learner: <GraphLearner/Learner/R6>}
DEBUG [22:05:02.606] Running PipeOp 'removeconstants_before$predict()' {pipeop: <PipeOpRemoveConstants/PipeOpTaskPreprocSimple/PipeOpTaskPreproc/PipeOp/R6>, input: <list>}
DEBUG [22:05:02.626] Running PipeOp 'imputemedian_num$predict()' {pipeop: <PipeOpImputeMedian/PipeOpImpute/PipeOp/R6>, input: <list>}
DEBUG [22:05:02.650] Running PipeOp 'imputemode_fct$predict()' {pipeop: <PipeOpImputeMode/PipeOpImpute/PipeOp/R6>, input: <list>}
DEBUG [22:05:02.777] Running PipeOp 'collapsefactors$predict()' {pipeop: <PipeOpCollapseFactors/PipeOpTaskPreprocSimple/PipeOpTaskPreproc/PipeOp/R6>, input: <list>}
DEBUG [22:05:02.858] Running PipeOp 'removeconstants_after$predict()' {pipeop: <PipeOpRemoveConstants/PipeOpTaskPreprocSimple/PipeOpTaskPreproc/PipeOp/R6>, input: <list>}
DEBUG [22:05:02.878] Running PipeOp 'bin_cwb_b$predict()' {pipeop: <PipeOpLearner/PipeOp/R6>, input: <list>}
DEBUG [22:05:02.885] [mlr3]  Skip subsetting of task 'Task 7592: adult (Supervised Classification)' 
DEBUG [22:05:02.888] [mlr3]  Calling predict method of Learner 'bin_cwb_b' on task 'Task 7592: adult (Supervised Classification)' with 39073 observations {learner: <LearnerClassifCompboost/LearnerClassif/Learner/R6>}
DEBUG [22:05:03.130] [mlr3]  Learner 'bin_cwb_b' returned an object of class 'PredictionDataClassif' {learner: <LearnerClassifCompboost/LearnerClassif/Learner/R6>, prediction: <PredictionDataClassif/PredictionData>, messages: }
DEBUG [22:05:03.140] [mlr3]  Learner 'removeconstants_before.imputemedian_num.imputemode_fct.collapsefactors.removeconstants_after.bin_cwb_b' returned an object of class 'PredictionDataClassif' {learner: <GraphLearner/Learner/R6>, prediction: <PredictionDataClassif/PredictionData>, messages: }
DEBUG [22:05:03.175] [mlr3]  Skip subsetting of task 'Task 7592: adult (Supervised Classification)' 
DEBUG [22:05:03.178] [mlr3]  Calling predict method of Learner 'removeconstants_before.imputemedian_num.imputemode_fct.collapsefactors.removeconstants_after.bin_cwb_b' on task 'Task 7592: adult (Supervised Classification)' with 9769 observations {learner: <GraphLearner/Learner/R6>}
DEBUG [22:05:03.202] Running PipeOp 'removeconstants_before$predict()' {pipeop: <PipeOpRemoveConstants/PipeOpTaskPreprocSimple/PipeOpTaskPreproc/PipeOp/R6>, input: <list>}
DEBUG [22:05:03.222] Running PipeOp 'imputemedian_num$predict()' {pipeop: <PipeOpImputeMedian/PipeOpImpute/PipeOp/R6>, input: <list>}
DEBUG [22:05:03.245] Running PipeOp 'imputemode_fct$predict()' {pipeop: <PipeOpImputeMode/PipeOpImpute/PipeOp/R6>, input: <list>}
DEBUG [22:05:03.290] Running PipeOp 'collapsefactors$predict()' {pipeop: <PipeOpCollapseFactors/PipeOpTaskPreprocSimple/PipeOpTaskPreproc/PipeOp/R6>, input: <list>}
DEBUG [22:05:03.337] Running PipeOp 'removeconstants_after$predict()' {pipeop: <PipeOpRemoveConstants/PipeOpTaskPreprocSimple/PipeOpTaskPreproc/PipeOp/R6>, input: <list>}
DEBUG [22:05:03.357] Running PipeOp 'bin_cwb_b$predict()' {pipeop: <PipeOpLearner/PipeOp/R6>, input: <list>}
DEBUG [22:05:03.367] [mlr3]  Skip subsetting of task 'Task 7592: adult (Supervised Classification)' 
DEBUG [22:05:03.370] [mlr3]  Calling predict method of Learner 'bin_cwb_b' on task 'Task 7592: adult (Supervised Classification)' with 9769 observations {learner: <LearnerClassifCompboost/LearnerClassif/Learner/R6>}
DEBUG [22:05:03.531] [mlr3]  Learner 'bin_cwb_b' returned an object of class 'PredictionDataClassif' {learner: <LearnerClassifCompboost/LearnerClassif/Learner/R6>, prediction: <PredictionDataClassif/PredictionData>, messages: }
DEBUG [22:05:03.542] [mlr3]  Learner 'removeconstants_before.imputemedian_num.imputemode_fct.collapsefactors.removeconstants_after.bin_cwb_b' returned an object of class 'PredictionDataClassif' {learner: <GraphLearner/Learner/R6>, prediction: <PredictionDataClassif/PredictionData>, messages: }
[2021-07-19 22:05:03] (2/1250) Processing iter 8
Error in self$model$setToIteration(iteration, trace) : 
  addition: incompatible matrix dimensions: 39073x1 and 197x1

### [bt]: Job terminated with an exception [batchtools job.id=32]
### [bt]: Calculation finished!
