### [bt]: This is batchtools v0.9.15
### [bt]: Starting calculation of 1 jobs
### [bt]: Setting working directory to '/home/user/repos/cacb-batchtools/eq1'
[2021-07-26 00:08:39] Loading new learner
[2021-07-26 00:08:39] Loading tasks
[2021-07-26 00:08:42] Loading resampling
### [bt]: Memory measurement disabled
### [bt]: Starting job [batchtools job.id=11]
### [bt]: Generating problem instance for problem 'spam-fold3' ...
### [bt]: Applying algorithm 'evaluate-learner' on problem 'spam-fold3' for job 11 (seed = 31426) ...
DEBUG [00:08:42.901] [mlr3]  Skip subsetting of task 'spam' 
DEBUG [00:08:42.904] [mlr3]  Calling train method of Learner 'bin_cwb_nb' on task 'spam' with 3680 observations {learner: <LearnerClassifCompboost/LearnerClassif/Learner/R6>}
INFO  [00:08:42.914] [mlr3]  [LGCOMPBOOST] Running compboost with df 20.000000 and df_cat 1.000000 
   1/5000   risk = 0.64  riskauc = 0.81   time = 2   
 125/5000   risk = 0.22  riskauc = 0.95   time = 1129070   
 250/5000   risk = 0.19  riskauc = 0.96   time = 2268577   
 375/5000   risk = 0.17  riskauc = 0.96   time = 3400767   
 500/5000   risk = 0.17  riskauc = 0.96   time = 4491307   
 625/5000   risk = 0.16  riskauc = 0.96   time = 5593693   
 750/5000   risk = 0.15  riskauc = 0.96   time = 6704343   
 875/5000   risk = 0.15  riskauc = 0.96   time = 7809362   
1000/5000   risk = 0.14  riskauc = 0.96   time = 8888173   
1125/5000   risk = 0.14  riskauc = 0.96   time = 10032493   
1250/5000   risk = 0.14  riskauc = 0.96   time = 11194534   
1375/5000   risk = 0.14  riskauc = 0.96   time = 12774207   
1500/5000   risk = 0.13  riskauc = 0.96   time = 13987229   
1625/5000   risk = 0.13  riskauc = 0.96   time = 15157635   
1750/5000   risk = 0.13  riskauc = 0.96   time = 16190312   
1875/5000   risk = 0.13  riskauc = 0.96   time = 17917412   
2000/5000   risk = 0.13  riskauc = 0.96   time = 19035282   
2125/5000   risk = 0.12  riskauc = 0.96   time = 20387458   
2250/5000   risk = 0.12  riskauc = 0.96   time = 21516309   
2375/5000   risk = 0.12  riskauc = 0.96   time = 22676526   
2500/5000   risk = 0.12  riskauc = 0.96   time = 23940337   
2625/5000   risk = 0.12  riskauc = 0.96   time = 25110626   
2750/5000   risk = 0.12  riskauc = 0.96   time = 26306534   
2875/5000   risk = 0.12  riskauc = 0.96   time = 27480162   
3000/5000   risk = 0.12  riskauc = 0.96   time = 28662061   
3125/5000   risk = 0.11  riskauc = 0.96   time = 29856341   
3250/5000   risk = 0.11  riskauc = 0.96   time = 31045109   
3375/5000   risk = 0.11  riskauc = 0.96   time = 32237763   
3500/5000   risk = 0.11  riskauc = 0.96   time = 33392716   
3625/5000   risk = 0.11  riskauc = 0.96   time = 34530007   
3750/5000   risk = 0.11  riskauc = 0.96   time = 35797713   
3875/5000   risk = 0.11  riskauc = 0.96   time = 37030166   
4000/5000   risk = 0.11  riskauc = 0.96   time = 38383052   
4125/5000   risk = 0.11  riskauc = 0.96   time = 39597838   
4250/5000   risk = 0.11  riskauc = 0.96   time = 40767661   
4375/5000   risk = 0.11  riskauc = 0.96   time = 42027284   
4500/5000   risk = 0.11  riskauc = 0.96   time = 43278847   
4625/5000   risk = 0.11  riskauc = 0.96   time = 44480547   
4750/5000   risk = 0.11  riskauc = 0.96   time = 45679600   
4875/5000   risk = 0.1  riskauc = 0.96   time = 46879905   
5000/5000   risk = 0.1  riskauc = 0.96   time = 48078268   


Train 5000 iterations in 48 Seconds.
Final risk based on the train set: 0.1

INFO  [00:09:40.967] [mlr3]  [LGCOMPBOOST] iterations:'stop_cwb',5000,'stop_acwb',NA,'stop_hcwb',NA 
INFO  [00:09:40.970] [mlr3]  [LGCOMPBOOST] risk_inbag:'risk_intercept',0.670513,'risk_cwb',0.104181,'risk_acwb',NA,'risk_hcwb',NA 
INFO  [00:09:40.971] [mlr3]  [LGCOMPBOOST] risk_oob:'risk_intercept_oob',NA,'risk_cwb_oob',NA,'risk_acwb_oob',NA,'risk_hcwb_oob',NA 
DEBUG [00:09:40.976] [mlr3]  Learner 'bin_cwb_nb' on task 'spam' succeeded to fit a model {learner: <LearnerClassifCompboost/LearnerClassif/Learner/R6>, result: <list>, messages: }
DEBUG [00:09:40.988] [mlr3]  Skip subsetting of task 'spam' 
DEBUG [00:09:40.991] [mlr3]  Calling train method of Learner 'bin_cwb_nb' on task 'spam' with 3680 observations {learner: <LearnerClassifCompboost/LearnerClassif/Learner/R6>}
INFO  [00:09:41.003] [mlr3]  [LGCOMPBOOST] Running compboost with df 20.000000 and df_cat 1.000000 
   1/5000   risk = 0.64  time = 2   
 125/5000   risk = 0.22  time = 1020172   
 250/5000   risk = 0.19  time = 2035334   
 375/5000   risk = 0.17  time = 3160106   
 500/5000   risk = 0.17  time = 4342909   
 625/5000   risk = 0.16  time = 5468151   
 750/5000   risk = 0.15  time = 6512254   
 875/5000   risk = 0.15  time = 7552786   
1000/5000   risk = 0.14  time = 8731953   
1125/5000   risk = 0.14  time = 9842500   
1250/5000   risk = 0.14  time = 10879515   
1375/5000   risk = 0.14  time = 11969786   
1500/5000   risk = 0.13  time = 13096838   
1625/5000   risk = 0.13  time = 14277138   
1750/5000   risk = 0.13  time = 15341133   
1875/5000   risk = 0.13  time = 16486955   
2000/5000   risk = 0.13  time = 17552698   
2125/5000   risk = 0.12  time = 18657178   
2250/5000   risk = 0.12  time = 19716714   
2375/5000   risk = 0.12  time = 20802248   
2500/5000   risk = 0.12  time = 21877946   
2625/5000   risk = 0.12  time = 22979666   
2750/5000   risk = 0.12  time = 24076098   
2875/5000   risk = 0.12  time = 25113601   
3000/5000   risk = 0.12  time = 26347537   
3125/5000   risk = 0.11  time = 27542151   
3250/5000   risk = 0.11  time = 28703569   
3375/5000   risk = 0.11  time = 29764439   
3500/5000   risk = 0.11  time = 30910312   
3625/5000   risk = 0.11  time = 32053498   
3750/5000   risk = 0.11  time = 33145085   
3875/5000   risk = 0.11  time = 34255060   
4000/5000   risk = 0.11  time = 35413625   
4125/5000   risk = 0.11  time = 36559206   
4250/5000   risk = 0.11  time = 37627760   
4375/5000   risk = 0.11  time = 38759586   
4500/5000   risk = 0.11  time = 40120787   
4625/5000   risk = 0.11  time = 41252451   
4750/5000   risk = 0.11  time = 42297558   
4875/5000   risk = 0.1  time = 43551505   
5000/5000   risk = 0.1  time = 44687527   


Train 5000 iterations in 44 Seconds.
Final risk based on the train set: 0.1

INFO  [00:10:35.379] [mlr3]  [LGCOMPBOOST] iterations:'stop_cwb',5000,'stop_acwb',NA,'stop_hcwb',NA 
INFO  [00:10:35.382] [mlr3]  [LGCOMPBOOST] risk_inbag:'risk_intercept',0.670513,'risk_cwb',0.104181,'risk_acwb',NA,'risk_hcwb',NA 
INFO  [00:10:35.384] [mlr3]  [LGCOMPBOOST] risk_oob:'risk_intercept_oob',NA,'risk_cwb_oob',NA,'risk_acwb_oob',NA,'risk_hcwb_oob',NA 
DEBUG [00:10:35.389] [mlr3]  Learner 'bin_cwb_nb' on task 'spam' succeeded to fit a model {learner: <LearnerClassifCompboost/LearnerClassif/Learner/R6>, result: <list>, messages: }

### [bt]: Job terminated successfully [batchtools job.id=11]
### [bt]: Calculation finished!
