### [bt]: This is batchtools v0.9.15
### [bt]: Starting calculation of 1 jobs
### [bt]: Setting working directory to '/home/user/repos/cacb-batchtools/eq1'
[2021-07-29 00:22:22] Loading new learner
[2021-07-29 00:22:22] Loading tasks
[2021-07-29 00:22:24] Loading resampling
### [bt]: Memory measurement disabled
### [bt]: Starting job [batchtools job.id=109]
### [bt]: Generating problem instance for problem '9977-fold3' ...
### [bt]: Applying algorithm 'evaluate-learner' on problem '9977-fold3' for job 109 (seed = 31524) ...
DEBUG [00:22:25.904] [mlr3]  Skip subsetting of task 'Task 9977: nomao (Supervised Classification)' 
DEBUG [00:22:25.908] [mlr3]  Calling train method of Learner 'bin_cwb_nb' on task 'Task 9977: nomao (Supervised Classification)' with 27572 observations {learner: <LearnerClassifCompboost/LearnerClassif/Learner/R6>}
   1/5000   risk = 0.56  riskauc = 0.89   time = 3   
 125/5000   risk = 0.17  riskauc = 0.98   time = 4219109   
 250/5000   risk = 0.16  riskauc = 0.98   time = 8437724   
 375/5000   risk = 0.15  riskauc = 0.98   time = 12583033   
 500/5000   risk = 0.15  riskauc = 0.98   time = 16751340   
 625/5000   risk = 0.15  riskauc = 0.98   time = 20859100   
 750/5000   risk = 0.15  riskauc = 0.98   time = 24855990   
 875/5000   risk = 0.15  riskauc = 0.98   time = 28763450   
1000/5000   risk = 0.15  riskauc = 0.98   time = 32598585   
1125/5000   risk = 0.15  riskauc = 0.99   time = 36313168   
1250/5000   risk = 0.15  riskauc = 0.99   time = 40015442   
1375/5000   risk = 0.14  riskauc = 0.99   time = 43705499   
1500/5000   risk = 0.14  riskauc = 0.99   time = 47395696   
1625/5000   risk = 0.14  riskauc = 0.99   time = 51109990   
1750/5000   risk = 0.14  riskauc = 0.99   time = 55025537   
1875/5000   risk = 0.14  riskauc = 0.99   time = 58756775   
2000/5000   risk = 0.14  riskauc = 0.99   time = 62507204   
2125/5000   risk = 0.14  riskauc = 0.99   time = 66204206   
2250/5000   risk = 0.14  riskauc = 0.99   time = 69817755   
2375/5000   risk = 0.14  riskauc = 0.99   time = 73440215   
2500/5000   risk = 0.14  riskauc = 0.99   time = 77215851   
2625/5000   risk = 0.14  riskauc = 0.99   time = 80803167   
2750/5000   risk = 0.14  riskauc = 0.99   time = 84389771   
2875/5000   risk = 0.14  riskauc = 0.99   time = 87967756   
3000/5000   risk = 0.14  riskauc = 0.99   time = 91513926   
3125/5000   risk = 0.14  riskauc = 0.99   time = 94998229   
3250/5000   risk = 0.14  riskauc = 0.99   time = 98563590   
3375/5000   risk = 0.14  riskauc = 0.99   time = 102151816   
3500/5000   risk = 0.14  riskauc = 0.99   time = 105744535   
3625/5000   risk = 0.14  riskauc = 0.99   time = 109637766   
3750/5000   risk = 0.14  riskauc = 0.99   time = 113220283   
3875/5000   risk = 0.14  riskauc = 0.99   time = 116872867   
4000/5000   risk = 0.14  riskauc = 0.99   time = 120525872   
4125/5000   risk = 0.14  riskauc = 0.99   time = 124204670   
4250/5000   risk = 0.14  riskauc = 0.99   time = 127812430   
4375/5000   risk = 0.14  riskauc = 0.99   time = 131395962   
4500/5000   risk = 0.14  riskauc = 0.99   time = 135021494   
4625/5000   risk = 0.14  riskauc = 0.99   time = 138579744   
4750/5000   risk = 0.14  riskauc = 0.99   time = 142108393   
4875/5000   risk = 0.14  riskauc = 0.99   time = 145743445   
5000/5000   risk = 0.14  riskauc = 0.99   time = 149409113   


Train 5000 iterations in 149 Seconds.
Final risk based on the train set: 0.14

DEBUG [00:24:59.128] [mlr3]  Learner 'bin_cwb_nb' on task 'Task 9977: nomao (Supervised Classification)' succeeded to fit a model {learner: <LearnerClassifCompboost/LearnerClassif/Learner/R6>, result: <list>, messages: }
DEBUG [00:24:59.142] [mlr3]  Skip subsetting of task 'Task 9977: nomao (Supervised Classification)' 
DEBUG [00:24:59.146] [mlr3]  Calling train method of Learner 'bin_cwb_nb' on task 'Task 9977: nomao (Supervised Classification)' with 27572 observations {learner: <LearnerClassifCompboost/LearnerClassif/Learner/R6>}
   1/5000   risk = 0.56  time = 3   
 125/5000   risk = 0.17  time = 3331854   
 250/5000   risk = 0.16  time = 6736934   
 375/5000   risk = 0.15  time = 10123780   
 500/5000   risk = 0.15  time = 13533474   
 625/5000   risk = 0.15  time = 16876564   
 750/5000   risk = 0.15  time = 20261888   
 875/5000   risk = 0.15  time = 23791473   
1000/5000   risk = 0.15  time = 27287469   
1125/5000   risk = 0.15  time = 30795118   
1250/5000   risk = 0.15  time = 34386849   
1375/5000   risk = 0.14  time = 37965456   
1500/5000   risk = 0.14  time = 41555010   
1625/5000   risk = 0.14  time = 45189603   
1750/5000   risk = 0.14  time = 48827369   
1875/5000   risk = 0.14  time = 52440587   
2000/5000   risk = 0.14  time = 56102943   
2125/5000   risk = 0.14  time = 59772767   
2250/5000   risk = 0.14  time = 63425757   
2375/5000   risk = 0.14  time = 67038611   
2500/5000   risk = 0.14  time = 70665136   
2625/5000   risk = 0.14  time = 74282417   
2750/5000   risk = 0.14  time = 77916448   
2875/5000   risk = 0.14  time = 81545037   
3000/5000   risk = 0.14  time = 85161174   
3125/5000   risk = 0.14  time = 88748242   
3250/5000   risk = 0.14  time = 92387409   
3375/5000   risk = 0.14  time = 96015663   
3500/5000   risk = 0.14  time = 99606755   
3625/5000   risk = 0.14  time = 103250226   
3750/5000   risk = 0.14  time = 106875550   
3875/5000   risk = 0.14  time = 110590164   
4000/5000   risk = 0.14  time = 114224808   
4125/5000   risk = 0.14  time = 117877282   
4250/5000   risk = 0.14  time = 121543473   
4375/5000   risk = 0.14  time = 125215100   
4500/5000   risk = 0.14  time = 128921881   
4625/5000   risk = 0.14  time = 132600639   
4750/5000   risk = 0.14  time = 136225655   
4875/5000   risk = 0.14  time = 139857082   
5000/5000   risk = 0.14  time = 143527128   


Train 5000 iterations in 143 Seconds.
Final risk based on the train set: 0.14

DEBUG [00:27:26.361] [mlr3]  Learner 'bin_cwb_nb' on task 'Task 9977: nomao (Supervised Classification)' succeeded to fit a model {learner: <LearnerClassifCompboost/LearnerClassif/Learner/R6>, result: <list>, messages: }

### [bt]: Job terminated successfully [batchtools job.id=109]
### [bt]: Calculation finished!
