### [bt]: This is batchtools v0.9.15
### [bt]: Starting calculation of 1 jobs
### [bt]: Setting working directory to '/home/user/repos/cacb-batchtools/eq1'
Loading required package: data.table
Loading required package: R6
Loading required package: mlr3
Loading required package: mlr3learners
Loading required package: mlr3extralearners

Attaching package: ‘mlr3extralearners’

The following objects are masked from ‘package:mlr3’:

    lrn, lrns

Loading required package: mlr3pipelines
Loading required package: mlr3tuning
Loading required package: paradox
Loading required package: compboost
[2021-08-02 16:52:26] Loading new learner LearnerClassifCWB
[2021-08-02 16:52:26] Loading new learner LearnerClassifHCWB
[2021-08-02 16:52:26] Loading new learner
[2021-08-02 16:52:26] Loading tasks
[2021-08-02 16:52:29] Loading resampling
### [bt]: Memory measurement disabled
### [bt]: Starting job [batchtools job.id=124]
### [bt]: Generating problem instance for problem '168908-fold5' ...
### [bt]: Applying algorithm 'evaluate-learner' on problem '168908-fold5' for job 124 (seed = 31539) ...
DEBUG [16:52:31.337] [mlr3]  Skip subsetting of task 'Task 168908: christine (Supervised Classification)' 
DEBUG [16:52:31.430] [mlr3]  Calling train method of Learner 'acc_hcwb' on task 'Task 168908: christine (Supervised Classification)' with 4336 observations {learner: <LearnerClassifHCWB/LearnerClassif/Learner/R6>}
   1/5000   risk = 0.68  oob_risk = 0.68   test_auc = 0.33   time = 3   val_auc = 0.29   


Train 91 iterations in 4 Seconds.
Final risk based on the train set: 0.44

   1/4920   risk = 0.46  oob_risk = 0.58   test_auc = 0.24   time = 2   val_auc = 0.21   
 123/4920   risk = 0.47  oob_risk = 0.6   test_auc = 0.23   time = 4546521   val_auc = 0.21   
 246/4920   risk = 0.45  oob_risk = 0.6   test_auc = 0.23   time = 7573727   val_auc = 0.21   
 369/4920   risk = 0.44  oob_risk = 0.6   test_auc = 0.23   time = 10784096   val_auc = 0.21   
 492/4920   risk = 0.43  oob_risk = 0.6   test_auc = 0.23   time = 13885078   val_auc = 0.21   
 615/4920   risk = 0.42  oob_risk = 0.61   test_auc = 0.23   time = 16917339   val_auc = 0.21   
 738/4920   risk = 0.41  oob_risk = 0.61   test_auc = 0.23   time = 20101204   val_auc = 0.21   
 861/4920   risk = 0.4  oob_risk = 0.61   test_auc = 0.23   time = 23187796   val_auc = 0.21   
 984/4920   risk = 0.39  oob_risk = 0.61   test_auc = 0.23   time = 26232120   val_auc = 0.21   
1107/4920   risk = 0.38  oob_risk = 0.62   test_auc = 0.23   time = 29174127   val_auc = 0.21   
1230/4920   risk = 0.37  oob_risk = 0.62   test_auc = 0.23   time = 32155403   val_auc = 0.21   
1353/4920   risk = 0.36  oob_risk = 0.63   test_auc = 0.23   time = 35172704   val_auc = 0.21   
1476/4920   risk = 0.35  oob_risk = 0.63   test_auc = 0.23   time = 38234178   val_auc = 0.21   
1599/4920   risk = 0.35  oob_risk = 0.63   test_auc = 0.23   time = 41193351   val_auc = 0.21   
1722/4920   risk = 0.34  oob_risk = 0.63   test_auc = 0.23   time = 44093345   val_auc = 0.21   
1845/4920   risk = 0.33  oob_risk = 0.64   test_auc = 0.23   time = 47089371   val_auc = 0.21   
1968/4920   risk = 0.33  oob_risk = 0.64   test_auc = 0.23   time = 50138423   val_auc = 0.21   
2091/4920   risk = 0.32  oob_risk = 0.64   test_auc = 0.23   time = 53085399   val_auc = 0.21   
2214/4920   risk = 0.31  oob_risk = 0.65   test_auc = 0.23   time = 56052232   val_auc = 0.21   
2337/4920   risk = 0.31  oob_risk = 0.65   test_auc = 0.23   time = 58838742   val_auc = 0.21   
2460/4920   risk = 0.3  oob_risk = 0.65   test_auc = 0.23   time = 61526785   val_auc = 0.21   
2583/4920   risk = 0.3  oob_risk = 0.66   test_auc = 0.23   time = 64260797   val_auc = 0.21   
2706/4920   risk = 0.29  oob_risk = 0.66   test_auc = 0.23   time = 66923965   val_auc = 0.21   
2829/4920   risk = 0.29  oob_risk = 0.66   test_auc = 0.23   time = 69706450   val_auc = 0.21   
2952/4920   risk = 0.28  oob_risk = 0.66   test_auc = 0.23   time = 72587576   val_auc = 0.21   
3075/4920   risk = 0.28  oob_risk = 0.67   test_auc = 0.23   time = 75392880   val_auc = 0.21   
3198/4920   risk = 0.27  oob_risk = 0.67   test_auc = 0.23   time = 78391302   val_auc = 0.21   
3321/4920   risk = 0.27  oob_risk = 0.67   test_auc = 0.23   time = 81167699   val_auc = 0.21   
3444/4920   risk = 0.26  oob_risk = 0.68   test_auc = 0.23   time = 83944201   val_auc = 0.21   
3567/4920   risk = 0.26  oob_risk = 0.68   test_auc = 0.23   time = 86789061   val_auc = 0.21   
3690/4920   risk = 0.25  oob_risk = 0.68   test_auc = 0.23   time = 89940116   val_auc = 0.21   
3813/4920   risk = 0.25  oob_risk = 0.68   test_auc = 0.23   time = 92729076   val_auc = 0.21   
3936/4920   risk = 0.25  oob_risk = 0.69   test_auc = 0.23   time = 95619727   val_auc = 0.21   
4059/4920   risk = 0.24  oob_risk = 0.69   test_auc = 0.23   time = 98574136   val_auc = 0.21   
4182/4920   risk = 0.24  oob_risk = 0.69   test_auc = 0.23   time = 101518132   val_auc = 0.21   
4305/4920   risk = 0.23  oob_risk = 0.69   test_auc = 0.23   time = 104414909   val_auc = 0.22   
4428/4920   risk = 0.23  oob_risk = 0.7   test_auc = 0.23   time = 107298336   val_auc = 0.22   
4551/4920   risk = 0.23  oob_risk = 0.7   test_auc = 0.23   time = 110202102   val_auc = 0.22   
4674/4920   risk = 0.22  oob_risk = 0.7   test_auc = 0.23   time = 113063081   val_auc = 0.22   
4797/4920   risk = 0.22  oob_risk = 0.71   test_auc = 0.23   time = 115806849   val_auc = 0.22   
4920/4920   risk = 0.22  oob_risk = 0.71   test_auc = 0.23   time = 118698989   val_auc = 0.22   


Train 4920 iterations in 119 Seconds.
Final risk based on the train set: 0.22

DEBUG [16:55:36.202] [mlr3]  Learner 'acc_hcwb' on task 'Task 168908: christine (Supervised Classification)' succeeded to fit a model {learner: <LearnerClassifHCWB/LearnerClassif/Learner/R6>, result: <list>, messages: }

### [bt]: Job terminated successfully [batchtools job.id=124]
### [bt]: Calculation finished!
