### [bt]: This is batchtools v0.9.15
### [bt]: Starting calculation of 1 jobs
### [bt]: Setting working directory to '/home/user/repos/cacb-batchtools/eq1'
[2021-07-19] Loading new learner
[2021-07-19 19:30:58] Loading tasks
[2021-07-19 19:31:01] Loading resampling
### [bt]: Memory measurement disabled
### [bt]: Starting job [batchtools job.id=22]
### [bt]: Generating problem instance for problem 'spam-fold5' ...
### [bt]: Applying algorithm 'evaluate-learner' on problem 'spam-fold5' for job 22 (seed = 31437) ...
DEBUG [19:31:02.044] [mlr3]  Skip subsetting of task 'spam' 
DEBUG [19:31:02.047] [mlr3]  Calling train method of Learner 'removeconstants_before.imputemedian_num.imputemode_fct.collapsefactors.removeconstants_after.bin_cwb_b' on task 'spam' with 3682 observations {learner: <GraphLearner/Learner/R6>}
DEBUG [19:31:02.068] Running PipeOp 'removeconstants_before$train()' {pipeop: <PipeOpRemoveConstants/PipeOpTaskPreprocSimple/PipeOpTaskPreproc/PipeOp/R6>, input: <list>}
DEBUG [19:31:02.106] Running PipeOp 'imputemedian_num$train()' {pipeop: <PipeOpImputeMedian/PipeOpImpute/PipeOp/R6>, input: <list>}
DEBUG [19:31:02.261] Running PipeOp 'imputemode_fct$train()' {pipeop: <PipeOpImputeMode/PipeOpImpute/PipeOp/R6>, input: <list>}
DEBUG [19:31:02.310] Running PipeOp 'collapsefactors$train()' {pipeop: <PipeOpCollapseFactors/PipeOpTaskPreprocSimple/PipeOpTaskPreproc/PipeOp/R6>, input: <list>}
DEBUG [19:31:02.327] Running PipeOp 'removeconstants_after$train()' {pipeop: <PipeOpRemoveConstants/PipeOpTaskPreprocSimple/PipeOpTaskPreproc/PipeOp/R6>, input: <list>}
DEBUG [19:31:02.367] Running PipeOp 'bin_cwb_b$train()' {pipeop: <PipeOpLearner/PipeOp/R6>, input: <list>}
DEBUG [19:31:02.376] [mlr3]  Skip subsetting of task 'spam' 
DEBUG [19:31:02.379] [mlr3]  Calling train method of Learner 'bin_cwb_b' on task 'spam' with 3682 observations {learner: <LearnerClassifCompboost/LearnerClassif/Learner/R6>}
INFO  [19:31:02.390] [mlr3]  [LGCOMPBOOST] Running compboost with df 20.000000 and df_cat 1.000000 
   1/5000   risk = 0.64  time = 2   
 125/5000   risk = 0.25  time = 998900   
 250/5000   risk = 0.21  time = 1973616   
 375/5000   risk = 0.2  time = 3077595   
 500/5000   risk = 0.19  time = 4182677   
 625/5000   risk = 0.18  time = 5297443   
 750/5000   risk = 0.17  time = 6362975   
 875/5000   risk = 0.17  time = 7389453   
1000/5000   risk = 0.16  time = 8362452   
1125/5000   risk = 0.16  time = 9481055   
1250/5000   risk = 0.16  time = 10521199   
1375/5000   risk = 0.16  time = 11500073   
1500/5000   risk = 0.15  time = 12493765   
1625/5000   risk = 0.15  time = 13594404   
1750/5000   risk = 0.15  time = 14663983   
1875/5000   risk = 0.15  time = 15626391   
2000/5000   risk = 0.14  time = 16649930   
2125/5000   risk = 0.14  time = 17743771   
2250/5000   risk = 0.14  time = 18766469   
2375/5000   risk = 0.14  time = 19788942   
2500/5000   risk = 0.14  time = 20838296   
2625/5000   risk = 0.14  time = 21912318   
2750/5000   risk = 0.14  time = 22881592   
2875/5000   risk = 0.14  time = 23853234   
3000/5000   risk = 0.13  time = 24853724   
3125/5000   risk = 0.13  time = 25865008   
3250/5000   risk = 0.13  time = 27015068   
3375/5000   risk = 0.13  time = 28082924   
3500/5000   risk = 0.13  time = 29038149   
3625/5000   risk = 0.13  time = 30021020   
3750/5000   risk = 0.13  time = 30977164   
3875/5000   risk = 0.13  time = 31986153   
4000/5000   risk = 0.13  time = 33015965   
4125/5000   risk = 0.13  time = 34100063   
4250/5000   risk = 0.13  time = 35174993   
4375/5000   risk = 0.13  time = 36238375   
4500/5000   risk = 0.12  time = 37305959   
4625/5000   risk = 0.12  time = 38295629   
4750/5000   risk = 0.12  time = 39269911   
4875/5000   risk = 0.12  time = 40244237   
5000/5000   risk = 0.12  time = 41238198   


Train 5000 iterations in 41 Seconds.
Final risk based on the train set: 0.12

INFO  [19:31:54.295] [mlr3]  [LGCOMPBOOST] iterations:'stop_cwb',5000,'stop_acwb',NA,'stop_hcwb',NA 
INFO  [19:31:54.298] [mlr3]  [LGCOMPBOOST] risk_inbag:'risk_intercept',0.670538,'risk_cwb',0.122556,'risk_acwb',NA,'risk_hcwb',NA 
INFO  [19:31:54.301] [mlr3]  [LGCOMPBOOST] risk_oob:'risk_intercept_oob',NA,'risk_cwb_oob',NA,'risk_acwb_oob',NA,'risk_hcwb_oob',NA 
DEBUG [19:31:54.307] [mlr3]  Learner 'bin_cwb_b' on task 'spam' succeeded to fit a model {learner: <LearnerClassifCompboost/LearnerClassif/Learner/R6>, result: <list>, messages: }
DEBUG [19:31:54.320] [mlr3]  Learner 'removeconstants_before.imputemedian_num.imputemode_fct.collapsefactors.removeconstants_after.bin_cwb_b' on task 'spam' succeeded to fit a model {learner: <GraphLearner/Learner/R6>, result: <list>, messages: }
[2021-07-19 19:31:59] (1/1250) Processing iter 4
Error in self$model$setToIteration(iteration, trace) : 
  addition: incompatible matrix dimensions: 3682x1 and 60x1

### [bt]: Job terminated with an exception [batchtools job.id=22]
### [bt]: Calculation finished!
