### [bt]: This is batchtools v0.9.15
### [bt]: Starting calculation of 1 jobs
### [bt]: Setting working directory to '/home/user/repos/cacb-batchtools/eq1'
[2021-07-26 17:28:54] Loading new learner
[2021-07-26 17:28:54] Loading tasks
[2021-07-26 17:28:57] Loading resampling
### [bt]: Memory measurement disabled
### [bt]: Starting job [batchtools job.id=90]
### [bt]: Generating problem instance for problem '189866-fold3' ...
### [bt]: Applying algorithm 'evaluate-learner' on problem '189866-fold3' for job 90 (seed = 31505) ...
DEBUG [17:29:01.562] [mlr3]  Skip subsetting of task 'Task 189866: albert (Supervised Classification)' 
DEBUG [17:29:01.579] [mlr3]  Calling train method of Learner 'acc_hcwb' on task 'Task 189866: albert (Supervised Classification)' with 340192 observations {learner: <LearnerClassifCompboost/LearnerClassif/Learner/R6>}
INFO  [17:29:02.375] [mlr3]  [LGCOMPBOOST] Running compboost with df 5.000000 and df_cat 3.000000 
   1/5000   risk = 0.69  oob_risk = 0.69   riskauc = 0.64   time = 3   
 125/5000   risk = 0.63  oob_risk = 0.63   riskauc = 0.73   time = 38547659   


Train 212 iterations in 65 Seconds.
Final risk based on the train set: 0.61

   1/4788   risk = 0.61  oob_risk = 0.61   riskauc = 0.73   time = 3   
 120/4788   risk = 0.61  oob_risk = 0.61   riskauc = 0.73   time = 20188912   
 240/4788   risk = 0.61  oob_risk = 0.61   riskauc = 0.73   time = 40932232   
 360/4788   risk = 0.61  oob_risk = 0.61   riskauc = 0.73   time = 60715869   
 480/4788   risk = 0.61  oob_risk = 0.61   riskauc = 0.73   time = 80998902   
 600/4788   risk = 0.62  oob_risk = 0.62   riskauc = 0.73   time = 100838925   
 720/4788   risk = 0.62  oob_risk = 0.62   riskauc = 0.73   time = 120724669   
 840/4788   risk = 0.62  oob_risk = 0.62   riskauc = 0.73   time = 140321878   
 960/4788   risk = 0.62  oob_risk = 0.62   riskauc = 0.73   time = 159643946   
1080/4788   risk = 0.62  oob_risk = 0.62   riskauc = 0.73   time = 179073524   
1200/4788   risk = 0.62  oob_risk = 0.62   riskauc = 0.73   time = 198149516   
1320/4788   risk = 0.62  oob_risk = 0.62   riskauc = 0.73   time = 216963446   
1440/4788   risk = 0.62  oob_risk = 0.62   riskauc = 0.73   time = 236235982   
1560/4788   risk = 0.63  oob_risk = 0.63   riskauc = 0.73   time = 255300797   
1680/4788   risk = 0.63  oob_risk = 0.63   riskauc = 0.73   time = 274317120   
1800/4788   risk = 0.63  oob_risk = 0.63   riskauc = 0.73   time = 293668961   
1920/4788   risk = 0.63  oob_risk = 0.63   riskauc = 0.73   time = 313103937   
2040/4788   risk = 0.63  oob_risk = 0.63   riskauc = 0.73   time = 332045465   
2160/4788   risk = 0.63  oob_risk = 0.63   riskauc = 0.73   time = 351567399   
2280/4788   risk = 0.63  oob_risk = 0.63   riskauc = 0.73   time = 370498121   
2400/4788   risk = 0.63  oob_risk = 0.63   riskauc = 0.73   time = 389584878   
2520/4788   risk = 0.63  oob_risk = 0.63   riskauc = 0.73   time = 408526030   
2640/4788   risk = 0.63  oob_risk = 0.63   riskauc = 0.73   time = 427667782   
2760/4788   risk = 0.63  oob_risk = 0.63   riskauc = 0.73   time = 446658300   
2880/4788   risk = 0.63  oob_risk = 0.63   riskauc = 0.73   time = 465916669   
3000/4788   risk = 0.63  oob_risk = 0.63   riskauc = 0.73   time = 485463204   
3120/4788   risk = 0.63  oob_risk = 0.63   riskauc = 0.73   time = 504831861   
3240/4788   risk = 0.63  oob_risk = 0.64   riskauc = 0.73   time = 523984007   
3360/4788   risk = 0.63  oob_risk = 0.64   riskauc = 0.73   time = 543069677   
3480/4788   risk = 0.64  oob_risk = 0.64   riskauc = 0.73   time = 562667588   
3600/4788   risk = 0.64  oob_risk = 0.64   riskauc = 0.73   time = 581857081   
3720/4788   risk = 0.64  oob_risk = 0.64   riskauc = 0.73   time = 600941537   
3840/4788   risk = 0.64  oob_risk = 0.64   riskauc = 0.73   time = 619764635   
3960/4788   risk = 0.64  oob_risk = 0.64   riskauc = 0.73   time = 639643408   
4080/4788   risk = 0.64  oob_risk = 0.64   riskauc = 0.73   time = 658826628   
4200/4788   risk = 0.64  oob_risk = 0.64   riskauc = 0.73   time = 677807788   
4320/4788   risk = 0.64  oob_risk = 0.64   riskauc = 0.73   time = 697052198   
4440/4788   risk = 0.64  oob_risk = 0.64   riskauc = 0.73   time = 716373085   
4560/4788   risk = 0.64  oob_risk = 0.64   riskauc = 0.73   time = 735711519   
4680/4788   risk = 0.64  oob_risk = 0.64   riskauc = 0.73   time = 754896268   


Train 4788 iterations in 772 Seconds.
Final risk based on the train set: 0.64

INFO  [17:43:22.761] [mlr3]  [LGCOMPBOOST] Completed fitting of restarted compboost model with optimizer nesterov 
INFO  [17:43:26.707] [mlr3]  [LGCOMPBOOST] iterations:'stop_cwb',NA,'stop_acwb',212,'stop_hcwb',4788 
INFO  [17:43:26.710] [mlr3]  [LGCOMPBOOST] risk_inbag:'risk_intercept',0.693145,'risk_cwb',NA,'risk_acwb',0.606734,'risk_hcwb',0.639176 
INFO  [17:43:26.712] [mlr3]  [LGCOMPBOOST] risk_oob:'risk_intercept_oob',0.692642,'risk_cwb_oob',NA,'risk_acwb_oob',0.607097,'risk_hcwb_oob',0.640089 
DEBUG [17:43:26.735] [mlr3]  Learner 'acc_hcwb' on task 'Task 189866: albert (Supervised Classification)' succeeded to fit a model {learner: <LearnerClassifCompboost/LearnerClassif/Learner/R6>, result: <list>, messages: }
DEBUG [17:43:26.752] [mlr3]  Skip subsetting of task 'Task 189866: albert (Supervised Classification)' 
DEBUG [17:43:26.773] [mlr3]  Calling train method of Learner 'acc_hcwb' on task 'Task 189866: albert (Supervised Classification)' with 340192 observations {learner: <LearnerClassifCompboost/LearnerClassif/Learner/R6>}
INFO  [17:43:27.353] [mlr3]  [LGCOMPBOOST] Running compboost with df 5.000000 and df_cat 3.000000 
   1/5000   risk = 0.69  oob_risk = 0.69   time = 3   
 125/5000   risk = 0.63  oob_risk = 0.63   time = 33950692   


Train 212 iterations in 58 Seconds.
Final risk based on the train set: 0.61

   1/4788   risk = 0.61  oob_risk = 0.61   time = 4   
 120/4788   risk = 0.61  oob_risk = 0.61   time = 17197459   
 240/4788   risk = 0.61  oob_risk = 0.61   time = 34336292   
 360/4788   risk = 0.61  oob_risk = 0.61   time = 51363171   
 480/4788   risk = 0.61  oob_risk = 0.61   time = 68245931   
 600/4788   risk = 0.62  oob_risk = 0.62   time = 85209704   
 720/4788   risk = 0.62  oob_risk = 0.62   time = 102353274   
 840/4788   risk = 0.62  oob_risk = 0.62   time = 119429281   
 960/4788   risk = 0.62  oob_risk = 0.62   time = 136460331   
1080/4788   risk = 0.62  oob_risk = 0.62   time = 153427686   
1200/4788   risk = 0.62  oob_risk = 0.62   time = 170560398   
1320/4788   risk = 0.62  oob_risk = 0.62   time = 187920716   
1440/4788   risk = 0.62  oob_risk = 0.62   time = 205581325   
1560/4788   risk = 0.63  oob_risk = 0.63   time = 223388369   
1680/4788   risk = 0.63  oob_risk = 0.63   time = 241020492   
1800/4788   risk = 0.63  oob_risk = 0.63   time = 258745585   
1920/4788   risk = 0.63  oob_risk = 0.63   time = 276619271   
2040/4788   risk = 0.63  oob_risk = 0.63   time = 294336478   
2160/4788   risk = 0.63  oob_risk = 0.63   time = 311875736   
2280/4788   risk = 0.63  oob_risk = 0.63   time = 328856157   
2400/4788   risk = 0.63  oob_risk = 0.63   time = 346082081   
2520/4788   risk = 0.63  oob_risk = 0.63   time = 363201356   
2640/4788   risk = 0.63  oob_risk = 0.63   time = 380432143   
2760/4788   risk = 0.63  oob_risk = 0.63   time = 397508170   
2880/4788   risk = 0.63  oob_risk = 0.63   time = 414414928   
3000/4788   risk = 0.63  oob_risk = 0.63   time = 431247741   
3120/4788   risk = 0.63  oob_risk = 0.63   time = 448258651   
3240/4788   risk = 0.63  oob_risk = 0.64   time = 465304087   
3360/4788   risk = 0.63  oob_risk = 0.64   time = 482349208   
3480/4788   risk = 0.64  oob_risk = 0.64   time = 499442231   
3600/4788   risk = 0.64  oob_risk = 0.64   time = 516323163   
3720/4788   risk = 0.64  oob_risk = 0.64   time = 533193150   
3840/4788   risk = 0.64  oob_risk = 0.64   time = 550004541   
3960/4788   risk = 0.64  oob_risk = 0.64   time = 566903024   
4080/4788   risk = 0.64  oob_risk = 0.64   time = 583875603   
4200/4788   risk = 0.64  oob_risk = 0.64   time = 600769916   
4320/4788   risk = 0.64  oob_risk = 0.64   time = 617715676   
4440/4788   risk = 0.64  oob_risk = 0.64   time = 634887887   
4560/4788   risk = 0.64  oob_risk = 0.64   time = 652308125   
4680/4788   risk = 0.64  oob_risk = 0.64   time = 669793974   


Train 4788 iterations in 685 Seconds.
Final risk based on the train set: 0.64

INFO  [17:56:09.921] [mlr3]  [LGCOMPBOOST] Completed fitting of restarted compboost model with optimizer nesterov 
INFO  [17:56:13.792] [mlr3]  [LGCOMPBOOST] iterations:'stop_cwb',NA,'stop_acwb',212,'stop_hcwb',4788 
INFO  [17:56:13.794] [mlr3]  [LGCOMPBOOST] risk_inbag:'risk_intercept',0.693145,'risk_cwb',NA,'risk_acwb',0.606734,'risk_hcwb',0.639176 
INFO  [17:56:13.795] [mlr3]  [LGCOMPBOOST] risk_oob:'risk_intercept_oob',0.692642,'risk_cwb_oob',NA,'risk_acwb_oob',0.607097,'risk_hcwb_oob',0.640089 
DEBUG [17:56:13.819] [mlr3]  Learner 'acc_hcwb' on task 'Task 189866: albert (Supervised Classification)' succeeded to fit a model {learner: <LearnerClassifCompboost/LearnerClassif/Learner/R6>, result: <list>, messages: }

### [bt]: Job terminated successfully [batchtools job.id=90]
### [bt]: Calculation finished!
