### [bt]: This is batchtools v0.9.15
### [bt]: Starting calculation of 1 jobs
### [bt]: Setting working directory to '/home/user/repos/cacb-batchtools/eq1'
[2021-07-28 12:06:26] Loading new learner
[2021-07-28 12:06:26] Loading tasks
[2021-07-28 12:06:28] Loading resampling
### [bt]: Memory measurement disabled
### [bt]: Starting job [batchtools job.id=66]
### [bt]: Generating problem instance for problem '189866-fold2' ...
### [bt]: Applying algorithm 'evaluate-learner' on problem '189866-fold2' for job 66 (seed = 31481) ...
DEBUG [12:06:33.442] [mlr3]  Skip subsetting of task 'Task 189866: albert (Supervised Classification)' 
DEBUG [12:06:33.446] [mlr3]  Calling train method of Learner 'bin_cwb_b' on task 'Task 189866: albert (Supervised Classification)' with 340192 observations {learner: <LearnerClassifCompboost/LearnerClassif/Learner/R6>}
   1/5000   risk = 0.69  riskauc = 0.64   time = 2   
 125/5000   risk = 0.63  riskauc = 0.71   time = 17506803   
 250/5000   risk = 0.63  riskauc = 0.72   time = 34182465   
 375/5000   risk = 0.63  riskauc = 0.72   time = 51392162   
 500/5000   risk = 0.64  riskauc = 0.72   time = 68295325   
 625/5000   risk = 0.64  riskauc = 0.73   time = 85237229   
 750/5000   risk = 0.64  riskauc = 0.73   time = 102665374   
 875/5000   risk = 0.64  riskauc = 0.73   time = 120051567   
1000/5000   risk = 0.64  riskauc = 0.73   time = 137145996   
1125/5000   risk = 0.64  riskauc = 0.73   time = 154249104   
1250/5000   risk = 0.65  riskauc = 0.73   time = 171409968   
1375/5000   risk = 0.65  riskauc = 0.73   time = 188502328   
1500/5000   risk = 0.65  riskauc = 0.73   time = 205610928   
1625/5000   risk = 0.65  riskauc = 0.73   time = 222714543   
1750/5000   risk = 0.65  riskauc = 0.73   time = 239877034   
1875/5000   risk = 0.65  riskauc = 0.73   time = 256988051   
2000/5000   risk = 0.65  riskauc = 0.73   time = 274123590   
2125/5000   risk = 0.65  riskauc = 0.73   time = 291283644   
2250/5000   risk = 0.65  riskauc = 0.73   time = 308466341   
2375/5000   risk = 0.65  riskauc = 0.73   time = 325561151   
2500/5000   risk = 0.65  riskauc = 0.73   time = 342885213   
2625/5000   risk = 0.65  riskauc = 0.73   time = 360183066   
2750/5000   risk = 0.65  riskauc = 0.73   time = 377221487   
2875/5000   risk = 0.65  riskauc = 0.73   time = 394426750   
3000/5000   risk = 0.65  riskauc = 0.73   time = 411496146   
3125/5000   risk = 0.65  riskauc = 0.73   time = 428732056   
3250/5000   risk = 0.65  riskauc = 0.73   time = 445994148   
3375/5000   risk = 0.65  riskauc = 0.73   time = 463457833   
3500/5000   risk = 0.65  riskauc = 0.73   time = 480667197   
3625/5000   risk = 0.65  riskauc = 0.73   time = 497705806   
3750/5000   risk = 0.65  riskauc = 0.73   time = 514689491   
3875/5000   risk = 0.65  riskauc = 0.73   time = 532057486   
4000/5000   risk = 0.65  riskauc = 0.73   time = 549627242   
4125/5000   risk = 0.65  riskauc = 0.73   time = 567347785   
4250/5000   risk = 0.65  riskauc = 0.73   time = 584738400   
4375/5000   risk = 0.65  riskauc = 0.73   time = 602036946   
4500/5000   risk = 0.65  riskauc = 0.73   time = 619320197   
4625/5000   risk = 0.65  riskauc = 0.73   time = 636203747   
4750/5000   risk = 0.65  riskauc = 0.73   time = 653515756   
4875/5000   risk = 0.65  riskauc = 0.73   time = 670776044   
5000/5000   risk = 0.65  riskauc = 0.73   time = 688002472   


Train 5000 iterations in 688 Seconds.
Final risk based on the train set: 0.65

DEBUG [12:18:09.305] [mlr3]  Learner 'bin_cwb_b' on task 'Task 189866: albert (Supervised Classification)' succeeded to fit a model {learner: <LearnerClassifCompboost/LearnerClassif/Learner/R6>, result: <list>, messages: }
DEBUG [12:18:09.323] [mlr3]  Skip subsetting of task 'Task 189866: albert (Supervised Classification)' 
DEBUG [12:18:09.326] [mlr3]  Calling train method of Learner 'bin_cwb_b' on task 'Task 189866: albert (Supervised Classification)' with 340192 observations {learner: <LearnerClassifCompboost/LearnerClassif/Learner/R6>}
   1/5000   risk = 0.69  time = 3   
 125/5000   risk = 0.63  time = 13502802   
 250/5000   risk = 0.63  time = 27557245   
 375/5000   risk = 0.63  time = 41651919   
 500/5000   risk = 0.64  time = 55646966   
 625/5000   risk = 0.64  time = 70170447   
 750/5000   risk = 0.64  time = 86600151   
 875/5000   risk = 0.64  time = 103142554   
1000/5000   risk = 0.64  time = 119774029   
1125/5000   risk = 0.64  time = 136470887   
1250/5000   risk = 0.65  time = 153249015   
1375/5000   risk = 0.65  time = 169993275   
1500/5000   risk = 0.65  time = 186748987   
1625/5000   risk = 0.65  time = 203400306   
1750/5000   risk = 0.65  time = 219266487   
1875/5000   risk = 0.65  time = 235189863   
2000/5000   risk = 0.65  time = 251063325   
2125/5000   risk = 0.65  time = 266965655   
2250/5000   risk = 0.65  time = 283054507   
2375/5000   risk = 0.65  time = 299083807   
2500/5000   risk = 0.65  time = 315107274   
2625/5000   risk = 0.65  time = 330978277   
2750/5000   risk = 0.65  time = 346999036   
2875/5000   risk = 0.65  time = 362300347   
3000/5000   risk = 0.65  time = 377658264   
3125/5000   risk = 0.65  time = 392974862   
3250/5000   risk = 0.65  time = 408316089   
3375/5000   risk = 0.65  time = 423791887   
3500/5000   risk = 0.65  time = 439269785   
3625/5000   risk = 0.65  time = 454617394   
3750/5000   risk = 0.65  time = 470110661   
3875/5000   risk = 0.65  time = 485533055   
4000/5000   risk = 0.65  time = 500976442   
4125/5000   risk = 0.65  time = 516015816   
4250/5000   risk = 0.65  time = 531211538   
4375/5000   risk = 0.65  time = 547464255   
4500/5000   risk = 0.65  time = 564012818   
4625/5000   risk = 0.65  time = 580057388   
4750/5000   risk = 0.65  time = 594040328   
4875/5000   risk = 0.65  time = 608143490   
5000/5000   risk = 0.65  time = 622129038   


Train 5000 iterations in 622 Seconds.
Final risk based on the train set: 0.65

DEBUG [12:28:38.520] [mlr3]  Learner 'bin_cwb_b' on task 'Task 189866: albert (Supervised Classification)' succeeded to fit a model {learner: <LearnerClassifCompboost/LearnerClassif/Learner/R6>, result: <list>, messages: }

### [bt]: Job terminated successfully [batchtools job.id=66]
### [bt]: Calculation finished!
