### [bt]: This is batchtools v0.9.15
### [bt]: Starting calculation of 1 jobs
### [bt]: Setting working directory to '/home/user/repos/cacb-batchtools/eq1'
[2021-07-27 19:59:21] Loading new learner
[2021-07-27 19:59:21] Loading tasks
[2021-07-27 19:59:24] Loading resampling
### [bt]: Memory measurement disabled
### [bt]: Starting job [batchtools job.id=22]
### [bt]: Generating problem instance for problem '7592-fold1' ...
### [bt]: Applying algorithm 'evaluate-learner' on problem '7592-fold1' for job 22 (seed = 31437) ...
DEBUG [19:59:24.982] [mlr3]  Skip subsetting of task 'Task 7592: adult (Supervised Classification)' 
DEBUG [19:59:24.985] [mlr3]  Calling train method of Learner 'bin_cwb_b' on task 'Task 7592: adult (Supervised Classification)' with 39073 observations {learner: <LearnerClassifCompboost/LearnerClassif/Learner/R6>}
Warning in get_private(learner)$.train(task) :
  Number of cores 30 exceeds number of features 14. The number of cores are set to 14!
   1/5000   risk = 0.54  riskauc = 0.79   time = 2   
 125/5000   risk = 0.35  riskauc = 0.9   time = 2031488   
 250/5000   risk = 0.34  riskauc = 0.91   time = 3216185   
 375/5000   risk = 0.34  riskauc = 0.91   time = 4389921   
 500/5000   risk = 0.35  riskauc = 0.91   time = 5557959   
 625/5000   risk = 0.35  riskauc = 0.91   time = 6553518   
 750/5000   risk = 0.35  riskauc = 0.91   time = 7441297   
 875/5000   risk = 0.35  riskauc = 0.91   time = 8351161   
1000/5000   risk = 0.35  riskauc = 0.91   time = 9259934   
1125/5000   risk = 0.35  riskauc = 0.91   time = 10318937   
1250/5000   risk = 0.35  riskauc = 0.91   time = 11536750   
1375/5000   risk = 0.35  riskauc = 0.91   time = 12631840   
1500/5000   risk = 0.35  riskauc = 0.91   time = 13721070   
1625/5000   risk = 0.36  riskauc = 0.91   time = 14807866   
1750/5000   risk = 0.36  riskauc = 0.91   time = 15867168   
1875/5000   risk = 0.36  riskauc = 0.91   time = 16944537   
2000/5000   risk = 0.36  riskauc = 0.91   time = 17904028   
2125/5000   risk = 0.36  riskauc = 0.91   time = 18910915   
2250/5000   risk = 0.36  riskauc = 0.91   time = 20019653   
2375/5000   risk = 0.36  riskauc = 0.91   time = 20978357   
2500/5000   risk = 0.36  riskauc = 0.91   time = 21983402   
2625/5000   risk = 0.36  riskauc = 0.91   time = 22953865   
2750/5000   risk = 0.36  riskauc = 0.91   time = 23940346   
2875/5000   risk = 0.36  riskauc = 0.91   time = 24904518   
3000/5000   risk = 0.36  riskauc = 0.91   time = 25853217   
3125/5000   risk = 0.36  riskauc = 0.91   time = 26802261   
3250/5000   risk = 0.36  riskauc = 0.91   time = 28095442   
3375/5000   risk = 0.36  riskauc = 0.91   time = 29170441   
3500/5000   risk = 0.36  riskauc = 0.91   time = 30256027   
3625/5000   risk = 0.36  riskauc = 0.91   time = 31280433   
3750/5000   risk = 0.36  riskauc = 0.91   time = 32244150   
3875/5000   risk = 0.36  riskauc = 0.91   time = 33209443   
4000/5000   risk = 0.36  riskauc = 0.91   time = 34137760   
4125/5000   risk = 0.36  riskauc = 0.91   time = 35070778   
4250/5000   risk = 0.36  riskauc = 0.91   time = 36115062   
4375/5000   risk = 0.36  riskauc = 0.91   time = 37083868   
4500/5000   risk = 0.36  riskauc = 0.91   time = 38019276   
4625/5000   risk = 0.36  riskauc = 0.91   time = 38961114   
4750/5000   risk = 0.36  riskauc = 0.91   time = 39889646   
4875/5000   risk = 0.36  riskauc = 0.91   time = 40816462   
5000/5000   risk = 0.36  riskauc = 0.91   time = 41766604   


Train 5000 iterations in 41 Seconds.
Final risk based on the train set: 0.36

DEBUG [20:00:09.596] [mlr3]  Learner 'bin_cwb_b' on task 'Task 7592: adult (Supervised Classification)' succeeded to fit a model {learner: <LearnerClassifCompboost/LearnerClassif/Learner/R6>, result: <list>, messages: }
DEBUG [20:00:09.611] [mlr3]  Skip subsetting of task 'Task 7592: adult (Supervised Classification)' 
DEBUG [20:00:09.615] [mlr3]  Calling train method of Learner 'bin_cwb_b' on task 'Task 7592: adult (Supervised Classification)' with 39073 observations {learner: <LearnerClassifCompboost/LearnerClassif/Learner/R6>}
Warning in get_private(learner)$.train(task) :
  Number of cores 30 exceeds number of features 14. The number of cores are set to 14!
   1/5000   risk = 0.54  time = 2   
 125/5000   risk = 0.35  time = 321143   
 250/5000   risk = 0.34  time = 653738   
 375/5000   risk = 0.34  time = 985756   
 500/5000   risk = 0.35  time = 1329212   
 625/5000   risk = 0.35  time = 1684141   
 750/5000   risk = 0.35  time = 2031947   
 875/5000   risk = 0.35  time = 2371883   
1000/5000   risk = 0.35  time = 2735930   
1125/5000   risk = 0.35  time = 3092838   
1250/5000   risk = 0.35  time = 3447182   
1375/5000   risk = 0.35  time = 3811503   
1500/5000   risk = 0.35  time = 4181764   
1625/5000   risk = 0.36  time = 4597699   
1750/5000   risk = 0.36  time = 5137234   
1875/5000   risk = 0.36  time = 5639366   
2000/5000   risk = 0.36  time = 6134412   
2125/5000   risk = 0.36  time = 6643144   
2250/5000   risk = 0.36  time = 7188199   
2375/5000   risk = 0.36  time = 7735555   
2500/5000   risk = 0.36  time = 8271283   
2625/5000   risk = 0.36  time = 8826039   
2750/5000   risk = 0.36  time = 9400058   
2875/5000   risk = 0.36  time = 9954922   
3000/5000   risk = 0.36  time = 10502486   
3125/5000   risk = 0.36  time = 11043665   
3250/5000   risk = 0.36  time = 11637508   
3375/5000   risk = 0.36  time = 12216267   
3500/5000   risk = 0.36  time = 12797839   
3625/5000   risk = 0.36  time = 13396672   
3750/5000   risk = 0.36  time = 13970965   
3875/5000   risk = 0.36  time = 14529558   
4000/5000   risk = 0.36  time = 15093231   
4125/5000   risk = 0.36  time = 15640625   
4250/5000   risk = 0.36  time = 16164631   
4375/5000   risk = 0.36  time = 16687174   
4500/5000   risk = 0.36  time = 17256558   
4625/5000   risk = 0.36  time = 17842850   
4750/5000   risk = 0.36  time = 18426264   
4875/5000   risk = 0.36  time = 19025863   
5000/5000   risk = 0.36  time = 19628932   


Train 5000 iterations in 19 Seconds.
Final risk based on the train set: 0.36

DEBUG [20:00:31.630] [mlr3]  Learner 'bin_cwb_b' on task 'Task 7592: adult (Supervised Classification)' succeeded to fit a model {learner: <LearnerClassifCompboost/LearnerClassif/Learner/R6>, result: <list>, messages: }

### [bt]: Job terminated successfully [batchtools job.id=22]
### [bt]: Calculation finished!
