### [bt]: This is batchtools v0.9.15
### [bt]: Starting calculation of 1 jobs
### [bt]: Setting working directory to '/home/user/repos/cacb-batchtools/eq1'
Loading required package: data.table
Loading required package: R6
Loading required package: mlr3
Loading required package: mlr3learners
Loading required package: mlr3extralearners

Attaching package: ‘mlr3extralearners’

The following objects are masked from ‘package:mlr3’:

    lrn, lrns

Loading required package: mlr3pipelines
Loading required package: mlr3tuning
Loading required package: paradox
Loading required package: compboost
[2021-08-02 14:40:50] Loading new learner LearnerClassifCWB
[2021-08-02 14:40:50] Loading new learner LearnerClassifHCWB
[2021-08-02 14:40:50] Loading new learner
[2021-08-02 14:40:50] Loading tasks
[2021-08-02 14:40:53] Loading resampling
### [bt]: Memory measurement disabled
### [bt]: Starting job [batchtools job.id=98]
### [bt]: Generating problem instance for problem '189866-fold5' ...
### [bt]: Applying algorithm 'evaluate-learner' on problem '189866-fold5' for job 98 (seed = 31513) ...
DEBUG [14:40:59.240] [mlr3]  Skip subsetting of task 'Task 189866: albert (Supervised Classification)' 
DEBUG [14:40:59.334] [mlr3]  Calling train method of Learner 'acc_acwb' on task 'Task 189866: albert (Supervised Classification)' with 340192 observations {learner: <LearnerClassifCWB/LearnerClassif/Learner/R6>}
   1/5000   risk = 0.69  oob_risk = 0.69   test_auc = 0.36   time = 3   val_auc = 0.36   
 125/5000   risk = 0.62  oob_risk = 0.62   test_auc = 0.28   time = 33975841   val_auc = 0.28   
 250/5000   risk = 0.62  oob_risk = 0.62   test_auc = 0.27   time = 69022140   val_auc = 0.27   
 375/5000   risk = 0.65  oob_risk = 0.66   test_auc = 0.27   time = 105559654   val_auc = 0.27   
 500/5000   risk = 0.67  oob_risk = 0.68   test_auc = 0.27   time = 143015681   val_auc = 0.27   
 625/5000   risk = 0.67  oob_risk = 0.68   test_auc = 0.27   time = 179919345   val_auc = 0.27   
 750/5000   risk = 0.66  oob_risk = 0.67   test_auc = 0.27   time = 216301439   val_auc = 0.27   
 875/5000   risk = 0.66  oob_risk = 0.67   test_auc = 0.27   time = 252856843   val_auc = 0.27   
1000/5000   risk = 0.66  oob_risk = 0.67   test_auc = 0.27   time = 290452103   val_auc = 0.27   
1125/5000   risk = 0.67  oob_risk = 0.68   test_auc = 0.27   time = 324522847   val_auc = 0.27   
1250/5000   risk = 0.68  oob_risk = 0.69   test_auc = 0.27   time = 359492070   val_auc = 0.27   
1375/5000   risk = 0.68  oob_risk = 0.69   test_auc = 0.27   time = 396197392   val_auc = 0.27   
1500/5000   risk = 0.69  oob_risk = 0.7   test_auc = 0.27   time = 433966684   val_auc = 0.27   
1625/5000   risk = 0.7  oob_risk = 0.7   test_auc = 0.27   time = 470848563   val_auc = 0.27   
1750/5000   risk = 0.72  oob_risk = 0.72   test_auc = 0.28   time = 506383075   val_auc = 0.28   
1875/5000   risk = 0.75  oob_risk = 0.76   test_auc = 0.29   time = 541376338   val_auc = 0.29   
2000/5000   risk = 0.78  oob_risk = 0.8   test_auc = 0.3   time = 577137861   val_auc = 0.3   
2125/5000   risk = 0.85  oob_risk = 0.85   test_auc = 0.3   time = 611136567   val_auc = 0.3   
2250/5000   risk = 0.93  oob_risk = 0.93   test_auc = 0.31   time = 644653966   val_auc = 0.31   
2375/5000   risk = 1  oob_risk = 1   test_auc = 0.32   time = 677854061   val_auc = 0.32   
2500/5000   risk = 1.1  oob_risk = 1.2   test_auc = 0.34   time = 713009518   val_auc = 0.34   
2625/5000   risk = 1.3  oob_risk = 1.3   test_auc = 0.35   time = 747417932   val_auc = 0.35   
2750/5000   risk = 1.5  oob_risk = 1.5   test_auc = 0.36   time = 781459650   val_auc = 0.36   
2875/5000   risk = 1.8  oob_risk = 1.8   test_auc = 0.37   time = 816023927   val_auc = 0.37   
3000/5000   risk = 2  oob_risk = 2   test_auc = 0.36   time = 852486593   val_auc = 0.37   
3125/5000   risk = 2.3  oob_risk = 2.4   test_auc = 0.36   time = 887748085   val_auc = 0.37   
3250/5000   risk = 2.9  oob_risk = 3   test_auc = 0.38   time = 923626058   val_auc = 0.38   
3375/5000   risk = 3.2  oob_risk = 3.4   test_auc = 0.38   time = 961335536   val_auc = 0.37   
3500/5000   risk = 3.2  oob_risk = 3.3   test_auc = 0.37   time = 998827337   val_auc = 0.37   
3625/5000   risk = 3.4  oob_risk = 3.5   test_auc = 0.37   time = 1036644538   val_auc = 0.37   
3750/5000   risk = 4.2  oob_risk = 4.1   test_auc = 0.39   time = 1073868325   val_auc = 0.39   
3875/5000   risk = 5.1  oob_risk = 5   test_auc = 0.4   time = 1108902256   val_auc = 0.4   
4000/5000   risk = 5.5  oob_risk = 5.5   test_auc = 0.41   time = 1145812603   val_auc = 0.4   
4125/5000   risk = 5.4  oob_risk = 5.4   test_auc = 0.39   time = 1182667657   val_auc = 0.39   
4250/5000   risk = 5.5  oob_risk = 5.6   test_auc = 0.38   time = 1217941534   val_auc = 0.38   
4375/5000   risk = 6.2  oob_risk = 6.5   test_auc = 0.38   time = 1252203973   val_auc = 0.38   
4500/5000   risk = 7.2  oob_risk = 7.5   test_auc = 0.39   time = 1285184782   val_auc = 0.38   
4625/5000   risk = 7.9  oob_risk = 8.1   test_auc = 0.38   time = 1319587054   val_auc = 0.38   
4750/5000   risk = 8  oob_risk = 8.2   test_auc = 0.38   time = 1356839099   val_auc = 0.37   
4875/5000   risk = 7.8  oob_risk = 7.9   test_auc = 0.37   time = 1391094602   val_auc = 0.37   
5000/5000   risk = 7.8  oob_risk = 7.8   test_auc = 0.36   time = 1425283781   val_auc = 0.36   


Train 5000 iterations in 1427 Seconds.
Final risk based on the train set: 7.8

DEBUG [15:05:21.623] [mlr3]  Learner 'acc_acwb' on task 'Task 189866: albert (Supervised Classification)' succeeded to fit a model {learner: <LearnerClassifCWB/LearnerClassif/Learner/R6>, result: <list>, messages: }

### [bt]: Job terminated successfully [batchtools job.id=98]
### [bt]: Calculation finished!
