### [bt]: This is batchtools v0.9.15
### [bt]: Starting calculation of 1 jobs
### [bt]: Setting working directory to '/home/user/repos/cacb-batchtools/eq1'
[2021-07-27 20:06:11] Loading new learner
[2021-07-27 20:06:11] Loading tasks
[2021-07-27 20:06:14] Loading resampling
### [bt]: Memory measurement disabled
### [bt]: Starting job [batchtools job.id=25]
### [bt]: Generating problem instance for problem '7592-fold2' ...
### [bt]: Applying algorithm 'evaluate-learner' on problem '7592-fold2' for job 25 (seed = 31440) ...
DEBUG [20:06:15.085] [mlr3]  Skip subsetting of task 'Task 7592: adult (Supervised Classification)' 
DEBUG [20:06:15.088] [mlr3]  Calling train method of Learner 'bin_cwb_nb' on task 'Task 7592: adult (Supervised Classification)' with 39073 observations {learner: <LearnerClassifCompboost/LearnerClassif/Learner/R6>}
Warning in get_private(learner)$.train(task) :
  Number of cores 30 exceeds number of features 14. The number of cores are set to 14!
   1/5000   risk = 0.54  riskauc = 0.77   time = 3   
 125/5000   risk = 0.35  riskauc = 0.9   time = 2553933   
 250/5000   risk = 0.34  riskauc = 0.9   time = 4757490   
 375/5000   risk = 0.34  riskauc = 0.91   time = 6469785   
 500/5000   risk = 0.34  riskauc = 0.91   time = 8192586   
 625/5000   risk = 0.35  riskauc = 0.91   time = 9958979   
 750/5000   risk = 0.35  riskauc = 0.91   time = 11659571   
 875/5000   risk = 0.35  riskauc = 0.91   time = 13315527   
1000/5000   risk = 0.35  riskauc = 0.91   time = 15060666   
1125/5000   risk = 0.35  riskauc = 0.91   time = 16760389   
1250/5000   risk = 0.35  riskauc = 0.91   time = 18214815   
1375/5000   risk = 0.35  riskauc = 0.91   time = 19646802   
1500/5000   risk = 0.35  riskauc = 0.91   time = 21108249   
1625/5000   risk = 0.35  riskauc = 0.91   time = 22880057   
1750/5000   risk = 0.35  riskauc = 0.91   time = 24250920   
1875/5000   risk = 0.35  riskauc = 0.91   time = 25646990   
2000/5000   risk = 0.35  riskauc = 0.91   time = 27169374   
2125/5000   risk = 0.35  riskauc = 0.91   time = 28781980   
2250/5000   risk = 0.35  riskauc = 0.91   time = 30540741   
2375/5000   risk = 0.35  riskauc = 0.91   time = 32135438   
2500/5000   risk = 0.36  riskauc = 0.91   time = 33660440   
2625/5000   risk = 0.36  riskauc = 0.91   time = 35126628   
2750/5000   risk = 0.36  riskauc = 0.91   time = 36603574   
2875/5000   risk = 0.36  riskauc = 0.91   time = 38185175   
3000/5000   risk = 0.36  riskauc = 0.91   time = 40153414   
3125/5000   risk = 0.36  riskauc = 0.91   time = 41976152   
3250/5000   risk = 0.36  riskauc = 0.91   time = 43779814   
3375/5000   risk = 0.36  riskauc = 0.91   time = 45569700   
3500/5000   risk = 0.36  riskauc = 0.91   time = 47387062   
3625/5000   risk = 0.36  riskauc = 0.91   time = 49168239   
3750/5000   risk = 0.36  riskauc = 0.91   time = 50961774   
3875/5000   risk = 0.36  riskauc = 0.91   time = 52685984   
4000/5000   risk = 0.36  riskauc = 0.91   time = 54283788   
4125/5000   risk = 0.36  riskauc = 0.91   time = 56126912   
4250/5000   risk = 0.36  riskauc = 0.91   time = 58088208   
4375/5000   risk = 0.36  riskauc = 0.91   time = 59663543   
4500/5000   risk = 0.36  riskauc = 0.91   time = 61194261   
4625/5000   risk = 0.36  riskauc = 0.91   time = 62712876   
4750/5000   risk = 0.36  riskauc = 0.91   time = 64539871   
4875/5000   risk = 0.36  riskauc = 0.91   time = 66452327   
5000/5000   risk = 0.36  riskauc = 0.91   time = 68504200   


Train 5000 iterations in 68 Seconds.
Final risk based on the train set: 0.36

DEBUG [20:07:26.378] [mlr3]  Learner 'bin_cwb_nb' on task 'Task 7592: adult (Supervised Classification)' succeeded to fit a model {learner: <LearnerClassifCompboost/LearnerClassif/Learner/R6>, result: <list>, messages: }
DEBUG [20:07:26.390] [mlr3]  Skip subsetting of task 'Task 7592: adult (Supervised Classification)' 
DEBUG [20:07:26.393] [mlr3]  Calling train method of Learner 'bin_cwb_nb' on task 'Task 7592: adult (Supervised Classification)' with 39073 observations {learner: <LearnerClassifCompboost/LearnerClassif/Learner/R6>}
Warning in get_private(learner)$.train(task) :
  Number of cores 30 exceeds number of features 14. The number of cores are set to 14!
   1/5000   risk = 0.54  time = 2   
 125/5000   risk = 0.35  time = 889367   
 250/5000   risk = 0.34  time = 1674837   
 375/5000   risk = 0.34  time = 2454552   
 500/5000   risk = 0.34  time = 3257617   
 625/5000   risk = 0.35  time = 4065232   
 750/5000   risk = 0.35  time = 4861486   
 875/5000   risk = 0.35  time = 5687409   
1000/5000   risk = 0.35  time = 6512238   
1125/5000   risk = 0.35  time = 7306488   
1250/5000   risk = 0.35  time = 8112881   
1375/5000   risk = 0.35  time = 8918706   
1500/5000   risk = 0.35  time = 9728863   
1625/5000   risk = 0.35  time = 10538377   
1750/5000   risk = 0.35  time = 11354371   
1875/5000   risk = 0.35  time = 12183399   
2000/5000   risk = 0.35  time = 12993243   
2125/5000   risk = 0.35  time = 13796780   
2250/5000   risk = 0.35  time = 14610946   
2375/5000   risk = 0.35  time = 15414558   
2500/5000   risk = 0.36  time = 16231967   
2625/5000   risk = 0.36  time = 17021651   
2750/5000   risk = 0.36  time = 17835008   
2875/5000   risk = 0.36  time = 18671410   
3000/5000   risk = 0.36  time = 19492999   
3125/5000   risk = 0.36  time = 20319520   
3250/5000   risk = 0.36  time = 21130526   
3375/5000   risk = 0.36  time = 21967959   
3500/5000   risk = 0.36  time = 22792068   
3625/5000   risk = 0.36  time = 23601661   
3750/5000   risk = 0.36  time = 24415479   
3875/5000   risk = 0.36  time = 25234563   
4000/5000   risk = 0.36  time = 26047370   
4125/5000   risk = 0.36  time = 26871870   
4250/5000   risk = 0.36  time = 27702086   
4375/5000   risk = 0.36  time = 28531839   
4500/5000   risk = 0.36  time = 29369543   
4625/5000   risk = 0.36  time = 30206952   
4750/5000   risk = 0.36  time = 31059813   
4875/5000   risk = 0.36  time = 31908239   
5000/5000   risk = 0.36  time = 32764935   


Train 5000 iterations in 32 Seconds.
Final risk based on the train set: 0.36

DEBUG [20:08:01.717] [mlr3]  Learner 'bin_cwb_nb' on task 'Task 7592: adult (Supervised Classification)' succeeded to fit a model {learner: <LearnerClassifCompboost/LearnerClassif/Learner/R6>, result: <list>, messages: }

### [bt]: Job terminated successfully [batchtools job.id=25]
### [bt]: Calculation finished!
