### [bt]: This is batchtools v0.9.15
### [bt]: Starting calculation of 1 jobs
### [bt]: Setting working directory to '/home/user/repos/cacb-batchtools/eq1'
Loading required package: data.table
Loading required package: R6
Loading required package: mlr3
Loading required package: mlr3learners
Loading required package: mlr3extralearners

Attaching package: ‘mlr3extralearners’

The following objects are masked from ‘package:mlr3’:

    lrn, lrns

Loading required package: mlr3pipelines
Loading required package: mlr3tuning
Loading required package: paradox
Loading required package: compboost
[2021-08-03 22:58:30] Loading new learner LearnerClassifCWB
[2021-08-03 22:58:30] Loading new learner LearnerClassifHCWB
[2021-08-03 22:58:30] Loading new learner
[2021-08-03 22:58:30] Loading tasks
[2021-08-03 22:58:34] Loading resampling
### [bt]: Memory measurement disabled
### [bt]: Starting job [batchtools job.id=178]
### [bt]: Generating problem instance for problem '9977-fold5' ...
### [bt]: Applying algorithm 'evaluate-learner' on problem '9977-fold5' for job 178 (seed = 31593) ...
DEBUG [22:58:35.606] [mlr3]  Skip subsetting of task 'Task 9977: nomao (Supervised Classification)' 
DEBUG [22:58:35.699] [mlr3]  Calling train method of Learner 'hcwb' on task 'Task 9977: nomao (Supervised Classification)' with 27573 observations {learner: <LearnerClassifHCWB/LearnerClassif/Learner/R6>}
Error in new_CppObject_xp(fields$.module, fields$.pointer, ...) : 
  chol(): decomposition failed

### [bt]: Job terminated with an exception [batchtools job.id=178]
### [bt]: Calculation finished!
