### [bt]: This is batchtools v0.9.15
### [bt]: Starting calculation of 1 jobs
### [bt]: Setting working directory to '/home/user/repos/cacb-batchtools/eq1'
[2021-07-28 00:45:04] Loading new learner
[2021-07-28 00:45:04] Loading tasks
[2021-07-28 00:45:07] Loading resampling
### [bt]: Memory measurement disabled
### [bt]: Starting job [batchtools job.id=61]
### [bt]: Generating problem instance for problem '189866-fold1' ...
### [bt]: Applying algorithm 'evaluate-learner' on problem '189866-fold1' for job 61 (seed = 31476) ...
DEBUG [00:45:11.725] [mlr3]  Skip subsetting of task 'Task 189866: albert (Supervised Classification)' 
DEBUG [00:45:11.728] [mlr3]  Calling train method of Learner 'bin_cwb_nb' on task 'Task 189866: albert (Supervised Classification)' with 340192 observations {learner: <LearnerClassifCompboost/LearnerClassif/Learner/R6>}
   1/5000   risk = 0.69  riskauc = 0.64   time = 3   
 125/5000   risk = 0.63  riskauc = 0.71   time = 29662769   
 250/5000   risk = 0.63  riskauc = 0.72   time = 58629360   
 375/5000   risk = 0.63  riskauc = 0.72   time = 88877227   
 500/5000   risk = 0.64  riskauc = 0.73   time = 119030364   
 625/5000   risk = 0.64  riskauc = 0.73   time = 148588341   
 750/5000   risk = 0.64  riskauc = 0.73   time = 178908985   
 875/5000   risk = 0.64  riskauc = 0.73   time = 208655891   
1000/5000   risk = 0.64  riskauc = 0.73   time = 237885853   
1125/5000   risk = 0.64  riskauc = 0.73   time = 267072901   
1250/5000   risk = 0.65  riskauc = 0.73   time = 296225571   
1375/5000   risk = 0.65  riskauc = 0.73   time = 324929791   
1500/5000   risk = 0.65  riskauc = 0.73   time = 353791449   
1625/5000   risk = 0.65  riskauc = 0.73   time = 382742980   
1750/5000   risk = 0.65  riskauc = 0.73   time = 411682873   
1875/5000   risk = 0.65  riskauc = 0.73   time = 440110802   
2000/5000   risk = 0.65  riskauc = 0.73   time = 468971025   
2125/5000   risk = 0.65  riskauc = 0.73   time = 497498816   
2250/5000   risk = 0.65  riskauc = 0.73   time = 525930350   
2375/5000   risk = 0.65  riskauc = 0.73   time = 553061345   
2500/5000   risk = 0.65  riskauc = 0.73   time = 580678882   
2625/5000   risk = 0.65  riskauc = 0.73   time = 607877380   
2750/5000   risk = 0.65  riskauc = 0.73   time = 635115249   
2875/5000   risk = 0.65  riskauc = 0.73   time = 661958288   
3000/5000   risk = 0.65  riskauc = 0.73   time = 688940590   
3125/5000   risk = 0.65  riskauc = 0.73   time = 715894754   
3250/5000   risk = 0.65  riskauc = 0.73   time = 742703477   
3375/5000   risk = 0.65  riskauc = 0.73   time = 769262756   
3500/5000   risk = 0.65  riskauc = 0.73   time = 796202235   
3625/5000   risk = 0.65  riskauc = 0.73   time = 823194995   
3750/5000   risk = 0.65  riskauc = 0.73   time = 849449180   
3875/5000   risk = 0.65  riskauc = 0.73   time = 876165615   
4000/5000   risk = 0.65  riskauc = 0.73   time = 902724671   
4125/5000   risk = 0.65  riskauc = 0.73   time = 929776068   
4250/5000   risk = 0.65  riskauc = 0.73   time = 956666408   
4375/5000   risk = 0.65  riskauc = 0.73   time = 983209251   
4500/5000   risk = 0.65  riskauc = 0.73   time = 1010111312   
4625/5000   risk = 0.65  riskauc = 0.73   time = 1036905043   
4750/5000   risk = 0.65  riskauc = 0.73   time = 1063587388   
4875/5000   risk = 0.65  riskauc = 0.73   time = 1090361845   
5000/5000   risk = 0.65  riskauc = 0.73   time = 1117442698   


Train 5000 iterations in 1117 Seconds.
Final risk based on the train set: 0.65

DEBUG [01:04:04.880] [mlr3]  Learner 'bin_cwb_nb' on task 'Task 189866: albert (Supervised Classification)' succeeded to fit a model {learner: <LearnerClassifCompboost/LearnerClassif/Learner/R6>, result: <list>, messages: }
DEBUG [01:04:04.899] [mlr3]  Skip subsetting of task 'Task 189866: albert (Supervised Classification)' 
DEBUG [01:04:04.902] [mlr3]  Calling train method of Learner 'bin_cwb_nb' on task 'Task 189866: albert (Supervised Classification)' with 340192 observations {learner: <LearnerClassifCompboost/LearnerClassif/Learner/R6>}
