### [bt]: This is batchtools v0.9.15
### [bt]: Starting calculation of 1 jobs
### [bt]: Setting working directory to '/home/user/repos/cacb-batchtools/eq1'
[2021-07-27 22:14:57] Loading new learner
[2021-07-27 22:14:57] Loading tasks
[2021-07-27 22:14:59] Loading resampling
### [bt]: Memory measurement disabled
### [bt]: Starting job [batchtools job.id=49]
### [bt]: Generating problem instance for problem '168335-fold3' ...
### [bt]: Applying algorithm 'evaluate-learner' on problem '168335-fold3' for job 49 (seed = 31464) ...
DEBUG [22:15:02.020] [mlr3]  Skip subsetting of task 'Task 168335: MiniBooNE (Supervised Classification)' 
DEBUG [22:15:02.023] [mlr3]  Calling train method of Learner 'bin_cwb_nb' on task 'Task 168335: MiniBooNE (Supervised Classification)' with 104051 observations {learner: <LearnerClassifCompboost/LearnerClassif/Learner/R6>}
   1/5000   risk = 0.56  riskauc = 0.85   time = 3   
 125/5000   risk = 0.26  riskauc = 0.95   time = 8869583   
 250/5000   risk = 0.24  riskauc = 0.96   time = 17633928   
 375/5000   risk = 0.23  riskauc = 0.96   time = 26477365   
 500/5000   risk = 0.23  riskauc = 0.97   time = 35093996   
 625/5000   risk = 0.22  riskauc = 0.97   time = 43363133   
 750/5000   risk = 0.22  riskauc = 0.97   time = 51544195   
 875/5000   risk = 0.22  riskauc = 0.97   time = 60078493   
1000/5000   risk = 0.22  riskauc = 0.97   time = 68350407   
1125/5000   risk = 0.22  riskauc = 0.97   time = 76452800   
1250/5000   risk = 0.22  riskauc = 0.97   time = 84447875   
1375/5000   risk = 0.22  riskauc = 0.97   time = 92900873   
1500/5000   risk = 0.22  riskauc = 0.97   time = 101063496   
1625/5000   risk = 0.22  riskauc = 0.97   time = 108955005   
1750/5000   risk = 0.22  riskauc = 0.97   time = 116885392   
1875/5000   risk = 0.22  riskauc = 0.97   time = 125213642   
2000/5000   risk = 0.22  riskauc = 0.97   time = 133419821   
2125/5000   risk = 0.22  riskauc = 0.97   time = 141629907   
2250/5000   risk = 0.22  riskauc = 0.97   time = 149689045   
2375/5000   risk = 0.22  riskauc = 0.97   time = 158090154   
2500/5000   risk = 0.22  riskauc = 0.97   time = 166331881   
2625/5000   risk = 0.22  riskauc = 0.97   time = 174839327   
2750/5000   risk = 0.22  riskauc = 0.97   time = 183037505   
2875/5000   risk = 0.22  riskauc = 0.97   time = 191528713   
3000/5000   risk = 0.22  riskauc = 0.97   time = 199613203   
3125/5000   risk = 0.22  riskauc = 0.97   time = 207754009   
3250/5000   risk = 0.22  riskauc = 0.97   time = 216002763   
3375/5000   risk = 0.22  riskauc = 0.97   time = 224141605   
3500/5000   risk = 0.22  riskauc = 0.97   time = 232477477   
3625/5000   risk = 0.22  riskauc = 0.97   time = 240778749   
3750/5000   risk = 0.22  riskauc = 0.97   time = 248935391   
3875/5000   risk = 0.22  riskauc = 0.97   time = 256825558   
4000/5000   risk = 0.22  riskauc = 0.97   time = 265320023   
4125/5000   risk = 0.22  riskauc = 0.97   time = 273545922   
4250/5000   risk = 0.22  riskauc = 0.97   time = 281830920   
4375/5000   risk = 0.22  riskauc = 0.97   time = 289889062   
4500/5000   risk = 0.22  riskauc = 0.97   time = 298100782   
4625/5000   risk = 0.22  riskauc = 0.97   time = 306287309   
4750/5000   risk = 0.22  riskauc = 0.97   time = 314566152   
4875/5000   risk = 0.22  riskauc = 0.97   time = 322780148   
5000/5000   risk = 0.22  riskauc = 0.97   time = 331223086   


Train 5000 iterations in 331 Seconds.
Final risk based on the train set: 0.22

DEBUG [22:20:40.086] [mlr3]  Learner 'bin_cwb_nb' on task 'Task 168335: MiniBooNE (Supervised Classification)' succeeded to fit a model {learner: <LearnerClassifCompboost/LearnerClassif/Learner/R6>, result: <list>, messages: }
DEBUG [22:20:40.098] [mlr3]  Skip subsetting of task 'Task 168335: MiniBooNE (Supervised Classification)' 
DEBUG [22:20:40.102] [mlr3]  Calling train method of Learner 'bin_cwb_nb' on task 'Task 168335: MiniBooNE (Supervised Classification)' with 104051 observations {learner: <LearnerClassifCompboost/LearnerClassif/Learner/R6>}
   1/5000   risk = 0.56  time = 3   
 125/5000   risk = 0.26  time = 7364747   
 250/5000   risk = 0.24  time = 14538204   
 375/5000   risk = 0.23  time = 21535001   
 500/5000   risk = 0.23  time = 28924804   
 625/5000   risk = 0.22  time = 36428225   
 750/5000   risk = 0.22  time = 44195349   
 875/5000   risk = 0.22  time = 51759737   
1000/5000   risk = 0.22  time = 59537961   
1125/5000   risk = 0.22  time = 67672411   
1250/5000   risk = 0.22  time = 75731024   
1375/5000   risk = 0.22  time = 83915145   
1500/5000   risk = 0.22  time = 92061999   
1625/5000   risk = 0.22  time = 100247713   
1750/5000   risk = 0.22  time = 108371354   
1875/5000   risk = 0.22  time = 116588859   
2000/5000   risk = 0.22  time = 124540798   
2125/5000   risk = 0.22  time = 132497035   
2250/5000   risk = 0.22  time = 140516506   
2375/5000   risk = 0.22  time = 148448269   
2500/5000   risk = 0.22  time = 156446306   
2625/5000   risk = 0.22  time = 164349510   
2750/5000   risk = 0.22  time = 172358528   
2875/5000   risk = 0.22  time = 180367196   
3000/5000   risk = 0.22  time = 188362155   
3125/5000   risk = 0.22  time = 196320234   
3250/5000   risk = 0.22  time = 204302485   
3375/5000   risk = 0.22  time = 212330052   
3500/5000   risk = 0.22  time = 220324846   
3625/5000   risk = 0.22  time = 228580883   
3750/5000   risk = 0.22  time = 236895829   
3875/5000   risk = 0.22  time = 245215661   
4000/5000   risk = 0.22  time = 253668783   
4125/5000   risk = 0.22  time = 262041646   
4250/5000   risk = 0.22  time = 270449911   
4375/5000   risk = 0.22  time = 278788816   
4500/5000   risk = 0.22  time = 287189145   
4625/5000   risk = 0.22  time = 295231382   
4750/5000   risk = 0.22  time = 303300833   
4875/5000   risk = 0.22  time = 311309431   
5000/5000   risk = 0.22  time = 319378097   


Train 5000 iterations in 319 Seconds.
Final risk based on the train set: 0.22

DEBUG [22:26:05.739] [mlr3]  Learner 'bin_cwb_nb' on task 'Task 168335: MiniBooNE (Supervised Classification)' succeeded to fit a model {learner: <LearnerClassifCompboost/LearnerClassif/Learner/R6>, result: <list>, messages: }

### [bt]: Job terminated successfully [batchtools job.id=49]
### [bt]: Calculation finished!
