### [bt]: This is batchtools v0.9.15
### [bt]: Starting calculation of 1 jobs
### [bt]: Setting working directory to '/home/user/repos/cacb-batchtools/eq1'
[2021-07-25 19:40:16] Loading new learner
[2021-07-25 19:40:16] Loading tasks
[2021-07-25 19:40:19] Loading resampling
### [bt]: Memory measurement disabled
### [bt]: Starting job [batchtools job.id=5]
### [bt]: Generating problem instance for problem 'spam-fold1' ...
### [bt]: Applying algorithm 'evaluate-learner' on problem 'spam-fold1' for job 5 (seed = 31420) ...
DEBUG [19:40:20.105] [mlr3]  Skip subsetting of task 'spam' 
DEBUG [19:40:20.108] [mlr3]  Calling train method of Learner 'acc_hcwb' on task 'spam' with 3680 observations {learner: <LearnerClassifCompboost/LearnerClassif/Learner/R6>}
INFO  [19:40:20.116] [mlr3]  [LGCOMPBOOST] Running compboost with df 20.000000 and df_cat 1.000000 
   1/5000   risk = 0.67  oob_risk = 0.66   riskauc = 0.79   time = 2   


Train 40 iterations in 0 Seconds.
Final risk based on the train set: 0.6

   1/4960   risk = 0.59  oob_risk = 0.66   riskauc = 0.79   time = 2   
 124/4960   risk = 0.41  oob_risk = 0.57   riskauc = 0.94   time = 1119563   
 248/4960   risk = 0.34  oob_risk = 0.63   riskauc = 0.95   time = 2140918   
 372/4960   risk = 0.3  oob_risk = 0.69   riskauc = 0.96   time = 3145529   
 496/4960   risk = 0.27  oob_risk = 0.77   riskauc = 0.97   time = 4219015   
 620/4960   risk = 0.26  oob_risk = 0.87   riskauc = 0.97   time = 5416282   
 744/4960   risk = 0.25  oob_risk = 1   riskauc = 0.97   time = 6761318   
 868/4960   risk = 0.24  oob_risk = 1.1   riskauc = 0.97   time = 7763211   
 992/4960   risk = 0.23  oob_risk = 1.3   riskauc = 0.97   time = 8779519   
1116/4960   risk = 0.23  oob_risk = 1.3   riskauc = 0.97   time = 9900701   
1240/4960   risk = 0.22  oob_risk = 1.4   riskauc = 0.97   time = 10980672   
1364/4960   risk = 0.22  oob_risk = 1.5   riskauc = 0.97   time = 12097412   
1488/4960   risk = 0.21  oob_risk = 1.6   riskauc = 0.97   time = 13196093   
1612/4960   risk = 0.21  oob_risk = 1.6   riskauc = 0.97   time = 14244244   
1736/4960   risk = 0.2  oob_risk = 1.7   riskauc = 0.97   time = 15388994   
1860/4960   risk = 0.2  oob_risk = 1.7   riskauc = 0.98   time = 16454198   
1984/4960   risk = 0.2  oob_risk = 1.8   riskauc = 0.98   time = 17657506   
2108/4960   risk = 0.2  oob_risk = 1.8   riskauc = 0.98   time = 18787673   
2232/4960   risk = 0.2  oob_risk = 1.9   riskauc = 0.98   time = 19903920   
2356/4960   risk = 0.19  oob_risk = inf   riskauc = 0.98   time = 20967259   
2480/4960   risk = 0.19  oob_risk = inf   riskauc = 0.98   time = 22036420   
2604/4960   risk = 0.19  oob_risk = inf   riskauc = 0.98   time = 23152435   
2728/4960   risk = 0.19  oob_risk = inf   riskauc = 0.98   time = 24303785   
2852/4960   risk = 0.19  oob_risk = 2.1   riskauc = 0.98   time = 25400485   
2976/4960   risk = 0.18  oob_risk = 2.1   riskauc = 0.98   time = 26465007   
3100/4960   risk = 0.18  oob_risk = 2.1   riskauc = 0.98   time = 27685074   
3224/4960   risk = 0.18  oob_risk = 2.2   riskauc = 0.98   time = 28828577   
3348/4960   risk = 0.18  oob_risk = 2.2   riskauc = 0.98   time = 29880023   
3472/4960   risk = 0.18  oob_risk = inf   riskauc = 0.98   time = 31012891   
3596/4960   risk = 0.18  oob_risk = inf   riskauc = 0.98   time = 32129858   
3720/4960   risk = 0.18  oob_risk = inf   riskauc = 0.98   time = 33220005   
3844/4960   risk = 0.18  oob_risk = inf   riskauc = 0.98   time = 34339517   
3968/4960   risk = 0.17  oob_risk = inf   riskauc = 0.97   time = 35481462   
4092/4960   risk = 0.17  oob_risk = inf   riskauc = 0.97   time = 36608812   
4216/4960   risk = 0.17  oob_risk = inf   riskauc = 0.97   time = 37981838   
4340/4960   risk = 0.17  oob_risk = inf   riskauc = 0.97   time = 39109051   
4464/4960   risk = 0.17  oob_risk = inf   riskauc = 0.97   time = 40319907   
4588/4960   risk = 0.17  oob_risk = inf   riskauc = 0.97   time = 41452638   
4712/4960   risk = 0.17  oob_risk = inf   riskauc = 0.97   time = 42607644   
4836/4960   risk = 0.17  oob_risk = inf   riskauc = 0.97   time = 43765454   
4960/4960   risk = 0.17  oob_risk = inf   riskauc = 0.97   time = 45008371   


Train 4960 iterations in 45 Seconds.
Final risk based on the train set: 0.17

INFO  [19:41:06.069] [mlr3]  [LGCOMPBOOST] Completed fitting of restarted compboost model with optimizer nesterov 
INFO  [19:41:12.683] [mlr3]  [LGCOMPBOOST] iterations:'stop_cwb',NA,'stop_acwb',40,'stop_hcwb',4960 
INFO  [19:41:12.688] [mlr3]  [LGCOMPBOOST] risk_inbag:'risk_intercept',0.672473,'risk_cwb',NA,'risk_acwb',0.595211,'risk_hcwb',0.167298 
INFO  [19:41:12.689] [mlr3]  [LGCOMPBOOST] risk_oob:'risk_intercept_oob',0.662551,'risk_cwb_oob',NA,'risk_acwb_oob',0.661488,'risk_hcwb_oob',Inf 
DEBUG [19:41:12.695] [mlr3]  Learner 'acc_hcwb' on task 'spam' succeeded to fit a model {learner: <LearnerClassifCompboost/LearnerClassif/Learner/R6>, result: <list>, messages: }
DEBUG [19:41:12.708] [mlr3]  Skip subsetting of task 'spam' 
DEBUG [19:41:12.712] [mlr3]  Calling train method of Learner 'acc_hcwb' on task 'spam' with 3680 observations {learner: <LearnerClassifCompboost/LearnerClassif/Learner/R6>}
INFO  [19:41:12.724] [mlr3]  [LGCOMPBOOST] Running compboost with df 20.000000 and df_cat 1.000000 
   1/5000   risk = 0.67  oob_risk = 0.66   time = 2   


Train 40 iterations in 0 Seconds.
Final risk based on the train set: 0.6

   1/4960   risk = 0.59  oob_risk = 0.66   time = 5   
 124/4960   risk = 0.41  oob_risk = 0.57   time = 1004312   
 248/4960   risk = 0.34  oob_risk = 0.63   time = 2071354   
 372/4960   risk = 0.3  oob_risk = 0.69   time = 3160700   
 496/4960   risk = 0.27  oob_risk = 0.77   time = 4313291   
 620/4960   risk = 0.26  oob_risk = 0.87   time = 5318572   
 744/4960   risk = 0.25  oob_risk = 1   time = 6300887   
 868/4960   risk = 0.24  oob_risk = 1.1   time = 7379913   
 992/4960   risk = 0.23  oob_risk = 1.3   time = 8511946   
1116/4960   risk = 0.23  oob_risk = 1.3   time = 9642719   
1240/4960   risk = 0.22  oob_risk = 1.4   time = 10666011   
1364/4960   risk = 0.22  oob_risk = 1.5   time = 11706765   
1488/4960   risk = 0.21  oob_risk = 1.6   time = 12810848   
1612/4960   risk = 0.21  oob_risk = 1.6   time = 13894084   
1736/4960   risk = 0.2  oob_risk = 1.7   time = 15021628   
1860/4960   risk = 0.2  oob_risk = 1.7   time = 16078448   
1984/4960   risk = 0.2  oob_risk = 1.8   time = 17122443   
2108/4960   risk = 0.2  oob_risk = 1.8   time = 18126572   
2232/4960   risk = 0.2  oob_risk = 1.9   time = 19219866   
2356/4960   risk = 0.19  oob_risk = inf   time = 20314699   
2480/4960   risk = 0.19  oob_risk = inf   time = 21334002   
2604/4960   risk = 0.19  oob_risk = inf   time = 22519325   
2728/4960   risk = 0.19  oob_risk = inf   time = 23647478   
2852/4960   risk = 0.19  oob_risk = 2.1   time = 24787162   
2976/4960   risk = 0.18  oob_risk = 2.1   time = 25895978   
3100/4960   risk = 0.18  oob_risk = 2.1   time = 26966687   
3224/4960   risk = 0.18  oob_risk = 2.2   time = 27997159   
3348/4960   risk = 0.18  oob_risk = 2.2   time = 29135182   
3472/4960   risk = 0.18  oob_risk = inf   time = 30317110   
3596/4960   risk = 0.18  oob_risk = inf   time = 31356506   
3720/4960   risk = 0.18  oob_risk = inf   time = 32410961   
3844/4960   risk = 0.18  oob_risk = inf   time = 33548093   
3968/4960   risk = 0.17  oob_risk = inf   time = 34696657   
4092/4960   risk = 0.17  oob_risk = inf   time = 35727473   
4216/4960   risk = 0.17  oob_risk = inf   time = 36823434   
4340/4960   risk = 0.17  oob_risk = inf   time = 38060409   
4464/4960   risk = 0.17  oob_risk = inf   time = 39168885   
4588/4960   risk = 0.17  oob_risk = inf   time = 40252844   
4712/4960   risk = 0.17  oob_risk = inf   time = 41376526   
4836/4960   risk = 0.17  oob_risk = inf   time = 42518037   
4960/4960   risk = 0.17  oob_risk = inf   time = 43714765   


Train 4960 iterations in 43 Seconds.
Final risk based on the train set: 0.17

INFO  [19:41:57.304] [mlr3]  [LGCOMPBOOST] Completed fitting of restarted compboost model with optimizer nesterov 
INFO  [19:42:04.333] [mlr3]  [LGCOMPBOOST] iterations:'stop_cwb',NA,'stop_acwb',40,'stop_hcwb',4960 
INFO  [19:42:04.336] [mlr3]  [LGCOMPBOOST] risk_inbag:'risk_intercept',0.672473,'risk_cwb',NA,'risk_acwb',0.595211,'risk_hcwb',0.167298 
INFO  [19:42:04.338] [mlr3]  [LGCOMPBOOST] risk_oob:'risk_intercept_oob',0.662551,'risk_cwb_oob',NA,'risk_acwb_oob',0.661488,'risk_hcwb_oob',Inf 
DEBUG [19:42:04.345] [mlr3]  Learner 'acc_hcwb' on task 'spam' succeeded to fit a model {learner: <LearnerClassifCompboost/LearnerClassif/Learner/R6>, result: <list>, messages: }

### [bt]: Job terminated successfully [batchtools job.id=5]
### [bt]: Calculation finished!
