### [bt]: This is batchtools v0.9.15
### [bt]: Starting calculation of 1 jobs
### [bt]: Setting working directory to '/home/user/repos/cacb-batchtools/eq1'
Loading required package: data.table
Loading required package: R6
Loading required package: mlr3
Loading required package: mlr3learners
Loading required package: mlr3extralearners

Attaching package: ‘mlr3extralearners’

The following objects are masked from ‘package:mlr3’:

    lrn, lrns

Loading required package: mlr3pipelines
Loading required package: mlr3tuning
Loading required package: paradox
Loading required package: compboost
[2021-08-02 00:31:26] Loading new learner LearnerClassifCWB
[2021-08-02 00:31:26] Loading new learner LearnerClassifHCWB
[2021-08-02 00:31:26] Loading new learner
[2021-08-02 00:31:26] Loading tasks
[2021-08-02 00:31:29] Loading resampling
### [bt]: Memory measurement disabled
### [bt]: Starting job [batchtools job.id=24]
### [bt]: Generating problem instance for problem 'spam-fold5' ...
### [bt]: Applying algorithm 'evaluate-learner' on problem 'spam-fold5' for job 24 (seed = 31439) ...
DEBUG [00:31:30.685] [mlr3]  Skip subsetting of task 'spam' 
DEBUG [00:31:30.767] [mlr3]  Calling train method of Learner 'acc_hcwb' on task 'spam' with 3682 observations {learner: <LearnerClassifHCWB/LearnerClassif/Learner/R6>}
   1/5000   risk = 0.65  oob_risk = 0.65   riskauc = 0.16   time = 2   val_auc = 0.17   


Train 68 iterations in 1 Seconds.
Final risk based on the train set: 0.17

   1/4943   risk = 0.21  oob_risk = inf   riskauc = 0.048   time = 3   val_auc = 0.056   
 124/4943   risk = 0.15  oob_risk = inf   riskauc = 0.041   time = 1491531   val_auc = 0.047   
 248/4943   risk = 0.15  oob_risk = inf   riskauc = 0.039   time = 2689509   val_auc = 0.045   
 372/4943   risk = 0.14  oob_risk = inf   riskauc = 0.038   time = 3902167   val_auc = 0.044   
 496/4943   risk = 0.13  oob_risk = inf   riskauc = 0.037   time = 5121067   val_auc = 0.044   
 620/4943   risk = 0.13  oob_risk = inf   riskauc = 0.037   time = 6373640   val_auc = 0.046   
 744/4943   risk = 0.12  oob_risk = inf   riskauc = 0.039   time = 7722130   val_auc = 0.054   
 868/4943   risk = 0.12  oob_risk = inf   riskauc = 0.04   time = 8905553   val_auc = 0.054   
 992/4943   risk = 0.12  oob_risk = inf   riskauc = 0.04   time = 10162453   val_auc = 0.055   
1116/4943   risk = 0.11  oob_risk = inf   riskauc = 0.041   time = 11327273   val_auc = 0.055   
1240/4943   risk = 0.11  oob_risk = inf   riskauc = 0.041   time = 12637326   val_auc = 0.055   
1364/4943   risk = 0.11  oob_risk = inf   riskauc = 0.041   time = 13905287   val_auc = 0.055   
1488/4943   risk = 0.11  oob_risk = inf   riskauc = 0.041   time = 15153487   val_auc = 0.056   
1612/4943   risk = 0.1  oob_risk = inf   riskauc = 0.041   time = 16495780   val_auc = 0.056   
1736/4943   risk = 0.1  oob_risk = inf   riskauc = 0.041   time = 17765156   val_auc = 0.057   
1860/4943   risk = 0.098  oob_risk = inf   riskauc = 0.041   time = 19033592   val_auc = 0.057   
1984/4943   risk = 0.097  oob_risk = inf   riskauc = 0.041   time = 20351762   val_auc = 0.057   
2108/4943   risk = 0.095  oob_risk = inf   riskauc = 0.04   time = 21555039   val_auc = 0.057   
2232/4943   risk = 0.093  oob_risk = inf   riskauc = 0.04   time = 22682318   val_auc = 0.057   
2356/4943   risk = 0.092  oob_risk = inf   riskauc = 0.04   time = 23841886   val_auc = 0.057   
2480/4943   risk = 0.09  oob_risk = inf   riskauc = 0.041   time = 25052298   val_auc = 0.057   
2604/4943   risk = 0.089  oob_risk = inf   riskauc = 0.041   time = 26461989   val_auc = 0.057   
2728/4943   risk = 0.087  oob_risk = inf   riskauc = 0.041   time = 27650859   val_auc = 0.057   
2852/4943   risk = 0.086  oob_risk = inf   riskauc = 0.041   time = 28851737   val_auc = 0.057   
2976/4943   risk = 0.085  oob_risk = inf   riskauc = 0.041   time = 30038440   val_auc = 0.057   
3100/4943   risk = 0.084  oob_risk = inf   riskauc = 0.041   time = 31273924   val_auc = 0.057   
3224/4943   risk = 0.083  oob_risk = inf   riskauc = 0.041   time = 32456105   val_auc = 0.057   
3348/4943   risk = 0.082  oob_risk = inf   riskauc = 0.041   time = 33604459   val_auc = 0.057   
3472/4943   risk = 0.081  oob_risk = inf   riskauc = 0.041   time = 34827882   val_auc = 0.057   
3596/4943   risk = 0.08  oob_risk = inf   riskauc = 0.042   time = 36084186   val_auc = 0.057   
3720/4943   risk = 0.079  oob_risk = inf   riskauc = 0.042   time = 37324914   val_auc = 0.058   
3844/4943   risk = 0.078  oob_risk = inf   riskauc = 0.042   time = 38587170   val_auc = 0.058   
3968/4943   risk = 0.077  oob_risk = inf   riskauc = 0.042   time = 39981572   val_auc = 0.058   
4092/4943   risk = 0.076  oob_risk = inf   riskauc = 0.042   time = 41118846   val_auc = 0.058   
4216/4943   risk = 0.076  oob_risk = inf   riskauc = 0.042   time = 42307285   val_auc = 0.058   
4340/4943   risk = 0.075  oob_risk = inf   riskauc = 0.042   time = 43544852   val_auc = 0.059   
4464/4943   risk = 0.074  oob_risk = inf   riskauc = 0.042   time = 44748398   val_auc = 0.059   
4588/4943   risk = 0.073  oob_risk = inf   riskauc = 0.043   time = 45955505   val_auc = 0.059   
4712/4943   risk = 0.073  oob_risk = inf   riskauc = 0.043   time = 47118673   val_auc = 0.059   
4836/4943   risk = 0.072  oob_risk = inf   riskauc = 0.043   time = 48295195   val_auc = 0.059   


Train 4943 iterations in 49 Seconds.
Final risk based on the train set: 0.072

DEBUG [00:32:25.715] [mlr3]  Learner 'acc_hcwb' on task 'spam' succeeded to fit a model {learner: <LearnerClassifHCWB/LearnerClassif/Learner/R6>, result: <list>, messages: }

### [bt]: Job terminated successfully [batchtools job.id=24]
### [bt]: Calculation finished!
