### [bt]: This is batchtools v0.9.15
### [bt]: Starting calculation of 1 jobs
### [bt]: Setting working directory to '/home/user/repos/cacb-batchtools/eq1'
[2021-07-28 22:35:36] Loading new learner
[2021-07-28 22:35:36] Loading tasks
[2021-07-28 22:35:39] Loading resampling
### [bt]: Memory measurement disabled
### [bt]: Starting job [batchtools job.id=92]
### [bt]: Generating problem instance for problem '168908-fold3' ...
### [bt]: Applying algorithm 'evaluate-learner' on problem '168908-fold3' for job 92 (seed = 31507) ...
DEBUG [22:35:48.088] [mlr3]  Skip subsetting of task 'Task 168908: christine (Supervised Classification)' 
DEBUG [22:35:48.104] [mlr3]  Calling train method of Learner 'acc_hcwb' on task 'Task 168908: christine (Supervised Classification)' with 4334 observations {learner: <LearnerClassifCompboost/LearnerClassif/Learner/R6>}
   1/5000   risk = 0.68  oob_risk = 0.68   riskauc = 0.72   time = 6   


Train 78 iterations in 10 Seconds.
Final risk based on the train set: 0.48

   1/4933   risk = 0.5  oob_risk = 0.54   riskauc = 0.82   time = 2   
 123/4933   risk = 0.51  oob_risk = 0.56   riskauc = 0.83   time = 3121818   
 246/4933   risk = 0.5  oob_risk = 0.57   riskauc = 0.83   time = 6371970   
 369/4933   risk = 0.48  oob_risk = 0.57   riskauc = 0.83   time = 9645757   
 492/4933   risk = 0.47  oob_risk = 0.58   riskauc = 0.83   time = 12847298   
 615/4933   risk = 0.46  oob_risk = 0.58   riskauc = 0.83   time = 16171346   
 738/4933   risk = 0.45  oob_risk = 0.58   riskauc = 0.83   time = 19422850   
 861/4933   risk = 0.44  oob_risk = 0.58   riskauc = 0.83   time = 22714260   
 984/4933   risk = 0.43  oob_risk = 0.58   riskauc = 0.82   time = 25953119   
1107/4933   risk = 0.43  oob_risk = 0.59   riskauc = 0.82   time = 29157669   
1230/4933   risk = 0.42  oob_risk = 0.59   riskauc = 0.82   time = 32468069   
1353/4933   risk = 0.41  oob_risk = 0.59   riskauc = 0.82   time = 35741779   
1476/4933   risk = 0.4  oob_risk = 0.59   riskauc = 0.82   time = 38907623   
1599/4933   risk = 0.4  oob_risk = 0.59   riskauc = 0.82   time = 42229638   
1722/4933   risk = 0.39  oob_risk = 0.6   riskauc = 0.82   time = 45552196   
1845/4933   risk = 0.38  oob_risk = 0.6   riskauc = 0.82   time = 48757846   
1968/4933   risk = 0.38  oob_risk = 0.6   riskauc = 0.82   time = 52125010   
2091/4933   risk = 0.37  oob_risk = 0.6   riskauc = 0.82   time = 55365506   
2214/4933   risk = 0.36  oob_risk = 0.61   riskauc = 0.82   time = 58853021   
2337/4933   risk = 0.36  oob_risk = 0.61   riskauc = 0.82   time = 62008664   
2460/4933   risk = 0.35  oob_risk = 0.61   riskauc = 0.82   time = 65204478   
2583/4933   risk = 0.35  oob_risk = 0.61   riskauc = 0.82   time = 68350952   
2706/4933   risk = 0.34  oob_risk = 0.62   riskauc = 0.82   time = 71524963   
2829/4933   risk = 0.34  oob_risk = 0.62   riskauc = 0.82   time = 74770776   
2952/4933   risk = 0.33  oob_risk = 0.62   riskauc = 0.82   time = 77961570   
3075/4933   risk = 0.33  oob_risk = 0.62   riskauc = 0.82   time = 81170666   
3198/4933   risk = 0.32  oob_risk = 0.63   riskauc = 0.82   time = 84282828   
3321/4933   risk = 0.32  oob_risk = 0.63   riskauc = 0.82   time = 87558500   
3444/4933   risk = 0.32  oob_risk = 0.63   riskauc = 0.81   time = 90873343   
3567/4933   risk = 0.31  oob_risk = 0.63   riskauc = 0.81   time = 94146122   
3690/4933   risk = 0.31  oob_risk = 0.63   riskauc = 0.81   time = 97485703   
3813/4933   risk = 0.3  oob_risk = 0.64   riskauc = 0.81   time = 100661118   
3936/4933   risk = 0.3  oob_risk = 0.64   riskauc = 0.81   time = 103859485   
4059/4933   risk = 0.29  oob_risk = 0.66   riskauc = 0.81   time = 107305815   
4182/4933   risk = 0.29  oob_risk = 0.66   riskauc = 0.81   time = 110609435   
4305/4933   risk = 0.29  oob_risk = 0.67   riskauc = 0.81   time = 113844378   
4428/4933   risk = 0.28  oob_risk = 0.67   riskauc = 0.81   time = 117159708   
4551/4933   risk = 0.28  oob_risk = 0.67   riskauc = 0.81   time = 120658052   
4674/4933   risk = 0.28  oob_risk = 0.67   riskauc = 0.81   time = 124089326   
4797/4933   risk = 0.27  oob_risk = 0.68   riskauc = 0.81   time = 127388414   
4920/4933   risk = 0.27  oob_risk = 0.68   riskauc = 0.81   time = 130717299   


Train 4933 iterations in 131 Seconds.
Final risk based on the train set: 0.27

DEBUG [22:41:39.336] [mlr3]  Learner 'acc_hcwb' on task 'Task 168908: christine (Supervised Classification)' succeeded to fit a model {learner: <LearnerClassifCompboost/LearnerClassif/Learner/R6>, result: <list>, messages: }
DEBUG [22:41:39.356] [mlr3]  Skip subsetting of task 'Task 168908: christine (Supervised Classification)' 
DEBUG [22:41:39.361] [mlr3]  Calling train method of Learner 'acc_hcwb' on task 'Task 168908: christine (Supervised Classification)' with 4334 observations {learner: <LearnerClassifCompboost/LearnerClassif/Learner/R6>}
   1/5000   risk = 0.68  oob_risk = 0.68   time = 2   


Train 78 iterations in 3 Seconds.
Final risk based on the train set: 0.48

   1/4933   risk = 0.5  oob_risk = 0.54   time = 2   
 123/4933   risk = 0.51  oob_risk = 0.56   time = 3070473   
 246/4933   risk = 0.5  oob_risk = 0.57   time = 6058927   
 369/4933   risk = 0.48  oob_risk = 0.57   time = 9187367   
 492/4933   risk = 0.47  oob_risk = 0.58   time = 12272621   
 615/4933   risk = 0.46  oob_risk = 0.58   time = 15412335   
 738/4933   risk = 0.45  oob_risk = 0.58   time = 18552846   
 861/4933   risk = 0.44  oob_risk = 0.58   time = 21626668   
 984/4933   risk = 0.43  oob_risk = 0.58   time = 24795759   
1107/4933   risk = 0.43  oob_risk = 0.59   time = 27935367   
1230/4933   risk = 0.42  oob_risk = 0.59   time = 31075461   
1353/4933   risk = 0.41  oob_risk = 0.59   time = 34109386   
1476/4933   risk = 0.4  oob_risk = 0.59   time = 37164046   
1599/4933   risk = 0.4  oob_risk = 0.59   time = 40239312   
1722/4933   risk = 0.39  oob_risk = 0.6   time = 43305845   
1845/4933   risk = 0.38  oob_risk = 0.6   time = 46435511   
1968/4933   risk = 0.38  oob_risk = 0.6   time = 49605470   
2091/4933   risk = 0.37  oob_risk = 0.6   time = 52784128   
2214/4933   risk = 0.36  oob_risk = 0.61   time = 55826809   
2337/4933   risk = 0.36  oob_risk = 0.61   time = 58907717   
2460/4933   risk = 0.35  oob_risk = 0.61   time = 62102005   
2583/4933   risk = 0.35  oob_risk = 0.61   time = 65168566   
2706/4933   risk = 0.34  oob_risk = 0.62   time = 68244096   
2829/4933   risk = 0.34  oob_risk = 0.62   time = 71390982   
2952/4933   risk = 0.33  oob_risk = 0.62   time = 74528002   
3075/4933   risk = 0.33  oob_risk = 0.62   time = 77681882   
3198/4933   risk = 0.32  oob_risk = 0.63   time = 80799196   
3321/4933   risk = 0.32  oob_risk = 0.63   time = 84019851   
3444/4933   risk = 0.32  oob_risk = 0.63   time = 87176340   
3567/4933   risk = 0.31  oob_risk = 0.63   time = 90291189   
3690/4933   risk = 0.31  oob_risk = 0.63   time = 93452782   
3813/4933   risk = 0.3  oob_risk = 0.64   time = 96636645   
3936/4933   risk = 0.3  oob_risk = 0.64   time = 99862650   
4059/4933   risk = 0.29  oob_risk = 0.66   time = 103073719   
4182/4933   risk = 0.29  oob_risk = 0.66   time = 106376349   
4305/4933   risk = 0.29  oob_risk = 0.67   time = 109575365   
4428/4933   risk = 0.28  oob_risk = 0.67   time = 112707775   
4551/4933   risk = 0.28  oob_risk = 0.67   time = 115889065   
4674/4933   risk = 0.28  oob_risk = 0.67   time = 119003615   
4797/4933   risk = 0.27  oob_risk = 0.68   time = 122281782   
4920/4933   risk = 0.27  oob_risk = 0.68   time = 125417673   


Train 4933 iterations in 125 Seconds.
Final risk based on the train set: 0.27

DEBUG [22:44:06.117] [mlr3]  Learner 'acc_hcwb' on task 'Task 168908: christine (Supervised Classification)' succeeded to fit a model {learner: <LearnerClassifCompboost/LearnerClassif/Learner/R6>, result: <list>, messages: }

### [bt]: Job terminated successfully [batchtools job.id=92]
### [bt]: Calculation finished!
