### [bt]: This is batchtools v0.9.15
### [bt]: Starting calculation of 1 jobs
### [bt]: Setting working directory to '/home/user/repos/cacb-batchtools/eq1'
[2021-07-26 01:11:17] Loading new learner
[2021-07-26 01:11:17] Loading tasks
[2021-07-26 01:11:20] Loading resampling
### [bt]: Memory measurement disabled
### [bt]: Starting job [batchtools job.id=39]
### [bt]: Generating problem instance for problem '7592-fold3' ...
### [bt]: Applying algorithm 'evaluate-learner' on problem '7592-fold3' for job 39 (seed = 31454) ...
DEBUG [01:11:21.117] [mlr3]  Skip subsetting of task 'Task 7592: adult (Supervised Classification)' 
DEBUG [01:11:21.120] [mlr3]  Calling train method of Learner 'acc_acwb' on task 'Task 7592: adult (Supervised Classification)' with 39074 observations {learner: <LearnerClassifCompboost/LearnerClassif/Learner/R6>}
Warning in get_private(learner)$.train(task) :
  Number of cores 30 exceeds number of features 14. The number of cores are set to 14!
INFO  [01:11:21.218] [mlr3]  [LGCOMPBOOST] Running compboost with df 5.000000 and df_cat 2.000000 
   1/5000   risk = 0.55  riskauc = 0.78   time = 2   
 125/5000   risk = 0.49  riskauc = 0.89   time = 2955391   
 250/5000   risk = 0.43  riskauc = 0.89   time = 6463039   
 375/5000   risk = 0.39  riskauc = 0.9   time = 9374413   
 500/5000   risk = 0.35  riskauc = 0.91   time = 12274923   
 625/5000   risk = 0.33  riskauc = 0.91   time = 15189011   
 750/5000   risk = 0.32  riskauc = 0.91   time = 18065440   
 875/5000   risk = 0.32  riskauc = 0.91   time = 21045296   
1000/5000   risk = 0.32  riskauc = 0.91   time = 24039653   
1125/5000   risk = 0.32  riskauc = 0.91   time = 26933883   
1250/5000   risk = 0.33  riskauc = 0.91   time = 29885339   
1375/5000   risk = 0.33  riskauc = 0.91   time = 32494620   
1500/5000   risk = 0.34  riskauc = 0.91   time = 34954426   
1625/5000   risk = 0.34  riskauc = 0.91   time = 37432372   
1750/5000   risk = 0.34  riskauc = 0.92   time = 39950074   
1875/5000   risk = 0.35  riskauc = 0.92   time = 42473042   
2000/5000   risk = 0.35  riskauc = 0.92   time = 44942281   
2125/5000   risk = 0.35  riskauc = 0.92   time = 47507735   
2250/5000   risk = 0.35  riskauc = 0.92   time = 50046693   
2375/5000   risk = 0.35  riskauc = 0.92   time = 52902230   
2500/5000   risk = 0.35  riskauc = 0.92   time = 55808428   
2625/5000   risk = 0.36  riskauc = 0.92   time = 58438155   
2750/5000   risk = 0.36  riskauc = 0.92   time = 60949347   
2875/5000   risk = 0.36  riskauc = 0.92   time = 63371138   
3000/5000   risk = 0.36  riskauc = 0.92   time = 65896082   
3125/5000   risk = 0.36  riskauc = 0.92   time = 68900940   
3250/5000   risk = 0.36  riskauc = 0.92   time = 71372967   
3375/5000   risk = 0.36  riskauc = 0.92   time = 73808372   
3500/5000   risk = 0.36  riskauc = 0.92   time = 76298574   
3625/5000   risk = 0.36  riskauc = 0.92   time = 78729699   
3750/5000   risk = 0.36  riskauc = 0.92   time = 81388743   
3875/5000   risk = 0.36  riskauc = 0.92   time = 83979531   
4000/5000   risk = 0.36  riskauc = 0.92   time = 86666398   
4125/5000   risk = 0.36  riskauc = 0.92   time = 89368798   
4250/5000   risk = 0.36  riskauc = 0.92   time = 92118021   
4375/5000   risk = 0.36  riskauc = 0.92   time = 95047836   
4500/5000   risk = 0.36  riskauc = 0.92   time = 97726287   
4625/5000   risk = 0.36  riskauc = 0.92   time = 100317866   
4750/5000   risk = 0.36  riskauc = 0.92   time = 103353416   
4875/5000   risk = 0.36  riskauc = 0.92   time = 106339202   
5000/5000   risk = 0.36  riskauc = 0.92   time = 109377903   


Train 5000 iterations in 109 Seconds.
Final risk based on the train set: 0.36

INFO  [01:13:18.030] [mlr3]  [LGCOMPBOOST] iterations:'stop_cwb',NA,'stop_acwb',5000,'stop_hcwb',NA 
INFO  [01:13:18.034] [mlr3]  [LGCOMPBOOST] risk_inbag:'risk_intercept',0.550260,'risk_cwb',NA,'risk_acwb',0.356318,'risk_hcwb',NA 
INFO  [01:13:18.035] [mlr3]  [LGCOMPBOOST] risk_oob:'risk_intercept_oob',NA,'risk_cwb_oob',NA,'risk_acwb_oob',NA,'risk_hcwb_oob',NA 
DEBUG [01:13:18.040] [mlr3]  Learner 'acc_acwb' on task 'Task 7592: adult (Supervised Classification)' succeeded to fit a model {learner: <LearnerClassifCompboost/LearnerClassif/Learner/R6>, result: <list>, messages: }
DEBUG [01:13:18.053] [mlr3]  Skip subsetting of task 'Task 7592: adult (Supervised Classification)' 
DEBUG [01:13:18.056] [mlr3]  Calling train method of Learner 'acc_acwb' on task 'Task 7592: adult (Supervised Classification)' with 39074 observations {learner: <LearnerClassifCompboost/LearnerClassif/Learner/R6>}
Warning in get_private(learner)$.train(task) :
  Number of cores 30 exceeds number of features 14. The number of cores are set to 14!
INFO  [01:13:18.130] [mlr3]  [LGCOMPBOOST] Running compboost with df 5.000000 and df_cat 2.000000 
   1/5000   risk = 0.55  time = 2   
 125/5000   risk = 0.49  time = 2213277   
 250/5000   risk = 0.43  time = 4375038   
 375/5000   risk = 0.39  time = 6678884   
 500/5000   risk = 0.35  time = 8917504   
 625/5000   risk = 0.33  time = 11132939   
 750/5000   risk = 0.32  time = 13257858   
 875/5000   risk = 0.32  time = 15414880   
1000/5000   risk = 0.32  time = 17658836   
1125/5000   risk = 0.32  time = 19927381   
1250/5000   risk = 0.33  time = 22233650   
1375/5000   risk = 0.33  time = 24461382   
1500/5000   risk = 0.34  time = 26738130   
1625/5000   risk = 0.34  time = 29008386   
1750/5000   risk = 0.34  time = 31300588   
1875/5000   risk = 0.35  time = 33578940   
2000/5000   risk = 0.35  time = 35849751   
2125/5000   risk = 0.35  time = 38163205   
2250/5000   risk = 0.35  time = 40504757   
2375/5000   risk = 0.35  time = 42750758   
2500/5000   risk = 0.35  time = 44986538   
2625/5000   risk = 0.36  time = 47293555   
2750/5000   risk = 0.36  time = 49607062   
2875/5000   risk = 0.36  time = 51884651   
3000/5000   risk = 0.36  time = 54213715   
3125/5000   risk = 0.36  time = 56383987   
3250/5000   risk = 0.36  time = 58684380   
3375/5000   risk = 0.36  time = 61049118   
3500/5000   risk = 0.36  time = 63367936   
3625/5000   risk = 0.36  time = 65696482   
3750/5000   risk = 0.36  time = 67632654   
3875/5000   risk = 0.36  time = 69588046   
4000/5000   risk = 0.36  time = 71576634   
4125/5000   risk = 0.36  time = 73703874   
4250/5000   risk = 0.36  time = 75901482   
4375/5000   risk = 0.36  time = 78106251   
4500/5000   risk = 0.36  time = 80091446   
4625/5000   risk = 0.36  time = 81991951   
4750/5000   risk = 0.36  time = 83900638   
4875/5000   risk = 0.36  time = 85786259   
5000/5000   risk = 0.36  time = 87835860   


Train 5000 iterations in 87 Seconds.
Final risk based on the train set: 0.36

INFO  [01:14:53.729] [mlr3]  [LGCOMPBOOST] iterations:'stop_cwb',NA,'stop_acwb',5000,'stop_hcwb',NA 
INFO  [01:14:53.733] [mlr3]  [LGCOMPBOOST] risk_inbag:'risk_intercept',0.550260,'risk_cwb',NA,'risk_acwb',0.356318,'risk_hcwb',NA 
INFO  [01:14:53.736] [mlr3]  [LGCOMPBOOST] risk_oob:'risk_intercept_oob',NA,'risk_cwb_oob',NA,'risk_acwb_oob',NA,'risk_hcwb_oob',NA 
DEBUG [01:14:53.743] [mlr3]  Learner 'acc_acwb' on task 'Task 7592: adult (Supervised Classification)' succeeded to fit a model {learner: <LearnerClassifCompboost/LearnerClassif/Learner/R6>, result: <list>, messages: }

### [bt]: Job terminated successfully [batchtools job.id=39]
### [bt]: Calculation finished!
