### [bt]: This is batchtools v0.9.15
### [bt]: Starting calculation of 1 jobs
### [bt]: Setting working directory to '/home/user/repos/cacb-batchtools/eq1'
[2021-07-26 00:01:54] Loading new learner
[2021-07-26 00:01:54] Loading tasks
[2021-07-26 00:01:58] Loading resampling
### [bt]: Memory measurement disabled
### [bt]: Starting job [batchtools job.id=8]
### [bt]: Generating problem instance for problem 'spam-fold2' ...
### [bt]: Applying algorithm 'evaluate-learner' on problem 'spam-fold2' for job 8 (seed = 31423) ...
DEBUG [00:01:58.738] [mlr3]  Skip subsetting of task 'spam' 
DEBUG [00:01:58.741] [mlr3]  Calling train method of Learner 'acc_cwb' on task 'spam' with 3680 observations {learner: <LearnerClassifCompboost/LearnerClassif/Learner/R6>}
INFO  [00:01:58.750] [mlr3]  [LGCOMPBOOST] Running compboost with df 20.000000 and df_cat 1.000000 
   1/5000   risk = 0.67  riskauc = 0.8   time = 2   
 125/5000   risk = 0.44  riskauc = 0.9   time = 1237181   
 250/5000   risk = 0.35  riskauc = 0.92   time = 2384579   
 375/5000   risk = 0.31  riskauc = 0.93   time = 3464959   
 500/5000   risk = 0.29  riskauc = 0.94   time = 4757320   
 625/5000   risk = 0.27  riskauc = 0.94   time = 5865611   
 750/5000   risk = 0.26  riskauc = 0.95   time = 7185492   
 875/5000   risk = 0.25  riskauc = 0.95   time = 8352295   
1000/5000   risk = 0.24  riskauc = 0.95   time = 9462191   
1125/5000   risk = 0.23  riskauc = 0.95   time = 10559218   
1250/5000   risk = 0.23  riskauc = 0.95   time = 11717328   
1375/5000   risk = 0.22  riskauc = 0.96   time = 12762650   
1500/5000   risk = 0.22  riskauc = 0.96   time = 14068789   
1625/5000   risk = 0.21  riskauc = 0.96   time = 15286019   
1750/5000   risk = 0.21  riskauc = 0.96   time = 16462082   
1875/5000   risk = 0.21  riskauc = 0.96   time = 17552464   
2000/5000   risk = 0.2  riskauc = 0.96   time = 18808644   
2125/5000   risk = 0.2  riskauc = 0.96   time = 19971936   
2250/5000   risk = 0.2  riskauc = 0.96   time = 21644386   
2375/5000   risk = 0.2  riskauc = 0.96   time = 22857490   
2500/5000   risk = 0.2  riskauc = 0.96   time = 24033123   
2625/5000   risk = 0.19  riskauc = 0.96   time = 25213615   
2750/5000   risk = 0.19  riskauc = 0.96   time = 26452617   
2875/5000   risk = 0.19  riskauc = 0.95   time = 27564510   
3000/5000   risk = 0.19  riskauc = 0.95   time = 28671457   
3125/5000   risk = 0.19  riskauc = 0.95   time = 29897342   
3250/5000   risk = 0.19  riskauc = 0.95   time = 31076550   
3375/5000   risk = 0.19  riskauc = 0.95   time = 32259979   
3500/5000   risk = 0.18  riskauc = 0.95   time = 33465069   
3625/5000   risk = 0.18  riskauc = 0.95   time = 34648681   
3750/5000   risk = 0.18  riskauc = 0.95   time = 35755652   
3875/5000   risk = 0.18  riskauc = 0.95   time = 36905414   
4000/5000   risk = 0.18  riskauc = 0.96   time = 38155941   
4125/5000   risk = 0.18  riskauc = 0.96   time = 39330538   
4250/5000   risk = 0.18  riskauc = 0.96   time = 40445288   
4375/5000   risk = 0.18  riskauc = 0.96   time = 41742075   
4500/5000   risk = 0.18  riskauc = 0.96   time = 42969455   
4625/5000   risk = 0.18  riskauc = 0.96   time = 44780709   
4750/5000   risk = 0.17  riskauc = 0.96   time = 45958565   
4875/5000   risk = 0.17  riskauc = 0.96   time = 47166207   
5000/5000   risk = 0.17  riskauc = 0.96   time = 48422718   


Train 5000 iterations in 48 Seconds.
Final risk based on the train set: 0.17

INFO  [00:02:57.092] [mlr3]  [LGCOMPBOOST] iterations:'stop_cwb',5000,'stop_acwb',NA,'stop_hcwb',NA 
INFO  [00:02:57.095] [mlr3]  [LGCOMPBOOST] risk_inbag:'risk_intercept',0.670513,'risk_cwb',0.172564,'risk_acwb',NA,'risk_hcwb',NA 
INFO  [00:02:57.096] [mlr3]  [LGCOMPBOOST] risk_oob:'risk_intercept_oob',NA,'risk_cwb_oob',NA,'risk_acwb_oob',NA,'risk_hcwb_oob',NA 
DEBUG [00:02:57.101] [mlr3]  Learner 'acc_cwb' on task 'spam' succeeded to fit a model {learner: <LearnerClassifCompboost/LearnerClassif/Learner/R6>, result: <list>, messages: }
DEBUG [00:02:57.113] [mlr3]  Skip subsetting of task 'spam' 
DEBUG [00:02:57.116] [mlr3]  Calling train method of Learner 'acc_cwb' on task 'spam' with 3680 observations {learner: <LearnerClassifCompboost/LearnerClassif/Learner/R6>}
INFO  [00:02:57.127] [mlr3]  [LGCOMPBOOST] Running compboost with df 20.000000 and df_cat 1.000000 
   1/5000   risk = 0.67  time = 2   
 125/5000   risk = 0.44  time = 1144573   
 250/5000   risk = 0.35  time = 2286410   
 375/5000   risk = 0.31  time = 3363417   
 500/5000   risk = 0.29  time = 4389171   
 625/5000   risk = 0.27  time = 5561815   
 750/5000   risk = 0.26  time = 6607058   
 875/5000   risk = 0.25  time = 7692464   
1000/5000   risk = 0.24  time = 8770354   
1125/5000   risk = 0.23  time = 9865494   
1250/5000   risk = 0.23  time = 10956082   
1375/5000   risk = 0.22  time = 12059119   
1500/5000   risk = 0.22  time = 13250376   
1625/5000   risk = 0.21  time = 14308769   
1750/5000   risk = 0.21  time = 15388459   
1875/5000   risk = 0.21  time = 16723651   
2000/5000   risk = 0.2  time = 17950458   
2125/5000   risk = 0.2  time = 19066553   
2250/5000   risk = 0.2  time = 20112179   
2375/5000   risk = 0.2  time = 21167665   
2500/5000   risk = 0.2  time = 22195656   
2625/5000   risk = 0.19  time = 23392327   
2750/5000   risk = 0.19  time = 24500714   
2875/5000   risk = 0.19  time = 25607045   
3000/5000   risk = 0.19  time = 26690572   
3125/5000   risk = 0.19  time = 27788936   
3250/5000   risk = 0.19  time = 28850021   
3375/5000   risk = 0.19  time = 29956483   
3500/5000   risk = 0.18  time = 31015065   
3625/5000   risk = 0.18  time = 32091551   
3750/5000   risk = 0.18  time = 33168520   
3875/5000   risk = 0.18  time = 34202037   
4000/5000   risk = 0.18  time = 35385742   
4125/5000   risk = 0.18  time = 36542005   
4250/5000   risk = 0.18  time = 37591209   
4375/5000   risk = 0.18  time = 38654411   
4500/5000   risk = 0.18  time = 39763385   
4625/5000   risk = 0.18  time = 40869964   
4750/5000   risk = 0.17  time = 41995933   
4875/5000   risk = 0.17  time = 43094028   
5000/5000   risk = 0.17  time = 44189631   


Train 5000 iterations in 44 Seconds.
Final risk based on the train set: 0.17

INFO  [00:03:50.924] [mlr3]  [LGCOMPBOOST] iterations:'stop_cwb',5000,'stop_acwb',NA,'stop_hcwb',NA 
INFO  [00:03:50.927] [mlr3]  [LGCOMPBOOST] risk_inbag:'risk_intercept',0.670513,'risk_cwb',0.172564,'risk_acwb',NA,'risk_hcwb',NA 
INFO  [00:03:50.928] [mlr3]  [LGCOMPBOOST] risk_oob:'risk_intercept_oob',NA,'risk_cwb_oob',NA,'risk_acwb_oob',NA,'risk_hcwb_oob',NA 
DEBUG [00:03:50.934] [mlr3]  Learner 'acc_cwb' on task 'spam' succeeded to fit a model {learner: <LearnerClassifCompboost/LearnerClassif/Learner/R6>, result: <list>, messages: }

### [bt]: Job terminated successfully [batchtools job.id=8]
### [bt]: Calculation finished!
