### [bt]: This is batchtools v0.9.15
### [bt]: Starting calculation of 1 jobs
### [bt]: Setting working directory to '/home/user/repos/cacb-batchtools/eq1'
[2021-07-26 01:31:59] Loading new learner
[2021-07-26 01:31:59] Loading tasks
[2021-07-26 01:32:02] Loading resampling
### [bt]: Memory measurement disabled
### [bt]: Starting job [batchtools job.id=48]
### [bt]: Generating problem instance for problem '7592-fold5' ...
### [bt]: Applying algorithm 'evaluate-learner' on problem '7592-fold5' for job 48 (seed = 31463) ...
DEBUG [01:32:03.393] [mlr3]  Skip subsetting of task 'Task 7592: adult (Supervised Classification)' 
DEBUG [01:32:03.396] [mlr3]  Calling train method of Learner 'acc_cwb' on task 'Task 7592: adult (Supervised Classification)' with 39074 observations {learner: <LearnerClassifCompboost/LearnerClassif/Learner/R6>}
Warning in get_private(learner)$.train(task) :
  Number of cores 30 exceeds number of features 14. The number of cores are set to 14!
INFO  [01:32:03.503] [mlr3]  [LGCOMPBOOST] Running compboost with df 5.000000 and df_cat 2.000000 
   1/5000   risk = 0.55  riskauc = 0.77   time = 3   
 125/5000   risk = 0.45  riskauc = 0.87   time = 1671755   
 250/5000   risk = 0.42  riskauc = 0.88   time = 3264095   
 375/5000   risk = 0.4  riskauc = 0.88   time = 4929558   
 500/5000   risk = 0.38  riskauc = 0.89   time = 6239835   
 625/5000   risk = 0.37  riskauc = 0.89   time = 7618189   
 750/5000   risk = 0.37  riskauc = 0.89   time = 9063683   
 875/5000   risk = 0.36  riskauc = 0.9   time = 10660010   
1000/5000   risk = 0.36  riskauc = 0.9   time = 12212135   
1125/5000   risk = 0.35  riskauc = 0.9   time = 13764818   
1250/5000   risk = 0.35  riskauc = 0.9   time = 15323226   
1375/5000   risk = 0.35  riskauc = 0.9   time = 16879397   
1500/5000   risk = 0.34  riskauc = 0.9   time = 18420914   
1625/5000   risk = 0.34  riskauc = 0.9   time = 19963223   
1750/5000   risk = 0.34  riskauc = 0.9   time = 21504099   
1875/5000   risk = 0.34  riskauc = 0.9   time = 23130490   
2000/5000   risk = 0.34  riskauc = 0.9   time = 24728085   
2125/5000   risk = 0.34  riskauc = 0.91   time = 26285027   
2250/5000   risk = 0.34  riskauc = 0.91   time = 27806487   
2375/5000   risk = 0.34  riskauc = 0.91   time = 29322240   
2500/5000   risk = 0.34  riskauc = 0.91   time = 30834125   
2625/5000   risk = 0.34  riskauc = 0.91   time = 32385397   
2750/5000   risk = 0.34  riskauc = 0.91   time = 33933516   
2875/5000   risk = 0.34  riskauc = 0.91   time = 35356320   
3000/5000   risk = 0.34  riskauc = 0.91   time = 36896561   
3125/5000   risk = 0.34  riskauc = 0.91   time = 38285979   
3250/5000   risk = 0.34  riskauc = 0.91   time = 39649038   
3375/5000   risk = 0.34  riskauc = 0.91   time = 40997577   
3500/5000   risk = 0.34  riskauc = 0.91   time = 42366713   
3625/5000   risk = 0.34  riskauc = 0.91   time = 43748375   
3750/5000   risk = 0.34  riskauc = 0.91   time = 45235969   
3875/5000   risk = 0.34  riskauc = 0.91   time = 46766531   
4000/5000   risk = 0.34  riskauc = 0.91   time = 48379776   
4125/5000   risk = 0.34  riskauc = 0.91   time = 50068587   
4250/5000   risk = 0.34  riskauc = 0.91   time = 51625794   
4375/5000   risk = 0.34  riskauc = 0.91   time = 53210337   
4500/5000   risk = 0.34  riskauc = 0.91   time = 54790550   
4625/5000   risk = 0.34  riskauc = 0.91   time = 56365161   
4750/5000   risk = 0.34  riskauc = 0.91   time = 57911482   
4875/5000   risk = 0.35  riskauc = 0.91   time = 59482793   
5000/5000   risk = 0.35  riskauc = 0.91   time = 61093149   


Train 5000 iterations in 61 Seconds.
Final risk based on the train set: 0.35

INFO  [01:33:11.557] [mlr3]  [LGCOMPBOOST] iterations:'stop_cwb',5000,'stop_acwb',NA,'stop_hcwb',NA 
INFO  [01:33:11.560] [mlr3]  [LGCOMPBOOST] risk_inbag:'risk_intercept',0.550260,'risk_cwb',0.345447,'risk_acwb',NA,'risk_hcwb',NA 
INFO  [01:33:11.562] [mlr3]  [LGCOMPBOOST] risk_oob:'risk_intercept_oob',NA,'risk_cwb_oob',NA,'risk_acwb_oob',NA,'risk_hcwb_oob',NA 
DEBUG [01:33:11.567] [mlr3]  Learner 'acc_cwb' on task 'Task 7592: adult (Supervised Classification)' succeeded to fit a model {learner: <LearnerClassifCompboost/LearnerClassif/Learner/R6>, result: <list>, messages: }
DEBUG [01:33:11.579] [mlr3]  Skip subsetting of task 'Task 7592: adult (Supervised Classification)' 
DEBUG [01:33:11.582] [mlr3]  Calling train method of Learner 'acc_cwb' on task 'Task 7592: adult (Supervised Classification)' with 39074 observations {learner: <LearnerClassifCompboost/LearnerClassif/Learner/R6>}
Warning in get_private(learner)$.train(task) :
  Number of cores 30 exceeds number of features 14. The number of cores are set to 14!
INFO  [01:33:11.657] [mlr3]  [LGCOMPBOOST] Running compboost with df 5.000000 and df_cat 2.000000 
   1/5000   risk = 0.55  time = 3   
 125/5000   risk = 0.45  time = 1095048   
 250/5000   risk = 0.42  time = 2101673   
 375/5000   risk = 0.4  time = 3088452   
 500/5000   risk = 0.38  time = 4069319   
 625/5000   risk = 0.37  time = 4813202   
 750/5000   risk = 0.37  time = 5575680   
 875/5000   risk = 0.36  time = 6304192   
1000/5000   risk = 0.36  time = 7032457   
1125/5000   risk = 0.35  time = 7762849   
1250/5000   risk = 0.35  time = 8502325   
1375/5000   risk = 0.35  time = 9249544   
1500/5000   risk = 0.34  time = 10000828   
1625/5000   risk = 0.34  time = 10754980   
1750/5000   risk = 0.34  time = 11516156   
1875/5000   risk = 0.34  time = 12269096   
2000/5000   risk = 0.34  time = 13029627   
2125/5000   risk = 0.34  time = 13784617   
2250/5000   risk = 0.34  time = 14551596   
2375/5000   risk = 0.34  time = 15316806   
2500/5000   risk = 0.34  time = 16088676   
2625/5000   risk = 0.34  time = 16856061   
2750/5000   risk = 0.34  time = 17611898   
2875/5000   risk = 0.34  time = 18396216   
3000/5000   risk = 0.34  time = 19159576   
3125/5000   risk = 0.34  time = 19941947   
3250/5000   risk = 0.34  time = 20717394   
3375/5000   risk = 0.34  time = 21506785   
3500/5000   risk = 0.34  time = 22313319   
3625/5000   risk = 0.34  time = 23123560   
3750/5000   risk = 0.34  time = 23938556   
3875/5000   risk = 0.34  time = 24755961   
4000/5000   risk = 0.34  time = 25564836   
4125/5000   risk = 0.34  time = 26372756   
4250/5000   risk = 0.34  time = 27194111   
4375/5000   risk = 0.34  time = 28004560   
4500/5000   risk = 0.34  time = 28826832   
4625/5000   risk = 0.34  time = 29649449   
4750/5000   risk = 0.34  time = 30460458   
4875/5000   risk = 0.35  time = 31274686   
5000/5000   risk = 0.35  time = 32094972   


Train 5000 iterations in 32 Seconds.
Final risk based on the train set: 0.35

INFO  [01:33:51.230] [mlr3]  [LGCOMPBOOST] iterations:'stop_cwb',5000,'stop_acwb',NA,'stop_hcwb',NA 
INFO  [01:33:51.234] [mlr3]  [LGCOMPBOOST] risk_inbag:'risk_intercept',0.550260,'risk_cwb',0.345447,'risk_acwb',NA,'risk_hcwb',NA 
INFO  [01:33:51.237] [mlr3]  [LGCOMPBOOST] risk_oob:'risk_intercept_oob',NA,'risk_cwb_oob',NA,'risk_acwb_oob',NA,'risk_hcwb_oob',NA 
DEBUG [01:33:51.244] [mlr3]  Learner 'acc_cwb' on task 'Task 7592: adult (Supervised Classification)' succeeded to fit a model {learner: <LearnerClassifCompboost/LearnerClassif/Learner/R6>, result: <list>, messages: }

### [bt]: Job terminated successfully [batchtools job.id=48]
### [bt]: Calculation finished!
