### [bt]: This is batchtools v0.9.15
### [bt]: Starting calculation of 1 jobs
### [bt]: Setting working directory to '/home/user/repos/cacb-batchtools/eq1'
[2021-07-25 20:54:56] Loading new learner
[2021-07-25 20:54:56] Loading tasks
[2021-07-25 20:54:59] Loading resampling
### [bt]: Memory measurement disabled
### [bt]: Starting job [batchtools job.id=39]
### [bt]: Generating problem instance for problem '7592-fold3' ...
### [bt]: Applying algorithm 'evaluate-learner' on problem '7592-fold3' for job 39 (seed = 31454) ...
DEBUG [20:55:00.644] [mlr3]  Skip subsetting of task 'Task 7592: adult (Supervised Classification)' 
DEBUG [20:55:00.648] [mlr3]  Calling train method of Learner 'acc_acwb' on task 'Task 7592: adult (Supervised Classification)' with 39074 observations {learner: <LearnerClassifCompboost/LearnerClassif/Learner/R6>}
Warning in get_private(learner)$.train(task) :
  Number of cores 30 exceeds number of features 14. The number of cores are set to 14!
INFO  [20:55:00.739] [mlr3]  [LGCOMPBOOST] Running compboost with df 5.000000 and df_cat 2.000000 
   1/5000   risk = 0.55  riskauc = 0.78   time = 3   
 125/5000   risk = 0.49  riskauc = 0.89   time = 2729039   
 250/5000   risk = 0.43  riskauc = 0.89   time = 5374249   
 375/5000   risk = 0.39  riskauc = 0.9   time = 8061437   
 500/5000   risk = 0.35  riskauc = 0.91   time = 10670709   
 625/5000   risk = 0.33  riskauc = 0.91   time = 12966558   
 750/5000   risk = 0.32  riskauc = 0.91   time = 15279527   
 875/5000   risk = 0.32  riskauc = 0.91   time = 17429390   
1000/5000   risk = 0.32  riskauc = 0.91   time = 19900142   
1125/5000   risk = 0.32  riskauc = 0.91   time = 22258218   
1250/5000   risk = 0.33  riskauc = 0.91   time = 24605869   
1375/5000   risk = 0.33  riskauc = 0.91   time = 26972215   
1500/5000   risk = 0.34  riskauc = 0.91   time = 29887136   
1625/5000   risk = 0.34  riskauc = 0.91   time = 32985352   
1750/5000   risk = 0.34  riskauc = 0.92   time = 36070209   
1875/5000   risk = 0.35  riskauc = 0.92   time = 39313478   
2000/5000   risk = 0.35  riskauc = 0.92   time = 42386673   
2125/5000   risk = 0.35  riskauc = 0.92   time = 45204054   
2250/5000   risk = 0.35  riskauc = 0.92   time = 47793273   
2375/5000   risk = 0.35  riskauc = 0.92   time = 50216155   
2500/5000   risk = 0.35  riskauc = 0.92   time = 52557523   
2625/5000   risk = 0.36  riskauc = 0.92   time = 54867184   
2750/5000   risk = 0.36  riskauc = 0.92   time = 57359765   
2875/5000   risk = 0.36  riskauc = 0.92   time = 59810108   
3000/5000   risk = 0.36  riskauc = 0.92   time = 62256448   
3125/5000   risk = 0.36  riskauc = 0.92   time = 64638693   
3250/5000   risk = 0.36  riskauc = 0.92   time = 67020525   
3375/5000   risk = 0.36  riskauc = 0.92   time = 69431009   
3500/5000   risk = 0.36  riskauc = 0.92   time = 71821864   
3625/5000   risk = 0.36  riskauc = 0.92   time = 74410918   
3750/5000   risk = 0.36  riskauc = 0.92   time = 76858037   
3875/5000   risk = 0.36  riskauc = 0.92   time = 79296061   
4000/5000   risk = 0.36  riskauc = 0.92   time = 81673446   
4125/5000   risk = 0.36  riskauc = 0.92   time = 84206984   
4250/5000   risk = 0.36  riskauc = 0.92   time = 86711999   
4375/5000   risk = 0.36  riskauc = 0.92   time = 89201256   
4500/5000   risk = 0.36  riskauc = 0.92   time = 91769926   
4625/5000   risk = 0.36  riskauc = 0.92   time = 94345104   
4750/5000   risk = 0.36  riskauc = 0.92   time = 97192747   
4875/5000   risk = 0.36  riskauc = 0.92   time = 100271497   
5000/5000   risk = 0.36  riskauc = 0.92   time = 103344557   


Train 5000 iterations in 103 Seconds.
Final risk based on the train set: 0.36

INFO  [20:56:51.876] [mlr3]  [LGCOMPBOOST] iterations:'stop_cwb',NA,'stop_acwb',5000,'stop_hcwb',NA 
INFO  [20:56:51.879] [mlr3]  [LGCOMPBOOST] risk_inbag:'risk_intercept',0.550260,'risk_cwb',NA,'risk_acwb',0.356318,'risk_hcwb',NA 
INFO  [20:56:51.881] [mlr3]  [LGCOMPBOOST] risk_oob:'risk_intercept_oob',NA,'risk_cwb_oob',NA,'risk_acwb_oob',NA,'risk_hcwb_oob',NA 
DEBUG [20:56:51.886] [mlr3]  Learner 'acc_acwb' on task 'Task 7592: adult (Supervised Classification)' succeeded to fit a model {learner: <LearnerClassifCompboost/LearnerClassif/Learner/R6>, result: <list>, messages: }
DEBUG [20:56:51.899] [mlr3]  Skip subsetting of task 'Task 7592: adult (Supervised Classification)' 
DEBUG [20:56:51.902] [mlr3]  Calling train method of Learner 'acc_acwb' on task 'Task 7592: adult (Supervised Classification)' with 39074 observations {learner: <LearnerClassifCompboost/LearnerClassif/Learner/R6>}
Warning in get_private(learner)$.train(task) :
  Number of cores 30 exceeds number of features 14. The number of cores are set to 14!
INFO  [20:56:51.970] [mlr3]  [LGCOMPBOOST] Running compboost with df 5.000000 and df_cat 2.000000 
   1/5000   risk = 0.55  time = 2   
 125/5000   risk = 0.49  time = 2076886   
 250/5000   risk = 0.43  time = 4106954   
 375/5000   risk = 0.39  time = 6109831   
 500/5000   risk = 0.35  time = 8081596   
 625/5000   risk = 0.33  time = 10067390   
 750/5000   risk = 0.32  time = 12062559   
 875/5000   risk = 0.32  time = 14078274   
1000/5000   risk = 0.32  time = 16144381   
1125/5000   risk = 0.32  time = 18099773   
1250/5000   risk = 0.33  time = 20109489   
1375/5000   risk = 0.33  time = 22082823   
1500/5000   risk = 0.34  time = 24171057   
1625/5000   risk = 0.34  time = 26178045   
1750/5000   risk = 0.34  time = 28235302   
1875/5000   risk = 0.35  time = 30236578   
2000/5000   risk = 0.35  time = 32172927   
2125/5000   risk = 0.35  time = 34216289   
2250/5000   risk = 0.35  time = 36293172   
2375/5000   risk = 0.35  time = 38341837   
2500/5000   risk = 0.35  time = 40386720   
2625/5000   risk = 0.36  time = 42374558   
2750/5000   risk = 0.36  time = 44323033   
2875/5000   risk = 0.36  time = 46293244   
3000/5000   risk = 0.36  time = 48197918   
3125/5000   risk = 0.36  time = 50220993   
3250/5000   risk = 0.36  time = 52293464   
3375/5000   risk = 0.36  time = 54378380   
3500/5000   risk = 0.36  time = 56486955   
3625/5000   risk = 0.36  time = 58608847   
3750/5000   risk = 0.36  time = 60712124   
3875/5000   risk = 0.36  time = 62858233   
4000/5000   risk = 0.36  time = 64978371   
4125/5000   risk = 0.36  time = 67139566   
4250/5000   risk = 0.36  time = 69302044   
4375/5000   risk = 0.36  time = 71211959   
4500/5000   risk = 0.36  time = 73076577   
4625/5000   risk = 0.36  time = 74965885   
4750/5000   risk = 0.36  time = 76909374   
4875/5000   risk = 0.36  time = 78815121   
5000/5000   risk = 0.36  time = 80952790   


Train 5000 iterations in 80 Seconds.
Final risk based on the train set: 0.36

INFO  [20:58:19.916] [mlr3]  [LGCOMPBOOST] iterations:'stop_cwb',NA,'stop_acwb',5000,'stop_hcwb',NA 
INFO  [20:58:19.920] [mlr3]  [LGCOMPBOOST] risk_inbag:'risk_intercept',0.550260,'risk_cwb',NA,'risk_acwb',0.356318,'risk_hcwb',NA 
INFO  [20:58:19.921] [mlr3]  [LGCOMPBOOST] risk_oob:'risk_intercept_oob',NA,'risk_cwb_oob',NA,'risk_acwb_oob',NA,'risk_hcwb_oob',NA 
DEBUG [20:58:19.928] [mlr3]  Learner 'acc_acwb' on task 'Task 7592: adult (Supervised Classification)' succeeded to fit a model {learner: <LearnerClassifCompboost/LearnerClassif/Learner/R6>, result: <list>, messages: }

### [bt]: Job terminated successfully [batchtools job.id=39]
### [bt]: Calculation finished!
