### [bt]: This is batchtools v0.9.15
### [bt]: Starting calculation of 1 jobs
### [bt]: Setting working directory to '/home/user/repos/cacb-batchtools/eq1'
Loading required package: data.table
Loading required package: R6
Loading required package: mlr3
Loading required package: mlr3learners
Loading required package: mlr3extralearners

Attaching package: ‘mlr3extralearners’

The following objects are masked from ‘package:mlr3’:

    lrn, lrns

Loading required package: mlr3pipelines
Loading required package: mlr3tuning
Loading required package: paradox
Loading required package: compboost
[2021-08-02 00:03:48] Loading new learner LearnerClassifCWB
[2021-08-02 00:03:48] Loading new learner LearnerClassifHCWB
[2021-08-02 00:03:48] Loading new learner
[2021-08-02 00:03:48] Loading tasks
[2021-08-02 00:03:51] Loading resampling
### [bt]: Memory measurement disabled
### [bt]: Starting job [batchtools job.id=1]
### [bt]: Generating problem instance for problem 'spam-fold1' ...
### [bt]: Applying algorithm 'evaluate-learner' on problem 'spam-fold1' for job 1 (seed = 31416) ...
DEBUG [00:03:52.336] [mlr3]  Skip subsetting of task 'spam' 
DEBUG [00:03:52.417] [mlr3]  Calling train method of Learner 'bin_cwb_nb' on task 'spam' with 3680 observations {learner: <LearnerClassifCWB/LearnerClassif/Learner/R6>}
   1/5000   risk = 0.66  oob_risk = 0.65   test_auc = 0.15   time = 2   val_auc = 0.16   
 125/5000   risk = 0.074  oob_risk = inf   test_auc = 0.082   time = 1260644   val_auc = 0.076   
 250/5000   risk = 0.043  oob_risk = inf   test_auc = 0.11   time = 2617404   val_auc = 0.099   
 375/5000   risk = 0.029  oob_risk = inf   test_auc = 0.11   time = 4174709   val_auc = 0.11   
 500/5000   risk = 0.021  oob_risk = inf   test_auc = 0.13   time = 5580616   val_auc = 0.12   
 625/5000   risk = 0.018  oob_risk = inf   test_auc = 0.13   time = 6919630   val_auc = 0.13   
 750/5000   risk = 0.018  oob_risk = inf   test_auc = 0.13   time = 8237354   val_auc = 0.14   
 875/5000   risk = 0.02  oob_risk = inf   test_auc = 0.15   time = 9686511   val_auc = 0.14   
1000/5000   risk = 0.019  oob_risk = inf   test_auc = 0.15   time = 11110686   val_auc = 0.14   
1125/5000   risk = 0.023  oob_risk = inf   test_auc = 0.15   time = 12491746   val_auc = 0.14   
1250/5000   risk = 0.027  oob_risk = inf   test_auc = 0.14   time = 14096663   val_auc = 0.14   
1375/5000   risk = 0.039  oob_risk = inf   test_auc = 0.15   time = 15505250   val_auc = 0.15   
1500/5000   risk = 0.044  oob_risk = inf   test_auc = 0.15   time = 16971318   val_auc = 0.15   
1625/5000   risk = 0.058  oob_risk = inf   test_auc = 0.16   time = 18536872   val_auc = 0.15   
1750/5000   risk = 0.078  oob_risk = inf   test_auc = 0.16   time = 19961544   val_auc = 0.16   
1875/5000   risk = 0.081  oob_risk = inf   test_auc = 0.16   time = 21324481   val_auc = 0.16   
2000/5000   risk = 0.15  oob_risk = inf   test_auc = 0.16   time = 22709820   val_auc = 0.16   
2125/5000   risk = 0.17  oob_risk = inf   test_auc = 0.15   time = 24024524   val_auc = 0.16   
2250/5000   risk = 0.24  oob_risk = inf   test_auc = 0.16   time = 25353965   val_auc = 0.17   
2375/5000   risk = 0.35  oob_risk = inf   test_auc = 0.16   time = 26735291   val_auc = 0.18   
2500/5000   risk = 0.42  oob_risk = inf   test_auc = 0.16   time = 28118213   val_auc = 0.17   
2625/5000   risk = 0.47  oob_risk = inf   test_auc = 0.16   time = 29638441   val_auc = 0.17   
2750/5000   risk = 0.68  oob_risk = inf   test_auc = 0.15   time = 31169247   val_auc = 0.18   
2875/5000   risk = 0.63  oob_risk = inf   test_auc = 0.15   time = 32850998   val_auc = 0.18   
3000/5000   risk = 0.69  oob_risk = inf   test_auc = 0.16   time = 34378955   val_auc = 0.17   
3125/5000   risk = 0.92  oob_risk = inf   test_auc = 0.16   time = 35927130   val_auc = 0.17   
3250/5000   risk = 0.83  oob_risk = inf   test_auc = 0.17   time = 37461410   val_auc = 0.17   
3375/5000   risk = 0.98  oob_risk = inf   test_auc = 0.17   time = 38978803   val_auc = 0.17   
3500/5000   risk = 1.1  oob_risk = inf   test_auc = 0.17   time = 40619878   val_auc = 0.17   
3625/5000   risk = 1.2  oob_risk = inf   test_auc = 0.17   time = 42076285   val_auc = 0.17   
3750/5000   risk = 1.3  oob_risk = inf   test_auc = 0.16   time = 43564242   val_auc = 0.18   
3875/5000   risk = 1.4  oob_risk = inf   test_auc = 0.17   time = 45199912   val_auc = 0.18   
4000/5000   risk = 1.2  oob_risk = inf   test_auc = 0.17   time = 46806865   val_auc = 0.18   
4125/5000   risk = 1.2  oob_risk = inf   test_auc = 0.17   time = 48458579   val_auc = 0.18   
4250/5000   risk = 1.4  oob_risk = inf   test_auc = 0.17   time = 50099236   val_auc = 0.19   
4375/5000   risk = 1.6  oob_risk = inf   test_auc = 0.18   time = 51741803   val_auc = 0.19   
4500/5000   risk = 1.5  oob_risk = inf   test_auc = 0.18   time = 53230299   val_auc = 0.19   
4625/5000   risk = 1.3  oob_risk = inf   test_auc = 0.19   time = 54830962   val_auc = 0.19   
4750/5000   risk = 1.3  oob_risk = inf   test_auc = 0.19   time = 56439322   val_auc = 0.2   
4875/5000   risk = 1.6  oob_risk = inf   test_auc = 0.19   time = 58104663   val_auc = 0.2   
5000/5000   risk = 1.8  oob_risk = inf   test_auc = 0.18   time = 59665571   val_auc = 0.2   


Train 5000 iterations in 60 Seconds.
Final risk based on the train set: 1.8

DEBUG [00:04:55.358] [mlr3]  Learner 'bin_cwb_nb' on task 'spam' succeeded to fit a model {learner: <LearnerClassifCWB/LearnerClassif/Learner/R6>, result: <list>, messages: }

### [bt]: Job terminated successfully [batchtools job.id=1]
### [bt]: Calculation finished!
