### [bt]: This is batchtools v0.9.15
### [bt]: Starting calculation of 1 jobs
### [bt]: Setting working directory to '/home/user/repos/cacb-batchtools/eq1'
[2021-07-26 00:45:51] Loading new learner
[2021-07-26 00:45:51] Loading tasks
[2021-07-26 00:45:54] Loading resampling
### [bt]: Memory measurement disabled
### [bt]: Starting job [batchtools job.id=28]
### [bt]: Generating problem instance for problem '7592-fold1' ...
### [bt]: Applying algorithm 'evaluate-learner' on problem '7592-fold1' for job 28 (seed = 31443) ...
DEBUG [00:45:55.453] [mlr3]  Skip subsetting of task 'Task 7592: adult (Supervised Classification)' 
DEBUG [00:45:55.456] [mlr3]  Calling train method of Learner 'acc_cwb' on task 'Task 7592: adult (Supervised Classification)' with 39073 observations {learner: <LearnerClassifCompboost/LearnerClassif/Learner/R6>}
Warning in get_private(learner)$.train(task) :
  Number of cores 30 exceeds number of features 14. The number of cores are set to 14!
INFO  [00:45:55.561] [mlr3]  [LGCOMPBOOST] Running compboost with df 5.000000 and df_cat 2.000000 
   1/5000   risk = 0.55  riskauc = 0.79   time = 2   
 125/5000   risk = 0.46  riskauc = 0.87   time = 1582310   
 250/5000   risk = 0.42  riskauc = 0.88   time = 3247562   
 375/5000   risk = 0.4  riskauc = 0.88   time = 4477663   
 500/5000   risk = 0.38  riskauc = 0.89   time = 5714074   
 625/5000   risk = 0.37  riskauc = 0.89   time = 7010330   
 750/5000   risk = 0.37  riskauc = 0.9   time = 8264931   
 875/5000   risk = 0.36  riskauc = 0.9   time = 9811632   
1000/5000   risk = 0.36  riskauc = 0.9   time = 11053365   
1125/5000   risk = 0.35  riskauc = 0.9   time = 12319932   
1250/5000   risk = 0.35  riskauc = 0.9   time = 13581758   
1375/5000   risk = 0.35  riskauc = 0.9   time = 15138081   
1500/5000   risk = 0.35  riskauc = 0.9   time = 16505450   
1625/5000   risk = 0.34  riskauc = 0.9   time = 18067875   
1750/5000   risk = 0.34  riskauc = 0.91   time = 19807576   
1875/5000   risk = 0.34  riskauc = 0.91   time = 21534904   
2000/5000   risk = 0.34  riskauc = 0.91   time = 23459557   
2125/5000   risk = 0.34  riskauc = 0.91   time = 25162511   
2250/5000   risk = 0.34  riskauc = 0.91   time = 26540449   
2375/5000   risk = 0.34  riskauc = 0.91   time = 27931831   
2500/5000   risk = 0.34  riskauc = 0.91   time = 29593854   
2625/5000   risk = 0.34  riskauc = 0.91   time = 31375972   
2750/5000   risk = 0.34  riskauc = 0.91   time = 33152899   
2875/5000   risk = 0.34  riskauc = 0.91   time = 34882751   
3000/5000   risk = 0.34  riskauc = 0.91   time = 36607922   
3125/5000   risk = 0.34  riskauc = 0.91   time = 38343649   
3250/5000   risk = 0.34  riskauc = 0.91   time = 39997214   
3375/5000   risk = 0.34  riskauc = 0.91   time = 41670511   
3500/5000   risk = 0.34  riskauc = 0.91   time = 43458784   
3625/5000   risk = 0.34  riskauc = 0.91   time = 45329618   
3750/5000   risk = 0.34  riskauc = 0.91   time = 47078879   
3875/5000   risk = 0.34  riskauc = 0.91   time = 48740808   
4000/5000   risk = 0.34  riskauc = 0.91   time = 50154026   
4125/5000   risk = 0.34  riskauc = 0.91   time = 51581339   
4250/5000   risk = 0.34  riskauc = 0.91   time = 53210967   
4375/5000   risk = 0.35  riskauc = 0.91   time = 54748541   
4500/5000   risk = 0.35  riskauc = 0.91   time = 56308919   
4625/5000   risk = 0.35  riskauc = 0.91   time = 57857003   
4750/5000   risk = 0.35  riskauc = 0.91   time = 59756984   
4875/5000   risk = 0.35  riskauc = 0.91   time = 61322738   
5000/5000   risk = 0.35  riskauc = 0.91   time = 62880758   


Train 5000 iterations in 62 Seconds.
Final risk based on the train set: 0.35

INFO  [00:47:05.705] [mlr3]  [LGCOMPBOOST] iterations:'stop_cwb',5000,'stop_acwb',NA,'stop_hcwb',NA 
INFO  [00:47:05.708] [mlr3]  [LGCOMPBOOST] risk_inbag:'risk_intercept',0.550237,'risk_cwb',0.346179,'risk_acwb',NA,'risk_hcwb',NA 
INFO  [00:47:05.710] [mlr3]  [LGCOMPBOOST] risk_oob:'risk_intercept_oob',NA,'risk_cwb_oob',NA,'risk_acwb_oob',NA,'risk_hcwb_oob',NA 
DEBUG [00:47:05.716] [mlr3]  Learner 'acc_cwb' on task 'Task 7592: adult (Supervised Classification)' succeeded to fit a model {learner: <LearnerClassifCompboost/LearnerClassif/Learner/R6>, result: <list>, messages: }
DEBUG [00:47:05.729] [mlr3]  Skip subsetting of task 'Task 7592: adult (Supervised Classification)' 
DEBUG [00:47:05.733] [mlr3]  Calling train method of Learner 'acc_cwb' on task 'Task 7592: adult (Supervised Classification)' with 39073 observations {learner: <LearnerClassifCompboost/LearnerClassif/Learner/R6>}
Warning in get_private(learner)$.train(task) :
  Number of cores 30 exceeds number of features 14. The number of cores are set to 14!
INFO  [00:47:05.811] [mlr3]  [LGCOMPBOOST] Running compboost with df 5.000000 and df_cat 2.000000 
   1/5000   risk = 0.55  time = 3   
 125/5000   risk = 0.46  time = 993766   
 250/5000   risk = 0.42  time = 1708429   
 375/5000   risk = 0.4  time = 2406612   
 500/5000   risk = 0.38  time = 3096415   
 625/5000   risk = 0.37  time = 3801597   
 750/5000   risk = 0.37  time = 4484379   
 875/5000   risk = 0.36  time = 5463668   
1000/5000   risk = 0.36  time = 6673351   
1125/5000   risk = 0.35  time = 7883182   
1250/5000   risk = 0.35  time = 9136957   
1375/5000   risk = 0.35  time = 10399892   
1500/5000   risk = 0.35  time = 11242081   
1625/5000   risk = 0.34  time = 12069176   
1750/5000   risk = 0.34  time = 12844996   
1875/5000   risk = 0.34  time = 13563323   
2000/5000   risk = 0.34  time = 14308454   
2125/5000   risk = 0.34  time = 15070563   
2250/5000   risk = 0.34  time = 15811880   
2375/5000   risk = 0.34  time = 16549679   
2500/5000   risk = 0.34  time = 17280706   
2625/5000   risk = 0.34  time = 18151286   
2750/5000   risk = 0.34  time = 19072154   
2875/5000   risk = 0.34  time = 19992893   
3000/5000   risk = 0.34  time = 20931834   
3125/5000   risk = 0.34  time = 21890497   
3250/5000   risk = 0.34  time = 22796849   
3375/5000   risk = 0.34  time = 23670556   
3500/5000   risk = 0.34  time = 24535031   
3625/5000   risk = 0.34  time = 25401604   
3750/5000   risk = 0.34  time = 26273664   
3875/5000   risk = 0.34  time = 27130624   
4000/5000   risk = 0.34  time = 28002523   
4125/5000   risk = 0.34  time = 28984175   
4250/5000   risk = 0.34  time = 30062230   
4375/5000   risk = 0.35  time = 31132189   
4500/5000   risk = 0.35  time = 32158531   
4625/5000   risk = 0.35  time = 33263327   
4750/5000   risk = 0.35  time = 34355805   
4875/5000   risk = 0.35  time = 35363130   
5000/5000   risk = 0.35  time = 36477205   


Train 5000 iterations in 36 Seconds.
Final risk based on the train set: 0.35

INFO  [00:47:49.128] [mlr3]  [LGCOMPBOOST] iterations:'stop_cwb',5000,'stop_acwb',NA,'stop_hcwb',NA 
INFO  [00:47:49.135] [mlr3]  [LGCOMPBOOST] risk_inbag:'risk_intercept',0.550237,'risk_cwb',0.346179,'risk_acwb',NA,'risk_hcwb',NA 
INFO  [00:47:49.137] [mlr3]  [LGCOMPBOOST] risk_oob:'risk_intercept_oob',NA,'risk_cwb_oob',NA,'risk_acwb_oob',NA,'risk_hcwb_oob',NA 
DEBUG [00:47:49.147] [mlr3]  Learner 'acc_cwb' on task 'Task 7592: adult (Supervised Classification)' succeeded to fit a model {learner: <LearnerClassifCompboost/LearnerClassif/Learner/R6>, result: <list>, messages: }

### [bt]: Job terminated successfully [batchtools job.id=28]
### [bt]: Calculation finished!
