### [bt]: This is batchtools v0.9.15
### [bt]: Starting calculation of 1 jobs
### [bt]: Setting working directory to '/home/user/repos/cacb-batchtools/eq1'
[2021-07-28 14:31:01] Loading new learner
[2021-07-28 14:31:01] Loading tasks
[2021-07-28 14:31:04] Loading resampling
### [bt]: Memory measurement disabled
### [bt]: Starting job [batchtools job.id=70]
### [bt]: Generating problem instance for problem '189866-fold3' ...
### [bt]: Applying algorithm 'evaluate-learner' on problem '189866-fold3' for job 70 (seed = 31485) ...
DEBUG [14:31:08.717] [mlr3]  Skip subsetting of task 'Task 189866: albert (Supervised Classification)' 
DEBUG [14:31:08.720] [mlr3]  Calling train method of Learner 'bin_cwb_b' on task 'Task 189866: albert (Supervised Classification)' with 340192 observations {learner: <LearnerClassifCompboost/LearnerClassif/Learner/R6>}
   1/5000   risk = 0.69  riskauc = 0.64   time = 5   
 125/5000   risk = 0.63  riskauc = 0.71   time = 18016846   
 250/5000   risk = 0.63  riskauc = 0.72   time = 35603737   
 375/5000   risk = 0.63  riskauc = 0.72   time = 53266870   
 500/5000   risk = 0.64  riskauc = 0.73   time = 70871895   
 625/5000   risk = 0.64  riskauc = 0.73   time = 88360941   
 750/5000   risk = 0.64  riskauc = 0.73   time = 106017423   
 875/5000   risk = 0.64  riskauc = 0.73   time = 123798439   
1000/5000   risk = 0.64  riskauc = 0.73   time = 142021483   
1125/5000   risk = 0.64  riskauc = 0.73   time = 159782496   
1250/5000   risk = 0.65  riskauc = 0.73   time = 177541511   
1375/5000   risk = 0.65  riskauc = 0.73   time = 195378265   
1500/5000   risk = 0.65  riskauc = 0.73   time = 213208618   
1625/5000   risk = 0.65  riskauc = 0.73   time = 231184770   
1750/5000   risk = 0.65  riskauc = 0.73   time = 248999510   
1875/5000   risk = 0.65  riskauc = 0.73   time = 266984436   
2000/5000   risk = 0.65  riskauc = 0.73   time = 284497022   
2125/5000   risk = 0.65  riskauc = 0.73   time = 302384894   
2250/5000   risk = 0.65  riskauc = 0.73   time = 320531706   
2375/5000   risk = 0.65  riskauc = 0.73   time = 338264883   
2500/5000   risk = 0.65  riskauc = 0.73   time = 356393360   
2625/5000   risk = 0.65  riskauc = 0.73   time = 374075408   
2750/5000   risk = 0.65  riskauc = 0.73   time = 391802890   
2875/5000   risk = 0.65  riskauc = 0.73   time = 410020032   
3000/5000   risk = 0.65  riskauc = 0.73   time = 428156425   
3125/5000   risk = 0.65  riskauc = 0.73   time = 445973465   
3250/5000   risk = 0.65  riskauc = 0.73   time = 463911164   
3375/5000   risk = 0.65  riskauc = 0.73   time = 481592223   
3500/5000   risk = 0.65  riskauc = 0.73   time = 499857847   
3625/5000   risk = 0.65  riskauc = 0.73   time = 518137185   
3750/5000   risk = 0.65  riskauc = 0.73   time = 536352498   
3875/5000   risk = 0.65  riskauc = 0.73   time = 554244557   
4000/5000   risk = 0.65  riskauc = 0.73   time = 572141411   
4125/5000   risk = 0.65  riskauc = 0.73   time = 589890492   
4250/5000   risk = 0.65  riskauc = 0.73   time = 607967903   
4375/5000   risk = 0.65  riskauc = 0.73   time = 625845539   
4500/5000   risk = 0.65  riskauc = 0.73   time = 643931468   
4625/5000   risk = 0.65  riskauc = 0.73   time = 661775541   
4750/5000   risk = 0.65  riskauc = 0.73   time = 679598860   
4875/5000   risk = 0.65  riskauc = 0.73   time = 697187868   
5000/5000   risk = 0.65  riskauc = 0.73   time = 715614148   


Train 5000 iterations in 715 Seconds.
Final risk based on the train set: 0.65

DEBUG [14:43:13.397] [mlr3]  Learner 'bin_cwb_b' on task 'Task 189866: albert (Supervised Classification)' succeeded to fit a model {learner: <LearnerClassifCompboost/LearnerClassif/Learner/R6>, result: <list>, messages: }
DEBUG [14:43:13.416] [mlr3]  Skip subsetting of task 'Task 189866: albert (Supervised Classification)' 
DEBUG [14:43:13.419] [mlr3]  Calling train method of Learner 'bin_cwb_b' on task 'Task 189866: albert (Supervised Classification)' with 340192 observations {learner: <LearnerClassifCompboost/LearnerClassif/Learner/R6>}
   1/5000   risk = 0.69  time = 4   
 125/5000   risk = 0.63  time = 13900240   
 250/5000   risk = 0.63  time = 29148065   
 375/5000   risk = 0.63  time = 44311920   
 500/5000   risk = 0.64  time = 59183035   
 625/5000   risk = 0.64  time = 73906649   
 750/5000   risk = 0.64  time = 88409561   
 875/5000   risk = 0.64  time = 102942319   
1000/5000   risk = 0.64  time = 117461965   
1125/5000   risk = 0.64  time = 132094063   
1250/5000   risk = 0.65  time = 146647279   
1375/5000   risk = 0.65  time = 161195443   
1500/5000   risk = 0.65  time = 175682081   
1625/5000   risk = 0.65  time = 190302898   
1750/5000   risk = 0.65  time = 205012826   
1875/5000   risk = 0.65  time = 220166759   
2000/5000   risk = 0.65  time = 235414153   
2125/5000   risk = 0.65  time = 250794085   
2250/5000   risk = 0.65  time = 266728023   
2375/5000   risk = 0.65  time = 282412616   
2500/5000   risk = 0.65  time = 298088325   
2625/5000   risk = 0.65  time = 313844529   
2750/5000   risk = 0.65  time = 329472025   
2875/5000   risk = 0.65  time = 345336003   
3000/5000   risk = 0.65  time = 361213177   
3125/5000   risk = 0.65  time = 377164205   
3250/5000   risk = 0.65  time = 393164587   
3375/5000   risk = 0.65  time = 409149729   
3500/5000   risk = 0.65  time = 424514386   
3625/5000   risk = 0.65  time = 439563333   
3750/5000   risk = 0.65  time = 454738190   
3875/5000   risk = 0.65  time = 469923345   
4000/5000   risk = 0.65  time = 484645908   
4125/5000   risk = 0.65  time = 499500174   
4250/5000   risk = 0.65  time = 514090848   
4375/5000   risk = 0.65  time = 528690341   
4500/5000   risk = 0.65  time = 542740945   
4625/5000   risk = 0.65  time = 556815130   
4750/5000   risk = 0.65  time = 570853182   
4875/5000   risk = 0.65  time = 584946080   
5000/5000   risk = 0.65  time = 599100530   


Train 5000 iterations in 599 Seconds.
Final risk based on the train set: 0.65

DEBUG [14:53:19.683] [mlr3]  Learner 'bin_cwb_b' on task 'Task 189866: albert (Supervised Classification)' succeeded to fit a model {learner: <LearnerClassifCompboost/LearnerClassif/Learner/R6>, result: <list>, messages: }

### [bt]: Job terminated successfully [batchtools job.id=70]
### [bt]: Calculation finished!
