### [bt]: This is batchtools v0.9.15
### [bt]: Starting calculation of 1 jobs
### [bt]: Setting working directory to '/home/user/repos/cacb-batchtools/eq1'
[2021-07-27 20:09:28] Loading new learner
[2021-07-27 20:09:28] Loading tasks
[2021-07-27 20:09:30] Loading resampling
### [bt]: Memory measurement disabled
### [bt]: Starting job [batchtools job.id=27]
### [bt]: Generating problem instance for problem '7592-fold2' ...
### [bt]: Applying algorithm 'evaluate-learner' on problem '7592-fold2' for job 27 (seed = 31442) ...
DEBUG [20:09:31.644] [mlr3]  Skip subsetting of task 'Task 7592: adult (Supervised Classification)' 
DEBUG [20:09:31.647] [mlr3]  Calling train method of Learner 'acc_acwb' on task 'Task 7592: adult (Supervised Classification)' with 39073 observations {learner: <LearnerClassifCompboost/LearnerClassif/Learner/R6>}
Warning in get_private(learner)$.train(task) :
  Number of cores 30 exceeds number of features 14. The number of cores are set to 14!
   1/5000   risk = 0.54  riskauc = 0.77   time = 3   
 125/5000   risk = 0.36  riskauc = 0.9   time = 3037880   
 250/5000   risk = 0.32  riskauc = 0.91   time = 5965417   
 375/5000   risk = 0.33  riskauc = 0.91   time = 8435690   
 500/5000   risk = 0.34  riskauc = 0.91   time = 10920998   
 625/5000   risk = 0.35  riskauc = 0.91   time = 13334408   
 750/5000   risk = 0.35  riskauc = 0.91   time = 15677420   
 875/5000   risk = 0.35  riskauc = 0.91   time = 18305635   
1000/5000   risk = 0.36  riskauc = 0.91   time = 21357436   
1125/5000   risk = 0.36  riskauc = 0.91   time = 24173015   
1250/5000   risk = 0.36  riskauc = 0.91   time = 27068347   
1375/5000   risk = 0.36  riskauc = 0.91   time = 29815959   
1500/5000   risk = 0.36  riskauc = 0.91   time = 32556538   
1625/5000   risk = 0.36  riskauc = 0.91   time = 35136749   
1750/5000   risk = 0.36  riskauc = 0.91   time = 38283152   
1875/5000   risk = 0.36  riskauc = 0.91   time = 40928445   
2000/5000   risk = 0.36  riskauc = 0.91   time = 43748244   
2125/5000   risk = 0.36  riskauc = 0.91   time = 46845299   
2250/5000   risk = 0.37  riskauc = 0.91   time = 49652077   
2375/5000   risk = 0.38  riskauc = 0.91   time = 52187526   
2500/5000   risk = 0.38  riskauc = 0.91   time = 54710507   
2625/5000   risk = 0.39  riskauc = 0.91   time = 57441882   
2750/5000   risk = 0.42  riskauc = 0.9   time = 60381576   
2875/5000   risk = 0.45  riskauc = 0.9   time = 63675573   
3000/5000   risk = 0.46  riskauc = 0.89   time = 66606475   
3125/5000   risk = 0.49  riskauc = 0.89   time = 69635916   
3250/5000   risk = 0.54  riskauc = 0.89   time = 72777108   
3375/5000   risk = 0.59  riskauc = 0.88   time = 75894587   
3500/5000   risk = 0.65  riskauc = 0.87   time = 79062959   
3625/5000   risk = 0.73  riskauc = 0.86   time = 82106922   
3750/5000   risk = 0.81  riskauc = 0.85   time = 85264036   
3875/5000   risk = 0.88  riskauc = 0.85   time = 88370969   
4000/5000   risk = 0.94  riskauc = 0.86   time = 91466891   
4125/5000   risk = 1  riskauc = 0.85   time = 94724365   
4250/5000   risk = 1.2  riskauc = 0.84   time = 97776184   
4375/5000   risk = 1.3  riskauc = 0.83   time = 100662502   
4500/5000   risk = 1.3  riskauc = 0.83   time = 103586339   
4625/5000   risk = 1.4  riskauc = 0.83   time = 106284785   
4750/5000   risk = 1.7  riskauc = 0.83   time = 109293181   
4875/5000   risk = 2  riskauc = 0.82   time = 112687732   
5000/5000   risk = 2.1  riskauc = 0.83   time = 115816557   


Train 5000 iterations in 115 Seconds.
Final risk based on the train set: 2.1

DEBUG [20:11:30.169] [mlr3]  Learner 'acc_acwb' on task 'Task 7592: adult (Supervised Classification)' succeeded to fit a model {learner: <LearnerClassifCompboost/LearnerClassif/Learner/R6>, result: <list>, messages: }
DEBUG [20:11:30.193] [mlr3]  Skip subsetting of task 'Task 7592: adult (Supervised Classification)' 
DEBUG [20:11:30.198] [mlr3]  Calling train method of Learner 'acc_acwb' on task 'Task 7592: adult (Supervised Classification)' with 39073 observations {learner: <LearnerClassifCompboost/LearnerClassif/Learner/R6>}
Warning in get_private(learner)$.train(task) :
  Number of cores 30 exceeds number of features 14. The number of cores are set to 14!
   1/5000   risk = 0.54  time = 3   
 125/5000   risk = 0.36  time = 1549302   
 250/5000   risk = 0.32  time = 3024338   
 375/5000   risk = 0.33  time = 4501932   
 500/5000   risk = 0.34  time = 6056633   
 625/5000   risk = 0.35  time = 7755821   
 750/5000   risk = 0.35  time = 9489689   
 875/5000   risk = 0.35  time = 11297748   
1000/5000   risk = 0.36  time = 13083593   
1125/5000   risk = 0.36  time = 14905176   
1250/5000   risk = 0.36  time = 16401702   
1375/5000   risk = 0.36  time = 17916296   
1500/5000   risk = 0.36  time = 19496658   
1625/5000   risk = 0.36  time = 21093063   
1750/5000   risk = 0.36  time = 22735164   
1875/5000   risk = 0.36  time = 24304442   
2000/5000   risk = 0.36  time = 25832446   
2125/5000   risk = 0.36  time = 27377895   
2250/5000   risk = 0.37  time = 28946045   
2375/5000   risk = 0.38  time = 30532435   
2500/5000   risk = 0.38  time = 32165163   
2625/5000   risk = 0.39  time = 33740691   
2750/5000   risk = 0.42  time = 35406979   
2875/5000   risk = 0.45  time = 37529580   
3000/5000   risk = 0.46  time = 39129874   
3125/5000   risk = 0.49  time = 40827125   
3250/5000   risk = 0.54  time = 42455110   
3375/5000   risk = 0.59  time = 44049008   
3500/5000   risk = 0.65  time = 46302741   
3625/5000   risk = 0.73  time = 48630782   
3750/5000   risk = 0.81  time = 50561667   
3875/5000   risk = 0.88  time = 52202028   
4000/5000   risk = 0.94  time = 53859116   
4125/5000   risk = 1  time = 55587191   
4250/5000   risk = 1.2  time = 57318441   
4375/5000   risk = 1.3  time = 59036181   
4500/5000   risk = 1.3  time = 61243023   
4625/5000   risk = 1.4  time = 62964880   
4750/5000   risk = 1.7  time = 64769240   
4875/5000   risk = 2  time = 66479974   
5000/5000   risk = 2.1  time = 68195520   


Train 5000 iterations in 68 Seconds.
Final risk based on the train set: 2.1

DEBUG [20:12:40.675] [mlr3]  Learner 'acc_acwb' on task 'Task 7592: adult (Supervised Classification)' succeeded to fit a model {learner: <LearnerClassifCompboost/LearnerClassif/Learner/R6>, result: <list>, messages: }

### [bt]: Job terminated successfully [batchtools job.id=27]
### [bt]: Calculation finished!
