### [bt]: This is batchtools v0.9.15
### [bt]: Starting calculation of 1 jobs
### [bt]: Setting working directory to '/home/user/repos/cacb-batchtools/eq1'
Loading required package: data.table
Loading required package: R6
Loading required package: mlr3
Loading required package: mlr3learners
Loading required package: mlr3extralearners

Attaching package: ‘mlr3extralearners’

The following objects are masked from ‘package:mlr3’:

    lrn, lrns

Loading required package: mlr3pipelines
Loading required package: mlr3tuning
Loading required package: paradox
Loading required package: compboost
[2021-08-01 18:37:20] Loading new learner LearnerClassifCWB
[2021-08-01 18:37:20] Loading new learner LearnerClassifHCWB
[2021-08-01 18:37:20] Loading new learner
[2021-08-01 18:37:20] Loading tasks
[2021-08-01 18:37:23] Loading resampling
### [bt]: Memory measurement disabled
### [bt]: Starting job [batchtools job.id=163]
### [bt]: Generating problem instance for problem '168335-fold3' ...
### [bt]: Applying algorithm 'evaluate-learner' on problem '168335-fold3' for job 163 (seed = 31578) ...
DEBUG [18:37:26.725] [mlr3]  Skip subsetting of task 'Task 168335: MiniBooNE (Supervised Classification)' 
DEBUG [18:37:26.818] [mlr3]  Calling train method of Learner 'acc_hcwb' on task 'Task 168335: MiniBooNE (Supervised Classification)' with 104051 observations {learner: <LearnerClassifHCWB/LearnerClassif/Learner/R6>}
   1/5000   risk = 0.61  riskauc = 0.13   time = 3   val_auc = 0.13   
 125/5000   risk = 0.27  riskauc = 0.043   time = 10741946   val_auc = 0.042   
 250/5000   risk = 0.21  riskauc = 0.032   time = 21516355   val_auc = 0.031   
 375/5000   risk = 0.2  riskauc = 0.028   time = 32268764   val_auc = 0.027   
 500/5000   risk = 0.2  riskauc = 0.027   time = 42885586   val_auc = 0.027   
 625/5000   risk = 0.2  riskauc = 0.027   time = 53574362   val_auc = 0.026   
 750/5000   risk = 0.21  riskauc = 0.027   time = 64326439   val_auc = 0.026   
 875/5000   risk = 0.21  riskauc = 0.027   time = 75069759   val_auc = 0.026   


Train 932 iterations in 81 Seconds.
Final risk based on the train set: 0.21

   1/4079   risk = 0.21  riskauc = 0.027   time = 2   val_auc = 0.026   
 102/4079   risk = 0.21  riskauc = 0.027   time = 5545564   val_auc = 0.026   
 204/4079   risk = 0.21  riskauc = 0.026   time = 10980179   val_auc = 0.026   
 306/4079   risk = 0.21  riskauc = 0.026   time = 16087384   val_auc = 0.026   
 408/4079   risk = 0.22  riskauc = 0.026   time = 21449239   val_auc = 0.026   
 510/4079   risk = 0.22  riskauc = 0.026   time = 26606765   val_auc = 0.026   
 612/4079   risk = 0.22  riskauc = 0.026   time = 31816956   val_auc = 0.026   
 714/4079   risk = 0.22  riskauc = 0.026   time = 37138168   val_auc = 0.026   
 816/4079   risk = 0.22  riskauc = 0.026   time = 42269198   val_auc = 0.026   
 918/4079   risk = 0.22  riskauc = 0.026   time = 47537797   val_auc = 0.026   
1020/4079   risk = 0.22  riskauc = 0.026   time = 52817408   val_auc = 0.026   
1122/4079   risk = 0.22  riskauc = 0.026   time = 57980639   val_auc = 0.026   
1224/4079   risk = 0.22  riskauc = 0.026   time = 63626650   val_auc = 0.026   
1326/4079   risk = 0.22  riskauc = 0.026   time = 69737224   val_auc = 0.026   
1428/4079   risk = 0.22  riskauc = 0.026   time = 75672262   val_auc = 0.026   
1530/4079   risk = 0.22  riskauc = 0.026   time = 81798556   val_auc = 0.026   
1632/4079   risk = 0.22  riskauc = 0.026   time = 87915899   val_auc = 0.026   
1734/4079   risk = 0.22  riskauc = 0.026   time = 94018414   val_auc = 0.026   
1836/4079   risk = 0.22  riskauc = 0.026   time = 100303199   val_auc = 0.026   
1938/4079   risk = 0.22  riskauc = 0.026   time = 106175259   val_auc = 0.026   
2040/4079   risk = 0.22  riskauc = 0.026   time = 112328349   val_auc = 0.026   
2142/4079   risk = 0.22  riskauc = 0.026   time = 118224596   val_auc = 0.026   
2244/4079   risk = 0.22  riskauc = 0.026   time = 124282420   val_auc = 0.026   
2346/4079   risk = 0.22  riskauc = 0.026   time = 130071755   val_auc = 0.026   
2448/4079   risk = 0.22  riskauc = 0.026   time = 136177120   val_auc = 0.026   
2550/4079   risk = 0.22  riskauc = 0.026   time = 142162089   val_auc = 0.026   
2652/4079   risk = 0.22  riskauc = 0.026   time = 148498265   val_auc = 0.026   
2754/4079   risk = 0.22  riskauc = 0.026   time = 154707828   val_auc = 0.026   
2856/4079   risk = 0.22  riskauc = 0.026   time = 160749777   val_auc = 0.026   
2958/4079   risk = 0.22  riskauc = 0.026   time = 166658822   val_auc = 0.026   
3060/4079   risk = 0.22  riskauc = 0.026   time = 172782282   val_auc = 0.026   
3162/4079   risk = 0.22  riskauc = 0.026   time = 178757976   val_auc = 0.026   
3264/4079   risk = 0.22  riskauc = 0.026   time = 184714405   val_auc = 0.026   
3366/4079   risk = 0.22  riskauc = 0.026   time = 190677975   val_auc = 0.026   
3468/4079   risk = 0.22  riskauc = 0.026   time = 196794096   val_auc = 0.026   
3570/4079   risk = 0.22  riskauc = 0.026   time = 202732390   val_auc = 0.026   
3672/4079   risk = 0.22  riskauc = 0.026   time = 208669559   val_auc = 0.026   
3774/4079   risk = 0.22  riskauc = 0.026   time = 214656125   val_auc = 0.026   
3876/4079   risk = 0.22  riskauc = 0.026   time = 220936534   val_auc = 0.026   
3978/4079   risk = 0.22  riskauc = 0.026   time = 226816344   val_auc = 0.026   


Train 4079 iterations in 232 Seconds.
Final risk based on the train set: 0.22

DEBUG [18:42:55.609] [mlr3]  Learner 'acc_hcwb' on task 'Task 168335: MiniBooNE (Supervised Classification)' succeeded to fit a model {learner: <LearnerClassifHCWB/LearnerClassif/Learner/R6>, result: <list>, messages: }
DEBUG [18:42:55.620] [mlr3]  Skip subsetting of task 'Task 168335: MiniBooNE (Supervised Classification)' 
DEBUG [18:42:55.622] [mlr3]  Calling train method of Learner 'acc_hcwb' on task 'Task 168335: MiniBooNE (Supervised Classification)' with 104051 observations {learner: <LearnerClassifHCWB/LearnerClassif/Learner/R6>}
   1/5000   risk = 0.61  time = 2   val_auc = 0.13   
 125/5000   risk = 0.27  time = 9538702   val_auc = 0.042   
 250/5000   risk = 0.21  time = 19126575   val_auc = 0.031   
 375/5000   risk = 0.2  time = 28796482   val_auc = 0.027   
 500/5000   risk = 0.2  time = 38316159   val_auc = 0.027   
 625/5000   risk = 0.2  time = 47894937   val_auc = 0.026   
 750/5000   risk = 0.21  time = 57609793   val_auc = 0.026   
 875/5000   risk = 0.21  time = 67586256   val_auc = 0.026   


Train 932 iterations in 72 Seconds.
Final risk based on the train set: 0.21

   1/4079   risk = 0.21  time = 14   val_auc = 0.026   
 102/4079   risk = 0.21  time = 4732853   val_auc = 0.026   
 204/4079   risk = 0.21  time = 9458923   val_auc = 0.026   
 306/4079   risk = 0.21  time = 13902807   val_auc = 0.026   
 408/4079   risk = 0.22  time = 18413577   val_auc = 0.026   
 510/4079   risk = 0.22  time = 22850137   val_auc = 0.026   
 612/4079   risk = 0.22  time = 27409352   val_auc = 0.026   
 714/4079   risk = 0.22  time = 31814816   val_auc = 0.026   
 816/4079   risk = 0.22  time = 36301937   val_auc = 0.026   
 918/4079   risk = 0.22  time = 40749240   val_auc = 0.026   
1020/4079   risk = 0.22  time = 45338616   val_auc = 0.026   
1122/4079   risk = 0.22  time = 49764379   val_auc = 0.026   
1224/4079   risk = 0.22  time = 54146567   val_auc = 0.026   
1326/4079   risk = 0.22  time = 58656105   val_auc = 0.026   
1428/4079   risk = 0.22  time = 63141182   val_auc = 0.026   
1530/4079   risk = 0.22  time = 67574333   val_auc = 0.026   
1632/4079   risk = 0.22  time = 71953839   val_auc = 0.026   
1734/4079   risk = 0.22  time = 76600248   val_auc = 0.026   
1836/4079   risk = 0.22  time = 81123000   val_auc = 0.026   
1938/4079   risk = 0.22  time = 85521254   val_auc = 0.026   
2040/4079   risk = 0.22  time = 89877662   val_auc = 0.026   
2142/4079   risk = 0.22  time = 94451264   val_auc = 0.026   
2244/4079   risk = 0.22  time = 98916593   val_auc = 0.026   
2346/4079   risk = 0.22  time = 103336970   val_auc = 0.026   
2448/4079   risk = 0.22  time = 107826642   val_auc = 0.026   
2550/4079   risk = 0.22  time = 112299361   val_auc = 0.026   
2652/4079   risk = 0.22  time = 116875831   val_auc = 0.026   
2754/4079   risk = 0.22  time = 121439929   val_auc = 0.026   
2856/4079   risk = 0.22  time = 125886958   val_auc = 0.026   
2958/4079   risk = 0.22  time = 130348884   val_auc = 0.026   
3060/4079   risk = 0.22  time = 134789519   val_auc = 0.026   
3162/4079   risk = 0.22  time = 139559010   val_auc = 0.026   
3264/4079   risk = 0.22  time = 143994200   val_auc = 0.026   
3366/4079   risk = 0.22  time = 148459702   val_auc = 0.026   
3468/4079   risk = 0.22  time = 153036216   val_auc = 0.026   
3570/4079   risk = 0.22  time = 157647903   val_auc = 0.026   
3672/4079   risk = 0.22  time = 162074374   val_auc = 0.026   
3774/4079   risk = 0.22  time = 166552793   val_auc = 0.026   
3876/4079   risk = 0.22  time = 171070365   val_auc = 0.026   
3978/4079   risk = 0.22  time = 175590718   val_auc = 0.026   


Train 4079 iterations in 180 Seconds.
Final risk based on the train set: 0.22

DEBUG [18:47:20.049] [mlr3]  Learner 'acc_hcwb' on task 'Task 168335: MiniBooNE (Supervised Classification)' succeeded to fit a model {learner: <LearnerClassifHCWB/LearnerClassif/Learner/R6>, result: <list>, messages: }

### [bt]: Job terminated successfully [batchtools job.id=163]
### [bt]: Calculation finished!
