### [bt]: This is batchtools v0.9.15
### [bt]: Starting calculation of 1 jobs
### [bt]: Setting working directory to '/home/user/repos/cacb-batchtools/eq1'
[2021-07-27 20:08:12] Loading new learner
[2021-07-27 20:08:12] Loading tasks
[2021-07-27 20:08:14] Loading resampling
### [bt]: Memory measurement disabled
### [bt]: Starting job [batchtools job.id=26]
### [bt]: Generating problem instance for problem '7592-fold2' ...
### [bt]: Applying algorithm 'evaluate-learner' on problem '7592-fold2' for job 26 (seed = 31441) ...
DEBUG [20:08:15.515] [mlr3]  Skip subsetting of task 'Task 7592: adult (Supervised Classification)' 
DEBUG [20:08:15.519] [mlr3]  Calling train method of Learner 'bin_cwb_b' on task 'Task 7592: adult (Supervised Classification)' with 39073 observations {learner: <LearnerClassifCompboost/LearnerClassif/Learner/R6>}
Warning in get_private(learner)$.train(task) :
  Number of cores 30 exceeds number of features 14. The number of cores are set to 14!
   1/5000   risk = 0.54  riskauc = 0.77   time = 2   
 125/5000   risk = 0.35  riskauc = 0.9   time = 1292716   
 250/5000   risk = 0.34  riskauc = 0.9   time = 2468800   
 375/5000   risk = 0.34  riskauc = 0.9   time = 3470616   
 500/5000   risk = 0.34  riskauc = 0.91   time = 4431988   
 625/5000   risk = 0.35  riskauc = 0.91   time = 5356223   
 750/5000   risk = 0.35  riskauc = 0.91   time = 6329366   
 875/5000   risk = 0.35  riskauc = 0.91   time = 7243955   
1000/5000   risk = 0.35  riskauc = 0.91   time = 8166455   
1125/5000   risk = 0.35  riskauc = 0.91   time = 9159248   
1250/5000   risk = 0.35  riskauc = 0.91   time = 10102570   
1375/5000   risk = 0.35  riskauc = 0.91   time = 11011374   
1500/5000   risk = 0.35  riskauc = 0.91   time = 11934574   
1625/5000   risk = 0.35  riskauc = 0.91   time = 12865873   
1750/5000   risk = 0.35  riskauc = 0.91   time = 13947992   
1875/5000   risk = 0.35  riskauc = 0.91   time = 14910337   
2000/5000   risk = 0.35  riskauc = 0.91   time = 15815247   
2125/5000   risk = 0.35  riskauc = 0.91   time = 16698414   
2250/5000   risk = 0.36  riskauc = 0.91   time = 17688911   
2375/5000   risk = 0.36  riskauc = 0.91   time = 18605365   
2500/5000   risk = 0.36  riskauc = 0.91   time = 19522301   
2625/5000   risk = 0.36  riskauc = 0.91   time = 20415775   
2750/5000   risk = 0.36  riskauc = 0.91   time = 21485242   
2875/5000   risk = 0.36  riskauc = 0.91   time = 22489615   
3000/5000   risk = 0.36  riskauc = 0.91   time = 23458672   
3125/5000   risk = 0.36  riskauc = 0.91   time = 24381360   
3250/5000   risk = 0.36  riskauc = 0.91   time = 25322688   
3375/5000   risk = 0.36  riskauc = 0.91   time = 27109789   
3500/5000   risk = 0.36  riskauc = 0.91   time = 28124643   
3625/5000   risk = 0.36  riskauc = 0.91   time = 29068958   
3750/5000   risk = 0.36  riskauc = 0.91   time = 29993897   
3875/5000   risk = 0.36  riskauc = 0.91   time = 30935328   
4000/5000   risk = 0.36  riskauc = 0.91   time = 31864802   
4125/5000   risk = 0.36  riskauc = 0.91   time = 32812478   
4250/5000   risk = 0.36  riskauc = 0.91   time = 33807912   
4375/5000   risk = 0.36  riskauc = 0.91   time = 34782356   
4500/5000   risk = 0.36  riskauc = 0.91   time = 35745714   
4625/5000   risk = 0.36  riskauc = 0.91   time = 36721079   
4750/5000   risk = 0.36  riskauc = 0.91   time = 37697516   
4875/5000   risk = 0.36  riskauc = 0.91   time = 38720489   
5000/5000   risk = 0.36  riskauc = 0.91   time = 39761661   


Train 5000 iterations in 39 Seconds.
Final risk based on the train set: 0.36

DEBUG [20:08:57.864] [mlr3]  Learner 'bin_cwb_b' on task 'Task 7592: adult (Supervised Classification)' succeeded to fit a model {learner: <LearnerClassifCompboost/LearnerClassif/Learner/R6>, result: <list>, messages: }
DEBUG [20:08:57.883] [mlr3]  Skip subsetting of task 'Task 7592: adult (Supervised Classification)' 
DEBUG [20:08:57.891] [mlr3]  Calling train method of Learner 'bin_cwb_b' on task 'Task 7592: adult (Supervised Classification)' with 39073 observations {learner: <LearnerClassifCompboost/LearnerClassif/Learner/R6>}
Warning in get_private(learner)$.train(task) :
  Number of cores 30 exceeds number of features 14. The number of cores are set to 14!
   1/5000   risk = 0.54  time = 2   
 125/5000   risk = 0.35  time = 483961   
 250/5000   risk = 0.34  time = 889965   
 375/5000   risk = 0.34  time = 1302056   
 500/5000   risk = 0.34  time = 1712745   
 625/5000   risk = 0.35  time = 2124044   
 750/5000   risk = 0.35  time = 2534470   
 875/5000   risk = 0.35  time = 2945969   
1000/5000   risk = 0.35  time = 3362335   
1125/5000   risk = 0.35  time = 3785182   
1250/5000   risk = 0.35  time = 4210640   
1375/5000   risk = 0.35  time = 4639218   
1500/5000   risk = 0.35  time = 5057510   
1625/5000   risk = 0.35  time = 5483949   
1750/5000   risk = 0.35  time = 5907609   
1875/5000   risk = 0.35  time = 6345469   
2000/5000   risk = 0.35  time = 6780583   
2125/5000   risk = 0.35  time = 7217782   
2250/5000   risk = 0.36  time = 7652912   
2375/5000   risk = 0.36  time = 8094223   
2500/5000   risk = 0.36  time = 8535290   
2625/5000   risk = 0.36  time = 8985393   
2750/5000   risk = 0.36  time = 9439399   
2875/5000   risk = 0.36  time = 9891178   
3000/5000   risk = 0.36  time = 10342580   
3125/5000   risk = 0.36  time = 10802665   
3250/5000   risk = 0.36  time = 11263764   
3375/5000   risk = 0.36  time = 11730591   
3500/5000   risk = 0.36  time = 12185250   
3625/5000   risk = 0.36  time = 12649441   
3750/5000   risk = 0.36  time = 13113847   
3875/5000   risk = 0.36  time = 13594168   
4000/5000   risk = 0.36  time = 14069262   
4125/5000   risk = 0.36  time = 14540890   
4250/5000   risk = 0.36  time = 15006734   
4375/5000   risk = 0.36  time = 15478284   
4500/5000   risk = 0.36  time = 16029894   
4625/5000   risk = 0.36  time = 16585035   
4750/5000   risk = 0.36  time = 17129054   
4875/5000   risk = 0.36  time = 17711948   
5000/5000   risk = 0.36  time = 18277694   


Train 5000 iterations in 18 Seconds.
Final risk based on the train set: 0.36

DEBUG [20:09:18.299] [mlr3]  Learner 'bin_cwb_b' on task 'Task 7592: adult (Supervised Classification)' succeeded to fit a model {learner: <LearnerClassifCompboost/LearnerClassif/Learner/R6>, result: <list>, messages: }

### [bt]: Job terminated successfully [batchtools job.id=26]
### [bt]: Calculation finished!
