### [bt]: This is batchtools v0.9.15
### [bt]: Starting calculation of 1 jobs
### [bt]: Setting working directory to '/home/user/repos/cacb-batchtools/eq1'
[2021-07-28 22:57:15] Loading new learner
[2021-07-28 22:57:15] Loading tasks
[2021-07-28 22:57:18] Loading resampling
### [bt]: Memory measurement disabled
### [bt]: Starting job [batchtools job.id=95]
### [bt]: Generating problem instance for problem '168908-fold4' ...
### [bt]: Applying algorithm 'evaluate-learner' on problem '168908-fold4' for job 95 (seed = 31510) ...
DEBUG [22:57:19.283] [mlr3]  Skip subsetting of task 'Task 168908: christine (Supervised Classification)' 
DEBUG [22:57:19.286] [mlr3]  Calling train method of Learner 'acc_acwb' on task 'Task 168908: christine (Supervised Classification)' with 4334 observations {learner: <LearnerClassifCompboost/LearnerClassif/Learner/R6>}
   1/5000   risk = 0.68  riskauc = 0.72   time = 2   
 125/5000   risk = 0.52  riskauc = 0.8   time = 7278992   
 250/5000   risk = 0.41  riskauc = 0.8   time = 14587304   
 375/5000   risk = 0.31  riskauc = 0.78   time = 22181259   
 500/5000   risk = 0.24  riskauc = 0.75   time = 29778459   
 625/5000   risk = 0.19  riskauc = 0.72   time = 37540124   
 750/5000   risk = 0.15  riskauc = 0.71   time = 45315760   
 875/5000   risk = 0.11  riskauc = 0.7   time = 53164197   
1000/5000   risk = 0.082  riskauc = 0.7   time = 61134628   
1125/5000   risk = 0.077  riskauc = 0.7   time = 69045241   
1250/5000   risk = 0.066  riskauc = 0.7   time = 77068258   
1375/5000   risk = 0.049  riskauc = 0.69   time = 85054370   
1500/5000   risk = 0.038  riskauc = 0.69   time = 92965919   
1625/5000   risk = 0.035  riskauc = 0.68   time = 100881937   
1750/5000   risk = 0.027  riskauc = 0.67   time = 108746638   
1875/5000   risk = 0.018  riskauc = 0.67   time = 116762897   
2000/5000   risk = 0.016  riskauc = 0.67   time = 124767244   
2125/5000   risk = 0.013  riskauc = 0.66   time = 132867253   
2250/5000   risk = 0.0084  riskauc = 0.66   time = 140953851   
2375/5000   risk = 0.0088  riskauc = 0.66   time = 148923760   
2500/5000   risk = 0.008  riskauc = 0.66   time = 156965241   
2625/5000   risk = 0.0056  riskauc = 0.65   time = 165057049   
2750/5000   risk = 0.0038  riskauc = 0.65   time = 173237440   
2875/5000   risk = 0.0029  riskauc = 0.65   time = 181579406   
3000/5000   risk = 0.0029  riskauc = 0.65   time = 189635177   
3125/5000   risk = 0.0021  riskauc = 0.65   time = 197851433   
3250/5000   risk = 0.0023  riskauc = 0.65   time = 206199597   
3375/5000   risk = 0.0024  riskauc = 0.64   time = 214453207   
3500/5000   risk = 0.00094  riskauc = 0.64   time = 222681434   
3625/5000   risk = 0.00087  riskauc = 0.64   time = 230888392   
3750/5000   risk = 0.00078  riskauc = 0.64   time = 238966363   
3875/5000   risk = 0.00066  riskauc = 0.64   time = 247270550   
4000/5000   risk = 0.00043  riskauc = 0.64   time = 255644911   
4125/5000   risk = 0.00031  riskauc = 0.64   time = 264119770   
4250/5000   risk = 0.00036  riskauc = 0.64   time = 272376201   
4375/5000   risk = 0.00027  riskauc = 0.64   time = 280686212   
4500/5000   risk = 0.00012  riskauc = 0.63   time = 288876774   
4625/5000   risk = 0.00018  riskauc = 0.63   time = 297125440   
4750/5000   risk = 0.00021  riskauc = 0.63   time = 305434126   
4875/5000   risk = 0.00013  riskauc = 0.63   time = 313995826   
5000/5000   risk = 7e-05  riskauc = 0.63   time = 322269456   


Train 5000 iterations in 322 Seconds.
Final risk based on the train set: 7e-05

DEBUG [23:02:52.088] [mlr3]  Learner 'acc_acwb' on task 'Task 168908: christine (Supervised Classification)' succeeded to fit a model {learner: <LearnerClassifCompboost/LearnerClassif/Learner/R6>, result: <list>, messages: }
DEBUG [23:02:52.103] [mlr3]  Skip subsetting of task 'Task 168908: christine (Supervised Classification)' 
DEBUG [23:02:52.107] [mlr3]  Calling train method of Learner 'acc_acwb' on task 'Task 168908: christine (Supervised Classification)' with 4334 observations {learner: <LearnerClassifCompboost/LearnerClassif/Learner/R6>}
   1/5000   risk = 0.68  time = 3   
 125/5000   risk = 0.52  time = 7333077   
 250/5000   risk = 0.41  time = 14626506   
 375/5000   risk = 0.31  time = 21803629   
 500/5000   risk = 0.24  time = 29005630   
 625/5000   risk = 0.19  time = 36174666   
 750/5000   risk = 0.15  time = 43222232   
 875/5000   risk = 0.11  time = 50445987   
1000/5000   risk = 0.082  time = 57655136   
1125/5000   risk = 0.077  time = 64934707   
1250/5000   risk = 0.066  time = 72265965   
1375/5000   risk = 0.049  time = 79560043   
1500/5000   risk = 0.038  time = 87056059   
1625/5000   risk = 0.035  time = 94445514   
1750/5000   risk = 0.027  time = 102087832   
1875/5000   risk = 0.018  time = 109502652   
2000/5000   risk = 0.016  time = 116988006   
2125/5000   risk = 0.013  time = 124437405   
2250/5000   risk = 0.0084  time = 131977758   
2375/5000   risk = 0.0088  time = 139481224   
2500/5000   risk = 0.008  time = 146954099   
2625/5000   risk = 0.0056  time = 154638896   
2750/5000   risk = 0.0038  time = 162161528   
2875/5000   risk = 0.0029  time = 169800821   
3000/5000   risk = 0.0029  time = 177278361   
3125/5000   risk = 0.0021  time = 184739895   
3250/5000   risk = 0.0023  time = 192415244   
3375/5000   risk = 0.0024  time = 199884478   
3500/5000   risk = 0.00094  time = 207471096   
3625/5000   risk = 0.00087  time = 215004031   
3750/5000   risk = 0.00078  time = 222656242   
3875/5000   risk = 0.00066  time = 230272760   
4000/5000   risk = 0.00043  time = 237829177   
4125/5000   risk = 0.00031  time = 245352280   
4250/5000   risk = 0.00036  time = 252852681   
4375/5000   risk = 0.00027  time = 260698280   
4500/5000   risk = 0.00012  time = 268289328   
4625/5000   risk = 0.00018  time = 276064308   
4750/5000   risk = 0.00021  time = 283681590   
4875/5000   risk = 0.00013  time = 291431413   
5000/5000   risk = 7e-05  time = 299038664   


Train 5000 iterations in 299 Seconds.
Final risk based on the train set: 7e-05

DEBUG [23:08:00.078] [mlr3]  Learner 'acc_acwb' on task 'Task 168908: christine (Supervised Classification)' succeeded to fit a model {learner: <LearnerClassifCompboost/LearnerClassif/Learner/R6>, result: <list>, messages: }

### [bt]: Job terminated successfully [batchtools job.id=95]
### [bt]: Calculation finished!
