### [bt]: This is batchtools v0.9.15
### [bt]: Starting calculation of 1 jobs
### [bt]: Setting working directory to '/home/user/repos/cacb-batchtools/eq1'
[2021-07-28 23:22:38] Loading new learner
[2021-07-28 23:22:38] Loading tasks
[2021-07-28 23:22:41] Loading resampling
### [bt]: Memory measurement disabled
### [bt]: Starting job [batchtools job.id=99]
### [bt]: Generating problem instance for problem '168908-fold5' ...
### [bt]: Applying algorithm 'evaluate-learner' on problem '168908-fold5' for job 99 (seed = 31514) ...
DEBUG [23:22:42.228] [mlr3]  Skip subsetting of task 'Task 168908: christine (Supervised Classification)' 
DEBUG [23:22:42.232] [mlr3]  Calling train method of Learner 'acc_acwb' on task 'Task 168908: christine (Supervised Classification)' with 4336 observations {learner: <LearnerClassifCompboost/LearnerClassif/Learner/R6>}
   1/5000   risk = 0.68  riskauc = 0.67   time = 2   
 125/5000   risk = 0.52  riskauc = 0.77   time = 7497410   
 250/5000   risk = 0.42  riskauc = 0.79   time = 14779880   
 375/5000   risk = 0.32  riskauc = 0.78   time = 22296984   
 500/5000   risk = 0.24  riskauc = 0.74   time = 29714887   
 625/5000   risk = 0.19  riskauc = 0.71   time = 37351588   
 750/5000   risk = 0.14  riskauc = 0.69   time = 44912028   
 875/5000   risk = 0.11  riskauc = 0.69   time = 52667237   
1000/5000   risk = 0.092  riskauc = 0.69   time = 60474515   
1125/5000   risk = 0.072  riskauc = 0.68   time = 68311995   
1250/5000   risk = 0.049  riskauc = 0.68   time = 75995235   
1375/5000   risk = 0.045  riskauc = 0.68   time = 83743225   
1500/5000   risk = 0.035  riskauc = 0.68   time = 91592307   
1625/5000   risk = 0.028  riskauc = 0.67   time = 99240429   
1750/5000   risk = 0.021  riskauc = 0.67   time = 107161900   
1875/5000   risk = 0.018  riskauc = 0.67   time = 114953694   
2000/5000   risk = 0.013  riskauc = 0.66   time = 122916197   
2125/5000   risk = 0.011  riskauc = 0.66   time = 130784586   
2250/5000   risk = 0.01  riskauc = 0.65   time = 138628000   
2375/5000   risk = 0.0086  riskauc = 0.65   time = 146754047   
2500/5000   risk = 0.0062  riskauc = 0.65   time = 154692533   
2625/5000   risk = 0.0044  riskauc = 0.64   time = 162630127   
2750/5000   risk = 0.0037  riskauc = 0.64   time = 170528733   
2875/5000   risk = 0.0027  riskauc = 0.64   time = 178507059   
3000/5000   risk = 0.0026  riskauc = 0.64   time = 186517994   
3125/5000   risk = 0.0018  riskauc = 0.64   time = 194437510   
3250/5000   risk = 0.001  riskauc = 0.64   time = 202507596   
3375/5000   risk = 0.00092  riskauc = 0.64   time = 210655941   
3500/5000   risk = 0.001  riskauc = 0.64   time = 218791897   
3625/5000   risk = 0.00093  riskauc = 0.64   time = 226766711   
3750/5000   risk = 0.0007  riskauc = 0.64   time = 234695526   
3875/5000   risk = 0.00051  riskauc = 0.63   time = 242906789   
4000/5000   risk = 0.0003  riskauc = 0.63   time = 250912882   
4125/5000   risk = 0.0003  riskauc = 0.63   time = 259121914   
4250/5000   risk = 0.00026  riskauc = 0.63   time = 267365315   
4375/5000   risk = 0.00025  riskauc = 0.63   time = 275472457   
4500/5000   risk = 0.00018  riskauc = 0.63   time = 283633906   
4625/5000   risk = 0.00011  riskauc = 0.63   time = 291760355   
4750/5000   risk = 0.0001  riskauc = 0.63   time = 299882420   
4875/5000   risk = 0.00011  riskauc = 0.63   time = 308104651   
5000/5000   risk = 9.5e-05  riskauc = 0.63   time = 316177699   


Train 5000 iterations in 316 Seconds.
Final risk based on the train set: 9.5e-05

DEBUG [23:28:09.613] [mlr3]  Learner 'acc_acwb' on task 'Task 168908: christine (Supervised Classification)' succeeded to fit a model {learner: <LearnerClassifCompboost/LearnerClassif/Learner/R6>, result: <list>, messages: }
DEBUG [23:28:09.629] [mlr3]  Skip subsetting of task 'Task 168908: christine (Supervised Classification)' 
DEBUG [23:28:09.632] [mlr3]  Calling train method of Learner 'acc_acwb' on task 'Task 168908: christine (Supervised Classification)' with 4336 observations {learner: <LearnerClassifCompboost/LearnerClassif/Learner/R6>}
   1/5000   risk = 0.68  time = 2   
 125/5000   risk = 0.52  time = 7036242   
 250/5000   risk = 0.42  time = 14195758   
 375/5000   risk = 0.32  time = 21447792   
 500/5000   risk = 0.24  time = 28559087   
 625/5000   risk = 0.19  time = 35818728   
 750/5000   risk = 0.14  time = 43070691   
 875/5000   risk = 0.11  time = 50385209   
1000/5000   risk = 0.092  time = 57889411   
1125/5000   risk = 0.072  time = 65182751   
1250/5000   risk = 0.049  time = 72731528   
1375/5000   risk = 0.045  time = 80229263   
1500/5000   risk = 0.035  time = 87698206   
1625/5000   risk = 0.028  time = 95153387   
1750/5000   risk = 0.021  time = 102618915   
1875/5000   risk = 0.018  time = 110179123   
2000/5000   risk = 0.013  time = 117708455   
2125/5000   risk = 0.011  time = 125437962   
2250/5000   risk = 0.01  time = 133008311   
2375/5000   risk = 0.0086  time = 140510384   
2500/5000   risk = 0.0062  time = 148140061   
2625/5000   risk = 0.0044  time = 155746896   
2750/5000   risk = 0.0037  time = 163385439   
2875/5000   risk = 0.0027  time = 171045212   
3000/5000   risk = 0.0026  time = 178734695   
3125/5000   risk = 0.0018  time = 186505113   
3250/5000   risk = 0.001  time = 194103801   
3375/5000   risk = 0.00092  time = 201936450   
3500/5000   risk = 0.001  time = 209456551   
3625/5000   risk = 0.00093  time = 217231147   
3750/5000   risk = 0.0007  time = 224944308   
3875/5000   risk = 0.00051  time = 232641856   
4000/5000   risk = 0.0003  time = 240342331   
4125/5000   risk = 0.0003  time = 247935733   
4250/5000   risk = 0.00026  time = 255661720   
4375/5000   risk = 0.00025  time = 263538948   
4500/5000   risk = 0.00018  time = 271269008   
4625/5000   risk = 0.00011  time = 278886541   
4750/5000   risk = 0.0001  time = 286554855   
4875/5000   risk = 0.00011  time = 294235668   
5000/5000   risk = 9.5e-05  time = 302009649   


Train 5000 iterations in 302 Seconds.
Final risk based on the train set: 9.5e-05

DEBUG [23:33:20.730] [mlr3]  Learner 'acc_acwb' on task 'Task 168908: christine (Supervised Classification)' succeeded to fit a model {learner: <LearnerClassifCompboost/LearnerClassif/Learner/R6>, result: <list>, messages: }

### [bt]: Job terminated successfully [batchtools job.id=99]
### [bt]: Calculation finished!
