### [bt]: This is batchtools v0.9.15
### [bt]: Starting calculation of 1 jobs
### [bt]: Setting working directory to '/home/user/repos/cacb-batchtools/eq1'
Loading required package: data.table
Loading required package: R6
Loading required package: mlr3
Loading required package: mlr3learners
Loading required package: mlr3extralearners

Attaching package: ‘mlr3extralearners’

The following objects are masked from ‘package:mlr3’:

    lrn, lrns

Loading required package: mlr3pipelines
Loading required package: mlr3tuning
Loading required package: paradox
Loading required package: compboost
[2021-08-02 08:41:23] Loading new learner LearnerClassifCWB
[2021-08-02 08:41:23] Loading new learner LearnerClassifHCWB
[2021-08-02 08:41:23] Loading new learner
[2021-08-02 08:41:23] Loading tasks
[2021-08-02 08:41:27] Loading resampling
### [bt]: Memory measurement disabled
### [bt]: Starting job [batchtools job.id=89]
### [bt]: Generating problem instance for problem '189866-fold3' ...
### [bt]: Applying algorithm 'evaluate-learner' on problem '189866-fold3' for job 89 (seed = 31504) ...
DEBUG [08:41:32.482] [mlr3]  Skip subsetting of task 'Task 189866: albert (Supervised Classification)' 
DEBUG [08:41:32.575] [mlr3]  Calling train method of Learner 'acc_hcwb' on task 'Task 189866: albert (Supervised Classification)' with 340192 observations {learner: <LearnerClassifHCWB/LearnerClassif/Learner/R6>}
   1/5000   risk = 0.69  oob_risk = 0.69   riskauc = 0.36   time = 3   val_auc = 0.36   
 125/5000   risk = 0.66  oob_risk = 0.67   riskauc = 0.27   time = 36237811   val_auc = 0.27   


Train 125 iterations in 38 Seconds.
Final risk based on the train set: 0.66

   1/4886   risk = 0.65  oob_risk = 0.65   riskauc = 0.27   time = 3   val_auc = 0.27   
 122/4886   risk = 0.65  oob_risk = 0.65   riskauc = 0.27   time = 23239672   val_auc = 0.27   
 244/4886   risk = 0.65  oob_risk = 0.65   riskauc = 0.27   time = 46436529   val_auc = 0.27   
 366/4886   risk = 0.65  oob_risk = 0.66   riskauc = 0.27   time = 69515050   val_auc = 0.27   
 488/4886   risk = 0.65  oob_risk = 0.66   riskauc = 0.27   time = 92221183   val_auc = 0.27   
 610/4886   risk = 0.65  oob_risk = 0.66   riskauc = 0.27   time = 114522413   val_auc = 0.27   
 732/4886   risk = 0.65  oob_risk = 0.66   riskauc = 0.27   time = 137557520   val_auc = 0.27   
 854/4886   risk = 0.65  oob_risk = 0.66   riskauc = 0.27   time = 161306420   val_auc = 0.27   
 976/4886   risk = 0.65  oob_risk = 0.66   riskauc = 0.27   time = 184758080   val_auc = 0.27   
1098/4886   risk = 0.65  oob_risk = 0.66   riskauc = 0.27   time = 208800791   val_auc = 0.27   
1220/4886   risk = 0.65  oob_risk = 0.66   riskauc = 0.27   time = 231749001   val_auc = 0.27   
1342/4886   risk = 0.65  oob_risk = 0.66   riskauc = 0.27   time = 254120410   val_auc = 0.27   
1464/4886   risk = 0.65  oob_risk = 0.66   riskauc = 0.27   time = 277016323   val_auc = 0.27   
1586/4886   risk = 0.65  oob_risk = 0.66   riskauc = 0.27   time = 299908675   val_auc = 0.27   
1708/4886   risk = 0.65  oob_risk = 0.66   riskauc = 0.27   time = 322486781   val_auc = 0.27   
1830/4886   risk = 0.65  oob_risk = 0.66   riskauc = 0.27   time = 345761738   val_auc = 0.27   
1952/4886   risk = 0.65  oob_risk = 0.66   riskauc = 0.27   time = 368552734   val_auc = 0.27   
2074/4886   risk = 0.65  oob_risk = 0.66   riskauc = 0.27   time = 391374273   val_auc = 0.27   
2196/4886   risk = 0.65  oob_risk = 0.66   riskauc = 0.27   time = 413343727   val_auc = 0.27   
2318/4886   risk = 0.65  oob_risk = 0.66   riskauc = 0.27   time = 435318811   val_auc = 0.27   
2440/4886   risk = 0.65  oob_risk = 0.66   riskauc = 0.27   time = 457409077   val_auc = 0.27   
2562/4886   risk = 0.65  oob_risk = 0.66   riskauc = 0.27   time = 480593541   val_auc = 0.27   
2684/4886   risk = 0.65  oob_risk = 0.66   riskauc = 0.27   time = 502929992   val_auc = 0.27   
2806/4886   risk = 0.65  oob_risk = 0.66   riskauc = 0.27   time = 525403428   val_auc = 0.27   
2928/4886   risk = 0.65  oob_risk = 0.66   riskauc = 0.27   time = 547380583   val_auc = 0.27   
3050/4886   risk = 0.65  oob_risk = 0.66   riskauc = 0.27   time = 569223423   val_auc = 0.27   
3172/4886   risk = 0.65  oob_risk = 0.66   riskauc = 0.27   time = 591031795   val_auc = 0.27   
3294/4886   risk = 0.65  oob_risk = 0.66   riskauc = 0.27   time = 612907427   val_auc = 0.27   
3416/4886   risk = 0.65  oob_risk = 0.66   riskauc = 0.27   time = 634562604   val_auc = 0.27   
3538/4886   risk = 0.65  oob_risk = 0.66   riskauc = 0.27   time = 656727049   val_auc = 0.27   
3660/4886   risk = 0.65  oob_risk = 0.66   riskauc = 0.27   time = 678631633   val_auc = 0.27   
3782/4886   risk = 0.65  oob_risk = 0.66   riskauc = 0.27   time = 699721415   val_auc = 0.27   
3904/4886   risk = 0.65  oob_risk = 0.66   riskauc = 0.27   time = 721676024   val_auc = 0.27   
4026/4886   risk = 0.65  oob_risk = 0.66   riskauc = 0.27   time = 743270743   val_auc = 0.27   
4148/4886   risk = 0.65  oob_risk = 0.66   riskauc = 0.27   time = 764830958   val_auc = 0.27   
4270/4886   risk = 0.65  oob_risk = 0.66   riskauc = 0.27   time = 786679748   val_auc = 0.27   
4392/4886   risk = 0.65  oob_risk = 0.66   riskauc = 0.27   time = 807754719   val_auc = 0.27   
4514/4886   risk = 0.65  oob_risk = 0.66   riskauc = 0.27   time = 830020593   val_auc = 0.27   
4636/4886   risk = 0.65  oob_risk = 0.66   riskauc = 0.27   time = 851228735   val_auc = 0.27   
4758/4886   risk = 0.65  oob_risk = 0.66   riskauc = 0.27   time = 872836505   val_auc = 0.27   
4880/4886   risk = 0.65  oob_risk = 0.66   riskauc = 0.27   time = 893943251   val_auc = 0.27   


Train 4886 iterations in 896 Seconds.
Final risk based on the train set: 0.65

DEBUG [08:58:14.904] [mlr3]  Learner 'acc_hcwb' on task 'Task 189866: albert (Supervised Classification)' succeeded to fit a model {learner: <LearnerClassifHCWB/LearnerClassif/Learner/R6>, result: <list>, messages: }

### [bt]: Job terminated successfully [batchtools job.id=89]
### [bt]: Calculation finished!
