### [bt]: This is batchtools v0.9.15
### [bt]: Starting calculation of 1 jobs
### [bt]: Setting working directory to '/home/user/repos/cacb-batchtools/eq1'
[2021-07-27 20:04:20] Loading new learner
[2021-07-27 20:04:20] Loading tasks
[2021-07-27 20:04:22] Loading resampling
### [bt]: Memory measurement disabled
### [bt]: Starting job [batchtools job.id=24]
### [bt]: Generating problem instance for problem '7592-fold1' ...
### [bt]: Applying algorithm 'evaluate-learner' on problem '7592-fold1' for job 24 (seed = 31439) ...
DEBUG [20:04:23.187] [mlr3]  Skip subsetting of task 'Task 7592: adult (Supervised Classification)' 
DEBUG [20:04:23.190] [mlr3]  Calling train method of Learner 'acc_hcwb' on task 'Task 7592: adult (Supervised Classification)' with 39073 observations {learner: <LearnerClassifCompboost/LearnerClassif/Learner/R6>}
Warning in get_private(learner)$.train(task) :
  Number of cores 30 exceeds number of features 14. The number of cores are set to 14!
   1/5000   risk = 0.53  oob_risk = 0.54   riskauc = 0.79   time = 3   


Train 110 iterations in 2 Seconds.
Final risk based on the train set: 0.33

   1/4901   risk = 0.32  oob_risk = 0.32   riskauc = 0.91   time = 2   
 123/4901   risk = 0.34  oob_risk = 0.34   riskauc = 0.91   time = 1533692   
 246/4901   risk = 0.34  oob_risk = 0.34   riskauc = 0.91   time = 3181989   
 369/4901   risk = 0.35  oob_risk = 0.34   riskauc = 0.91   time = 4530733   
 492/4901   risk = 0.35  oob_risk = 0.35   riskauc = 0.91   time = 6092822   
 615/4901   risk = 0.35  oob_risk = 0.35   riskauc = 0.91   time = 7586929   
 738/4901   risk = 0.35  oob_risk = 0.35   riskauc = 0.91   time = 8906720   
 861/4901   risk = 0.36  oob_risk = 0.35   riskauc = 0.91   time = 10250697   
 984/4901   risk = 0.36  oob_risk = 0.35   riskauc = 0.91   time = 11929701   
1107/4901   risk = 0.36  oob_risk = 0.35   riskauc = 0.91   time = 13411269   
1230/4901   risk = 0.36  oob_risk = 0.35   riskauc = 0.91   time = 14793783   
1353/4901   risk = 0.36  oob_risk = 0.35   riskauc = 0.91   time = 16199455   
1476/4901   risk = 0.36  oob_risk = 0.35   riskauc = 0.91   time = 17501723   
1599/4901   risk = 0.36  oob_risk = 0.35   riskauc = 0.91   time = 18991588   
1722/4901   risk = 0.36  oob_risk = 0.35   riskauc = 0.91   time = 20339400   
1845/4901   risk = 0.36  oob_risk = 0.35   riskauc = 0.91   time = 21711819   
1968/4901   risk = 0.36  oob_risk = 0.35   riskauc = 0.91   time = 23034257   
2091/4901   risk = 0.36  oob_risk = 0.35   riskauc = 0.91   time = 24466894   
2214/4901   risk = 0.36  oob_risk = 0.35   riskauc = 0.91   time = 26121666   
2337/4901   risk = 0.36  oob_risk = 0.35   riskauc = 0.91   time = 27643535   
2460/4901   risk = 0.36  oob_risk = 0.35   riskauc = 0.91   time = 29027389   
2583/4901   risk = 0.36  oob_risk = 0.35   riskauc = 0.91   time = 30418547   
2706/4901   risk = 0.36  oob_risk = 0.35   riskauc = 0.91   time = 32021125   
2829/4901   risk = 0.36  oob_risk = 0.35   riskauc = 0.91   time = 33409500   
2952/4901   risk = 0.36  oob_risk = 0.35   riskauc = 0.91   time = 34781657   
3075/4901   risk = 0.36  oob_risk = 0.35   riskauc = 0.91   time = 36238612   
3198/4901   risk = 0.36  oob_risk = 0.35   riskauc = 0.91   time = 37671110   
3321/4901   risk = 0.36  oob_risk = 0.35   riskauc = 0.91   time = 39186325   
3444/4901   risk = 0.36  oob_risk = 0.35   riskauc = 0.91   time = 40574267   
3567/4901   risk = 0.36  oob_risk = 0.35   riskauc = 0.91   time = 41911168   
3690/4901   risk = 0.36  oob_risk = 0.35   riskauc = 0.91   time = 43340152   
3813/4901   risk = 0.36  oob_risk = 0.35   riskauc = 0.91   time = 45096925   
3936/4901   risk = 0.36  oob_risk = 0.35   riskauc = 0.91   time = 46469867   
4059/4901   risk = 0.36  oob_risk = 0.35   riskauc = 0.91   time = 47861269   
4182/4901   risk = 0.36  oob_risk = 0.35   riskauc = 0.91   time = 49230769   
4305/4901   risk = 0.36  oob_risk = 0.35   riskauc = 0.91   time = 50583039   
4428/4901   risk = 0.36  oob_risk = 0.35   riskauc = 0.91   time = 52226595   
4551/4901   risk = 0.36  oob_risk = 0.35   riskauc = 0.91   time = 53642752   
4674/4901   risk = 0.36  oob_risk = 0.35   riskauc = 0.91   time = 55153141   
4797/4901   risk = 0.36  oob_risk = 0.35   riskauc = 0.91   time = 56652296   


Train 4901 iterations in 58 Seconds.
Final risk based on the train set: 0.36

DEBUG [20:05:24.628] [mlr3]  Learner 'acc_hcwb' on task 'Task 7592: adult (Supervised Classification)' succeeded to fit a model {learner: <LearnerClassifCompboost/LearnerClassif/Learner/R6>, result: <list>, messages: }
DEBUG [20:05:24.652] [mlr3]  Skip subsetting of task 'Task 7592: adult (Supervised Classification)' 
DEBUG [20:05:24.657] [mlr3]  Calling train method of Learner 'acc_hcwb' on task 'Task 7592: adult (Supervised Classification)' with 39073 observations {learner: <LearnerClassifCompboost/LearnerClassif/Learner/R6>}
Warning in get_private(learner)$.train(task) :
  Number of cores 30 exceeds number of features 14. The number of cores are set to 14!
   1/5000   risk = 0.53  oob_risk = 0.54   time = 2   


Train 110 iterations in 1 Seconds.
Final risk based on the train set: 0.33

   1/4901   risk = 0.32  oob_risk = 0.32   time = 3   
 123/4901   risk = 0.34  oob_risk = 0.34   time = 704444   
 246/4901   risk = 0.34  oob_risk = 0.34   time = 1465639   
 369/4901   risk = 0.35  oob_risk = 0.34   time = 2191666   
 492/4901   risk = 0.35  oob_risk = 0.35   time = 2920478   
 615/4901   risk = 0.35  oob_risk = 0.35   time = 3644520   
 738/4901   risk = 0.35  oob_risk = 0.35   time = 4344090   
 861/4901   risk = 0.36  oob_risk = 0.35   time = 5037929   
 984/4901   risk = 0.36  oob_risk = 0.35   time = 5760621   
1107/4901   risk = 0.36  oob_risk = 0.35   time = 6507035   
1230/4901   risk = 0.36  oob_risk = 0.35   time = 7219378   
1353/4901   risk = 0.36  oob_risk = 0.35   time = 7955466   
1476/4901   risk = 0.36  oob_risk = 0.35   time = 8719546   
1599/4901   risk = 0.36  oob_risk = 0.35   time = 9468914   
1722/4901   risk = 0.36  oob_risk = 0.35   time = 10226264   
1845/4901   risk = 0.36  oob_risk = 0.35   time = 10997320   
1968/4901   risk = 0.36  oob_risk = 0.35   time = 11848679   
2091/4901   risk = 0.36  oob_risk = 0.35   time = 12819771   
2214/4901   risk = 0.36  oob_risk = 0.35   time = 13813167   
2337/4901   risk = 0.36  oob_risk = 0.35   time = 14832330   
2460/4901   risk = 0.36  oob_risk = 0.35   time = 15854790   
2583/4901   risk = 0.36  oob_risk = 0.35   time = 16861638   
2706/4901   risk = 0.36  oob_risk = 0.35   time = 17861642   
2829/4901   risk = 0.36  oob_risk = 0.35   time = 18865025   
2952/4901   risk = 0.36  oob_risk = 0.35   time = 19848811   
3075/4901   risk = 0.36  oob_risk = 0.35   time = 20813982   
3198/4901   risk = 0.36  oob_risk = 0.35   time = 21813885   
3321/4901   risk = 0.36  oob_risk = 0.35   time = 22814943   
3444/4901   risk = 0.36  oob_risk = 0.35   time = 23798293   
3567/4901   risk = 0.36  oob_risk = 0.35   time = 24766588   
3690/4901   risk = 0.36  oob_risk = 0.35   time = 25746587   
3813/4901   risk = 0.36  oob_risk = 0.35   time = 26718845   
3936/4901   risk = 0.36  oob_risk = 0.35   time = 27681239   
4059/4901   risk = 0.36  oob_risk = 0.35   time = 28645919   
4182/4901   risk = 0.36  oob_risk = 0.35   time = 29606273   
4305/4901   risk = 0.36  oob_risk = 0.35   time = 30578864   
4428/4901   risk = 0.36  oob_risk = 0.35   time = 31543863   
4551/4901   risk = 0.36  oob_risk = 0.35   time = 32527476   
4674/4901   risk = 0.36  oob_risk = 0.35   time = 33506295   
4797/4901   risk = 0.36  oob_risk = 0.35   time = 34476814   


Train 4901 iterations in 35 Seconds.
Final risk based on the train set: 0.36

DEBUG [20:06:02.087] [mlr3]  Learner 'acc_hcwb' on task 'Task 7592: adult (Supervised Classification)' succeeded to fit a model {learner: <LearnerClassifCompboost/LearnerClassif/Learner/R6>, result: <list>, messages: }

### [bt]: Job terminated successfully [batchtools job.id=24]
### [bt]: Calculation finished!
