### [bt]: This is batchtools v0.9.15
### [bt]: Starting calculation of 1 jobs
### [bt]: Setting working directory to '/home/user/repos/cacb-batchtools/eq1'
[2021-07-19] Loading new learner
[2021-07-19 23:37:41] Loading tasks
[2021-07-19 23:37:44] Loading resampling
### [bt]: Memory measurement disabled
### [bt]: Starting job [batchtools job.id=37]
### [bt]: Generating problem instance for problem '7592-fold3' ...
### [bt]: Applying algorithm 'evaluate-learner' on problem '7592-fold3' for job 37 (seed = 31452) ...
DEBUG [23:37:44.997] [mlr3]  Skip subsetting of task 'Task 7592: adult (Supervised Classification)' 
DEBUG [23:37:45.000] [mlr3]  Calling train method of Learner 'removeconstants_before.imputemedian_num.imputemode_fct.collapsefactors.removeconstants_after.bin_cwb_b' on task 'Task 7592: adult (Supervised Classification)' with 39074 observations {learner: <GraphLearner/Learner/R6>}
DEBUG [23:37:45.021] Running PipeOp 'removeconstants_before$train()' {pipeop: <PipeOpRemoveConstants/PipeOpTaskPreprocSimple/PipeOpTaskPreproc/PipeOp/R6>, input: <list>}
DEBUG [23:37:45.068] Running PipeOp 'imputemedian_num$train()' {pipeop: <PipeOpImputeMedian/PipeOpImpute/PipeOp/R6>, input: <list>}
DEBUG [23:37:45.105] Running PipeOp 'imputemode_fct$train()' {pipeop: <PipeOpImputeMode/PipeOpImpute/PipeOp/R6>, input: <list>}
DEBUG [23:37:45.221] Running PipeOp 'collapsefactors$train()' {pipeop: <PipeOpCollapseFactors/PipeOpTaskPreprocSimple/PipeOpTaskPreproc/PipeOp/R6>, input: <list>}
DEBUG [23:37:45.361] Running PipeOp 'removeconstants_after$train()' {pipeop: <PipeOpRemoveConstants/PipeOpTaskPreprocSimple/PipeOpTaskPreproc/PipeOp/R6>, input: <list>}
DEBUG [23:37:45.526] Running PipeOp 'bin_cwb_b$train()' {pipeop: <PipeOpLearner/PipeOp/R6>, input: <list>}
DEBUG [23:37:45.536] [mlr3]  Skip subsetting of task 'Task 7592: adult (Supervised Classification)' 
DEBUG [23:37:45.540] [mlr3]  Calling train method of Learner 'bin_cwb_b' on task 'Task 7592: adult (Supervised Classification)' with 39074 observations {learner: <LearnerClassifCompboost/LearnerClassif/Learner/R6>}
Warning in get_private(learner)$.train(task) :
  Number of cores 30 exceeds number of features 14. The number of cores are set to 14!
INFO  [23:37:45.626] [mlr3]  [LGCOMPBOOST] Running compboost with df 5.000000 and df_cat 2.000000 
   1/5000   risk = 0.54  time = 3   
 125/5000   risk = 0.35  time = 606194   
 250/5000   risk = 0.34  time = 1133684   
 375/5000   risk = 0.34  time = 1632076   
 500/5000   risk = 0.35  time = 2123893   
 625/5000   risk = 0.35  time = 2601480   
 750/5000   risk = 0.35  time = 3076091   
 875/5000   risk = 0.35  time = 3555142   
1000/5000   risk = 0.35  time = 4022973   
1125/5000   risk = 0.35  time = 4494660   
1250/5000   risk = 0.35  time = 4969414   
1375/5000   risk = 0.35  time = 5448724   
1500/5000   risk = 0.36  time = 5939024   
1625/5000   risk = 0.36  time = 6410647   
1750/5000   risk = 0.36  time = 6871762   
1875/5000   risk = 0.36  time = 7340108   
2000/5000   risk = 0.36  time = 7804003   
2125/5000   risk = 0.36  time = 8285474   
2250/5000   risk = 0.36  time = 8776376   
2375/5000   risk = 0.36  time = 9280761   
2500/5000   risk = 0.36  time = 9780063   
2625/5000   risk = 0.36  time = 10279145   
2750/5000   risk = 0.36  time = 10790605   
2875/5000   risk = 0.36  time = 11304960   
3000/5000   risk = 0.36  time = 11865649   
3125/5000   risk = 0.36  time = 12404027   
3250/5000   risk = 0.36  time = 12952693   
3375/5000   risk = 0.36  time = 13487417   
3500/5000   risk = 0.36  time = 14032203   
3625/5000   risk = 0.36  time = 14572558   
3750/5000   risk = 0.36  time = 15062141   
3875/5000   risk = 0.36  time = 15495216   
4000/5000   risk = 0.36  time = 15971932   
4125/5000   risk = 0.36  time = 16476791   
4250/5000   risk = 0.36  time = 16946141   
4375/5000   risk = 0.36  time = 17394164   
4500/5000   risk = 0.36  time = 17842435   
4625/5000   risk = 0.36  time = 18341811   
4750/5000   risk = 0.36  time = 18863406   
4875/5000   risk = 0.36  time = 19385284   
5000/5000   risk = 0.36  time = 19892403   


Train 5000 iterations in 19 Seconds.
Final risk based on the train set: 0.36

INFO  [23:38:13.800] [mlr3]  [LGCOMPBOOST] iterations:'stop_cwb',5000,'stop_acwb',NA,'stop_hcwb',NA 
INFO  [23:38:13.803] [mlr3]  [LGCOMPBOOST] risk_inbag:'risk_intercept',0.550260,'risk_cwb',0.358155,'risk_acwb',NA,'risk_hcwb',NA 
INFO  [23:38:13.805] [mlr3]  [LGCOMPBOOST] risk_oob:'risk_intercept_oob',NA,'risk_cwb_oob',NA,'risk_acwb_oob',NA,'risk_hcwb_oob',NA 
DEBUG [23:38:13.810] [mlr3]  Learner 'bin_cwb_b' on task 'Task 7592: adult (Supervised Classification)' succeeded to fit a model {learner: <LearnerClassifCompboost/LearnerClassif/Learner/R6>, result: <list>, messages: }
DEBUG [23:38:13.897] [mlr3]  Learner 'removeconstants_before.imputemedian_num.imputemode_fct.collapsefactors.removeconstants_after.bin_cwb_b' on task 'Task 7592: adult (Supervised Classification)' succeeded to fit a model {learner: <GraphLearner/Learner/R6>, result: <list>, messages: }
[2021-07-19 23:38:17] (1/1250) Processing iter 4
DEBUG [23:38:17.753] [mlr3]  Skip subsetting of task 'Task 7592: adult (Supervised Classification)' 
DEBUG [23:38:17.756] [mlr3]  Calling predict method of Learner 'removeconstants_before.imputemedian_num.imputemode_fct.collapsefactors.removeconstants_after.bin_cwb_b' on task 'Task 7592: adult (Supervised Classification)' with 39074 observations {learner: <GraphLearner/Learner/R6>}
DEBUG [23:38:17.779] Running PipeOp 'removeconstants_before$predict()' {pipeop: <PipeOpRemoveConstants/PipeOpTaskPreprocSimple/PipeOpTaskPreproc/PipeOp/R6>, input: <list>}
DEBUG [23:38:17.795] Running PipeOp 'imputemedian_num$predict()' {pipeop: <PipeOpImputeMedian/PipeOpImpute/PipeOp/R6>, input: <list>}
DEBUG [23:38:17.815] Running PipeOp 'imputemode_fct$predict()' {pipeop: <PipeOpImputeMode/PipeOpImpute/PipeOp/R6>, input: <list>}
DEBUG [23:38:17.870] Running PipeOp 'collapsefactors$predict()' {pipeop: <PipeOpCollapseFactors/PipeOpTaskPreprocSimple/PipeOpTaskPreproc/PipeOp/R6>, input: <list>}
DEBUG [23:38:17.942] Running PipeOp 'removeconstants_after$predict()' {pipeop: <PipeOpRemoveConstants/PipeOpTaskPreprocSimple/PipeOpTaskPreproc/PipeOp/R6>, input: <list>}
DEBUG [23:38:17.958] Running PipeOp 'bin_cwb_b$predict()' {pipeop: <PipeOpLearner/PipeOp/R6>, input: <list>}
DEBUG [23:38:17.965] [mlr3]  Skip subsetting of task 'Task 7592: adult (Supervised Classification)' 
DEBUG [23:38:17.968] [mlr3]  Calling predict method of Learner 'bin_cwb_b' on task 'Task 7592: adult (Supervised Classification)' with 39074 observations {learner: <LearnerClassifCompboost/LearnerClassif/Learner/R6>}
DEBUG [23:38:18.217] [mlr3]  Learner 'bin_cwb_b' returned an object of class 'PredictionDataClassif' {learner: <LearnerClassifCompboost/LearnerClassif/Learner/R6>, prediction: <PredictionDataClassif/PredictionData>, messages: }
DEBUG [23:38:18.228] [mlr3]  Learner 'removeconstants_before.imputemedian_num.imputemode_fct.collapsefactors.removeconstants_after.bin_cwb_b' returned an object of class 'PredictionDataClassif' {learner: <GraphLearner/Learner/R6>, prediction: <PredictionDataClassif/PredictionData>, messages: }
DEBUG [23:38:18.260] [mlr3]  Skip subsetting of task 'Task 7592: adult (Supervised Classification)' 
DEBUG [23:38:18.263] [mlr3]  Calling predict method of Learner 'removeconstants_before.imputemedian_num.imputemode_fct.collapsefactors.removeconstants_after.bin_cwb_b' on task 'Task 7592: adult (Supervised Classification)' with 9768 observations {learner: <GraphLearner/Learner/R6>}
DEBUG [23:38:18.289] Running PipeOp 'removeconstants_before$predict()' {pipeop: <PipeOpRemoveConstants/PipeOpTaskPreprocSimple/PipeOpTaskPreproc/PipeOp/R6>, input: <list>}
DEBUG [23:38:18.312] Running PipeOp 'imputemedian_num$predict()' {pipeop: <PipeOpImputeMedian/PipeOpImpute/PipeOp/R6>, input: <list>}
DEBUG [23:38:18.417] Running PipeOp 'imputemode_fct$predict()' {pipeop: <PipeOpImputeMode/PipeOpImpute/PipeOp/R6>, input: <list>}
DEBUG [23:38:18.475] Running PipeOp 'collapsefactors$predict()' {pipeop: <PipeOpCollapseFactors/PipeOpTaskPreprocSimple/PipeOpTaskPreproc/PipeOp/R6>, input: <list>}
DEBUG [23:38:18.521] Running PipeOp 'removeconstants_after$predict()' {pipeop: <PipeOpRemoveConstants/PipeOpTaskPreprocSimple/PipeOpTaskPreproc/PipeOp/R6>, input: <list>}
DEBUG [23:38:18.540] Running PipeOp 'bin_cwb_b$predict()' {pipeop: <PipeOpLearner/PipeOp/R6>, input: <list>}
DEBUG [23:38:18.549] [mlr3]  Skip subsetting of task 'Task 7592: adult (Supervised Classification)' 
DEBUG [23:38:18.553] [mlr3]  Calling predict method of Learner 'bin_cwb_b' on task 'Task 7592: adult (Supervised Classification)' with 9768 observations {learner: <LearnerClassifCompboost/LearnerClassif/Learner/R6>}
DEBUG [23:38:18.668] [mlr3]  Learner 'bin_cwb_b' returned an object of class 'PredictionDataClassif' {learner: <LearnerClassifCompboost/LearnerClassif/Learner/R6>, prediction: <PredictionDataClassif/PredictionData>, messages: }
DEBUG [23:38:18.679] [mlr3]  Learner 'removeconstants_before.imputemedian_num.imputemode_fct.collapsefactors.removeconstants_after.bin_cwb_b' returned an object of class 'PredictionDataClassif' {learner: <GraphLearner/Learner/R6>, prediction: <PredictionDataClassif/PredictionData>, messages: }
[2021-07-19 23:38:18] (2/1250) Processing iter 8
Error in self$model$setToIteration(iteration, trace) : 
  addition: incompatible matrix dimensions: 39074x1 and 197x1

### [bt]: Job terminated with an exception [batchtools job.id=37]
### [bt]: Calculation finished!
