### [bt]: This is batchtools v0.9.15
### [bt]: Starting calculation of 1 jobs
### [bt]: Setting working directory to '/home/user/repos/cacb-batchtools/eq1'
[2021-07-19] Loading new learner
[2021-07-19 08:13:33] Loading tasks
[2021-07-19 08:13:36] Loading resampling
### [bt]: Memory measurement disabled
### [bt]: Starting job [batchtools job.id=62]
### [bt]: Generating problem instance for problem '168335-fold3' ...
### [bt]: Applying algorithm 'evaluate-learner' on problem '168335-fold3' for job 62 (seed = 31477) ...
DEBUG [08:13:37.705] [mlr3]  Skip subsetting of task 'Task 168335: MiniBooNE (Supervised Classification)' 
DEBUG [08:13:37.708] [mlr3]  Calling train method of Learner 'removeconstants_before.imputemedian_num.imputemode_fct.collapsefactors.removeconstants_after.bin_cwb_b' on task 'Task 168335: MiniBooNE (Supervised Classification)' with 104051 observations {learner: <GraphLearner/Learner/R6>}
DEBUG [08:13:37.726] Running PipeOp 'removeconstants_before$train()' {pipeop: <PipeOpRemoveConstants/PipeOpTaskPreprocSimple/PipeOpTaskPreproc/PipeOp/R6>, input: <list>}
DEBUG [08:13:38.376] Running PipeOp 'imputemedian_num$train()' {pipeop: <PipeOpImputeMedian/PipeOpImpute/PipeOp/R6>, input: <list>}
DEBUG [08:13:39.234] Running PipeOp 'imputemode_fct$train()' {pipeop: <PipeOpImputeMode/PipeOpImpute/PipeOp/R6>, input: <list>}
DEBUG [08:13:39.322] Running PipeOp 'collapsefactors$train()' {pipeop: <PipeOpCollapseFactors/PipeOpTaskPreprocSimple/PipeOpTaskPreproc/PipeOp/R6>, input: <list>}
DEBUG [08:13:39.423] Running PipeOp 'removeconstants_after$train()' {pipeop: <PipeOpRemoveConstants/PipeOpTaskPreprocSimple/PipeOpTaskPreproc/PipeOp/R6>, input: <list>}
DEBUG [08:13:40.311] Running PipeOp 'bin_cwb_b$train()' {pipeop: <PipeOpLearner/PipeOp/R6>, input: <list>}
DEBUG [08:13:40.320] [mlr3]  Skip subsetting of task 'Task 168335: MiniBooNE (Supervised Classification)' 
DEBUG [08:13:40.324] [mlr3]  Calling train method of Learner 'bin_cwb_b' on task 'Task 168335: MiniBooNE (Supervised Classification)' with 104051 observations {learner: <LearnerClassifCompboost/LearnerClassif/Learner/R6>}
INFO  [08:13:40.336] [mlr3]  [LGCOMPBOOST] Running compboost with df 20.000000 and df_cat 1.000000 
   1/5000   risk = 0.56  time = 3   
 125/5000   risk = 0.26  time = 2315878   
 250/5000   risk = 0.24  time = 4713219   
 375/5000   risk = 0.23  time = 7185891   
 500/5000   risk = 0.23  time = 9614503   
 625/5000   risk = 0.22  time = 12176402   
 750/5000   risk = 0.22  time = 14641001   
 875/5000   risk = 0.22  time = 17072637   
1000/5000   risk = 0.22  time = 19538723   
1125/5000   risk = 0.22  time = 21944449   
1250/5000   risk = 0.22  time = 24489842   
1375/5000   risk = 0.22  time = 26949210   
1500/5000   risk = 0.22  time = 29392391   
1625/5000   risk = 0.22  time = 31854808   
1750/5000   risk = 0.22  time = 34313758   
1875/5000   risk = 0.22  time = 36805455   
2000/5000   risk = 0.22  time = 39330229   
2125/5000   risk = 0.22  time = 41801802   
2250/5000   risk = 0.22  time = 44300378   
2375/5000   risk = 0.22  time = 46822217   
2500/5000   risk = 0.22  time = 49246139   
2625/5000   risk = 0.22  time = 51674270   
2750/5000   risk = 0.22  time = 54175852   
2875/5000   risk = 0.22  time = 56663187   
3000/5000   risk = 0.22  time = 59146008   
3125/5000   risk = 0.22  time = 61626574   
3250/5000   risk = 0.22  time = 64091927   
3375/5000   risk = 0.22  time = 66530561   
3500/5000   risk = 0.22  time = 69036569   
3625/5000   risk = 0.22  time = 71525657   
3750/5000   risk = 0.22  time = 74057501   
3875/5000   risk = 0.22  time = 76587268   
4000/5000   risk = 0.22  time = 79066266   
4125/5000   risk = 0.22  time = 81526697   
4250/5000   risk = 0.22  time = 84030816   
4375/5000   risk = 0.22  time = 86500488   
4500/5000   risk = 0.22  time = 88946202   
4625/5000   risk = 0.22  time = 91406251   
4750/5000   risk = 0.22  time = 93875542   
4875/5000   risk = 0.22  time = 96346224   
5000/5000   risk = 0.22  time = 98842820   


Train 5000 iterations in 98 Seconds.
Final risk based on the train set: 0.22

INFO  [08:15:31.074] [mlr3]  [LGCOMPBOOST] iterations:'stop_cwb',5000,'stop_acwb',NA,'stop_hcwb',NA 
INFO  [08:15:31.077] [mlr3]  [LGCOMPBOOST] risk_inbag:'risk_intercept',0.593540,'risk_cwb',0.217258,'risk_acwb',NA,'risk_hcwb',NA 
INFO  [08:15:31.078] [mlr3]  [LGCOMPBOOST] risk_oob:'risk_intercept_oob',NA,'risk_cwb_oob',NA,'risk_acwb_oob',NA,'risk_hcwb_oob',NA 
DEBUG [08:15:31.083] [mlr3]  Learner 'bin_cwb_b' on task 'Task 168335: MiniBooNE (Supervised Classification)' succeeded to fit a model {learner: <LearnerClassifCompboost/LearnerClassif/Learner/R6>, result: <list>, messages: }
DEBUG [08:15:31.299] [mlr3]  Learner 'removeconstants_before.imputemedian_num.imputemode_fct.collapsefactors.removeconstants_after.bin_cwb_b' on task 'Task 168335: MiniBooNE (Supervised Classification)' succeeded to fit a model {learner: <GraphLearner/Learner/R6>, result: <list>, messages: }
[2021-07-19 08:15:36] (1/1250) Processing iter 4
Error in self$model$setToIteration(iteration, trace) : 
  addition: incompatible matrix dimensions: 104051x1 and 322x1

### [bt]: Job terminated with an exception [batchtools job.id=62]
### [bt]: Calculation finished!
