### [bt]: This is batchtools v0.9.15
### [bt]: Starting calculation of 1 jobs
### [bt]: Setting working directory to '/home/user/repos/cacb-batchtools/eq1'
[2021-07-25 20:02:09] Loading new learner
[2021-07-25 20:02:09] Loading tasks
[2021-07-25 20:02:12] Loading resampling
### [bt]: Memory measurement disabled
### [bt]: Starting job [batchtools job.id=15]
### [bt]: Generating problem instance for problem 'spam-fold3' ...
### [bt]: Applying algorithm 'evaluate-learner' on problem 'spam-fold3' for job 15 (seed = 31430) ...
DEBUG [20:02:13.517] [mlr3]  Skip subsetting of task 'spam' 
DEBUG [20:02:13.520] [mlr3]  Calling train method of Learner 'acc_hcwb' on task 'spam' with 3680 observations {learner: <LearnerClassifCompboost/LearnerClassif/Learner/R6>}
INFO  [20:02:13.528] [mlr3]  [LGCOMPBOOST] Running compboost with df 20.000000 and df_cat 1.000000 
   1/5000   risk = 0.67  oob_risk = inf   riskauc = 0.81   time = 2   
 125/5000   risk = 0.34  oob_risk = inf   riskauc = 0.94   time = 1199835   
 250/5000   risk = 0.14  oob_risk = inf   riskauc = 0.94   time = 2502357   
 375/5000   risk = 0.091  oob_risk = inf   riskauc = 0.94   time = 3664283   
 500/5000   risk = 0.078  oob_risk = inf   riskauc = 0.93   time = 4878676   
 625/5000   risk = 0.071  oob_risk = inf   riskauc = 0.91   time = 6152493   
 750/5000   risk = 0.066  oob_risk = inf   riskauc = 0.91   time = 7619004   
 875/5000   risk = 0.061  oob_risk = inf   riskauc = 0.9   time = 9038644   
1000/5000   risk = 0.057  oob_risk = inf   riskauc = 0.9   time = 10451912   
1125/5000   risk = 0.054  oob_risk = inf   riskauc = 0.89   time = 11879930   
1250/5000   risk = 0.051  oob_risk = inf   riskauc = 0.89   time = 13065961   
1375/5000   risk = 0.049  oob_risk = inf   riskauc = 0.88   time = 14401503   
1500/5000   risk = 0.047  oob_risk = inf   riskauc = 0.88   time = 16021349   
1625/5000   risk = 0.045  oob_risk = inf   riskauc = 0.88   time = 17477109   
1750/5000   risk = 0.044  oob_risk = inf   riskauc = 0.88   time = 18857409   
1875/5000   risk = 0.042  oob_risk = inf   riskauc = 0.88   time = 20423666   
2000/5000   risk = 0.04  oob_risk = inf   riskauc = 0.87   time = 21876239   
2125/5000   risk = 0.039  oob_risk = inf   riskauc = 0.87   time = 23305631   
2250/5000   risk = 0.038  oob_risk = inf   riskauc = 0.87   time = 24683162   
2375/5000   risk = 0.037  oob_risk = inf   riskauc = 0.87   time = 26134988   
2500/5000   risk = 0.036  oob_risk = inf   riskauc = 0.87   time = 27707293   
2625/5000   risk = 0.035  oob_risk = inf   riskauc = 0.87   time = 29183669   
2750/5000   risk = 0.034  oob_risk = inf   riskauc = 0.87   time = 30734068   
2875/5000   risk = 0.033  oob_risk = inf   riskauc = 0.87   time = 32248585   
3000/5000   risk = 0.032  oob_risk = inf   riskauc = 0.87   time = 33853709   
3125/5000   risk = 0.032  oob_risk = inf   riskauc = 0.87   time = 35456097   
3250/5000   risk = 0.03  oob_risk = inf   riskauc = 0.87   time = 36989481   
3375/5000   risk = 0.029  oob_risk = inf   riskauc = 0.87   time = 38606566   
3500/5000   risk = 0.029  oob_risk = inf   riskauc = 0.87   time = 40248956   
3625/5000   risk = 0.029  oob_risk = inf   riskauc = 0.87   time = 41919325   
3750/5000   risk = 0.028  oob_risk = inf   riskauc = 0.86   time = 43541068   
3875/5000   risk = 0.027  oob_risk = inf   riskauc = 0.86   time = 45139600   
4000/5000   risk = 0.026  oob_risk = inf   riskauc = 0.86   time = 46754974   
4125/5000   risk = 0.026  oob_risk = inf   riskauc = 0.86   time = 48260499   
4250/5000   risk = 0.026  oob_risk = inf   riskauc = 0.86   time = 49882267   
4375/5000   risk = 0.025  oob_risk = inf   riskauc = 0.86   time = 51521546   
4500/5000   risk = 0.025  oob_risk = inf   riskauc = 0.86   time = 53096958   
4625/5000   risk = 0.025  oob_risk = inf   riskauc = 0.86   time = 54613150   
4750/5000   risk = 0.025  oob_risk = inf   riskauc = 0.86   time = 56107394   
4875/5000   risk = 0.025  oob_risk = inf   riskauc = 0.86   time = 57869056   
5000/5000   risk = 0.023  oob_risk = inf   riskauc = 0.86   time = 59514442   


Train 5000 iterations in 59 Seconds.
Final risk based on the train set: 0.023

INFO  [20:03:27.139] [mlr3]  [LGCOMPBOOST] iterations:'stop_cwb',NA,'stop_acwb',5000,'stop_hcwb',NA 
INFO  [20:03:27.142] [mlr3]  [LGCOMPBOOST] risk_inbag:'risk_intercept',0.672473,'risk_cwb',NA,'risk_acwb',0.023113,'risk_hcwb',NA 
INFO  [20:03:27.143] [mlr3]  [LGCOMPBOOST] risk_oob:'risk_intercept_oob',Inf,'risk_cwb_oob',NA,'risk_acwb_oob',Inf,'risk_hcwb_oob',NA 
DEBUG [20:03:27.149] [mlr3]  Learner 'acc_hcwb' on task 'spam' succeeded to fit a model {learner: <LearnerClassifCompboost/LearnerClassif/Learner/R6>, result: <list>, messages: }
DEBUG [20:03:27.160] [mlr3]  Skip subsetting of task 'spam' 
DEBUG [20:03:27.163] [mlr3]  Calling train method of Learner 'acc_hcwb' on task 'spam' with 3680 observations {learner: <LearnerClassifCompboost/LearnerClassif/Learner/R6>}
INFO  [20:03:27.175] [mlr3]  [LGCOMPBOOST] Running compboost with df 20.000000 and df_cat 1.000000 
   1/5000   risk = 0.67  oob_risk = inf   time = 2   
 125/5000   risk = 0.34  oob_risk = inf   time = 1180007   
 250/5000   risk = 0.14  oob_risk = inf   time = 2584130   
 375/5000   risk = 0.091  oob_risk = inf   time = 4000084   
 500/5000   risk = 0.078  oob_risk = inf   time = 5227876   
 625/5000   risk = 0.071  oob_risk = inf   time = 6549782   
 750/5000   risk = 0.066  oob_risk = inf   time = 7871272   
 875/5000   risk = 0.061  oob_risk = inf   time = 9042161   
1000/5000   risk = 0.057  oob_risk = inf   time = 10183577   
1125/5000   risk = 0.054  oob_risk = inf   time = 11422489   
1250/5000   risk = 0.051  oob_risk = inf   time = 12681732   
1375/5000   risk = 0.049  oob_risk = inf   time = 14151900   
1500/5000   risk = 0.047  oob_risk = inf   time = 15512946   
1625/5000   risk = 0.045  oob_risk = inf   time = 17012617   
1750/5000   risk = 0.044  oob_risk = inf   time = 18260029   
1875/5000   risk = 0.042  oob_risk = inf   time = 19558987   
2000/5000   risk = 0.04  oob_risk = inf   time = 20900978   
2125/5000   risk = 0.039  oob_risk = inf   time = 22180133   
2250/5000   risk = 0.038  oob_risk = inf   time = 23428544   
2375/5000   risk = 0.037  oob_risk = inf   time = 24782177   
2500/5000   risk = 0.036  oob_risk = inf   time = 26111782   
2625/5000   risk = 0.035  oob_risk = inf   time = 27405933   
2750/5000   risk = 0.034  oob_risk = inf   time = 28698230   
2875/5000   risk = 0.033  oob_risk = inf   time = 29995555   
3000/5000   risk = 0.032  oob_risk = inf   time = 31364758   
3125/5000   risk = 0.032  oob_risk = inf   time = 32864443   
3250/5000   risk = 0.03  oob_risk = inf   time = 34295451   
3375/5000   risk = 0.029  oob_risk = inf   time = 35840984   
3500/5000   risk = 0.029  oob_risk = inf   time = 37125651   
3625/5000   risk = 0.029  oob_risk = inf   time = 38477898   
3750/5000   risk = 0.028  oob_risk = inf   time = 39925796   
3875/5000   risk = 0.027  oob_risk = inf   time = 41268632   
4000/5000   risk = 0.026  oob_risk = inf   time = 42736766   
4125/5000   risk = 0.026  oob_risk = inf   time = 44120322   
4250/5000   risk = 0.026  oob_risk = inf   time = 45730671   
4375/5000   risk = 0.025  oob_risk = inf   time = 47175832   
4500/5000   risk = 0.025  oob_risk = inf   time = 48655943   
4625/5000   risk = 0.025  oob_risk = inf   time = 50155935   
4750/5000   risk = 0.025  oob_risk = inf   time = 51589331   
4875/5000   risk = 0.025  oob_risk = inf   time = 53156040   
5000/5000   risk = 0.023  oob_risk = inf   time = 54698283   


Train 5000 iterations in 54 Seconds.
Final risk based on the train set: 0.023

INFO  [20:04:35.839] [mlr3]  [LGCOMPBOOST] iterations:'stop_cwb',NA,'stop_acwb',5000,'stop_hcwb',NA 
INFO  [20:04:35.842] [mlr3]  [LGCOMPBOOST] risk_inbag:'risk_intercept',0.672473,'risk_cwb',NA,'risk_acwb',0.023113,'risk_hcwb',NA 
INFO  [20:04:35.843] [mlr3]  [LGCOMPBOOST] risk_oob:'risk_intercept_oob',Inf,'risk_cwb_oob',NA,'risk_acwb_oob',Inf,'risk_hcwb_oob',NA 
DEBUG [20:04:35.848] [mlr3]  Learner 'acc_hcwb' on task 'spam' succeeded to fit a model {learner: <LearnerClassifCompboost/LearnerClassif/Learner/R6>, result: <list>, messages: }

### [bt]: Job terminated successfully [batchtools job.id=15]
### [bt]: Calculation finished!
