### [bt]: This is batchtools v0.9.15
### [bt]: Starting calculation of 1 jobs
### [bt]: Setting working directory to '/home/user/repos/cacb-batchtools/eq1'
[2021-07-25 20:40:09] Loading new learner
[2021-07-25 20:40:09] Loading tasks
[2021-07-25 20:40:12] Loading resampling
### [bt]: Memory measurement disabled
### [bt]: Starting job [batchtools job.id=32]
### [bt]: Generating problem instance for problem '7592-fold2' ...
### [bt]: Applying algorithm 'evaluate-learner' on problem '7592-fold2' for job 32 (seed = 31447) ...
DEBUG [20:40:13.160] [mlr3]  Skip subsetting of task 'Task 7592: adult (Supervised Classification)' 
DEBUG [20:40:13.164] [mlr3]  Calling train method of Learner 'bin_cwb_b' on task 'Task 7592: adult (Supervised Classification)' with 39073 observations {learner: <LearnerClassifCompboost/LearnerClassif/Learner/R6>}
Warning in get_private(learner)$.train(task) :
  Number of cores 30 exceeds number of features 14. The number of cores are set to 14!
INFO  [20:40:13.319] [mlr3]  [LGCOMPBOOST] Running compboost with df 5.000000 and df_cat 2.000000 
   1/5000   risk = 0.54  riskauc = 0.77   time = 2   
 125/5000   risk = 0.35  riskauc = 0.9   time = 1081717   
 250/5000   risk = 0.34  riskauc = 0.9   time = 2020536   
 375/5000   risk = 0.34  riskauc = 0.9   time = 2963244   
 500/5000   risk = 0.34  riskauc = 0.91   time = 3923586   
 625/5000   risk = 0.35  riskauc = 0.91   time = 4876621   
 750/5000   risk = 0.35  riskauc = 0.91   time = 5811709   
 875/5000   risk = 0.35  riskauc = 0.91   time = 6896398   
1000/5000   risk = 0.35  riskauc = 0.91   time = 7913156   
1125/5000   risk = 0.35  riskauc = 0.91   time = 8870272   
1250/5000   risk = 0.35  riskauc = 0.91   time = 9990257   
1375/5000   risk = 0.35  riskauc = 0.91   time = 10993200   
1500/5000   risk = 0.35  riskauc = 0.91   time = 12018278   
1625/5000   risk = 0.35  riskauc = 0.91   time = 12985445   
1750/5000   risk = 0.35  riskauc = 0.91   time = 13960965   
1875/5000   risk = 0.35  riskauc = 0.91   time = 14925213   
2000/5000   risk = 0.35  riskauc = 0.91   time = 15844861   
2125/5000   risk = 0.35  riskauc = 0.91   time = 16769373   
2250/5000   risk = 0.36  riskauc = 0.91   time = 17707111   
2375/5000   risk = 0.36  riskauc = 0.91   time = 18729648   
2500/5000   risk = 0.36  riskauc = 0.91   time = 19757470   
2625/5000   risk = 0.36  riskauc = 0.91   time = 20746895   
2750/5000   risk = 0.36  riskauc = 0.91   time = 21756559   
2875/5000   risk = 0.36  riskauc = 0.91   time = 22761139   
3000/5000   risk = 0.36  riskauc = 0.91   time = 23739892   
3125/5000   risk = 0.36  riskauc = 0.91   time = 24738477   
3250/5000   risk = 0.36  riskauc = 0.91   time = 25752325   
3375/5000   risk = 0.36  riskauc = 0.91   time = 26769755   
3500/5000   risk = 0.36  riskauc = 0.91   time = 28081200   
3625/5000   risk = 0.36  riskauc = 0.91   time = 29139966   
3750/5000   risk = 0.36  riskauc = 0.91   time = 30183995   
3875/5000   risk = 0.36  riskauc = 0.91   time = 31240440   
4000/5000   risk = 0.36  riskauc = 0.91   time = 32358908   
4125/5000   risk = 0.36  riskauc = 0.91   time = 33464530   
4250/5000   risk = 0.36  riskauc = 0.91   time = 34607682   
4375/5000   risk = 0.36  riskauc = 0.91   time = 35624813   
4500/5000   risk = 0.36  riskauc = 0.91   time = 36694724   
4625/5000   risk = 0.36  riskauc = 0.91   time = 37836872   
4750/5000   risk = 0.36  riskauc = 0.91   time = 38925143   
4875/5000   risk = 0.36  riskauc = 0.91   time = 39957209   
5000/5000   risk = 0.36  riskauc = 0.91   time = 41083093   


Train 5000 iterations in 41 Seconds.
Final risk based on the train set: 0.36

INFO  [20:41:02.672] [mlr3]  [LGCOMPBOOST] iterations:'stop_cwb',5000,'stop_acwb',NA,'stop_hcwb',NA 
INFO  [20:41:02.676] [mlr3]  [LGCOMPBOOST] risk_inbag:'risk_intercept',0.550237,'risk_cwb',0.356334,'risk_acwb',NA,'risk_hcwb',NA 
INFO  [20:41:02.677] [mlr3]  [LGCOMPBOOST] risk_oob:'risk_intercept_oob',NA,'risk_cwb_oob',NA,'risk_acwb_oob',NA,'risk_hcwb_oob',NA 
DEBUG [20:41:02.683] [mlr3]  Learner 'bin_cwb_b' on task 'Task 7592: adult (Supervised Classification)' succeeded to fit a model {learner: <LearnerClassifCompboost/LearnerClassif/Learner/R6>, result: <list>, messages: }
DEBUG [20:41:02.698] [mlr3]  Skip subsetting of task 'Task 7592: adult (Supervised Classification)' 
DEBUG [20:41:02.702] [mlr3]  Calling train method of Learner 'bin_cwb_b' on task 'Task 7592: adult (Supervised Classification)' with 39073 observations {learner: <LearnerClassifCompboost/LearnerClassif/Learner/R6>}
Warning in get_private(learner)$.train(task) :
  Number of cores 30 exceeds number of features 14. The number of cores are set to 14!
INFO  [20:41:02.794] [mlr3]  [LGCOMPBOOST] Running compboost with df 5.000000 and df_cat 2.000000 
   1/5000   risk = 0.54  time = 3   
 125/5000   risk = 0.35  time = 594263   
 250/5000   risk = 0.34  time = 1174425   
 375/5000   risk = 0.34  time = 1719064   
 500/5000   risk = 0.34  time = 2300941   
 625/5000   risk = 0.35  time = 2805334   
 750/5000   risk = 0.35  time = 3321797   
 875/5000   risk = 0.35  time = 3849232   
1000/5000   risk = 0.35  time = 4361231   
1125/5000   risk = 0.35  time = 4852356   
1250/5000   risk = 0.35  time = 5358180   
1375/5000   risk = 0.35  time = 5872137   
1500/5000   risk = 0.35  time = 6410780   
1625/5000   risk = 0.35  time = 6929224   
1750/5000   risk = 0.35  time = 7445618   
1875/5000   risk = 0.35  time = 7993680   
2000/5000   risk = 0.35  time = 8525709   
2125/5000   risk = 0.35  time = 9049824   
2250/5000   risk = 0.36  time = 9583449   
2375/5000   risk = 0.36  time = 10103976   
2500/5000   risk = 0.36  time = 10563276   
2625/5000   risk = 0.36  time = 11033040   
2750/5000   risk = 0.36  time = 11537172   
2875/5000   risk = 0.36  time = 12054499   
3000/5000   risk = 0.36  time = 12595324   
3125/5000   risk = 0.36  time = 13145168   
3250/5000   risk = 0.36  time = 13693612   
3375/5000   risk = 0.36  time = 14256401   
3500/5000   risk = 0.36  time = 14808052   
3625/5000   risk = 0.36  time = 15328759   
3750/5000   risk = 0.36  time = 15789140   
3875/5000   risk = 0.36  time = 16233556   
4000/5000   risk = 0.36  time = 16700393   
4125/5000   risk = 0.36  time = 17195038   
4250/5000   risk = 0.36  time = 17708841   
4375/5000   risk = 0.36  time = 18234364   
4500/5000   risk = 0.36  time = 18799566   
4625/5000   risk = 0.36  time = 19348135   
4750/5000   risk = 0.36  time = 19903003   
4875/5000   risk = 0.36  time = 20470836   
5000/5000   risk = 0.36  time = 21026541   


Train 5000 iterations in 21 Seconds.
Final risk based on the train set: 0.36

INFO  [20:41:30.552] [mlr3]  [LGCOMPBOOST] iterations:'stop_cwb',5000,'stop_acwb',NA,'stop_hcwb',NA 
INFO  [20:41:30.556] [mlr3]  [LGCOMPBOOST] risk_inbag:'risk_intercept',0.550237,'risk_cwb',0.356334,'risk_acwb',NA,'risk_hcwb',NA 
INFO  [20:41:30.559] [mlr3]  [LGCOMPBOOST] risk_oob:'risk_intercept_oob',NA,'risk_cwb_oob',NA,'risk_acwb_oob',NA,'risk_hcwb_oob',NA 
DEBUG [20:41:30.567] [mlr3]  Learner 'bin_cwb_b' on task 'Task 7592: adult (Supervised Classification)' succeeded to fit a model {learner: <LearnerClassifCompboost/LearnerClassif/Learner/R6>, result: <list>, messages: }

### [bt]: Job terminated successfully [batchtools job.id=32]
### [bt]: Calculation finished!
