### [bt]: This is batchtools v0.9.15
### [bt]: Starting calculation of 1 jobs
### [bt]: Setting working directory to '/home/user/repos/cacb-batchtools/eq1'
[2021-07-29 01:05:48] Loading new learner
[2021-07-29 01:05:48] Loading tasks
[2021-07-29 01:05:50] Loading resampling
### [bt]: Memory measurement disabled
### [bt]: Starting job [batchtools job.id=117]
### [bt]: Generating problem instance for problem '9977-fold5' ...
### [bt]: Applying algorithm 'evaluate-learner' on problem '9977-fold5' for job 117 (seed = 31532) ...
DEBUG [01:05:51.942] [mlr3]  Skip subsetting of task 'Task 9977: nomao (Supervised Classification)' 
DEBUG [01:05:51.946] [mlr3]  Calling train method of Learner 'bin_cwb_nb' on task 'Task 9977: nomao (Supervised Classification)' with 27573 observations {learner: <LearnerClassifCompboost/LearnerClassif/Learner/R6>}
   1/5000   risk = 0.56  riskauc = 0.89   time = 2   
 125/5000   risk = 0.17  riskauc = 0.98   time = 4082381   
 250/5000   risk = 0.16  riskauc = 0.98   time = 8255860   
 375/5000   risk = 0.16  riskauc = 0.98   time = 12228030   
 500/5000   risk = 0.15  riskauc = 0.98   time = 16185710   
 625/5000   risk = 0.15  riskauc = 0.98   time = 20688299   
 750/5000   risk = 0.15  riskauc = 0.99   time = 24748510   
 875/5000   risk = 0.15  riskauc = 0.99   time = 28803473   
1000/5000   risk = 0.15  riskauc = 0.99   time = 32726911   
1125/5000   risk = 0.15  riskauc = 0.99   time = 36647306   
1250/5000   risk = 0.15  riskauc = 0.99   time = 40659503   
1375/5000   risk = 0.15  riskauc = 0.99   time = 44558292   
1500/5000   risk = 0.15  riskauc = 0.99   time = 48519334   
1625/5000   risk = 0.15  riskauc = 0.99   time = 52438398   
1750/5000   risk = 0.14  riskauc = 0.99   time = 56270470   
1875/5000   risk = 0.14  riskauc = 0.99   time = 60074017   
2000/5000   risk = 0.14  riskauc = 0.99   time = 63937792   
2125/5000   risk = 0.14  riskauc = 0.99   time = 67745107   
2250/5000   risk = 0.14  riskauc = 0.99   time = 71502466   
2375/5000   risk = 0.14  riskauc = 0.99   time = 75551782   
2500/5000   risk = 0.14  riskauc = 0.99   time = 79322508   
2625/5000   risk = 0.14  riskauc = 0.99   time = 83112212   
2750/5000   risk = 0.14  riskauc = 0.99   time = 86887190   
2875/5000   risk = 0.14  riskauc = 0.99   time = 90575783   
3000/5000   risk = 0.14  riskauc = 0.99   time = 94359272   
3125/5000   risk = 0.14  riskauc = 0.99   time = 98002106   
3250/5000   risk = 0.14  riskauc = 0.99   time = 101686233   
3375/5000   risk = 0.14  riskauc = 0.99   time = 105322593   
3500/5000   risk = 0.14  riskauc = 0.99   time = 109000856   
3625/5000   risk = 0.14  riskauc = 0.99   time = 112745955   
3750/5000   risk = 0.14  riskauc = 0.99   time = 116387165   
3875/5000   risk = 0.14  riskauc = 0.99   time = 120128311   
4000/5000   risk = 0.14  riskauc = 0.99   time = 124036370   
4125/5000   risk = 0.14  riskauc = 0.99   time = 127656918   
4250/5000   risk = 0.14  riskauc = 0.99   time = 131335170   
4375/5000   risk = 0.14  riskauc = 0.99   time = 134957094   
4500/5000   risk = 0.14  riskauc = 0.99   time = 138620033   
4625/5000   risk = 0.14  riskauc = 0.99   time = 142379248   
4750/5000   risk = 0.14  riskauc = 0.99   time = 146083905   
4875/5000   risk = 0.14  riskauc = 0.99   time = 149748861   
5000/5000   risk = 0.14  riskauc = 0.99   time = 153361570   


Train 5000 iterations in 153 Seconds.
Final risk based on the train set: 0.14

DEBUG [01:08:29.223] [mlr3]  Learner 'bin_cwb_nb' on task 'Task 9977: nomao (Supervised Classification)' succeeded to fit a model {learner: <LearnerClassifCompboost/LearnerClassif/Learner/R6>, result: <list>, messages: }
DEBUG [01:08:29.237] [mlr3]  Skip subsetting of task 'Task 9977: nomao (Supervised Classification)' 
DEBUG [01:08:29.241] [mlr3]  Calling train method of Learner 'bin_cwb_nb' on task 'Task 9977: nomao (Supervised Classification)' with 27573 observations {learner: <LearnerClassifCompboost/LearnerClassif/Learner/R6>}
   1/5000   risk = 0.56  time = 3   
 125/5000   risk = 0.17  time = 3426269   
 250/5000   risk = 0.16  time = 6918895   
 375/5000   risk = 0.16  time = 10351921   
 500/5000   risk = 0.15  time = 13820118   
 625/5000   risk = 0.15  time = 17302826   
 750/5000   risk = 0.15  time = 20768692   
 875/5000   risk = 0.15  time = 24268781   
1000/5000   risk = 0.15  time = 27829520   
1125/5000   risk = 0.15  time = 31316933   
1250/5000   risk = 0.15  time = 34852481   
1375/5000   risk = 0.15  time = 38419888   
1500/5000   risk = 0.15  time = 41992292   
1625/5000   risk = 0.15  time = 45537145   
1750/5000   risk = 0.14  time = 49176714   
1875/5000   risk = 0.14  time = 52747722   
2000/5000   risk = 0.14  time = 56308714   
2125/5000   risk = 0.14  time = 59914001   
2250/5000   risk = 0.14  time = 63533981   
2375/5000   risk = 0.14  time = 67103185   
2500/5000   risk = 0.14  time = 70727118   
2625/5000   risk = 0.14  time = 74306631   
2750/5000   risk = 0.14  time = 77856793   
2875/5000   risk = 0.14  time = 81449388   
3000/5000   risk = 0.14  time = 85032719   
3125/5000   risk = 0.14  time = 88589945   
3250/5000   risk = 0.14  time = 92204624   
3375/5000   risk = 0.14  time = 95791483   
3500/5000   risk = 0.14  time = 99383004   
3625/5000   risk = 0.14  time = 102985185   
3750/5000   risk = 0.14  time = 106566779   
3875/5000   risk = 0.14  time = 110122343   
4000/5000   risk = 0.14  time = 113762626   
4125/5000   risk = 0.14  time = 117329347   
4250/5000   risk = 0.14  time = 120973937   
4375/5000   risk = 0.14  time = 124577110   
4500/5000   risk = 0.14  time = 128109488   
4625/5000   risk = 0.14  time = 131731623   
4750/5000   risk = 0.14  time = 135351104   
4875/5000   risk = 0.14  time = 139091525   
5000/5000   risk = 0.14  time = 142823359   


Train 5000 iterations in 142 Seconds.
Final risk based on the train set: 0.14

DEBUG [01:10:55.983] [mlr3]  Learner 'bin_cwb_nb' on task 'Task 9977: nomao (Supervised Classification)' succeeded to fit a model {learner: <LearnerClassifCompboost/LearnerClassif/Learner/R6>, result: <list>, messages: }

### [bt]: Job terminated successfully [batchtools job.id=117]
### [bt]: Calculation finished!
