### [bt]: This is batchtools v0.9.15
### [bt]: Starting calculation of 1 jobs
### [bt]: Setting working directory to '/home/user/repos/cacb-batchtools/eq1'
[2021-07-29 16:31:01] Loading new learner
[2021-07-29 16:31:01] Loading tasks
[2021-07-29 16:31:03] Loading resampling
### [bt]: Memory measurement disabled
### [bt]: Starting job [batchtools job.id=124]
### [bt]: Generating problem instance for problem 'spam-fold4' ...
### [bt]: Applying algorithm 'evaluate-learner' on problem 'spam-fold4' for job 124 (seed = 31539) ...
DEBUG [16:31:04.219] [mlr3]  Skip subsetting of task 'spam' 
DEBUG [16:31:04.222] [mlr3]  Calling train method of Learner 'acc_hcwb' on task 'spam' with 3682 observations {learner: <LearnerClassifCompboost/LearnerClassif/Learner/R6>}
   1/5000   risk = 0.64  oob_risk = 0.64   riskauc = 0.76   time = 2   


Train 47 iterations in 0 Seconds.
Final risk based on the train set: 0.4

   1/4964   risk = 0.42  oob_risk = 0.52   riskauc = 0.93   time = 2   
 124/4964   risk = 0.22  oob_risk = inf   riskauc = 0.96   time = 1350383   
 248/4964   risk = 0.2  oob_risk = inf   riskauc = 0.96   time = 2484252   
 372/4964   risk = 0.18  oob_risk = inf   riskauc = 0.96   time = 3624433   
 496/4964   risk = 0.17  oob_risk = inf   riskauc = 0.96   time = 4675811   
 620/4964   risk = 0.16  oob_risk = inf   riskauc = 0.96   time = 5726733   
 744/4964   risk = 0.16  oob_risk = inf   riskauc = 0.96   time = 6954636   
 868/4964   risk = 0.15  oob_risk = inf   riskauc = 0.96   time = 8059772   
 992/4964   risk = 0.15  oob_risk = inf   riskauc = 0.96   time = 9112984   
1116/4964   risk = 0.14  oob_risk = inf   riskauc = 0.96   time = 10162699   
1240/4964   risk = 0.14  oob_risk = inf   riskauc = 0.95   time = 11261277   
1364/4964   risk = 0.14  oob_risk = inf   riskauc = 0.95   time = 12494041   
1488/4964   risk = 0.13  oob_risk = inf   riskauc = 0.95   time = 13654242   
1612/4964   risk = 0.13  oob_risk = inf   riskauc = 0.95   time = 14752255   
1736/4964   risk = 0.13  oob_risk = inf   riskauc = 0.95   time = 15825645   
1860/4964   risk = 0.13  oob_risk = inf   riskauc = 0.95   time = 16913235   
1984/4964   risk = 0.12  oob_risk = inf   riskauc = 0.95   time = 18161775   
2108/4964   risk = 0.12  oob_risk = inf   riskauc = 0.95   time = 19401806   
2232/4964   risk = 0.12  oob_risk = inf   riskauc = 0.94   time = 20596280   
2356/4964   risk = 0.12  oob_risk = inf   riskauc = 0.94   time = 21713600   
2480/4964   risk = 0.12  oob_risk = inf   riskauc = 0.94   time = 22889771   
2604/4964   risk = 0.12  oob_risk = inf   riskauc = 0.94   time = 24272670   
2728/4964   risk = 0.11  oob_risk = inf   riskauc = 0.94   time = 25555636   
2852/4964   risk = 0.11  oob_risk = inf   riskauc = 0.94   time = 26688889   
2976/4964   risk = 0.11  oob_risk = inf   riskauc = 0.94   time = 27840753   
3100/4964   risk = 0.11  oob_risk = inf   riskauc = 0.94   time = 28940844   
3224/4964   risk = 0.11  oob_risk = inf   riskauc = 0.94   time = 30177397   
3348/4964   risk = 0.11  oob_risk = inf   riskauc = 0.94   time = 31346676   
3472/4964   risk = 0.11  oob_risk = inf   riskauc = 0.94   time = 32410192   
3596/4964   risk = 0.11  oob_risk = inf   riskauc = 0.94   time = 33578901   
3720/4964   risk = 0.11  oob_risk = inf   riskauc = 0.94   time = 34898162   
3844/4964   risk = 0.1  oob_risk = inf   riskauc = 0.94   time = 36062677   
3968/4964   risk = 0.1  oob_risk = inf   riskauc = 0.94   time = 37242763   
4092/4964   risk = 0.1  oob_risk = inf   riskauc = 0.94   time = 38410857   
4216/4964   risk = 0.1  oob_risk = inf   riskauc = 0.94   time = 39619162   
4340/4964   risk = 0.1  oob_risk = inf   riskauc = 0.94   time = 40897512   
4464/4964   risk = 0.1  oob_risk = inf   riskauc = 0.94   time = 42149654   
4588/4964   risk = 0.1  oob_risk = inf   riskauc = 0.94   time = 43318138   
4712/4964   risk = 0.1  oob_risk = inf   riskauc = 0.94   time = 44476127   
4836/4964   risk = 0.1  oob_risk = inf   riskauc = 0.94   time = 45656066   
4960/4964   risk = 0.099  oob_risk = inf   riskauc = 0.94   time = 46834468   


Train 4964 iterations in 46 Seconds.
Final risk based on the train set: 0.099

DEBUG [16:31:52.169] [mlr3]  Learner 'acc_hcwb' on task 'spam' succeeded to fit a model {learner: <LearnerClassifCompboost/LearnerClassif/Learner/R6>, result: <list>, messages: }
DEBUG [16:31:52.183] [mlr3]  Skip subsetting of task 'spam' 
DEBUG [16:31:52.187] [mlr3]  Calling train method of Learner 'acc_hcwb' on task 'spam' with 3682 observations {learner: <LearnerClassifCompboost/LearnerClassif/Learner/R6>}
   1/5000   risk = 0.64  oob_risk = 0.64   time = 2   


Train 47 iterations in 0 Seconds.
Final risk based on the train set: 0.4

   1/4964   risk = 0.42  oob_risk = 0.52   time = 2   
 124/4964   risk = 0.22  oob_risk = inf   time = 1028900   
 248/4964   risk = 0.2  oob_risk = inf   time = 2009819   
 372/4964   risk = 0.18  oob_risk = inf   time = 3058474   
 496/4964   risk = 0.17  oob_risk = inf   time = 4163096   
 620/4964   risk = 0.16  oob_risk = inf   time = 5247902   
 744/4964   risk = 0.16  oob_risk = inf   time = 6323316   
 868/4964   risk = 0.15  oob_risk = inf   time = 7304568   
 992/4964   risk = 0.15  oob_risk = inf   time = 8356874   
1116/4964   risk = 0.14  oob_risk = inf   time = 9459414   
1240/4964   risk = 0.14  oob_risk = inf   time = 10689733   
1364/4964   risk = 0.14  oob_risk = inf   time = 11967501   
1488/4964   risk = 0.13  oob_risk = inf   time = 13056199   
1612/4964   risk = 0.13  oob_risk = inf   time = 14100058   
1736/4964   risk = 0.13  oob_risk = inf   time = 15146796   
1860/4964   risk = 0.13  oob_risk = inf   time = 16207643   
1984/4964   risk = 0.12  oob_risk = inf   time = 17273940   
2108/4964   risk = 0.12  oob_risk = inf   time = 18317141   
2232/4964   risk = 0.12  oob_risk = inf   time = 19381271   
2356/4964   risk = 0.12  oob_risk = inf   time = 20420444   
2480/4964   risk = 0.12  oob_risk = inf   time = 21436073   
2604/4964   risk = 0.12  oob_risk = inf   time = 22522130   
2728/4964   risk = 0.11  oob_risk = inf   time = 23799844   
2852/4964   risk = 0.11  oob_risk = inf   time = 24951679   
2976/4964   risk = 0.11  oob_risk = inf   time = 26122094   
3100/4964   risk = 0.11  oob_risk = inf   time = 27297903   
3224/4964   risk = 0.11  oob_risk = inf   time = 28433681   
3348/4964   risk = 0.11  oob_risk = inf   time = 29555558   
3472/4964   risk = 0.11  oob_risk = inf   time = 30702608   
3596/4964   risk = 0.11  oob_risk = inf   time = 31947501   
3720/4964   risk = 0.11  oob_risk = inf   time = 32988134   
3844/4964   risk = 0.1  oob_risk = inf   time = 34166619   
3968/4964   risk = 0.1  oob_risk = inf   time = 35202270   
4092/4964   risk = 0.1  oob_risk = inf   time = 36303533   
4216/4964   risk = 0.1  oob_risk = inf   time = 37374501   
4340/4964   risk = 0.1  oob_risk = inf   time = 38439205   
4464/4964   risk = 0.1  oob_risk = inf   time = 39475670   
4588/4964   risk = 0.1  oob_risk = inf   time = 40492249   
4712/4964   risk = 0.1  oob_risk = inf   time = 41566630   
4836/4964   risk = 0.1  oob_risk = inf   time = 42735860   
4960/4964   risk = 0.099  oob_risk = inf   time = 43783973   


Train 4964 iterations in 43 Seconds.
Final risk based on the train set: 0.099

DEBUG [16:32:37.050] [mlr3]  Learner 'acc_hcwb' on task 'spam' succeeded to fit a model {learner: <LearnerClassifCompboost/LearnerClassif/Learner/R6>, result: <list>, messages: }

### [bt]: Job terminated successfully [batchtools job.id=124]
### [bt]: Calculation finished!
