### [bt]: This is batchtools v0.9.15
### [bt]: Starting calculation of 1 jobs
### [bt]: Setting working directory to '/home/user/repos/cacb-batchtools/eq1'
Loading required package: data.table
Loading required package: R6
Loading required package: mlr3
Loading required package: mlr3learners
Loading required package: mlr3extralearners

Attaching package: ‘mlr3extralearners’

The following objects are masked from ‘package:mlr3’:

    lrn, lrns

Loading required package: mlr3pipelines
Loading required package: mlr3tuning
Loading required package: paradox
Loading required package: compboost
[2021-08-02 15:44:49] Loading new learner LearnerClassifCWB
[2021-08-02 15:44:49] Loading new learner LearnerClassifHCWB
[2021-08-02 15:44:49] Loading new learner
[2021-08-02 15:44:49] Loading tasks
[2021-08-02 15:44:53] Loading resampling
### [bt]: Memory measurement disabled
### [bt]: Starting job [batchtools job.id=103]
### [bt]: Generating problem instance for problem '168908-fold1' ...
### [bt]: Applying algorithm 'evaluate-learner' on problem '168908-fold1' for job 103 (seed = 31518) ...
DEBUG [15:44:54.750] [mlr3]  Skip subsetting of task 'Task 168908: christine (Supervised Classification)' 
DEBUG [15:44:54.845] [mlr3]  Calling train method of Learner 'acc_acwb' on task 'Task 168908: christine (Supervised Classification)' with 4334 observations {learner: <LearnerClassifCWB/LearnerClassif/Learner/R6>}
   1/5000   risk = 0.68  oob_risk = 0.68   test_auc = 0.26   time = 3   val_auc = 0.3   
 125/5000   risk = 0.51  oob_risk = 0.56   test_auc = 0.2   time = 4766802   val_auc = 0.22   
 250/5000   risk = 0.34  oob_risk = 0.62   test_auc = 0.21   time = 9687968   val_auc = 0.22   
 375/5000   risk = 0.18  oob_risk = 0.83   test_auc = 0.26   time = 14787876   val_auc = 0.24   
 500/5000   risk = 0.087  oob_risk = 1.2   test_auc = 0.29   time = 19800724   val_auc = 0.27   
 625/5000   risk = 0.038  oob_risk = 1.7   test_auc = 0.31   time = 24783029   val_auc = 0.28   
 750/5000   risk = 0.016  oob_risk = 2.2   test_auc = 0.32   time = 29718923   val_auc = 0.29   
 875/5000   risk = 0.0057  oob_risk = 2.7   test_auc = 0.33   time = 34627200   val_auc = 0.3   
1000/5000   risk = 0.002  oob_risk = 3.2   test_auc = 0.34   time = 39738105   val_auc = 0.31   
1125/5000   risk = 0.001  oob_risk = 3.8   test_auc = 0.35   time = 44771756   val_auc = 0.32   
1250/5000   risk = 0.00054  oob_risk = 4.3   test_auc = 0.35   time = 49849735   val_auc = 0.33   
1375/5000   risk = 0.00047  oob_risk = 4.8   test_auc = 0.36   time = 54930882   val_auc = 0.34   
1500/5000   risk = 9.9e-05  oob_risk = 5.2   test_auc = 0.36   time = 60178382   val_auc = 0.34   
1625/5000   risk = 5.6e-05  oob_risk = 5.6   test_auc = 0.36   time = 65296738   val_auc = 0.34   
1750/5000   risk = 2.6e-05  oob_risk = 6   test_auc = 0.37   time = 70786494   val_auc = 0.35   
1875/5000   risk = 1.2e-05  oob_risk = 6.4   test_auc = 0.37   time = 76124830   val_auc = 0.35   
2000/5000   risk = 6.6e-06  oob_risk = 6.7   test_auc = 0.37   time = 81427639   val_auc = 0.35   
2125/5000   risk = 4.2e-06  oob_risk = 7   test_auc = 0.37   time = 86774250   val_auc = 0.36   
2250/5000   risk = 3.2e-06  oob_risk = 7.3   test_auc = 0.37   time = 92224133   val_auc = 0.36   
2375/5000   risk = 2.8e-06  oob_risk = 7.6   test_auc = 0.38   time = 97742225   val_auc = 0.36   
2500/5000   risk = 2.5e-06  oob_risk = 7.9   test_auc = 0.38   time = 103220126   val_auc = 0.36   
2625/5000   risk = 1.9e-06  oob_risk = 8.2   test_auc = 0.38   time = 108726515   val_auc = 0.37   
2750/5000   risk = 1.3e-06  oob_risk = 8.4   test_auc = 0.38   time = 114244974   val_auc = 0.37   
2875/5000   risk = 8.9e-07  oob_risk = 8.7   test_auc = 0.38   time = 119722165   val_auc = 0.37   
3000/5000   risk = 6.2e-07  oob_risk = 8.9   test_auc = 0.38   time = 125216195   val_auc = 0.37   
3125/5000   risk = 4.6e-07  oob_risk = 9.1   test_auc = 0.38   time = 130759435   val_auc = 0.37   
3250/5000   risk = 3.6e-07  oob_risk = 9.3   test_auc = 0.39   time = 136257400   val_auc = 0.37   
3375/5000   risk = 3.1e-07  oob_risk = 9.5   test_auc = 0.39   time = 141684281   val_auc = 0.37   
3500/5000   risk = 2.7e-07  oob_risk = 9.7   test_auc = 0.39   time = 147102222   val_auc = 0.38   
3625/5000   risk = 2.4e-07  oob_risk = 9.9   test_auc = 0.39   time = 152538451   val_auc = 0.38   
3750/5000   risk = 2.1e-07  oob_risk = 10   test_auc = 0.39   time = 157947225   val_auc = 0.38   
3875/5000   risk = 1.8e-07  oob_risk = 10   test_auc = 0.39   time = 163354959   val_auc = 0.38   
4000/5000   risk = 1.7e-07  oob_risk = 10   test_auc = 0.39   time = 168839330   val_auc = 0.38   
4125/5000   risk = 1.5e-07  oob_risk = 11   test_auc = 0.39   time = 174266931   val_auc = 0.38   
4250/5000   risk = 1.4e-07  oob_risk = 11   test_auc = 0.39   time = 179799238   val_auc = 0.38   
4375/5000   risk = 1.2e-07  oob_risk = 11   test_auc = 0.39   time = 185254576   val_auc = 0.38   
4500/5000   risk = 1.1e-07  oob_risk = 11   test_auc = 0.39   time = 190667113   val_auc = 0.38   
4625/5000   risk = 9.8e-08  oob_risk = 11   test_auc = 0.39   time = 196113373   val_auc = 0.38   
4750/5000   risk = 8.5e-08  oob_risk = 11   test_auc = 0.39   time = 201611707   val_auc = 0.38   
4875/5000   risk = 7.4e-08  oob_risk = 11   test_auc = 0.39   time = 207295722   val_auc = 0.38   
5000/5000   risk = 6.5e-08  oob_risk = 12   test_auc = 0.39   time = 212755493   val_auc = 0.38   


Train 5000 iterations in 214 Seconds.
Final risk based on the train set: 6.5e-08

DEBUG [15:48:57.498] [mlr3]  Learner 'acc_acwb' on task 'Task 168908: christine (Supervised Classification)' succeeded to fit a model {learner: <LearnerClassifCWB/LearnerClassif/Learner/R6>, result: <list>, messages: }

### [bt]: Job terminated successfully [batchtools job.id=103]
### [bt]: Calculation finished!
