### [bt]: This is batchtools v0.9.15
### [bt]: Starting calculation of 1 jobs
### [bt]: Setting working directory to '/home/user/repos/cacb-batchtools/eq1'
[2021-07-27 20:57:31] Loading new learner
[2021-07-27 20:57:31] Loading tasks
[2021-07-27 20:57:34] Loading resampling
### [bt]: Memory measurement disabled
### [bt]: Starting job [batchtools job.id=43]
### [bt]: Generating problem instance for problem '168335-fold1' ...
### [bt]: Applying algorithm 'evaluate-learner' on problem '168335-fold1' for job 43 (seed = 31458) ...
DEBUG [20:57:36.436] [mlr3]  Skip subsetting of task 'Task 168335: MiniBooNE (Supervised Classification)' 
DEBUG [20:57:36.439] [mlr3]  Calling train method of Learner 'acc_acwb' on task 'Task 168335: MiniBooNE (Supervised Classification)' with 104051 observations {learner: <LearnerClassifCompboost/LearnerClassif/Learner/R6>}
   1/5000   risk = 0.56  riskauc = 0.84   time = 2   
 125/5000   risk = 0.25  riskauc = 0.96   time = 18158047   
 250/5000   risk = 0.2  riskauc = 0.97   time = 35364007   
 375/5000   risk = 0.19  riskauc = 0.97   time = 51881081   
 500/5000   risk = 0.19  riskauc = 0.97   time = 67797459   
 625/5000   risk = 0.2  riskauc = 0.97   time = 83612461   
 750/5000   risk = 0.2  riskauc = 0.97   time = 99463891   
 875/5000   risk = 0.2  riskauc = 0.97   time = 115410419   
1000/5000   risk = 0.21  riskauc = 0.97   time = 130716516   
1125/5000   risk = 0.21  riskauc = 0.97   time = 145668404   
1250/5000   risk = 0.21  riskauc = 0.97   time = 160590966   
1375/5000   risk = 0.21  riskauc = 0.97   time = 175845166   
1500/5000   risk = 0.21  riskauc = 0.97   time = 190898835   
1625/5000   risk = 0.21  riskauc = 0.97   time = 206127580   
1750/5000   risk = 0.22  riskauc = 0.97   time = 220885567   
1875/5000   risk = 0.22  riskauc = 0.97   time = 235788844   
2000/5000   risk = 0.22  riskauc = 0.97   time = 250793076   
2125/5000   risk = 0.22  riskauc = 0.97   time = 265498807   
2250/5000   risk = 0.22  riskauc = 0.97   time = 280631060   
2375/5000   risk = 0.22  riskauc = 0.97   time = 295633783   
2500/5000   risk = 0.22  riskauc = 0.97   time = 310882263   
2625/5000   risk = 0.22  riskauc = 0.97   time = 326041139   
2750/5000   risk = 0.22  riskauc = 0.97   time = 341111264   
2875/5000   risk = 0.22  riskauc = 0.97   time = 355992685   
3000/5000   risk = 0.22  riskauc = 0.97   time = 371237943   
3125/5000   risk = 0.22  riskauc = 0.97   time = 386299819   
3250/5000   risk = 0.22  riskauc = 0.97   time = 401611088   
3375/5000   risk = 0.22  riskauc = 0.97   time = 416589254   
3500/5000   risk = 0.23  riskauc = 0.97   time = 432252878   
3625/5000   risk = 0.23  riskauc = 0.97   time = 447607546   
3750/5000   risk = 0.23  riskauc = 0.97   time = 462861995   
3875/5000   risk = 0.23  riskauc = 0.97   time = 477960686   
4000/5000   risk = 0.23  riskauc = 0.97   time = 493309640   
4125/5000   risk = 0.23  riskauc = 0.97   time = 508324790   
4250/5000   risk = 0.24  riskauc = 0.97   time = 523565548   
4375/5000   risk = 0.24  riskauc = 0.97   time = 538658459   
4500/5000   risk = 0.25  riskauc = 0.97   time = 553877655   
4625/5000   risk = 0.25  riskauc = 0.97   time = 568941114   
4750/5000   risk = 0.26  riskauc = 0.97   time = 584380417   
4875/5000   risk = 0.27  riskauc = 0.97   time = 599822656   
5000/5000   risk = 0.28  riskauc = 0.97   time = 615322782   


Train 5000 iterations in 615 Seconds.
Final risk based on the train set: 0.28

DEBUG [21:07:58.787] [mlr3]  Learner 'acc_acwb' on task 'Task 168335: MiniBooNE (Supervised Classification)' succeeded to fit a model {learner: <LearnerClassifCompboost/LearnerClassif/Learner/R6>, result: <list>, messages: }
DEBUG [21:07:58.802] [mlr3]  Skip subsetting of task 'Task 168335: MiniBooNE (Supervised Classification)' 
DEBUG [21:07:58.806] [mlr3]  Calling train method of Learner 'acc_acwb' on task 'Task 168335: MiniBooNE (Supervised Classification)' with 104051 observations {learner: <LearnerClassifCompboost/LearnerClassif/Learner/R6>}
   1/5000   risk = 0.56  time = 2   
 125/5000   risk = 0.25  time = 13984447   
 250/5000   risk = 0.2  time = 27701453   
 375/5000   risk = 0.19  time = 41359859   
 500/5000   risk = 0.19  time = 55029260   
 625/5000   risk = 0.2  time = 69046890   
 750/5000   risk = 0.2  time = 83497353   
 875/5000   risk = 0.2  time = 97897715   
1000/5000   risk = 0.21  time = 112846594   
1125/5000   risk = 0.21  time = 127958603   
1250/5000   risk = 0.21  time = 143123959   
1375/5000   risk = 0.21  time = 158193812   
1500/5000   risk = 0.21  time = 173326140   
1625/5000   risk = 0.21  time = 188595931   
1750/5000   risk = 0.22  time = 203680455   
1875/5000   risk = 0.22  time = 219170774   
2000/5000   risk = 0.22  time = 234547680   
2125/5000   risk = 0.22  time = 250106600   
2250/5000   risk = 0.22  time = 265807400   
2375/5000   risk = 0.22  time = 281217178   
2500/5000   risk = 0.22  time = 296526542   
2625/5000   risk = 0.22  time = 311584161   
2750/5000   risk = 0.22  time = 326735175   
2875/5000   risk = 0.22  time = 341765210   
3000/5000   risk = 0.22  time = 356988535   
3125/5000   risk = 0.22  time = 371914891   
3250/5000   risk = 0.22  time = 386923855   
3375/5000   risk = 0.22  time = 402075980   
3500/5000   risk = 0.23  time = 417571492   
3625/5000   risk = 0.23  time = 432660347   
3750/5000   risk = 0.23  time = 447718490   
3875/5000   risk = 0.23  time = 462973721   
4000/5000   risk = 0.23  time = 478225468   
4125/5000   risk = 0.23  time = 493291326   
4250/5000   risk = 0.24  time = 508301892   
4375/5000   risk = 0.24  time = 523514547   
4500/5000   risk = 0.25  time = 538528060   
4625/5000   risk = 0.25  time = 553303979   
4750/5000   risk = 0.26  time = 568398083   
4875/5000   risk = 0.27  time = 583581319   
5000/5000   risk = 0.28  time = 598798677   


Train 5000 iterations in 598 Seconds.
Final risk based on the train set: 0.28

DEBUG [21:18:04.534] [mlr3]  Learner 'acc_acwb' on task 'Task 168335: MiniBooNE (Supervised Classification)' succeeded to fit a model {learner: <LearnerClassifCompboost/LearnerClassif/Learner/R6>, result: <list>, messages: }

### [bt]: Job terminated successfully [batchtools job.id=43]
### [bt]: Calculation finished!
