### [bt]: This is batchtools v0.9.15
### [bt]: Starting calculation of 1 jobs
### [bt]: Setting working directory to '/home/user/repos/cacb-batchtools/eq1'
[2021-07-29 23:54:21] Loading new learner
[2021-07-29 23:54:21] Loading tasks
[2021-07-29 23:54:23] Loading resampling
### [bt]: Memory measurement disabled
### [bt]: Starting job [batchtools job.id=146]
### [bt]: Generating problem instance for problem '9977-fold1' ...
### [bt]: Applying algorithm 'evaluate-learner' on problem '9977-fold1' for job 146 (seed = 31561) ...
DEBUG [23:54:24.767] [mlr3]  Skip subsetting of task 'Task 9977: nomao (Supervised Classification)' 
DEBUG [23:54:24.770] [mlr3]  Calling train method of Learner 'acc_hcwb' on task 'Task 9977: nomao (Supervised Classification)' with 27571 observations {learner: <LearnerClassifCompboost/LearnerClassif/Learner/R6>}
   1/5000   risk = 0.56  oob_risk = 0.57   riskauc = 0.88   time = 2   
 125/5000   risk = 0.21  oob_risk = 0.22   riskauc = 0.97   time = 5177716   
 250/5000   risk = 0.14  oob_risk = 0.16   riskauc = 0.99   time = 10219486   
 375/5000   risk = 0.12  oob_risk = 0.13   riskauc = 0.99   time = 15227075   
 500/5000   risk = 0.11  oob_risk = 0.13   riskauc = 0.99   time = 20235870   
 625/5000   risk = 0.11  oob_risk = 0.13   riskauc = 0.99   time = 25472371   
 750/5000   risk = 0.1  oob_risk = 0.13   riskauc = 0.99   time = 30505667   
 875/5000   risk = 0.1  oob_risk = 0.13   riskauc = 0.99   time = 35863761   


Train 886 iterations in 36 Seconds.
Final risk based on the train set: 0.1

   1/4125   risk = 0.1  oob_risk = 0.13   riskauc = 0.99   time = 2   
 103/4125   risk = 0.1  oob_risk = 0.13   riskauc = 0.99   time = 2545774   
 206/4125   risk = 0.11  oob_risk = 0.13   riskauc = 0.99   time = 5044646   
 309/4125   risk = 0.11  oob_risk = 0.13   riskauc = 0.99   time = 7652847   
 412/4125   risk = 0.11  oob_risk = 0.13   riskauc = 0.99   time = 10198793   
 515/4125   risk = 0.11  oob_risk = 0.13   riskauc = 0.99   time = 12730295   
 618/4125   risk = 0.11  oob_risk = 0.13   riskauc = 0.99   time = 15329398   
 721/4125   risk = 0.11  oob_risk = 0.13   riskauc = 0.99   time = 17918419   
 824/4125   risk = 0.11  oob_risk = 0.13   riskauc = 0.99   time = 20418248   
 927/4125   risk = 0.11  oob_risk = 0.13   riskauc = 0.99   time = 23057344   
1030/4125   risk = 0.11  oob_risk = 0.13   riskauc = 0.99   time = 25633624   
1133/4125   risk = 0.11  oob_risk = 0.13   riskauc = 0.99   time = 28146788   
1236/4125   risk = 0.11  oob_risk = 0.13   riskauc = 0.99   time = 30811470   
1339/4125   risk = 0.11  oob_risk = 0.14   riskauc = 0.99   time = 33418310   
1442/4125   risk = 0.11  oob_risk = 0.14   riskauc = 0.99   time = 35936699   
1545/4125   risk = 0.11  oob_risk = 0.14   riskauc = 0.99   time = 38467566   
1648/4125   risk = 0.11  oob_risk = 0.14   riskauc = 0.99   time = 41354768   
1751/4125   risk = 0.11  oob_risk = 0.14   riskauc = 0.99   time = 43895990   
1854/4125   risk = 0.11  oob_risk = 0.14   riskauc = 0.99   time = 46487824   
1957/4125   risk = 0.11  oob_risk = 0.14   riskauc = 0.99   time = 49077137   
2060/4125   risk = 0.11  oob_risk = 0.14   riskauc = 0.99   time = 51667985   
2163/4125   risk = 0.11  oob_risk = 0.14   riskauc = 0.99   time = 54202740   
2266/4125   risk = 0.11  oob_risk = 0.14   riskauc = 0.99   time = 56803617   
2369/4125   risk = 0.11  oob_risk = 0.14   riskauc = 0.99   time = 59347885   
2472/4125   risk = 0.11  oob_risk = 0.14   riskauc = 0.99   time = 61838723   
2575/4125   risk = 0.11  oob_risk = 0.14   riskauc = 0.99   time = 64287202   
2678/4125   risk = 0.11  oob_risk = 0.14   riskauc = 0.99   time = 66816697   
2781/4125   risk = 0.11  oob_risk = 0.14   riskauc = 0.99   time = 69315862   
2884/4125   risk = 0.11  oob_risk = 0.14   riskauc = 0.99   time = 71895741   
2987/4125   risk = 0.11  oob_risk = 0.14   riskauc = 0.99   time = 74396075   
3090/4125   risk = 0.11  oob_risk = 0.14   riskauc = 0.99   time = 76887539   
3193/4125   risk = 0.11  oob_risk = 0.14   riskauc = 0.99   time = 79459209   
3296/4125   risk = 0.11  oob_risk = 0.14   riskauc = 0.99   time = 81905450   
3399/4125   risk = 0.11  oob_risk = 0.14   riskauc = 0.99   time = 84311977   
3502/4125   risk = 0.11  oob_risk = 0.14   riskauc = 0.99   time = 86736242   
3605/4125   risk = 0.11  oob_risk = 0.14   riskauc = 0.99   time = 89194750   
3708/4125   risk = 0.11  oob_risk = 0.14   riskauc = 0.99   time = 91683429   
3811/4125   risk = 0.11  oob_risk = 0.14   riskauc = 0.99   time = 94096335   
3914/4125   risk = 0.11  oob_risk = 0.14   riskauc = 0.99   time = 96562920   
4017/4125   risk = 0.11  oob_risk = 0.14   riskauc = 0.99   time = 98991929   
4120/4125   risk = 0.11  oob_risk = 0.14   riskauc = 0.99   time = 101484506   


Train 4125 iterations in 101 Seconds.
Final risk based on the train set: 0.11

DEBUG [23:56:46.370] [mlr3]  Learner 'acc_hcwb' on task 'Task 9977: nomao (Supervised Classification)' succeeded to fit a model {learner: <LearnerClassifCompboost/LearnerClassif/Learner/R6>, result: <list>, messages: }
DEBUG [23:56:46.385] [mlr3]  Skip subsetting of task 'Task 9977: nomao (Supervised Classification)' 
DEBUG [23:56:46.388] [mlr3]  Calling train method of Learner 'acc_hcwb' on task 'Task 9977: nomao (Supervised Classification)' with 27571 observations {learner: <LearnerClassifCompboost/LearnerClassif/Learner/R6>}
   1/5000   risk = 0.56  oob_risk = 0.57   time = 4   
 125/5000   risk = 0.21  oob_risk = 0.22   time = 4607595   
 250/5000   risk = 0.14  oob_risk = 0.16   time = 9247781   
 375/5000   risk = 0.12  oob_risk = 0.13   time = 13845198   
 500/5000   risk = 0.11  oob_risk = 0.13   time = 18412871   
 625/5000   risk = 0.11  oob_risk = 0.13   time = 23007378   
 750/5000   risk = 0.1  oob_risk = 0.13   time = 27596508   
 875/5000   risk = 0.1  oob_risk = 0.13   time = 32269066   


Train 886 iterations in 32 Seconds.
Final risk based on the train set: 0.1

   1/4125   risk = 0.1  oob_risk = 0.13   time = 3   
 103/4125   risk = 0.1  oob_risk = 0.13   time = 2117545   
 206/4125   risk = 0.11  oob_risk = 0.13   time = 4209824   
 309/4125   risk = 0.11  oob_risk = 0.13   time = 6367484   
 412/4125   risk = 0.11  oob_risk = 0.13   time = 8536304   
 515/4125   risk = 0.11  oob_risk = 0.13   time = 10664494   
 618/4125   risk = 0.11  oob_risk = 0.13   time = 12818577   
 721/4125   risk = 0.11  oob_risk = 0.13   time = 14984954   
 824/4125   risk = 0.11  oob_risk = 0.13   time = 17116061   
 927/4125   risk = 0.11  oob_risk = 0.13   time = 19243484   
1030/4125   risk = 0.11  oob_risk = 0.13   time = 21372751   
1133/4125   risk = 0.11  oob_risk = 0.13   time = 23575341   
1236/4125   risk = 0.11  oob_risk = 0.13   time = 25784824   
1339/4125   risk = 0.11  oob_risk = 0.14   time = 27919484   
1442/4125   risk = 0.11  oob_risk = 0.14   time = 30078233   
1545/4125   risk = 0.11  oob_risk = 0.14   time = 32255631   
1648/4125   risk = 0.11  oob_risk = 0.14   time = 34355304   
1751/4125   risk = 0.11  oob_risk = 0.14   time = 36451016   
1854/4125   risk = 0.11  oob_risk = 0.14   time = 38583592   
1957/4125   risk = 0.11  oob_risk = 0.14   time = 40733451   
2060/4125   risk = 0.11  oob_risk = 0.14   time = 42908771   
2163/4125   risk = 0.11  oob_risk = 0.14   time = 45016205   
2266/4125   risk = 0.11  oob_risk = 0.14   time = 47202637   
2369/4125   risk = 0.11  oob_risk = 0.14   time = 49342026   
2472/4125   risk = 0.11  oob_risk = 0.14   time = 51496150   
2575/4125   risk = 0.11  oob_risk = 0.14   time = 53661116   
2678/4125   risk = 0.11  oob_risk = 0.14   time = 55807102   
2781/4125   risk = 0.11  oob_risk = 0.14   time = 57971636   
2884/4125   risk = 0.11  oob_risk = 0.14   time = 60200166   
2987/4125   risk = 0.11  oob_risk = 0.14   time = 62386875   
3090/4125   risk = 0.11  oob_risk = 0.14   time = 64544549   
3193/4125   risk = 0.11  oob_risk = 0.14   time = 66730649   
3296/4125   risk = 0.11  oob_risk = 0.14   time = 68975619   
3399/4125   risk = 0.11  oob_risk = 0.14   time = 71147700   
3502/4125   risk = 0.11  oob_risk = 0.14   time = 73303082   
3605/4125   risk = 0.11  oob_risk = 0.14   time = 75641870   
3708/4125   risk = 0.11  oob_risk = 0.14   time = 77848707   
3811/4125   risk = 0.11  oob_risk = 0.14   time = 80098219   
3914/4125   risk = 0.11  oob_risk = 0.14   time = 82305334   
4017/4125   risk = 0.11  oob_risk = 0.14   time = 84504357   
4120/4125   risk = 0.11  oob_risk = 0.14   time = 86695238   


Train 4125 iterations in 86 Seconds.
Final risk based on the train set: 0.11

DEBUG [23:58:49.624] [mlr3]  Learner 'acc_hcwb' on task 'Task 9977: nomao (Supervised Classification)' succeeded to fit a model {learner: <LearnerClassifCompboost/LearnerClassif/Learner/R6>, result: <list>, messages: }

### [bt]: Job terminated successfully [batchtools job.id=146]
### [bt]: Calculation finished!
