### [bt]: This is batchtools v0.9.15
### [bt]: Starting calculation of 1 jobs
### [bt]: Setting working directory to '/home/user/repos/cacb-batchtools/eq1'
[2021-07-29 23:49:00] Loading new learner
[2021-07-29 23:49:00] Loading tasks
[2021-07-29 23:49:02] Loading resampling
### [bt]: Memory measurement disabled
### [bt]: Starting job [batchtools job.id=145]
### [bt]: Generating problem instance for problem '168908-fold5' ...
### [bt]: Applying algorithm 'evaluate-learner' on problem '168908-fold5' for job 145 (seed = 31560) ...
DEBUG [23:49:05.657] [mlr3]  Skip subsetting of task 'Task 168908: christine (Supervised Classification)' 
DEBUG [23:49:05.660] [mlr3]  Calling train method of Learner 'acc_hcwb' on task 'Task 168908: christine (Supervised Classification)' with 4336 observations {learner: <LearnerClassifCompboost/LearnerClassif/Learner/R6>}
   1/5000   risk = 0.68  oob_risk = 0.68   riskauc = 0.67   time = 2   
 125/5000   risk = 0.51  oob_risk = 0.56   riskauc = 0.76   time = 6085354   


Train 179 iterations in 8 Seconds.
Final risk based on the train set: 0.46

   1/4832   risk = 0.47  oob_risk = 0.55   riskauc = 0.77   time = 2   
 121/4832   risk = 0.48  oob_risk = 0.57   riskauc = 0.78   time = 3055643   
 242/4832   risk = 0.47  oob_risk = 0.58   riskauc = 0.79   time = 6213054   
 363/4832   risk = 0.46  oob_risk = 0.58   riskauc = 0.79   time = 9359201   
 484/4832   risk = 0.45  oob_risk = 0.59   riskauc = 0.79   time = 12442221   
 605/4832   risk = 0.45  oob_risk = 0.59   riskauc = 0.79   time = 15607510   
 726/4832   risk = 0.44  oob_risk = 0.59   riskauc = 0.79   time = 18601674   
 847/4832   risk = 0.43  oob_risk = 0.6   riskauc = 0.79   time = 21817660   
 968/4832   risk = 0.42  oob_risk = 0.6   riskauc = 0.79   time = 24826415   
1089/4832   risk = 0.41  oob_risk = 0.6   riskauc = 0.79   time = 27858187   
1210/4832   risk = 0.4  oob_risk = 0.6   riskauc = 0.79   time = 30952519   
1331/4832   risk = 0.4  oob_risk = 0.6   riskauc = 0.79   time = 33905572   
1452/4832   risk = 0.39  oob_risk = 0.61   riskauc = 0.79   time = 36908780   
1573/4832   risk = 0.38  oob_risk = 0.61   riskauc = 0.79   time = 40153279   
1694/4832   risk = 0.38  oob_risk = 0.61   riskauc = 0.79   time = 43202903   
1815/4832   risk = 0.37  oob_risk = 0.62   riskauc = 0.79   time = 46380481   
1936/4832   risk = 0.37  oob_risk = 0.62   riskauc = 0.79   time = 49432879   
2057/4832   risk = 0.36  oob_risk = 0.62   riskauc = 0.79   time = 52517205   
2178/4832   risk = 0.36  oob_risk = 0.62   riskauc = 0.79   time = 55484272   
2299/4832   risk = 0.35  oob_risk = 0.63   riskauc = 0.79   time = 58609784   
2420/4832   risk = 0.34  oob_risk = 0.63   riskauc = 0.79   time = 61673935   
2541/4832   risk = 0.34  oob_risk = 0.63   riskauc = 0.79   time = 64755425   
2662/4832   risk = 0.33  oob_risk = 0.63   riskauc = 0.79   time = 67795583   
2783/4832   risk = 0.33  oob_risk = 0.64   riskauc = 0.79   time = 70814760   
2904/4832   risk = 0.33  oob_risk = 0.64   riskauc = 0.79   time = 73831544   
3025/4832   risk = 0.32  oob_risk = 0.64   riskauc = 0.79   time = 76879142   
3146/4832   risk = 0.32  oob_risk = 0.65   riskauc = 0.79   time = 80018050   
3267/4832   risk = 0.31  oob_risk = 0.65   riskauc = 0.79   time = 83221301   
3388/4832   risk = 0.31  oob_risk = 0.65   riskauc = 0.79   time = 86403914   
3509/4832   risk = 0.3  oob_risk = 0.65   riskauc = 0.79   time = 89513120   
3630/4832   risk = 0.3  oob_risk = 0.66   riskauc = 0.79   time = 92667386   
3751/4832   risk = 0.3  oob_risk = 0.66   riskauc = 0.78   time = 95794368   
3872/4832   risk = 0.29  oob_risk = 0.66   riskauc = 0.78   time = 98861940   
3993/4832   risk = 0.29  oob_risk = 0.66   riskauc = 0.78   time = 101925681   
4114/4832   risk = 0.29  oob_risk = 0.67   riskauc = 0.78   time = 105042369   
4235/4832   risk = 0.28  oob_risk = 0.67   riskauc = 0.78   time = 108232958   
4356/4832   risk = 0.28  oob_risk = 0.67   riskauc = 0.78   time = 111455844   
4477/4832   risk = 0.28  oob_risk = 0.67   riskauc = 0.78   time = 114797453   
4598/4832   risk = 0.27  oob_risk = 0.68   riskauc = 0.78   time = 117953465   
4719/4832   risk = 0.27  oob_risk = 0.68   riskauc = 0.78   time = 120952910   


Train 4832 iterations in 123 Seconds.
Final risk based on the train set: 0.27

DEBUG [23:51:39.468] [mlr3]  Learner 'acc_hcwb' on task 'Task 168908: christine (Supervised Classification)' succeeded to fit a model {learner: <LearnerClassifCompboost/LearnerClassif/Learner/R6>, result: <list>, messages: }
DEBUG [23:51:39.482] [mlr3]  Skip subsetting of task 'Task 168908: christine (Supervised Classification)' 
DEBUG [23:51:39.488] [mlr3]  Calling train method of Learner 'acc_hcwb' on task 'Task 168908: christine (Supervised Classification)' with 4336 observations {learner: <LearnerClassifCompboost/LearnerClassif/Learner/R6>}
   1/5000   risk = 0.68  oob_risk = 0.68   time = 2   
 125/5000   risk = 0.51  oob_risk = 0.56   time = 5712792   


Train 179 iterations in 8 Seconds.
Final risk based on the train set: 0.46

   1/4832   risk = 0.47  oob_risk = 0.55   time = 2   
 121/4832   risk = 0.48  oob_risk = 0.57   time = 3094173   
 242/4832   risk = 0.47  oob_risk = 0.58   time = 6394406   
 363/4832   risk = 0.46  oob_risk = 0.58   time = 9585331   
 484/4832   risk = 0.45  oob_risk = 0.59   time = 12640811   
 605/4832   risk = 0.45  oob_risk = 0.59   time = 15753748   
 726/4832   risk = 0.44  oob_risk = 0.59   time = 18916637   
 847/4832   risk = 0.43  oob_risk = 0.6   time = 22034990   
 968/4832   risk = 0.42  oob_risk = 0.6   time = 25244234   
1089/4832   risk = 0.41  oob_risk = 0.6   time = 28407809   
1210/4832   risk = 0.4  oob_risk = 0.6   time = 31455726   
1331/4832   risk = 0.4  oob_risk = 0.6   time = 34639634   
1452/4832   risk = 0.39  oob_risk = 0.61   time = 37707774   
1573/4832   risk = 0.38  oob_risk = 0.61   time = 40827983   
1694/4832   risk = 0.38  oob_risk = 0.61   time = 43937023   
1815/4832   risk = 0.37  oob_risk = 0.62   time = 47163259   
1936/4832   risk = 0.37  oob_risk = 0.62   time = 50206094   
2057/4832   risk = 0.36  oob_risk = 0.62   time = 53260203   
2178/4832   risk = 0.36  oob_risk = 0.62   time = 56356342   
2299/4832   risk = 0.35  oob_risk = 0.63   time = 59423421   
2420/4832   risk = 0.34  oob_risk = 0.63   time = 62599213   
2541/4832   risk = 0.34  oob_risk = 0.63   time = 65605370   
2662/4832   risk = 0.33  oob_risk = 0.63   time = 68669715   
2783/4832   risk = 0.33  oob_risk = 0.64   time = 71754465   
2904/4832   risk = 0.33  oob_risk = 0.64   time = 74877581   
3025/4832   risk = 0.32  oob_risk = 0.64   time = 77848152   
3146/4832   risk = 0.32  oob_risk = 0.65   time = 80825055   
3267/4832   risk = 0.31  oob_risk = 0.65   time = 83873639   
3388/4832   risk = 0.31  oob_risk = 0.65   time = 86853821   
3509/4832   risk = 0.3  oob_risk = 0.65   time = 89958609   
3630/4832   risk = 0.3  oob_risk = 0.66   time = 93060242   
3751/4832   risk = 0.3  oob_risk = 0.66   time = 96103003   
3872/4832   risk = 0.29  oob_risk = 0.66   time = 99148055   
3993/4832   risk = 0.29  oob_risk = 0.66   time = 102162882   
4114/4832   risk = 0.29  oob_risk = 0.67   time = 105287236   
4235/4832   risk = 0.28  oob_risk = 0.67   time = 108287741   
4356/4832   risk = 0.28  oob_risk = 0.67   time = 111272352   
4477/4832   risk = 0.28  oob_risk = 0.67   time = 114439189   
4598/4832   risk = 0.27  oob_risk = 0.68   time = 117508279   
4719/4832   risk = 0.27  oob_risk = 0.68   time = 120531677   


Train 4832 iterations in 123 Seconds.
Final risk based on the train set: 0.27

DEBUG [23:54:09.323] [mlr3]  Learner 'acc_hcwb' on task 'Task 168908: christine (Supervised Classification)' succeeded to fit a model {learner: <LearnerClassifCompboost/LearnerClassif/Learner/R6>, result: <list>, messages: }

### [bt]: Job terminated successfully [batchtools job.id=145]
### [bt]: Calculation finished!
