### [bt]: This is batchtools v0.9.15
### [bt]: Starting calculation of 1 jobs
### [bt]: Setting working directory to '/home/user/repos/cacb-batchtools/eq1'
[2021-07-18] Loading new learner
[2021-07-18 16:20:08] Loading tasks
[2021-07-18 16:20:11] Loading resampling
### [bt]: Memory measurement disabled
### [bt]: Starting job [batchtools job.id=27]
### [bt]: Generating problem instance for problem '7592-fold1' ...
### [bt]: Applying algorithm 'evaluate-learner' on problem '7592-fold1' for job 27 (seed = 31442) ...
DEBUG [16:20:11.965] [mlr3]  Skip subsetting of task 'Task 7592: adult (Supervised Classification)' 
DEBUG [16:20:11.968] [mlr3]  Calling train method of Learner 'removeconstants_before.imputemedian_num.imputemode_fct.collapsefactors.removeconstants_after.bin_cwb_b' on task 'Task 7592: adult (Supervised Classification)' with 39073 observations {learner: <GraphLearner/Learner/R6>}
DEBUG [16:20:11.986] Running PipeOp 'removeconstants_before$train()' {pipeop: <PipeOpRemoveConstants/PipeOpTaskPreprocSimple/PipeOpTaskPreproc/PipeOp/R6>, input: <list>}
DEBUG [16:20:12.051] Running PipeOp 'imputemedian_num$train()' {pipeop: <PipeOpImputeMedian/PipeOpImpute/PipeOp/R6>, input: <list>}
DEBUG [16:20:12.089] Running PipeOp 'imputemode_fct$train()' {pipeop: <PipeOpImputeMode/PipeOpImpute/PipeOp/R6>, input: <list>}
DEBUG [16:20:12.199] Running PipeOp 'collapsefactors$train()' {pipeop: <PipeOpCollapseFactors/PipeOpTaskPreprocSimple/PipeOpTaskPreproc/PipeOp/R6>, input: <list>}
DEBUG [16:20:12.333] Running PipeOp 'removeconstants_after$train()' {pipeop: <PipeOpRemoveConstants/PipeOpTaskPreprocSimple/PipeOpTaskPreproc/PipeOp/R6>, input: <list>}
DEBUG [16:20:12.828] Running PipeOp 'bin_cwb_b$train()' {pipeop: <PipeOpLearner/PipeOp/R6>, input: <list>}
DEBUG [16:20:12.836] [mlr3]  Skip subsetting of task 'Task 7592: adult (Supervised Classification)' 
DEBUG [16:20:12.840] [mlr3]  Calling train method of Learner 'bin_cwb_b' on task 'Task 7592: adult (Supervised Classification)' with 39073 observations {learner: <LearnerClassifCompboost/LearnerClassif/Learner/R6>}
Warning in get_private(learner)$.train(task) :
  Number of cores 30 exceeds number of features 14. The number of cores are set to 14!
INFO  [16:20:12.918] [mlr3]  [LGCOMPBOOST] Running compboost with df 5.000000 and df_cat 2.000000 
   1/5000   risk = 0.54  time = 3   
 125/5000   risk = 0.35  time = 608757   
 250/5000   risk = 0.34  time = 1147912   
 375/5000   risk = 0.34  time = 1631780   
 500/5000   risk = 0.35  time = 2053572   
 625/5000   risk = 0.35  time = 2478869   
 750/5000   risk = 0.35  time = 2892728   
 875/5000   risk = 0.35  time = 3325804   
1000/5000   risk = 0.35  time = 3784735   
1125/5000   risk = 0.35  time = 4230528   
1250/5000   risk = 0.35  time = 4698078   
1375/5000   risk = 0.35  time = 5157224   
1500/5000   risk = 0.35  time = 5619933   
1625/5000   risk = 0.35  time = 6139979   
1750/5000   risk = 0.36  time = 6664891   
1875/5000   risk = 0.36  time = 7205723   
2000/5000   risk = 0.36  time = 7758443   
2125/5000   risk = 0.36  time = 8309699   
2250/5000   risk = 0.36  time = 8875610   
2375/5000   risk = 0.36  time = 9412051   
2500/5000   risk = 0.36  time = 9962452   
2625/5000   risk = 0.36  time = 10490531   
2750/5000   risk = 0.36  time = 11043815   
2875/5000   risk = 0.36  time = 11577747   
3000/5000   risk = 0.36  time = 12129363   
3125/5000   risk = 0.36  time = 12702522   
3250/5000   risk = 0.36  time = 13259598   
3375/5000   risk = 0.36  time = 13824362   
3500/5000   risk = 0.36  time = 14422776   
3625/5000   risk = 0.36  time = 14979704   
3750/5000   risk = 0.36  time = 15536513   
3875/5000   risk = 0.36  time = 16073961   
4000/5000   risk = 0.36  time = 16645821   
4125/5000   risk = 0.36  time = 17235832   
4250/5000   risk = 0.36  time = 17828267   
4375/5000   risk = 0.36  time = 18409187   
4500/5000   risk = 0.36  time = 18987461   
4625/5000   risk = 0.36  time = 19584194   
4750/5000   risk = 0.36  time = 20196731   
4875/5000   risk = 0.36  time = 20812582   
5000/5000   risk = 0.36  time = 21317329   


Train 5000 iterations in 21 Seconds.
Final risk based on the train set: 0.36

INFO  [16:20:42.491] [mlr3]  [LGCOMPBOOST] iterations:'stop_cwb',5000,'stop_acwb',NA,'stop_hcwb',NA 
INFO  [16:20:42.494] [mlr3]  [LGCOMPBOOST] risk_inbag:'risk_intercept',0.550237,'risk_cwb',0.357406,'risk_acwb',NA,'risk_hcwb',NA 
INFO  [16:20:42.496] [mlr3]  [LGCOMPBOOST] risk_oob:'risk_intercept_oob',NA,'risk_cwb_oob',NA,'risk_acwb_oob',NA,'risk_hcwb_oob',NA 
DEBUG [16:20:42.501] [mlr3]  Learner 'bin_cwb_b' on task 'Task 7592: adult (Supervised Classification)' succeeded to fit a model {learner: <LearnerClassifCompboost/LearnerClassif/Learner/R6>, result: <list>, messages: }
DEBUG [16:20:42.519] [mlr3]  Learner 'removeconstants_before.imputemedian_num.imputemode_fct.collapsefactors.removeconstants_after.bin_cwb_b' on task 'Task 7592: adult (Supervised Classification)' succeeded to fit a model {learner: <GraphLearner/Learner/R6>, result: <list>, messages: }
[2021-07-18 16:20:46] (1/1250) Processing iter 4
DEBUG [16:20:46.286] [mlr3]  Skip subsetting of task 'Task 7592: adult (Supervised Classification)' 
DEBUG [16:20:46.289] [mlr3]  Calling predict method of Learner 'removeconstants_before.imputemedian_num.imputemode_fct.collapsefactors.removeconstants_after.bin_cwb_b' on task 'Task 7592: adult (Supervised Classification)' with 39073 observations {learner: <GraphLearner/Learner/R6>}
DEBUG [16:20:46.310] Running PipeOp 'removeconstants_before$predict()' {pipeop: <PipeOpRemoveConstants/PipeOpTaskPreprocSimple/PipeOpTaskPreproc/PipeOp/R6>, input: <list>}
DEBUG [16:20:46.328] Running PipeOp 'imputemedian_num$predict()' {pipeop: <PipeOpImputeMedian/PipeOpImpute/PipeOp/R6>, input: <list>}
DEBUG [16:20:46.348] Running PipeOp 'imputemode_fct$predict()' {pipeop: <PipeOpImputeMode/PipeOpImpute/PipeOp/R6>, input: <list>}
DEBUG [16:20:46.412] Running PipeOp 'collapsefactors$predict()' {pipeop: <PipeOpCollapseFactors/PipeOpTaskPreprocSimple/PipeOpTaskPreproc/PipeOp/R6>, input: <list>}
DEBUG [16:20:46.485] Running PipeOp 'removeconstants_after$predict()' {pipeop: <PipeOpRemoveConstants/PipeOpTaskPreprocSimple/PipeOpTaskPreproc/PipeOp/R6>, input: <list>}
DEBUG [16:20:46.503] Running PipeOp 'bin_cwb_b$predict()' {pipeop: <PipeOpLearner/PipeOp/R6>, input: <list>}
DEBUG [16:20:46.512] [mlr3]  Skip subsetting of task 'Task 7592: adult (Supervised Classification)' 
DEBUG [16:20:46.515] [mlr3]  Calling predict method of Learner 'bin_cwb_b' on task 'Task 7592: adult (Supervised Classification)' with 39073 observations {learner: <LearnerClassifCompboost/LearnerClassif/Learner/R6>}
DEBUG [16:20:46.761] [mlr3]  Learner 'bin_cwb_b' returned an object of class 'PredictionDataClassif' {learner: <LearnerClassifCompboost/LearnerClassif/Learner/R6>, prediction: <PredictionDataClassif/PredictionData>, messages: }
DEBUG [16:20:46.772] [mlr3]  Learner 'removeconstants_before.imputemedian_num.imputemode_fct.collapsefactors.removeconstants_after.bin_cwb_b' returned an object of class 'PredictionDataClassif' {learner: <GraphLearner/Learner/R6>, prediction: <PredictionDataClassif/PredictionData>, messages: }
DEBUG [16:20:46.807] [mlr3]  Skip subsetting of task 'Task 7592: adult (Supervised Classification)' 
DEBUG [16:20:46.811] [mlr3]  Calling predict method of Learner 'removeconstants_before.imputemedian_num.imputemode_fct.collapsefactors.removeconstants_after.bin_cwb_b' on task 'Task 7592: adult (Supervised Classification)' with 9769 observations {learner: <GraphLearner/Learner/R6>}
DEBUG [16:20:46.878] Running PipeOp 'removeconstants_before$predict()' {pipeop: <PipeOpRemoveConstants/PipeOpTaskPreprocSimple/PipeOpTaskPreproc/PipeOp/R6>, input: <list>}
DEBUG [16:20:46.898] Running PipeOp 'imputemedian_num$predict()' {pipeop: <PipeOpImputeMedian/PipeOpImpute/PipeOp/R6>, input: <list>}
DEBUG [16:20:46.920] Running PipeOp 'imputemode_fct$predict()' {pipeop: <PipeOpImputeMode/PipeOpImpute/PipeOp/R6>, input: <list>}
DEBUG [16:20:46.964] Running PipeOp 'collapsefactors$predict()' {pipeop: <PipeOpCollapseFactors/PipeOpTaskPreprocSimple/PipeOpTaskPreproc/PipeOp/R6>, input: <list>}
DEBUG [16:20:47.008] Running PipeOp 'removeconstants_after$predict()' {pipeop: <PipeOpRemoveConstants/PipeOpTaskPreprocSimple/PipeOpTaskPreproc/PipeOp/R6>, input: <list>}
DEBUG [16:20:47.026] Running PipeOp 'bin_cwb_b$predict()' {pipeop: <PipeOpLearner/PipeOp/R6>, input: <list>}
DEBUG [16:20:47.035] [mlr3]  Skip subsetting of task 'Task 7592: adult (Supervised Classification)' 
DEBUG [16:20:47.039] [mlr3]  Calling predict method of Learner 'bin_cwb_b' on task 'Task 7592: adult (Supervised Classification)' with 9769 observations {learner: <LearnerClassifCompboost/LearnerClassif/Learner/R6>}
DEBUG [16:20:47.156] [mlr3]  Learner 'bin_cwb_b' returned an object of class 'PredictionDataClassif' {learner: <LearnerClassifCompboost/LearnerClassif/Learner/R6>, prediction: <PredictionDataClassif/PredictionData>, messages: }
DEBUG [16:20:47.165] [mlr3]  Learner 'removeconstants_before.imputemedian_num.imputemode_fct.collapsefactors.removeconstants_after.bin_cwb_b' returned an object of class 'PredictionDataClassif' {learner: <GraphLearner/Learner/R6>, prediction: <PredictionDataClassif/PredictionData>, messages: }
[2021-07-18 16:20:47] (2/1250) Processing iter 8
Error in self$model$setToIteration(iteration, trace) : 
  addition: incompatible matrix dimensions: 39073x1 and 197x1

### [bt]: Job terminated with an exception [batchtools job.id=27]
### [bt]: Calculation finished!
