### [bt]: This is batchtools v0.9.15
### [bt]: Starting calculation of 1 jobs
### [bt]: Setting working directory to '/home/user/repos/cacb-batchtools/eq1'
[2021-07-27 21:39:26] Loading new learner
[2021-07-27 21:39:26] Loading tasks
[2021-07-27 21:39:29] Loading resampling
### [bt]: Memory measurement disabled
### [bt]: Starting job [batchtools job.id=46]
### [bt]: Generating problem instance for problem '168335-fold2' ...
### [bt]: Applying algorithm 'evaluate-learner' on problem '168335-fold2' for job 46 (seed = 31461) ...
DEBUG [21:39:31.683] [mlr3]  Skip subsetting of task 'Task 168335: MiniBooNE (Supervised Classification)' 
DEBUG [21:39:31.687] [mlr3]  Calling train method of Learner 'bin_cwb_b' on task 'Task 168335: MiniBooNE (Supervised Classification)' with 104051 observations {learner: <LearnerClassifCompboost/LearnerClassif/Learner/R6>}
   1/5000   risk = 0.56  riskauc = 0.84   time = 2   
 125/5000   risk = 0.26  riskauc = 0.95   time = 3912087   
 250/5000   risk = 0.24  riskauc = 0.96   time = 8555626   
 375/5000   risk = 0.23  riskauc = 0.96   time = 12496720   
 500/5000   risk = 0.23  riskauc = 0.97   time = 16404004   
 625/5000   risk = 0.22  riskauc = 0.97   time = 20320462   
 750/5000   risk = 0.22  riskauc = 0.97   time = 24227703   
 875/5000   risk = 0.22  riskauc = 0.97   time = 28182379   
1000/5000   risk = 0.22  riskauc = 0.97   time = 32160032   
1125/5000   risk = 0.22  riskauc = 0.97   time = 36078027   
1250/5000   risk = 0.22  riskauc = 0.97   time = 40074752   
1375/5000   risk = 0.22  riskauc = 0.97   time = 44033156   
1500/5000   risk = 0.22  riskauc = 0.97   time = 48009953   
1625/5000   risk = 0.22  riskauc = 0.97   time = 51955629   
1750/5000   risk = 0.22  riskauc = 0.97   time = 55948863   
1875/5000   risk = 0.22  riskauc = 0.97   time = 59852082   
2000/5000   risk = 0.22  riskauc = 0.97   time = 63862889   
2125/5000   risk = 0.22  riskauc = 0.97   time = 67577646   
2250/5000   risk = 0.22  riskauc = 0.97   time = 71453906   
2375/5000   risk = 0.22  riskauc = 0.97   time = 75142607   
2500/5000   risk = 0.22  riskauc = 0.97   time = 78903332   
2625/5000   risk = 0.22  riskauc = 0.97   time = 82774715   
2750/5000   risk = 0.22  riskauc = 0.97   time = 86678833   
2875/5000   risk = 0.22  riskauc = 0.97   time = 90646527   
3000/5000   risk = 0.22  riskauc = 0.97   time = 94510001   
3125/5000   risk = 0.22  riskauc = 0.97   time = 98333107   
3250/5000   risk = 0.22  riskauc = 0.97   time = 102106477   
3375/5000   risk = 0.22  riskauc = 0.97   time = 106683543   
3500/5000   risk = 0.22  riskauc = 0.97   time = 110729540   
3625/5000   risk = 0.22  riskauc = 0.97   time = 114619585   
3750/5000   risk = 0.22  riskauc = 0.97   time = 118354649   
3875/5000   risk = 0.22  riskauc = 0.97   time = 122235446   
4000/5000   risk = 0.22  riskauc = 0.97   time = 126049228   
4125/5000   risk = 0.22  riskauc = 0.97   time = 129946795   
4250/5000   risk = 0.22  riskauc = 0.97   time = 134070028   
4375/5000   risk = 0.22  riskauc = 0.97   time = 138197565   
4500/5000   risk = 0.22  riskauc = 0.97   time = 142129435   
4625/5000   risk = 0.22  riskauc = 0.97   time = 146040974   
4750/5000   risk = 0.22  riskauc = 0.97   time = 150048015   
4875/5000   risk = 0.22  riskauc = 0.97   time = 154070524   
5000/5000   risk = 0.22  riskauc = 0.97   time = 158022111   


Train 5000 iterations in 158 Seconds.
Final risk based on the train set: 0.22

DEBUG [21:42:13.389] [mlr3]  Learner 'bin_cwb_b' on task 'Task 168335: MiniBooNE (Supervised Classification)' succeeded to fit a model {learner: <LearnerClassifCompboost/LearnerClassif/Learner/R6>, result: <list>, messages: }
DEBUG [21:42:13.403] [mlr3]  Skip subsetting of task 'Task 168335: MiniBooNE (Supervised Classification)' 
DEBUG [21:42:13.407] [mlr3]  Calling train method of Learner 'bin_cwb_b' on task 'Task 168335: MiniBooNE (Supervised Classification)' with 104051 observations {learner: <LearnerClassifCompboost/LearnerClassif/Learner/R6>}
   1/5000   risk = 0.56  time = 2   
 125/5000   risk = 0.26  time = 2442872   
 250/5000   risk = 0.24  time = 4876927   
 375/5000   risk = 0.23  time = 7327285   
 500/5000   risk = 0.23  time = 9771433   
 625/5000   risk = 0.22  time = 12259236   
 750/5000   risk = 0.22  time = 14802145   
 875/5000   risk = 0.22  time = 17418318   
1000/5000   risk = 0.22  time = 19994015   
1125/5000   risk = 0.22  time = 22564111   
1250/5000   risk = 0.22  time = 25149867   
1375/5000   risk = 0.22  time = 27755649   
1500/5000   risk = 0.22  time = 30289755   
1625/5000   risk = 0.22  time = 32857663   
1750/5000   risk = 0.22  time = 35397211   
1875/5000   risk = 0.22  time = 37924896   
2000/5000   risk = 0.22  time = 40464776   
2125/5000   risk = 0.22  time = 43109943   
2250/5000   risk = 0.22  time = 45768300   
2375/5000   risk = 0.22  time = 48385608   
2500/5000   risk = 0.22  time = 50979606   
2625/5000   risk = 0.22  time = 53562063   
2750/5000   risk = 0.22  time = 56153465   
2875/5000   risk = 0.22  time = 58766291   
3000/5000   risk = 0.22  time = 61420678   
3125/5000   risk = 0.22  time = 64062971   
3250/5000   risk = 0.22  time = 66623658   
3375/5000   risk = 0.22  time = 69164710   
3500/5000   risk = 0.22  time = 71719209   
3625/5000   risk = 0.22  time = 74217434   
3750/5000   risk = 0.22  time = 76758537   
3875/5000   risk = 0.22  time = 79285654   
4000/5000   risk = 0.22  time = 81855953   
4125/5000   risk = 0.22  time = 84418693   
4250/5000   risk = 0.22  time = 86929702   
4375/5000   risk = 0.22  time = 89539648   
4500/5000   risk = 0.22  time = 92111536   
4625/5000   risk = 0.22  time = 94671917   
4750/5000   risk = 0.22  time = 97244005   
4875/5000   risk = 0.22  time = 99811431   
5000/5000   risk = 0.22  time = 102344037   


Train 5000 iterations in 102 Seconds.
Final risk based on the train set: 0.22

DEBUG [21:43:58.864] [mlr3]  Learner 'bin_cwb_b' on task 'Task 168335: MiniBooNE (Supervised Classification)' succeeded to fit a model {learner: <LearnerClassifCompboost/LearnerClassif/Learner/R6>, result: <list>, messages: }

### [bt]: Job terminated successfully [batchtools job.id=46]
### [bt]: Calculation finished!
