### [bt]: This is batchtools v0.9.15
### [bt]: Starting calculation of 1 jobs
### [bt]: Setting working directory to '/home/user/repos/cacb-batchtools/eq1'
[2021-07-26 00:29:14] Loading new learner
[2021-07-26 00:29:14] Loading tasks
[2021-07-26 00:29:17] Loading resampling
### [bt]: Memory measurement disabled
### [bt]: Starting job [batchtools job.id=20]
### [bt]: Generating problem instance for problem 'spam-fold4' ...
### [bt]: Applying algorithm 'evaluate-learner' on problem 'spam-fold4' for job 20 (seed = 31435) ...
DEBUG [00:29:18.490] [mlr3]  Skip subsetting of task 'spam' 
DEBUG [00:29:18.493] [mlr3]  Calling train method of Learner 'acc_hcwb' on task 'spam' with 3682 observations {learner: <LearnerClassifCompboost/LearnerClassif/Learner/R6>}
INFO  [00:29:18.503] [mlr3]  [LGCOMPBOOST] Running compboost with df 20.000000 and df_cat 1.000000 
   1/5000   risk = 0.67  oob_risk = 0.66   riskauc = 0.76   time = 2   


Train 26 iterations in 0 Seconds.
Final risk based on the train set: 0.63

   1/4974   risk = 0.63  oob_risk = 0.68   riskauc = 0.93   time = 2   
 124/4974   risk = 0.43  oob_risk = 0.49   riskauc = 0.92   time = 1160463   
 248/4974   risk = 0.35  oob_risk = 0.47   riskauc = 0.93   time = 2282550   
 372/4974   risk = 0.31  oob_risk = 0.58   riskauc = 0.94   time = 3240623   
 496/4974   risk = 0.28  oob_risk = 0.66   riskauc = 0.94   time = 4303002   
 620/4974   risk = 0.27  oob_risk = 0.72   riskauc = 0.95   time = 5391469   
 744/4974   risk = 0.25  oob_risk = 1.1   riskauc = 0.95   time = 6542290   
 868/4974   risk = 0.24  oob_risk = 1.6   riskauc = 0.95   time = 7577346   
 992/4974   risk = 0.24  oob_risk = inf   riskauc = 0.95   time = 8689203   
1116/4974   risk = 0.23  oob_risk = inf   riskauc = 0.95   time = 10315435   
1240/4974   risk = 0.23  oob_risk = inf   riskauc = 0.95   time = 11482692   
1364/4974   risk = 0.22  oob_risk = inf   riskauc = 0.96   time = 12531481   
1488/4974   risk = 0.22  oob_risk = inf   riskauc = 0.96   time = 13825265   
1612/4974   risk = 0.21  oob_risk = inf   riskauc = 0.96   time = 14950362   
1736/4974   risk = 0.21  oob_risk = inf   riskauc = 0.96   time = 16103408   
1860/4974   risk = 0.21  oob_risk = inf   riskauc = 0.96   time = 17163231   
1984/4974   risk = 0.21  oob_risk = inf   riskauc = 0.96   time = 18344114   
2108/4974   risk = 0.2  oob_risk = inf   riskauc = 0.96   time = 19519993   
2232/4974   risk = 0.2  oob_risk = inf   riskauc = 0.96   time = 20617815   
2356/4974   risk = 0.2  oob_risk = inf   riskauc = 0.96   time = 21788202   
2480/4974   risk = 0.2  oob_risk = inf   riskauc = 0.96   time = 22904591   
2604/4974   risk = 0.2  oob_risk = inf   riskauc = 0.96   time = 23998623   
2728/4974   risk = 0.19  oob_risk = inf   riskauc = 0.96   time = 25132289   
2852/4974   risk = 0.19  oob_risk = inf   riskauc = 0.96   time = 26308194   
2976/4974   risk = 0.19  oob_risk = inf   riskauc = 0.96   time = 27546372   
3100/4974   risk = 0.19  oob_risk = inf   riskauc = 0.96   time = 28675078   
3224/4974   risk = 0.19  oob_risk = inf   riskauc = 0.96   time = 29810098   
3348/4974   risk = 0.19  oob_risk = inf   riskauc = 0.96   time = 30899564   
3472/4974   risk = 0.19  oob_risk = inf   riskauc = 0.96   time = 31970771   
3596/4974   risk = 0.18  oob_risk = inf   riskauc = 0.96   time = 33064724   
3720/4974   risk = 0.18  oob_risk = inf   riskauc = 0.96   time = 34096650   
3844/4974   risk = 0.18  oob_risk = inf   riskauc = 0.96   time = 35188209   
3968/4974   risk = 0.18  oob_risk = inf   riskauc = 0.96   time = 36336045   
4092/4974   risk = 0.18  oob_risk = inf   riskauc = 0.96   time = 37506668   
4216/4974   risk = 0.18  oob_risk = inf   riskauc = 0.96   time = 38635477   
4340/4974   risk = 0.18  oob_risk = inf   riskauc = 0.96   time = 39729020   
4464/4974   risk = 0.18  oob_risk = inf   riskauc = 0.96   time = 40902042   
4588/4974   risk = 0.18  oob_risk = inf   riskauc = 0.96   time = 41914902   
4712/4974   risk = 0.17  oob_risk = inf   riskauc = 0.96   time = 42989778   
4836/4974   risk = 0.17  oob_risk = inf   riskauc = 0.96   time = 44258726   
4960/4974   risk = 0.17  oob_risk = inf   riskauc = 0.96   time = 45380293   


Train 4974 iterations in 45 Seconds.
Final risk based on the train set: 0.17

INFO  [00:30:04.893] [mlr3]  [LGCOMPBOOST] Completed fitting of restarted compboost model with optimizer nesterov 
INFO  [00:30:11.908] [mlr3]  [LGCOMPBOOST] iterations:'stop_cwb',NA,'stop_acwb',26,'stop_hcwb',4974 
INFO  [00:30:11.911] [mlr3]  [LGCOMPBOOST] risk_inbag:'risk_intercept',0.672664,'risk_cwb',NA,'risk_acwb',0.628225,'risk_hcwb',0.171915 
INFO  [00:30:11.913] [mlr3]  [LGCOMPBOOST] risk_oob:'risk_intercept_oob',0.662096,'risk_cwb_oob',NA,'risk_acwb_oob',0.684025,'risk_hcwb_oob',Inf 
DEBUG [00:30:11.918] [mlr3]  Learner 'acc_hcwb' on task 'spam' succeeded to fit a model {learner: <LearnerClassifCompboost/LearnerClassif/Learner/R6>, result: <list>, messages: }
DEBUG [00:30:11.931] [mlr3]  Skip subsetting of task 'spam' 
DEBUG [00:30:11.934] [mlr3]  Calling train method of Learner 'acc_hcwb' on task 'spam' with 3682 observations {learner: <LearnerClassifCompboost/LearnerClassif/Learner/R6>}
INFO  [00:30:11.945] [mlr3]  [LGCOMPBOOST] Running compboost with df 20.000000 and df_cat 1.000000 
   1/5000   risk = 0.67  oob_risk = 0.66   time = 3   


Train 26 iterations in 0 Seconds.
Final risk based on the train set: 0.63

   1/4974   risk = 0.63  oob_risk = 0.68   time = 2   
 124/4974   risk = 0.43  oob_risk = 0.49   time = 1025572   
 248/4974   risk = 0.35  oob_risk = 0.47   time = 2061026   
 372/4974   risk = 0.31  oob_risk = 0.58   time = 3111217   
 496/4974   risk = 0.28  oob_risk = 0.66   time = 4268215   
 620/4974   risk = 0.27  oob_risk = 0.72   time = 5408427   
 744/4974   risk = 0.25  oob_risk = 1.1   time = 6454765   
 868/4974   risk = 0.24  oob_risk = 1.6   time = 7621486   
 992/4974   risk = 0.24  oob_risk = inf   time = 8843504   
1116/4974   risk = 0.23  oob_risk = inf   time = 9997279   
1240/4974   risk = 0.23  oob_risk = inf   time = 11103143   
1364/4974   risk = 0.22  oob_risk = inf   time = 12156565   
1488/4974   risk = 0.22  oob_risk = inf   time = 13106436   
1612/4974   risk = 0.21  oob_risk = inf   time = 14144315   
1736/4974   risk = 0.21  oob_risk = inf   time = 15175883   
1860/4974   risk = 0.21  oob_risk = inf   time = 16374853   
1984/4974   risk = 0.21  oob_risk = inf   time = 17484512   
2108/4974   risk = 0.2  oob_risk = inf   time = 18532267   
2232/4974   risk = 0.2  oob_risk = inf   time = 19592910   
2356/4974   risk = 0.2  oob_risk = inf   time = 20757917   
2480/4974   risk = 0.2  oob_risk = inf   time = 21802754   
2604/4974   risk = 0.2  oob_risk = inf   time = 22873965   
2728/4974   risk = 0.19  oob_risk = inf   time = 23891290   
2852/4974   risk = 0.19  oob_risk = inf   time = 24942702   
2976/4974   risk = 0.19  oob_risk = inf   time = 26052350   
3100/4974   risk = 0.19  oob_risk = inf   time = 27092788   
3224/4974   risk = 0.19  oob_risk = inf   time = 28255521   
3348/4974   risk = 0.19  oob_risk = inf   time = 29420230   
3472/4974   risk = 0.19  oob_risk = inf   time = 30548406   
3596/4974   risk = 0.18  oob_risk = inf   time = 31675907   
3720/4974   risk = 0.18  oob_risk = inf   time = 32839133   
3844/4974   risk = 0.18  oob_risk = inf   time = 33931548   
3968/4974   risk = 0.18  oob_risk = inf   time = 35005543   
4092/4974   risk = 0.18  oob_risk = inf   time = 36084355   
4216/4974   risk = 0.18  oob_risk = inf   time = 37099331   
4340/4974   risk = 0.18  oob_risk = inf   time = 38220083   
4464/4974   risk = 0.18  oob_risk = inf   time = 39286022   
4588/4974   risk = 0.18  oob_risk = inf   time = 40401237   
4712/4974   risk = 0.17  oob_risk = inf   time = 41476294   
4836/4974   risk = 0.17  oob_risk = inf   time = 42657512   
4960/4974   risk = 0.17  oob_risk = inf   time = 43772799   


Train 4974 iterations in 43 Seconds.
Final risk based on the train set: 0.17

INFO  [00:30:56.579] [mlr3]  [LGCOMPBOOST] Completed fitting of restarted compboost model with optimizer nesterov 
INFO  [00:31:03.499] [mlr3]  [LGCOMPBOOST] iterations:'stop_cwb',NA,'stop_acwb',26,'stop_hcwb',4974 
INFO  [00:31:03.502] [mlr3]  [LGCOMPBOOST] risk_inbag:'risk_intercept',0.672664,'risk_cwb',NA,'risk_acwb',0.628225,'risk_hcwb',0.171915 
INFO  [00:31:03.504] [mlr3]  [LGCOMPBOOST] risk_oob:'risk_intercept_oob',0.662096,'risk_cwb_oob',NA,'risk_acwb_oob',0.684025,'risk_hcwb_oob',Inf 
DEBUG [00:31:03.509] [mlr3]  Learner 'acc_hcwb' on task 'spam' succeeded to fit a model {learner: <LearnerClassifCompboost/LearnerClassif/Learner/R6>, result: <list>, messages: }

### [bt]: Job terminated successfully [batchtools job.id=20]
### [bt]: Calculation finished!
