### [bt]: This is batchtools v0.9.15
### [bt]: Starting calculation of 1 jobs
### [bt]: Setting working directory to '/home/user/repos/cacb-batchtools/eq1'
[2021-07-26 01:55:57] Loading new learner
[2021-07-26 01:55:57] Loading tasks
[2021-07-26 01:56:00] Loading resampling
### [bt]: Memory measurement disabled
### [bt]: Starting job [batchtools job.id=53]
### [bt]: Generating problem instance for problem '168335-fold1' ...
### [bt]: Applying algorithm 'evaluate-learner' on problem '168335-fold1' for job 53 (seed = 31468) ...
DEBUG [01:56:03.954] [mlr3]  Skip subsetting of task 'Task 168335: MiniBooNE (Supervised Classification)' 
DEBUG [01:56:03.956] [mlr3]  Calling train method of Learner 'acc_cwb' on task 'Task 168335: MiniBooNE (Supervised Classification)' with 104051 observations {learner: <LearnerClassifCompboost/LearnerClassif/Learner/R6>}
INFO  [01:56:04.009] [mlr3]  [LGCOMPBOOST] Running compboost with df 20.000000 and df_cat 1.000000 
   1/5000   risk = 0.59  riskauc = 0.84   time = 3   
 125/5000   risk = 0.39  riskauc = 0.92   time = 9142823   
 250/5000   risk = 0.32  riskauc = 0.94   time = 18322239   
 375/5000   risk = 0.29  riskauc = 0.94   time = 28183489   
 500/5000   risk = 0.28  riskauc = 0.95   time = 37670652   
 625/5000   risk = 0.27  riskauc = 0.95   time = 46912701   
 750/5000   risk = 0.26  riskauc = 0.95   time = 55921193   
 875/5000   risk = 0.26  riskauc = 0.95   time = 64479370   
1000/5000   risk = 0.26  riskauc = 0.95   time = 72783667   
1125/5000   risk = 0.26  riskauc = 0.95   time = 81213048   
1250/5000   risk = 0.26  riskauc = 0.95   time = 89774158   
1375/5000   risk = 0.26  riskauc = 0.95   time = 98265494   
1500/5000   risk = 0.26  riskauc = 0.95   time = 106656154   
1625/5000   risk = 0.25  riskauc = 0.95   time = 115080917   
1750/5000   risk = 0.25  riskauc = 0.96   time = 123292132   
1875/5000   risk = 0.25  riskauc = 0.96   time = 131706784   
2000/5000   risk = 0.25  riskauc = 0.96   time = 140110102   
2125/5000   risk = 0.25  riskauc = 0.96   time = 148382296   
2250/5000   risk = 0.24  riskauc = 0.96   time = 156783501   
2375/5000   risk = 0.24  riskauc = 0.96   time = 165030986   
2500/5000   risk = 0.24  riskauc = 0.96   time = 173061904   
2625/5000   risk = 0.24  riskauc = 0.96   time = 181522914   
2750/5000   risk = 0.24  riskauc = 0.96   time = 189880515   
2875/5000   risk = 0.24  riskauc = 0.96   time = 198344349   
3000/5000   risk = 0.24  riskauc = 0.96   time = 206808008   
3125/5000   risk = 0.23  riskauc = 0.96   time = 214979748   
3250/5000   risk = 0.23  riskauc = 0.96   time = 223441924   
3375/5000   risk = 0.23  riskauc = 0.96   time = 231676960   
3500/5000   risk = 0.23  riskauc = 0.96   time = 239770664   
3625/5000   risk = 0.23  riskauc = 0.96   time = 247948920   
3750/5000   risk = 0.23  riskauc = 0.96   time = 256302036   
3875/5000   risk = 0.23  riskauc = 0.96   time = 264764363   
4000/5000   risk = 0.23  riskauc = 0.96   time = 273107015   
4125/5000   risk = 0.23  riskauc = 0.96   time = 281525661   
4250/5000   risk = 0.23  riskauc = 0.96   time = 289924207   
4375/5000   risk = 0.23  riskauc = 0.96   time = 298282663   
4500/5000   risk = 0.23  riskauc = 0.97   time = 306788461   
4625/5000   risk = 0.23  riskauc = 0.97   time = 315200253   
4750/5000   risk = 0.23  riskauc = 0.97   time = 323441926   
4875/5000   risk = 0.23  riskauc = 0.97   time = 331970622   
5000/5000   risk = 0.23  riskauc = 0.97   time = 340366888   


Train 5000 iterations in 340 Seconds.
Final risk based on the train set: 0.23

INFO  [02:01:57.391] [mlr3]  [LGCOMPBOOST] iterations:'stop_cwb',5000,'stop_acwb',NA,'stop_hcwb',NA 
INFO  [02:01:57.393] [mlr3]  [LGCOMPBOOST] risk_inbag:'risk_intercept',0.593540,'risk_cwb',0.225354,'risk_acwb',NA,'risk_hcwb',NA 
INFO  [02:01:57.395] [mlr3]  [LGCOMPBOOST] risk_oob:'risk_intercept_oob',NA,'risk_cwb_oob',NA,'risk_acwb_oob',NA,'risk_hcwb_oob',NA 
DEBUG [02:01:57.399] [mlr3]  Learner 'acc_cwb' on task 'Task 168335: MiniBooNE (Supervised Classification)' succeeded to fit a model {learner: <LearnerClassifCompboost/LearnerClassif/Learner/R6>, result: <list>, messages: }
DEBUG [02:01:57.410] [mlr3]  Skip subsetting of task 'Task 168335: MiniBooNE (Supervised Classification)' 
DEBUG [02:01:57.413] [mlr3]  Calling train method of Learner 'acc_cwb' on task 'Task 168335: MiniBooNE (Supervised Classification)' with 104051 observations {learner: <LearnerClassifCompboost/LearnerClassif/Learner/R6>}
INFO  [02:01:57.423] [mlr3]  [LGCOMPBOOST] Running compboost with df 20.000000 and df_cat 1.000000 
   1/5000   risk = 0.59  time = 3   
 125/5000   risk = 0.39  time = 7578341   
 250/5000   risk = 0.32  time = 14797682   
 375/5000   risk = 0.29  time = 22060148   
 500/5000   risk = 0.28  time = 29701118   
 625/5000   risk = 0.27  time = 37631484   
 750/5000   risk = 0.26  time = 45384578   
 875/5000   risk = 0.26  time = 53160431   
1000/5000   risk = 0.26  time = 61068435   
1125/5000   risk = 0.26  time = 68882516   
1250/5000   risk = 0.26  time = 76748046   
1375/5000   risk = 0.26  time = 84561211   
1500/5000   risk = 0.26  time = 92465525   
1625/5000   risk = 0.25  time = 100439271   
1750/5000   risk = 0.25  time = 108483071   
1875/5000   risk = 0.25  time = 116466097   
2000/5000   risk = 0.25  time = 124470766   
2125/5000   risk = 0.25  time = 132516698   
2250/5000   risk = 0.24  time = 140648049   
2375/5000   risk = 0.24  time = 148613853   
2500/5000   risk = 0.24  time = 156753960   
2625/5000   risk = 0.24  time = 164815940   
2750/5000   risk = 0.24  time = 172828794   
2875/5000   risk = 0.24  time = 180965990   
3000/5000   risk = 0.24  time = 189141649   
3125/5000   risk = 0.23  time = 197161639   
3250/5000   risk = 0.23  time = 205172475   
3375/5000   risk = 0.23  time = 213861211   
3500/5000   risk = 0.23  time = 222318934   
3625/5000   risk = 0.23  time = 230826917   
3750/5000   risk = 0.23  time = 239298101   
3875/5000   risk = 0.23  time = 247948652   
4000/5000   risk = 0.23  time = 256403580   
4125/5000   risk = 0.23  time = 264992343   
4250/5000   risk = 0.23  time = 273588969   
4375/5000   risk = 0.23  time = 282285663   
4500/5000   risk = 0.23  time = 291023367   
4625/5000   risk = 0.23  time = 299412602   
4750/5000   risk = 0.23  time = 308193014   
4875/5000   risk = 0.23  time = 316756144   
5000/5000   risk = 0.23  time = 325252299   


Train 5000 iterations in 325 Seconds.
Final risk based on the train set: 0.23

INFO  [02:07:35.420] [mlr3]  [LGCOMPBOOST] iterations:'stop_cwb',5000,'stop_acwb',NA,'stop_hcwb',NA 
INFO  [02:07:35.423] [mlr3]  [LGCOMPBOOST] risk_inbag:'risk_intercept',0.593540,'risk_cwb',0.225354,'risk_acwb',NA,'risk_hcwb',NA 
INFO  [02:07:35.425] [mlr3]  [LGCOMPBOOST] risk_oob:'risk_intercept_oob',NA,'risk_cwb_oob',NA,'risk_acwb_oob',NA,'risk_hcwb_oob',NA 
DEBUG [02:07:35.431] [mlr3]  Learner 'acc_cwb' on task 'Task 168335: MiniBooNE (Supervised Classification)' succeeded to fit a model {learner: <LearnerClassifCompboost/LearnerClassif/Learner/R6>, result: <list>, messages: }

### [bt]: Job terminated successfully [batchtools job.id=53]
### [bt]: Calculation finished!
