### [bt]: This is batchtools v0.9.15
### [bt]: Starting calculation of 1 jobs
### [bt]: Setting working directory to '/home/user/repos/cacb-batchtools/eq1'
[2021-07-26 14:55:51] Loading new learner
[2021-07-26 14:55:51] Loading tasks
[2021-07-26 14:55:55] Loading resampling
### [bt]: Memory measurement disabled
### [bt]: Starting job [batchtools job.id=86]
### [bt]: Generating problem instance for problem '189866-fold3' ...
### [bt]: Applying algorithm 'evaluate-learner' on problem '189866-fold3' for job 86 (seed = 31501) ...
DEBUG [14:55:59.878] [mlr3]  Skip subsetting of task 'Task 189866: albert (Supervised Classification)' 
DEBUG [14:55:59.895] [mlr3]  Calling train method of Learner 'bin_cwb_nb' on task 'Task 189866: albert (Supervised Classification)' with 340192 observations {learner: <LearnerClassifCompboost/LearnerClassif/Learner/R6>}
INFO  [14:56:00.630] [mlr3]  [LGCOMPBOOST] Running compboost with df 5.000000 and df_cat 3.000000 
   1/5000   risk = 0.69  riskauc = 0.64   time = 3   
 125/5000   risk = 0.63  riskauc = 0.71   time = 25661225   
 250/5000   risk = 0.63  riskauc = 0.72   time = 51679247   
 375/5000   risk = 0.63  riskauc = 0.72   time = 77953784   
 500/5000   risk = 0.64  riskauc = 0.73   time = 104119516   
 625/5000   risk = 0.64  riskauc = 0.73   time = 130535811   
 750/5000   risk = 0.64  riskauc = 0.73   time = 156696796   
 875/5000   risk = 0.64  riskauc = 0.73   time = 182455804   
1000/5000   risk = 0.64  riskauc = 0.73   time = 208358435   
1125/5000   risk = 0.64  riskauc = 0.73   time = 234267081   
1250/5000   risk = 0.65  riskauc = 0.73   time = 260418917   
1375/5000   risk = 0.65  riskauc = 0.73   time = 286526404   
1500/5000   risk = 0.65  riskauc = 0.73   time = 312644752   
1625/5000   risk = 0.65  riskauc = 0.73   time = 338982920   
1750/5000   risk = 0.65  riskauc = 0.73   time = 365262232   
1875/5000   risk = 0.65  riskauc = 0.73   time = 391629706   
2000/5000   risk = 0.65  riskauc = 0.73   time = 418324969   
2125/5000   risk = 0.65  riskauc = 0.73   time = 445136939   
2250/5000   risk = 0.65  riskauc = 0.73   time = 471657838   
2375/5000   risk = 0.65  riskauc = 0.73   time = 498135514   
2500/5000   risk = 0.65  riskauc = 0.73   time = 524880037   
2625/5000   risk = 0.65  riskauc = 0.73   time = 551674216   
2750/5000   risk = 0.65  riskauc = 0.73   time = 578017703   
2875/5000   risk = 0.65  riskauc = 0.73   time = 604409206   
3000/5000   risk = 0.65  riskauc = 0.73   time = 631002783   
3125/5000   risk = 0.65  riskauc = 0.73   time = 657949711   
3250/5000   risk = 0.65  riskauc = 0.73   time = 684631161   
3375/5000   risk = 0.65  riskauc = 0.73   time = 711298322   
3500/5000   risk = 0.65  riskauc = 0.73   time = 737784975   
3625/5000   risk = 0.65  riskauc = 0.73   time = 764541626   
3750/5000   risk = 0.65  riskauc = 0.73   time = 790832942   
3875/5000   risk = 0.65  riskauc = 0.73   time = 817575335   
4000/5000   risk = 0.65  riskauc = 0.73   time = 844377829   
4125/5000   risk = 0.65  riskauc = 0.73   time = 871148845   
4250/5000   risk = 0.65  riskauc = 0.73   time = 898135511   
4375/5000   risk = 0.65  riskauc = 0.73   time = 924708768   
4500/5000   risk = 0.65  riskauc = 0.73   time = 951890177   
4625/5000   risk = 0.65  riskauc = 0.73   time = 979108933   
4750/5000   risk = 0.65  riskauc = 0.73   time = 1006377330   
4875/5000   risk = 0.65  riskauc = 0.73   time = 1033498868   
5000/5000   risk = 0.65  riskauc = 0.73   time = 1060495970   


Train 5000 iterations in 1060 Seconds.
Final risk based on the train set: 0.65

INFO  [15:13:58.062] [mlr3]  [LGCOMPBOOST] iterations:'stop_cwb',5000,'stop_acwb',NA,'stop_hcwb',NA 
INFO  [15:13:58.065] [mlr3]  [LGCOMPBOOST] risk_inbag:'risk_intercept',0.693147,'risk_cwb',0.651481,'risk_acwb',NA,'risk_hcwb',NA 
INFO  [15:13:58.067] [mlr3]  [LGCOMPBOOST] risk_oob:'risk_intercept_oob',NA,'risk_cwb_oob',NA,'risk_acwb_oob',NA,'risk_hcwb_oob',NA 
DEBUG [15:13:58.090] [mlr3]  Learner 'bin_cwb_nb' on task 'Task 189866: albert (Supervised Classification)' succeeded to fit a model {learner: <LearnerClassifCompboost/LearnerClassif/Learner/R6>, result: <list>, messages: }
DEBUG [15:13:58.106] [mlr3]  Skip subsetting of task 'Task 189866: albert (Supervised Classification)' 
DEBUG [15:13:58.126] [mlr3]  Calling train method of Learner 'bin_cwb_nb' on task 'Task 189866: albert (Supervised Classification)' with 340192 observations {learner: <LearnerClassifCompboost/LearnerClassif/Learner/R6>}
INFO  [15:13:58.769] [mlr3]  [LGCOMPBOOST] Running compboost with df 5.000000 and df_cat 3.000000 
   1/5000   risk = 0.69  time = 3   
 125/5000   risk = 0.63  time = 23048295   
 250/5000   risk = 0.63  time = 46353556   
 375/5000   risk = 0.63  time = 69635622   
 500/5000   risk = 0.64  time = 92884103   
 625/5000   risk = 0.64  time = 116132209   
 750/5000   risk = 0.64  time = 139377590   
 875/5000   risk = 0.64  time = 162562652   
1000/5000   risk = 0.64  time = 185977532   
1125/5000   risk = 0.64  time = 209321602   
1250/5000   risk = 0.65  time = 232825268   
1375/5000   risk = 0.65  time = 256356582   
1500/5000   risk = 0.65  time = 279705145   
1625/5000   risk = 0.65  time = 303181762   
1750/5000   risk = 0.65  time = 326343196   
1875/5000   risk = 0.65  time = 349794422   
2000/5000   risk = 0.65  time = 373185778   
2125/5000   risk = 0.65  time = 396451639   
2250/5000   risk = 0.65  time = 419765553   
2375/5000   risk = 0.65  time = 443060387   
2500/5000   risk = 0.65  time = 466264088   
2625/5000   risk = 0.65  time = 489776904   
2750/5000   risk = 0.65  time = 513501143   
2875/5000   risk = 0.65  time = 537143646   
3000/5000   risk = 0.65  time = 560380360   
3125/5000   risk = 0.65  time = 583869401   
3250/5000   risk = 0.65  time = 607414265   
3375/5000   risk = 0.65  time = 630587295   
3500/5000   risk = 0.65  time = 653887343   
3625/5000   risk = 0.65  time = 677091187   
3750/5000   risk = 0.65  time = 700398938   
3875/5000   risk = 0.65  time = 723780367   
4000/5000   risk = 0.65  time = 746980122   
4125/5000   risk = 0.65  time = 770447107   
4250/5000   risk = 0.65  time = 794090221   
4375/5000   risk = 0.65  time = 817851849   
4500/5000   risk = 0.65  time = 841626346   
4625/5000   risk = 0.65  time = 865414400   
4750/5000   risk = 0.65  time = 889066856   
4875/5000   risk = 0.65  time = 912675663   
5000/5000   risk = 0.65  time = 936397508   


Train 5000 iterations in 936 Seconds.
Final risk based on the train set: 0.65

INFO  [15:29:51.857] [mlr3]  [LGCOMPBOOST] iterations:'stop_cwb',5000,'stop_acwb',NA,'stop_hcwb',NA 
INFO  [15:29:51.860] [mlr3]  [LGCOMPBOOST] risk_inbag:'risk_intercept',0.693147,'risk_cwb',0.651481,'risk_acwb',NA,'risk_hcwb',NA 
INFO  [15:29:51.861] [mlr3]  [LGCOMPBOOST] risk_oob:'risk_intercept_oob',NA,'risk_cwb_oob',NA,'risk_acwb_oob',NA,'risk_hcwb_oob',NA 
DEBUG [15:29:51.885] [mlr3]  Learner 'bin_cwb_nb' on task 'Task 189866: albert (Supervised Classification)' succeeded to fit a model {learner: <LearnerClassifCompboost/LearnerClassif/Learner/R6>, result: <list>, messages: }

### [bt]: Job terminated successfully [batchtools job.id=86]
### [bt]: Calculation finished!
