### [bt]: This is batchtools v0.9.15
### [bt]: Starting calculation of 1 jobs
### [bt]: Setting working directory to '/home/user/repos/cacb-batchtools/eq1'
[2021-07-30 00:13:05] Loading new learner
[2021-07-30 00:13:05] Loading tasks
[2021-07-30 00:13:07] Loading resampling
### [bt]: Memory measurement disabled
### [bt]: Starting job [batchtools job.id=150]
### [bt]: Generating problem instance for problem '9977-fold5' ...
### [bt]: Applying algorithm 'evaluate-learner' on problem '9977-fold5' for job 150 (seed = 31565) ...
DEBUG [00:13:08.742] [mlr3]  Skip subsetting of task 'Task 9977: nomao (Supervised Classification)' 
DEBUG [00:13:08.747] [mlr3]  Calling train method of Learner 'acc_hcwb' on task 'Task 9977: nomao (Supervised Classification)' with 27573 observations {learner: <LearnerClassifCompboost/LearnerClassif/Learner/R6>}
   1/5000   risk = 0.56  oob_risk = 0.56   riskauc = 0.89   time = 2   
 125/5000   risk = 0.21  oob_risk = 0.22   riskauc = 0.97   time = 5423847   
 250/5000   risk = 0.15  oob_risk = 0.16   riskauc = 0.99   time = 10443147   
 375/5000   risk = 0.12  oob_risk = 0.13   riskauc = 0.99   time = 15624365   
 500/5000   risk = 0.11  oob_risk = 0.13   riskauc = 0.99   time = 20743086   
 625/5000   risk = 0.11  oob_risk = 0.13   riskauc = 0.99   time = 25928703   
 750/5000   risk = 0.11  oob_risk = 0.13   riskauc = 0.99   time = 30931965   


Train 840 iterations in 34 Seconds.
Final risk based on the train set: 0.1

   1/4171   risk = 0.1  oob_risk = 0.13   riskauc = 0.99   time = 2   
 104/4171   risk = 0.11  oob_risk = 0.13   riskauc = 0.99   time = 2540701   
 208/4171   risk = 0.11  oob_risk = 0.13   riskauc = 0.99   time = 5400268   
 312/4171   risk = 0.11  oob_risk = 0.13   riskauc = 0.99   time = 8008610   
 416/4171   risk = 0.11  oob_risk = 0.13   riskauc = 0.99   time = 10641245   
 520/4171   risk = 0.11  oob_risk = 0.13   riskauc = 0.99   time = 13198560   
 624/4171   risk = 0.11  oob_risk = 0.13   riskauc = 0.99   time = 15789589   
 728/4171   risk = 0.11  oob_risk = 0.13   riskauc = 0.99   time = 18336620   
 832/4171   risk = 0.11  oob_risk = 0.13   riskauc = 0.99   time = 20856590   
 936/4171   risk = 0.11  oob_risk = 0.13   riskauc = 0.99   time = 23310198   
1040/4171   risk = 0.11  oob_risk = 0.13   riskauc = 0.99   time = 25791481   
1144/4171   risk = 0.11  oob_risk = 0.13   riskauc = 0.99   time = 28344583   
1248/4171   risk = 0.11  oob_risk = 0.13   riskauc = 0.99   time = 30821522   
1352/4171   risk = 0.11  oob_risk = 0.13   riskauc = 0.99   time = 33417143   
1456/4171   risk = 0.11  oob_risk = 0.13   riskauc = 0.99   time = 35980005   
1560/4171   risk = 0.11  oob_risk = 0.14   riskauc = 0.99   time = 38483257   
1664/4171   risk = 0.11  oob_risk = 0.14   riskauc = 0.99   time = 41038615   
1768/4171   risk = 0.11  oob_risk = 0.14   riskauc = 0.99   time = 43471993   
1872/4171   risk = 0.11  oob_risk = 0.14   riskauc = 0.99   time = 45920449   
1976/4171   risk = 0.11  oob_risk = 0.14   riskauc = 0.99   time = 48362443   
2080/4171   risk = 0.11  oob_risk = 0.14   riskauc = 0.99   time = 50779036   
2184/4171   risk = 0.11  oob_risk = 0.14   riskauc = 0.99   time = 53220600   
2288/4171   risk = 0.11  oob_risk = 0.14   riskauc = 0.99   time = 55713277   
2392/4171   risk = 0.11  oob_risk = 0.14   riskauc = 0.99   time = 58174685   
2496/4171   risk = 0.11  oob_risk = 0.14   riskauc = 0.99   time = 60707587   
2600/4171   risk = 0.11  oob_risk = 0.14   riskauc = 0.99   time = 63167981   
2704/4171   risk = 0.11  oob_risk = 0.14   riskauc = 0.99   time = 65691234   
2808/4171   risk = 0.11  oob_risk = 0.14   riskauc = 0.99   time = 68222051   
2912/4171   risk = 0.11  oob_risk = 0.14   riskauc = 0.99   time = 71129491   
3016/4171   risk = 0.11  oob_risk = 0.14   riskauc = 0.99   time = 73621294   
3120/4171   risk = 0.11  oob_risk = 0.14   riskauc = 0.99   time = 76148694   
3224/4171   risk = 0.11  oob_risk = 0.14   riskauc = 0.99   time = 78747271   
3328/4171   risk = 0.11  oob_risk = 0.14   riskauc = 0.99   time = 81264248   
3432/4171   risk = 0.11  oob_risk = 0.14   riskauc = 0.99   time = 83809461   
3536/4171   risk = 0.11  oob_risk = 0.14   riskauc = 0.99   time = 86382240   
3640/4171   risk = 0.11  oob_risk = 0.14   riskauc = 0.99   time = 88910066   
3744/4171   risk = 0.11  oob_risk = 0.14   riskauc = 0.99   time = 91427875   
3848/4171   risk = 0.11  oob_risk = 0.14   riskauc = 0.99   time = 93946990   
3952/4171   risk = 0.11  oob_risk = 0.14   riskauc = 0.99   time = 96461801   
4056/4171   risk = 0.11  oob_risk = 0.14   riskauc = 0.99   time = 98907797   
4160/4171   risk = 0.11  oob_risk = 0.14   riskauc = 0.99   time = 101583468   


Train 4171 iterations in 101 Seconds.
Final risk based on the train set: 0.11

DEBUG [00:15:29.088] [mlr3]  Learner 'acc_hcwb' on task 'Task 9977: nomao (Supervised Classification)' succeeded to fit a model {learner: <LearnerClassifCompboost/LearnerClassif/Learner/R6>, result: <list>, messages: }
DEBUG [00:15:29.104] [mlr3]  Skip subsetting of task 'Task 9977: nomao (Supervised Classification)' 
DEBUG [00:15:29.109] [mlr3]  Calling train method of Learner 'acc_hcwb' on task 'Task 9977: nomao (Supervised Classification)' with 27573 observations {learner: <LearnerClassifCompboost/LearnerClassif/Learner/R6>}
   1/5000   risk = 0.56  oob_risk = 0.56   time = 3   
 125/5000   risk = 0.21  oob_risk = 0.22   time = 4422208   
 250/5000   risk = 0.15  oob_risk = 0.16   time = 8737260   
 375/5000   risk = 0.12  oob_risk = 0.13   time = 13170604   
 500/5000   risk = 0.11  oob_risk = 0.13   time = 17773065   
 625/5000   risk = 0.11  oob_risk = 0.13   time = 22368564   
 750/5000   risk = 0.11  oob_risk = 0.13   time = 26994221   


Train 840 iterations in 30 Seconds.
Final risk based on the train set: 0.1

   1/4171   risk = 0.1  oob_risk = 0.13   time = 2   
 104/4171   risk = 0.11  oob_risk = 0.13   time = 2201767   
 208/4171   risk = 0.11  oob_risk = 0.13   time = 4403357   
 312/4171   risk = 0.11  oob_risk = 0.13   time = 6670214   
 416/4171   risk = 0.11  oob_risk = 0.13   time = 8855048   
 520/4171   risk = 0.11  oob_risk = 0.13   time = 11049154   
 624/4171   risk = 0.11  oob_risk = 0.13   time = 13288817   
 728/4171   risk = 0.11  oob_risk = 0.13   time = 15468054   
 832/4171   risk = 0.11  oob_risk = 0.13   time = 17665155   
 936/4171   risk = 0.11  oob_risk = 0.13   time = 19836413   
1040/4171   risk = 0.11  oob_risk = 0.13   time = 22055143   
1144/4171   risk = 0.11  oob_risk = 0.13   time = 24288716   
1248/4171   risk = 0.11  oob_risk = 0.13   time = 26500301   
1352/4171   risk = 0.11  oob_risk = 0.13   time = 28733617   
1456/4171   risk = 0.11  oob_risk = 0.13   time = 30937136   
1560/4171   risk = 0.11  oob_risk = 0.14   time = 33160607   
1664/4171   risk = 0.11  oob_risk = 0.14   time = 35390721   
1768/4171   risk = 0.11  oob_risk = 0.14   time = 37583166   
1872/4171   risk = 0.11  oob_risk = 0.14   time = 39781632   
1976/4171   risk = 0.11  oob_risk = 0.14   time = 41988962   
2080/4171   risk = 0.11  oob_risk = 0.14   time = 44254815   
2184/4171   risk = 0.11  oob_risk = 0.14   time = 46466068   
2288/4171   risk = 0.11  oob_risk = 0.14   time = 48682954   
2392/4171   risk = 0.11  oob_risk = 0.14   time = 50915578   
2496/4171   risk = 0.11  oob_risk = 0.14   time = 53106261   
2600/4171   risk = 0.11  oob_risk = 0.14   time = 55289443   
2704/4171   risk = 0.11  oob_risk = 0.14   time = 57495435   
2808/4171   risk = 0.11  oob_risk = 0.14   time = 59731798   
2912/4171   risk = 0.11  oob_risk = 0.14   time = 61919190   
3016/4171   risk = 0.11  oob_risk = 0.14   time = 64128361   
3120/4171   risk = 0.11  oob_risk = 0.14   time = 66337870   
3224/4171   risk = 0.11  oob_risk = 0.14   time = 68545051   
3328/4171   risk = 0.11  oob_risk = 0.14   time = 70740885   
3432/4171   risk = 0.11  oob_risk = 0.14   time = 72914880   
3536/4171   risk = 0.11  oob_risk = 0.14   time = 75146483   
3640/4171   risk = 0.11  oob_risk = 0.14   time = 77422147   
3744/4171   risk = 0.11  oob_risk = 0.14   time = 79698655   
3848/4171   risk = 0.11  oob_risk = 0.14   time = 81884917   
3952/4171   risk = 0.11  oob_risk = 0.14   time = 84118195   
4056/4171   risk = 0.11  oob_risk = 0.14   time = 86319770   
4160/4171   risk = 0.11  oob_risk = 0.14   time = 88543913   


Train 4171 iterations in 88 Seconds.
Final risk based on the train set: 0.11

DEBUG [00:17:31.906] [mlr3]  Learner 'acc_hcwb' on task 'Task 9977: nomao (Supervised Classification)' succeeded to fit a model {learner: <LearnerClassifCompboost/LearnerClassif/Learner/R6>, result: <list>, messages: }

### [bt]: Job terminated successfully [batchtools job.id=150]
### [bt]: Calculation finished!
