### [bt]: This is batchtools v0.9.15
### [bt]: Starting calculation of 1 jobs
### [bt]: Setting working directory to '/home/user/repos/cacb-batchtools/eq1'
Loading required package: data.table
Loading required package: R6
Loading required package: mlr3
Loading required package: mlr3learners
Loading required package: mlr3extralearners

Attaching package: ‘mlr3extralearners’

The following objects are masked from ‘package:mlr3’:

    lrn, lrns

Loading required package: mlr3pipelines
Loading required package: mlr3tuning
Loading required package: paradox
Loading required package: compboost
[2021-08-02 00:13:31] Loading new learner LearnerClassifCWB
[2021-08-02 00:13:31] Loading new learner LearnerClassifHCWB
[2021-08-02 00:13:31] Loading new learner
[2021-08-02 00:13:31] Loading tasks
[2021-08-02 00:13:34] Loading resampling
### [bt]: Memory measurement disabled
### [bt]: Starting job [batchtools job.id=9]
### [bt]: Generating problem instance for problem 'spam-fold2' ...
### [bt]: Applying algorithm 'evaluate-learner' on problem 'spam-fold2' for job 9 (seed = 31424) ...
DEBUG [00:13:35.183] [mlr3]  Skip subsetting of task 'spam' 
DEBUG [00:13:35.266] [mlr3]  Calling train method of Learner 'acc_hcwb' on task 'spam' with 3680 observations {learner: <LearnerClassifHCWB/LearnerClassif/Learner/R6>}
   1/5000   risk = 0.65  oob_risk = 0.65   riskauc = 0.2   time = 2   val_auc = 0.15   


Train 99 iterations in 2 Seconds.
Final risk based on the train set: 0.1

   1/4912   risk = 0.12  oob_risk = 1.5   riskauc = 0.099   time = 2   val_auc = 0.043   
 123/4912   risk = 0.11  oob_risk = 1.6   riskauc = 0.097   time = 1573835   val_auc = 0.045   
 246/4912   risk = 0.1  oob_risk = 1.7   riskauc = 0.096   time = 2702416   val_auc = 0.044   
 369/4912   risk = 0.1  oob_risk = 1.7   riskauc = 0.095   time = 3954789   val_auc = 0.043   
 492/4912   risk = 0.099  oob_risk = 1.8   riskauc = 0.096   time = 5140809   val_auc = 0.043   
 615/4912   risk = 0.096  oob_risk = 1.8   riskauc = 0.096   time = 6379551   val_auc = 0.043   
 738/4912   risk = 0.094  oob_risk = 1.9   riskauc = 0.095   time = 7510306   val_auc = 0.044   
 861/4912   risk = 0.092  oob_risk = 1.9   riskauc = 0.095   time = 8707693   val_auc = 0.045   
 984/4912   risk = 0.09  oob_risk = 2   riskauc = 0.095   time = 9867527   val_auc = 0.047   
1107/4912   risk = 0.087  oob_risk = 2.1   riskauc = 0.095   time = 10979291   val_auc = 0.047   
1230/4912   risk = 0.085  oob_risk = 2.2   riskauc = 0.094   time = 12251216   val_auc = 0.048   
1353/4912   risk = 0.084  oob_risk = 2.3   riskauc = 0.094   time = 13635966   val_auc = 0.048   
1476/4912   risk = 0.082  oob_risk = 2.4   riskauc = 0.094   time = 14988911   val_auc = 0.048   
1599/4912   risk = 0.08  oob_risk = 2.5   riskauc = 0.093   time = 16156803   val_auc = 0.048   
1722/4912   risk = 0.079  oob_risk = 2.7   riskauc = 0.092   time = 17504880   val_auc = 0.048   
1845/4912   risk = 0.077  oob_risk = 2.7   riskauc = 0.091   time = 18719592   val_auc = 0.047   
1968/4912   risk = 0.076  oob_risk = 2.8   riskauc = 0.091   time = 19968332   val_auc = 0.047   
2091/4912   risk = 0.075  oob_risk = 2.9   riskauc = 0.09   time = 21223447   val_auc = 0.046   
2214/4912   risk = 0.073  oob_risk = 3   riskauc = 0.09   time = 22533210   val_auc = 0.047   
2337/4912   risk = 0.072  oob_risk = 3.1   riskauc = 0.09   time = 23878756   val_auc = 0.047   
2460/4912   risk = 0.071  oob_risk = 3.2   riskauc = 0.09   time = 25058986   val_auc = 0.047   
2583/4912   risk = 0.07  oob_risk = 3.2   riskauc = 0.09   time = 26353267   val_auc = 0.047   
2706/4912   risk = 0.069  oob_risk = 3.3   riskauc = 0.087   time = 27849505   val_auc = 0.047   
2829/4912   risk = 0.068  oob_risk = 3.4   riskauc = 0.087   time = 29043842   val_auc = 0.048   
2952/4912   risk = 0.067  oob_risk = 3.5   riskauc = 0.087   time = 30244876   val_auc = 0.048   
3075/4912   risk = 0.066  oob_risk = 3.6   riskauc = 0.087   time = 31508556   val_auc = 0.048   
3198/4912   risk = 0.065  oob_risk = inf   riskauc = 0.087   time = 32758592   val_auc = 0.048   
3321/4912   risk = 0.064  oob_risk = inf   riskauc = 0.087   time = 33984823   val_auc = 0.048   
3444/4912   risk = 0.063  oob_risk = inf   riskauc = 0.087   time = 35245982   val_auc = 0.048   
3567/4912   risk = 0.062  oob_risk = inf   riskauc = 0.087   time = 36517240   val_auc = 0.049   
3690/4912   risk = 0.062  oob_risk = inf   riskauc = 0.087   time = 37765194   val_auc = 0.049   
3813/4912   risk = 0.061  oob_risk = inf   riskauc = 0.087   time = 38970687   val_auc = 0.049   
3936/4912   risk = 0.06  oob_risk = inf   riskauc = 0.087   time = 40441335   val_auc = 0.049   
4059/4912   risk = 0.06  oob_risk = inf   riskauc = 0.087   time = 41669519   val_auc = 0.049   
4182/4912   risk = 0.059  oob_risk = inf   riskauc = 0.087   time = 42907078   val_auc = 0.049   
4305/4912   risk = 0.058  oob_risk = inf   riskauc = 0.086   time = 44157227   val_auc = 0.049   
4428/4912   risk = 0.058  oob_risk = inf   riskauc = 0.086   time = 45282484   val_auc = 0.049   
4551/4912   risk = 0.057  oob_risk = inf   riskauc = 0.086   time = 46464247   val_auc = 0.049   
4674/4912   risk = 0.057  oob_risk = inf   riskauc = 0.086   time = 47658594   val_auc = 0.049   
4797/4912   risk = 0.056  oob_risk = inf   riskauc = 0.086   time = 48776606   val_auc = 0.049   


Train 4912 iterations in 50 Seconds.
Final risk based on the train set: 0.056

DEBUG [00:14:31.175] [mlr3]  Learner 'acc_hcwb' on task 'spam' succeeded to fit a model {learner: <LearnerClassifHCWB/LearnerClassif/Learner/R6>, result: <list>, messages: }

### [bt]: Job terminated successfully [batchtools job.id=9]
### [bt]: Calculation finished!
