### [bt]: This is batchtools v0.9.15
### [bt]: Starting calculation of 1 jobs
### [bt]: Setting working directory to '/home/user/repos/cacb-batchtools/eq1'
[2021-07-27 20:26:54] Loading new learner
[2021-07-27 20:26:54] Loading tasks
[2021-07-27 20:26:58] Loading resampling
### [bt]: Memory measurement disabled
### [bt]: Starting job [batchtools job.id=35]
### [bt]: Generating problem instance for problem '7592-fold4' ...
### [bt]: Applying algorithm 'evaluate-learner' on problem '7592-fold4' for job 35 (seed = 31450) ...
DEBUG [20:26:58.842] [mlr3]  Skip subsetting of task 'Task 7592: adult (Supervised Classification)' 
DEBUG [20:26:58.845] [mlr3]  Calling train method of Learner 'acc_acwb' on task 'Task 7592: adult (Supervised Classification)' with 39074 observations {learner: <LearnerClassifCompboost/LearnerClassif/Learner/R6>}
Warning in get_private(learner)$.train(task) :
  Number of cores 30 exceeds number of features 14. The number of cores are set to 14!
   1/5000   risk = 0.54  riskauc = 0.79   time = 3   
 125/5000   risk = 0.36  riskauc = 0.9   time = 3200888   
 250/5000   risk = 0.32  riskauc = 0.91   time = 6186112   
 375/5000   risk = 0.33  riskauc = 0.91   time = 9182683   
 500/5000   risk = 0.34  riskauc = 0.91   time = 12298983   
 625/5000   risk = 0.35  riskauc = 0.91   time = 15362172   
 750/5000   risk = 0.35  riskauc = 0.91   time = 17920688   
 875/5000   risk = 0.36  riskauc = 0.91   time = 20562854   
1000/5000   risk = 0.36  riskauc = 0.92   time = 23638440   
1125/5000   risk = 0.36  riskauc = 0.92   time = 26800717   
1250/5000   risk = 0.36  riskauc = 0.92   time = 29901479   
1375/5000   risk = 0.36  riskauc = 0.92   time = 32701276   
1500/5000   risk = 0.36  riskauc = 0.92   time = 35637202   
1625/5000   risk = 0.36  riskauc = 0.92   time = 38332034   
1750/5000   risk = 0.36  riskauc = 0.92   time = 40931583   
1875/5000   risk = 0.36  riskauc = 0.91   time = 43562949   
2000/5000   risk = 0.36  riskauc = 0.91   time = 46661248   
2125/5000   risk = 0.37  riskauc = 0.91   time = 49673309   
2250/5000   risk = 0.37  riskauc = 0.91   time = 52389025   
2375/5000   risk = 0.38  riskauc = 0.91   time = 55147740   
2500/5000   risk = 0.38  riskauc = 0.91   time = 58129960   
2625/5000   risk = 0.39  riskauc = 0.91   time = 60872314   
2750/5000   risk = 0.41  riskauc = 0.91   time = 63943640   
2875/5000   risk = 0.44  riskauc = 0.9   time = 66834179   
3000/5000   risk = 0.45  riskauc = 0.9   time = 69654024   
3125/5000   risk = 0.47  riskauc = 0.9   time = 72338557   
3250/5000   risk = 0.52  riskauc = 0.89   time = 74922366   
3375/5000   risk = 0.58  riskauc = 0.88   time = 77483237   
3500/5000   risk = 0.62  riskauc = 0.87   time = 80122748   
3625/5000   risk = 0.69  riskauc = 0.87   time = 83325765   
3750/5000   risk = 0.79  riskauc = 0.86   time = 86095492   
3875/5000   risk = 0.87  riskauc = 0.86   time = 88745671   
4000/5000   risk = 0.89  riskauc = 0.86   time = 91518668   
4125/5000   risk = 0.95  riskauc = 0.86   time = 94399529   
4250/5000   risk = 1.1  riskauc = 0.85   time = 97457417   
4375/5000   risk = 1.2  riskauc = 0.84   time = 101060906   
4500/5000   risk = 1.3  riskauc = 0.84   time = 104666306   
4625/5000   risk = 1.3  riskauc = 0.85   time = 107823148   
4750/5000   risk = 1.5  riskauc = 0.84   time = 110716481   
4875/5000   risk = 1.8  riskauc = 0.83   time = 113507379   
5000/5000   risk = 2  riskauc = 0.83   time = 116312996   


Train 5000 iterations in 116 Seconds.
Final risk based on the train set: 2

DEBUG [20:28:58.088] [mlr3]  Learner 'acc_acwb' on task 'Task 7592: adult (Supervised Classification)' succeeded to fit a model {learner: <LearnerClassifCompboost/LearnerClassif/Learner/R6>, result: <list>, messages: }
DEBUG [20:28:58.102] [mlr3]  Skip subsetting of task 'Task 7592: adult (Supervised Classification)' 
DEBUG [20:28:58.106] [mlr3]  Calling train method of Learner 'acc_acwb' on task 'Task 7592: adult (Supervised Classification)' with 39074 observations {learner: <LearnerClassifCompboost/LearnerClassif/Learner/R6>}
Warning in get_private(learner)$.train(task) :
  Number of cores 30 exceeds number of features 14. The number of cores are set to 14!
   1/5000   risk = 0.54  time = 3   
 125/5000   risk = 0.36  time = 2250595   
 250/5000   risk = 0.32  time = 4535835   
 375/5000   risk = 0.33  time = 6810581   
 500/5000   risk = 0.34  time = 8999491   
 625/5000   risk = 0.35  time = 11265210   
 750/5000   risk = 0.35  time = 13511199   
 875/5000   risk = 0.36  time = 15785897   
1000/5000   risk = 0.36  time = 17971067   
1125/5000   risk = 0.36  time = 20321887   
1250/5000   risk = 0.36  time = 22680907   
1375/5000   risk = 0.36  time = 25003238   
1500/5000   risk = 0.36  time = 27328241   
1625/5000   risk = 0.36  time = 29687896   
1750/5000   risk = 0.36  time = 31544902   
1875/5000   risk = 0.36  time = 33389213   
2000/5000   risk = 0.36  time = 35325567   
2125/5000   risk = 0.37  time = 37483491   
2250/5000   risk = 0.37  time = 39663242   
2375/5000   risk = 0.38  time = 41887520   
2500/5000   risk = 0.38  time = 44068033   
2625/5000   risk = 0.39  time = 46237752   
2750/5000   risk = 0.41  time = 48437664   
2875/5000   risk = 0.44  time = 50664330   
3000/5000   risk = 0.45  time = 52631871   
3125/5000   risk = 0.47  time = 54436048   
3250/5000   risk = 0.52  time = 56206096   
3375/5000   risk = 0.58  time = 57987973   
3500/5000   risk = 0.62  time = 59796627   
3625/5000   risk = 0.69  time = 61629186   
3750/5000   risk = 0.79  time = 63488509   
3875/5000   risk = 0.87  time = 65340599   
4000/5000   risk = 0.89  time = 67124291   
4125/5000   risk = 0.95  time = 69223998   
4250/5000   risk = 1.1  time = 71432330   
4375/5000   risk = 1.2  time = 73628193   
4500/5000   risk = 1.3  time = 75855942   
4625/5000   risk = 1.3  time = 78055407   
4750/5000   risk = 1.5  time = 80269952   
4875/5000   risk = 1.8  time = 82528761   
5000/5000   risk = 2  time = 84741625   


Train 5000 iterations in 84 Seconds.
Final risk based on the train set: 2

DEBUG [20:30:25.141] [mlr3]  Learner 'acc_acwb' on task 'Task 7592: adult (Supervised Classification)' succeeded to fit a model {learner: <LearnerClassifCompboost/LearnerClassif/Learner/R6>, result: <list>, messages: }

### [bt]: Job terminated successfully [batchtools job.id=35]
### [bt]: Calculation finished!
