### [bt]: This is batchtools v0.9.15
### [bt]: Starting calculation of 1 jobs
### [bt]: Setting working directory to '/home/user/repos/cacb-batchtools/eq1'
[2021-07-26 04:53:23] Loading new learner
[2021-07-26 04:53:23] Loading tasks
[2021-07-26 04:53:26] Loading resampling
### [bt]: Memory measurement disabled
### [bt]: Starting job [batchtools job.id=68]
### [bt]: Generating problem instance for problem '168335-fold4' ...
### [bt]: Applying algorithm 'evaluate-learner' on problem '168335-fold4' for job 68 (seed = 31483) ...
DEBUG [04:53:29.221] [mlr3]  Skip subsetting of task 'Task 168335: MiniBooNE (Supervised Classification)' 
DEBUG [04:53:29.224] [mlr3]  Calling train method of Learner 'acc_cwb' on task 'Task 168335: MiniBooNE (Supervised Classification)' with 104051 observations {learner: <LearnerClassifCompboost/LearnerClassif/Learner/R6>}
INFO  [04:53:29.277] [mlr3]  [LGCOMPBOOST] Running compboost with df 20.000000 and df_cat 1.000000 
   1/5000   risk = 0.59  riskauc = 0.84   time = 2   
 125/5000   risk = 0.39  riskauc = 0.93   time = 8425480   
 250/5000   risk = 0.32  riskauc = 0.94   time = 16720031   
 375/5000   risk = 0.29  riskauc = 0.95   time = 25116735   
 500/5000   risk = 0.28  riskauc = 0.95   time = 33593079   
 625/5000   risk = 0.27  riskauc = 0.95   time = 42216814   
 750/5000   risk = 0.26  riskauc = 0.95   time = 50655027   
 875/5000   risk = 0.26  riskauc = 0.95   time = 59023375   
1000/5000   risk = 0.26  riskauc = 0.95   time = 67406672   
1125/5000   risk = 0.26  riskauc = 0.95   time = 75912434   
1250/5000   risk = 0.26  riskauc = 0.95   time = 84051699   
1375/5000   risk = 0.26  riskauc = 0.95   time = 92049028   
1500/5000   risk = 0.26  riskauc = 0.96   time = 100235639   
1625/5000   risk = 0.25  riskauc = 0.96   time = 108507887   
1750/5000   risk = 0.25  riskauc = 0.96   time = 116720634   
1875/5000   risk = 0.25  riskauc = 0.96   time = 124850649   
2000/5000   risk = 0.25  riskauc = 0.96   time = 132961422   
2125/5000   risk = 0.25  riskauc = 0.96   time = 141091092   
2250/5000   risk = 0.24  riskauc = 0.96   time = 149629631   
2375/5000   risk = 0.24  riskauc = 0.96   time = 157776635   
2500/5000   risk = 0.24  riskauc = 0.96   time = 165910422   
2625/5000   risk = 0.24  riskauc = 0.96   time = 174067444   
2750/5000   risk = 0.24  riskauc = 0.96   time = 182521149   
2875/5000   risk = 0.24  riskauc = 0.96   time = 190667614   
3000/5000   risk = 0.24  riskauc = 0.96   time = 198788066   
3125/5000   risk = 0.23  riskauc = 0.96   time = 206924485   
3250/5000   risk = 0.23  riskauc = 0.96   time = 215147495   
3375/5000   risk = 0.23  riskauc = 0.96   time = 223449550   
3500/5000   risk = 0.23  riskauc = 0.96   time = 231758885   
3625/5000   risk = 0.23  riskauc = 0.97   time = 240043199   
3750/5000   risk = 0.23  riskauc = 0.97   time = 248223562   
3875/5000   risk = 0.23  riskauc = 0.97   time = 256714696   
4000/5000   risk = 0.23  riskauc = 0.97   time = 264919968   
4125/5000   risk = 0.23  riskauc = 0.97   time = 273367829   
4250/5000   risk = 0.23  riskauc = 0.97   time = 281654203   
4375/5000   risk = 0.23  riskauc = 0.97   time = 290345119   
4500/5000   risk = 0.23  riskauc = 0.97   time = 298606423   
4625/5000   risk = 0.23  riskauc = 0.97   time = 306866246   
4750/5000   risk = 0.23  riskauc = 0.97   time = 315405903   
4875/5000   risk = 0.23  riskauc = 0.97   time = 323815853   
5000/5000   risk = 0.23  riskauc = 0.97   time = 332052680   


Train 5000 iterations in 332 Seconds.
Final risk based on the train set: 0.23

INFO  [04:59:13.938] [mlr3]  [LGCOMPBOOST] iterations:'stop_cwb',5000,'stop_acwb',NA,'stop_hcwb',NA 
INFO  [04:59:13.941] [mlr3]  [LGCOMPBOOST] risk_inbag:'risk_intercept',0.593540,'risk_cwb',0.226028,'risk_acwb',NA,'risk_hcwb',NA 
INFO  [04:59:13.942] [mlr3]  [LGCOMPBOOST] risk_oob:'risk_intercept_oob',NA,'risk_cwb_oob',NA,'risk_acwb_oob',NA,'risk_hcwb_oob',NA 
DEBUG [04:59:13.948] [mlr3]  Learner 'acc_cwb' on task 'Task 168335: MiniBooNE (Supervised Classification)' succeeded to fit a model {learner: <LearnerClassifCompboost/LearnerClassif/Learner/R6>, result: <list>, messages: }
DEBUG [04:59:13.961] [mlr3]  Skip subsetting of task 'Task 168335: MiniBooNE (Supervised Classification)' 
DEBUG [04:59:13.965] [mlr3]  Calling train method of Learner 'acc_cwb' on task 'Task 168335: MiniBooNE (Supervised Classification)' with 104051 observations {learner: <LearnerClassifCompboost/LearnerClassif/Learner/R6>}
INFO  [04:59:13.978] [mlr3]  [LGCOMPBOOST] Running compboost with df 20.000000 and df_cat 1.000000 
   1/5000   risk = 0.59  time = 3   
 125/5000   risk = 0.39  time = 7046925   
 250/5000   risk = 0.32  time = 14349716   
 375/5000   risk = 0.29  time = 21416002   
 500/5000   risk = 0.28  time = 28556256   
 625/5000   risk = 0.27  time = 35639834   
 750/5000   risk = 0.26  time = 42784254   
 875/5000   risk = 0.26  time = 49823417   
1000/5000   risk = 0.26  time = 57073470   
1125/5000   risk = 0.26  time = 64021404   
1250/5000   risk = 0.26  time = 71009983   
1375/5000   risk = 0.26  time = 78122318   
1500/5000   risk = 0.26  time = 85329475   
1625/5000   risk = 0.25  time = 92245018   
1750/5000   risk = 0.25  time = 99498575   
1875/5000   risk = 0.25  time = 106485664   
2000/5000   risk = 0.25  time = 113718783   
2125/5000   risk = 0.25  time = 120873124   
2250/5000   risk = 0.24  time = 127985352   
2375/5000   risk = 0.24  time = 135117998   
2500/5000   risk = 0.24  time = 142148215   
2625/5000   risk = 0.24  time = 149190595   
2750/5000   risk = 0.24  time = 156364571   
2875/5000   risk = 0.24  time = 163853124   
3000/5000   risk = 0.24  time = 171373872   
3125/5000   risk = 0.23  time = 178908729   
3250/5000   risk = 0.23  time = 186296085   
3375/5000   risk = 0.23  time = 194327636   
3500/5000   risk = 0.23  time = 202335120   
3625/5000   risk = 0.23  time = 210341404   
3750/5000   risk = 0.23  time = 218423845   
3875/5000   risk = 0.23  time = 226497391   
4000/5000   risk = 0.23  time = 234421262   
4125/5000   risk = 0.23  time = 242503881   
4250/5000   risk = 0.23  time = 250722808   
4375/5000   risk = 0.23  time = 258810275   
4500/5000   risk = 0.23  time = 266916605   
4625/5000   risk = 0.23  time = 274989548   
4750/5000   risk = 0.23  time = 282808216   
4875/5000   risk = 0.23  time = 290847011   
5000/5000   risk = 0.23  time = 298887845   


Train 5000 iterations in 298 Seconds.
Final risk based on the train set: 0.23

INFO  [05:04:26.347] [mlr3]  [LGCOMPBOOST] iterations:'stop_cwb',5000,'stop_acwb',NA,'stop_hcwb',NA 
INFO  [05:04:26.351] [mlr3]  [LGCOMPBOOST] risk_inbag:'risk_intercept',0.593540,'risk_cwb',0.226028,'risk_acwb',NA,'risk_hcwb',NA 
INFO  [05:04:26.353] [mlr3]  [LGCOMPBOOST] risk_oob:'risk_intercept_oob',NA,'risk_cwb_oob',NA,'risk_acwb_oob',NA,'risk_hcwb_oob',NA 
DEBUG [05:04:26.359] [mlr3]  Learner 'acc_cwb' on task 'Task 168335: MiniBooNE (Supervised Classification)' succeeded to fit a model {learner: <LearnerClassifCompboost/LearnerClassif/Learner/R6>, result: <list>, messages: }

### [bt]: Job terminated successfully [batchtools job.id=68]
### [bt]: Calculation finished!
