### [bt]: This is batchtools v0.9.15
### [bt]: Starting calculation of 1 jobs
### [bt]: Setting working directory to '/home/user/repos/cacb-batchtools/eq1'
[2021-07-27 19:17:24] Loading new learner
[2021-07-27 19:17:24] Loading tasks
[2021-07-27 19:17:26] Loading resampling
### [bt]: Memory measurement disabled
### [bt]: Starting job [batchtools job.id=1]
### [bt]: Generating problem instance for problem 'spam-fold1' ...
### [bt]: Applying algorithm 'evaluate-learner' on problem 'spam-fold1' for job 1 (seed = 31416) ...
DEBUG [19:17:27.233] [mlr3]  Skip subsetting of task 'spam' 
DEBUG [19:17:27.303] [mlr3]  Calling train method of Learner 'bin_cwb_nb' on task 'spam' with 3680 observations {learner: <LearnerClassifCompboost/LearnerClassif/Learner/R6>}
   1/5000   risk = 0.64  riskauc = 0.78   time = 2   
 125/5000   risk = 0.23  riskauc = 0.97   time = 1158278   
 250/5000   risk = 0.2  riskauc = 0.98   time = 2313504   
 375/5000   risk = 0.18  riskauc = 0.98   time = 3457488   
 500/5000   risk = 0.17  riskauc = 0.98   time = 4706237   
 625/5000   risk = 0.17  riskauc = 0.98   time = 5875579   
 750/5000   risk = 0.16  riskauc = 0.98   time = 7038439   
 875/5000   risk = 0.16  riskauc = 0.98   time = 8219282   
1000/5000   risk = 0.16  riskauc = 0.98   time = 9323490   
1125/5000   risk = 0.15  riskauc = 0.98   time = 10604136   
1250/5000   risk = 0.15  riskauc = 0.98   time = 11819497   
1375/5000   risk = 0.15  riskauc = 0.98   time = 12995744   
1500/5000   risk = 0.15  riskauc = 0.98   time = 14109133   
1625/5000   risk = 0.14  riskauc = 0.98   time = 15171268   
1750/5000   risk = 0.14  riskauc = 0.98   time = 16440648   
1875/5000   risk = 0.14  riskauc = 0.98   time = 17610552   
2000/5000   risk = 0.14  riskauc = 0.98   time = 18667323   
2125/5000   risk = 0.14  riskauc = 0.98   time = 19761220   
2250/5000   risk = 0.14  riskauc = 0.98   time = 21097220   
2375/5000   risk = 0.13  riskauc = 0.98   time = 22215495   
2500/5000   risk = 0.13  riskauc = 0.98   time = 23304020   
2625/5000   risk = 0.13  riskauc = 0.98   time = 24366017   
2750/5000   risk = 0.13  riskauc = 0.98   time = 25461798   
2875/5000   risk = 0.13  riskauc = 0.98   time = 26574455   
3000/5000   risk = 0.13  riskauc = 0.98   time = 27731627   
3125/5000   risk = 0.13  riskauc = 0.98   time = 28809000   
3250/5000   risk = 0.13  riskauc = 0.98   time = 29913227   
3375/5000   risk = 0.13  riskauc = 0.98   time = 31073601   
3500/5000   risk = 0.13  riskauc = 0.98   time = 32335165   
3625/5000   risk = 0.12  riskauc = 0.98   time = 33433565   
3750/5000   risk = 0.12  riskauc = 0.98   time = 34555275   
3875/5000   risk = 0.12  riskauc = 0.98   time = 35727103   
4000/5000   risk = 0.12  riskauc = 0.98   time = 36881121   
4125/5000   risk = 0.12  riskauc = 0.98   time = 38149784   
4250/5000   risk = 0.12  riskauc = 0.98   time = 39278922   
4375/5000   risk = 0.12  riskauc = 0.98   time = 40476426   
4500/5000   risk = 0.12  riskauc = 0.98   time = 41823719   
4625/5000   risk = 0.12  riskauc = 0.98   time = 43051965   
4750/5000   risk = 0.12  riskauc = 0.98   time = 44304197   
4875/5000   risk = 0.12  riskauc = 0.98   time = 45506839   
5000/5000   risk = 0.12  riskauc = 0.98   time = 46635770   


Train 5000 iterations in 47 Seconds.
Final risk based on the train set: 0.12

DEBUG [19:18:17.930] [mlr3]  Learner 'bin_cwb_nb' on task 'spam' succeeded to fit a model {learner: <LearnerClassifCompboost/LearnerClassif/Learner/R6>, result: <list>, messages: }
DEBUG [19:18:17.947] [mlr3]  Skip subsetting of task 'spam' 
DEBUG [19:18:17.951] [mlr3]  Calling train method of Learner 'bin_cwb_nb' on task 'spam' with 3680 observations {learner: <LearnerClassifCompboost/LearnerClassif/Learner/R6>}
   1/5000   risk = 0.64  time = 2   
 125/5000   risk = 0.23  time = 1034316   
 250/5000   risk = 0.2  time = 2010067   
 375/5000   risk = 0.18  time = 3074898   
 500/5000   risk = 0.17  time = 4141465   
 625/5000   risk = 0.17  time = 5160043   
 750/5000   risk = 0.16  time = 6222940   
 875/5000   risk = 0.16  time = 7306798   
1000/5000   risk = 0.16  time = 8346910   
1125/5000   risk = 0.15  time = 9362860   
1250/5000   risk = 0.15  time = 10467460   
1375/5000   risk = 0.15  time = 11567435   
1500/5000   risk = 0.15  time = 12645259   
1625/5000   risk = 0.14  time = 13674249   
1750/5000   risk = 0.14  time = 14765275   
1875/5000   risk = 0.14  time = 15864292   
2000/5000   risk = 0.14  time = 16867105   
2125/5000   risk = 0.14  time = 17947855   
2250/5000   risk = 0.14  time = 19008699   
2375/5000   risk = 0.13  time = 20114721   
2500/5000   risk = 0.13  time = 21217919   
2625/5000   risk = 0.13  time = 22289889   
2750/5000   risk = 0.13  time = 23379833   
2875/5000   risk = 0.13  time = 24459271   
3000/5000   risk = 0.13  time = 25531552   
3125/5000   risk = 0.13  time = 26688005   
3250/5000   risk = 0.13  time = 27763904   
3375/5000   risk = 0.13  time = 28810904   
3500/5000   risk = 0.13  time = 29971191   
3625/5000   risk = 0.12  time = 31118295   
3750/5000   risk = 0.12  time = 32298380   
3875/5000   risk = 0.12  time = 33500043   
4000/5000   risk = 0.12  time = 34643079   
4125/5000   risk = 0.12  time = 35729867   
4250/5000   risk = 0.12  time = 36784144   
4375/5000   risk = 0.12  time = 37997459   
4500/5000   risk = 0.12  time = 39064586   
4625/5000   risk = 0.12  time = 40097911   
4750/5000   risk = 0.12  time = 41205325   
4875/5000   risk = 0.12  time = 42357074   
5000/5000   risk = 0.12  time = 43467039   


Train 5000 iterations in 43 Seconds.
Final risk based on the train set: 0.12

DEBUG [19:19:03.896] [mlr3]  Learner 'bin_cwb_nb' on task 'spam' succeeded to fit a model {learner: <LearnerClassifCompboost/LearnerClassif/Learner/R6>, result: <list>, messages: }

### [bt]: Job terminated successfully [batchtools job.id=1]
### [bt]: Calculation finished!
