### [bt]: This is batchtools v0.9.15
### [bt]: Starting calculation of 1 jobs
### [bt]: Setting working directory to '/home/user/repos/cacb-batchtools/eq1'
[2021-07-19] Loading new learner
[2021-07-19 17:56:05] Loading tasks
[2021-07-19 17:56:08] Loading resampling
### [bt]: Memory measurement disabled
### [bt]: Starting job [batchtools job.id=12]
### [bt]: Generating problem instance for problem 'spam-fold3' ...
### [bt]: Applying algorithm 'evaluate-learner' on problem 'spam-fold3' for job 12 (seed = 31427) ...
DEBUG [17:56:09.100] [mlr3]  Skip subsetting of task 'spam' 
DEBUG [17:56:09.102] [mlr3]  Calling train method of Learner 'removeconstants_before.imputemedian_num.imputemode_fct.collapsefactors.removeconstants_after.bin_cwb_b' on task 'spam' with 3680 observations {learner: <GraphLearner/Learner/R6>}
DEBUG [17:56:09.151] Running PipeOp 'removeconstants_before$train()' {pipeop: <PipeOpRemoveConstants/PipeOpTaskPreprocSimple/PipeOpTaskPreproc/PipeOp/R6>, input: <list>}
DEBUG [17:56:09.193] Running PipeOp 'imputemedian_num$train()' {pipeop: <PipeOpImputeMedian/PipeOpImpute/PipeOp/R6>, input: <list>}
DEBUG [17:56:09.361] Running PipeOp 'imputemode_fct$train()' {pipeop: <PipeOpImputeMode/PipeOpImpute/PipeOp/R6>, input: <list>}
DEBUG [17:56:09.377] Running PipeOp 'collapsefactors$train()' {pipeop: <PipeOpCollapseFactors/PipeOpTaskPreprocSimple/PipeOpTaskPreproc/PipeOp/R6>, input: <list>}
DEBUG [17:56:09.391] Running PipeOp 'removeconstants_after$train()' {pipeop: <PipeOpRemoveConstants/PipeOpTaskPreprocSimple/PipeOpTaskPreproc/PipeOp/R6>, input: <list>}
DEBUG [17:56:09.428] Running PipeOp 'bin_cwb_b$train()' {pipeop: <PipeOpLearner/PipeOp/R6>, input: <list>}
DEBUG [17:56:09.435] [mlr3]  Skip subsetting of task 'spam' 
DEBUG [17:56:09.437] [mlr3]  Calling train method of Learner 'bin_cwb_b' on task 'spam' with 3680 observations {learner: <LearnerClassifCompboost/LearnerClassif/Learner/R6>}
INFO  [17:56:09.446] [mlr3]  [LGCOMPBOOST] Running compboost with df 20.000000 and df_cat 1.000000 
   1/5000   risk = 0.64  time = 2   
 125/5000   risk = 0.24  time = 1005610   
 250/5000   risk = 0.2  time = 2044155   
 375/5000   risk = 0.19  time = 3157888   
 500/5000   risk = 0.18  time = 4270557   
 625/5000   risk = 0.17  time = 5421304   
 750/5000   risk = 0.16  time = 6478609   
 875/5000   risk = 0.16  time = 7609777   
1000/5000   risk = 0.16  time = 8648967   
1125/5000   risk = 0.15  time = 9660646   
1250/5000   risk = 0.15  time = 10711511   
1375/5000   risk = 0.15  time = 11787592   
1500/5000   risk = 0.14  time = 12786357   
1625/5000   risk = 0.14  time = 13874347   
1750/5000   risk = 0.14  time = 14939534   
1875/5000   risk = 0.14  time = 15962176   
2000/5000   risk = 0.14  time = 16941316   
2125/5000   risk = 0.13  time = 17970647   
2250/5000   risk = 0.13  time = 19035890   
2375/5000   risk = 0.13  time = 20140650   
2500/5000   risk = 0.13  time = 21355680   
2625/5000   risk = 0.13  time = 22452034   
2750/5000   risk = 0.13  time = 23559809   
2875/5000   risk = 0.13  time = 24608650   
3000/5000   risk = 0.13  time = 25670782   
3125/5000   risk = 0.13  time = 26717916   
3250/5000   risk = 0.12  time = 27731697   
3375/5000   risk = 0.12  time = 28815731   
3500/5000   risk = 0.12  time = 29908486   
3625/5000   risk = 0.12  time = 30950048   
3750/5000   risk = 0.12  time = 32004053   
3875/5000   risk = 0.12  time = 33072256   
4000/5000   risk = 0.12  time = 34112161   
4125/5000   risk = 0.12  time = 35182035   
4250/5000   risk = 0.12  time = 36270133   
4375/5000   risk = 0.12  time = 37302859   
4500/5000   risk = 0.12  time = 38398956   
4625/5000   risk = 0.12  time = 39456516   
4750/5000   risk = 0.12  time = 40497049   
4875/5000   risk = 0.11  time = 41583688   
5000/5000   risk = 0.11  time = 42642871   


Train 5000 iterations in 42 Seconds.
Final risk based on the train set: 0.11

INFO  [17:57:02.687] [mlr3]  [LGCOMPBOOST] iterations:'stop_cwb',5000,'stop_acwb',NA,'stop_hcwb',NA 
INFO  [17:57:02.694] [mlr3]  [LGCOMPBOOST] risk_inbag:'risk_intercept',0.670513,'risk_cwb',0.114240,'risk_acwb',NA,'risk_hcwb',NA 
INFO  [17:57:02.699] [mlr3]  [LGCOMPBOOST] risk_oob:'risk_intercept_oob',NA,'risk_cwb_oob',NA,'risk_acwb_oob',NA,'risk_hcwb_oob',NA 
DEBUG [17:57:02.711] [mlr3]  Learner 'bin_cwb_b' on task 'spam' succeeded to fit a model {learner: <LearnerClassifCompboost/LearnerClassif/Learner/R6>, result: <list>, messages: }
DEBUG [17:57:02.732] [mlr3]  Learner 'removeconstants_before.imputemedian_num.imputemode_fct.collapsefactors.removeconstants_after.bin_cwb_b' on task 'spam' succeeded to fit a model {learner: <GraphLearner/Learner/R6>, result: <list>, messages: }
[2021-07-19 17:57:07] (1/1250) Processing iter 4
Error in self$model$setToIteration(iteration, trace) : 
  addition: incompatible matrix dimensions: 3680x1 and 60x1

### [bt]: Job terminated with an exception [batchtools job.id=12]
### [bt]: Calculation finished!
