### [bt]: This is batchtools v0.9.15
### [bt]: Starting calculation of 1 jobs
### [bt]: Setting working directory to '/home/user/repos/cacb-batchtools/eq1'
[2021-07-29 00:30:15] Loading new learner
[2021-07-29 00:30:15] Loading tasks
[2021-07-29 00:30:18] Loading resampling
### [bt]: Memory measurement disabled
### [bt]: Starting job [batchtools job.id=111]
### [bt]: Generating problem instance for problem '9977-fold3' ...
### [bt]: Applying algorithm 'evaluate-learner' on problem '9977-fold3' for job 111 (seed = 31526) ...
DEBUG [00:30:18.996] [mlr3]  Skip subsetting of task 'Task 9977: nomao (Supervised Classification)' 
DEBUG [00:30:19.000] [mlr3]  Calling train method of Learner 'acc_acwb' on task 'Task 9977: nomao (Supervised Classification)' with 27572 observations {learner: <LearnerClassifCompboost/LearnerClassif/Learner/R6>}
   1/5000   risk = 0.56  riskauc = 0.89   time = 2   
 125/5000   risk = 0.21  riskauc = 0.97   time = 7602447   
 250/5000   risk = 0.14  riskauc = 0.98   time = 15374256   
 375/5000   risk = 0.12  riskauc = 0.99   time = 22942488   
 500/5000   risk = 0.11  riskauc = 0.99   time = 30065901   
 625/5000   risk = 0.11  riskauc = 0.99   time = 36918254   
 750/5000   risk = 0.11  riskauc = 0.99   time = 43722776   
 875/5000   risk = 0.1  riskauc = 0.99   time = 50367863   
1000/5000   risk = 0.1  riskauc = 0.99   time = 56916585   
1125/5000   risk = 0.1  riskauc = 0.99   time = 63901009   
1250/5000   risk = 0.1  riskauc = 0.99   time = 70522694   
1375/5000   risk = 0.11  riskauc = 0.99   time = 77027851   
1500/5000   risk = 0.11  riskauc = 0.99   time = 83525145   
1625/5000   risk = 0.11  riskauc = 0.99   time = 89999627   
1750/5000   risk = 0.11  riskauc = 0.99   time = 96495577   
1875/5000   risk = 0.11  riskauc = 0.99   time = 104438119   
2000/5000   risk = 0.11  riskauc = 0.99   time = 111023401   
2125/5000   risk = 0.11  riskauc = 0.99   time = 117493852   
2250/5000   risk = 0.11  riskauc = 0.99   time = 123980321   
2375/5000   risk = 0.11  riskauc = 0.99   time = 130410157   
2500/5000   risk = 0.11  riskauc = 0.99   time = 136834158   
2625/5000   risk = 0.11  riskauc = 0.99   time = 143198740   
2750/5000   risk = 0.12  riskauc = 0.99   time = 149518968   
2875/5000   risk = 0.12  riskauc = 0.99   time = 155984856   
3000/5000   risk = 0.12  riskauc = 0.99   time = 162357646   
3125/5000   risk = 0.12  riskauc = 0.99   time = 168821790   
3250/5000   risk = 0.13  riskauc = 0.99   time = 175141545   
3375/5000   risk = 0.13  riskauc = 0.99   time = 181526815   
3500/5000   risk = 0.13  riskauc = 0.99   time = 188022327   
3625/5000   risk = 0.14  riskauc = 0.99   time = 194535751   
3750/5000   risk = 0.14  riskauc = 0.99   time = 200827649   
3875/5000   risk = 0.15  riskauc = 0.99   time = 207239337   
4000/5000   risk = 0.15  riskauc = 0.99   time = 213469137   
4125/5000   risk = 0.16  riskauc = 0.99   time = 220227323   
4250/5000   risk = 0.17  riskauc = 0.99   time = 226816615   
4375/5000   risk = 0.18  riskauc = 0.99   time = 233423362   
4500/5000   risk = 0.19  riskauc = 0.99   time = 239916829   
4625/5000   risk = 0.2  riskauc = 0.98   time = 246463890   
4750/5000   risk = 0.21  riskauc = 0.98   time = 253124989   
4875/5000   risk = 0.22  riskauc = 0.98   time = 259831070   
5000/5000   risk = 0.24  riskauc = 0.98   time = 266519481   


Train 5000 iterations in 266 Seconds.
Final risk based on the train set: 0.24

DEBUG [00:34:49.780] [mlr3]  Learner 'acc_acwb' on task 'Task 9977: nomao (Supervised Classification)' succeeded to fit a model {learner: <LearnerClassifCompboost/LearnerClassif/Learner/R6>, result: <list>, messages: }
DEBUG [00:34:49.794] [mlr3]  Skip subsetting of task 'Task 9977: nomao (Supervised Classification)' 
DEBUG [00:34:49.798] [mlr3]  Calling train method of Learner 'acc_acwb' on task 'Task 9977: nomao (Supervised Classification)' with 27572 observations {learner: <LearnerClassifCompboost/LearnerClassif/Learner/R6>}
   1/5000   risk = 0.56  time = 2   
 125/5000   risk = 0.21  time = 6016007   
 250/5000   risk = 0.14  time = 12214047   
 375/5000   risk = 0.12  time = 18330650   
 500/5000   risk = 0.11  time = 24446028   
 625/5000   risk = 0.11  time = 30745432   
 750/5000   risk = 0.11  time = 36992183   
 875/5000   risk = 0.1  time = 43312654   
1000/5000   risk = 0.1  time = 49805139   
1125/5000   risk = 0.1  time = 56289925   
1250/5000   risk = 0.1  time = 62676054   
1375/5000   risk = 0.11  time = 69086190   
1500/5000   risk = 0.11  time = 75480975   
1625/5000   risk = 0.11  time = 81867032   
1750/5000   risk = 0.11  time = 88252904   
1875/5000   risk = 0.11  time = 94639688   
2000/5000   risk = 0.11  time = 101036575   
2125/5000   risk = 0.11  time = 107394182   
2250/5000   risk = 0.11  time = 113710909   
2375/5000   risk = 0.11  time = 120132234   
2500/5000   risk = 0.11  time = 126512713   
2625/5000   risk = 0.11  time = 132883571   
2750/5000   risk = 0.12  time = 139272302   
2875/5000   risk = 0.12  time = 145668080   
3000/5000   risk = 0.12  time = 152287926   
3125/5000   risk = 0.12  time = 158866571   
3250/5000   risk = 0.13  time = 165428614   
3375/5000   risk = 0.13  time = 172039302   
3500/5000   risk = 0.13  time = 178604827   
3625/5000   risk = 0.14  time = 185135560   
3750/5000   risk = 0.14  time = 191748676   
3875/5000   risk = 0.15  time = 198643406   
4000/5000   risk = 0.15  time = 205572119   
4125/5000   risk = 0.16  time = 212461337   
4250/5000   risk = 0.17  time = 219366679   
4375/5000   risk = 0.18  time = 226414431   
4500/5000   risk = 0.19  time = 233538986   
4625/5000   risk = 0.2  time = 240685583   
4750/5000   risk = 0.21  time = 247868018   
4875/5000   risk = 0.22  time = 255062137   
5000/5000   risk = 0.24  time = 262293487   


Train 5000 iterations in 262 Seconds.
Final risk based on the train set: 0.24

DEBUG [00:39:16.080] [mlr3]  Learner 'acc_acwb' on task 'Task 9977: nomao (Supervised Classification)' succeeded to fit a model {learner: <LearnerClassifCompboost/LearnerClassif/Learner/R6>, result: <list>, messages: }

### [bt]: Job terminated successfully [batchtools job.id=111]
### [bt]: Calculation finished!
