### [bt]: This is batchtools v0.9.15
### [bt]: Starting calculation of 1 jobs
### [bt]: Setting working directory to '/home/user/repos/cacb-batchtools/eq1'
[2021-07-25 21:39:44] Loading new learner
[2021-07-25 21:39:44] Loading tasks
[2021-07-25 21:39:47] Loading resampling
### [bt]: Memory measurement disabled
### [bt]: Starting job [batchtools job.id=53]
### [bt]: Generating problem instance for problem '168335-fold1' ...
### [bt]: Applying algorithm 'evaluate-learner' on problem '168335-fold1' for job 53 (seed = 31468) ...
DEBUG [21:39:49.695] [mlr3]  Skip subsetting of task 'Task 168335: MiniBooNE (Supervised Classification)' 
DEBUG [21:39:49.698] [mlr3]  Calling train method of Learner 'acc_cwb' on task 'Task 168335: MiniBooNE (Supervised Classification)' with 104051 observations {learner: <LearnerClassifCompboost/LearnerClassif/Learner/R6>}
INFO  [21:39:49.707] [mlr3]  [LGCOMPBOOST] Running compboost with df 20.000000 and df_cat 1.000000 
   1/5000   risk = 0.59  riskauc = 0.84   time = 3   
 125/5000   risk = 0.39  riskauc = 0.92   time = 9211788   
 250/5000   risk = 0.32  riskauc = 0.94   time = 18493099   
 375/5000   risk = 0.29  riskauc = 0.94   time = 27672492   
 500/5000   risk = 0.28  riskauc = 0.95   time = 36638225   
 625/5000   risk = 0.27  riskauc = 0.95   time = 45755009   
 750/5000   risk = 0.26  riskauc = 0.95   time = 54434767   
 875/5000   risk = 0.26  riskauc = 0.95   time = 63082446   
1000/5000   risk = 0.26  riskauc = 0.95   time = 71463875   
1125/5000   risk = 0.26  riskauc = 0.95   time = 79582752   
1250/5000   risk = 0.26  riskauc = 0.95   time = 88140109   
1375/5000   risk = 0.26  riskauc = 0.95   time = 96230609   
1500/5000   risk = 0.26  riskauc = 0.95   time = 104591981   
1625/5000   risk = 0.25  riskauc = 0.95   time = 112803707   
1750/5000   risk = 0.25  riskauc = 0.96   time = 120959166   
1875/5000   risk = 0.25  riskauc = 0.96   time = 129401248   
