### [bt]: This is batchtools v0.9.15
### [bt]: Starting calculation of 1 jobs
### [bt]: Setting working directory to '/home/user/repos/cacb-batchtools/eq1'
[2021-07-26 00:42:18] Loading new learner
[2021-07-26 00:42:18] Loading tasks
[2021-07-26 00:42:21] Loading resampling
### [bt]: Memory measurement disabled
### [bt]: Starting job [batchtools job.id=26]
### [bt]: Generating problem instance for problem '7592-fold1' ...
### [bt]: Applying algorithm 'evaluate-learner' on problem '7592-fold1' for job 26 (seed = 31441) ...
DEBUG [00:42:22.459] [mlr3]  Skip subsetting of task 'Task 7592: adult (Supervised Classification)' 
DEBUG [00:42:22.462] [mlr3]  Calling train method of Learner 'bin_cwb_nb' on task 'Task 7592: adult (Supervised Classification)' with 39073 observations {learner: <LearnerClassifCompboost/LearnerClassif/Learner/R6>}
Warning in get_private(learner)$.train(task) :
  Number of cores 30 exceeds number of features 14. The number of cores are set to 14!
INFO  [00:42:22.962] [mlr3]  [LGCOMPBOOST] Running compboost with df 5.000000 and df_cat 2.000000 
   1/5000   risk = 0.54  riskauc = 0.79   time = 2   
 125/5000   risk = 0.35  riskauc = 0.9   time = 1545711   
 250/5000   risk = 0.34  riskauc = 0.91   time = 3008922   
 375/5000   risk = 0.34  riskauc = 0.91   time = 4519470   
 500/5000   risk = 0.35  riskauc = 0.91   time = 6082305   
 625/5000   risk = 0.35  riskauc = 0.91   time = 7720122   
 750/5000   risk = 0.35  riskauc = 0.91   time = 9117564   
 875/5000   risk = 0.35  riskauc = 0.91   time = 10485734   
1000/5000   risk = 0.35  riskauc = 0.91   time = 11795750   
1125/5000   risk = 0.35  riskauc = 0.91   time = 13263556   
1250/5000   risk = 0.35  riskauc = 0.91   time = 14679368   
1375/5000   risk = 0.35  riskauc = 0.91   time = 16140261   
1500/5000   risk = 0.35  riskauc = 0.91   time = 17595358   
1625/5000   risk = 0.35  riskauc = 0.91   time = 19143219   
1750/5000   risk = 0.36  riskauc = 0.91   time = 20711884   
1875/5000   risk = 0.36  riskauc = 0.91   time = 22217012   
2000/5000   risk = 0.36  riskauc = 0.91   time = 23706982   
2125/5000   risk = 0.36  riskauc = 0.91   time = 25206934   
2250/5000   risk = 0.36  riskauc = 0.91   time = 26682313   
2375/5000   risk = 0.36  riskauc = 0.91   time = 28245348   
2500/5000   risk = 0.36  riskauc = 0.91   time = 29810983   
2625/5000   risk = 0.36  riskauc = 0.91   time = 31174882   
2750/5000   risk = 0.36  riskauc = 0.91   time = 32518353   
2875/5000   risk = 0.36  riskauc = 0.91   time = 33871298   
3000/5000   risk = 0.36  riskauc = 0.91   time = 35476331   
3125/5000   risk = 0.36  riskauc = 0.91   time = 36796024   
3250/5000   risk = 0.36  riskauc = 0.91   time = 38128566   
3375/5000   risk = 0.36  riskauc = 0.91   time = 39547902   
3500/5000   risk = 0.36  riskauc = 0.91   time = 41157636   
3625/5000   risk = 0.36  riskauc = 0.91   time = 42578176   
3750/5000   risk = 0.36  riskauc = 0.91   time = 43985440   
3875/5000   risk = 0.36  riskauc = 0.91   time = 45464326   
4000/5000   risk = 0.36  riskauc = 0.91   time = 47052940   
4125/5000   risk = 0.36  riskauc = 0.91   time = 48709504   
4250/5000   risk = 0.36  riskauc = 0.91   time = 50199669   
4375/5000   risk = 0.36  riskauc = 0.91   time = 51665317   
4500/5000   risk = 0.36  riskauc = 0.91   time = 53179549   
4625/5000   risk = 0.36  riskauc = 0.91   time = 54742120   
4750/5000   risk = 0.36  riskauc = 0.91   time = 56258216   
4875/5000   risk = 0.36  riskauc = 0.91   time = 57669318   
5000/5000   risk = 0.36  riskauc = 0.91   time = 59076402   


Train 5000 iterations in 59 Seconds.
Final risk based on the train set: 0.36

INFO  [00:43:30.367] [mlr3]  [LGCOMPBOOST] iterations:'stop_cwb',5000,'stop_acwb',NA,'stop_hcwb',NA 
INFO  [00:43:30.371] [mlr3]  [LGCOMPBOOST] risk_inbag:'risk_intercept',0.550237,'risk_cwb',0.357680,'risk_acwb',NA,'risk_hcwb',NA 
INFO  [00:43:30.373] [mlr3]  [LGCOMPBOOST] risk_oob:'risk_intercept_oob',NA,'risk_cwb_oob',NA,'risk_acwb_oob',NA,'risk_hcwb_oob',NA 
DEBUG [00:43:30.380] [mlr3]  Learner 'bin_cwb_nb' on task 'Task 7592: adult (Supervised Classification)' succeeded to fit a model {learner: <LearnerClassifCompboost/LearnerClassif/Learner/R6>, result: <list>, messages: }
DEBUG [00:43:30.397] [mlr3]  Skip subsetting of task 'Task 7592: adult (Supervised Classification)' 
DEBUG [00:43:30.401] [mlr3]  Calling train method of Learner 'bin_cwb_nb' on task 'Task 7592: adult (Supervised Classification)' with 39073 observations {learner: <LearnerClassifCompboost/LearnerClassif/Learner/R6>}
Warning in get_private(learner)$.train(task) :
  Number of cores 30 exceeds number of features 14. The number of cores are set to 14!
INFO  [00:43:30.498] [mlr3]  [LGCOMPBOOST] Running compboost with df 5.000000 and df_cat 2.000000 
   1/5000   risk = 0.54  time = 3   
 125/5000   risk = 0.35  time = 807715   
 250/5000   risk = 0.34  time = 1537168   
 375/5000   risk = 0.34  time = 2256039   
 500/5000   risk = 0.35  time = 2955670   
 625/5000   risk = 0.35  time = 3663973   
 750/5000   risk = 0.35  time = 4372796   
 875/5000   risk = 0.35  time = 5099024   
1000/5000   risk = 0.35  time = 5831444   
1125/5000   risk = 0.35  time = 6538979   
1250/5000   risk = 0.35  time = 7258451   
1375/5000   risk = 0.35  time = 8008339   
1500/5000   risk = 0.35  time = 8721407   
1625/5000   risk = 0.35  time = 9457053   
1750/5000   risk = 0.36  time = 10182615   
1875/5000   risk = 0.36  time = 10905235   
2000/5000   risk = 0.36  time = 11643647   
2125/5000   risk = 0.36  time = 12378541   
2250/5000   risk = 0.36  time = 13141034   
2375/5000   risk = 0.36  time = 13879778   
2500/5000   risk = 0.36  time = 14627389   
2625/5000   risk = 0.36  time = 15604793   
2750/5000   risk = 0.36  time = 16639544   
2875/5000   risk = 0.36  time = 17667315   
3000/5000   risk = 0.36  time = 18689483   
3125/5000   risk = 0.36  time = 19695601   
3250/5000   risk = 0.36  time = 20701188   
3375/5000   risk = 0.36  time = 21482942   
3500/5000   risk = 0.36  time = 22238503   
3625/5000   risk = 0.36  time = 22994975   
3750/5000   risk = 0.36  time = 23753291   
3875/5000   risk = 0.36  time = 24529403   
4000/5000   risk = 0.36  time = 25321001   
4125/5000   risk = 0.36  time = 26118379   
4250/5000   risk = 0.36  time = 26922974   
4375/5000   risk = 0.36  time = 27702730   
4500/5000   risk = 0.36  time = 28485968   
4625/5000   risk = 0.36  time = 29270559   
4750/5000   risk = 0.36  time = 30072937   
4875/5000   risk = 0.36  time = 30899001   
5000/5000   risk = 0.36  time = 31703303   


Train 5000 iterations in 31 Seconds.
Final risk based on the train set: 0.36

INFO  [00:44:09.878] [mlr3]  [LGCOMPBOOST] iterations:'stop_cwb',5000,'stop_acwb',NA,'stop_hcwb',NA 
INFO  [00:44:09.882] [mlr3]  [LGCOMPBOOST] risk_inbag:'risk_intercept',0.550237,'risk_cwb',0.357680,'risk_acwb',NA,'risk_hcwb',NA 
INFO  [00:44:09.885] [mlr3]  [LGCOMPBOOST] risk_oob:'risk_intercept_oob',NA,'risk_cwb_oob',NA,'risk_acwb_oob',NA,'risk_hcwb_oob',NA 
DEBUG [00:44:09.892] [mlr3]  Learner 'bin_cwb_nb' on task 'Task 7592: adult (Supervised Classification)' succeeded to fit a model {learner: <LearnerClassifCompboost/LearnerClassif/Learner/R6>, result: <list>, messages: }

### [bt]: Job terminated successfully [batchtools job.id=26]
### [bt]: Calculation finished!
