### [bt]: This is batchtools v0.9.15
### [bt]: Starting calculation of 1 jobs
### [bt]: Setting working directory to '/home/user/repos/cacb-batchtools/eq1'
[2021-07-28 21:50:38] Loading new learner
[2021-07-28 21:50:38] Loading tasks
[2021-07-28 21:50:40] Loading resampling
### [bt]: Memory measurement disabled
### [bt]: Starting job [batchtools job.id=87]
### [bt]: Generating problem instance for problem '168908-fold2' ...
### [bt]: Applying algorithm 'evaluate-learner' on problem '168908-fold2' for job 87 (seed = 31502) ...
DEBUG [21:50:42.089] [mlr3]  Skip subsetting of task 'Task 168908: christine (Supervised Classification)' 
DEBUG [21:50:42.093] [mlr3]  Calling train method of Learner 'acc_acwb' on task 'Task 168908: christine (Supervised Classification)' with 4334 observations {learner: <LearnerClassifCompboost/LearnerClassif/Learner/R6>}
   1/5000   risk = 0.68  riskauc = 0.71   time = 2   
 125/5000   risk = 0.52  riskauc = 0.79   time = 7595841   
 250/5000   risk = 0.42  riskauc = 0.81   time = 15554855   
 375/5000   risk = 0.31  riskauc = 0.79   time = 23539040   
 500/5000   risk = 0.24  riskauc = 0.75   time = 31410408   
 625/5000   risk = 0.18  riskauc = 0.73   time = 39551523   
 750/5000   risk = 0.14  riskauc = 0.72   time = 47702595   
 875/5000   risk = 0.11  riskauc = 0.71   time = 55996406   
1000/5000   risk = 0.093  riskauc = 0.71   time = 64278418   
1125/5000   risk = 0.067  riskauc = 0.7   time = 72634420   
1250/5000   risk = 0.054  riskauc = 0.69   time = 81002803   
1375/5000   risk = 0.046  riskauc = 0.68   time = 89306061   
1500/5000   risk = 0.04  riskauc = 0.68   time = 97755761   
1625/5000   risk = 0.036  riskauc = 0.67   time = 106083937   
1750/5000   risk = 0.027  riskauc = 0.67   time = 114430237   
1875/5000   risk = 0.019  riskauc = 0.67   time = 122769665   
2000/5000   risk = 0.016  riskauc = 0.66   time = 131101091   
2125/5000   risk = 0.012  riskauc = 0.66   time = 139550370   
2250/5000   risk = 0.0087  riskauc = 0.66   time = 147984083   
2375/5000   risk = 0.0065  riskauc = 0.67   time = 156495519   
2500/5000   risk = 0.0055  riskauc = 0.67   time = 164935161   
2625/5000   risk = 0.0053  riskauc = 0.67   time = 173513134   
2750/5000   risk = 0.0036  riskauc = 0.67   time = 181959811   
2875/5000   risk = 0.0023  riskauc = 0.67   time = 190474965   
3000/5000   risk = 0.0028  riskauc = 0.66   time = 199119440   
3125/5000   risk = 0.0026  riskauc = 0.66   time = 207810562   
3250/5000   risk = 0.0016  riskauc = 0.66   time = 216616862   
3375/5000   risk = 0.0014  riskauc = 0.66   time = 225488790   
3500/5000   risk = 0.00075  riskauc = 0.66   time = 234242230   
3625/5000   risk = 0.00055  riskauc = 0.65   time = 242907945   
3750/5000   risk = 0.00065  riskauc = 0.65   time = 251568616   
3875/5000   risk = 0.00073  riskauc = 0.65   time = 260386173   
4000/5000   risk = 0.00043  riskauc = 0.65   time = 269208754   
4125/5000   risk = 0.00026  riskauc = 0.65   time = 278213079   
4250/5000   risk = 0.00016  riskauc = 0.64   time = 287371827   
4375/5000   risk = 0.00019  riskauc = 0.64   time = 296547365   
4500/5000   risk = 0.00021  riskauc = 0.64   time = 305461579   
4625/5000   risk = 0.00014  riskauc = 0.64   time = 314358949   
4750/5000   risk = 0.0001  riskauc = 0.64   time = 323327993   
4875/5000   risk = 8.6e-05  riskauc = 0.63   time = 332096489   
5000/5000   risk = 5.8e-05  riskauc = 0.63   time = 341004316   


Train 5000 iterations in 341 Seconds.
Final risk based on the train set: 5.8e-05

DEBUG [21:56:35.048] [mlr3]  Learner 'acc_acwb' on task 'Task 168908: christine (Supervised Classification)' succeeded to fit a model {learner: <LearnerClassifCompboost/LearnerClassif/Learner/R6>, result: <list>, messages: }
DEBUG [21:56:35.066] [mlr3]  Skip subsetting of task 'Task 168908: christine (Supervised Classification)' 
DEBUG [21:56:35.071] [mlr3]  Calling train method of Learner 'acc_acwb' on task 'Task 168908: christine (Supervised Classification)' with 4334 observations {learner: <LearnerClassifCompboost/LearnerClassif/Learner/R6>}
   1/5000   risk = 0.68  time = 2   
 125/5000   risk = 0.52  time = 7211282   
 250/5000   risk = 0.42  time = 14715532   
 375/5000   risk = 0.31  time = 22576342   
 500/5000   risk = 0.24  time = 30635408   
 625/5000   risk = 0.18  time = 38560955   
 750/5000   risk = 0.14  time = 46440534   
 875/5000   risk = 0.11  time = 54567555   
1000/5000   risk = 0.093  time = 62766776   
1125/5000   risk = 0.067  time = 70977597   
1250/5000   risk = 0.054  time = 79116926   
1375/5000   risk = 0.046  time = 87017736   
1500/5000   risk = 0.04  time = 95078254   
1625/5000   risk = 0.036  time = 103438487   
1750/5000   risk = 0.027  time = 111588550   
1875/5000   risk = 0.019  time = 119928904   
2000/5000   risk = 0.016  time = 128268250   
2125/5000   risk = 0.012  time = 136567188   
2250/5000   risk = 0.0087  time = 144940178   
2375/5000   risk = 0.0065  time = 153478393   
2500/5000   risk = 0.0055  time = 161940849   
2625/5000   risk = 0.0053  time = 170343845   
2750/5000   risk = 0.0036  time = 178936406   
2875/5000   risk = 0.0023  time = 187391950   
3000/5000   risk = 0.0028  time = 195838763   
3125/5000   risk = 0.0026  time = 204326565   
3250/5000   risk = 0.0016  time = 212758049   
3375/5000   risk = 0.0014  time = 221416174   
3500/5000   risk = 0.00075  time = 229979953   
3625/5000   risk = 0.00055  time = 238631366   
3750/5000   risk = 0.00065  time = 247364206   
3875/5000   risk = 0.00073  time = 255951709   
4000/5000   risk = 0.00043  time = 264653691   
4125/5000   risk = 0.00026  time = 273192893   
4250/5000   risk = 0.00016  time = 281880486   
4375/5000   risk = 0.00019  time = 290602108   
4500/5000   risk = 0.00021  time = 298934127   
4625/5000   risk = 0.00014  time = 307732921   
4750/5000   risk = 0.0001  time = 316376275   
4875/5000   risk = 8.6e-05  time = 325314043   
5000/5000   risk = 5.8e-05  time = 334000472   


Train 5000 iterations in 334 Seconds.
Final risk based on the train set: 5.8e-05

DEBUG [22:02:18.367] [mlr3]  Learner 'acc_acwb' on task 'Task 168908: christine (Supervised Classification)' succeeded to fit a model {learner: <LearnerClassifCompboost/LearnerClassif/Learner/R6>, result: <list>, messages: }

### [bt]: Job terminated successfully [batchtools job.id=87]
### [bt]: Calculation finished!
