### [bt]: This is batchtools v0.9.15
### [bt]: Starting calculation of 1 jobs
### [bt]: Setting working directory to '/home/user/repos/cacb-batchtools/eq1'
[2021-07-26 01:15:04] Loading new learner
[2021-07-26 01:15:04] Loading tasks
[2021-07-26 01:15:07] Loading resampling
### [bt]: Memory measurement disabled
### [bt]: Starting job [batchtools job.id=40]
### [bt]: Generating problem instance for problem '7592-fold3' ...
### [bt]: Applying algorithm 'evaluate-learner' on problem '7592-fold3' for job 40 (seed = 31455) ...
DEBUG [01:15:07.899] [mlr3]  Skip subsetting of task 'Task 7592: adult (Supervised Classification)' 
DEBUG [01:15:07.902] [mlr3]  Calling train method of Learner 'acc_hcwb' on task 'Task 7592: adult (Supervised Classification)' with 39074 observations {learner: <LearnerClassifCompboost/LearnerClassif/Learner/R6>}
Warning in get_private(learner)$.train(task) :
  Number of cores 30 exceeds number of features 14. The number of cores are set to 14!
INFO  [01:15:08.008] [mlr3]  [LGCOMPBOOST] Running compboost with df 5.000000 and df_cat 2.000000 
   1/5000   risk = 0.55  oob_risk = 0.54   riskauc = 0.78   time = 3   
 125/5000   risk = 0.41  oob_risk = 0.4   riskauc = 0.9   time = 2932563   
 250/5000   risk = 0.32  oob_risk = 0.32   riskauc = 0.91   time = 5051771   


Train 309 iterations in 6 Seconds.
Final risk based on the train set: 0.32

   1/4691   risk = 0.32  oob_risk = 0.32   riskauc = 0.91   time = 2   
 117/4691   risk = 0.32  oob_risk = 0.32   riskauc = 0.91   time = 998043   
 234/4691   risk = 0.32  oob_risk = 0.32   riskauc = 0.91   time = 2135414   
 351/4691   risk = 0.33  oob_risk = 0.32   riskauc = 0.91   time = 3276167   
 468/4691   risk = 0.33  oob_risk = 0.33   riskauc = 0.91   time = 4504667   
 585/4691   risk = 0.33  oob_risk = 0.33   riskauc = 0.91   time = 5701870   
 702/4691   risk = 0.33  oob_risk = 0.33   riskauc = 0.91   time = 6903374   
 819/4691   risk = 0.33  oob_risk = 0.33   riskauc = 0.91   time = 8237793   
 936/4691   risk = 0.33  oob_risk = 0.33   riskauc = 0.91   time = 9461216   
1053/4691   risk = 0.33  oob_risk = 0.33   riskauc = 0.91   time = 10666424   
1170/4691   risk = 0.33  oob_risk = 0.33   riskauc = 0.91   time = 12068452   
1287/4691   risk = 0.34  oob_risk = 0.33   riskauc = 0.91   time = 13368446   
1404/4691   risk = 0.34  oob_risk = 0.33   riskauc = 0.91   time = 14675416   
1521/4691   risk = 0.34  oob_risk = 0.33   riskauc = 0.91   time = 16021437   
1638/4691   risk = 0.34  oob_risk = 0.33   riskauc = 0.91   time = 17386981   
1755/4691   risk = 0.34  oob_risk = 0.34   riskauc = 0.91   time = 18713227   
1872/4691   risk = 0.34  oob_risk = 0.34   riskauc = 0.91   time = 20188148   
1989/4691   risk = 0.34  oob_risk = 0.34   riskauc = 0.91   time = 21590200   
2106/4691   risk = 0.34  oob_risk = 0.34   riskauc = 0.91   time = 22884108   
2223/4691   risk = 0.34  oob_risk = 0.34   riskauc = 0.91   time = 24149476   
2340/4691   risk = 0.34  oob_risk = 0.34   riskauc = 0.91   time = 25443975   
2457/4691   risk = 0.34  oob_risk = 0.34   riskauc = 0.91   time = 26705695   
2574/4691   risk = 0.34  oob_risk = 0.34   riskauc = 0.91   time = 27995752   
2691/4691   risk = 0.34  oob_risk = 0.34   riskauc = 0.91   time = 29273932   
2808/4691   risk = 0.34  oob_risk = 0.34   riskauc = 0.91   time = 30559849   
2925/4691   risk = 0.34  oob_risk = 0.34   riskauc = 0.91   time = 31923788   
3042/4691   risk = 0.34  oob_risk = 0.34   riskauc = 0.91   time = 33287243   
3159/4691   risk = 0.34  oob_risk = 0.34   riskauc = 0.91   time = 34744299   
3276/4691   risk = 0.34  oob_risk = 0.34   riskauc = 0.91   time = 36045301   
3393/4691   risk = 0.34  oob_risk = 0.34   riskauc = 0.91   time = 37349589   
3510/4691   risk = 0.34  oob_risk = 0.34   riskauc = 0.91   time = 38630405   
3627/4691   risk = 0.34  oob_risk = 0.34   riskauc = 0.91   time = 39933850   
3744/4691   risk = 0.34  oob_risk = 0.34   riskauc = 0.91   time = 41209791   
3861/4691   risk = 0.35  oob_risk = 0.34   riskauc = 0.91   time = 42835664   
3978/4691   risk = 0.35  oob_risk = 0.34   riskauc = 0.91   time = 44235189   
4095/4691   risk = 0.35  oob_risk = 0.34   riskauc = 0.91   time = 45574206   
4212/4691   risk = 0.35  oob_risk = 0.34   riskauc = 0.91   time = 46908957   
4329/4691   risk = 0.35  oob_risk = 0.34   riskauc = 0.91   time = 48232297   
4446/4691   risk = 0.35  oob_risk = 0.34   riskauc = 0.91   time = 49701259   
4563/4691   risk = 0.35  oob_risk = 0.34   riskauc = 0.91   time = 51151206   
4680/4691   risk = 0.35  oob_risk = 0.34   riskauc = 0.91   time = 52705589   


Train 4691 iterations in 52 Seconds.
Final risk based on the train set: 0.35

INFO  [01:16:07.947] [mlr3]  [LGCOMPBOOST] Completed fitting of restarted compboost model with optimizer nesterov 
INFO  [01:16:12.679] [mlr3]  [LGCOMPBOOST] iterations:'stop_cwb',NA,'stop_acwb',309,'stop_hcwb',4691 
INFO  [01:16:12.682] [mlr3]  [LGCOMPBOOST] risk_inbag:'risk_intercept',0.552027,'risk_cwb',NA,'risk_acwb',0.318607,'risk_hcwb',0.347290 
INFO  [01:16:12.684] [mlr3]  [LGCOMPBOOST] risk_oob:'risk_intercept_oob',0.544562,'risk_cwb_oob',NA,'risk_acwb_oob',0.317798,'risk_hcwb_oob',0.344482 
DEBUG [01:16:12.695] [mlr3]  Learner 'acc_hcwb' on task 'Task 7592: adult (Supervised Classification)' succeeded to fit a model {learner: <LearnerClassifCompboost/LearnerClassif/Learner/R6>, result: <list>, messages: }
DEBUG [01:16:12.722] [mlr3]  Skip subsetting of task 'Task 7592: adult (Supervised Classification)' 
DEBUG [01:16:12.728] [mlr3]  Calling train method of Learner 'acc_hcwb' on task 'Task 7592: adult (Supervised Classification)' with 39074 observations {learner: <LearnerClassifCompboost/LearnerClassif/Learner/R6>}
Warning in get_private(learner)$.train(task) :
  Number of cores 30 exceeds number of features 14. The number of cores are set to 14!
INFO  [01:16:12.834] [mlr3]  [LGCOMPBOOST] Running compboost with df 5.000000 and df_cat 2.000000 
   1/5000   risk = 0.55  oob_risk = 0.54   time = 3   
 125/5000   risk = 0.41  oob_risk = 0.4   time = 1962702   
 250/5000   risk = 0.32  oob_risk = 0.32   time = 3899689   


Train 309 iterations in 4 Seconds.
Final risk based on the train set: 0.32

   1/4691   risk = 0.32  oob_risk = 0.32   time = 3   
 117/4691   risk = 0.32  oob_risk = 0.32   time = 871070   
 234/4691   risk = 0.32  oob_risk = 0.32   time = 1854296   
 351/4691   risk = 0.33  oob_risk = 0.32   time = 2833509   
 468/4691   risk = 0.33  oob_risk = 0.33   time = 3782763   
 585/4691   risk = 0.33  oob_risk = 0.33   time = 4755622   
 702/4691   risk = 0.33  oob_risk = 0.33   time = 5718958   
 819/4691   risk = 0.33  oob_risk = 0.33   time = 6661231   
 936/4691   risk = 0.33  oob_risk = 0.33   time = 7617611   
1053/4691   risk = 0.33  oob_risk = 0.33   time = 8562959   
1170/4691   risk = 0.33  oob_risk = 0.33   time = 9258602   
1287/4691   risk = 0.34  oob_risk = 0.33   time = 9941815   
1404/4691   risk = 0.34  oob_risk = 0.33   time = 10648367   
1521/4691   risk = 0.34  oob_risk = 0.33   time = 11353199   
1638/4691   risk = 0.34  oob_risk = 0.33   time = 12034391   
1755/4691   risk = 0.34  oob_risk = 0.34   time = 12718953   
1872/4691   risk = 0.34  oob_risk = 0.34   time = 13555434   
1989/4691   risk = 0.34  oob_risk = 0.34   time = 14419311   
2106/4691   risk = 0.34  oob_risk = 0.34   time = 15263187   
2223/4691   risk = 0.34  oob_risk = 0.34   time = 16139099   
2340/4691   risk = 0.34  oob_risk = 0.34   time = 17035475   
2457/4691   risk = 0.34  oob_risk = 0.34   time = 17925714   
2574/4691   risk = 0.34  oob_risk = 0.34   time = 18774526   
2691/4691   risk = 0.34  oob_risk = 0.34   time = 19481194   
2808/4691   risk = 0.34  oob_risk = 0.34   time = 20196047   
2925/4691   risk = 0.34  oob_risk = 0.34   time = 20950526   
3042/4691   risk = 0.34  oob_risk = 0.34   time = 21684178   
3159/4691   risk = 0.34  oob_risk = 0.34   time = 22427964   
3276/4691   risk = 0.34  oob_risk = 0.34   time = 23161581   
3393/4691   risk = 0.34  oob_risk = 0.34   time = 23880424   
3510/4691   risk = 0.34  oob_risk = 0.34   time = 24598151   
3627/4691   risk = 0.34  oob_risk = 0.34   time = 25307876   
3744/4691   risk = 0.34  oob_risk = 0.34   time = 26031212   
3861/4691   risk = 0.35  oob_risk = 0.34   time = 26768849   
3978/4691   risk = 0.35  oob_risk = 0.34   time = 27493251   
4095/4691   risk = 0.35  oob_risk = 0.34   time = 28221031   
4212/4691   risk = 0.35  oob_risk = 0.34   time = 28949249   
4329/4691   risk = 0.35  oob_risk = 0.34   time = 29702905   
4446/4691   risk = 0.35  oob_risk = 0.34   time = 30451176   
4563/4691   risk = 0.35  oob_risk = 0.34   time = 31209075   
4680/4691   risk = 0.35  oob_risk = 0.34   time = 31964169   


Train 4691 iterations in 32 Seconds.
Final risk based on the train set: 0.35

INFO  [01:16:50.586] [mlr3]  [LGCOMPBOOST] Completed fitting of restarted compboost model with optimizer nesterov 
INFO  [01:16:55.304] [mlr3]  [LGCOMPBOOST] iterations:'stop_cwb',NA,'stop_acwb',309,'stop_hcwb',4691 
INFO  [01:16:55.307] [mlr3]  [LGCOMPBOOST] risk_inbag:'risk_intercept',0.552027,'risk_cwb',NA,'risk_acwb',0.318607,'risk_hcwb',0.347290 
INFO  [01:16:55.309] [mlr3]  [LGCOMPBOOST] risk_oob:'risk_intercept_oob',0.544562,'risk_cwb_oob',NA,'risk_acwb_oob',0.317798,'risk_hcwb_oob',0.344482 
DEBUG [01:16:55.317] [mlr3]  Learner 'acc_hcwb' on task 'Task 7592: adult (Supervised Classification)' succeeded to fit a model {learner: <LearnerClassifCompboost/LearnerClassif/Learner/R6>, result: <list>, messages: }

### [bt]: Job terminated successfully [batchtools job.id=40]
### [bt]: Calculation finished!
