### [bt]: This is batchtools v0.9.15
### [bt]: Starting calculation of 1 jobs
### [bt]: Setting working directory to '/home/user/repos/cacb-batchtools/eq1'
[2021-07-28 23:33:34] Loading new learner
[2021-07-28 23:33:34] Loading tasks
[2021-07-28 23:33:37] Loading resampling
### [bt]: Memory measurement disabled
### [bt]: Starting job [batchtools job.id=100]
### [bt]: Generating problem instance for problem '168908-fold5' ...
### [bt]: Applying algorithm 'evaluate-learner' on problem '168908-fold5' for job 100 (seed = 31515) ...
DEBUG [23:33:38.217] [mlr3]  Skip subsetting of task 'Task 168908: christine (Supervised Classification)' 
DEBUG [23:33:38.220] [mlr3]  Calling train method of Learner 'acc_hcwb' on task 'Task 168908: christine (Supervised Classification)' with 4336 observations {learner: <LearnerClassifCompboost/LearnerClassif/Learner/R6>}
   1/5000   risk = 0.68  oob_risk = 0.68   riskauc = 0.67   time = 2   


Train 69 iterations in 3 Seconds.
Final risk based on the train set: 0.49

   1/4942   risk = 0.5  oob_risk = 0.54   riskauc = 0.78   time = 2   
 124/4942   risk = 0.52  oob_risk = 0.57   riskauc = 0.78   time = 3366155   
 248/4942   risk = 0.5  oob_risk = 0.58   riskauc = 0.79   time = 6696290   
 372/4942   risk = 0.49  oob_risk = 0.58   riskauc = 0.79   time = 9940287   
 496/4942   risk = 0.48  oob_risk = 0.58   riskauc = 0.79   time = 13095956   
 620/4942   risk = 0.47  oob_risk = 0.59   riskauc = 0.79   time = 16440367   
 744/4942   risk = 0.46  oob_risk = 0.59   riskauc = 0.79   time = 19665585   
 868/4942   risk = 0.45  oob_risk = 0.59   riskauc = 0.79   time = 22904531   
 992/4942   risk = 0.44  oob_risk = 0.59   riskauc = 0.79   time = 26207873   
1116/4942   risk = 0.43  oob_risk = 0.6   riskauc = 0.79   time = 29428585   
1240/4942   risk = 0.42  oob_risk = 0.6   riskauc = 0.79   time = 32721259   
1364/4942   risk = 0.41  oob_risk = 0.6   riskauc = 0.79   time = 35936718   
1488/4942   risk = 0.41  oob_risk = 0.6   riskauc = 0.79   time = 39194212   
1612/4942   risk = 0.4  oob_risk = 0.61   riskauc = 0.79   time = 42404934   
1736/4942   risk = 0.39  oob_risk = 0.61   riskauc = 0.79   time = 45626009   
1860/4942   risk = 0.39  oob_risk = 0.61   riskauc = 0.79   time = 48983071   
1984/4942   risk = 0.38  oob_risk = 0.61   riskauc = 0.79   time = 52128248   
2108/4942   risk = 0.37  oob_risk = 0.62   riskauc = 0.79   time = 55486382   
2232/4942   risk = 0.37  oob_risk = 0.62   riskauc = 0.79   time = 58923740   
2356/4942   risk = 0.36  oob_risk = 0.62   riskauc = 0.79   time = 62335553   
2480/4942   risk = 0.35  oob_risk = 0.63   riskauc = 0.79   time = 65670426   
2604/4942   risk = 0.35  oob_risk = 0.63   riskauc = 0.79   time = 68959305   
2728/4942   risk = 0.34  oob_risk = 0.63   riskauc = 0.79   time = 72218091   
2852/4942   risk = 0.34  oob_risk = 0.63   riskauc = 0.79   time = 75603008   
2976/4942   risk = 0.33  oob_risk = 0.64   riskauc = 0.79   time = 78997127   
3100/4942   risk = 0.33  oob_risk = 0.64   riskauc = 0.79   time = 82399900   
3224/4942   risk = 0.32  oob_risk = 0.64   riskauc = 0.79   time = 85760593   
3348/4942   risk = 0.32  oob_risk = 0.64   riskauc = 0.79   time = 89388004   
3472/4942   risk = 0.32  oob_risk = 0.65   riskauc = 0.79   time = 92648893   
3596/4942   risk = 0.31  oob_risk = 0.65   riskauc = 0.79   time = 96161216   
3720/4942   risk = 0.31  oob_risk = 0.65   riskauc = 0.79   time = 99530729   
3844/4942   risk = 0.3  oob_risk = 0.66   riskauc = 0.79   time = 102857851   
3968/4942   risk = 0.3  oob_risk = 0.66   riskauc = 0.79   time = 106212697   
4092/4942   risk = 0.3  oob_risk = 0.66   riskauc = 0.79   time = 109526755   
4216/4942   risk = 0.29  oob_risk = 0.66   riskauc = 0.79   time = 112920155   
4340/4942   risk = 0.29  oob_risk = 0.67   riskauc = 0.78   time = 116237050   
4464/4942   risk = 0.28  oob_risk = 0.67   riskauc = 0.78   time = 119563790   
4588/4942   risk = 0.28  oob_risk = 0.67   riskauc = 0.78   time = 122877751   
4712/4942   risk = 0.28  oob_risk = 0.67   riskauc = 0.78   time = 126283341   
4836/4942   risk = 0.27  oob_risk = 0.68   riskauc = 0.78   time = 129514522   


Train 4942 iterations in 132 Seconds.
Final risk based on the train set: 0.27

DEBUG [23:36:13.448] [mlr3]  Learner 'acc_hcwb' on task 'Task 168908: christine (Supervised Classification)' succeeded to fit a model {learner: <LearnerClassifCompboost/LearnerClassif/Learner/R6>, result: <list>, messages: }
DEBUG [23:36:13.465] [mlr3]  Skip subsetting of task 'Task 168908: christine (Supervised Classification)' 
DEBUG [23:36:13.469] [mlr3]  Calling train method of Learner 'acc_hcwb' on task 'Task 168908: christine (Supervised Classification)' with 4336 observations {learner: <LearnerClassifCompboost/LearnerClassif/Learner/R6>}
   1/5000   risk = 0.68  oob_risk = 0.68   time = 2   


Train 69 iterations in 3 Seconds.
Final risk based on the train set: 0.49

   1/4942   risk = 0.5  oob_risk = 0.54   time = 2   
 124/4942   risk = 0.52  oob_risk = 0.57   time = 2844809   
 248/4942   risk = 0.5  oob_risk = 0.58   time = 5822785   
 372/4942   risk = 0.49  oob_risk = 0.58   time = 8780490   
 496/4942   risk = 0.48  oob_risk = 0.58   time = 11817498   
 620/4942   risk = 0.47  oob_risk = 0.59   time = 14730608   
 744/4942   risk = 0.46  oob_risk = 0.59   time = 17610566   
 868/4942   risk = 0.45  oob_risk = 0.59   time = 20510017   
 992/4942   risk = 0.44  oob_risk = 0.59   time = 23430506   
1116/4942   risk = 0.43  oob_risk = 0.6   time = 26375862   
1240/4942   risk = 0.42  oob_risk = 0.6   time = 29392322   
1364/4942   risk = 0.41  oob_risk = 0.6   time = 32264639   
1488/4942   risk = 0.41  oob_risk = 0.6   time = 35291423   
1612/4942   risk = 0.4  oob_risk = 0.61   time = 38158204   
1736/4942   risk = 0.39  oob_risk = 0.61   time = 41028463   
1860/4942   risk = 0.39  oob_risk = 0.61   time = 43882220   
1984/4942   risk = 0.38  oob_risk = 0.61   time = 46892813   
2108/4942   risk = 0.37  oob_risk = 0.62   time = 49896971   
2232/4942   risk = 0.37  oob_risk = 0.62   time = 52916493   
2356/4942   risk = 0.36  oob_risk = 0.62   time = 55904692   
2480/4942   risk = 0.35  oob_risk = 0.63   time = 58828232   
2604/4942   risk = 0.35  oob_risk = 0.63   time = 61776600   
2728/4942   risk = 0.34  oob_risk = 0.63   time = 64772326   
2852/4942   risk = 0.34  oob_risk = 0.63   time = 67694607   
2976/4942   risk = 0.33  oob_risk = 0.64   time = 70696318   
3100/4942   risk = 0.33  oob_risk = 0.64   time = 73622130   
3224/4942   risk = 0.32  oob_risk = 0.64   time = 76476087   
3348/4942   risk = 0.32  oob_risk = 0.64   time = 79426466   
3472/4942   risk = 0.32  oob_risk = 0.65   time = 82529132   
3596/4942   risk = 0.31  oob_risk = 0.65   time = 85488737   
3720/4942   risk = 0.31  oob_risk = 0.65   time = 88393011   
3844/4942   risk = 0.3  oob_risk = 0.66   time = 91297231   
3968/4942   risk = 0.3  oob_risk = 0.66   time = 94232532   
4092/4942   risk = 0.3  oob_risk = 0.66   time = 97213669   
4216/4942   risk = 0.29  oob_risk = 0.66   time = 100201364   
4340/4942   risk = 0.29  oob_risk = 0.67   time = 103161376   
4464/4942   risk = 0.28  oob_risk = 0.67   time = 106186841   
4588/4942   risk = 0.28  oob_risk = 0.67   time = 109284296   
4712/4942   risk = 0.28  oob_risk = 0.67   time = 112296268   
4836/4942   risk = 0.27  oob_risk = 0.68   time = 115288105   


Train 4942 iterations in 117 Seconds.
Final risk based on the train set: 0.27

DEBUG [23:38:29.256] [mlr3]  Learner 'acc_hcwb' on task 'Task 168908: christine (Supervised Classification)' succeeded to fit a model {learner: <LearnerClassifCompboost/LearnerClassif/Learner/R6>, result: <list>, messages: }

### [bt]: Job terminated successfully [batchtools job.id=100]
### [bt]: Calculation finished!
