### [bt]: This is batchtools v0.9.15
### [bt]: Starting calculation of 1 jobs
### [bt]: Setting working directory to '/home/user/repos/cacb-batchtools/eq1'
[2021-07-27 19:39:11] Loading new learner
[2021-07-27 19:39:11] Loading tasks
[2021-07-27 19:39:13] Loading resampling
### [bt]: Memory measurement disabled
### [bt]: Starting job [batchtools job.id=12]
### [bt]: Generating problem instance for problem 'spam-fold3' ...
### [bt]: Applying algorithm 'evaluate-learner' on problem 'spam-fold3' for job 12 (seed = 31427) ...
DEBUG [19:39:14.280] [mlr3]  Skip subsetting of task 'spam' 
DEBUG [19:39:14.283] [mlr3]  Calling train method of Learner 'acc_hcwb' on task 'spam' with 3680 observations {learner: <LearnerClassifCompboost/LearnerClassif/Learner/R6>}
   1/5000   risk = 0.64  oob_risk = inf   riskauc = 0.81   time = 2   
 125/5000   risk = 0.099  oob_risk = inf   riskauc = 0.94   time = 1160063   
 250/5000   risk = 0.07  oob_risk = inf   riskauc = 0.92   time = 2858860   
 375/5000   risk = 0.057  oob_risk = inf   riskauc = 0.9   time = 4241189   
 500/5000   risk = 0.052  oob_risk = inf   riskauc = 0.89   time = 5535543   
 625/5000   risk = 0.047  oob_risk = inf   riskauc = 0.88   time = 6867600   
 750/5000   risk = 0.043  oob_risk = inf   riskauc = 0.87   time = 8151257   
 875/5000   risk = 0.043  oob_risk = inf   riskauc = 0.87   time = 9604464   
1000/5000   risk = 0.039  oob_risk = inf   riskauc = 0.87   time = 11112879   
1125/5000   risk = 0.039  oob_risk = inf   riskauc = 0.87   time = 12515896   
1250/5000   risk = 0.042  oob_risk = inf   riskauc = 0.86   time = 13948049   
1375/5000   risk = 0.046  oob_risk = inf   riskauc = 0.86   time = 15321488   
1500/5000   risk = 0.044  oob_risk = inf   riskauc = 0.86   time = 16688662   
1625/5000   risk = 0.067  oob_risk = inf   riskauc = 0.86   time = 18098626   
1750/5000   risk = 0.063  oob_risk = inf   riskauc = 0.86   time = 19636436   
1875/5000   risk = 0.11  oob_risk = inf   riskauc = 0.85   time = 21148552   
2000/5000   risk = 0.1  oob_risk = inf   riskauc = 0.85   time = 22661182   
2125/5000   risk = 0.15  oob_risk = inf   riskauc = 0.85   time = 24161238   
2250/5000   risk = 0.18  oob_risk = inf   riskauc = 0.86   time = 25689143   
2375/5000   risk = 0.26  oob_risk = inf   riskauc = 0.86   time = 27233472   
2500/5000   risk = 0.3  oob_risk = inf   riskauc = 0.86   time = 28809576   
2625/5000   risk = 0.31  oob_risk = inf   riskauc = 0.86   time = 30469972   
2750/5000   risk = 0.45  oob_risk = inf   riskauc = 0.85   time = 31953975   
2875/5000   risk = 0.47  oob_risk = inf   riskauc = 0.85   time = 33465592   
3000/5000   risk = 0.52  oob_risk = inf   riskauc = 0.85   time = 34978899   
3125/5000   risk = 0.72  oob_risk = inf   riskauc = 0.85   time = 36664868   
3250/5000   risk = 0.74  oob_risk = inf   riskauc = 0.84   time = 38475098   
3375/5000   risk = 0.74  oob_risk = inf   riskauc = 0.84   time = 40144542   
3500/5000   risk = 0.83  oob_risk = inf   riskauc = 0.84   time = 41729563   
3625/5000   risk = 1  oob_risk = inf   riskauc = 0.84   time = 43396191   
3750/5000   risk = 1.1  oob_risk = inf   riskauc = 0.83   time = 44973206   
3875/5000   risk = 1.2  oob_risk = inf   riskauc = 0.83   time = 46673603   
4000/5000   risk = 1.2  oob_risk = inf   riskauc = 0.83   time = 48451780   
4125/5000   risk = 1.1  oob_risk = inf   riskauc = 0.83   time = 50127175   
4250/5000   risk = 1.2  oob_risk = inf   riskauc = 0.84   time = 51891065   
4375/5000   risk = 1.3  oob_risk = inf   riskauc = 0.84   time = 53668918   
4500/5000   risk = 1.4  oob_risk = inf   riskauc = 0.83   time = 55460515   
4625/5000   risk = 1.4  oob_risk = inf   riskauc = 0.83   time = 57181986   
4750/5000   risk = 1.4  oob_risk = inf   riskauc = 0.83   time = 58882455   
4875/5000   risk = 1.4  oob_risk = inf   riskauc = 0.83   time = 60603430   
5000/5000   risk = 1.4  oob_risk = inf   riskauc = 0.83   time = 62229782   


Train 5000 iterations in 62 Seconds.
Final risk based on the train set: 1.4

DEBUG [19:40:19.356] [mlr3]  Learner 'acc_hcwb' on task 'spam' succeeded to fit a model {learner: <LearnerClassifCompboost/LearnerClassif/Learner/R6>, result: <list>, messages: }
DEBUG [19:40:19.370] [mlr3]  Skip subsetting of task 'spam' 
DEBUG [19:40:19.374] [mlr3]  Calling train method of Learner 'acc_hcwb' on task 'spam' with 3680 observations {learner: <LearnerClassifCompboost/LearnerClassif/Learner/R6>}
   1/5000   risk = 0.64  oob_risk = inf   time = 2   
 125/5000   risk = 0.099  oob_risk = inf   time = 1354930   
 250/5000   risk = 0.07  oob_risk = inf   time = 2580054   
 375/5000   risk = 0.057  oob_risk = inf   time = 3880048   
 500/5000   risk = 0.052  oob_risk = inf   time = 5161909   
 625/5000   risk = 0.047  oob_risk = inf   time = 6422659   
 750/5000   risk = 0.043  oob_risk = inf   time = 7869438   
 875/5000   risk = 0.043  oob_risk = inf   time = 9162543   
1000/5000   risk = 0.039  oob_risk = inf   time = 10439795   
1125/5000   risk = 0.039  oob_risk = inf   time = 11781968   
1250/5000   risk = 0.042  oob_risk = inf   time = 12976269   
1375/5000   risk = 0.046  oob_risk = inf   time = 14276913   
1500/5000   risk = 0.044  oob_risk = inf   time = 15515636   
1625/5000   risk = 0.067  oob_risk = inf   time = 16961307   
1750/5000   risk = 0.063  oob_risk = inf   time = 18370910   
1875/5000   risk = 0.11  oob_risk = inf   time = 19723625   
2000/5000   risk = 0.1  oob_risk = inf   time = 21214231   
2125/5000   risk = 0.15  oob_risk = inf   time = 22595642   
2250/5000   risk = 0.18  oob_risk = inf   time = 23873982   
2375/5000   risk = 0.26  oob_risk = inf   time = 25293212   
2500/5000   risk = 0.3  oob_risk = inf   time = 26667645   
2625/5000   risk = 0.31  oob_risk = inf   time = 28077495   
2750/5000   risk = 0.45  oob_risk = inf   time = 29588261   
2875/5000   risk = 0.47  oob_risk = inf   time = 31086480   
3000/5000   risk = 0.52  oob_risk = inf   time = 32556928   
3125/5000   risk = 0.72  oob_risk = inf   time = 33965875   
3250/5000   risk = 0.74  oob_risk = inf   time = 35417924   
3375/5000   risk = 0.74  oob_risk = inf   time = 36885964   
3500/5000   risk = 0.83  oob_risk = inf   time = 38269086   
3625/5000   risk = 1  oob_risk = inf   time = 39766930   
3750/5000   risk = 1.1  oob_risk = inf   time = 41223657   
3875/5000   risk = 1.2  oob_risk = inf   time = 42754270   
4000/5000   risk = 1.2  oob_risk = inf   time = 44174789   
4125/5000   risk = 1.1  oob_risk = inf   time = 45688366   
4250/5000   risk = 1.2  oob_risk = inf   time = 47184878   
4375/5000   risk = 1.3  oob_risk = inf   time = 48661824   
4500/5000   risk = 1.4  oob_risk = inf   time = 50053544   
4625/5000   risk = 1.4  oob_risk = inf   time = 51659544   
4750/5000   risk = 1.4  oob_risk = inf   time = 53209516   
4875/5000   risk = 1.4  oob_risk = inf   time = 54766182   
5000/5000   risk = 1.4  oob_risk = inf   time = 56248773   


Train 5000 iterations in 56 Seconds.
Final risk based on the train set: 1.4

DEBUG [19:41:18.244] [mlr3]  Learner 'acc_hcwb' on task 'spam' succeeded to fit a model {learner: <LearnerClassifCompboost/LearnerClassif/Learner/R6>, result: <list>, messages: }

### [bt]: Job terminated successfully [batchtools job.id=12]
### [bt]: Calculation finished!
