### [bt]: This is batchtools v0.9.15
### [bt]: Starting calculation of 1 jobs
### [bt]: Setting working directory to '/home/user/repos/cacb-batchtools/eq1'
[2021-07-26 08:46:54] Loading new learner
[2021-07-26 08:46:54] Loading tasks
[2021-07-26 08:46:57] Loading resampling
### [bt]: Memory measurement disabled
### [bt]: Starting job [batchtools job.id=76]
### [bt]: Generating problem instance for problem '189866-fold1' ...
### [bt]: Applying algorithm 'evaluate-learner' on problem '189866-fold1' for job 76 (seed = 31491) ...
DEBUG [08:47:03.083] [mlr3]  Skip subsetting of task 'Task 189866: albert (Supervised Classification)' 
DEBUG [08:47:03.168] [mlr3]  Calling train method of Learner 'bin_cwb_nb' on task 'Task 189866: albert (Supervised Classification)' with 340192 observations {learner: <LearnerClassifCompboost/LearnerClassif/Learner/R6>}
INFO  [08:47:04.043] [mlr3]  [LGCOMPBOOST] Running compboost with df 5.000000 and df_cat 3.000000 
   1/5000   risk = 0.69  riskauc = 0.64   time = 4   
 125/5000   risk = 0.63  riskauc = 0.71   time = 27435722   
 250/5000   risk = 0.63  riskauc = 0.72   time = 54652317   
 375/5000   risk = 0.63  riskauc = 0.72   time = 82095769   
 500/5000   risk = 0.64  riskauc = 0.73   time = 110963885   
 625/5000   risk = 0.64  riskauc = 0.73   time = 138457504   
 750/5000   risk = 0.64  riskauc = 0.73   time = 166144204   
 875/5000   risk = 0.64  riskauc = 0.73   time = 194109490   
1000/5000   risk = 0.64  riskauc = 0.73   time = 221699606   
1125/5000   risk = 0.64  riskauc = 0.73   time = 249894612   
1250/5000   risk = 0.65  riskauc = 0.73   time = 277841199   
1375/5000   risk = 0.65  riskauc = 0.73   time = 305568835   
1500/5000   risk = 0.65  riskauc = 0.73   time = 332261150   
1625/5000   risk = 0.65  riskauc = 0.73   time = 358357027   
1750/5000   risk = 0.65  riskauc = 0.73   time = 385038835   
1875/5000   risk = 0.65  riskauc = 0.73   time = 411978374   
2000/5000   risk = 0.65  riskauc = 0.73   time = 438630095   
2125/5000   risk = 0.65  riskauc = 0.73   time = 465438667   
2250/5000   risk = 0.65  riskauc = 0.73   time = 492615293   
2375/5000   risk = 0.65  riskauc = 0.73   time = 519163041   
2500/5000   risk = 0.65  riskauc = 0.73   time = 545874785   
2625/5000   risk = 0.65  riskauc = 0.73   time = 572263135   
2750/5000   risk = 0.65  riskauc = 0.73   time = 598475298   
2875/5000   risk = 0.65  riskauc = 0.73   time = 625170473   
3000/5000   risk = 0.65  riskauc = 0.73   time = 651091383   
3125/5000   risk = 0.65  riskauc = 0.73   time = 677466971   
3250/5000   risk = 0.65  riskauc = 0.73   time = 703390370   
3375/5000   risk = 0.65  riskauc = 0.73   time = 729495926   
3500/5000   risk = 0.65  riskauc = 0.73   time = 755728382   
3625/5000   risk = 0.65  riskauc = 0.73   time = 781716600   
3750/5000   risk = 0.65  riskauc = 0.73   time = 807662870   
3875/5000   risk = 0.65  riskauc = 0.73   time = 833428232   
4000/5000   risk = 0.65  riskauc = 0.73   time = 860159696   
4125/5000   risk = 0.65  riskauc = 0.73   time = 886401577   
4250/5000   risk = 0.65  riskauc = 0.73   time = 912565010   
4375/5000   risk = 0.65  riskauc = 0.73   time = 938784130   
4500/5000   risk = 0.65  riskauc = 0.73   time = 965001431   
4625/5000   risk = 0.65  riskauc = 0.73   time = 990960468   
4750/5000   risk = 0.65  riskauc = 0.73   time = 1017352667   
4875/5000   risk = 0.65  riskauc = 0.73   time = 1044041360   
5000/5000   risk = 0.65  riskauc = 0.73   time = 1070626140   


Train 5000 iterations in 1072 Seconds.
Final risk based on the train set: 0.65

INFO  [09:05:14.064] [mlr3]  [LGCOMPBOOST] iterations:'stop_cwb',5000,'stop_acwb',NA,'stop_hcwb',NA 
INFO  [09:05:14.067] [mlr3]  [LGCOMPBOOST] risk_inbag:'risk_intercept',0.693147,'risk_cwb',0.651591,'risk_acwb',NA,'risk_hcwb',NA 
INFO  [09:05:14.069] [mlr3]  [LGCOMPBOOST] risk_oob:'risk_intercept_oob',NA,'risk_cwb_oob',NA,'risk_acwb_oob',NA,'risk_hcwb_oob',NA 
DEBUG [09:05:14.093] [mlr3]  Learner 'bin_cwb_nb' on task 'Task 189866: albert (Supervised Classification)' succeeded to fit a model {learner: <LearnerClassifCompboost/LearnerClassif/Learner/R6>, result: <list>, messages: }
DEBUG [09:05:14.109] [mlr3]  Skip subsetting of task 'Task 189866: albert (Supervised Classification)' 
DEBUG [09:05:14.129] [mlr3]  Calling train method of Learner 'bin_cwb_nb' on task 'Task 189866: albert (Supervised Classification)' with 340192 observations {learner: <LearnerClassifCompboost/LearnerClassif/Learner/R6>}
INFO  [09:05:14.801] [mlr3]  [LGCOMPBOOST] Running compboost with df 5.000000 and df_cat 3.000000 
   1/5000   risk = 0.69  time = 3   
 125/5000   risk = 0.63  time = 24974286   
 250/5000   risk = 0.63  time = 51960262   
 375/5000   risk = 0.63  time = 79452547   
 500/5000   risk = 0.64  time = 105472217   
 625/5000   risk = 0.64  time = 131054869   
 750/5000   risk = 0.64  time = 158006904   
 875/5000   risk = 0.64  time = 185257128   
1000/5000   risk = 0.64  time = 210412771   
1125/5000   risk = 0.64  time = 235835757   
1250/5000   risk = 0.65  time = 262023560   
1375/5000   risk = 0.65  time = 288574161   
1500/5000   risk = 0.65  time = 314356823   
1625/5000   risk = 0.65  time = 340187678   
1750/5000   risk = 0.65  time = 366421532   
1875/5000   risk = 0.65  time = 393916904   
2000/5000   risk = 0.65  time = 421678552   
2125/5000   risk = 0.65  time = 449962970   
2250/5000   risk = 0.65  time = 476759737   
2375/5000   risk = 0.65  time = 503468538   
2500/5000   risk = 0.65  time = 528439100   
2625/5000   risk = 0.65  time = 552817077   
2750/5000   risk = 0.65  time = 578564549   
2875/5000   risk = 0.65  time = 605408461   
3000/5000   risk = 0.65  time = 633141299   
3125/5000   risk = 0.65  time = 660063978   
3250/5000   risk = 0.65  time = 687905273   
3375/5000   risk = 0.65  time = 715885563   
3500/5000   risk = 0.65  time = 742834328   
3625/5000   risk = 0.65  time = 770767417   
3750/5000   risk = 0.65  time = 796503835   
3875/5000   risk = 0.65  time = 821441191   
4000/5000   risk = 0.65  time = 846780984   
4125/5000   risk = 0.65  time = 872245559   
4250/5000   risk = 0.65  time = 897672379   
4375/5000   risk = 0.65  time = 923801842   
4500/5000   risk = 0.65  time = 950251786   
4625/5000   risk = 0.65  time = 977550725   
4750/5000   risk = 0.65  time = 1004586022   
4875/5000   risk = 0.65  time = 1030345253   
5000/5000   risk = 0.65  time = 1056457759   


Train 5000 iterations in 1056 Seconds.
Final risk based on the train set: 0.65

INFO  [09:23:08.120] [mlr3]  [LGCOMPBOOST] iterations:'stop_cwb',5000,'stop_acwb',NA,'stop_hcwb',NA 
INFO  [09:23:08.123] [mlr3]  [LGCOMPBOOST] risk_inbag:'risk_intercept',0.693147,'risk_cwb',0.651591,'risk_acwb',NA,'risk_hcwb',NA 
INFO  [09:23:08.124] [mlr3]  [LGCOMPBOOST] risk_oob:'risk_intercept_oob',NA,'risk_cwb_oob',NA,'risk_acwb_oob',NA,'risk_hcwb_oob',NA 
DEBUG [09:23:08.147] [mlr3]  Learner 'bin_cwb_nb' on task 'Task 189866: albert (Supervised Classification)' succeeded to fit a model {learner: <LearnerClassifCompboost/LearnerClassif/Learner/R6>, result: <list>, messages: }

### [bt]: Job terminated successfully [batchtools job.id=76]
### [bt]: Calculation finished!
