### [bt]: This is batchtools v0.9.15
### [bt]: Starting calculation of 1 jobs
### [bt]: Setting working directory to '/home/user/repos/cacb-batchtools/eq1'
[2021-07-26 20:57:44] Loading new learner
[2021-07-26 20:57:45] Loading tasks
[2021-07-26 20:57:47] Loading resampling
### [bt]: Memory measurement disabled
### [bt]: Starting job [batchtools job.id=96]
### [bt]: Generating problem instance for problem '189866-fold5' ...
### [bt]: Applying algorithm 'evaluate-learner' on problem '189866-fold5' for job 96 (seed = 31511) ...
DEBUG [20:57:52.357] [mlr3]  Skip subsetting of task 'Task 189866: albert (Supervised Classification)' 
DEBUG [20:57:52.377] [mlr3]  Calling train method of Learner 'bin_cwb_nb' on task 'Task 189866: albert (Supervised Classification)' with 340192 observations {learner: <LearnerClassifCompboost/LearnerClassif/Learner/R6>}
INFO  [20:57:53.107] [mlr3]  [LGCOMPBOOST] Running compboost with df 5.000000 and df_cat 3.000000 
   1/5000   risk = 0.69  riskauc = 0.64   time = 2   
 125/5000   risk = 0.63  riskauc = 0.71   time = 26852475   
 250/5000   risk = 0.63  riskauc = 0.72   time = 53099695   
 375/5000   risk = 0.63  riskauc = 0.72   time = 79374305   
 500/5000   risk = 0.64  riskauc = 0.73   time = 104987331   
 625/5000   risk = 0.64  riskauc = 0.73   time = 130994370   
 750/5000   risk = 0.64  riskauc = 0.73   time = 157048689   
 875/5000   risk = 0.64  riskauc = 0.73   time = 184001006   
1000/5000   risk = 0.64  riskauc = 0.73   time = 210626686   
1125/5000   risk = 0.64  riskauc = 0.73   time = 236346508   
1250/5000   risk = 0.65  riskauc = 0.73   time = 262140791   
1375/5000   risk = 0.65  riskauc = 0.73   time = 287986849   
1500/5000   risk = 0.65  riskauc = 0.73   time = 313984456   
1625/5000   risk = 0.65  riskauc = 0.73   time = 339848372   
1750/5000   risk = 0.65  riskauc = 0.73   time = 366475534   
1875/5000   risk = 0.65  riskauc = 0.73   time = 394448239   
2000/5000   risk = 0.65  riskauc = 0.73   time = 420945142   
2125/5000   risk = 0.65  riskauc = 0.73   time = 447311373   
2250/5000   risk = 0.65  riskauc = 0.73   time = 473591595   
2375/5000   risk = 0.65  riskauc = 0.73   time = 499730316   
2500/5000   risk = 0.65  riskauc = 0.73   time = 525928124   
2625/5000   risk = 0.65  riskauc = 0.73   time = 552906904   
2750/5000   risk = 0.65  riskauc = 0.73   time = 580557757   
2875/5000   risk = 0.65  riskauc = 0.73   time = 607310690   
3000/5000   risk = 0.65  riskauc = 0.73   time = 633247814   
3125/5000   risk = 0.65  riskauc = 0.73   time = 659109363   
3250/5000   risk = 0.65  riskauc = 0.73   time = 685147089   
3375/5000   risk = 0.65  riskauc = 0.73   time = 710973531   
3500/5000   risk = 0.65  riskauc = 0.73   time = 736960945   
3625/5000   risk = 0.65  riskauc = 0.73   time = 764293806   
3750/5000   risk = 0.65  riskauc = 0.73   time = 791853641   
3875/5000   risk = 0.65  riskauc = 0.73   time = 818101111   
4000/5000   risk = 0.65  riskauc = 0.73   time = 844095655   
4125/5000   risk = 0.65  riskauc = 0.73   time = 870553105   
4250/5000   risk = 0.65  riskauc = 0.73   time = 896849916   
4375/5000   risk = 0.65  riskauc = 0.73   time = 923001335   
4500/5000   risk = 0.65  riskauc = 0.73   time = 949535029   
4625/5000   risk = 0.65  riskauc = 0.73   time = 977479728   
4750/5000   risk = 0.65  riskauc = 0.73   time = 1004803488   
4875/5000   risk = 0.65  riskauc = 0.73   time = 1031245961   
5000/5000   risk = 0.65  riskauc = 0.73   time = 1057796369   


Train 5000 iterations in 1058 Seconds.
Final risk based on the train set: 0.65

INFO  [21:15:49.073] [mlr3]  [LGCOMPBOOST] iterations:'stop_cwb',5000,'stop_acwb',NA,'stop_hcwb',NA 
INFO  [21:15:49.076] [mlr3]  [LGCOMPBOOST] risk_inbag:'risk_intercept',0.693147,'risk_cwb',0.651674,'risk_acwb',NA,'risk_hcwb',NA 
INFO  [21:15:49.077] [mlr3]  [LGCOMPBOOST] risk_oob:'risk_intercept_oob',NA,'risk_cwb_oob',NA,'risk_acwb_oob',NA,'risk_hcwb_oob',NA 
DEBUG [21:15:49.102] [mlr3]  Learner 'bin_cwb_nb' on task 'Task 189866: albert (Supervised Classification)' succeeded to fit a model {learner: <LearnerClassifCompboost/LearnerClassif/Learner/R6>, result: <list>, messages: }
DEBUG [21:15:49.118] [mlr3]  Skip subsetting of task 'Task 189866: albert (Supervised Classification)' 
DEBUG [21:15:49.141] [mlr3]  Calling train method of Learner 'bin_cwb_nb' on task 'Task 189866: albert (Supervised Classification)' with 340192 observations {learner: <LearnerClassifCompboost/LearnerClassif/Learner/R6>}
INFO  [21:15:49.707] [mlr3]  [LGCOMPBOOST] Running compboost with df 5.000000 and df_cat 3.000000 
   1/5000   risk = 0.69  time = 3   
 125/5000   risk = 0.63  time = 24847927   
 250/5000   risk = 0.63  time = 49725825   
 375/5000   risk = 0.63  time = 74750835   
 500/5000   risk = 0.64  time = 99709526   
 625/5000   risk = 0.64  time = 124758145   
 750/5000   risk = 0.64  time = 149739456   
 875/5000   risk = 0.64  time = 174830331   
1000/5000   risk = 0.64  time = 199607725   
1125/5000   risk = 0.64  time = 224969713   
1250/5000   risk = 0.65  time = 250556142   
1375/5000   risk = 0.65  time = 275867804   
1500/5000   risk = 0.65  time = 301479906   
1625/5000   risk = 0.65  time = 327292480   
1750/5000   risk = 0.65  time = 352996665   
1875/5000   risk = 0.65  time = 378576734   
2000/5000   risk = 0.65  time = 404219976   
2125/5000   risk = 0.65  time = 430122418   
2250/5000   risk = 0.65  time = 456201759   
2375/5000   risk = 0.65  time = 482195664   
2500/5000   risk = 0.65  time = 508117648   
2625/5000   risk = 0.65  time = 534300087   
2750/5000   risk = 0.65  time = 560488988   
2875/5000   risk = 0.65  time = 586735409   
3000/5000   risk = 0.65  time = 612910785   
3125/5000   risk = 0.65  time = 639052245   
3250/5000   risk = 0.65  time = 665286380   
3375/5000   risk = 0.65  time = 691503110   
3500/5000   risk = 0.65  time = 717756637   
3625/5000   risk = 0.65  time = 743617310   
3750/5000   risk = 0.65  time = 769698031   
3875/5000   risk = 0.65  time = 795645136   
4000/5000   risk = 0.65  time = 821706717   
4125/5000   risk = 0.65  time = 847465650   
4250/5000   risk = 0.65  time = 873300715   
4375/5000   risk = 0.65  time = 899218285   
4500/5000   risk = 0.65  time = 925077281   
4625/5000   risk = 0.65  time = 951174280   
4750/5000   risk = 0.65  time = 976846530   
4875/5000   risk = 0.65  time = 1002243002   
5000/5000   risk = 0.65  time = 1027667147   


Train 5000 iterations in 1027 Seconds.
Final risk based on the train set: 0.65

INFO  [21:33:13.332] [mlr3]  [LGCOMPBOOST] iterations:'stop_cwb',5000,'stop_acwb',NA,'stop_hcwb',NA 
INFO  [21:33:13.336] [mlr3]  [LGCOMPBOOST] risk_inbag:'risk_intercept',0.693147,'risk_cwb',0.651674,'risk_acwb',NA,'risk_hcwb',NA 
INFO  [21:33:13.337] [mlr3]  [LGCOMPBOOST] risk_oob:'risk_intercept_oob',NA,'risk_cwb_oob',NA,'risk_acwb_oob',NA,'risk_hcwb_oob',NA 
DEBUG [21:33:13.368] [mlr3]  Learner 'bin_cwb_nb' on task 'Task 189866: albert (Supervised Classification)' succeeded to fit a model {learner: <LearnerClassifCompboost/LearnerClassif/Learner/R6>, result: <list>, messages: }

### [bt]: Job terminated successfully [batchtools job.id=96]
### [bt]: Calculation finished!
