### [bt]: This is batchtools v0.9.15
### [bt]: Starting calculation of 1 jobs
### [bt]: Setting working directory to '/home/user/repos/cacb-batchtools/eq1'
[2021-07-26 06:35:18] Loading new learner
[2021-07-26 06:35:18] Loading tasks
[2021-07-26 06:35:21] Loading resampling
### [bt]: Memory measurement disabled
### [bt]: Starting job [batchtools job.id=76]
### [bt]: Generating problem instance for problem '189866-fold1' ...
### [bt]: Applying algorithm 'evaluate-learner' on problem '189866-fold1' for job 76 (seed = 31491) ...
DEBUG [06:35:26.354] [mlr3]  Skip subsetting of task 'Task 189866: albert (Supervised Classification)' 
DEBUG [06:35:26.358] [mlr3]  Calling train method of Learner 'bin_cwb_nb' on task 'Task 189866: albert (Supervised Classification)' with 340192 observations {learner: <LearnerClassifCompboost/LearnerClassif/Learner/R6>}
INFO  [06:35:27.218] [mlr3]  [LGCOMPBOOST] Running compboost with df 5.000000 and df_cat 3.000000 
   1/5000   risk = 0.69  riskauc = 0.64   time = 3   
 125/5000   risk = 0.63  riskauc = 0.71   time = 27207885   
 250/5000   risk = 0.63  riskauc = 0.72   time = 53832666   
 375/5000   risk = 0.63  riskauc = 0.72   time = 80349862   
 500/5000   risk = 0.64  riskauc = 0.73   time = 107502319   
 625/5000   risk = 0.64  riskauc = 0.73   time = 134891449   
 750/5000   risk = 0.64  riskauc = 0.73   time = 162278613   
