### [bt]: This is batchtools v0.9.15
### [bt]: Starting calculation of 1 jobs
### [bt]: Setting working directory to '/home/user/repos/cacb-batchtools/eq1'
[2021-07-19] Loading new learner
[2021-07-19 16:21:06] Loading tasks
[2021-07-19 16:21:09] Loading resampling
### [bt]: Memory measurement disabled
### [bt]: Starting job [batchtools job.id=2]
### [bt]: Generating problem instance for problem 'spam-fold1' ...
### [bt]: Applying algorithm 'evaluate-learner' on problem 'spam-fold1' for job 2 (seed = 31417) ...
DEBUG [16:21:10.177] [mlr3]  Skip subsetting of task 'spam' 
DEBUG [16:21:10.180] [mlr3]  Calling train method of Learner 'removeconstants_before.imputemedian_num.imputemode_fct.collapsefactors.removeconstants_after.bin_cwb_b' on task 'spam' with 3680 observations {learner: <GraphLearner/Learner/R6>}
DEBUG [16:21:10.197] Running PipeOp 'removeconstants_before$train()' {pipeop: <PipeOpRemoveConstants/PipeOpTaskPreprocSimple/PipeOpTaskPreproc/PipeOp/R6>, input: <list>}
DEBUG [16:21:10.235] Running PipeOp 'imputemedian_num$train()' {pipeop: <PipeOpImputeMedian/PipeOpImpute/PipeOp/R6>, input: <list>}
DEBUG [16:21:10.434] Running PipeOp 'imputemode_fct$train()' {pipeop: <PipeOpImputeMode/PipeOpImpute/PipeOp/R6>, input: <list>}
DEBUG [16:21:10.452] Running PipeOp 'collapsefactors$train()' {pipeop: <PipeOpCollapseFactors/PipeOpTaskPreprocSimple/PipeOpTaskPreproc/PipeOp/R6>, input: <list>}
DEBUG [16:21:10.469] Running PipeOp 'removeconstants_after$train()' {pipeop: <PipeOpRemoveConstants/PipeOpTaskPreprocSimple/PipeOpTaskPreproc/PipeOp/R6>, input: <list>}
DEBUG [16:21:10.506] Running PipeOp 'bin_cwb_b$train()' {pipeop: <PipeOpLearner/PipeOp/R6>, input: <list>}
DEBUG [16:21:10.513] [mlr3]  Skip subsetting of task 'spam' 
DEBUG [16:21:10.516] [mlr3]  Calling train method of Learner 'bin_cwb_b' on task 'spam' with 3680 observations {learner: <LearnerClassifCompboost/LearnerClassif/Learner/R6>}
INFO  [16:21:10.524] [mlr3]  [LGCOMPBOOST] Running compboost with df 20.000000 and df_cat 1.000000 
   1/5000   risk = 0.64  time = 2   
 125/5000   risk = 0.24  time = 991268   
 250/5000   risk = 0.21  time = 2039947   
 375/5000   risk = 0.19  time = 3104402   
 500/5000   risk = 0.18  time = 4158875   
 625/5000   risk = 0.18  time = 5194830   
 750/5000   risk = 0.17  time = 6363731   
 875/5000   risk = 0.17  time = 7404744   
1000/5000   risk = 0.17  time = 8329557   
1125/5000   risk = 0.16  time = 9325249   
1250/5000   risk = 0.16  time = 10353805   
1375/5000   risk = 0.16  time = 11356215   
1500/5000   risk = 0.16  time = 12464254   
1625/5000   risk = 0.15  time = 13574691   
1750/5000   risk = 0.15  time = 14580321   
1875/5000   risk = 0.15  time = 15573481   
2000/5000   risk = 0.15  time = 16578007   
2125/5000   risk = 0.15  time = 17649246   
2250/5000   risk = 0.15  time = 18700456   
2375/5000   risk = 0.14  time = 19758412   
2500/5000   risk = 0.14  time = 20777012   
2625/5000   risk = 0.14  time = 21826848   
2750/5000   risk = 0.14  time = 22770605   
2875/5000   risk = 0.14  time = 23819222   
3000/5000   risk = 0.14  time = 24841041   
3125/5000   risk = 0.14  time = 25852101   
3250/5000   risk = 0.14  time = 26880761   
3375/5000   risk = 0.14  time = 27897455   
3500/5000   risk = 0.14  time = 28907944   
3625/5000   risk = 0.14  time = 29934240   
3750/5000   risk = 0.13  time = 30901718   
3875/5000   risk = 0.13  time = 31846508   
4000/5000   risk = 0.13  time = 32871297   
4125/5000   risk = 0.13  time = 33892270   
4250/5000   risk = 0.13  time = 34879850   
4375/5000   risk = 0.13  time = 35940636   
4500/5000   risk = 0.13  time = 36904143   
4625/5000   risk = 0.13  time = 37911369   
4750/5000   risk = 0.13  time = 38894565   
4875/5000   risk = 0.13  time = 39848069   
5000/5000   risk = 0.13  time = 40871314   


Train 5000 iterations in 40 Seconds.
Final risk based on the train set: 0.13

INFO  [16:22:01.515] [mlr3]  [LGCOMPBOOST] iterations:'stop_cwb',5000,'stop_acwb',NA,'stop_hcwb',NA 
INFO  [16:22:01.518] [mlr3]  [LGCOMPBOOST] risk_inbag:'risk_intercept',0.670513,'risk_cwb',0.128639,'risk_acwb',NA,'risk_hcwb',NA 
INFO  [16:22:01.520] [mlr3]  [LGCOMPBOOST] risk_oob:'risk_intercept_oob',NA,'risk_cwb_oob',NA,'risk_acwb_oob',NA,'risk_hcwb_oob',NA 
DEBUG [16:22:01.526] [mlr3]  Learner 'bin_cwb_b' on task 'spam' succeeded to fit a model {learner: <LearnerClassifCompboost/LearnerClassif/Learner/R6>, result: <list>, messages: }
DEBUG [16:22:01.540] [mlr3]  Learner 'removeconstants_before.imputemedian_num.imputemode_fct.collapsefactors.removeconstants_after.bin_cwb_b' on task 'spam' succeeded to fit a model {learner: <GraphLearner/Learner/R6>, result: <list>, messages: }
[2021-07-19 16:22:06] (1/1250) Processing iter 4
Error in self$model$setToIteration(iteration, trace) : 
  addition: incompatible matrix dimensions: 3680x1 and 60x1

### [bt]: Job terminated with an exception [batchtools job.id=2]
### [bt]: Calculation finished!
