### [bt]: This is batchtools v0.9.15
### [bt]: Starting calculation of 1 jobs
### [bt]: Setting working directory to '/home/user/repos/cacb-batchtools/eq1'
[2021-07-28 11:03:29] Loading new learner
[2021-07-28 11:03:29] Loading tasks
[2021-07-28 11:03:32] Loading resampling
### [bt]: Memory measurement disabled
### [bt]: Starting job [batchtools job.id=64]
### [bt]: Generating problem instance for problem '189866-fold1' ...
### [bt]: Applying algorithm 'evaluate-learner' on problem '189866-fold1' for job 64 (seed = 31479) ...
DEBUG [11:03:36.613] [mlr3]  Skip subsetting of task 'Task 189866: albert (Supervised Classification)' 
DEBUG [11:03:36.616] [mlr3]  Calling train method of Learner 'acc_hcwb' on task 'Task 189866: albert (Supervised Classification)' with 340192 observations {learner: <LearnerClassifCompboost/LearnerClassif/Learner/R6>}
   1/5000   risk = 0.69  oob_risk = 0.69   riskauc = 0.64   time = 3   


Train 74 iterations in 23 Seconds.
Final risk based on the train set: 0.61

   1/4937   risk = 0.61  oob_risk = 0.62   riskauc = 0.72   time = 2   
 123/4937   risk = 0.63  oob_risk = 0.63   riskauc = 0.72   time = 22336303   
 246/4937   risk = 0.63  oob_risk = 0.64   riskauc = 0.73   time = 44707203   
 369/4937   risk = 0.64  oob_risk = 0.64   riskauc = 0.73   time = 67910299   
 492/4937   risk = 0.64  oob_risk = 0.64   riskauc = 0.73   time = 91504443   
 615/4937   risk = 0.64  oob_risk = 0.64   riskauc = 0.73   time = 115287075   
 738/4937   risk = 0.64  oob_risk = 0.65   riskauc = 0.73   time = 139207147   
 861/4937   risk = 0.64  oob_risk = 0.65   riskauc = 0.73   time = 162881353   
 984/4937   risk = 0.64  oob_risk = 0.65   riskauc = 0.73   time = 186293327   
1107/4937   risk = 0.65  oob_risk = 0.65   riskauc = 0.73   time = 209747882   
1230/4937   risk = 0.65  oob_risk = 0.65   riskauc = 0.73   time = 233644630   
1353/4937   risk = 0.65  oob_risk = 0.65   riskauc = 0.73   time = 256970662   
1476/4937   risk = 0.65  oob_risk = 0.65   riskauc = 0.73   time = 279518490   
1599/4937   risk = 0.65  oob_risk = 0.65   riskauc = 0.73   time = 301484687   
1722/4937   risk = 0.65  oob_risk = 0.65   riskauc = 0.73   time = 323166850   
1845/4937   risk = 0.65  oob_risk = 0.65   riskauc = 0.73   time = 345343816   
1968/4937   risk = 0.65  oob_risk = 0.65   riskauc = 0.73   time = 366925809   
2091/4937   risk = 0.65  oob_risk = 0.65   riskauc = 0.73   time = 388483991   
2214/4937   risk = 0.65  oob_risk = 0.65   riskauc = 0.73   time = 410239386   
2337/4937   risk = 0.65  oob_risk = 0.65   riskauc = 0.73   time = 432056756   
2460/4937   risk = 0.65  oob_risk = 0.65   riskauc = 0.73   time = 453556598   
2583/4937   risk = 0.65  oob_risk = 0.65   riskauc = 0.73   time = 475339501   
2706/4937   risk = 0.65  oob_risk = 0.65   riskauc = 0.73   time = 496753428   
2829/4937   risk = 0.65  oob_risk = 0.66   riskauc = 0.73   time = 517797878   
2952/4937   risk = 0.65  oob_risk = 0.66   riskauc = 0.73   time = 539381707   
3075/4937   risk = 0.65  oob_risk = 0.66   riskauc = 0.73   time = 561065830   
3198/4937   risk = 0.65  oob_risk = 0.66   riskauc = 0.73   time = 582826079   
3321/4937   risk = 0.65  oob_risk = 0.66   riskauc = 0.73   time = 604297392   
3444/4937   risk = 0.65  oob_risk = 0.66   riskauc = 0.73   time = 626088212   
3567/4937   risk = 0.65  oob_risk = 0.66   riskauc = 0.73   time = 647438801   
3690/4937   risk = 0.65  oob_risk = 0.66   riskauc = 0.73   time = 669422831   
3813/4937   risk = 0.65  oob_risk = 0.66   riskauc = 0.73   time = 690906259   
3936/4937   risk = 0.65  oob_risk = 0.66   riskauc = 0.73   time = 712257709   
4059/4937   risk = 0.65  oob_risk = 0.66   riskauc = 0.73   time = 733648429   
4182/4937   risk = 0.65  oob_risk = 0.66   riskauc = 0.73   time = 754769620   
4305/4937   risk = 0.65  oob_risk = 0.66   riskauc = 0.73   time = 776489599   
4428/4937   risk = 0.65  oob_risk = 0.66   riskauc = 0.73   time = 798370316   
4551/4937   risk = 0.65  oob_risk = 0.66   riskauc = 0.73   time = 819930462   
4674/4937   risk = 0.65  oob_risk = 0.66   riskauc = 0.73   time = 841983086   
4797/4937   risk = 0.65  oob_risk = 0.66   riskauc = 0.73   time = 863507629   
4920/4937   risk = 0.65  oob_risk = 0.66   riskauc = 0.73   time = 885542286   


Train 4937 iterations in 888 Seconds.
Final risk based on the train set: 0.65

DEBUG [11:19:10.537] [mlr3]  Learner 'acc_hcwb' on task 'Task 189866: albert (Supervised Classification)' succeeded to fit a model {learner: <LearnerClassifCompboost/LearnerClassif/Learner/R6>, result: <list>, messages: }
DEBUG [11:19:10.561] [mlr3]  Skip subsetting of task 'Task 189866: albert (Supervised Classification)' 
DEBUG [11:19:10.564] [mlr3]  Calling train method of Learner 'acc_hcwb' on task 'Task 189866: albert (Supervised Classification)' with 340192 observations {learner: <LearnerClassifCompboost/LearnerClassif/Learner/R6>}
   1/5000   risk = 0.69  oob_risk = 0.69   time = 3   


Train 74 iterations in 20 Seconds.
Final risk based on the train set: 0.61

   1/4937   risk = 0.61  oob_risk = 0.62   time = 4   
 123/4937   risk = 0.63  oob_risk = 0.63   time = 17905891   
 246/4937   risk = 0.63  oob_risk = 0.64   time = 36223295   
 369/4937   risk = 0.64  oob_risk = 0.64   time = 53566977   
 492/4937   risk = 0.64  oob_risk = 0.64   time = 70979137   
 615/4937   risk = 0.64  oob_risk = 0.64   time = 88412269   
 738/4937   risk = 0.64  oob_risk = 0.65   time = 106479356   
 861/4937   risk = 0.64  oob_risk = 0.65   time = 124944680   
 984/4937   risk = 0.64  oob_risk = 0.65   time = 143814621   
1107/4937   risk = 0.65  oob_risk = 0.65   time = 161518427   
1230/4937   risk = 0.65  oob_risk = 0.65   time = 179165768   
1353/4937   risk = 0.65  oob_risk = 0.65   time = 196458925   
1476/4937   risk = 0.65  oob_risk = 0.65   time = 213858885   
1599/4937   risk = 0.65  oob_risk = 0.65   time = 231488383   
1722/4937   risk = 0.65  oob_risk = 0.65   time = 250000464   
1845/4937   risk = 0.65  oob_risk = 0.65   time = 267751172   
1968/4937   risk = 0.65  oob_risk = 0.65   time = 285386091   
2091/4937   risk = 0.65  oob_risk = 0.65   time = 303410018   
2214/4937   risk = 0.65  oob_risk = 0.65   time = 321949260   
2337/4937   risk = 0.65  oob_risk = 0.65   time = 341569802   
2460/4937   risk = 0.65  oob_risk = 0.65   time = 361440787   
2583/4937   risk = 0.65  oob_risk = 0.65   time = 381132431   
2706/4937   risk = 0.65  oob_risk = 0.65   time = 400878716   
2829/4937   risk = 0.65  oob_risk = 0.66   time = 420370889   
2952/4937   risk = 0.65  oob_risk = 0.66   time = 439452543   
3075/4937   risk = 0.65  oob_risk = 0.66   time = 457948009   
3198/4937   risk = 0.65  oob_risk = 0.66   time = 476886863   
3321/4937   risk = 0.65  oob_risk = 0.66   time = 495746242   
3444/4937   risk = 0.65  oob_risk = 0.66   time = 514986707   
3567/4937   risk = 0.65  oob_risk = 0.66   time = 534335814   
3690/4937   risk = 0.65  oob_risk = 0.66   time = 553814651   
3813/4937   risk = 0.65  oob_risk = 0.66   time = 573895397   
3936/4937   risk = 0.65  oob_risk = 0.66   time = 593267016   
4059/4937   risk = 0.65  oob_risk = 0.66   time = 612238524   
4182/4937   risk = 0.65  oob_risk = 0.66   time = 630684034   
4305/4937   risk = 0.65  oob_risk = 0.66   time = 648796389   
4428/4937   risk = 0.65  oob_risk = 0.66   time = 667366811   
4551/4937   risk = 0.65  oob_risk = 0.66   time = 685984950   
4674/4937   risk = 0.65  oob_risk = 0.66   time = 704899342   
4797/4937   risk = 0.65  oob_risk = 0.66   time = 723939495   
4920/4937   risk = 0.65  oob_risk = 0.66   time = 743490353   


Train 4937 iterations in 746 Seconds.
Final risk based on the train set: 0.65

DEBUG [11:32:17.324] [mlr3]  Learner 'acc_hcwb' on task 'Task 189866: albert (Supervised Classification)' succeeded to fit a model {learner: <LearnerClassifCompboost/LearnerClassif/Learner/R6>, result: <list>, messages: }

### [bt]: Job terminated successfully [batchtools job.id=64]
### [bt]: Calculation finished!
