### [bt]: This is batchtools v0.9.15
### [bt]: Starting calculation of 1 jobs
### [bt]: Setting working directory to '/home/user/repos/cacb-batchtools/eq1'
Loading required package: data.table
Loading required package: R6
Loading required package: mlr3
Loading required package: mlr3learners
Loading required package: mlr3extralearners

Attaching package: ‘mlr3extralearners’

The following objects are masked from ‘package:mlr3’:

    lrn, lrns

Loading required package: mlr3pipelines
Loading required package: mlr3tuning
Loading required package: paradox
Loading required package: compboost
[2021-08-02 00:15:48] Loading new learner LearnerClassifCWB
[2021-08-02 00:15:48] Loading new learner LearnerClassifHCWB
[2021-08-02 00:15:48] Loading new learner
[2021-08-02 00:15:48] Loading tasks
[2021-08-02 00:15:51] Loading resampling
### [bt]: Memory measurement disabled
### [bt]: Starting job [batchtools job.id=11]
### [bt]: Generating problem instance for problem 'spam-fold3' ...
### [bt]: Applying algorithm 'evaluate-learner' on problem 'spam-fold3' for job 11 (seed = 31426) ...
DEBUG [00:15:52.646] [mlr3]  Skip subsetting of task 'spam' 
DEBUG [00:15:52.729] [mlr3]  Calling train method of Learner 'bin_cwb_nb' on task 'spam' with 3680 observations {learner: <LearnerClassifCWB/LearnerClassif/Learner/R6>}
   1/5000   risk = 0.65  oob_risk = 0.65   test_auc = 0.18   time = 2   val_auc = 0.15   
 125/5000   risk = 0.068  oob_risk = inf   test_auc = 0.098   time = 1294762   val_auc = 0.076   
 250/5000   risk = 0.036  oob_risk = inf   test_auc = 0.13   time = 2853189   val_auc = 0.11   
 375/5000   risk = 0.023  oob_risk = inf   test_auc = 0.14   time = 4260435   val_auc = 0.13   
 500/5000   risk = 0.018  oob_risk = inf   test_auc = 0.15   time = 5508600   val_auc = 0.14   
 625/5000   risk = 0.017  oob_risk = inf   test_auc = 0.16   time = 6764650   val_auc = 0.14   
 750/5000   risk = 0.013  oob_risk = inf   test_auc = 0.16   time = 8175439   val_auc = 0.15   
 875/5000   risk = 0.012  oob_risk = inf   test_auc = 0.16   time = 9522975   val_auc = 0.16   
1000/5000   risk = 0.013  oob_risk = inf   test_auc = 0.16   time = 10965496   val_auc = 0.16   
1125/5000   risk = 0.013  oob_risk = inf   test_auc = 0.16   time = 12360339   val_auc = 0.16   
1250/5000   risk = 0.016  oob_risk = inf   test_auc = 0.16   time = 13852806   val_auc = 0.15   
1375/5000   risk = 0.019  oob_risk = inf   test_auc = 0.16   time = 15243943   val_auc = 0.16   
1500/5000   risk = 0.016  oob_risk = inf   test_auc = 0.16   time = 16695250   val_auc = 0.16   
1625/5000   risk = 0.022  oob_risk = inf   test_auc = 0.16   time = 18182033   val_auc = 0.16   
1750/5000   risk = 0.022  oob_risk = inf   test_auc = 0.16   time = 19681242   val_auc = 0.16   
1875/5000   risk = 0.035  oob_risk = inf   test_auc = 0.16   time = 21249237   val_auc = 0.16   
2000/5000   risk = 0.028  oob_risk = inf   test_auc = 0.16   time = 22703684   val_auc = 0.16   
2125/5000   risk = 0.065  oob_risk = inf   test_auc = 0.17   time = 24168652   val_auc = 0.16   
2250/5000   risk = 0.046  oob_risk = inf   test_auc = 0.17   time = 25518039   val_auc = 0.17   
2375/5000   risk = 0.1  oob_risk = inf   test_auc = 0.18   time = 26937939   val_auc = 0.17   
2500/5000   risk = 0.13  oob_risk = inf   test_auc = 0.18   time = 28404604   val_auc = 0.17   
2625/5000   risk = 0.16  oob_risk = inf   test_auc = 0.18   time = 30094283   val_auc = 0.16   
2750/5000   risk = 0.19  oob_risk = inf   test_auc = 0.18   time = 31691072   val_auc = 0.16   
2875/5000   risk = 0.25  oob_risk = inf   test_auc = 0.17   time = 33193118   val_auc = 0.15   
3000/5000   risk = 0.4  oob_risk = inf   test_auc = 0.17   time = 34781528   val_auc = 0.16   
3125/5000   risk = 0.43  oob_risk = inf   test_auc = 0.17   time = 36375615   val_auc = 0.17   
3250/5000   risk = 0.4  oob_risk = inf   test_auc = 0.17   time = 38049771   val_auc = 0.17   
3375/5000   risk = 0.49  oob_risk = inf   test_auc = 0.17   time = 39535082   val_auc = 0.18   
3500/5000   risk = 0.69  oob_risk = inf   test_auc = 0.17   time = 41155431   val_auc = 0.18   
3625/5000   risk = 0.76  oob_risk = inf   test_auc = 0.18   time = 42728183   val_auc = 0.18   
3750/5000   risk = 0.76  oob_risk = inf   test_auc = 0.19   time = 44248334   val_auc = 0.17   
3875/5000   risk = 0.82  oob_risk = inf   test_auc = 0.19   time = 45820894   val_auc = 0.17   
4000/5000   risk = 0.89  oob_risk = inf   test_auc = 0.2   time = 47537751   val_auc = 0.17   
4125/5000   risk = 0.82  oob_risk = inf   test_auc = 0.2   time = 49205296   val_auc = 0.17   
4250/5000   risk = 1.1  oob_risk = inf   test_auc = 0.2   time = 50839655   val_auc = 0.17   
4375/5000   risk = 1.1  oob_risk = inf   test_auc = 0.2   time = 52434555   val_auc = 0.17   
4500/5000   risk = 1.2  oob_risk = inf   test_auc = 0.19   time = 54173585   val_auc = 0.17   
4625/5000   risk = 1.2  oob_risk = inf   test_auc = 0.19   time = 55824862   val_auc = 0.17   
4750/5000   risk = 0.92  oob_risk = inf   test_auc = 0.19   time = 57533623   val_auc = 0.16   
4875/5000   risk = 0.95  oob_risk = inf   test_auc = 0.19   time = 59123636   val_auc = 0.17   
5000/5000   risk = 1  oob_risk = inf   test_auc = 0.18   time = 60767997   val_auc = 0.17   


Train 5000 iterations in 62 Seconds.
Final risk based on the train set: 1

DEBUG [00:16:56.770] [mlr3]  Learner 'bin_cwb_nb' on task 'spam' succeeded to fit a model {learner: <LearnerClassifCWB/LearnerClassif/Learner/R6>, result: <list>, messages: }

### [bt]: Job terminated successfully [batchtools job.id=11]
### [bt]: Calculation finished!
