### [bt]: This is batchtools v0.9.15
### [bt]: Starting calculation of 1 jobs
### [bt]: Setting working directory to '/home/user/repos/cacb-batchtools/eq1'
Loading required package: data.table
Loading required package: R6
Loading required package: mlr3
Loading required package: mlr3learners
Loading required package: mlr3extralearners

Attaching package: ‘mlr3extralearners’

The following objects are masked from ‘package:mlr3’:

    lrn, lrns

Loading required package: mlr3pipelines
Loading required package: mlr3tuning
Loading required package: paradox
Loading required package: compboost
[2021-08-02 13:12:01] Loading new learner LearnerClassifCWB
[2021-08-02 13:12:01] Loading new learner LearnerClassifHCWB
[2021-08-02 13:12:01] Loading new learner
[2021-08-02 13:12:01] Loading tasks
[2021-08-02 13:12:04] Loading resampling
### [bt]: Memory measurement disabled
### [bt]: Starting job [batchtools job.id=82]
### [bt]: Generating problem instance for problem '189866-fold2' ...
### [bt]: Applying algorithm 'evaluate-learner' on problem '189866-fold2' for job 82 (seed = 31497) ...
DEBUG [13:12:10.474] [mlr3]  Skip subsetting of task 'Task 189866: albert (Supervised Classification)' 
DEBUG [13:12:10.568] [mlr3]  Calling train method of Learner 'bin_cwb_b' on task 'Task 189866: albert (Supervised Classification)' with 340192 observations {learner: <LearnerClassifCWB/LearnerClassif/Learner/R6>}
   1/5000   risk = 0.69  oob_risk = 0.69   test_auc = 0.36   time = 3   val_auc = 0.36   
 125/5000   risk = 0.62  oob_risk = 0.62   test_auc = 0.29   time = 14457901   val_auc = 0.29   
 250/5000   risk = 0.63  oob_risk = 0.63   test_auc = 0.28   time = 29333821   val_auc = 0.28   
 375/5000   risk = 0.63  oob_risk = 0.63   test_auc = 0.28   time = 45012275   val_auc = 0.28   
 500/5000   risk = 0.64  oob_risk = 0.64   test_auc = 0.28   time = 60802275   val_auc = 0.27   
 625/5000   risk = 0.64  oob_risk = 0.64   test_auc = 0.27   time = 77088250   val_auc = 0.27   
 750/5000   risk = 0.64  oob_risk = 0.64   test_auc = 0.27   time = 93178295   val_auc = 0.27   
 875/5000   risk = 0.64  oob_risk = 0.64   test_auc = 0.27   time = 109074811   val_auc = 0.27   
1000/5000   risk = 0.64  oob_risk = 0.64   test_auc = 0.27   time = 124764484   val_auc = 0.27   
1125/5000   risk = 0.64  oob_risk = 0.64   test_auc = 0.27   time = 141324812   val_auc = 0.27   
1250/5000   risk = 0.65  oob_risk = 0.65   test_auc = 0.27   time = 158263937   val_auc = 0.27   
1375/5000   risk = 0.65  oob_risk = 0.65   test_auc = 0.27   time = 175234191   val_auc = 0.27   
1500/5000   risk = 0.65  oob_risk = 0.65   test_auc = 0.27   time = 191536721   val_auc = 0.27   
1625/5000   risk = 0.65  oob_risk = 0.65   test_auc = 0.27   time = 208252339   val_auc = 0.27   
1750/5000   risk = 0.65  oob_risk = 0.65   test_auc = 0.27   time = 224781787   val_auc = 0.27   
1875/5000   risk = 0.65  oob_risk = 0.65   test_auc = 0.27   time = 241082195   val_auc = 0.27   
2000/5000   risk = 0.65  oob_risk = 0.65   test_auc = 0.27   time = 257196282   val_auc = 0.27   
2125/5000   risk = 0.65  oob_risk = 0.65   test_auc = 0.27   time = 273188776   val_auc = 0.27   
2250/5000   risk = 0.65  oob_risk = 0.65   test_auc = 0.27   time = 288812630   val_auc = 0.27   
2375/5000   risk = 0.65  oob_risk = 0.65   test_auc = 0.27   time = 304589604   val_auc = 0.27   
2500/5000   risk = 0.65  oob_risk = 0.65   test_auc = 0.27   time = 320666698   val_auc = 0.27   
2625/5000   risk = 0.65  oob_risk = 0.65   test_auc = 0.27   time = 336978354   val_auc = 0.27   
2750/5000   risk = 0.65  oob_risk = 0.65   test_auc = 0.27   time = 353289535   val_auc = 0.27   
2875/5000   risk = 0.65  oob_risk = 0.65   test_auc = 0.27   time = 369640417   val_auc = 0.27   
3000/5000   risk = 0.65  oob_risk = 0.65   test_auc = 0.27   time = 386252566   val_auc = 0.27   
3125/5000   risk = 0.65  oob_risk = 0.65   test_auc = 0.27   time = 402645317   val_auc = 0.27   
3250/5000   risk = 0.65  oob_risk = 0.65   test_auc = 0.27   time = 418851206   val_auc = 0.27   
3375/5000   risk = 0.65  oob_risk = 0.65   test_auc = 0.27   time = 434868286   val_auc = 0.27   
3500/5000   risk = 0.65  oob_risk = 0.65   test_auc = 0.27   time = 450838453   val_auc = 0.27   
3625/5000   risk = 0.65  oob_risk = 0.65   test_auc = 0.27   time = 466960275   val_auc = 0.27   
3750/5000   risk = 0.65  oob_risk = 0.65   test_auc = 0.27   time = 483182933   val_auc = 0.27   
3875/5000   risk = 0.65  oob_risk = 0.65   test_auc = 0.27   time = 499092412   val_auc = 0.27   
4000/5000   risk = 0.65  oob_risk = 0.65   test_auc = 0.27   time = 515140911   val_auc = 0.27   
4125/5000   risk = 0.65  oob_risk = 0.65   test_auc = 0.27   time = 531216434   val_auc = 0.27   
4250/5000   risk = 0.65  oob_risk = 0.65   test_auc = 0.27   time = 547152364   val_auc = 0.27   
4375/5000   risk = 0.65  oob_risk = 0.65   test_auc = 0.27   time = 562824672   val_auc = 0.27   
4500/5000   risk = 0.65  oob_risk = 0.65   test_auc = 0.27   time = 578837980   val_auc = 0.27   
4625/5000   risk = 0.65  oob_risk = 0.65   test_auc = 0.27   time = 594744760   val_auc = 0.27   
4750/5000   risk = 0.65  oob_risk = 0.65   test_auc = 0.27   time = 610363245   val_auc = 0.27   
4875/5000   risk = 0.65  oob_risk = 0.65   test_auc = 0.27   time = 626287841   val_auc = 0.26   
5000/5000   risk = 0.65  oob_risk = 0.65   test_auc = 0.27   time = 641917188   val_auc = 0.26   


Train 5000 iterations in 643 Seconds.
Final risk based on the train set: 0.65

DEBUG [13:23:23.472] [mlr3]  Learner 'bin_cwb_b' on task 'Task 189866: albert (Supervised Classification)' succeeded to fit a model {learner: <LearnerClassifCWB/LearnerClassif/Learner/R6>, result: <list>, messages: }

### [bt]: Job terminated successfully [batchtools job.id=82]
### [bt]: Calculation finished!
