### [bt]: This is batchtools v0.9.15
### [bt]: Starting calculation of 1 jobs
### [bt]: Setting working directory to '/home/user/repos/cacb-batchtools/eq1'
[2021-07-27 19:19:17] Loading new learner
[2021-07-27 19:19:17] Loading tasks
[2021-07-27 19:19:20] Loading resampling
### [bt]: Memory measurement disabled
### [bt]: Starting job [batchtools job.id=2]
### [bt]: Generating problem instance for problem 'spam-fold1' ...
### [bt]: Applying algorithm 'evaluate-learner' on problem 'spam-fold1' for job 2 (seed = 31417) ...
DEBUG [19:19:20.771] [mlr3]  Skip subsetting of task 'spam' 
DEBUG [19:19:20.774] [mlr3]  Calling train method of Learner 'bin_cwb_b' on task 'spam' with 3680 observations {learner: <LearnerClassifCompboost/LearnerClassif/Learner/R6>}
   1/5000   risk = 0.64  riskauc = 0.79   time = 2   
 125/5000   risk = 0.24  riskauc = 0.96   time = 1096567   
 250/5000   risk = 0.21  riskauc = 0.97   time = 2145696   
 375/5000   risk = 0.19  riskauc = 0.97   time = 3183932   
 500/5000   risk = 0.18  riskauc = 0.97   time = 4147747   
 625/5000   risk = 0.18  riskauc = 0.97   time = 5230515   
 750/5000   risk = 0.17  riskauc = 0.97   time = 6313995   
 875/5000   risk = 0.17  riskauc = 0.97   time = 7495573   
1000/5000   risk = 0.17  riskauc = 0.97   time = 8549132   
1125/5000   risk = 0.16  riskauc = 0.97   time = 9732421   
1250/5000   risk = 0.16  riskauc = 0.96   time = 10791292   
1375/5000   risk = 0.16  riskauc = 0.96   time = 11819351   
1500/5000   risk = 0.16  riskauc = 0.96   time = 12936205   
1625/5000   risk = 0.15  riskauc = 0.96   time = 14054265   
1750/5000   risk = 0.15  riskauc = 0.96   time = 15195637   
1875/5000   risk = 0.15  riskauc = 0.96   time = 16306958   
2000/5000   risk = 0.15  riskauc = 0.96   time = 17443437   
2125/5000   risk = 0.15  riskauc = 0.96   time = 18615371   
2250/5000   risk = 0.15  riskauc = 0.96   time = 19690326   
2375/5000   risk = 0.14  riskauc = 0.96   time = 20742415   
2500/5000   risk = 0.14  riskauc = 0.96   time = 21804056   
2625/5000   risk = 0.14  riskauc = 0.96   time = 22888241   
2750/5000   risk = 0.14  riskauc = 0.97   time = 24007597   
2875/5000   risk = 0.14  riskauc = 0.97   time = 25164195   
3000/5000   risk = 0.14  riskauc = 0.97   time = 26208416   
3125/5000   risk = 0.14  riskauc = 0.97   time = 27234479   
3250/5000   risk = 0.14  riskauc = 0.97   time = 28369704   
3375/5000   risk = 0.14  riskauc = 0.97   time = 29435473   
3500/5000   risk = 0.14  riskauc = 0.97   time = 30514769   
3625/5000   risk = 0.14  riskauc = 0.97   time = 31580842   
3750/5000   risk = 0.13  riskauc = 0.97   time = 32625447   
3875/5000   risk = 0.13  riskauc = 0.97   time = 33667553   
4000/5000   risk = 0.13  riskauc = 0.97   time = 35482256   
4125/5000   risk = 0.13  riskauc = 0.97   time = 37457006   
4250/5000   risk = 0.13  riskauc = 0.97   time = 38719337   
4375/5000   risk = 0.13  riskauc = 0.97   time = 39856174   
4500/5000   risk = 0.13  riskauc = 0.97   time = 41066312   
4625/5000   risk = 0.13  riskauc = 0.97   time = 42260900   
4750/5000   risk = 0.13  riskauc = 0.97   time = 43290425   
4875/5000   risk = 0.13  riskauc = 0.97   time = 44384427   
5000/5000   risk = 0.13  riskauc = 0.97   time = 45536203   


Train 5000 iterations in 45 Seconds.
Final risk based on the train set: 0.13

DEBUG [19:20:08.680] [mlr3]  Learner 'bin_cwb_b' on task 'spam' succeeded to fit a model {learner: <LearnerClassifCompboost/LearnerClassif/Learner/R6>, result: <list>, messages: }
DEBUG [19:20:08.697] [mlr3]  Skip subsetting of task 'spam' 
DEBUG [19:20:08.701] [mlr3]  Calling train method of Learner 'bin_cwb_b' on task 'spam' with 3680 observations {learner: <LearnerClassifCompboost/LearnerClassif/Learner/R6>}
   1/5000   risk = 0.64  time = 1   
 125/5000   risk = 0.24  time = 1121400   
 250/5000   risk = 0.21  time = 2166325   
 375/5000   risk = 0.19  time = 3206374   
 500/5000   risk = 0.18  time = 4420737   
 625/5000   risk = 0.18  time = 5467695   
 750/5000   risk = 0.17  time = 6606424   
 875/5000   risk = 0.17  time = 7709494   
1000/5000   risk = 0.17  time = 8747411   
1125/5000   risk = 0.16  time = 9813667   
1250/5000   risk = 0.16  time = 10918263   
1375/5000   risk = 0.16  time = 11957247   
1500/5000   risk = 0.16  time = 13054232   
1625/5000   risk = 0.15  time = 14231246   
1750/5000   risk = 0.15  time = 15386867   
1875/5000   risk = 0.15  time = 16508999   
2000/5000   risk = 0.15  time = 17591521   
2125/5000   risk = 0.15  time = 18868880   
2250/5000   risk = 0.15  time = 20070600   
2375/5000   risk = 0.14  time = 21235497   
2500/5000   risk = 0.14  time = 22376536   
2625/5000   risk = 0.14  time = 23572526   
2750/5000   risk = 0.14  time = 24755470   
2875/5000   risk = 0.14  time = 25826516   
3000/5000   risk = 0.14  time = 26952303   
3125/5000   risk = 0.14  time = 28112062   
3250/5000   risk = 0.14  time = 29200726   
3375/5000   risk = 0.14  time = 30313530   
3500/5000   risk = 0.14  time = 31360917   
3625/5000   risk = 0.14  time = 32441494   
3750/5000   risk = 0.13  time = 33551004   
3875/5000   risk = 0.13  time = 34622672   
4000/5000   risk = 0.13  time = 35696029   
4125/5000   risk = 0.13  time = 36833100   
4250/5000   risk = 0.13  time = 37950152   
4375/5000   risk = 0.13  time = 39024542   
4500/5000   risk = 0.13  time = 40174470   
4625/5000   risk = 0.13  time = 41282285   
4750/5000   risk = 0.13  time = 42490599   
4875/5000   risk = 0.13  time = 43566307   
5000/5000   risk = 0.13  time = 44660060   


Train 5000 iterations in 44 Seconds.
Final risk based on the train set: 0.13

DEBUG [19:20:56.150] [mlr3]  Learner 'bin_cwb_b' on task 'spam' succeeded to fit a model {learner: <LearnerClassifCompboost/LearnerClassif/Learner/R6>, result: <list>, messages: }

### [bt]: Job terminated successfully [batchtools job.id=2]
### [bt]: Calculation finished!
