### [bt]: This is batchtools v0.9.15
### [bt]: Starting calculation of 1 jobs
### [bt]: Setting working directory to '/home/user/repos/cacb-batchtools/eq1'
[2021-07-27 08:49:04] Loading new learner
[2021-07-27 08:49:04] Loading tasks
[2021-07-27 08:49:07] Loading resampling
### [bt]: Memory measurement disabled
### [bt]: Starting job [batchtools job.id=106]
### [bt]: Generating problem instance for problem '359994-fold2' ...
### [bt]: Applying algorithm 'evaluate-learner' on problem '359994-fold2' for job 106 (seed = 31521) ...
DEBUG [08:49:10.230] [mlr3]  Skip subsetting of task 'Task 359994: sf-police-incidents (Supervised Classification)' 
DEBUG [08:49:10.234] [mlr3]  Calling train method of Learner 'bin_cwb_nb' on task 'Task 359994: sf-police-incidents (Supervised Classification)' with 1772018 observations {learner: <LearnerClassifCompboost/LearnerClassif/Learner/R6>}
Warning in get_private(learner)$.train(task) :
  Number of cores 30 exceeds number of features 8. The number of cores are set to 8!
INFO  [08:49:11.249] [mlr3]  [LGCOMPBOOST] Running compboost with df 7.000000 and df_cat 7.000000 
   1/5000   risk = 0.37  riskauc = 0.55   time = 4   
 125/5000   risk = 0.48  riskauc = 0.59   time = 71310697   
 250/5000   risk = 0.49  riskauc = 0.59   time = 142505795   
 375/5000   risk = 0.49  riskauc = 0.59   time = 212520045   
 500/5000   risk = 0.49  riskauc = 0.59   time = 282557685   
 625/5000   risk = 0.49  riskauc = 0.6   time = 356871070   
 750/5000   risk = 0.49  riskauc = 0.6   time = 429997332   
 875/5000   risk = 0.49  riskauc = 0.6   time = 503976464   
1000/5000   risk = 0.49  riskauc = 0.6   time = 575213577   
1125/5000   risk = 0.49  riskauc = 0.6   time = 646436701   
1250/5000   risk = 0.49  riskauc = 0.6   time = 713530189   
1375/5000   risk = 0.49  riskauc = 0.6   time = 777808933   
1500/5000   risk = 0.49  riskauc = 0.6   time = 852030207   
1625/5000   risk = 0.49  riskauc = 0.6   time = 925787959   
1750/5000   risk = 0.49  riskauc = 0.6   time = 1001004337   
1875/5000   risk = 0.49  riskauc = 0.6   time = 1068666179   
2000/5000   risk = 0.49  riskauc = 0.6   time = 1132172525   
2125/5000   risk = 0.49  riskauc = 0.6   time = 1194785868   
2250/5000   risk = 0.49  riskauc = 0.6   time = 1262719127   
2375/5000   risk = 0.49  riskauc = 0.6   time = 1326751033   
2500/5000   risk = 0.49  riskauc = 0.6   time = 1391646124   
2625/5000   risk = 0.49  riskauc = 0.6   time = 1456545114   
2750/5000   risk = 0.49  riskauc = 0.6   time = 1523186712   
2875/5000   risk = 0.49  riskauc = 0.6   time = 1594035669   
3000/5000   risk = 0.49  riskauc = 0.6   time = 1658394990   
3125/5000   risk = 0.49  riskauc = 0.6   time = 1723345259   
3250/5000   risk = 0.49  riskauc = 0.6   time = 1786485006   
3375/5000   risk = 0.49  riskauc = 0.6   time = 1849467631   
3500/5000   risk = 0.49  riskauc = 0.6   time = 1912438891   
3625/5000   risk = 0.49  riskauc = 0.6   time = 1978795560   
3750/5000   risk = 0.49  riskauc = 0.6   time = 2045604656   
3875/5000   risk = 0.49  riskauc = 0.6   time = 2108724459   
4000/5000   risk = 0.49  riskauc = 0.6   time = 2172593910   
4125/5000   risk = 0.49  riskauc = 0.6   time = 2241667431   
4250/5000   risk = 0.49  riskauc = 0.6   time = 2305362073   
4375/5000   risk = 0.49  riskauc = 0.6   time = 2370794272   
4500/5000   risk = 0.49  riskauc = 0.6   time = 2435172679   
4625/5000   risk = 0.49  riskauc = 0.6   time = 2505589535   
4750/5000   risk = 0.49  riskauc = 0.6   time = 2572049213   
4875/5000   risk = 0.49  riskauc = 0.6   time = 2638798771   
5000/5000   risk = 0.49  riskauc = 0.6   time = 2707802605   


Train 5000 iterations in 2708 Seconds.
Final risk based on the train set: 0.49

INFO  [09:34:34.922] [mlr3]  [LGCOMPBOOST] iterations:'stop_cwb',5000,'stop_acwb',NA,'stop_hcwb',NA 
INFO  [09:34:34.925] [mlr3]  [LGCOMPBOOST] risk_inbag:'risk_intercept',0.370076,'risk_cwb',0.487709,'risk_acwb',NA,'risk_hcwb',NA 
INFO  [09:34:34.926] [mlr3]  [LGCOMPBOOST] risk_oob:'risk_intercept_oob',NA,'risk_cwb_oob',NA,'risk_acwb_oob',NA,'risk_hcwb_oob',NA 
DEBUG [09:34:34.931] [mlr3]  Learner 'bin_cwb_nb' on task 'Task 359994: sf-police-incidents (Supervised Classification)' succeeded to fit a model {learner: <LearnerClassifCompboost/LearnerClassif/Learner/R6>, result: <list>, messages: }
DEBUG [09:34:34.972] [mlr3]  Skip subsetting of task 'Task 359994: sf-police-incidents (Supervised Classification)' 
DEBUG [09:34:34.975] [mlr3]  Calling train method of Learner 'bin_cwb_nb' on task 'Task 359994: sf-police-incidents (Supervised Classification)' with 1772018 observations {learner: <LearnerClassifCompboost/LearnerClassif/Learner/R6>}
Warning in get_private(learner)$.train(task) :
  Number of cores 30 exceeds number of features 8. The number of cores are set to 8!
INFO  [09:34:35.720] [mlr3]  [LGCOMPBOOST] Running compboost with df 7.000000 and df_cat 7.000000 
   1/5000   risk = 0.37  time = 3   
 125/5000   risk = 0.48  time = 52775701   
 250/5000   risk = 0.49  time = 104897818   
 375/5000   risk = 0.49  time = 156838656   
 500/5000   risk = 0.49  time = 209037711   
 625/5000   risk = 0.49  time = 261714608   
 750/5000   risk = 0.49  time = 314395476   
 875/5000   risk = 0.49  time = 369080523   
1000/5000   risk = 0.49  time = 422261651   
1125/5000   risk = 0.49  time = 474454570   
1250/5000   risk = 0.49  time = 526850870   
1375/5000   risk = 0.49  time = 578991447   
1500/5000   risk = 0.49  time = 631365368   
1625/5000   risk = 0.49  time = 685323689   
1750/5000   risk = 0.49  time = 738403497   
1875/5000   risk = 0.49  time = 793253923   
2000/5000   risk = 0.49  time = 846431039   
2125/5000   risk = 0.49  time = 899384203   
2250/5000   risk = 0.49  time = 952969388   
2375/5000   risk = 0.49  time = 1006278577   
2500/5000   risk = 0.49  time = 1059922043   
2625/5000   risk = 0.49  time = 1115261060   
2750/5000   risk = 0.49  time = 1170446539   
2875/5000   risk = 0.49  time = 1224368820   
3000/5000   risk = 0.49  time = 1278097196   
3125/5000   risk = 0.49  time = 1331946596   
3250/5000   risk = 0.49  time = 1385618967   
3375/5000   risk = 0.49  time = 1438800777   
3500/5000   risk = 0.49  time = 1491099551   
3625/5000   risk = 0.49  time = 1544805869   
3750/5000   risk = 0.49  time = 1599049574   
3875/5000   risk = 0.49  time = 1653441981   
4000/5000   risk = 0.49  time = 1705216655   
4125/5000   risk = 0.49  time = 1757664487   
4250/5000   risk = 0.49  time = 1809818042   
4375/5000   risk = 0.49  time = 1862862738   
4500/5000   risk = 0.49  time = 1916154470   
4625/5000   risk = 0.49  time = 1969674294   
4750/5000   risk = 0.49  time = 2022624798   
4875/5000   risk = 0.49  time = 2075623405   
5000/5000   risk = 0.49  time = 2129140095   


Train 5000 iterations in 2129 Seconds.
Final risk based on the train set: 0.49

INFO  [10:10:20.360] [mlr3]  [LGCOMPBOOST] iterations:'stop_cwb',5000,'stop_acwb',NA,'stop_hcwb',NA 
INFO  [10:10:20.364] [mlr3]  [LGCOMPBOOST] risk_inbag:'risk_intercept',0.370076,'risk_cwb',0.487709,'risk_acwb',NA,'risk_hcwb',NA 
INFO  [10:10:20.366] [mlr3]  [LGCOMPBOOST] risk_oob:'risk_intercept_oob',NA,'risk_cwb_oob',NA,'risk_acwb_oob',NA,'risk_hcwb_oob',NA 
DEBUG [10:10:20.372] [mlr3]  Learner 'bin_cwb_nb' on task 'Task 359994: sf-police-incidents (Supervised Classification)' succeeded to fit a model {learner: <LearnerClassifCompboost/LearnerClassif/Learner/R6>, result: <list>, messages: }

### [bt]: Job terminated successfully [batchtools job.id=106]
### [bt]: Calculation finished!
