### [bt]: This is batchtools v0.9.15
### [bt]: Starting calculation of 1 jobs
### [bt]: Setting working directory to '/home/user/repos/cacb-batchtools/eq1'
[2021-07-28 16:57:43] Loading new learner
[2021-07-28 16:57:43] Loading tasks
[2021-07-28 16:57:46] Loading resampling
### [bt]: Memory measurement disabled
### [bt]: Starting job [batchtools job.id=74]
### [bt]: Generating problem instance for problem '189866-fold4' ...
### [bt]: Applying algorithm 'evaluate-learner' on problem '189866-fold4' for job 74 (seed = 31489) ...
DEBUG [16:57:50.503] [mlr3]  Skip subsetting of task 'Task 189866: albert (Supervised Classification)' 
DEBUG [16:57:50.506] [mlr3]  Calling train method of Learner 'bin_cwb_b' on task 'Task 189866: albert (Supervised Classification)' with 340192 observations {learner: <LearnerClassifCompboost/LearnerClassif/Learner/R6>}
   1/5000   risk = 0.69  riskauc = 0.64   time = 3   
 125/5000   risk = 0.63  riskauc = 0.71   time = 17602216   
 250/5000   risk = 0.63  riskauc = 0.72   time = 35287461   
 375/5000   risk = 0.63  riskauc = 0.73   time = 53832274   
 500/5000   risk = 0.64  riskauc = 0.73   time = 72381941   
 625/5000   risk = 0.64  riskauc = 0.73   time = 90590549   
 750/5000   risk = 0.64  riskauc = 0.73   time = 108884717   
 875/5000   risk = 0.64  riskauc = 0.73   time = 127259510   
1000/5000   risk = 0.64  riskauc = 0.73   time = 145590087   
1125/5000   risk = 0.65  riskauc = 0.73   time = 163950689   
1250/5000   risk = 0.65  riskauc = 0.73   time = 182063268   
1375/5000   risk = 0.65  riskauc = 0.73   time = 200103325   
1500/5000   risk = 0.65  riskauc = 0.73   time = 218387668   
1625/5000   risk = 0.65  riskauc = 0.73   time = 236755661   
1750/5000   risk = 0.65  riskauc = 0.73   time = 254733473   
1875/5000   risk = 0.65  riskauc = 0.73   time = 272944325   
2000/5000   risk = 0.65  riskauc = 0.73   time = 291276776   
2125/5000   risk = 0.65  riskauc = 0.73   time = 309978310   
2250/5000   risk = 0.65  riskauc = 0.73   time = 328370962   
2375/5000   risk = 0.65  riskauc = 0.73   time = 346651960   
2500/5000   risk = 0.65  riskauc = 0.73   time = 365004018   
2625/5000   risk = 0.65  riskauc = 0.73   time = 383339273   
2750/5000   risk = 0.65  riskauc = 0.73   time = 402187095   
2875/5000   risk = 0.65  riskauc = 0.73   time = 420565130   
3000/5000   risk = 0.65  riskauc = 0.74   time = 438847671   
3125/5000   risk = 0.65  riskauc = 0.74   time = 457462624   
3250/5000   risk = 0.65  riskauc = 0.74   time = 475819898   
3375/5000   risk = 0.65  riskauc = 0.74   time = 494302752   
3500/5000   risk = 0.65  riskauc = 0.74   time = 512490289   
3625/5000   risk = 0.65  riskauc = 0.74   time = 530965529   
3750/5000   risk = 0.65  riskauc = 0.74   time = 549410874   
3875/5000   risk = 0.65  riskauc = 0.74   time = 566938431   
4000/5000   risk = 0.65  riskauc = 0.74   time = 584656063   
4125/5000   risk = 0.65  riskauc = 0.74   time = 602259505   
4250/5000   risk = 0.65  riskauc = 0.74   time = 619804044   
4375/5000   risk = 0.65  riskauc = 0.74   time = 637489316   
4500/5000   risk = 0.65  riskauc = 0.74   time = 655219593   
4625/5000   risk = 0.65  riskauc = 0.74   time = 672877020   
4750/5000   risk = 0.65  riskauc = 0.74   time = 690461352   
4875/5000   risk = 0.65  riskauc = 0.74   time = 708052485   
5000/5000   risk = 0.65  riskauc = 0.74   time = 725823797   


Train 5000 iterations in 725 Seconds.
Final risk based on the train set: 0.65

DEBUG [17:10:04.274] [mlr3]  Learner 'bin_cwb_b' on task 'Task 189866: albert (Supervised Classification)' succeeded to fit a model {learner: <LearnerClassifCompboost/LearnerClassif/Learner/R6>, result: <list>, messages: }
DEBUG [17:10:04.298] [mlr3]  Skip subsetting of task 'Task 189866: albert (Supervised Classification)' 
DEBUG [17:10:04.302] [mlr3]  Calling train method of Learner 'bin_cwb_b' on task 'Task 189866: albert (Supervised Classification)' with 340192 observations {learner: <LearnerClassifCompboost/LearnerClassif/Learner/R6>}
   1/5000   risk = 0.69  time = 4   
 125/5000   risk = 0.63  time = 15914273   
 250/5000   risk = 0.63  time = 31230563   
 375/5000   risk = 0.63  time = 46538438   
 500/5000   risk = 0.64  time = 61781353   
 625/5000   risk = 0.64  time = 77013369   
 750/5000   risk = 0.64  time = 92359740   
 875/5000   risk = 0.64  time = 108037238   
1000/5000   risk = 0.64  time = 123814549   
1125/5000   risk = 0.65  time = 139781491   
1250/5000   risk = 0.65  time = 155745906   
1375/5000   risk = 0.65  time = 171371814   
1500/5000   risk = 0.65  time = 187288611   
1625/5000   risk = 0.65  time = 203315725   
1750/5000   risk = 0.65  time = 219366385   
1875/5000   risk = 0.65  time = 235383626   
2000/5000   risk = 0.65  time = 250950950   
2125/5000   risk = 0.65  time = 266746436   
2250/5000   risk = 0.65  time = 282520622   
2375/5000   risk = 0.65  time = 298372767   
2500/5000   risk = 0.65  time = 314081289   
2625/5000   risk = 0.65  time = 329846289   
2750/5000   risk = 0.65  time = 345654658   
2875/5000   risk = 0.65  time = 361489251   
3000/5000   risk = 0.65  time = 377333242   
3125/5000   risk = 0.65  time = 393264906   
3250/5000   risk = 0.65  time = 409089699   
3375/5000   risk = 0.65  time = 424960510   
3500/5000   risk = 0.65  time = 440864754   
3625/5000   risk = 0.65  time = 456713925   
3750/5000   risk = 0.65  time = 472560577   
3875/5000   risk = 0.65  time = 488684118   
4000/5000   risk = 0.65  time = 504535471   
4125/5000   risk = 0.65  time = 519907123   
4250/5000   risk = 0.65  time = 535316118   
4375/5000   risk = 0.65  time = 550756746   
4500/5000   risk = 0.65  time = 566228232   
4625/5000   risk = 0.65  time = 581051122   
4750/5000   risk = 0.65  time = 595922769   
4875/5000   risk = 0.65  time = 610807278   
5000/5000   risk = 0.65  time = 625765535   


Train 5000 iterations in 625 Seconds.
Final risk based on the train set: 0.65

DEBUG [17:20:37.108] [mlr3]  Learner 'bin_cwb_b' on task 'Task 189866: albert (Supervised Classification)' succeeded to fit a model {learner: <LearnerClassifCompboost/LearnerClassif/Learner/R6>, result: <list>, messages: }

### [bt]: Job terminated successfully [batchtools job.id=74]
### [bt]: Calculation finished!
