### [bt]: This is batchtools v0.9.15
### [bt]: Starting calculation of 1 jobs
### [bt]: Setting working directory to '/home/user/repos/cacb-batchtools/eq1'
[2021-07-26 01:03:26] Loading new learner
[2021-07-26 01:03:26] Loading tasks
[2021-07-26 01:03:29] Loading resampling
### [bt]: Memory measurement disabled
### [bt]: Starting job [batchtools job.id=35]
### [bt]: Generating problem instance for problem '7592-fold2' ...
### [bt]: Applying algorithm 'evaluate-learner' on problem '7592-fold2' for job 35 (seed = 31450) ...
DEBUG [01:03:30.452] [mlr3]  Skip subsetting of task 'Task 7592: adult (Supervised Classification)' 
DEBUG [01:03:30.455] [mlr3]  Calling train method of Learner 'acc_hcwb' on task 'Task 7592: adult (Supervised Classification)' with 39073 observations {learner: <LearnerClassifCompboost/LearnerClassif/Learner/R6>}
Warning in get_private(learner)$.train(task) :
  Number of cores 30 exceeds number of features 14. The number of cores are set to 14!
INFO  [01:03:30.568] [mlr3]  [LGCOMPBOOST] Running compboost with df 5.000000 and df_cat 2.000000 
   1/5000   risk = 0.54  oob_risk = 0.56   riskauc = 0.77   time = 3   
 125/5000   risk = 0.4  oob_risk = 0.41   riskauc = 0.9   time = 2508587   
 250/5000   risk = 0.32  oob_risk = 0.33   riskauc = 0.91   time = 4997477   


Train 314 iterations in 6 Seconds.
Final risk based on the train set: 0.31

   1/4686   risk = 0.31  oob_risk = 0.33   riskauc = 0.91   time = 2   
 117/4686   risk = 0.32  oob_risk = 0.33   riskauc = 0.91   time = 1247728   
 234/4686   risk = 0.32  oob_risk = 0.33   riskauc = 0.91   time = 2458222   
 351/4686   risk = 0.32  oob_risk = 0.34   riskauc = 0.91   time = 3593935   
 468/4686   risk = 0.32  oob_risk = 0.34   riskauc = 0.91   time = 4761825   
 585/4686   risk = 0.32  oob_risk = 0.34   riskauc = 0.91   time = 5923031   
 702/4686   risk = 0.33  oob_risk = 0.34   riskauc = 0.91   time = 7261958   
 819/4686   risk = 0.33  oob_risk = 0.34   riskauc = 0.91   time = 8509251   
 936/4686   risk = 0.33  oob_risk = 0.34   riskauc = 0.91   time = 9739874   
1053/4686   risk = 0.33  oob_risk = 0.34   riskauc = 0.91   time = 10934035   
1170/4686   risk = 0.33  oob_risk = 0.35   riskauc = 0.91   time = 12185295   
1287/4686   risk = 0.33  oob_risk = 0.35   riskauc = 0.91   time = 13439606   
1404/4686   risk = 0.33  oob_risk = 0.35   riskauc = 0.91   time = 14897286   
1521/4686   risk = 0.33  oob_risk = 0.35   riskauc = 0.91   time = 16263712   
1638/4686   risk = 0.33  oob_risk = 0.35   riskauc = 0.91   time = 17571383   
1755/4686   risk = 0.33  oob_risk = 0.35   riskauc = 0.91   time = 18898960   
1872/4686   risk = 0.33  oob_risk = 0.35   riskauc = 0.91   time = 20201721   
1989/4686   risk = 0.33  oob_risk = 0.35   riskauc = 0.91   time = 21407606   
2106/4686   risk = 0.33  oob_risk = 0.35   riskauc = 0.91   time = 22545086   
2223/4686   risk = 0.33  oob_risk = 0.35   riskauc = 0.91   time = 23949548   
2340/4686   risk = 0.34  oob_risk = 0.35   riskauc = 0.91   time = 25184696   
2457/4686   risk = 0.34  oob_risk = 0.35   riskauc = 0.91   time = 26398954   
2574/4686   risk = 0.34  oob_risk = 0.35   riskauc = 0.91   time = 27628330   
2691/4686   risk = 0.34  oob_risk = 0.35   riskauc = 0.91   time = 28854354   
2808/4686   risk = 0.34  oob_risk = 0.35   riskauc = 0.91   time = 30077587   
2925/4686   risk = 0.34  oob_risk = 0.35   riskauc = 0.91   time = 31362596   
3042/4686   risk = 0.34  oob_risk = 0.35   riskauc = 0.91   time = 32586316   
3159/4686   risk = 0.34  oob_risk = 0.35   riskauc = 0.91   time = 33855372   
3276/4686   risk = 0.34  oob_risk = 0.35   riskauc = 0.91   time = 35217608   
3393/4686   risk = 0.34  oob_risk = 0.35   riskauc = 0.91   time = 36626428   
3510/4686   risk = 0.34  oob_risk = 0.35   riskauc = 0.91   time = 37997037   
3627/4686   risk = 0.34  oob_risk = 0.36   riskauc = 0.91   time = 39453154   
3744/4686   risk = 0.34  oob_risk = 0.36   riskauc = 0.91   time = 40898718   
3861/4686   risk = 0.34  oob_risk = 0.36   riskauc = 0.91   time = 42370908   
3978/4686   risk = 0.34  oob_risk = 0.36   riskauc = 0.91   time = 43789227   
4095/4686   risk = 0.34  oob_risk = 0.36   riskauc = 0.91   time = 45137267   
4212/4686   risk = 0.34  oob_risk = 0.36   riskauc = 0.91   time = 46534670   
4329/4686   risk = 0.34  oob_risk = 0.36   riskauc = 0.91   time = 47924717   
4446/4686   risk = 0.34  oob_risk = 0.36   riskauc = 0.91   time = 49337404   
4563/4686   risk = 0.34  oob_risk = 0.36   riskauc = 0.91   time = 50762094   
4680/4686   risk = 0.34  oob_risk = 0.36   riskauc = 0.91   time = 52109732   


Train 4686 iterations in 52 Seconds.
Final risk based on the train set: 0.34

INFO  [01:04:30.648] [mlr3]  [LGCOMPBOOST] Completed fitting of restarted compboost model with optimizer nesterov 
INFO  [01:04:35.439] [mlr3]  [LGCOMPBOOST] iterations:'stop_cwb',NA,'stop_acwb',314,'stop_hcwb',4686 
INFO  [01:04:35.441] [mlr3]  [LGCOMPBOOST] risk_inbag:'risk_intercept',0.546293,'risk_cwb',NA,'risk_acwb',0.313850,'risk_hcwb',0.341998 
INFO  [01:04:35.443] [mlr3]  [LGCOMPBOOST] risk_oob:'risk_intercept_oob',0.557614,'risk_cwb_oob',NA,'risk_acwb_oob',0.324595,'risk_hcwb_oob',0.357868 
DEBUG [01:04:35.449] [mlr3]  Learner 'acc_hcwb' on task 'Task 7592: adult (Supervised Classification)' succeeded to fit a model {learner: <LearnerClassifCompboost/LearnerClassif/Learner/R6>, result: <list>, messages: }
DEBUG [01:04:35.467] [mlr3]  Skip subsetting of task 'Task 7592: adult (Supervised Classification)' 
DEBUG [01:04:35.471] [mlr3]  Calling train method of Learner 'acc_hcwb' on task 'Task 7592: adult (Supervised Classification)' with 39073 observations {learner: <LearnerClassifCompboost/LearnerClassif/Learner/R6>}
Warning in get_private(learner)$.train(task) :
  Number of cores 30 exceeds number of features 14. The number of cores are set to 14!
INFO  [01:04:35.544] [mlr3]  [LGCOMPBOOST] Running compboost with df 5.000000 and df_cat 2.000000 
   1/5000   risk = 0.54  oob_risk = 0.56   time = 2   
 125/5000   risk = 0.4  oob_risk = 0.41   time = 1584553   
 250/5000   risk = 0.32  oob_risk = 0.33   time = 3308988   


Train 314 iterations in 4 Seconds.
Final risk based on the train set: 0.31

   1/4686   risk = 0.31  oob_risk = 0.33   time = 3   
 117/4686   risk = 0.32  oob_risk = 0.33   time = 741284   
 234/4686   risk = 0.32  oob_risk = 0.33   time = 1592371   
 351/4686   risk = 0.32  oob_risk = 0.34   time = 2475529   
 468/4686   risk = 0.32  oob_risk = 0.34   time = 3310437   
 585/4686   risk = 0.32  oob_risk = 0.34   time = 4136602   
 702/4686   risk = 0.33  oob_risk = 0.34   time = 4975659   
 819/4686   risk = 0.33  oob_risk = 0.34   time = 5841431   
 936/4686   risk = 0.33  oob_risk = 0.34   time = 6679431   
1053/4686   risk = 0.33  oob_risk = 0.34   time = 7532258   
1170/4686   risk = 0.33  oob_risk = 0.35   time = 8400166   
1287/4686   risk = 0.33  oob_risk = 0.35   time = 9287454   
1404/4686   risk = 0.33  oob_risk = 0.35   time = 10179061   
1521/4686   risk = 0.33  oob_risk = 0.35   time = 11071330   
1638/4686   risk = 0.33  oob_risk = 0.35   time = 11965627   
1755/4686   risk = 0.33  oob_risk = 0.35   time = 12837430   
1872/4686   risk = 0.33  oob_risk = 0.35   time = 13708997   
1989/4686   risk = 0.33  oob_risk = 0.35   time = 14577418   
2106/4686   risk = 0.33  oob_risk = 0.35   time = 15454319   
2223/4686   risk = 0.33  oob_risk = 0.35   time = 16345546   
2340/4686   risk = 0.34  oob_risk = 0.35   time = 17249016   
2457/4686   risk = 0.34  oob_risk = 0.35   time = 18152663   
2574/4686   risk = 0.34  oob_risk = 0.35   time = 19055047   
2691/4686   risk = 0.34  oob_risk = 0.35   time = 19937378   
2808/4686   risk = 0.34  oob_risk = 0.35   time = 20773432   
2925/4686   risk = 0.34  oob_risk = 0.35   time = 21639984   
3042/4686   risk = 0.34  oob_risk = 0.35   time = 22538148   
3159/4686   risk = 0.34  oob_risk = 0.35   time = 23439375   
3276/4686   risk = 0.34  oob_risk = 0.35   time = 24343052   
3393/4686   risk = 0.34  oob_risk = 0.35   time = 25234211   
3510/4686   risk = 0.34  oob_risk = 0.35   time = 26132899   
3627/4686   risk = 0.34  oob_risk = 0.36   time = 27040073   
3744/4686   risk = 0.34  oob_risk = 0.36   time = 27950992   
3861/4686   risk = 0.34  oob_risk = 0.36   time = 28801878   
3978/4686   risk = 0.34  oob_risk = 0.36   time = 29555245   
4095/4686   risk = 0.34  oob_risk = 0.36   time = 30316405   
4212/4686   risk = 0.34  oob_risk = 0.36   time = 31077829   
4329/4686   risk = 0.34  oob_risk = 0.36   time = 31842483   
4446/4686   risk = 0.34  oob_risk = 0.36   time = 32618653   
4563/4686   risk = 0.34  oob_risk = 0.36   time = 33400814   
4680/4686   risk = 0.34  oob_risk = 0.36   time = 34184638   


Train 4686 iterations in 34 Seconds.
Final risk based on the train set: 0.34

INFO  [01:05:14.684] [mlr3]  [LGCOMPBOOST] Completed fitting of restarted compboost model with optimizer nesterov 
INFO  [01:05:19.380] [mlr3]  [LGCOMPBOOST] iterations:'stop_cwb',NA,'stop_acwb',314,'stop_hcwb',4686 
INFO  [01:05:19.382] [mlr3]  [LGCOMPBOOST] risk_inbag:'risk_intercept',0.546293,'risk_cwb',NA,'risk_acwb',0.313850,'risk_hcwb',0.341998 
INFO  [01:05:19.384] [mlr3]  [LGCOMPBOOST] risk_oob:'risk_intercept_oob',0.557614,'risk_cwb_oob',NA,'risk_acwb_oob',0.324595,'risk_hcwb_oob',0.357868 
DEBUG [01:05:19.392] [mlr3]  Learner 'acc_hcwb' on task 'Task 7592: adult (Supervised Classification)' succeeded to fit a model {learner: <LearnerClassifCompboost/LearnerClassif/Learner/R6>, result: <list>, messages: }

### [bt]: Job terminated successfully [batchtools job.id=35]
### [bt]: Calculation finished!
