### [bt]: This is batchtools v0.9.15
### [bt]: Starting calculation of 1 jobs
### [bt]: Setting working directory to '/home/user/repos/cacb-batchtools/eq1'
[2021-07-25 20:08:57] Loading new learner
[2021-07-25 20:08:57] Loading tasks
[2021-07-25 20:08:59] Loading resampling
### [bt]: Memory measurement disabled
### [bt]: Starting job [batchtools job.id=18]
### [bt]: Generating problem instance for problem 'spam-fold4' ...
### [bt]: Applying algorithm 'evaluate-learner' on problem 'spam-fold4' for job 18 (seed = 31433) ...
DEBUG [20:09:00.771] [mlr3]  Skip subsetting of task 'spam' 
DEBUG [20:09:00.774] [mlr3]  Calling train method of Learner 'acc_cwb' on task 'spam' with 3682 observations {learner: <LearnerClassifCompboost/LearnerClassif/Learner/R6>}
INFO  [20:09:00.783] [mlr3]  [LGCOMPBOOST] Running compboost with df 20.000000 and df_cat 1.000000 
   1/5000   risk = 0.67  riskauc = 0.84   time = 2   
 125/5000   risk = 0.44  riskauc = 0.92   time = 1361495   
 250/5000   risk = 0.35  riskauc = 0.93   time = 2611704   
 375/5000   risk = 0.31  riskauc = 0.94   time = 3845704   
 500/5000   risk = 0.29  riskauc = 0.95   time = 5219450   
 625/5000   risk = 0.27  riskauc = 0.95   time = 6405583   
 750/5000   risk = 0.26  riskauc = 0.95   time = 7714169   
 875/5000   risk = 0.25  riskauc = 0.96   time = 8886759   
1000/5000   risk = 0.24  riskauc = 0.96   time = 10231121   
1125/5000   risk = 0.23  riskauc = 0.96   time = 11691263   
1250/5000   risk = 0.23  riskauc = 0.96   time = 12935731   
1375/5000   risk = 0.22  riskauc = 0.96   time = 14091510   
1500/5000   risk = 0.22  riskauc = 0.96   time = 15331256   
1625/5000   risk = 0.22  riskauc = 0.96   time = 16557700   
1750/5000   risk = 0.21  riskauc = 0.96   time = 17884298   
1875/5000   risk = 0.21  riskauc = 0.96   time = 19089541   
2000/5000   risk = 0.21  riskauc = 0.97   time = 20326223   
2125/5000   risk = 0.2  riskauc = 0.97   time = 21417338   
2250/5000   risk = 0.2  riskauc = 0.97   time = 22622381   
2375/5000   risk = 0.2  riskauc = 0.97   time = 23905462   
2500/5000   risk = 0.2  riskauc = 0.97   time = 25136793   
2625/5000   risk = 0.2  riskauc = 0.97   time = 26447667   
2750/5000   risk = 0.2  riskauc = 0.97   time = 27709832   
2875/5000   risk = 0.2  riskauc = 0.97   time = 28911529   
3000/5000   risk = 0.19  riskauc = 0.97   time = 30113476   
3125/5000   risk = 0.19  riskauc = 0.97   time = 31198987   
3250/5000   risk = 0.19  riskauc = 0.97   time = 32517560   
3375/5000   risk = 0.19  riskauc = 0.97   time = 33855535   
3500/5000   risk = 0.19  riskauc = 0.97   time = 35088630   
3625/5000   risk = 0.19  riskauc = 0.97   time = 36297712   
3750/5000   risk = 0.19  riskauc = 0.97   time = 37514640   
3875/5000   risk = 0.19  riskauc = 0.97   time = 38827582   
4000/5000   risk = 0.18  riskauc = 0.97   time = 40306335   
4125/5000   risk = 0.18  riskauc = 0.97   time = 41561507   
4250/5000   risk = 0.18  riskauc = 0.97   time = 42717205   
4375/5000   risk = 0.18  riskauc = 0.97   time = 43869863   
4500/5000   risk = 0.18  riskauc = 0.97   time = 45116012   
4625/5000   risk = 0.18  riskauc = 0.97   time = 46501752   
4750/5000   risk = 0.18  riskauc = 0.97   time = 47733535   
4875/5000   risk = 0.18  riskauc = 0.97   time = 49001322   
5000/5000   risk = 0.18  riskauc = 0.97   time = 50210537   


Train 5000 iterations in 50 Seconds.
Final risk based on the train set: 0.18

INFO  [20:10:00.266] [mlr3]  [LGCOMPBOOST] iterations:'stop_cwb',5000,'stop_acwb',NA,'stop_hcwb',NA 
INFO  [20:10:00.270] [mlr3]  [LGCOMPBOOST] risk_inbag:'risk_intercept',0.670538,'risk_cwb',0.177300,'risk_acwb',NA,'risk_hcwb',NA 
INFO  [20:10:00.271] [mlr3]  [LGCOMPBOOST] risk_oob:'risk_intercept_oob',NA,'risk_cwb_oob',NA,'risk_acwb_oob',NA,'risk_hcwb_oob',NA 
DEBUG [20:10:00.277] [mlr3]  Learner 'acc_cwb' on task 'spam' succeeded to fit a model {learner: <LearnerClassifCompboost/LearnerClassif/Learner/R6>, result: <list>, messages: }
DEBUG [20:10:00.290] [mlr3]  Skip subsetting of task 'spam' 
DEBUG [20:10:00.294] [mlr3]  Calling train method of Learner 'acc_cwb' on task 'spam' with 3682 observations {learner: <LearnerClassifCompboost/LearnerClassif/Learner/R6>}
INFO  [20:10:00.307] [mlr3]  [LGCOMPBOOST] Running compboost with df 20.000000 and df_cat 1.000000 
   1/5000   risk = 0.67  time = 2   
 125/5000   risk = 0.44  time = 1190151   
 250/5000   risk = 0.35  time = 2259776   
 375/5000   risk = 0.31  time = 3260760   
 500/5000   risk = 0.29  time = 4516497   
 625/5000   risk = 0.27  time = 5633823   
 750/5000   risk = 0.26  time = 6745349   
 875/5000   risk = 0.25  time = 7871094   
1000/5000   risk = 0.24  time = 9052090   
1125/5000   risk = 0.23  time = 10296212   
1250/5000   risk = 0.23  time = 11441572   
1375/5000   risk = 0.22  time = 12640560   
1500/5000   risk = 0.22  time = 13729486   
1625/5000   risk = 0.22  time = 14856010   
1750/5000   risk = 0.21  time = 16011790   
1875/5000   risk = 0.21  time = 17160679   
2000/5000   risk = 0.21  time = 18235860   
2125/5000   risk = 0.2  time = 19411039   
2250/5000   risk = 0.2  time = 20703916   
2375/5000   risk = 0.2  time = 21902826   
2500/5000   risk = 0.2  time = 23076409   
2625/5000   risk = 0.2  time = 24139473   
2750/5000   risk = 0.2  time = 25216517   
2875/5000   risk = 0.2  time = 26485016   
3000/5000   risk = 0.19  time = 27659188   
3125/5000   risk = 0.19  time = 28804269   
3250/5000   risk = 0.19  time = 30026075   
3375/5000   risk = 0.19  time = 31269585   
3500/5000   risk = 0.19  time = 32369268   
3625/5000   risk = 0.19  time = 33462109   
3750/5000   risk = 0.19  time = 34604003   
3875/5000   risk = 0.19  time = 35755264   
4000/5000   risk = 0.18  time = 36973119   
4125/5000   risk = 0.18  time = 38138947   
4250/5000   risk = 0.18  time = 39226111   
4375/5000   risk = 0.18  time = 40321979   
4500/5000   risk = 0.18  time = 41441427   
4625/5000   risk = 0.18  time = 42601571   
4750/5000   risk = 0.18  time = 43757730   
4875/5000   risk = 0.18  time = 44945549   
5000/5000   risk = 0.18  time = 46125285   


Train 5000 iterations in 46 Seconds.
Final risk based on the train set: 0.18

INFO  [20:10:55.327] [mlr3]  [LGCOMPBOOST] iterations:'stop_cwb',5000,'stop_acwb',NA,'stop_hcwb',NA 
INFO  [20:10:55.330] [mlr3]  [LGCOMPBOOST] risk_inbag:'risk_intercept',0.670538,'risk_cwb',0.177300,'risk_acwb',NA,'risk_hcwb',NA 
INFO  [20:10:55.332] [mlr3]  [LGCOMPBOOST] risk_oob:'risk_intercept_oob',NA,'risk_cwb_oob',NA,'risk_acwb_oob',NA,'risk_hcwb_oob',NA 
DEBUG [20:10:55.337] [mlr3]  Learner 'acc_cwb' on task 'spam' succeeded to fit a model {learner: <LearnerClassifCompboost/LearnerClassif/Learner/R6>, result: <list>, messages: }

### [bt]: Job terminated successfully [batchtools job.id=18]
### [bt]: Calculation finished!
