### [bt]: This is batchtools v0.9.15
### [bt]: Starting calculation of 1 jobs
### [bt]: Setting working directory to '/home/user/repos/cacb-batchtools/eq1'
Loading required package: data.table
Loading required package: R6
Loading required package: mlr3
Loading required package: mlr3learners
Loading required package: mlr3extralearners

Attaching package: ‘mlr3extralearners’

The following objects are masked from ‘package:mlr3’:

    lrn, lrns

Loading required package: mlr3pipelines
Loading required package: mlr3tuning
Loading required package: paradox
Loading required package: compboost
[2021-08-02 09:57:18] Loading new learner LearnerClassifCWB
[2021-08-02 09:57:18] Loading new learner LearnerClassifHCWB
[2021-08-02 09:57:18] Loading new learner
[2021-08-02 09:57:18] Loading tasks
[2021-08-02 09:57:21] Loading resampling
### [bt]: Memory measurement disabled
### [bt]: Starting job [batchtools job.id=93]
### [bt]: Generating problem instance for problem '189866-fold4' ...
### [bt]: Applying algorithm 'evaluate-learner' on problem '189866-fold4' for job 93 (seed = 31508) ...
DEBUG [09:57:26.834] [mlr3]  Skip subsetting of task 'Task 189866: albert (Supervised Classification)' 
DEBUG [09:57:26.931] [mlr3]  Calling train method of Learner 'acc_acwb' on task 'Task 189866: albert (Supervised Classification)' with 340192 observations {learner: <LearnerClassifCWB/LearnerClassif/Learner/R6>}
   1/5000   risk = 0.69  oob_risk = 0.69   test_auc = 0.36   time = 3   val_auc = 0.36   
 125/5000   risk = 0.62  oob_risk = 0.62   test_auc = 0.28   time = 34398462   val_auc = 0.28   
 250/5000   risk = 0.62  oob_risk = 0.62   test_auc = 0.27   time = 70445160   val_auc = 0.27   
 375/5000   risk = 0.65  oob_risk = 0.66   test_auc = 0.26   time = 108206897   val_auc = 0.27   
 500/5000   risk = 0.67  oob_risk = 0.68   test_auc = 0.27   time = 147519767   val_auc = 0.27   
 625/5000   risk = 0.67  oob_risk = 0.68   test_auc = 0.26   time = 184789731   val_auc = 0.27   
 750/5000   risk = 0.66  oob_risk = 0.67   test_auc = 0.26   time = 219988361   val_auc = 0.27   
 875/5000   risk = 0.66  oob_risk = 0.66   test_auc = 0.26   time = 255322316   val_auc = 0.27   
1000/5000   risk = 0.66  oob_risk = 0.66   test_auc = 0.26   time = 291429487   val_auc = 0.27   
1125/5000   risk = 0.67  oob_risk = 0.67   test_auc = 0.27   time = 326986062   val_auc = 0.27   
1250/5000   risk = 0.68  oob_risk = 0.69   test_auc = 0.27   time = 362887686   val_auc = 0.27   
1375/5000   risk = 0.68  oob_risk = 0.69   test_auc = 0.27   time = 397471921   val_auc = 0.27   
1500/5000   risk = 0.69  oob_risk = 0.7   test_auc = 0.27   time = 433774799   val_auc = 0.27   
1625/5000   risk = 0.7  oob_risk = 0.7   test_auc = 0.27   time = 470161542   val_auc = 0.27   
1750/5000   risk = 0.72  oob_risk = 0.72   test_auc = 0.28   time = 506075545   val_auc = 0.28   
1875/5000   risk = 0.75  oob_risk = 0.77   test_auc = 0.29   time = 539608449   val_auc = 0.29   
2000/5000   risk = 0.78  oob_risk = 0.8   test_auc = 0.3   time = 574511753   val_auc = 0.3   
2125/5000   risk = 0.85  oob_risk = 0.86   test_auc = 0.31   time = 609455662   val_auc = 0.3   
2250/5000   risk = 0.98  oob_risk = 0.99   test_auc = 0.32   time = 646131348   val_auc = 0.32   
2375/5000   risk = 1  oob_risk = 1.1   test_auc = 0.33   time = 682482555   val_auc = 0.33   
2500/5000   risk = 1.1  oob_risk = 1.1   test_auc = 0.34   time = 717792617   val_auc = 0.34   
2625/5000   risk = 1.4  oob_risk = 1.4   test_auc = 0.37   time = 752751591   val_auc = 0.37   
2750/5000   risk = 1.6  oob_risk = 1.7   test_auc = 0.38   time = 788506053   val_auc = 0.38   
2875/5000   risk = 1.8  oob_risk = 1.8   test_auc = 0.36   time = 825202893   val_auc = 0.36   
3000/5000   risk = 2.2  oob_risk = 2.2   test_auc = 0.36   time = 860615801   val_auc = 0.36   
3125/5000   risk = 2.6  oob_risk = 2.6   test_auc = 0.36   time = 896352553   val_auc = 0.36   
3250/5000   risk = 2.9  oob_risk = 2.9   test_auc = 0.36   time = 933257543   val_auc = 0.36   
3375/5000   risk = 3.1  oob_risk = 3.2   test_auc = 0.36   time = 970643711   val_auc = 0.37   
3500/5000   risk = 3.4  oob_risk = 3.5   test_auc = 0.38   time = 1005525036   val_auc = 0.38   
3625/5000   risk = 3.7  oob_risk = 3.8   test_auc = 0.39   time = 1043006858   val_auc = 0.39   
3750/5000   risk = 4.2  oob_risk = 4.1   test_auc = 0.4   time = 1080363839   val_auc = 0.4   
3875/5000   risk = 4.8  oob_risk = 4.7   test_auc = 0.4   time = 1117558080   val_auc = 0.4   
4000/5000   risk = 5.4  oob_risk = 5.3   test_auc = 0.4   time = 1153540082   val_auc = 0.4   
4125/5000   risk = 5.6  oob_risk = 5.6   test_auc = 0.39   time = 1190722309   val_auc = 0.39   
4250/5000   risk = 5.8  oob_risk = 5.8   test_auc = 0.38   time = 1228236578   val_auc = 0.38   
4375/5000   risk = 6.2  oob_risk = 6.3   test_auc = 0.37   time = 1264851410   val_auc = 0.38   
4500/5000   risk = 6.8  oob_risk = 6.9   test_auc = 0.37   time = 1300254552   val_auc = 0.38   
4625/5000   risk = 7.5  oob_risk = 7.7   test_auc = 0.38   time = 1336213284   val_auc = 0.38   
4750/5000   risk = 8.1  oob_risk = 8.2   test_auc = 0.38   time = 1373507966   val_auc = 0.38   
4875/5000   risk = 8.4  oob_risk = 8.5   test_auc = 0.37   time = 1409140676   val_auc = 0.38   
5000/5000   risk = 8.6  oob_risk = 8.7   test_auc = 0.37   time = 1444545400   val_auc = 0.37   


Train 5000 iterations in 1446 Seconds.
Final risk based on the train set: 8.6

DEBUG [10:22:06.203] [mlr3]  Learner 'acc_acwb' on task 'Task 189866: albert (Supervised Classification)' succeeded to fit a model {learner: <LearnerClassifCWB/LearnerClassif/Learner/R6>, result: <list>, messages: }

### [bt]: Job terminated successfully [batchtools job.id=93]
### [bt]: Calculation finished!
