### [bt]: This is batchtools v0.9.15
### [bt]: Starting calculation of 1 jobs
### [bt]: Setting working directory to '/home/user/repos/cacb-batchtools/eq1'
Loading required package: data.table
Loading required package: R6
Loading required package: mlr3
Loading required package: mlr3learners
Loading required package: mlr3extralearners

Attaching package: ‘mlr3extralearners’

The following objects are masked from ‘package:mlr3’:

    lrn, lrns

Loading required package: mlr3pipelines
Loading required package: mlr3tuning
Loading required package: paradox
Loading required package: compboost
[2021-08-02 00:26:31] Loading new learner LearnerClassifCWB
[2021-08-02 00:26:31] Loading new learner LearnerClassifHCWB
[2021-08-02 00:26:31] Loading new learner
[2021-08-02 00:26:31] Loading tasks
[2021-08-02 00:26:34] Loading resampling
### [bt]: Memory measurement disabled
### [bt]: Starting job [batchtools job.id=20]
### [bt]: Generating problem instance for problem 'spam-fold4' ...
### [bt]: Applying algorithm 'evaluate-learner' on problem 'spam-fold4' for job 20 (seed = 31435) ...
DEBUG [00:26:35.537] [mlr3]  Skip subsetting of task 'spam' 
DEBUG [00:26:35.619] [mlr3]  Calling train method of Learner 'acc_hcwb' on task 'spam' with 3682 observations {learner: <LearnerClassifHCWB/LearnerClassif/Learner/R6>}
   1/5000   risk = 0.66  oob_risk = 0.65   riskauc = 0.16   time = 3   val_auc = 0.16   
 125/5000   risk = 0.21  oob_risk = 1.4   riskauc = 0.094   time = 1269785   val_auc = 0.056   


Train 237 iterations in 4 Seconds.
Final risk based on the train set: 0.11

   1/4774   risk = 0.12  oob_risk = inf   riskauc = 0.089   time = 3   val_auc = 0.054   
 119/4774   risk = 0.11  oob_risk = inf   riskauc = 0.084   time = 1347236   val_auc = 0.05   
 238/4774   risk = 0.11  oob_risk = inf   riskauc = 0.081   time = 2426346   val_auc = 0.048   
 357/4774   risk = 0.11  oob_risk = inf   riskauc = 0.081   time = 3579951   val_auc = 0.047   
 476/4774   risk = 0.1  oob_risk = inf   riskauc = 0.081   time = 4690733   val_auc = 0.047   
 595/4774   risk = 0.1  oob_risk = inf   riskauc = 0.081   time = 5779914   val_auc = 0.047   
 714/4774   risk = 0.1  oob_risk = inf   riskauc = 0.081   time = 6974509   val_auc = 0.046   
 833/4774   risk = 0.098  oob_risk = inf   riskauc = 0.08   time = 8007163   val_auc = 0.046   
 952/4774   risk = 0.096  oob_risk = inf   riskauc = 0.08   time = 9104560   val_auc = 0.046   
1071/4774   risk = 0.095  oob_risk = inf   riskauc = 0.08   time = 10161062   val_auc = 0.046   
1190/4774   risk = 0.093  oob_risk = inf   riskauc = 0.08   time = 11271040   val_auc = 0.046   
1309/4774   risk = 0.091  oob_risk = inf   riskauc = 0.08   time = 12516601   val_auc = 0.046   
1428/4774   risk = 0.09  oob_risk = inf   riskauc = 0.08   time = 13634852   val_auc = 0.046   
1547/4774   risk = 0.088  oob_risk = inf   riskauc = 0.08   time = 14678587   val_auc = 0.046   
1666/4774   risk = 0.087  oob_risk = inf   riskauc = 0.08   time = 15814162   val_auc = 0.046   
1785/4774   risk = 0.086  oob_risk = inf   riskauc = 0.08   time = 16991313   val_auc = 0.047   
1904/4774   risk = 0.084  oob_risk = inf   riskauc = 0.08   time = 18069540   val_auc = 0.047   
2023/4774   risk = 0.083  oob_risk = inf   riskauc = 0.08   time = 19134128   val_auc = 0.047   
2142/4774   risk = 0.082  oob_risk = inf   riskauc = 0.08   time = 20258579   val_auc = 0.047   
2261/4774   risk = 0.081  oob_risk = inf   riskauc = 0.08   time = 21454445   val_auc = 0.047   
2380/4774   risk = 0.08  oob_risk = inf   riskauc = 0.08   time = 22625810   val_auc = 0.047   
2499/4774   risk = 0.079  oob_risk = inf   riskauc = 0.081   time = 23670129   val_auc = 0.047   
2618/4774   risk = 0.078  oob_risk = inf   riskauc = 0.081   time = 24897017   val_auc = 0.047   
2737/4774   risk = 0.077  oob_risk = inf   riskauc = 0.081   time = 26046101   val_auc = 0.047   
2856/4774   risk = 0.076  oob_risk = inf   riskauc = 0.081   time = 27180376   val_auc = 0.048   
2975/4774   risk = 0.075  oob_risk = inf   riskauc = 0.081   time = 28316501   val_auc = 0.048   
3094/4774   risk = 0.075  oob_risk = inf   riskauc = 0.081   time = 29439303   val_auc = 0.048   
3213/4774   risk = 0.074  oob_risk = inf   riskauc = 0.081   time = 30548509   val_auc = 0.048   
3332/4774   risk = 0.073  oob_risk = inf   riskauc = 0.081   time = 31588017   val_auc = 0.048   
3451/4774   risk = 0.072  oob_risk = inf   riskauc = 0.082   time = 32890103   val_auc = 0.048   
3570/4774   risk = 0.072  oob_risk = inf   riskauc = 0.082   time = 34006800   val_auc = 0.048   
3689/4774   risk = 0.071  oob_risk = inf   riskauc = 0.082   time = 35139906   val_auc = 0.048   
3808/4774   risk = 0.07  oob_risk = inf   riskauc = 0.082   time = 36444559   val_auc = 0.048   
3927/4774   risk = 0.07  oob_risk = inf   riskauc = 0.082   time = 37723414   val_auc = 0.048   
4046/4774   risk = 0.069  oob_risk = inf   riskauc = 0.082   time = 38862330   val_auc = 0.048   
4165/4774   risk = 0.069  oob_risk = inf   riskauc = 0.082   time = 40050554   val_auc = 0.048   
4284/4774   risk = 0.068  oob_risk = inf   riskauc = 0.082   time = 41211539   val_auc = 0.048   
4403/4774   risk = 0.068  oob_risk = inf   riskauc = 0.083   time = 42441380   val_auc = 0.048   
4522/4774   risk = 0.067  oob_risk = inf   riskauc = 0.083   time = 43649046   val_auc = 0.048   
4641/4774   risk = 0.066  oob_risk = inf   riskauc = 0.083   time = 44809124   val_auc = 0.048   
4760/4774   risk = 0.066  oob_risk = inf   riskauc = 0.083   time = 45947440   val_auc = 0.048   


Train 4774 iterations in 46 Seconds.
Final risk based on the train set: 0.066

DEBUG [00:27:29.950] [mlr3]  Learner 'acc_hcwb' on task 'spam' succeeded to fit a model {learner: <LearnerClassifHCWB/LearnerClassif/Learner/R6>, result: <list>, messages: }

### [bt]: Job terminated successfully [batchtools job.id=20]
### [bt]: Calculation finished!
