### [bt]: This is batchtools v0.9.15
### [bt]: Starting calculation of 1 jobs
### [bt]: Setting working directory to '/home/user/repos/cacb-batchtools/eq1'
[2021-07-27 20:23:33] Loading new learner
[2021-07-27 20:23:33] Loading tasks
[2021-07-27 20:23:35] Loading resampling
### [bt]: Memory measurement disabled
### [bt]: Starting job [batchtools job.id=33]
### [bt]: Generating problem instance for problem '7592-fold4' ...
### [bt]: Applying algorithm 'evaluate-learner' on problem '7592-fold4' for job 33 (seed = 31448) ...
DEBUG [20:23:36.415] [mlr3]  Skip subsetting of task 'Task 7592: adult (Supervised Classification)' 
DEBUG [20:23:36.419] [mlr3]  Calling train method of Learner 'bin_cwb_nb' on task 'Task 7592: adult (Supervised Classification)' with 39074 observations {learner: <LearnerClassifCompboost/LearnerClassif/Learner/R6>}
Warning in get_private(learner)$.train(task) :
  Number of cores 30 exceeds number of features 14. The number of cores are set to 14!
   1/5000   risk = 0.54  riskauc = 0.79   time = 2   
 125/5000   risk = 0.35  riskauc = 0.9   time = 1753388   
 250/5000   risk = 0.34  riskauc = 0.91   time = 3445034   
 375/5000   risk = 0.34  riskauc = 0.91   time = 5273994   
 500/5000   risk = 0.35  riskauc = 0.91   time = 7148966   
 625/5000   risk = 0.35  riskauc = 0.91   time = 9025653   
 750/5000   risk = 0.35  riskauc = 0.91   time = 10741656   
 875/5000   risk = 0.35  riskauc = 0.91   time = 12544653   
1000/5000   risk = 0.35  riskauc = 0.91   time = 14336582   
1125/5000   risk = 0.35  riskauc = 0.91   time = 16039983   
1250/5000   risk = 0.35  riskauc = 0.91   time = 17783282   
1375/5000   risk = 0.35  riskauc = 0.91   time = 19197527   
1500/5000   risk = 0.35  riskauc = 0.91   time = 20624324   
1625/5000   risk = 0.35  riskauc = 0.91   time = 22033102   
1750/5000   risk = 0.36  riskauc = 0.91   time = 23605988   
1875/5000   risk = 0.36  riskauc = 0.91   time = 25076912   
2000/5000   risk = 0.36  riskauc = 0.91   time = 26808261   
2125/5000   risk = 0.36  riskauc = 0.91   time = 28617541   
2250/5000   risk = 0.36  riskauc = 0.91   time = 30214404   
2375/5000   risk = 0.36  riskauc = 0.91   time = 31781189   
2500/5000   risk = 0.36  riskauc = 0.91   time = 33432014   
2625/5000   risk = 0.36  riskauc = 0.91   time = 34911232   
2750/5000   risk = 0.36  riskauc = 0.91   time = 36739544   
2875/5000   risk = 0.36  riskauc = 0.91   time = 38593000   
3000/5000   risk = 0.36  riskauc = 0.91   time = 40548398   
3125/5000   risk = 0.36  riskauc = 0.91   time = 42073636   
3250/5000   risk = 0.36  riskauc = 0.91   time = 43487649   
3375/5000   risk = 0.36  riskauc = 0.91   time = 44917976   
3500/5000   risk = 0.36  riskauc = 0.91   time = 46319095   
3625/5000   risk = 0.36  riskauc = 0.91   time = 47769224   
3750/5000   risk = 0.36  riskauc = 0.91   time = 49199304   
3875/5000   risk = 0.36  riskauc = 0.91   time = 50749230   
4000/5000   risk = 0.36  riskauc = 0.91   time = 52271967   
4125/5000   risk = 0.36  riskauc = 0.91   time = 53784379   
4250/5000   risk = 0.36  riskauc = 0.91   time = 55309451   
4375/5000   risk = 0.36  riskauc = 0.91   time = 56803150   
4500/5000   risk = 0.36  riskauc = 0.91   time = 58303684   
4625/5000   risk = 0.36  riskauc = 0.91   time = 60297514   
4750/5000   risk = 0.36  riskauc = 0.91   time = 62188546   
4875/5000   risk = 0.36  riskauc = 0.91   time = 63692532   
5000/5000   risk = 0.36  riskauc = 0.91   time = 65183271   


Train 5000 iterations in 65 Seconds.
Final risk based on the train set: 0.36

DEBUG [20:24:43.922] [mlr3]  Learner 'bin_cwb_nb' on task 'Task 7592: adult (Supervised Classification)' succeeded to fit a model {learner: <LearnerClassifCompboost/LearnerClassif/Learner/R6>, result: <list>, messages: }
DEBUG [20:24:43.935] [mlr3]  Skip subsetting of task 'Task 7592: adult (Supervised Classification)' 
DEBUG [20:24:43.939] [mlr3]  Calling train method of Learner 'bin_cwb_nb' on task 'Task 7592: adult (Supervised Classification)' with 39074 observations {learner: <LearnerClassifCompboost/LearnerClassif/Learner/R6>}
Warning in get_private(learner)$.train(task) :
  Number of cores 30 exceeds number of features 14. The number of cores are set to 14!
   1/5000   risk = 0.54  time = 3   
 125/5000   risk = 0.35  time = 1180194   
 250/5000   risk = 0.34  time = 2337224   
 375/5000   risk = 0.34  time = 3467525   
 500/5000   risk = 0.35  time = 4633046   
 625/5000   risk = 0.35  time = 5777566   
 750/5000   risk = 0.35  time = 6915326   
 875/5000   risk = 0.35  time = 7936510   
1000/5000   risk = 0.35  time = 8966377   
1125/5000   risk = 0.35  time = 9926050   
1250/5000   risk = 0.35  time = 10909162   
1375/5000   risk = 0.35  time = 11920915   
1500/5000   risk = 0.35  time = 12969109   
1625/5000   risk = 0.35  time = 13977994   
1750/5000   risk = 0.36  time = 15026850   
1875/5000   risk = 0.36  time = 16080705   
2000/5000   risk = 0.36  time = 17135282   
2125/5000   risk = 0.36  time = 18219336   
2250/5000   risk = 0.36  time = 19377417   
2375/5000   risk = 0.36  time = 20547818   
2500/5000   risk = 0.36  time = 21717088   
2625/5000   risk = 0.36  time = 22873412   
2750/5000   risk = 0.36  time = 23999456   
2875/5000   risk = 0.36  time = 25126798   
3000/5000   risk = 0.36  time = 26190636   
3125/5000   risk = 0.36  time = 27261589   
3250/5000   risk = 0.36  time = 28395657   
3375/5000   risk = 0.36  time = 29488177   
3500/5000   risk = 0.36  time = 30364914   
3625/5000   risk = 0.36  time = 31216418   
3750/5000   risk = 0.36  time = 32061082   
3875/5000   risk = 0.36  time = 32988924   
4000/5000   risk = 0.36  time = 33987070   
4125/5000   risk = 0.36  time = 34941136   
4250/5000   risk = 0.36  time = 35901871   
4375/5000   risk = 0.36  time = 36871858   
4500/5000   risk = 0.36  time = 37845778   
4625/5000   risk = 0.36  time = 38823045   
4750/5000   risk = 0.36  time = 39829787   
4875/5000   risk = 0.36  time = 40846626   
5000/5000   risk = 0.36  time = 41854581   


Train 5000 iterations in 41 Seconds.
Final risk based on the train set: 0.36

DEBUG [20:25:27.973] [mlr3]  Learner 'bin_cwb_nb' on task 'Task 7592: adult (Supervised Classification)' succeeded to fit a model {learner: <LearnerClassifCompboost/LearnerClassif/Learner/R6>, result: <list>, messages: }

### [bt]: Job terminated successfully [batchtools job.id=33]
### [bt]: Calculation finished!
