### [bt]: This is batchtools v0.9.15
### [bt]: Starting calculation of 1 jobs
### [bt]: Setting working directory to '/home/user/repos/cacb-batchtools/eq1'
[2021-07-27 19:57:23] Loading new learner
[2021-07-27 19:57:23] Loading tasks
[2021-07-27 19:57:25] Loading resampling
### [bt]: Memory measurement disabled
### [bt]: Starting job [batchtools job.id=21]
### [bt]: Generating problem instance for problem '7592-fold1' ...
### [bt]: Applying algorithm 'evaluate-learner' on problem '7592-fold1' for job 21 (seed = 31436) ...
DEBUG [19:57:26.265] [mlr3]  Skip subsetting of task 'Task 7592: adult (Supervised Classification)' 
DEBUG [19:57:26.269] [mlr3]  Calling train method of Learner 'bin_cwb_nb' on task 'Task 7592: adult (Supervised Classification)' with 39073 observations {learner: <LearnerClassifCompboost/LearnerClassif/Learner/R6>}
Warning in get_private(learner)$.train(task) :
  Number of cores 30 exceeds number of features 14. The number of cores are set to 14!
   1/5000   risk = 0.54  riskauc = 0.79   time = 2   
 125/5000   risk = 0.35  riskauc = 0.9   time = 1729971   
 250/5000   risk = 0.34  riskauc = 0.91   time = 3438169   
 375/5000   risk = 0.34  riskauc = 0.91   time = 5147122   
 500/5000   risk = 0.35  riskauc = 0.91   time = 6805048   
 625/5000   risk = 0.35  riskauc = 0.91   time = 8524389   
 750/5000   risk = 0.35  riskauc = 0.91   time = 10201652   
 875/5000   risk = 0.35  riskauc = 0.91   time = 11878096   
1000/5000   risk = 0.35  riskauc = 0.91   time = 13484924   
1125/5000   risk = 0.35  riskauc = 0.91   time = 15119239   
1250/5000   risk = 0.35  riskauc = 0.91   time = 16906984   
1375/5000   risk = 0.35  riskauc = 0.91   time = 18508405   
1500/5000   risk = 0.35  riskauc = 0.91   time = 19924930   
1625/5000   risk = 0.35  riskauc = 0.91   time = 21312119   
1750/5000   risk = 0.36  riskauc = 0.91   time = 22747128   
1875/5000   risk = 0.36  riskauc = 0.91   time = 24253491   
2000/5000   risk = 0.36  riskauc = 0.91   time = 25753841   
2125/5000   risk = 0.36  riskauc = 0.91   time = 27231902   
2250/5000   risk = 0.36  riskauc = 0.91   time = 28687458   
2375/5000   risk = 0.36  riskauc = 0.91   time = 30013334   
2500/5000   risk = 0.36  riskauc = 0.91   time = 31428017   
2625/5000   risk = 0.36  riskauc = 0.91   time = 32750818   
2750/5000   risk = 0.36  riskauc = 0.91   time = 34156979   
2875/5000   risk = 0.36  riskauc = 0.91   time = 35557438   
3000/5000   risk = 0.36  riskauc = 0.91   time = 36946725   
3125/5000   risk = 0.36  riskauc = 0.91   time = 38496753   
3250/5000   risk = 0.36  riskauc = 0.91   time = 40001563   
3375/5000   risk = 0.36  riskauc = 0.91   time = 41482239   
3500/5000   risk = 0.36  riskauc = 0.91   time = 42946407   
3625/5000   risk = 0.36  riskauc = 0.91   time = 44731262   
3750/5000   risk = 0.36  riskauc = 0.91   time = 46166080   
3875/5000   risk = 0.36  riskauc = 0.91   time = 47605794   
4000/5000   risk = 0.36  riskauc = 0.91   time = 49178260   
4125/5000   risk = 0.36  riskauc = 0.91   time = 50540326   
4250/5000   risk = 0.36  riskauc = 0.91   time = 52049302   
4375/5000   risk = 0.36  riskauc = 0.91   time = 53507908   
4500/5000   risk = 0.36  riskauc = 0.91   time = 54931368   
4625/5000   risk = 0.36  riskauc = 0.91   time = 56330073   
4750/5000   risk = 0.36  riskauc = 0.91   time = 57789755   
4875/5000   risk = 0.36  riskauc = 0.91   time = 59343712   
5000/5000   risk = 0.36  riskauc = 0.91   time = 60809381   


Train 5000 iterations in 60 Seconds.
Final risk based on the train set: 0.36

DEBUG [19:58:29.929] [mlr3]  Learner 'bin_cwb_nb' on task 'Task 7592: adult (Supervised Classification)' succeeded to fit a model {learner: <LearnerClassifCompboost/LearnerClassif/Learner/R6>, result: <list>, messages: }
DEBUG [19:58:29.943] [mlr3]  Skip subsetting of task 'Task 7592: adult (Supervised Classification)' 
DEBUG [19:58:29.947] [mlr3]  Calling train method of Learner 'bin_cwb_nb' on task 'Task 7592: adult (Supervised Classification)' with 39073 observations {learner: <LearnerClassifCompboost/LearnerClassif/Learner/R6>}
Warning in get_private(learner)$.train(task) :
  Number of cores 30 exceeds number of features 14. The number of cores are set to 14!
   1/5000   risk = 0.54  time = 2   
 125/5000   risk = 0.35  time = 978054   
 250/5000   risk = 0.34  time = 1915594   
 375/5000   risk = 0.34  time = 2887521   
 500/5000   risk = 0.35  time = 3846723   
 625/5000   risk = 0.35  time = 4824141   
 750/5000   risk = 0.35  time = 5773385   
 875/5000   risk = 0.35  time = 6737154   
1000/5000   risk = 0.35  time = 7654975   
1125/5000   risk = 0.35  time = 8585704   
1250/5000   risk = 0.35  time = 9590736   
1375/5000   risk = 0.35  time = 10620179   
1500/5000   risk = 0.35  time = 11652281   
1625/5000   risk = 0.35  time = 12719029   
1750/5000   risk = 0.36  time = 13789260   
1875/5000   risk = 0.36  time = 14839002   
2000/5000   risk = 0.36  time = 15851280   
2125/5000   risk = 0.36  time = 16877847   
2250/5000   risk = 0.36  time = 17903052   
2375/5000   risk = 0.36  time = 18896303   
2500/5000   risk = 0.36  time = 19905090   
2625/5000   risk = 0.36  time = 20973897   
2750/5000   risk = 0.36  time = 22025840   
2875/5000   risk = 0.36  time = 23106999   
3000/5000   risk = 0.36  time = 24147026   
3125/5000   risk = 0.36  time = 25187665   
3250/5000   risk = 0.36  time = 26244914   
3375/5000   risk = 0.36  time = 27337822   
3500/5000   risk = 0.36  time = 28413020   
3625/5000   risk = 0.36  time = 29355157   
3750/5000   risk = 0.36  time = 30133125   
3875/5000   risk = 0.36  time = 30927655   
4000/5000   risk = 0.36  time = 31729882   
4125/5000   risk = 0.36  time = 32541575   
4250/5000   risk = 0.36  time = 33514158   
4375/5000   risk = 0.36  time = 34566176   
4500/5000   risk = 0.36  time = 35633327   
4625/5000   risk = 0.36  time = 36707614   
4750/5000   risk = 0.36  time = 37806300   
4875/5000   risk = 0.36  time = 38848287   
5000/5000   risk = 0.36  time = 39848309   


Train 5000 iterations in 39 Seconds.
Final risk based on the train set: 0.36

DEBUG [19:59:11.781] [mlr3]  Learner 'bin_cwb_nb' on task 'Task 7592: adult (Supervised Classification)' succeeded to fit a model {learner: <LearnerClassifCompboost/LearnerClassif/Learner/R6>, result: <list>, messages: }

### [bt]: Job terminated successfully [batchtools job.id=21]
### [bt]: Calculation finished!
