### [bt]: This is batchtools v0.9.15
### [bt]: Starting calculation of 1 jobs
### [bt]: Setting working directory to '/home/user/repos/cacb-batchtools/eq1'
[2021-07-26 18:29:44] Loading new learner
[2021-07-26 18:29:44] Loading tasks
[2021-07-26 18:29:47] Loading resampling
### [bt]: Memory measurement disabled
### [bt]: Starting job [batchtools job.id=92]
### [bt]: Generating problem instance for problem '189866-fold4' ...
### [bt]: Applying algorithm 'evaluate-learner' on problem '189866-fold4' for job 92 (seed = 31507) ...
DEBUG [18:29:51.885] [mlr3]  Skip subsetting of task 'Task 189866: albert (Supervised Classification)' 
DEBUG [18:29:51.902] [mlr3]  Calling train method of Learner 'bin_cwb_b' on task 'Task 189866: albert (Supervised Classification)' with 340192 observations {learner: <LearnerClassifCompboost/LearnerClassif/Learner/R6>}
INFO  [18:29:52.715] [mlr3]  [LGCOMPBOOST] Running compboost with df 5.000000 and df_cat 3.000000 
   1/5000   risk = 0.69  riskauc = 0.64   time = 2   
 125/5000   risk = 0.63  riskauc = 0.71   time = 16775347   
 250/5000   risk = 0.63  riskauc = 0.72   time = 33814661   
 375/5000   risk = 0.63  riskauc = 0.73   time = 51377597   
 500/5000   risk = 0.64  riskauc = 0.73   time = 69144607   
 625/5000   risk = 0.64  riskauc = 0.73   time = 86608892   
 750/5000   risk = 0.64  riskauc = 0.73   time = 104472109   
 875/5000   risk = 0.64  riskauc = 0.73   time = 122143687   
1000/5000   risk = 0.64  riskauc = 0.73   time = 139636735   
1125/5000   risk = 0.65  riskauc = 0.73   time = 157111378   
1250/5000   risk = 0.65  riskauc = 0.73   time = 174519985   
1375/5000   risk = 0.65  riskauc = 0.73   time = 192299989   
1500/5000   risk = 0.65  riskauc = 0.73   time = 210204885   
1625/5000   risk = 0.65  riskauc = 0.73   time = 228216667   
1750/5000   risk = 0.65  riskauc = 0.73   time = 246063593   
1875/5000   risk = 0.65  riskauc = 0.73   time = 264058380   
2000/5000   risk = 0.65  riskauc = 0.73   time = 281948071   
2125/5000   risk = 0.65  riskauc = 0.73   time = 299672459   
2250/5000   risk = 0.65  riskauc = 0.73   time = 317399231   
2375/5000   risk = 0.65  riskauc = 0.73   time = 335324193   
2500/5000   risk = 0.65  riskauc = 0.73   time = 353144812   
2625/5000   risk = 0.65  riskauc = 0.73   time = 371061481   
2750/5000   risk = 0.65  riskauc = 0.73   time = 388940775   
2875/5000   risk = 0.65  riskauc = 0.73   time = 406879522   
3000/5000   risk = 0.65  riskauc = 0.74   time = 424812500   
3125/5000   risk = 0.65  riskauc = 0.74   time = 442754772   
3250/5000   risk = 0.65  riskauc = 0.74   time = 460740143   
3375/5000   risk = 0.65  riskauc = 0.74   time = 478411644   
3500/5000   risk = 0.65  riskauc = 0.74   time = 496476226   
3625/5000   risk = 0.65  riskauc = 0.74   time = 514182566   
3750/5000   risk = 0.65  riskauc = 0.74   time = 532206102   
3875/5000   risk = 0.65  riskauc = 0.74   time = 550069795   
4000/5000   risk = 0.65  riskauc = 0.74   time = 568237241   
4125/5000   risk = 0.65  riskauc = 0.74   time = 586264773   
4250/5000   risk = 0.65  riskauc = 0.74   time = 604447531   
4375/5000   risk = 0.65  riskauc = 0.74   time = 622481237   
4500/5000   risk = 0.65  riskauc = 0.74   time = 640515889   
4625/5000   risk = 0.65  riskauc = 0.74   time = 658414163   
4750/5000   risk = 0.65  riskauc = 0.74   time = 676679183   
4875/5000   risk = 0.65  riskauc = 0.74   time = 694895938   
5000/5000   risk = 0.65  riskauc = 0.74   time = 712936157   


Train 5000 iterations in 713 Seconds.
Final risk based on the train set: 0.65

INFO  [18:41:58.002] [mlr3]  [LGCOMPBOOST] iterations:'stop_cwb',5000,'stop_acwb',NA,'stop_hcwb',NA 
INFO  [18:41:58.005] [mlr3]  [LGCOMPBOOST] risk_inbag:'risk_intercept',0.693147,'risk_cwb',0.652337,'risk_acwb',NA,'risk_hcwb',NA 
INFO  [18:41:58.007] [mlr3]  [LGCOMPBOOST] risk_oob:'risk_intercept_oob',NA,'risk_cwb_oob',NA,'risk_acwb_oob',NA,'risk_hcwb_oob',NA 
DEBUG [18:41:58.030] [mlr3]  Learner 'bin_cwb_b' on task 'Task 189866: albert (Supervised Classification)' succeeded to fit a model {learner: <LearnerClassifCompboost/LearnerClassif/Learner/R6>, result: <list>, messages: }
DEBUG [18:41:58.047] [mlr3]  Skip subsetting of task 'Task 189866: albert (Supervised Classification)' 
DEBUG [18:41:58.067] [mlr3]  Calling train method of Learner 'bin_cwb_b' on task 'Task 189866: albert (Supervised Classification)' with 340192 observations {learner: <LearnerClassifCompboost/LearnerClassif/Learner/R6>}
INFO  [18:41:58.639] [mlr3]  [LGCOMPBOOST] Running compboost with df 5.000000 and df_cat 3.000000 
   1/5000   risk = 0.69  time = 4   
 125/5000   risk = 0.63  time = 14021940   
 250/5000   risk = 0.63  time = 29188749   
 375/5000   risk = 0.63  time = 44480701   
 500/5000   risk = 0.64  time = 59724029   
 625/5000   risk = 0.64  time = 75041215   
 750/5000   risk = 0.64  time = 90150495   
 875/5000   risk = 0.64  time = 105807928   
1000/5000   risk = 0.64  time = 121555744   
1125/5000   risk = 0.65  time = 137246998   
1250/5000   risk = 0.65  time = 153005169   
1375/5000   risk = 0.65  time = 168766133   
1500/5000   risk = 0.65  time = 184603201   
1625/5000   risk = 0.65  time = 200305630   
1750/5000   risk = 0.65  time = 215927624   
1875/5000   risk = 0.65  time = 231731616   
2000/5000   risk = 0.65  time = 247470536   
2125/5000   risk = 0.65  time = 263272883   
2250/5000   risk = 0.65  time = 279175474   
2375/5000   risk = 0.65  time = 295139850   
2500/5000   risk = 0.65  time = 311082659   
2625/5000   risk = 0.65  time = 326960314   
2750/5000   risk = 0.65  time = 342892541   
2875/5000   risk = 0.65  time = 358903085   
3000/5000   risk = 0.65  time = 374991728   
3125/5000   risk = 0.65  time = 391060194   
3250/5000   risk = 0.65  time = 406995813   
3375/5000   risk = 0.65  time = 423125854   
3500/5000   risk = 0.65  time = 439306216   
3625/5000   risk = 0.65  time = 455400790   
3750/5000   risk = 0.65  time = 471490886   
3875/5000   risk = 0.65  time = 487561710   
4000/5000   risk = 0.65  time = 503686421   
4125/5000   risk = 0.65  time = 519764595   
4250/5000   risk = 0.65  time = 535865979   
4375/5000   risk = 0.65  time = 551854104   
4500/5000   risk = 0.65  time = 567328010   
4625/5000   risk = 0.65  time = 581651057   
4750/5000   risk = 0.65  time = 595950992   
4875/5000   risk = 0.65  time = 610369976   
5000/5000   risk = 0.65  time = 624658080   


Train 5000 iterations in 624 Seconds.
Final risk based on the train set: 0.65

INFO  [18:52:34.105] [mlr3]  [LGCOMPBOOST] iterations:'stop_cwb',5000,'stop_acwb',NA,'stop_hcwb',NA 
INFO  [18:52:34.108] [mlr3]  [LGCOMPBOOST] risk_inbag:'risk_intercept',0.693147,'risk_cwb',0.652337,'risk_acwb',NA,'risk_hcwb',NA 
INFO  [18:52:34.110] [mlr3]  [LGCOMPBOOST] risk_oob:'risk_intercept_oob',NA,'risk_cwb_oob',NA,'risk_acwb_oob',NA,'risk_hcwb_oob',NA 
DEBUG [18:52:34.134] [mlr3]  Learner 'bin_cwb_b' on task 'Task 189866: albert (Supervised Classification)' succeeded to fit a model {learner: <LearnerClassifCompboost/LearnerClassif/Learner/R6>, result: <list>, messages: }

### [bt]: Job terminated successfully [batchtools job.id=92]
### [bt]: Calculation finished!
