### [bt]: This is batchtools v0.9.15
### [bt]: Starting calculation of 1 jobs
### [bt]: Setting working directory to '/home/user/repos/cacb-batchtools/eq1'
[2021-07-26 01:26:28] Loading new learner
[2021-07-26 01:26:28] Loading tasks
[2021-07-26 01:26:31] Loading resampling
### [bt]: Memory measurement disabled
### [bt]: Starting job [batchtools job.id=45]
### [bt]: Generating problem instance for problem '7592-fold4' ...
### [bt]: Applying algorithm 'evaluate-learner' on problem '7592-fold4' for job 45 (seed = 31460) ...
DEBUG [01:26:32.689] [mlr3]  Skip subsetting of task 'Task 7592: adult (Supervised Classification)' 
DEBUG [01:26:32.692] [mlr3]  Calling train method of Learner 'acc_hcwb' on task 'Task 7592: adult (Supervised Classification)' with 39074 observations {learner: <LearnerClassifCompboost/LearnerClassif/Learner/R6>}
Warning in get_private(learner)$.train(task) :
  Number of cores 30 exceeds number of features 14. The number of cores are set to 14!
INFO  [01:26:32.799] [mlr3]  [LGCOMPBOOST] Running compboost with df 5.000000 and df_cat 2.000000 
   1/5000   risk = 0.55  oob_risk = 0.56   riskauc = 0.79   time = 3   
 125/5000   risk = 0.4  oob_risk = 0.41   riskauc = 0.9   time = 2171651   
 250/5000   risk = 0.32  oob_risk = 0.33   riskauc = 0.91   time = 4192839   


Train 309 iterations in 5 Seconds.
Final risk based on the train set: 0.31

   1/4691   risk = 0.31  oob_risk = 0.33   riskauc = 0.91   time = 2   
 117/4691   risk = 0.32  oob_risk = 0.33   riskauc = 0.91   time = 936497   
 234/4691   risk = 0.32  oob_risk = 0.33   riskauc = 0.91   time = 2052742   
 351/4691   risk = 0.32  oob_risk = 0.34   riskauc = 0.91   time = 3120029   
 468/4691   risk = 0.32  oob_risk = 0.34   riskauc = 0.91   time = 4226966   
 585/4691   risk = 0.33  oob_risk = 0.34   riskauc = 0.91   time = 5335482   
 702/4691   risk = 0.33  oob_risk = 0.34   riskauc = 0.91   time = 6452278   
 819/4691   risk = 0.33  oob_risk = 0.34   riskauc = 0.91   time = 7740389   
 936/4691   risk = 0.33  oob_risk = 0.34   riskauc = 0.91   time = 8958268   
1053/4691   risk = 0.33  oob_risk = 0.34   riskauc = 0.91   time = 10195716   
1170/4691   risk = 0.33  oob_risk = 0.34   riskauc = 0.91   time = 11379370   
1287/4691   risk = 0.33  oob_risk = 0.35   riskauc = 0.91   time = 12493792   
1404/4691   risk = 0.33  oob_risk = 0.35   riskauc = 0.91   time = 13675248   
1521/4691   risk = 0.33  oob_risk = 0.35   riskauc = 0.91   time = 14828116   
1638/4691   risk = 0.33  oob_risk = 0.35   riskauc = 0.91   time = 15984750   
1755/4691   risk = 0.33  oob_risk = 0.35   riskauc = 0.91   time = 17340884   
1872/4691   risk = 0.33  oob_risk = 0.35   riskauc = 0.91   time = 18474911   
1989/4691   risk = 0.33  oob_risk = 0.35   riskauc = 0.91   time = 20004367   
2106/4691   risk = 0.33  oob_risk = 0.35   riskauc = 0.91   time = 21261576   
2223/4691   risk = 0.34  oob_risk = 0.35   riskauc = 0.91   time = 22481203   
2340/4691   risk = 0.34  oob_risk = 0.35   riskauc = 0.91   time = 23704720   
2457/4691   risk = 0.34  oob_risk = 0.35   riskauc = 0.91   time = 24927233   
2574/4691   risk = 0.34  oob_risk = 0.35   riskauc = 0.91   time = 26228465   
2691/4691   risk = 0.34  oob_risk = 0.35   riskauc = 0.91   time = 27515407   
2808/4691   risk = 0.34  oob_risk = 0.35   riskauc = 0.91   time = 28818197   
2925/4691   risk = 0.34  oob_risk = 0.35   riskauc = 0.91   time = 30146294   
3042/4691   risk = 0.34  oob_risk = 0.35   riskauc = 0.91   time = 31440998   
3159/4691   risk = 0.34  oob_risk = 0.35   riskauc = 0.91   time = 32838156   
3276/4691   risk = 0.34  oob_risk = 0.35   riskauc = 0.91   time = 34124310   
3393/4691   risk = 0.34  oob_risk = 0.35   riskauc = 0.91   time = 35401206   
3510/4691   risk = 0.34  oob_risk = 0.35   riskauc = 0.91   time = 36683065   
3627/4691   risk = 0.34  oob_risk = 0.35   riskauc = 0.91   time = 37983480   
3744/4691   risk = 0.34  oob_risk = 0.35   riskauc = 0.91   time = 39503298   
3861/4691   risk = 0.34  oob_risk = 0.36   riskauc = 0.91   time = 40989204   
3978/4691   risk = 0.34  oob_risk = 0.36   riskauc = 0.91   time = 42468519   
4095/4691   risk = 0.34  oob_risk = 0.36   riskauc = 0.91   time = 43939042   
4212/4691   risk = 0.34  oob_risk = 0.36   riskauc = 0.91   time = 45442019   
4329/4691   risk = 0.34  oob_risk = 0.36   riskauc = 0.91   time = 46873994   
4446/4691   risk = 0.34  oob_risk = 0.36   riskauc = 0.91   time = 48311399   
4563/4691   risk = 0.34  oob_risk = 0.36   riskauc = 0.91   time = 49797640   
4680/4691   risk = 0.34  oob_risk = 0.36   riskauc = 0.91   time = 51242950   


Train 4691 iterations in 51 Seconds.
Final risk based on the train set: 0.34

INFO  [01:27:30.822] [mlr3]  [LGCOMPBOOST] Completed fitting of restarted compboost model with optimizer nesterov 
INFO  [01:27:35.528] [mlr3]  [LGCOMPBOOST] iterations:'stop_cwb',NA,'stop_acwb',309,'stop_hcwb',4691 
INFO  [01:27:35.532] [mlr3]  [LGCOMPBOOST] risk_inbag:'risk_intercept',0.546723,'risk_cwb',NA,'risk_acwb',0.314158,'risk_hcwb',0.342451 
INFO  [01:27:35.533] [mlr3]  [LGCOMPBOOST] risk_oob:'risk_intercept_oob',0.556791,'risk_cwb_oob',NA,'risk_acwb_oob',0.325121,'risk_hcwb_oob',0.357195 
DEBUG [01:27:35.539] [mlr3]  Learner 'acc_hcwb' on task 'Task 7592: adult (Supervised Classification)' succeeded to fit a model {learner: <LearnerClassifCompboost/LearnerClassif/Learner/R6>, result: <list>, messages: }
DEBUG [01:27:35.552] [mlr3]  Skip subsetting of task 'Task 7592: adult (Supervised Classification)' 
DEBUG [01:27:35.555] [mlr3]  Calling train method of Learner 'acc_hcwb' on task 'Task 7592: adult (Supervised Classification)' with 39074 observations {learner: <LearnerClassifCompboost/LearnerClassif/Learner/R6>}
Warning in get_private(learner)$.train(task) :
  Number of cores 30 exceeds number of features 14. The number of cores are set to 14!
INFO  [01:27:35.631] [mlr3]  [LGCOMPBOOST] Running compboost with df 5.000000 and df_cat 2.000000 
   1/5000   risk = 0.55  oob_risk = 0.56   time = 2   
 125/5000   risk = 0.4  oob_risk = 0.41   time = 1887794   
 250/5000   risk = 0.32  oob_risk = 0.33   time = 3748752   


Train 309 iterations in 4 Seconds.
Final risk based on the train set: 0.31

   1/4691   risk = 0.31  oob_risk = 0.33   time = 3   
 117/4691   risk = 0.32  oob_risk = 0.33   time = 914837   
 234/4691   risk = 0.32  oob_risk = 0.33   time = 1870474   
 351/4691   risk = 0.32  oob_risk = 0.34   time = 2830781   
 468/4691   risk = 0.32  oob_risk = 0.34   time = 3815837   
 585/4691   risk = 0.33  oob_risk = 0.34   time = 4772743   
 702/4691   risk = 0.33  oob_risk = 0.34   time = 5756779   
 819/4691   risk = 0.33  oob_risk = 0.34   time = 6738113   
 936/4691   risk = 0.33  oob_risk = 0.34   time = 7692625   
1053/4691   risk = 0.33  oob_risk = 0.34   time = 8684311   
1170/4691   risk = 0.33  oob_risk = 0.34   time = 9660927   
1287/4691   risk = 0.33  oob_risk = 0.35   time = 10630929   
1404/4691   risk = 0.33  oob_risk = 0.35   time = 11607870   
1521/4691   risk = 0.33  oob_risk = 0.35   time = 12585404   
1638/4691   risk = 0.33  oob_risk = 0.35   time = 13552665   
1755/4691   risk = 0.33  oob_risk = 0.35   time = 14454077   
1872/4691   risk = 0.33  oob_risk = 0.35   time = 15252416   
1989/4691   risk = 0.33  oob_risk = 0.35   time = 16053986   
2106/4691   risk = 0.33  oob_risk = 0.35   time = 16843394   
2223/4691   risk = 0.34  oob_risk = 0.35   time = 17642190   
2340/4691   risk = 0.34  oob_risk = 0.35   time = 18433320   
2457/4691   risk = 0.34  oob_risk = 0.35   time = 19257216   
2574/4691   risk = 0.34  oob_risk = 0.35   time = 20156036   
2691/4691   risk = 0.34  oob_risk = 0.35   time = 21036393   
2808/4691   risk = 0.34  oob_risk = 0.35   time = 21933683   
2925/4691   risk = 0.34  oob_risk = 0.35   time = 22816781   
3042/4691   risk = 0.34  oob_risk = 0.35   time = 23738138   
3159/4691   risk = 0.34  oob_risk = 0.35   time = 24675166   
3276/4691   risk = 0.34  oob_risk = 0.35   time = 25623524   
3393/4691   risk = 0.34  oob_risk = 0.35   time = 26574947   
3510/4691   risk = 0.34  oob_risk = 0.35   time = 27499934   
3627/4691   risk = 0.34  oob_risk = 0.35   time = 28357523   
3744/4691   risk = 0.34  oob_risk = 0.35   time = 29165237   
3861/4691   risk = 0.34  oob_risk = 0.36   time = 29980397   
3978/4691   risk = 0.34  oob_risk = 0.36   time = 30802255   
4095/4691   risk = 0.34  oob_risk = 0.36   time = 31625937   
4212/4691   risk = 0.34  oob_risk = 0.36   time = 32444308   
4329/4691   risk = 0.34  oob_risk = 0.36   time = 33261898   
4446/4691   risk = 0.34  oob_risk = 0.36   time = 34092608   
4563/4691   risk = 0.34  oob_risk = 0.36   time = 34934538   
4680/4691   risk = 0.34  oob_risk = 0.36   time = 35774305   


Train 4691 iterations in 35 Seconds.
Final risk based on the train set: 0.34

INFO  [01:28:17.023] [mlr3]  [LGCOMPBOOST] Completed fitting of restarted compboost model with optimizer nesterov 
INFO  [01:28:21.561] [mlr3]  [LGCOMPBOOST] iterations:'stop_cwb',NA,'stop_acwb',309,'stop_hcwb',4691 
INFO  [01:28:21.563] [mlr3]  [LGCOMPBOOST] risk_inbag:'risk_intercept',0.546723,'risk_cwb',NA,'risk_acwb',0.314158,'risk_hcwb',0.342451 
INFO  [01:28:21.565] [mlr3]  [LGCOMPBOOST] risk_oob:'risk_intercept_oob',0.556791,'risk_cwb_oob',NA,'risk_acwb_oob',0.325121,'risk_hcwb_oob',0.357195 
DEBUG [01:28:21.571] [mlr3]  Learner 'acc_hcwb' on task 'Task 7592: adult (Supervised Classification)' succeeded to fit a model {learner: <LearnerClassifCompboost/LearnerClassif/Learner/R6>, result: <list>, messages: }

### [bt]: Job terminated successfully [batchtools job.id=45]
### [bt]: Calculation finished!
