### [bt]: This is batchtools v0.9.15
### [bt]: Starting calculation of 1 jobs
### [bt]: Setting working directory to '/home/user/repos/cacb-batchtools/eq1'
[2021-07-25 20:30:19] Loading new learner
[2021-07-25 20:30:19] Loading tasks
[2021-07-25 20:30:22] Loading resampling
### [bt]: Memory measurement disabled
### [bt]: Starting job [batchtools job.id=28]
### [bt]: Generating problem instance for problem '7592-fold1' ...
### [bt]: Applying algorithm 'evaluate-learner' on problem '7592-fold1' for job 28 (seed = 31443) ...
DEBUG [20:30:23.830] [mlr3]  Skip subsetting of task 'Task 7592: adult (Supervised Classification)' 
DEBUG [20:30:23.835] [mlr3]  Calling train method of Learner 'acc_cwb' on task 'Task 7592: adult (Supervised Classification)' with 39073 observations {learner: <LearnerClassifCompboost/LearnerClassif/Learner/R6>}
Warning in get_private(learner)$.train(task) :
  Number of cores 30 exceeds number of features 14. The number of cores are set to 14!
INFO  [20:30:23.910] [mlr3]  [LGCOMPBOOST] Running compboost with df 5.000000 and df_cat 2.000000 
   1/5000   risk = 0.55  riskauc = 0.79   time = 3   
 125/5000   risk = 0.46  riskauc = 0.87   time = 1651855   
 250/5000   risk = 0.42  riskauc = 0.88   time = 3543802   
 375/5000   risk = 0.4  riskauc = 0.88   time = 5160033   
 500/5000   risk = 0.38  riskauc = 0.89   time = 6548365   
 625/5000   risk = 0.37  riskauc = 0.89   time = 7922518   
 750/5000   risk = 0.37  riskauc = 0.9   time = 9601949   
 875/5000   risk = 0.36  riskauc = 0.9   time = 11389759   
1000/5000   risk = 0.36  riskauc = 0.9   time = 13288958   
1125/5000   risk = 0.35  riskauc = 0.9   time = 15176663   
1250/5000   risk = 0.35  riskauc = 0.9   time = 16901799   
1375/5000   risk = 0.35  riskauc = 0.9   time = 18650361   
1500/5000   risk = 0.35  riskauc = 0.9   time = 20388412   
1625/5000   risk = 0.34  riskauc = 0.9   time = 22117336   
1750/5000   risk = 0.34  riskauc = 0.91   time = 24082046   
1875/5000   risk = 0.34  riskauc = 0.91   time = 25966254   
2000/5000   risk = 0.34  riskauc = 0.91   time = 27744496   
2125/5000   risk = 0.34  riskauc = 0.91   time = 29463365   
2250/5000   risk = 0.34  riskauc = 0.91   time = 31162034   
2375/5000   risk = 0.34  riskauc = 0.91   time = 32774160   
2500/5000   risk = 0.34  riskauc = 0.91   time = 34310371   
2625/5000   risk = 0.34  riskauc = 0.91   time = 35757773   
2750/5000   risk = 0.34  riskauc = 0.91   time = 37480176   
2875/5000   risk = 0.34  riskauc = 0.91   time = 39034225   
3000/5000   risk = 0.34  riskauc = 0.91   time = 40418503   
3125/5000   risk = 0.34  riskauc = 0.91   time = 41873614   
3250/5000   risk = 0.34  riskauc = 0.91   time = 43756527   
3375/5000   risk = 0.34  riskauc = 0.91   time = 45298892   
3500/5000   risk = 0.34  riskauc = 0.91   time = 47150161   
3625/5000   risk = 0.34  riskauc = 0.91   time = 48991086   
3750/5000   risk = 0.34  riskauc = 0.91   time = 50760872   
3875/5000   risk = 0.34  riskauc = 0.91   time = 52844362   
4000/5000   risk = 0.34  riskauc = 0.91   time = 54755782   
4125/5000   risk = 0.34  riskauc = 0.91   time = 56543172   
4250/5000   risk = 0.34  riskauc = 0.91   time = 57947669   
4375/5000   risk = 0.35  riskauc = 0.91   time = 59347626   
4500/5000   risk = 0.35  riskauc = 0.91   time = 60732684   
4625/5000   risk = 0.35  riskauc = 0.91   time = 62226817   
4750/5000   risk = 0.35  riskauc = 0.91   time = 63674247   
4875/5000   risk = 0.35  riskauc = 0.91   time = 65168644   
5000/5000   risk = 0.35  riskauc = 0.91   time = 66749271   


Train 5000 iterations in 66 Seconds.
Final risk based on the train set: 0.35

INFO  [20:31:37.657] [mlr3]  [LGCOMPBOOST] iterations:'stop_cwb',5000,'stop_acwb',NA,'stop_hcwb',NA 
INFO  [20:31:37.660] [mlr3]  [LGCOMPBOOST] risk_inbag:'risk_intercept',0.550237,'risk_cwb',0.346179,'risk_acwb',NA,'risk_hcwb',NA 
INFO  [20:31:37.662] [mlr3]  [LGCOMPBOOST] risk_oob:'risk_intercept_oob',NA,'risk_cwb_oob',NA,'risk_acwb_oob',NA,'risk_hcwb_oob',NA 
DEBUG [20:31:37.668] [mlr3]  Learner 'acc_cwb' on task 'Task 7592: adult (Supervised Classification)' succeeded to fit a model {learner: <LearnerClassifCompboost/LearnerClassif/Learner/R6>, result: <list>, messages: }
DEBUG [20:31:37.682] [mlr3]  Skip subsetting of task 'Task 7592: adult (Supervised Classification)' 
DEBUG [20:31:37.686] [mlr3]  Calling train method of Learner 'acc_cwb' on task 'Task 7592: adult (Supervised Classification)' with 39073 observations {learner: <LearnerClassifCompboost/LearnerClassif/Learner/R6>}
Warning in get_private(learner)$.train(task) :
  Number of cores 30 exceeds number of features 14. The number of cores are set to 14!
INFO  [20:31:37.767] [mlr3]  [LGCOMPBOOST] Running compboost with df 5.000000 and df_cat 2.000000 
   1/5000   risk = 0.55  time = 2   
 125/5000   risk = 0.46  time = 1084015   
 250/5000   risk = 0.42  time = 2074943   
 375/5000   risk = 0.4  time = 2769292   
 500/5000   risk = 0.38  time = 3722393   
 625/5000   risk = 0.37  time = 4735712   
 750/5000   risk = 0.37  time = 5590799   
 875/5000   risk = 0.36  time = 6305049   
1000/5000   risk = 0.36  time = 7050163   
1125/5000   risk = 0.35  time = 7815625   
1250/5000   risk = 0.35  time = 8541114   
1375/5000   risk = 0.35  time = 9282082   
1500/5000   risk = 0.35  time = 10315395   
1625/5000   risk = 0.34  time = 11349735   
1750/5000   risk = 0.34  time = 12410362   
1875/5000   risk = 0.34  time = 13492955   
2000/5000   risk = 0.34  time = 14534355   
2125/5000   risk = 0.34  time = 15651989   
2250/5000   risk = 0.34  time = 16732301   
2375/5000   risk = 0.34  time = 17781562   
2500/5000   risk = 0.34  time = 18831720   
2625/5000   risk = 0.34  time = 19854400   
2750/5000   risk = 0.34  time = 20756158   
2875/5000   risk = 0.34  time = 21528626   
3000/5000   risk = 0.34  time = 22283804   
3125/5000   risk = 0.34  time = 23029772   
3250/5000   risk = 0.34  time = 23803728   
3375/5000   risk = 0.34  time = 24598776   
3500/5000   risk = 0.34  time = 25418957   
3625/5000   risk = 0.34  time = 26199594   
3750/5000   risk = 0.34  time = 26965027   
3875/5000   risk = 0.34  time = 27734296   
4000/5000   risk = 0.34  time = 28507622   
4125/5000   risk = 0.34  time = 29296645   
4250/5000   risk = 0.34  time = 30101439   
4375/5000   risk = 0.35  time = 30889579   
4500/5000   risk = 0.35  time = 31702901   
4625/5000   risk = 0.35  time = 32515625   
4750/5000   risk = 0.35  time = 33297546   
4875/5000   risk = 0.35  time = 34088414   
5000/5000   risk = 0.35  time = 34907656   


Train 5000 iterations in 34 Seconds.
Final risk based on the train set: 0.35

INFO  [20:32:19.800] [mlr3]  [LGCOMPBOOST] iterations:'stop_cwb',5000,'stop_acwb',NA,'stop_hcwb',NA 
INFO  [20:32:19.806] [mlr3]  [LGCOMPBOOST] risk_inbag:'risk_intercept',0.550237,'risk_cwb',0.346179,'risk_acwb',NA,'risk_hcwb',NA 
INFO  [20:32:19.808] [mlr3]  [LGCOMPBOOST] risk_oob:'risk_intercept_oob',NA,'risk_cwb_oob',NA,'risk_acwb_oob',NA,'risk_hcwb_oob',NA 
DEBUG [20:32:19.816] [mlr3]  Learner 'acc_cwb' on task 'Task 7592: adult (Supervised Classification)' succeeded to fit a model {learner: <LearnerClassifCompboost/LearnerClassif/Learner/R6>, result: <list>, messages: }

### [bt]: Job terminated successfully [batchtools job.id=28]
### [bt]: Calculation finished!
