### [bt]: This is batchtools v0.9.15
### [bt]: Starting calculation of 1 jobs
### [bt]: Setting working directory to '/home/user/repos/cacb-batchtools/eq1'
[2021-07-25 20:37:59] Loading new learner
[2021-07-25 20:37:59] Loading tasks
[2021-07-25 20:38:02] Loading resampling
### [bt]: Memory measurement disabled
### [bt]: Starting job [batchtools job.id=31]
### [bt]: Generating problem instance for problem '7592-fold2' ...
### [bt]: Applying algorithm 'evaluate-learner' on problem '7592-fold2' for job 31 (seed = 31446) ...
DEBUG [20:38:03.174] [mlr3]  Skip subsetting of task 'Task 7592: adult (Supervised Classification)' 
DEBUG [20:38:03.179] [mlr3]  Calling train method of Learner 'bin_cwb_nb' on task 'Task 7592: adult (Supervised Classification)' with 39073 observations {learner: <LearnerClassifCompboost/LearnerClassif/Learner/R6>}
Warning in get_private(learner)$.train(task) :
  Number of cores 30 exceeds number of features 14. The number of cores are set to 14!
INFO  [20:38:03.306] [mlr3]  [LGCOMPBOOST] Running compboost with df 5.000000 and df_cat 2.000000 
   1/5000   risk = 0.54  riskauc = 0.77   time = 2   
 125/5000   risk = 0.35  riskauc = 0.9   time = 1478729   
 250/5000   risk = 0.34  riskauc = 0.9   time = 2930361   
 375/5000   risk = 0.34  riskauc = 0.91   time = 4387709   
 500/5000   risk = 0.34  riskauc = 0.91   time = 5805385   
 625/5000   risk = 0.35  riskauc = 0.91   time = 7179752   
 750/5000   risk = 0.35  riskauc = 0.91   time = 8664611   
 875/5000   risk = 0.35  riskauc = 0.91   time = 10234296   
1000/5000   risk = 0.35  riskauc = 0.91   time = 11701278   
1125/5000   risk = 0.35  riskauc = 0.91   time = 13232610   
1250/5000   risk = 0.35  riskauc = 0.91   time = 14652144   
1375/5000   risk = 0.35  riskauc = 0.91   time = 16319294   
1500/5000   risk = 0.35  riskauc = 0.91   time = 17723054   
1625/5000   risk = 0.35  riskauc = 0.91   time = 19177720   
1750/5000   risk = 0.35  riskauc = 0.91   time = 20664697   
1875/5000   risk = 0.35  riskauc = 0.91   time = 22007304   
2000/5000   risk = 0.35  riskauc = 0.91   time = 23691700   
2125/5000   risk = 0.35  riskauc = 0.91   time = 25123932   
2250/5000   risk = 0.35  riskauc = 0.91   time = 26581590   
2375/5000   risk = 0.35  riskauc = 0.91   time = 28057725   
2500/5000   risk = 0.36  riskauc = 0.91   time = 29490436   
2625/5000   risk = 0.36  riskauc = 0.91   time = 31072442   
2750/5000   risk = 0.36  riskauc = 0.91   time = 32508438   
2875/5000   risk = 0.36  riskauc = 0.91   time = 33973316   
3000/5000   risk = 0.36  riskauc = 0.91   time = 35482529   
3125/5000   risk = 0.36  riskauc = 0.91   time = 36968414   
3250/5000   risk = 0.36  riskauc = 0.91   time = 38492888   
3375/5000   risk = 0.36  riskauc = 0.91   time = 39954790   
3500/5000   risk = 0.36  riskauc = 0.91   time = 41553204   
3625/5000   risk = 0.36  riskauc = 0.91   time = 43353578   
3750/5000   risk = 0.36  riskauc = 0.91   time = 45235376   
3875/5000   risk = 0.36  riskauc = 0.91   time = 46738900   
4000/5000   risk = 0.36  riskauc = 0.91   time = 48251565   
4125/5000   risk = 0.36  riskauc = 0.91   time = 49696360   
4250/5000   risk = 0.36  riskauc = 0.91   time = 51119573   
4375/5000   risk = 0.36  riskauc = 0.91   time = 52929532   
4500/5000   risk = 0.36  riskauc = 0.91   time = 54526814   
4625/5000   risk = 0.36  riskauc = 0.91   time = 56082780   
4750/5000   risk = 0.36  riskauc = 0.91   time = 57635377   
4875/5000   risk = 0.36  riskauc = 0.91   time = 59372879   
5000/5000   risk = 0.36  riskauc = 0.91   time = 61294314   


Train 5000 iterations in 61 Seconds.
Final risk based on the train set: 0.36

INFO  [20:39:12.184] [mlr3]  [LGCOMPBOOST] iterations:'stop_cwb',5000,'stop_acwb',NA,'stop_hcwb',NA 
INFO  [20:39:12.190] [mlr3]  [LGCOMPBOOST] risk_inbag:'risk_intercept',0.550237,'risk_cwb',0.356140,'risk_acwb',NA,'risk_hcwb',NA 
INFO  [20:39:12.195] [mlr3]  [LGCOMPBOOST] risk_oob:'risk_intercept_oob',NA,'risk_cwb_oob',NA,'risk_acwb_oob',NA,'risk_hcwb_oob',NA 
DEBUG [20:39:12.204] [mlr3]  Learner 'bin_cwb_nb' on task 'Task 7592: adult (Supervised Classification)' succeeded to fit a model {learner: <LearnerClassifCompboost/LearnerClassif/Learner/R6>, result: <list>, messages: }
DEBUG [20:39:12.223] [mlr3]  Skip subsetting of task 'Task 7592: adult (Supervised Classification)' 
DEBUG [20:39:12.227] [mlr3]  Calling train method of Learner 'bin_cwb_nb' on task 'Task 7592: adult (Supervised Classification)' with 39073 observations {learner: <LearnerClassifCompboost/LearnerClassif/Learner/R6>}
Warning in get_private(learner)$.train(task) :
  Number of cores 30 exceeds number of features 14. The number of cores are set to 14!
INFO  [20:39:12.300] [mlr3]  [LGCOMPBOOST] Running compboost with df 5.000000 and df_cat 2.000000 
   1/5000   risk = 0.54  time = 2   
 125/5000   risk = 0.35  time = 965867   
 250/5000   risk = 0.34  time = 1940078   
 375/5000   risk = 0.34  time = 2862012   
 500/5000   risk = 0.34  time = 3814557   
 625/5000   risk = 0.35  time = 4762479   
 750/5000   risk = 0.35  time = 5735751   
 875/5000   risk = 0.35  time = 6763200   
1000/5000   risk = 0.35  time = 7764288   
1125/5000   risk = 0.35  time = 8639314   
1250/5000   risk = 0.35  time = 9479962   
1375/5000   risk = 0.35  time = 10311944   
1500/5000   risk = 0.35  time = 11315191   
1625/5000   risk = 0.35  time = 12344506   
1750/5000   risk = 0.35  time = 13361218   
1875/5000   risk = 0.35  time = 14413825   
2000/5000   risk = 0.35  time = 15422564   
2125/5000   risk = 0.35  time = 16436923   
2250/5000   risk = 0.35  time = 17396212   
2375/5000   risk = 0.35  time = 18404171   
2500/5000   risk = 0.36  time = 19452229   
2625/5000   risk = 0.36  time = 20515373   
2750/5000   risk = 0.36  time = 21587297   
2875/5000   risk = 0.36  time = 22655251   
3000/5000   risk = 0.36  time = 23684597   
3125/5000   risk = 0.36  time = 24730123   
3250/5000   risk = 0.36  time = 25761830   
3375/5000   risk = 0.36  time = 26804699   
3500/5000   risk = 0.36  time = 27857661   
3625/5000   risk = 0.36  time = 28920917   
3750/5000   risk = 0.36  time = 29995121   
3875/5000   risk = 0.36  time = 31006768   
4000/5000   risk = 0.36  time = 31943662   
4125/5000   risk = 0.36  time = 32884451   
4250/5000   risk = 0.36  time = 33807810   
4375/5000   risk = 0.36  time = 34827273   
4500/5000   risk = 0.36  time = 35895954   
4625/5000   risk = 0.36  time = 36968520   
4750/5000   risk = 0.36  time = 38061547   
4875/5000   risk = 0.36  time = 39027766   
5000/5000   risk = 0.36  time = 39935176   


Train 5000 iterations in 39 Seconds.
Final risk based on the train set: 0.36

INFO  [20:39:59.599] [mlr3]  [LGCOMPBOOST] iterations:'stop_cwb',5000,'stop_acwb',NA,'stop_hcwb',NA 
INFO  [20:39:59.603] [mlr3]  [LGCOMPBOOST] risk_inbag:'risk_intercept',0.550237,'risk_cwb',0.356140,'risk_acwb',NA,'risk_hcwb',NA 
INFO  [20:39:59.605] [mlr3]  [LGCOMPBOOST] risk_oob:'risk_intercept_oob',NA,'risk_cwb_oob',NA,'risk_acwb_oob',NA,'risk_hcwb_oob',NA 
DEBUG [20:39:59.611] [mlr3]  Learner 'bin_cwb_nb' on task 'Task 7592: adult (Supervised Classification)' succeeded to fit a model {learner: <LearnerClassifCompboost/LearnerClassif/Learner/R6>, result: <list>, messages: }

### [bt]: Job terminated successfully [batchtools job.id=31]
### [bt]: Calculation finished!
