### [bt]: This is batchtools v0.9.15
### [bt]: Starting calculation of 1 jobs
### [bt]: Setting working directory to '/home/user/repos/cacb-batchtools/eq1'
[2021-07-28 22:48:15] Loading new learner
[2021-07-28 22:48:16] Loading tasks
[2021-07-28 22:48:19] Loading resampling
### [bt]: Memory measurement disabled
### [bt]: Starting job [batchtools job.id=93]
### [bt]: Generating problem instance for problem '168908-fold4' ...
### [bt]: Applying algorithm 'evaluate-learner' on problem '168908-fold4' for job 93 (seed = 31508) ...
DEBUG [22:48:20.567] [mlr3]  Skip subsetting of task 'Task 168908: christine (Supervised Classification)' 
DEBUG [22:48:20.650] [mlr3]  Calling train method of Learner 'bin_cwb_nb' on task 'Task 168908: christine (Supervised Classification)' with 4334 observations {learner: <LearnerClassifCompboost/LearnerClassif/Learner/R6>}
   1/5000   risk = 0.68  riskauc = 0.72   time = 2   
 125/5000   risk = 0.55  riskauc = 0.79   time = 3949302   
 250/5000   risk = 0.54  riskauc = 0.8   time = 7821967   
 375/5000   risk = 0.53  riskauc = 0.81   time = 11723928   
 500/5000   risk = 0.52  riskauc = 0.81   time = 15521850   
 625/5000   risk = 0.51  riskauc = 0.81   time = 19507190   
 750/5000   risk = 0.5  riskauc = 0.81   time = 23414705   
 875/5000   risk = 0.49  riskauc = 0.81   time = 27324542   
1000/5000   risk = 0.48  riskauc = 0.81   time = 31273141   
1125/5000   risk = 0.48  riskauc = 0.81   time = 35190519   
1250/5000   risk = 0.47  riskauc = 0.81   time = 39030291   
1375/5000   risk = 0.46  riskauc = 0.81   time = 43011794   
1500/5000   risk = 0.46  riskauc = 0.81   time = 46872714   
1625/5000   risk = 0.45  riskauc = 0.81   time = 50693424   
1750/5000   risk = 0.44  riskauc = 0.81   time = 54540688   
1875/5000   risk = 0.44  riskauc = 0.81   time = 58363164   
2000/5000   risk = 0.43  riskauc = 0.81   time = 62365502   
2125/5000   risk = 0.43  riskauc = 0.81   time = 66290351   
2250/5000   risk = 0.42  riskauc = 0.81   time = 70253666   
2375/5000   risk = 0.42  riskauc = 0.81   time = 74165090   
2500/5000   risk = 0.41  riskauc = 0.81   time = 78145853   
2625/5000   risk = 0.41  riskauc = 0.81   time = 82141448   
2750/5000   risk = 0.4  riskauc = 0.81   time = 85972353   
2875/5000   risk = 0.4  riskauc = 0.81   time = 89938429   
3000/5000   risk = 0.4  riskauc = 0.81   time = 93923212   
3125/5000   risk = 0.39  riskauc = 0.81   time = 97885224   
3250/5000   risk = 0.39  riskauc = 0.81   time = 101785868   
3375/5000   risk = 0.38  riskauc = 0.81   time = 105874904   
3500/5000   risk = 0.38  riskauc = 0.81   time = 109881304   
3625/5000   risk = 0.38  riskauc = 0.81   time = 113878047   
3750/5000   risk = 0.37  riskauc = 0.81   time = 117924744   
3875/5000   risk = 0.37  riskauc = 0.81   time = 121989882   
4000/5000   risk = 0.37  riskauc = 0.81   time = 125925124   
4125/5000   risk = 0.36  riskauc = 0.81   time = 129934547   
4250/5000   risk = 0.36  riskauc = 0.81   time = 133783226   
4375/5000   risk = 0.36  riskauc = 0.81   time = 137805844   
4500/5000   risk = 0.35  riskauc = 0.8   time = 141762902   
4625/5000   risk = 0.35  riskauc = 0.8   time = 145645377   
4750/5000   risk = 0.35  riskauc = 0.8   time = 149664138   
4875/5000   risk = 0.34  riskauc = 0.8   time = 153672841   
5000/5000   risk = 0.34  riskauc = 0.8   time = 157752901   


Train 5000 iterations in 159 Seconds.
Final risk based on the train set: 0.34

DEBUG [22:51:08.853] [mlr3]  Learner 'bin_cwb_nb' on task 'Task 168908: christine (Supervised Classification)' succeeded to fit a model {learner: <LearnerClassifCompboost/LearnerClassif/Learner/R6>, result: <list>, messages: }
DEBUG [22:51:08.869] [mlr3]  Skip subsetting of task 'Task 168908: christine (Supervised Classification)' 
DEBUG [22:51:08.873] [mlr3]  Calling train method of Learner 'bin_cwb_nb' on task 'Task 168908: christine (Supervised Classification)' with 4334 observations {learner: <LearnerClassifCompboost/LearnerClassif/Learner/R6>}
   1/5000   risk = 0.68  time = 2   
 125/5000   risk = 0.55  time = 3672165   
 250/5000   risk = 0.54  time = 7397310   
 375/5000   risk = 0.53  time = 11178722   
 500/5000   risk = 0.52  time = 14888973   
 625/5000   risk = 0.51  time = 18611599   
 750/5000   risk = 0.5  time = 22530321   
 875/5000   risk = 0.49  time = 26300878   
1000/5000   risk = 0.48  time = 30000426   
1125/5000   risk = 0.48  time = 33841355   
1250/5000   risk = 0.47  time = 37649493   
1375/5000   risk = 0.46  time = 41388661   
1500/5000   risk = 0.46  time = 45196184   
1625/5000   risk = 0.45  time = 49016312   
1750/5000   risk = 0.44  time = 52782102   
1875/5000   risk = 0.44  time = 56551891   
2000/5000   risk = 0.43  time = 60528126   
2125/5000   risk = 0.43  time = 64300625   
2250/5000   risk = 0.42  time = 68184010   
2375/5000   risk = 0.42  time = 71984200   
2500/5000   risk = 0.41  time = 75761326   
2625/5000   risk = 0.41  time = 79621287   
2750/5000   risk = 0.4  time = 83502236   
2875/5000   risk = 0.4  time = 87287443   
3000/5000   risk = 0.4  time = 91157481   
3125/5000   risk = 0.39  time = 95005782   
3250/5000   risk = 0.39  time = 98813081   
3375/5000   risk = 0.38  time = 102609968   
3500/5000   risk = 0.38  time = 106456019   
3625/5000   risk = 0.38  time = 110286622   
3750/5000   risk = 0.37  time = 114168455   
3875/5000   risk = 0.37  time = 117960135   
4000/5000   risk = 0.37  time = 121723268   
4125/5000   risk = 0.36  time = 125504693   
4250/5000   risk = 0.36  time = 129307754   
4375/5000   risk = 0.36  time = 133178870   
4500/5000   risk = 0.35  time = 137004850   
4625/5000   risk = 0.35  time = 140828233   
4750/5000   risk = 0.35  time = 144671055   
4875/5000   risk = 0.34  time = 148545729   
5000/5000   risk = 0.34  time = 152404363   


Train 5000 iterations in 152 Seconds.
Final risk based on the train set: 0.34

DEBUG [22:53:49.308] [mlr3]  Learner 'bin_cwb_nb' on task 'Task 168908: christine (Supervised Classification)' succeeded to fit a model {learner: <LearnerClassifCompboost/LearnerClassif/Learner/R6>, result: <list>, messages: }

### [bt]: Job terminated successfully [batchtools job.id=93]
### [bt]: Calculation finished!
