### [bt]: This is batchtools v0.9.15
### [bt]: Starting calculation of 1 jobs
### [bt]: Setting working directory to '/home/user/repos/cacb-batchtools/eq1'
[2021-07-18] Loading new learner
[2021-07-18 13:08:47] Loading tasks
[2021-07-18 13:08:50] Loading resampling
### [bt]: Memory measurement disabled
### [bt]: Starting job [batchtools job.id=7]
### [bt]: Generating problem instance for problem 'spam-fold2' ...
### [bt]: Applying algorithm 'evaluate-learner' on problem 'spam-fold2' for job 7 (seed = 31422) ...
DEBUG [13:08:51.026] [mlr3]  Skip subsetting of task 'spam' 
DEBUG [13:08:51.028] [mlr3]  Calling train method of Learner 'removeconstants_before.imputemedian_num.imputemode_fct.collapsefactors.removeconstants_after.bin_cwb_b' on task 'spam' with 3680 observations {learner: <GraphLearner/Learner/R6>}
DEBUG [13:08:51.045] Running PipeOp 'removeconstants_before$train()' {pipeop: <PipeOpRemoveConstants/PipeOpTaskPreprocSimple/PipeOpTaskPreproc/PipeOp/R6>, input: <list>}
DEBUG [13:08:51.081] Running PipeOp 'imputemedian_num$train()' {pipeop: <PipeOpImputeMedian/PipeOpImpute/PipeOp/R6>, input: <list>}
DEBUG [13:08:51.228] Running PipeOp 'imputemode_fct$train()' {pipeop: <PipeOpImputeMode/PipeOpImpute/PipeOp/R6>, input: <list>}
DEBUG [13:08:51.242] Running PipeOp 'collapsefactors$train()' {pipeop: <PipeOpCollapseFactors/PipeOpTaskPreprocSimple/PipeOpTaskPreproc/PipeOp/R6>, input: <list>}
DEBUG [13:08:51.255] Running PipeOp 'removeconstants_after$train()' {pipeop: <PipeOpRemoveConstants/PipeOpTaskPreprocSimple/PipeOpTaskPreproc/PipeOp/R6>, input: <list>}
DEBUG [13:08:51.291] Running PipeOp 'bin_cwb_b$train()' {pipeop: <PipeOpLearner/PipeOp/R6>, input: <list>}
DEBUG [13:08:51.297] [mlr3]  Skip subsetting of task 'spam' 
DEBUG [13:08:51.300] [mlr3]  Calling train method of Learner 'bin_cwb_b' on task 'spam' with 3680 observations {learner: <LearnerClassifCompboost/LearnerClassif/Learner/R6>}
INFO  [13:08:51.308] [mlr3]  [LGCOMPBOOST] Running compboost with df 20.000000 and df_cat 1.000000 
   1/5000   risk = 0.64  time = 1   
 125/5000   risk = 0.24  time = 1013130   
 250/5000   risk = 0.21  time = 2189353   
 375/5000   risk = 0.19  time = 3256718   
 500/5000   risk = 0.18  time = 4342540   
 625/5000   risk = 0.18  time = 5505121   
 750/5000   risk = 0.17  time = 6599352   
 875/5000   risk = 0.16  time = 7690145   
1000/5000   risk = 0.16  time = 8751453   
1125/5000   risk = 0.16  time = 9829513   
1250/5000   risk = 0.15  time = 10931881   
1375/5000   risk = 0.15  time = 12097986   
1500/5000   risk = 0.15  time = 13399681   
1625/5000   risk = 0.15  time = 14563942   
1750/5000   risk = 0.14  time = 15699968   
1875/5000   risk = 0.14  time = 16788611   
2000/5000   risk = 0.14  time = 17887396   
2125/5000   risk = 0.14  time = 18942992   
2250/5000   risk = 0.14  time = 20051433   
2375/5000   risk = 0.14  time = 21161783   
2500/5000   risk = 0.13  time = 22219358   
2625/5000   risk = 0.13  time = 23307644   
2750/5000   risk = 0.13  time = 24396743   
2875/5000   risk = 0.13  time = 25454790   
3000/5000   risk = 0.13  time = 26495192   
3125/5000   risk = 0.13  time = 27625448   
3250/5000   risk = 0.13  time = 28721473   
3375/5000   risk = 0.13  time = 29804268   
3500/5000   risk = 0.13  time = 30887134   
3625/5000   risk = 0.12  time = 31995339   
3750/5000   risk = 0.12  time = 33020909   
3875/5000   risk = 0.12  time = 34214937   
4000/5000   risk = 0.12  time = 35354570   
4125/5000   risk = 0.12  time = 36502447   
4250/5000   risk = 0.12  time = 37665934   
4375/5000   risk = 0.12  time = 38778231   
4500/5000   risk = 0.12  time = 39947342   
4625/5000   risk = 0.12  time = 41001261   
4750/5000   risk = 0.12  time = 42034774   
4875/5000   risk = 0.12  time = 43106591   
5000/5000   risk = 0.12  time = 44153766   


Train 5000 iterations in 44 Seconds.
Final risk based on the train set: 0.12

INFO  [13:09:44.817] [mlr3]  [LGCOMPBOOST] iterations:'stop_cwb',5000,'stop_acwb',NA,'stop_hcwb',NA 
INFO  [13:09:44.820] [mlr3]  [LGCOMPBOOST] risk_inbag:'risk_intercept',0.670513,'risk_cwb',0.117428,'risk_acwb',NA,'risk_hcwb',NA 
INFO  [13:09:44.822] [mlr3]  [LGCOMPBOOST] risk_oob:'risk_intercept_oob',NA,'risk_cwb_oob',NA,'risk_acwb_oob',NA,'risk_hcwb_oob',NA 
DEBUG [13:09:44.827] [mlr3]  Learner 'bin_cwb_b' on task 'spam' succeeded to fit a model {learner: <LearnerClassifCompboost/LearnerClassif/Learner/R6>, result: <list>, messages: }
DEBUG [13:09:44.839] [mlr3]  Learner 'removeconstants_before.imputemedian_num.imputemode_fct.collapsefactors.removeconstants_after.bin_cwb_b' on task 'spam' succeeded to fit a model {learner: <GraphLearner/Learner/R6>, result: <list>, messages: }
[2021-07-18 13:09:49] (1/1250) Processing iter 4
Error in self$model$setToIteration(iteration, trace) : 
  addition: incompatible matrix dimensions: 3680x1 and 60x1

### [bt]: Job terminated with an exception [batchtools job.id=7]
### [bt]: Calculation finished!
