### [bt]: This is batchtools v0.9.15
### [bt]: Starting calculation of 1 jobs
### [bt]: Setting working directory to '/home/user/repos/cacb-batchtools/eq1'
[2021-07-26 00:37:41] Loading new learner
[2021-07-26 00:37:41] Loading tasks
[2021-07-26 00:37:44] Loading resampling
### [bt]: Memory measurement disabled
### [bt]: Starting job [batchtools job.id=24]
### [bt]: Generating problem instance for problem 'spam-fold5' ...
### [bt]: Applying algorithm 'evaluate-learner' on problem 'spam-fold5' for job 24 (seed = 31439) ...
DEBUG [00:37:45.043] [mlr3]  Skip subsetting of task 'spam' 
DEBUG [00:37:45.046] [mlr3]  Calling train method of Learner 'acc_acwb' on task 'spam' with 3682 observations {learner: <LearnerClassifCompboost/LearnerClassif/Learner/R6>}
INFO  [00:37:45.057] [mlr3]  [LGCOMPBOOST] Running compboost with df 20.000000 and df_cat 1.000000 
   1/5000   risk = 0.67  riskauc = 0.78   time = 2   
 125/5000   risk = 0.53  riskauc = 0.93   time = 1430965   
 250/5000   risk = 0.4  riskauc = 0.94   time = 2864376   
 375/5000   risk = 0.29  riskauc = 0.95   time = 4274437   
 500/5000   risk = 0.21  riskauc = 0.95   time = 5885798   
 625/5000   risk = 0.17  riskauc = 0.96   time = 7620494   
 750/5000   risk = 0.14  riskauc = 0.96   time = 9076979   
 875/5000   risk = 0.12  riskauc = 0.95   time = 10457360   
1000/5000   risk = 0.11  riskauc = 0.95   time = 11947537   
1125/5000   risk = 0.11  riskauc = 0.95   time = 13342155   
1250/5000   risk = 0.1  riskauc = 0.95   time = 15303149   
1375/5000   risk = 0.099  riskauc = 0.95   time = 16737359   
1500/5000   risk = 0.097  riskauc = 0.95   time = 18171137   
1625/5000   risk = 0.095  riskauc = 0.95   time = 19759260   
1750/5000   risk = 0.093  riskauc = 0.94   time = 21261940   
1875/5000   risk = 0.091  riskauc = 0.94   time = 22751441   
2000/5000   risk = 0.09  riskauc = 0.94   time = 24162155   
2125/5000   risk = 0.088  riskauc = 0.94   time = 25652035   
2250/5000   risk = 0.087  riskauc = 0.94   time = 27105878   
2375/5000   risk = 0.086  riskauc = 0.94   time = 28596722   
2500/5000   risk = 0.085  riskauc = 0.94   time = 30194186   
2625/5000   risk = 0.084  riskauc = 0.94   time = 31747903   
2750/5000   risk = 0.083  riskauc = 0.94   time = 33125924   
2875/5000   risk = 0.082  riskauc = 0.94   time = 34589515   
3000/5000   risk = 0.081  riskauc = 0.94   time = 36130231   
3125/5000   risk = 0.08  riskauc = 0.93   time = 37588843   
3250/5000   risk = 0.08  riskauc = 0.93   time = 39187718   
3375/5000   risk = 0.079  riskauc = 0.93   time = 40719495   
3500/5000   risk = 0.078  riskauc = 0.93   time = 42138298   
3625/5000   risk = 0.078  riskauc = 0.93   time = 43756559   
3750/5000   risk = 0.077  riskauc = 0.93   time = 45409957   
3875/5000   risk = 0.077  riskauc = 0.93   time = 46996306   
4000/5000   risk = 0.076  riskauc = 0.92   time = 48446239   
4125/5000   risk = 0.076  riskauc = 0.92   time = 50099181   
4250/5000   risk = 0.075  riskauc = 0.92   time = 51753642   
4375/5000   risk = 0.075  riskauc = 0.92   time = 53444644   
4500/5000   risk = 0.075  riskauc = 0.92   time = 55185750   
4625/5000   risk = 0.074  riskauc = 0.92   time = 56804604   
4750/5000   risk = 0.074  riskauc = 0.92   time = 58377034   
4875/5000   risk = 0.073  riskauc = 0.92   time = 60507836   
5000/5000   risk = 0.073  riskauc = 0.92   time = 62175920   


Train 5000 iterations in 62 Seconds.
Final risk based on the train set: 0.073

INFO  [00:38:58.052] [mlr3]  [LGCOMPBOOST] iterations:'stop_cwb',NA,'stop_acwb',5000,'stop_hcwb',NA 
INFO  [00:38:58.055] [mlr3]  [LGCOMPBOOST] risk_inbag:'risk_intercept',0.670538,'risk_cwb',NA,'risk_acwb',0.073060,'risk_hcwb',NA 
INFO  [00:38:58.056] [mlr3]  [LGCOMPBOOST] risk_oob:'risk_intercept_oob',NA,'risk_cwb_oob',NA,'risk_acwb_oob',NA,'risk_hcwb_oob',NA 
DEBUG [00:38:58.062] [mlr3]  Learner 'acc_acwb' on task 'spam' succeeded to fit a model {learner: <LearnerClassifCompboost/LearnerClassif/Learner/R6>, result: <list>, messages: }
DEBUG [00:38:58.073] [mlr3]  Skip subsetting of task 'spam' 
DEBUG [00:38:58.076] [mlr3]  Calling train method of Learner 'acc_acwb' on task 'spam' with 3682 observations {learner: <LearnerClassifCompboost/LearnerClassif/Learner/R6>}
INFO  [00:38:58.087] [mlr3]  [LGCOMPBOOST] Running compboost with df 20.000000 and df_cat 1.000000 
   1/5000   risk = 0.67  time = 2   
 125/5000   risk = 0.53  time = 1244460   
 250/5000   risk = 0.4  time = 2458352   
 375/5000   risk = 0.29  time = 3659297   
 500/5000   risk = 0.21  time = 4883185   
 625/5000   risk = 0.17  time = 6298496   
 750/5000   risk = 0.14  time = 7421998   
 875/5000   risk = 0.12  time = 8667402   
1000/5000   risk = 0.11  time = 9882815   
1125/5000   risk = 0.11  time = 11055002   
1250/5000   risk = 0.1  time = 12331593   
1375/5000   risk = 0.099  time = 13589245   
1500/5000   risk = 0.097  time = 14831967   
1625/5000   risk = 0.095  time = 16156433   
1750/5000   risk = 0.093  time = 17538501   
1875/5000   risk = 0.091  time = 18819161   
2000/5000   risk = 0.09  time = 20059100   
2125/5000   risk = 0.088  time = 21220892   
2250/5000   risk = 0.087  time = 22443399   
2375/5000   risk = 0.086  time = 23721040   
2500/5000   risk = 0.085  time = 25001211   
2625/5000   risk = 0.084  time = 26250464   
2750/5000   risk = 0.083  time = 27521009   
2875/5000   risk = 0.082  time = 28842068   
3000/5000   risk = 0.081  time = 30166591   
3125/5000   risk = 0.08  time = 31534394   
3250/5000   risk = 0.08  time = 32758433   
3375/5000   risk = 0.079  time = 34118409   
3500/5000   risk = 0.078  time = 35482533   
3625/5000   risk = 0.078  time = 36842867   
3750/5000   risk = 0.077  time = 38202732   
3875/5000   risk = 0.077  time = 39559125   
4000/5000   risk = 0.076  time = 40960225   
4125/5000   risk = 0.076  time = 42354499   
4250/5000   risk = 0.075  time = 43660288   
4375/5000   risk = 0.075  time = 44977353   
4500/5000   risk = 0.075  time = 46250777   
4625/5000   risk = 0.074  time = 47677184   
4750/5000   risk = 0.074  time = 49091332   
4875/5000   risk = 0.073  time = 50563314   
5000/5000   risk = 0.073  time = 52125866   


Train 5000 iterations in 52 Seconds.
Final risk based on the train set: 0.073

INFO  [00:40:00.113] [mlr3]  [LGCOMPBOOST] iterations:'stop_cwb',NA,'stop_acwb',5000,'stop_hcwb',NA 
INFO  [00:40:00.116] [mlr3]  [LGCOMPBOOST] risk_inbag:'risk_intercept',0.670538,'risk_cwb',NA,'risk_acwb',0.073060,'risk_hcwb',NA 
INFO  [00:40:00.118] [mlr3]  [LGCOMPBOOST] risk_oob:'risk_intercept_oob',NA,'risk_cwb_oob',NA,'risk_acwb_oob',NA,'risk_hcwb_oob',NA 
DEBUG [00:40:00.123] [mlr3]  Learner 'acc_acwb' on task 'spam' succeeded to fit a model {learner: <LearnerClassifCompboost/LearnerClassif/Learner/R6>, result: <list>, messages: }

### [bt]: Job terminated successfully [batchtools job.id=24]
### [bt]: Calculation finished!
