### [bt]: This is batchtools v0.9.15
### [bt]: Starting calculation of 1 jobs
### [bt]: Setting working directory to '/home/user/repos/cacb-batchtools/eq1'
[2021-07-19] Loading new learner
[2021-07-19 04:23:33] Loading tasks
[2021-07-19 04:23:36] Loading resampling
### [bt]: Memory measurement disabled
### [bt]: Starting job [batchtools job.id=57]
### [bt]: Generating problem instance for problem '168335-fold2' ...
### [bt]: Applying algorithm 'evaluate-learner' on problem '168335-fold2' for job 57 (seed = 31472) ...
DEBUG [04:23:38.183] [mlr3]  Skip subsetting of task 'Task 168335: MiniBooNE (Supervised Classification)' 
DEBUG [04:23:38.185] [mlr3]  Calling train method of Learner 'removeconstants_before.imputemedian_num.imputemode_fct.collapsefactors.removeconstants_after.bin_cwb_b' on task 'Task 168335: MiniBooNE (Supervised Classification)' with 104051 observations {learner: <GraphLearner/Learner/R6>}
DEBUG [04:23:38.202] Running PipeOp 'removeconstants_before$train()' {pipeop: <PipeOpRemoveConstants/PipeOpTaskPreprocSimple/PipeOpTaskPreproc/PipeOp/R6>, input: <list>}
DEBUG [04:23:39.134] Running PipeOp 'imputemedian_num$train()' {pipeop: <PipeOpImputeMedian/PipeOpImpute/PipeOp/R6>, input: <list>}
DEBUG [04:23:39.693] Running PipeOp 'imputemode_fct$train()' {pipeop: <PipeOpImputeMode/PipeOpImpute/PipeOp/R6>, input: <list>}
DEBUG [04:23:39.780] Running PipeOp 'collapsefactors$train()' {pipeop: <PipeOpCollapseFactors/PipeOpTaskPreprocSimple/PipeOpTaskPreproc/PipeOp/R6>, input: <list>}
DEBUG [04:23:39.886] Running PipeOp 'removeconstants_after$train()' {pipeop: <PipeOpRemoveConstants/PipeOpTaskPreprocSimple/PipeOpTaskPreproc/PipeOp/R6>, input: <list>}
DEBUG [04:23:40.652] Running PipeOp 'bin_cwb_b$train()' {pipeop: <PipeOpLearner/PipeOp/R6>, input: <list>}
DEBUG [04:23:40.660] [mlr3]  Skip subsetting of task 'Task 168335: MiniBooNE (Supervised Classification)' 
DEBUG [04:23:40.663] [mlr3]  Calling train method of Learner 'bin_cwb_b' on task 'Task 168335: MiniBooNE (Supervised Classification)' with 104051 observations {learner: <LearnerClassifCompboost/LearnerClassif/Learner/R6>}
INFO  [04:23:40.677] [mlr3]  [LGCOMPBOOST] Running compboost with df 20.000000 and df_cat 1.000000 
   1/5000   risk = 0.56  time = 2   
 125/5000   risk = 0.26  time = 2618828   
 250/5000   risk = 0.24  time = 5145049   
 375/5000   risk = 0.23  time = 7697135   
 500/5000   risk = 0.23  time = 10186217   
 625/5000   risk = 0.22  time = 12710254   
 750/5000   risk = 0.22  time = 15214878   
 875/5000   risk = 0.22  time = 17707911   
1000/5000   risk = 0.22  time = 20194134   
1125/5000   risk = 0.22  time = 22623730   
1250/5000   risk = 0.22  time = 25104864   
1375/5000   risk = 0.22  time = 27537680   
1500/5000   risk = 0.22  time = 29943206   
1625/5000   risk = 0.22  time = 32407513   
1750/5000   risk = 0.22  time = 34866102   
1875/5000   risk = 0.22  time = 37222655   
2000/5000   risk = 0.22  time = 39676206   
2125/5000   risk = 0.22  time = 42165690   
2250/5000   risk = 0.22  time = 44517989   
2375/5000   risk = 0.22  time = 46906727   
2500/5000   risk = 0.22  time = 49258947   
2625/5000   risk = 0.22  time = 51645159   
2750/5000   risk = 0.22  time = 54020002   
2875/5000   risk = 0.22  time = 56349432   
3000/5000   risk = 0.22  time = 58692800   
3125/5000   risk = 0.22  time = 61088105   
3250/5000   risk = 0.22  time = 63427475   
3375/5000   risk = 0.22  time = 65936347   
3500/5000   risk = 0.22  time = 68371690   
3625/5000   risk = 0.22  time = 70794868   
3750/5000   risk = 0.22  time = 73204662   
3875/5000   risk = 0.22  time = 75727358   
4000/5000   risk = 0.22  time = 78248637   
4125/5000   risk = 0.22  time = 80710195   
4250/5000   risk = 0.22  time = 83176125   
4375/5000   risk = 0.22  time = 85632686   
4500/5000   risk = 0.22  time = 88137044   
4625/5000   risk = 0.22  time = 90602895   
4750/5000   risk = 0.22  time = 93060454   
4875/5000   risk = 0.22  time = 95453639   
5000/5000   risk = 0.22  time = 97913324   


Train 5000 iterations in 97 Seconds.
Final risk based on the train set: 0.22

INFO  [04:25:29.926] [mlr3]  [LGCOMPBOOST] iterations:'stop_cwb',5000,'stop_acwb',NA,'stop_hcwb',NA 
INFO  [04:25:29.929] [mlr3]  [LGCOMPBOOST] risk_inbag:'risk_intercept',0.593540,'risk_cwb',0.217935,'risk_acwb',NA,'risk_hcwb',NA 
INFO  [04:25:29.931] [mlr3]  [LGCOMPBOOST] risk_oob:'risk_intercept_oob',NA,'risk_cwb_oob',NA,'risk_acwb_oob',NA,'risk_hcwb_oob',NA 
DEBUG [04:25:29.936] [mlr3]  Learner 'bin_cwb_b' on task 'Task 168335: MiniBooNE (Supervised Classification)' succeeded to fit a model {learner: <LearnerClassifCompboost/LearnerClassif/Learner/R6>, result: <list>, messages: }
DEBUG [04:25:30.132] [mlr3]  Learner 'removeconstants_before.imputemedian_num.imputemode_fct.collapsefactors.removeconstants_after.bin_cwb_b' on task 'Task 168335: MiniBooNE (Supervised Classification)' succeeded to fit a model {learner: <GraphLearner/Learner/R6>, result: <list>, messages: }
[2021-07-19 04:25:35] (1/1250) Processing iter 4
Error in self$model$setToIteration(iteration, trace) : 
  addition: incompatible matrix dimensions: 104051x1 and 322x1

### [bt]: Job terminated with an exception [batchtools job.id=57]
### [bt]: Calculation finished!
