### [bt]: This is batchtools v0.9.15
### [bt]: Starting calculation of 1 jobs
### [bt]: Setting working directory to '/home/user/repos/cacb-batchtools/eq1'
Loading required package: data.table
Loading required package: R6
Loading required package: mlr3
Loading required package: mlr3learners
Loading required package: mlr3extralearners

Attaching package: ‘mlr3extralearners’

The following objects are masked from ‘package:mlr3’:

    lrn, lrns

Loading required package: mlr3pipelines
Loading required package: mlr3tuning
Loading required package: paradox
Loading required package: compboost
[2021-08-02 01:09:19] Loading new learner LearnerClassifCWB
[2021-08-02 01:09:19] Loading new learner LearnerClassifHCWB
[2021-08-02 01:09:19] Loading new learner
[2021-08-02 01:09:19] Loading tasks
[2021-08-02 01:09:22] Loading resampling
### [bt]: Memory measurement disabled
### [bt]: Starting job [batchtools job.id=44]
### [bt]: Generating problem instance for problem '7592-fold4' ...
### [bt]: Applying algorithm 'evaluate-learner' on problem '7592-fold4' for job 44 (seed = 31459) ...
DEBUG [01:09:23.268] [mlr3]  Skip subsetting of task 'Task 7592: adult (Supervised Classification)' 
DEBUG [01:09:23.352] [mlr3]  Calling train method of Learner 'acc_hcwb' on task 'Task 7592: adult (Supervised Classification)' with 39074 observations {learner: <LearnerClassifHCWB/LearnerClassif/Learner/R6>}
Warning in checkCores(task, self$param_set$values$ncores) :
  Number of cores 30 exceeds number of features 14. The number of cores are set to 14!
   1/5000   risk = 0.53  oob_risk = 0.54   riskauc = 0.21   time = 3   val_auc = 0.22   
 125/5000   risk = 0.33  oob_risk = 0.34   riskauc = 0.09   time = 2144174   val_auc = 0.094   
 250/5000   risk = 0.36  oob_risk = 0.38   riskauc = 0.088   time = 4322041   val_auc = 0.092   


Train 351 iterations in 8 Seconds.
Final risk based on the train set: 0.36

   1/4660   risk = 0.36  oob_risk = 0.39   riskauc = 0.088   time = 2   val_auc = 0.092   
 116/4660   risk = 0.36  oob_risk = 0.39   riskauc = 0.088   time = 1523044   val_auc = 0.092   
 232/4660   risk = 0.36  oob_risk = 0.39   riskauc = 0.087   time = 2959928   val_auc = 0.092   
 348/4660   risk = 0.36  oob_risk = 0.39   riskauc = 0.087   time = 4695383   val_auc = 0.092   
 464/4660   risk = 0.36  oob_risk = 0.39   riskauc = 0.087   time = 6361534   val_auc = 0.092   
 580/4660   risk = 0.36  oob_risk = 0.39   riskauc = 0.087   time = 7962277   val_auc = 0.092   
 696/4660   risk = 0.36  oob_risk = 0.39   riskauc = 0.087   time = 9718437   val_auc = 0.092   
 812/4660   risk = 0.36  oob_risk = 0.39   riskauc = 0.087   time = 11445474   val_auc = 0.092   
 928/4660   risk = 0.36  oob_risk = 0.39   riskauc = 0.087   time = 12893970   val_auc = 0.092   
1044/4660   risk = 0.36  oob_risk = 0.39   riskauc = 0.087   time = 14295801   val_auc = 0.092   
1160/4660   risk = 0.36  oob_risk = 0.39   riskauc = 0.087   time = 15714521   val_auc = 0.091   
1276/4660   risk = 0.36  oob_risk = 0.39   riskauc = 0.087   time = 17151266   val_auc = 0.091   
1392/4660   risk = 0.36  oob_risk = 0.39   riskauc = 0.087   time = 18755696   val_auc = 0.091   
1508/4660   risk = 0.36  oob_risk = 0.39   riskauc = 0.087   time = 20244881   val_auc = 0.091   
1624/4660   risk = 0.36  oob_risk = 0.39   riskauc = 0.087   time = 21716274   val_auc = 0.091   
1740/4660   risk = 0.36  oob_risk = 0.39   riskauc = 0.087   time = 23224179   val_auc = 0.091   
1856/4660   risk = 0.36  oob_risk = 0.39   riskauc = 0.087   time = 24710261   val_auc = 0.091   
1972/4660   risk = 0.36  oob_risk = 0.39   riskauc = 0.087   time = 26306592   val_auc = 0.091   
2088/4660   risk = 0.36  oob_risk = 0.39   riskauc = 0.087   time = 27964901   val_auc = 0.091   
2204/4660   risk = 0.36  oob_risk = 0.39   riskauc = 0.087   time = 29448662   val_auc = 0.091   
2320/4660   risk = 0.36  oob_risk = 0.39   riskauc = 0.087   time = 30911353   val_auc = 0.091   
2436/4660   risk = 0.36  oob_risk = 0.39   riskauc = 0.087   time = 32370059   val_auc = 0.091   
2552/4660   risk = 0.36  oob_risk = 0.39   riskauc = 0.087   time = 34052450   val_auc = 0.091   
2668/4660   risk = 0.36  oob_risk = 0.39   riskauc = 0.087   time = 35765411   val_auc = 0.091   
2784/4660   risk = 0.36  oob_risk = 0.39   riskauc = 0.087   time = 37437087   val_auc = 0.091   
2900/4660   risk = 0.36  oob_risk = 0.39   riskauc = 0.087   time = 38921188   val_auc = 0.091   
3016/4660   risk = 0.36  oob_risk = 0.39   riskauc = 0.087   time = 40469703   val_auc = 0.091   
3132/4660   risk = 0.36  oob_risk = 0.39   riskauc = 0.087   time = 42067133   val_auc = 0.091   
3248/4660   risk = 0.36  oob_risk = 0.39   riskauc = 0.087   time = 43537489   val_auc = 0.091   
3364/4660   risk = 0.36  oob_risk = 0.39   riskauc = 0.086   time = 44982354   val_auc = 0.091   
3480/4660   risk = 0.36  oob_risk = 0.39   riskauc = 0.086   time = 46397837   val_auc = 0.091   
3596/4660   risk = 0.36  oob_risk = 0.39   riskauc = 0.086   time = 47957205   val_auc = 0.091   
3712/4660   risk = 0.36  oob_risk = 0.39   riskauc = 0.086   time = 49705920   val_auc = 0.091   
3828/4660   risk = 0.36  oob_risk = 0.39   riskauc = 0.086   time = 51214701   val_auc = 0.091   
3944/4660   risk = 0.36  oob_risk = 0.39   riskauc = 0.086   time = 52704699   val_auc = 0.091   
4060/4660   risk = 0.36  oob_risk = 0.39   riskauc = 0.086   time = 54196458   val_auc = 0.091   
4176/4660   risk = 0.36  oob_risk = 0.39   riskauc = 0.086   time = 55757765   val_auc = 0.091   
4292/4660   risk = 0.36  oob_risk = 0.39   riskauc = 0.086   time = 57412860   val_auc = 0.091   
4408/4660   risk = 0.36  oob_risk = 0.39   riskauc = 0.086   time = 59012209   val_auc = 0.091   
4524/4660   risk = 0.36  oob_risk = 0.39   riskauc = 0.086   time = 60579069   val_auc = 0.091   
4640/4660   risk = 0.36  oob_risk = 0.39   riskauc = 0.086   time = 62100005   val_auc = 0.091   


Train 4660 iterations in 62 Seconds.
Final risk based on the train set: 0.36

DEBUG [01:10:38.687] [mlr3]  Learner 'acc_hcwb' on task 'Task 7592: adult (Supervised Classification)' succeeded to fit a model {learner: <LearnerClassifHCWB/LearnerClassif/Learner/R6>, result: <list>, messages: }

### [bt]: Job terminated successfully [batchtools job.id=44]
### [bt]: Calculation finished!
