### [bt]: This is batchtools v0.9.15
### [bt]: Starting calculation of 1 jobs
### [bt]: Setting working directory to '/home/user/repos/cacb-batchtools/eq1'
[2021-07-26 04:05:38] Loading new learner
[2021-07-26 04:05:38] Loading tasks
[2021-07-26 04:05:41] Loading resampling
### [bt]: Memory measurement disabled
### [bt]: Starting job [batchtools job.id=64]
### [bt]: Generating problem instance for problem '168335-fold3' ...
### [bt]: Applying algorithm 'evaluate-learner' on problem '168335-fold3' for job 64 (seed = 31479) ...
DEBUG [04:05:43.832] [mlr3]  Skip subsetting of task 'Task 168335: MiniBooNE (Supervised Classification)' 
DEBUG [04:05:43.835] [mlr3]  Calling train method of Learner 'acc_acwb' on task 'Task 168335: MiniBooNE (Supervised Classification)' with 104051 observations {learner: <LearnerClassifCompboost/LearnerClassif/Learner/R6>}
INFO  [04:05:43.880] [mlr3]  [LGCOMPBOOST] Running compboost with df 20.000000 and df_cat 1.000000 
   1/5000   risk = 0.59  riskauc = 0.85   time = 2   
 125/5000   risk = 0.47  riskauc = 0.92   time = 17488634   
 250/5000   risk = 0.37  riskauc = 0.95   time = 35549505   
 375/5000   risk = 0.3  riskauc = 0.96   time = 51006944   
 500/5000   risk = 0.25  riskauc = 0.97   time = 66578403   
 625/5000   risk = 0.22  riskauc = 0.97   time = 81955284   
 750/5000   risk = 0.2  riskauc = 0.97   time = 97112616   
 875/5000   risk = 0.19  riskauc = 0.97   time = 112463363   
1000/5000   risk = 0.19  riskauc = 0.97   time = 127455244   
1125/5000   risk = 0.19  riskauc = 0.97   time = 142566460   
1250/5000   risk = 0.19  riskauc = 0.97   time = 157861700   
1375/5000   risk = 0.19  riskauc = 0.97   time = 173033650   
1500/5000   risk = 0.19  riskauc = 0.97   time = 187843478   
1625/5000   risk = 0.19  riskauc = 0.97   time = 202879509   
1750/5000   risk = 0.19  riskauc = 0.97   time = 217662898   
1875/5000   risk = 0.2  riskauc = 0.97   time = 232908044   
2000/5000   risk = 0.2  riskauc = 0.97   time = 247806081   
2125/5000   risk = 0.2  riskauc = 0.97   time = 262900450   
2250/5000   risk = 0.2  riskauc = 0.97   time = 278314878   
2375/5000   risk = 0.2  riskauc = 0.97   time = 293199558   
2500/5000   risk = 0.2  riskauc = 0.97   time = 308230423   
2625/5000   risk = 0.2  riskauc = 0.97   time = 323660423   
2750/5000   risk = 0.2  riskauc = 0.97   time = 338871584   
2875/5000   risk = 0.2  riskauc = 0.97   time = 354021941   
3000/5000   risk = 0.21  riskauc = 0.97   time = 369310755   
3125/5000   risk = 0.21  riskauc = 0.97   time = 384564246   
3250/5000   risk = 0.21  riskauc = 0.97   time = 399901576   
3375/5000   risk = 0.21  riskauc = 0.97   time = 415121093   
3500/5000   risk = 0.21  riskauc = 0.97   time = 430345265   
3625/5000   risk = 0.21  riskauc = 0.97   time = 445852937   
3750/5000   risk = 0.21  riskauc = 0.97   time = 461125672   
3875/5000   risk = 0.21  riskauc = 0.97   time = 476464358   
4000/5000   risk = 0.21  riskauc = 0.97   time = 491599821   
4125/5000   risk = 0.21  riskauc = 0.97   time = 507181087   
4250/5000   risk = 0.21  riskauc = 0.97   time = 522671466   
4375/5000   risk = 0.21  riskauc = 0.97   time = 537846439   
4500/5000   risk = 0.21  riskauc = 0.97   time = 553477233   
4625/5000   risk = 0.21  riskauc = 0.97   time = 568614569   
4750/5000   risk = 0.21  riskauc = 0.97   time = 584220371   
4875/5000   risk = 0.21  riskauc = 0.97   time = 599596569   
5000/5000   risk = 0.21  riskauc = 0.97   time = 614937204   


Train 5000 iterations in 615 Seconds.
Final risk based on the train set: 0.21

INFO  [04:16:11.596] [mlr3]  [LGCOMPBOOST] iterations:'stop_cwb',NA,'stop_acwb',5000,'stop_hcwb',NA 
INFO  [04:16:11.599] [mlr3]  [LGCOMPBOOST] risk_inbag:'risk_intercept',0.593540,'risk_cwb',NA,'risk_acwb',0.214829,'risk_hcwb',NA 
INFO  [04:16:11.601] [mlr3]  [LGCOMPBOOST] risk_oob:'risk_intercept_oob',NA,'risk_cwb_oob',NA,'risk_acwb_oob',NA,'risk_hcwb_oob',NA 
DEBUG [04:16:11.607] [mlr3]  Learner 'acc_acwb' on task 'Task 168335: MiniBooNE (Supervised Classification)' succeeded to fit a model {learner: <LearnerClassifCompboost/LearnerClassif/Learner/R6>, result: <list>, messages: }
DEBUG [04:16:11.621] [mlr3]  Skip subsetting of task 'Task 168335: MiniBooNE (Supervised Classification)' 
DEBUG [04:16:11.624] [mlr3]  Calling train method of Learner 'acc_acwb' on task 'Task 168335: MiniBooNE (Supervised Classification)' with 104051 observations {learner: <LearnerClassifCompboost/LearnerClassif/Learner/R6>}
INFO  [04:16:11.637] [mlr3]  [LGCOMPBOOST] Running compboost with df 20.000000 and df_cat 1.000000 
   1/5000   risk = 0.59  time = 4   
 125/5000   risk = 0.47  time = 14269140   
 250/5000   risk = 0.37  time = 27941976   
 375/5000   risk = 0.3  time = 42318433   
 500/5000   risk = 0.25  time = 56930444   
 625/5000   risk = 0.22  time = 71828071   
 750/5000   risk = 0.2  time = 86670428   
 875/5000   risk = 0.19  time = 101304250   
1000/5000   risk = 0.19  time = 116186763   
1125/5000   risk = 0.19  time = 131173281   
1250/5000   risk = 0.19  time = 146393884   
1375/5000   risk = 0.19  time = 161516843   
1500/5000   risk = 0.19  time = 176854569   
1625/5000   risk = 0.19  time = 192261343   
1750/5000   risk = 0.19  time = 207614562   
1875/5000   risk = 0.2  time = 222592524   
2000/5000   risk = 0.2  time = 237716248   
2125/5000   risk = 0.2  time = 253072554   
2250/5000   risk = 0.2  time = 268231901   
2375/5000   risk = 0.2  time = 283087437   
2500/5000   risk = 0.2  time = 297953618   
2625/5000   risk = 0.2  time = 312600592   
2750/5000   risk = 0.2  time = 327420655   
2875/5000   risk = 0.2  time = 342088776   
3000/5000   risk = 0.21  time = 356589398   
3125/5000   risk = 0.21  time = 370827170   
3250/5000   risk = 0.21  time = 385183662   
3375/5000   risk = 0.21  time = 399434749   
3500/5000   risk = 0.21  time = 413706639   
3625/5000   risk = 0.21  time = 428034814   
3750/5000   risk = 0.21  time = 443543722   
3875/5000   risk = 0.21  time = 458802060   
4000/5000   risk = 0.21  time = 474189273   
4125/5000   risk = 0.21  time = 489657190   
4250/5000   risk = 0.21  time = 504927750   
4375/5000   risk = 0.21  time = 520108078   
4500/5000   risk = 0.21  time = 535389234   
4625/5000   risk = 0.21  time = 550471560   
4750/5000   risk = 0.21  time = 566159139   
4875/5000   risk = 0.21  time = 581009135   
5000/5000   risk = 0.21  time = 596013058   


Train 5000 iterations in 596 Seconds.
Final risk based on the train set: 0.21

INFO  [04:26:21.773] [mlr3]  [LGCOMPBOOST] iterations:'stop_cwb',NA,'stop_acwb',5000,'stop_hcwb',NA 
INFO  [04:26:21.776] [mlr3]  [LGCOMPBOOST] risk_inbag:'risk_intercept',0.593540,'risk_cwb',NA,'risk_acwb',0.214829,'risk_hcwb',NA 
INFO  [04:26:21.778] [mlr3]  [LGCOMPBOOST] risk_oob:'risk_intercept_oob',NA,'risk_cwb_oob',NA,'risk_acwb_oob',NA,'risk_hcwb_oob',NA 
DEBUG [04:26:21.785] [mlr3]  Learner 'acc_acwb' on task 'Task 168335: MiniBooNE (Supervised Classification)' succeeded to fit a model {learner: <LearnerClassifCompboost/LearnerClassif/Learner/R6>, result: <list>, messages: }

### [bt]: Job terminated successfully [batchtools job.id=64]
### [bt]: Calculation finished!
