### [bt]: This is batchtools v0.9.15
### [bt]: Starting calculation of 1 jobs
### [bt]: Setting working directory to '/home/user/repos/cacb-batchtools/eq1'
[2021-07-28 21:24:49] Loading new learner
[2021-07-28 21:24:49] Loading tasks
[2021-07-28 21:24:51] Loading resampling
### [bt]: Memory measurement disabled
### [bt]: Starting job [batchtools job.id=83]
### [bt]: Generating problem instance for problem '168908-fold1' ...
### [bt]: Applying algorithm 'evaluate-learner' on problem '168908-fold1' for job 83 (seed = 31498) ...
DEBUG [21:24:53.087] [mlr3]  Skip subsetting of task 'Task 168908: christine (Supervised Classification)' 
DEBUG [21:24:53.091] [mlr3]  Calling train method of Learner 'acc_acwb' on task 'Task 168908: christine (Supervised Classification)' with 4334 observations {learner: <LearnerClassifCompboost/LearnerClassif/Learner/R6>}
   1/5000   risk = 0.68  riskauc = 0.74   time = 2   
 125/5000   risk = 0.52  riskauc = 0.81   time = 7047860   
 250/5000   risk = 0.41  riskauc = 0.81   time = 14312067   
 375/5000   risk = 0.31  riskauc = 0.75   time = 21785948   
 500/5000   risk = 0.23  riskauc = 0.73   time = 29117241   
 625/5000   risk = 0.18  riskauc = 0.71   time = 36420798   
 750/5000   risk = 0.14  riskauc = 0.69   time = 43878008   
 875/5000   risk = 0.11  riskauc = 0.68   time = 51363912   
1000/5000   risk = 0.076  riskauc = 0.67   time = 59035147   
1125/5000   risk = 0.061  riskauc = 0.67   time = 66740172   
1250/5000   risk = 0.05  riskauc = 0.66   time = 74668743   
1375/5000   risk = 0.039  riskauc = 0.66   time = 82400548   
1500/5000   risk = 0.03  riskauc = 0.66   time = 90124740   
1625/5000   risk = 0.027  riskauc = 0.66   time = 98001991   
1750/5000   risk = 0.024  riskauc = 0.65   time = 105782807   
1875/5000   risk = 0.015  riskauc = 0.65   time = 113558294   
2000/5000   risk = 0.01  riskauc = 0.65   time = 121378837   
2125/5000   risk = 0.0087  riskauc = 0.65   time = 129262933   
2250/5000   risk = 0.0062  riskauc = 0.64   time = 137190233   
2375/5000   risk = 0.0052  riskauc = 0.64   time = 144990505   
2500/5000   risk = 0.0037  riskauc = 0.64   time = 152854773   
2625/5000   risk = 0.0019  riskauc = 0.64   time = 160801936   
2750/5000   risk = 0.0013  riskauc = 0.64   time = 168811873   
2875/5000   risk = 0.0017  riskauc = 0.64   time = 176851691   
3000/5000   risk = 0.0015  riskauc = 0.64   time = 184911443   
3125/5000   risk = 0.00078  riskauc = 0.64   time = 193051546   
3250/5000   risk = 0.00075  riskauc = 0.64   time = 201238959   
3375/5000   risk = 0.00042  riskauc = 0.64   time = 209358711   
3500/5000   risk = 0.00028  riskauc = 0.63   time = 217525418   
3625/5000   risk = 0.00032  riskauc = 0.63   time = 225581434   
3750/5000   risk = 0.00042  riskauc = 0.63   time = 233908750   
3875/5000   risk = 0.00025  riskauc = 0.63   time = 242138311   
4000/5000   risk = 0.00018  riskauc = 0.63   time = 250335999   
4125/5000   risk = 0.00016  riskauc = 0.63   time = 258624643   
4250/5000   risk = 0.00016  riskauc = 0.63   time = 266890763   
4375/5000   risk = 0.00012  riskauc = 0.63   time = 275230209   
4500/5000   risk = 7.7e-05  riskauc = 0.63   time = 283352946   
4625/5000   risk = 9.1e-05  riskauc = 0.62   time = 291496422   
4750/5000   risk = 7.5e-05  riskauc = 0.62   time = 299746376   
4875/5000   risk = 4.1e-05  riskauc = 0.62   time = 308089022   
5000/5000   risk = 2.9e-05  riskauc = 0.62   time = 316339381   


Train 5000 iterations in 316 Seconds.
Final risk based on the train set: 2.9e-05

DEBUG [21:30:19.605] [mlr3]  Learner 'acc_acwb' on task 'Task 168908: christine (Supervised Classification)' succeeded to fit a model {learner: <LearnerClassifCompboost/LearnerClassif/Learner/R6>, result: <list>, messages: }
DEBUG [21:30:19.620] [mlr3]  Skip subsetting of task 'Task 168908: christine (Supervised Classification)' 
DEBUG [21:30:19.624] [mlr3]  Calling train method of Learner 'acc_acwb' on task 'Task 168908: christine (Supervised Classification)' with 4334 observations {learner: <LearnerClassifCompboost/LearnerClassif/Learner/R6>}
   1/5000   risk = 0.68  time = 3   
 125/5000   risk = 0.52  time = 6821710   
 250/5000   risk = 0.41  time = 13790394   
 375/5000   risk = 0.31  time = 20860798   
 500/5000   risk = 0.23  time = 28064220   
 625/5000   risk = 0.18  time = 35625231   
 750/5000   risk = 0.14  time = 43155830   
 875/5000   risk = 0.11  time = 50722146   
1000/5000   risk = 0.076  time = 58281001   
1125/5000   risk = 0.061  time = 65850551   
1250/5000   risk = 0.05  time = 73314962   
1375/5000   risk = 0.039  time = 80925345   
1500/5000   risk = 0.03  time = 88703414   
1625/5000   risk = 0.027  time = 96374588   
1750/5000   risk = 0.024  time = 104063622   
1875/5000   risk = 0.015  time = 111723081   
2000/5000   risk = 0.01  time = 119204307   
2125/5000   risk = 0.0087  time = 126787270   
2250/5000   risk = 0.0062  time = 134539969   
2375/5000   risk = 0.0052  time = 142142117   
2500/5000   risk = 0.0037  time = 149904705   
2625/5000   risk = 0.0019  time = 157676083   
2750/5000   risk = 0.0013  time = 165564595   
2875/5000   risk = 0.0017  time = 173375069   
3000/5000   risk = 0.0015  time = 181278413   
3125/5000   risk = 0.00078  time = 189152403   
3250/5000   risk = 0.00075  time = 196980610   
3375/5000   risk = 0.00042  time = 204917026   
3500/5000   risk = 0.00028  time = 212964194   
3625/5000   risk = 0.00032  time = 220832792   
3750/5000   risk = 0.00042  time = 228604264   
3875/5000   risk = 0.00025  time = 236492322   
4000/5000   risk = 0.00018  time = 244379778   
4125/5000   risk = 0.00016  time = 252317901   
4250/5000   risk = 0.00016  time = 260283831   
4375/5000   risk = 0.00012  time = 268315608   
4500/5000   risk = 7.7e-05  time = 276288233   
4625/5000   risk = 9.1e-05  time = 284395274   
4750/5000   risk = 7.5e-05  time = 292730744   
4875/5000   risk = 4.1e-05  time = 300872260   
5000/5000   risk = 2.9e-05  time = 308922994   


Train 5000 iterations in 308 Seconds.
Final risk based on the train set: 2.9e-05

DEBUG [21:35:37.644] [mlr3]  Learner 'acc_acwb' on task 'Task 168908: christine (Supervised Classification)' succeeded to fit a model {learner: <LearnerClassifCompboost/LearnerClassif/Learner/R6>, result: <list>, messages: }

### [bt]: Job terminated successfully [batchtools job.id=83]
### [bt]: Calculation finished!
