### [bt]: This is batchtools v0.9.15
### [bt]: Starting calculation of 1 jobs
### [bt]: Setting working directory to '/home/user/repos/cacb-batchtools/eq1'
[2021-07-26 02:07:49] Loading new learner
[2021-07-26 02:07:49] Loading tasks
[2021-07-26 02:07:51] Loading resampling
### [bt]: Memory measurement disabled
### [bt]: Starting job [batchtools job.id=54]
### [bt]: Generating problem instance for problem '168335-fold1' ...
### [bt]: Applying algorithm 'evaluate-learner' on problem '168335-fold1' for job 54 (seed = 31469) ...
DEBUG [02:07:54.421] [mlr3]  Skip subsetting of task 'Task 168335: MiniBooNE (Supervised Classification)' 
DEBUG [02:07:54.424] [mlr3]  Calling train method of Learner 'acc_acwb' on task 'Task 168335: MiniBooNE (Supervised Classification)' with 104051 observations {learner: <LearnerClassifCompboost/LearnerClassif/Learner/R6>}
INFO  [02:07:54.473] [mlr3]  [LGCOMPBOOST] Running compboost with df 20.000000 and df_cat 1.000000 
   1/5000   risk = 0.59  riskauc = 0.84   time = 2   
 125/5000   risk = 0.47  riskauc = 0.92   time = 17619646   
 250/5000   risk = 0.37  riskauc = 0.95   time = 35483224   
 375/5000   risk = 0.3  riskauc = 0.96   time = 52371609   
 500/5000   risk = 0.25  riskauc = 0.96   time = 68820460   
 625/5000   risk = 0.22  riskauc = 0.97   time = 85113152   
 750/5000   risk = 0.2  riskauc = 0.97   time = 100467787   
 875/5000   risk = 0.19  riskauc = 0.97   time = 115845537   
1000/5000   risk = 0.19  riskauc = 0.97   time = 131032970   
1125/5000   risk = 0.19  riskauc = 0.97   time = 145947445   
1250/5000   risk = 0.19  riskauc = 0.97   time = 161005290   
1375/5000   risk = 0.19  riskauc = 0.97   time = 176607282   
1500/5000   risk = 0.19  riskauc = 0.97   time = 192108274   
1625/5000   risk = 0.19  riskauc = 0.97   time = 207112062   
1750/5000   risk = 0.19  riskauc = 0.97   time = 222320152   
1875/5000   risk = 0.2  riskauc = 0.97   time = 237057318   
2000/5000   risk = 0.2  riskauc = 0.97   time = 252094488   
2125/5000   risk = 0.2  riskauc = 0.97   time = 266747622   
2250/5000   risk = 0.2  riskauc = 0.97   time = 281474321   
2375/5000   risk = 0.2  riskauc = 0.97   time = 296408890   
2500/5000   risk = 0.2  riskauc = 0.97   time = 311038308   
2625/5000   risk = 0.2  riskauc = 0.97   time = 326090950   
2750/5000   risk = 0.2  riskauc = 0.97   time = 340729362   
2875/5000   risk = 0.2  riskauc = 0.97   time = 355593839   
3000/5000   risk = 0.21  riskauc = 0.97   time = 370286657   
3125/5000   risk = 0.21  riskauc = 0.97   time = 384975026   
3250/5000   risk = 0.21  riskauc = 0.97   time = 400090807   
3375/5000   risk = 0.21  riskauc = 0.97   time = 414863992   
3500/5000   risk = 0.21  riskauc = 0.97   time = 429763872   
3625/5000   risk = 0.21  riskauc = 0.97   time = 444495680   
3750/5000   risk = 0.21  riskauc = 0.97   time = 459404240   
3875/5000   risk = 0.21  riskauc = 0.97   time = 474317824   
4000/5000   risk = 0.21  riskauc = 0.97   time = 489027078   
4125/5000   risk = 0.21  riskauc = 0.97   time = 504319662   
4250/5000   risk = 0.21  riskauc = 0.97   time = 519185965   
4375/5000   risk = 0.21  riskauc = 0.97   time = 534408095   
4500/5000   risk = 0.21  riskauc = 0.97   time = 549485813   
4625/5000   risk = 0.21  riskauc = 0.97   time = 564700595   
4750/5000   risk = 0.21  riskauc = 0.97   time = 580282056   
4875/5000   risk = 0.21  riskauc = 0.97   time = 595775525   
5000/5000   risk = 0.21  riskauc = 0.97   time = 611473196   


Train 5000 iterations in 611 Seconds.
Final risk based on the train set: 0.21

INFO  [02:18:19.399] [mlr3]  [LGCOMPBOOST] iterations:'stop_cwb',NA,'stop_acwb',5000,'stop_hcwb',NA 
INFO  [02:18:19.401] [mlr3]  [LGCOMPBOOST] risk_inbag:'risk_intercept',0.593540,'risk_cwb',NA,'risk_acwb',0.214822,'risk_hcwb',NA 
INFO  [02:18:19.403] [mlr3]  [LGCOMPBOOST] risk_oob:'risk_intercept_oob',NA,'risk_cwb_oob',NA,'risk_acwb_oob',NA,'risk_hcwb_oob',NA 
DEBUG [02:18:19.407] [mlr3]  Learner 'acc_acwb' on task 'Task 168335: MiniBooNE (Supervised Classification)' succeeded to fit a model {learner: <LearnerClassifCompboost/LearnerClassif/Learner/R6>, result: <list>, messages: }
DEBUG [02:18:19.418] [mlr3]  Skip subsetting of task 'Task 168335: MiniBooNE (Supervised Classification)' 
DEBUG [02:18:19.421] [mlr3]  Calling train method of Learner 'acc_acwb' on task 'Task 168335: MiniBooNE (Supervised Classification)' with 104051 observations {learner: <LearnerClassifCompboost/LearnerClassif/Learner/R6>}
INFO  [02:18:19.431] [mlr3]  [LGCOMPBOOST] Running compboost with df 20.000000 and df_cat 1.000000 
   1/5000   risk = 0.59  time = 3   
 125/5000   risk = 0.47  time = 14420077   
 250/5000   risk = 0.37  time = 28323800   
 375/5000   risk = 0.3  time = 41922934   
 500/5000   risk = 0.25  time = 55513197   
 625/5000   risk = 0.22  time = 69859916   
 750/5000   risk = 0.2  time = 83967408   
 875/5000   risk = 0.19  time = 98018573   
1000/5000   risk = 0.19  time = 112463127   
1125/5000   risk = 0.19  time = 126806608   
1250/5000   risk = 0.19  time = 141374131   
1375/5000   risk = 0.19  time = 155937330   
1500/5000   risk = 0.19  time = 170435273   
1625/5000   risk = 0.19  time = 184876502   
1750/5000   risk = 0.19  time = 199362825   
1875/5000   risk = 0.2  time = 213900653   
2000/5000   risk = 0.2  time = 228403869   
2125/5000   risk = 0.2  time = 242842199   
2250/5000   risk = 0.2  time = 257208449   
2375/5000   risk = 0.2  time = 271563423   
2500/5000   risk = 0.2  time = 286115026   
2625/5000   risk = 0.2  time = 300647312   
2750/5000   risk = 0.2  time = 315235688   
2875/5000   risk = 0.2  time = 329738893   
3000/5000   risk = 0.21  time = 344314640   
3125/5000   risk = 0.21  time = 358910573   
3250/5000   risk = 0.21  time = 373370804   
3375/5000   risk = 0.21  time = 387893027   
3500/5000   risk = 0.21  time = 402950041   
3625/5000   risk = 0.21  time = 418065685   
3750/5000   risk = 0.21  time = 433203135   
3875/5000   risk = 0.21  time = 448347000   
4000/5000   risk = 0.21  time = 463700165   
4125/5000   risk = 0.21  time = 478796772   
4250/5000   risk = 0.21  time = 493998627   
4375/5000   risk = 0.21  time = 509096842   
4500/5000   risk = 0.21  time = 523845512   
4625/5000   risk = 0.21  time = 538018823   
4750/5000   risk = 0.21  time = 552183390   
4875/5000   risk = 0.21  time = 566334419   
5000/5000   risk = 0.21  time = 580526597   


Train 5000 iterations in 580 Seconds.
Final risk based on the train set: 0.21

INFO  [02:28:12.917] [mlr3]  [LGCOMPBOOST] iterations:'stop_cwb',NA,'stop_acwb',5000,'stop_hcwb',NA 
INFO  [02:28:12.920] [mlr3]  [LGCOMPBOOST] risk_inbag:'risk_intercept',0.593540,'risk_cwb',NA,'risk_acwb',0.214822,'risk_hcwb',NA 
INFO  [02:28:12.921] [mlr3]  [LGCOMPBOOST] risk_oob:'risk_intercept_oob',NA,'risk_cwb_oob',NA,'risk_acwb_oob',NA,'risk_hcwb_oob',NA 
DEBUG [02:28:12.926] [mlr3]  Learner 'acc_acwb' on task 'Task 168335: MiniBooNE (Supervised Classification)' succeeded to fit a model {learner: <LearnerClassifCompboost/LearnerClassif/Learner/R6>, result: <list>, messages: }

### [bt]: Job terminated successfully [batchtools job.id=54]
### [bt]: Calculation finished!
