### [bt]: This is batchtools v0.9.15
### [bt]: Starting calculation of 1 jobs
### [bt]: Setting working directory to '/home/user/repos/cacb-batchtools/eq1'
[2021-07-29 21:56:44] Loading new learner
[2021-07-29 21:56:44] Loading tasks
[2021-07-29 21:56:46] Loading resampling
### [bt]: Memory measurement disabled
### [bt]: Starting job [batchtools job.id=138]
### [bt]: Generating problem instance for problem '189866-fold3' ...
### [bt]: Applying algorithm 'evaluate-learner' on problem '189866-fold3' for job 138 (seed = 31553) ...
DEBUG [21:56:51.618] [mlr3]  Skip subsetting of task 'Task 189866: albert (Supervised Classification)' 
DEBUG [21:56:51.621] [mlr3]  Calling train method of Learner 'acc_hcwb' on task 'Task 189866: albert (Supervised Classification)' with 340192 observations {learner: <LearnerClassifCompboost/LearnerClassif/Learner/R6>}
   1/5000   risk = 0.69  oob_risk = 0.69   riskauc = 0.64   time = 3   
 125/5000   risk = 0.62  oob_risk = 0.62   riskauc = 0.72   time = 38869977   


Train 229 iterations in 70 Seconds.
Final risk based on the train set: 0.62

   1/4782   risk = 0.61  oob_risk = 0.61   riskauc = 0.73   time = 2   
 120/4782   risk = 0.63  oob_risk = 0.63   riskauc = 0.73   time = 22863802   
 240/4782   risk = 0.63  oob_risk = 0.63   riskauc = 0.73   time = 45622649   
 360/4782   risk = 0.64  oob_risk = 0.64   riskauc = 0.73   time = 67812922   
 480/4782   risk = 0.64  oob_risk = 0.64   riskauc = 0.73   time = 89687171   
 600/4782   risk = 0.64  oob_risk = 0.64   riskauc = 0.73   time = 111839824   
 720/4782   risk = 0.64  oob_risk = 0.65   riskauc = 0.73   time = 134126210   
 840/4782   risk = 0.64  oob_risk = 0.65   riskauc = 0.73   time = 155500713   
 960/4782   risk = 0.65  oob_risk = 0.65   riskauc = 0.73   time = 177097961   
1080/4782   risk = 0.65  oob_risk = 0.65   riskauc = 0.73   time = 198840668   
1200/4782   risk = 0.65  oob_risk = 0.65   riskauc = 0.73   time = 220756845   
1320/4782   risk = 0.65  oob_risk = 0.65   riskauc = 0.73   time = 242364769   
1440/4782   risk = 0.65  oob_risk = 0.65   riskauc = 0.73   time = 263691118   
1560/4782   risk = 0.65  oob_risk = 0.65   riskauc = 0.73   time = 285319894   
1680/4782   risk = 0.65  oob_risk = 0.65   riskauc = 0.73   time = 306765685   
1800/4782   risk = 0.65  oob_risk = 0.65   riskauc = 0.73   time = 328252096   
1920/4782   risk = 0.65  oob_risk = 0.65   riskauc = 0.73   time = 349720009   
2040/4782   risk = 0.65  oob_risk = 0.65   riskauc = 0.73   time = 371131857   
2160/4782   risk = 0.65  oob_risk = 0.65   riskauc = 0.73   time = 392415483   
2280/4782   risk = 0.65  oob_risk = 0.65   riskauc = 0.73   time = 413753692   
2400/4782   risk = 0.65  oob_risk = 0.65   riskauc = 0.73   time = 435866173   
2520/4782   risk = 0.65  oob_risk = 0.65   riskauc = 0.73   time = 457240838   
2640/4782   risk = 0.65  oob_risk = 0.65   riskauc = 0.73   time = 478720968   
2760/4782   risk = 0.65  oob_risk = 0.65   riskauc = 0.73   time = 499892800   
2880/4782   risk = 0.65  oob_risk = 0.65   riskauc = 0.73   time = 521225186   
3000/4782   risk = 0.65  oob_risk = 0.65   riskauc = 0.73   time = 542521141   
3120/4782   risk = 0.65  oob_risk = 0.65   riskauc = 0.73   time = 563796212   
3240/4782   risk = 0.65  oob_risk = 0.65   riskauc = 0.73   time = 585407397   
3360/4782   risk = 0.65  oob_risk = 0.65   riskauc = 0.73   time = 606716648   
3480/4782   risk = 0.65  oob_risk = 0.65   riskauc = 0.73   time = 628957299   
3600/4782   risk = 0.65  oob_risk = 0.65   riskauc = 0.73   time = 650143079   
3720/4782   risk = 0.65  oob_risk = 0.65   riskauc = 0.73   time = 671316336   
3840/4782   risk = 0.65  oob_risk = 0.65   riskauc = 0.73   time = 692880310   
3960/4782   risk = 0.65  oob_risk = 0.65   riskauc = 0.73   time = 714460389   
4080/4782   risk = 0.65  oob_risk = 0.65   riskauc = 0.73   time = 735441209   
4200/4782   risk = 0.65  oob_risk = 0.65   riskauc = 0.73   time = 757541697   
4320/4782   risk = 0.65  oob_risk = 0.65   riskauc = 0.73   time = 779234668   
4440/4782   risk = 0.65  oob_risk = 0.65   riskauc = 0.73   time = 800667707   
4560/4782   risk = 0.65  oob_risk = 0.65   riskauc = 0.73   time = 822180918   
4680/4782   risk = 0.65  oob_risk = 0.65   riskauc = 0.73   time = 843580843   


Train 4782 iterations in 862 Seconds.
Final risk based on the train set: 0.65

DEBUG [22:12:47.411] [mlr3]  Learner 'acc_hcwb' on task 'Task 189866: albert (Supervised Classification)' succeeded to fit a model {learner: <LearnerClassifCompboost/LearnerClassif/Learner/R6>, result: <list>, messages: }
DEBUG [22:12:47.425] [mlr3]  Skip subsetting of task 'Task 189866: albert (Supervised Classification)' 
DEBUG [22:12:47.429] [mlr3]  Calling train method of Learner 'acc_hcwb' on task 'Task 189866: albert (Supervised Classification)' with 340192 observations {learner: <LearnerClassifCompboost/LearnerClassif/Learner/R6>}
   1/5000   risk = 0.69  oob_risk = 0.69   time = 3   
 125/5000   risk = 0.62  oob_risk = 0.62   time = 34446751   


Train 229 iterations in 64 Seconds.
Final risk based on the train set: 0.62

   1/4782   risk = 0.61  oob_risk = 0.61   time = 3   
 120/4782   risk = 0.63  oob_risk = 0.63   time = 20542835   
 240/4782   risk = 0.63  oob_risk = 0.63   time = 39714749   
 360/4782   risk = 0.64  oob_risk = 0.64   time = 57945207   
 480/4782   risk = 0.64  oob_risk = 0.64   time = 76696615   
 600/4782   risk = 0.64  oob_risk = 0.64   time = 94719462   
 720/4782   risk = 0.64  oob_risk = 0.65   time = 112219973   
 840/4782   risk = 0.64  oob_risk = 0.65   time = 129629163   
 960/4782   risk = 0.65  oob_risk = 0.65   time = 146845512   
1080/4782   risk = 0.65  oob_risk = 0.65   time = 163941055   
1200/4782   risk = 0.65  oob_risk = 0.65   time = 181416216   
1320/4782   risk = 0.65  oob_risk = 0.65   time = 198935150   
1440/4782   risk = 0.65  oob_risk = 0.65   time = 216547582   
1560/4782   risk = 0.65  oob_risk = 0.65   time = 233436518   
1680/4782   risk = 0.65  oob_risk = 0.65   time = 251812290   
1800/4782   risk = 0.65  oob_risk = 0.65   time = 271754912   
1920/4782   risk = 0.65  oob_risk = 0.65   time = 291303217   
2040/4782   risk = 0.65  oob_risk = 0.65   time = 310077918   
2160/4782   risk = 0.65  oob_risk = 0.65   time = 327699974   
2280/4782   risk = 0.65  oob_risk = 0.65   time = 344944126   
2400/4782   risk = 0.65  oob_risk = 0.65   time = 363827599   
2520/4782   risk = 0.65  oob_risk = 0.65   time = 382673348   
2640/4782   risk = 0.65  oob_risk = 0.65   time = 402294722   
2760/4782   risk = 0.65  oob_risk = 0.65   time = 421412313   
2880/4782   risk = 0.65  oob_risk = 0.65   time = 439782140   
3000/4782   risk = 0.65  oob_risk = 0.65   time = 457840233   
3120/4782   risk = 0.65  oob_risk = 0.65   time = 475406395   
3240/4782   risk = 0.65  oob_risk = 0.65   time = 493875016   
3360/4782   risk = 0.65  oob_risk = 0.65   time = 511972519   
3480/4782   risk = 0.65  oob_risk = 0.65   time = 530160393   
3600/4782   risk = 0.65  oob_risk = 0.65   time = 548282153   
3720/4782   risk = 0.65  oob_risk = 0.65   time = 566758290   
3840/4782   risk = 0.65  oob_risk = 0.65   time = 584731323   
3960/4782   risk = 0.65  oob_risk = 0.65   time = 602272834   
4080/4782   risk = 0.65  oob_risk = 0.65   time = 620452679   
4200/4782   risk = 0.65  oob_risk = 0.65   time = 639331022   
4320/4782   risk = 0.65  oob_risk = 0.65   time = 659170649   
4440/4782   risk = 0.65  oob_risk = 0.65   time = 678428705   
4560/4782   risk = 0.65  oob_risk = 0.65   time = 694973275   
4680/4782   risk = 0.65  oob_risk = 0.65   time = 711570355   


Train 4782 iterations in 725 Seconds.
Final risk based on the train set: 0.65

DEBUG [22:26:19.617] [mlr3]  Learner 'acc_hcwb' on task 'Task 189866: albert (Supervised Classification)' succeeded to fit a model {learner: <LearnerClassifCompboost/LearnerClassif/Learner/R6>, result: <list>, messages: }

### [bt]: Job terminated successfully [batchtools job.id=138]
### [bt]: Calculation finished!
