### [bt]: This is batchtools v0.9.15
### [bt]: Starting calculation of 1 jobs
### [bt]: Setting working directory to '/home/user/repos/cacb-batchtools/eq1'
Loading required package: data.table
Loading required package: R6
Loading required package: mlr3
Loading required package: mlr3learners
Loading required package: mlr3extralearners

Attaching package: ‘mlr3extralearners’

The following objects are masked from ‘package:mlr3’:

    lrn, lrns

Loading required package: mlr3pipelines
Loading required package: mlr3tuning
Loading required package: paradox
Loading required package: compboost
[2021-08-02 00:25:26] Loading new learner LearnerClassifCWB
[2021-08-02 00:25:26] Loading new learner LearnerClassifHCWB
[2021-08-02 00:25:26] Loading new learner
[2021-08-02 00:25:26] Loading tasks
[2021-08-02 00:25:29] Loading resampling
### [bt]: Memory measurement disabled
### [bt]: Starting job [batchtools job.id=19]
### [bt]: Generating problem instance for problem 'spam-fold4' ...
### [bt]: Applying algorithm 'evaluate-learner' on problem 'spam-fold4' for job 19 (seed = 31434) ...
DEBUG [00:25:30.549] [mlr3]  Skip subsetting of task 'spam' 
DEBUG [00:25:30.632] [mlr3]  Calling train method of Learner 'acc_hcwb' on task 'spam' with 3682 observations {learner: <LearnerClassifHCWB/LearnerClassif/Learner/R6>}
   1/5000   risk = 0.66  oob_risk = 0.65   riskauc = 0.16   time = 3   val_auc = 0.16   


Train 78 iterations in 2 Seconds.
Final risk based on the train set: 0.14

   1/4933   risk = 0.17  oob_risk = inf   riskauc = 0.065   time = 2   val_auc = 0.051   
 123/4933   risk = 0.14  oob_risk = inf   riskauc = 0.062   time = 1344659   val_auc = 0.047   
 246/4933   risk = 0.13  oob_risk = inf   riskauc = 0.06   time = 2455394   val_auc = 0.046   
 369/4933   risk = 0.13  oob_risk = inf   riskauc = 0.06   time = 3552379   val_auc = 0.045   
 492/4933   risk = 0.12  oob_risk = inf   riskauc = 0.06   time = 4675262   val_auc = 0.045   
 615/4933   risk = 0.12  oob_risk = inf   riskauc = 0.074   time = 5758822   val_auc = 0.045   
 738/4933   risk = 0.12  oob_risk = inf   riskauc = 0.074   time = 6823412   val_auc = 0.044   
 861/4933   risk = 0.11  oob_risk = inf   riskauc = 0.074   time = 7934002   val_auc = 0.044   
 984/4933   risk = 0.11  oob_risk = inf   riskauc = 0.073   time = 9053204   val_auc = 0.045   
1107/4933   risk = 0.11  oob_risk = inf   riskauc = 0.078   time = 10171136   val_auc = 0.047   
1230/4933   risk = 0.1  oob_risk = inf   riskauc = 0.079   time = 11254099   val_auc = 0.047   
1353/4933   risk = 0.1  oob_risk = inf   riskauc = 0.079   time = 12450969   val_auc = 0.047   
1476/4933   risk = 0.099  oob_risk = inf   riskauc = 0.079   time = 13526742   val_auc = 0.047   
1599/4933   risk = 0.097  oob_risk = inf   riskauc = 0.08   time = 14624498   val_auc = 0.047   
1722/4933   risk = 0.095  oob_risk = inf   riskauc = 0.08   time = 15722515   val_auc = 0.047   
1845/4933   risk = 0.093  oob_risk = inf   riskauc = 0.08   time = 16820164   val_auc = 0.047   
1968/4933   risk = 0.091  oob_risk = inf   riskauc = 0.081   time = 17945827   val_auc = 0.047   
2091/4933   risk = 0.09  oob_risk = inf   riskauc = 0.081   time = 19044120   val_auc = 0.048   
2214/4933   risk = 0.088  oob_risk = inf   riskauc = 0.081   time = 20212314   val_auc = 0.048   
2337/4933   risk = 0.087  oob_risk = inf   riskauc = 0.081   time = 21244496   val_auc = 0.048   
2460/4933   risk = 0.085  oob_risk = inf   riskauc = 0.081   time = 22286574   val_auc = 0.048   
2583/4933   risk = 0.084  oob_risk = inf   riskauc = 0.081   time = 23498810   val_auc = 0.048   
2706/4933   risk = 0.083  oob_risk = inf   riskauc = 0.081   time = 24643322   val_auc = 0.048   
2829/4933   risk = 0.082  oob_risk = inf   riskauc = 0.081   time = 25709873   val_auc = 0.048   
2952/4933   risk = 0.081  oob_risk = inf   riskauc = 0.081   time = 26843706   val_auc = 0.048   
3075/4933   risk = 0.08  oob_risk = inf   riskauc = 0.082   time = 27955024   val_auc = 0.049   
3198/4933   risk = 0.079  oob_risk = inf   riskauc = 0.082   time = 29099599   val_auc = 0.049   
3321/4933   risk = 0.078  oob_risk = inf   riskauc = 0.082   time = 30275336   val_auc = 0.049   
3444/4933   risk = 0.077  oob_risk = inf   riskauc = 0.082   time = 31370302   val_auc = 0.049   
3567/4933   risk = 0.076  oob_risk = inf   riskauc = 0.082   time = 32515677   val_auc = 0.049   
3690/4933   risk = 0.075  oob_risk = inf   riskauc = 0.083   time = 33603611   val_auc = 0.049   
3813/4933   risk = 0.075  oob_risk = inf   riskauc = 0.084   time = 34824910   val_auc = 0.05   
3936/4933   risk = 0.074  oob_risk = inf   riskauc = 0.084   time = 35990880   val_auc = 0.05   
4059/4933   risk = 0.073  oob_risk = inf   riskauc = 0.085   time = 37110468   val_auc = 0.052   
4182/4933   risk = 0.072  oob_risk = inf   riskauc = 0.085   time = 38313967   val_auc = 0.052   
4305/4933   risk = 0.072  oob_risk = inf   riskauc = 0.085   time = 39455043   val_auc = 0.052   
4428/4933   risk = 0.071  oob_risk = inf   riskauc = 0.085   time = 40603633   val_auc = 0.053   
4551/4933   risk = 0.07  oob_risk = inf   riskauc = 0.085   time = 41794621   val_auc = 0.053   
4674/4933   risk = 0.07  oob_risk = inf   riskauc = 0.085   time = 42940509   val_auc = 0.053   
4797/4933   risk = 0.069  oob_risk = inf   riskauc = 0.086   time = 44110038   val_auc = 0.053   
4920/4933   risk = 0.069  oob_risk = inf   riskauc = 0.086   time = 45238866   val_auc = 0.054   


Train 4933 iterations in 45 Seconds.
Final risk based on the train set: 0.069

DEBUG [00:26:21.844] [mlr3]  Learner 'acc_hcwb' on task 'spam' succeeded to fit a model {learner: <LearnerClassifHCWB/LearnerClassif/Learner/R6>, result: <list>, messages: }

### [bt]: Job terminated successfully [batchtools job.id=19]
### [bt]: Calculation finished!
