### [bt]: This is batchtools v0.9.15
### [bt]: Starting calculation of 1 jobs
### [bt]: Setting working directory to '/home/user/repos/cacb-batchtools/eq1'
[2021-07-30 00:08:25] Loading new learner
[2021-07-30 00:08:25] Loading tasks
[2021-07-30 00:08:28] Loading resampling
### [bt]: Memory measurement disabled
### [bt]: Starting job [batchtools job.id=149]
### [bt]: Generating problem instance for problem '9977-fold4' ...
### [bt]: Applying algorithm 'evaluate-learner' on problem '9977-fold4' for job 149 (seed = 31564) ...
DEBUG [00:08:29.198] [mlr3]  Skip subsetting of task 'Task 9977: nomao (Supervised Classification)' 
DEBUG [00:08:29.203] [mlr3]  Calling train method of Learner 'acc_hcwb' on task 'Task 9977: nomao (Supervised Classification)' with 27572 observations {learner: <LearnerClassifCompboost/LearnerClassif/Learner/R6>}
   1/5000   risk = 0.56  oob_risk = 0.56   riskauc = 0.89   time = 3   
 125/5000   risk = 0.21  oob_risk = 0.22   riskauc = 0.97   time = 5506760   
 250/5000   risk = 0.15  oob_risk = 0.15   riskauc = 0.98   time = 11040710   
 375/5000   risk = 0.12  oob_risk = 0.12   riskauc = 0.99   time = 16573351   
 500/5000   risk = 0.11  oob_risk = 0.12   riskauc = 0.99   time = 22052859   
 625/5000   risk = 0.11  oob_risk = 0.12   riskauc = 0.99   time = 27522630   
 750/5000   risk = 0.11  oob_risk = 0.12   riskauc = 0.99   time = 32907210   


Train 803 iterations in 35 Seconds.
Final risk based on the train set: 0.1

   1/4208   risk = 0.1  oob_risk = 0.12   riskauc = 0.99   time = 2   
 105/4208   risk = 0.11  oob_risk = 0.12   riskauc = 0.99   time = 2639558   
 210/4208   risk = 0.11  oob_risk = 0.12   riskauc = 0.99   time = 5364726   
 315/4208   risk = 0.11  oob_risk = 0.12   riskauc = 0.99   time = 8141264   
 420/4208   risk = 0.11  oob_risk = 0.12   riskauc = 0.99   time = 10794536   
 525/4208   risk = 0.11  oob_risk = 0.12   riskauc = 0.99   time = 13452048   
 630/4208   risk = 0.11  oob_risk = 0.12   riskauc = 0.99   time = 16163572   
 735/4208   risk = 0.11  oob_risk = 0.12   riskauc = 0.99   time = 18797459   
 840/4208   risk = 0.11  oob_risk = 0.12   riskauc = 0.99   time = 21411854   
 945/4208   risk = 0.11  oob_risk = 0.12   riskauc = 0.99   time = 24113588   
1050/4208   risk = 0.11  oob_risk = 0.12   riskauc = 0.99   time = 26738934   
1155/4208   risk = 0.11  oob_risk = 0.12   riskauc = 0.99   time = 29306988   
1260/4208   risk = 0.11  oob_risk = 0.12   riskauc = 0.99   time = 31870604   
1365/4208   risk = 0.11  oob_risk = 0.12   riskauc = 0.99   time = 34413743   
1470/4208   risk = 0.11  oob_risk = 0.12   riskauc = 0.99   time = 37083480   
1575/4208   risk = 0.11  oob_risk = 0.12   riskauc = 0.99   time = 39675383   
1680/4208   risk = 0.11  oob_risk = 0.12   riskauc = 0.99   time = 42237962   
1785/4208   risk = 0.11  oob_risk = 0.12   riskauc = 0.99   time = 44702112   
1890/4208   risk = 0.11  oob_risk = 0.12   riskauc = 0.99   time = 47226800   
1995/4208   risk = 0.11  oob_risk = 0.12   riskauc = 0.99   time = 49749421   
2100/4208   risk = 0.11  oob_risk = 0.12   riskauc = 0.99   time = 52301653   
2205/4208   risk = 0.11  oob_risk = 0.12   riskauc = 0.99   time = 54749731   
2310/4208   risk = 0.11  oob_risk = 0.12   riskauc = 0.99   time = 57282439   
2415/4208   risk = 0.11  oob_risk = 0.12   riskauc = 0.99   time = 59808737   
2520/4208   risk = 0.11  oob_risk = 0.12   riskauc = 0.99   time = 62793126   
2625/4208   risk = 0.11  oob_risk = 0.12   riskauc = 0.99   time = 65441764   
2730/4208   risk = 0.11  oob_risk = 0.12   riskauc = 0.99   time = 68080077   
2835/4208   risk = 0.11  oob_risk = 0.12   riskauc = 0.99   time = 70649959   
2940/4208   risk = 0.11  oob_risk = 0.12   riskauc = 0.99   time = 73242117   
3045/4208   risk = 0.11  oob_risk = 0.12   riskauc = 0.99   time = 75764782   
3150/4208   risk = 0.11  oob_risk = 0.12   riskauc = 0.99   time = 78350349   
3255/4208   risk = 0.11  oob_risk = 0.12   riskauc = 0.99   time = 81026652   
3360/4208   risk = 0.11  oob_risk = 0.12   riskauc = 0.99   time = 83609675   
3465/4208   risk = 0.11  oob_risk = 0.12   riskauc = 0.99   time = 86184440   
3570/4208   risk = 0.11  oob_risk = 0.12   riskauc = 0.99   time = 88756609   
3675/4208   risk = 0.11  oob_risk = 0.12   riskauc = 0.99   time = 91361156   
3780/4208   risk = 0.11  oob_risk = 0.12   riskauc = 0.99   time = 93921777   
3885/4208   risk = 0.11  oob_risk = 0.12   riskauc = 0.99   time = 96436450   
3990/4208   risk = 0.11  oob_risk = 0.12   riskauc = 0.99   time = 99022852   
4095/4208   risk = 0.11  oob_risk = 0.12   riskauc = 0.99   time = 101597777   
4200/4208   risk = 0.11  oob_risk = 0.12   riskauc = 0.99   time = 104166625   


Train 4208 iterations in 104 Seconds.
Final risk based on the train set: 0.11

DEBUG [00:10:52.878] [mlr3]  Learner 'acc_hcwb' on task 'Task 9977: nomao (Supervised Classification)' succeeded to fit a model {learner: <LearnerClassifCompboost/LearnerClassif/Learner/R6>, result: <list>, messages: }
DEBUG [00:10:52.893] [mlr3]  Skip subsetting of task 'Task 9977: nomao (Supervised Classification)' 
DEBUG [00:10:52.898] [mlr3]  Calling train method of Learner 'acc_hcwb' on task 'Task 9977: nomao (Supervised Classification)' with 27572 observations {learner: <LearnerClassifCompboost/LearnerClassif/Learner/R6>}
   1/5000   risk = 0.56  oob_risk = 0.56   time = 4   
 125/5000   risk = 0.21  oob_risk = 0.22   time = 4437566   
 250/5000   risk = 0.15  oob_risk = 0.15   time = 8995809   
 375/5000   risk = 0.12  oob_risk = 0.12   time = 13584592   
 500/5000   risk = 0.11  oob_risk = 0.12   time = 18240267   
 625/5000   risk = 0.11  oob_risk = 0.12   time = 22862773   
 750/5000   risk = 0.11  oob_risk = 0.12   time = 27383275   


Train 803 iterations in 29 Seconds.
Final risk based on the train set: 0.1

   1/4208   risk = 0.1  oob_risk = 0.12   time = 2   
 105/4208   risk = 0.11  oob_risk = 0.12   time = 2216503   
 210/4208   risk = 0.11  oob_risk = 0.12   time = 4470229   
 315/4208   risk = 0.11  oob_risk = 0.12   time = 6565763   
 420/4208   risk = 0.11  oob_risk = 0.12   time = 8769980   
 525/4208   risk = 0.11  oob_risk = 0.12   time = 11037070   
 630/4208   risk = 0.11  oob_risk = 0.12   time = 13195948   
 735/4208   risk = 0.11  oob_risk = 0.12   time = 15402400   
 840/4208   risk = 0.11  oob_risk = 0.12   time = 17608986   
 945/4208   risk = 0.11  oob_risk = 0.12   time = 19835133   
1050/4208   risk = 0.11  oob_risk = 0.12   time = 21972011   
1155/4208   risk = 0.11  oob_risk = 0.12   time = 24163932   
1260/4208   risk = 0.11  oob_risk = 0.12   time = 26324504   
1365/4208   risk = 0.11  oob_risk = 0.12   time = 28543223   
1470/4208   risk = 0.11  oob_risk = 0.12   time = 30709321   
1575/4208   risk = 0.11  oob_risk = 0.12   time = 32926985   
1680/4208   risk = 0.11  oob_risk = 0.12   time = 35111876   
1785/4208   risk = 0.11  oob_risk = 0.12   time = 37399500   
1890/4208   risk = 0.11  oob_risk = 0.12   time = 39628351   
1995/4208   risk = 0.11  oob_risk = 0.12   time = 41816174   
2100/4208   risk = 0.11  oob_risk = 0.12   time = 44032510   
2205/4208   risk = 0.11  oob_risk = 0.12   time = 46317007   
2310/4208   risk = 0.11  oob_risk = 0.12   time = 48571640   
2415/4208   risk = 0.11  oob_risk = 0.12   time = 50883961   
2520/4208   risk = 0.11  oob_risk = 0.12   time = 53111102   
2625/4208   risk = 0.11  oob_risk = 0.12   time = 55382998   
2730/4208   risk = 0.11  oob_risk = 0.12   time = 57682982   
2835/4208   risk = 0.11  oob_risk = 0.12   time = 60011819   
2940/4208   risk = 0.11  oob_risk = 0.12   time = 62323512   
3045/4208   risk = 0.11  oob_risk = 0.12   time = 64650462   
3150/4208   risk = 0.11  oob_risk = 0.12   time = 66940423   
3255/4208   risk = 0.11  oob_risk = 0.12   time = 69259103   
3360/4208   risk = 0.11  oob_risk = 0.12   time = 71651122   
3465/4208   risk = 0.11  oob_risk = 0.12   time = 74008453   
3570/4208   risk = 0.11  oob_risk = 0.12   time = 76359420   
3675/4208   risk = 0.11  oob_risk = 0.12   time = 78673391   
3780/4208   risk = 0.11  oob_risk = 0.12   time = 80993094   
3885/4208   risk = 0.11  oob_risk = 0.12   time = 83325926   
3990/4208   risk = 0.11  oob_risk = 0.12   time = 85634023   
4095/4208   risk = 0.11  oob_risk = 0.12   time = 87970239   
4200/4208   risk = 0.11  oob_risk = 0.12   time = 90361573   


Train 4208 iterations in 90 Seconds.
Final risk based on the train set: 0.11

DEBUG [00:12:56.370] [mlr3]  Learner 'acc_hcwb' on task 'Task 9977: nomao (Supervised Classification)' succeeded to fit a model {learner: <LearnerClassifCompboost/LearnerClassif/Learner/R6>, result: <list>, messages: }

### [bt]: Job terminated successfully [batchtools job.id=149]
### [bt]: Calculation finished!
