### [bt]: This is batchtools v0.9.15
### [bt]: Starting calculation of 1 jobs
### [bt]: Setting working directory to '/home/user/repos/cacb-batchtools/eq1'
[2021-07-27 07:26:46] Loading new learner
[2021-07-27 07:26:46] Loading tasks
[2021-07-27 07:26:49] Loading resampling
### [bt]: Memory measurement disabled
### [bt]: Starting job [batchtools job.id=105]
### [bt]: Generating problem instance for problem '359994-fold1' ...
### [bt]: Applying algorithm 'evaluate-learner' on problem '359994-fold1' for job 105 (seed = 31520) ...
DEBUG [07:26:52.129] [mlr3]  Skip subsetting of task 'Task 359994: sf-police-incidents (Supervised Classification)' 
DEBUG [07:26:52.132] [mlr3]  Calling train method of Learner 'acc_hcwb' on task 'Task 359994: sf-police-incidents (Supervised Classification)' with 1772018 observations {learner: <LearnerClassifCompboost/LearnerClassif/Learner/R6>}
Warning in get_private(learner)$.train(task) :
  Number of cores 30 exceeds number of features 8. The number of cores are set to 8!
INFO  [07:26:53.288] [mlr3]  [LGCOMPBOOST] Running compboost with df 7.000000 and df_cat 7.000000 
   1/5000   risk = 0.37  oob_risk = 0.37   riskauc = 0.55   time = 4   


Train 20 iterations in 25 Seconds.
Final risk based on the train set: 0.37

   1/4980   risk = 0.37  oob_risk = 0.37   riskauc = 0.57   time = 3   
 124/4980   risk = 0.39  oob_risk = 0.39   riskauc = 0.57   time = 66423305   
 248/4980   risk = 0.41  oob_risk = 0.41   riskauc = 0.58   time = 133636161   
 372/4980   risk = 0.43  oob_risk = 0.43   riskauc = 0.58   time = 210606646   
 496/4980   risk = 0.44  oob_risk = 0.44   riskauc = 0.58   time = 282751219   
 620/4980   risk = 0.45  oob_risk = 0.45   riskauc = 0.58   time = 357337468   
 744/4980   risk = 0.46  oob_risk = 0.46   riskauc = 0.58   time = 434431618   
 868/4980   risk = 0.47  oob_risk = 0.47   riskauc = 0.58   time = 511157770   
 992/4980   risk = 0.47  oob_risk = 0.47   riskauc = 0.58   time = 586951401   
1116/4980   risk = 0.48  oob_risk = 0.48   riskauc = 0.58   time = 662824554   
1240/4980   risk = 0.48  oob_risk = 0.48   riskauc = 0.58   time = 746052517   
1364/4980   risk = 0.48  oob_risk = 0.48   riskauc = 0.59   time = 818856625   
1488/4980   risk = 0.48  oob_risk = 0.48   riskauc = 0.59   time = 883908665   
1612/4980   risk = 0.48  oob_risk = 0.49   riskauc = 0.59   time = 960111340   
1736/4980   risk = 0.49  oob_risk = 0.49   riskauc = 0.59   time = 1034464638   
1860/4980   risk = 0.49  oob_risk = 0.49   riskauc = 0.59   time = 1110202396   
1984/4980   risk = 0.49  oob_risk = 0.49   riskauc = 0.59   time = 1184401366   
2108/4980   risk = 0.49  oob_risk = 0.49   riskauc = 0.59   time = 1261179382   
2232/4980   risk = 0.49  oob_risk = 0.49   riskauc = 0.59   time = 1334832716   
2356/4980   risk = 0.49  oob_risk = 0.49   riskauc = 0.59   time = 1407021057   
2480/4980   risk = 0.49  oob_risk = 0.49   riskauc = 0.59   time = 1483303390   
2604/4980   risk = 0.49  oob_risk = 0.49   riskauc = 0.59   time = 1558699723   
2728/4980   risk = 0.49  oob_risk = 0.49   riskauc = 0.59   time = 1634033763   
2852/4980   risk = 0.49  oob_risk = 0.49   riskauc = 0.59   time = 1706378188   
2976/4980   risk = 0.49  oob_risk = 0.49   riskauc = 0.59   time = 1777690021   
3100/4980   risk = 0.49  oob_risk = 0.49   riskauc = 0.59   time = 1852378451   
3224/4980   risk = 0.49  oob_risk = 0.49   riskauc = 0.59   time = 1929282956   
3348/4980   risk = 0.49  oob_risk = 0.49   riskauc = 0.59   time = 2004406667   
3472/4980   risk = 0.49  oob_risk = 0.49   riskauc = 0.59   time = 2079490854   
3596/4980   risk = 0.49  oob_risk = 0.49   riskauc = 0.59   time = 2152249582   
3720/4980   risk = 0.49  oob_risk = 0.49   riskauc = 0.59   time = 2226845454   
3844/4980   risk = 0.49  oob_risk = 0.49   riskauc = 0.59   time = 2299226373   
3968/4980   risk = 0.49  oob_risk = 0.49   riskauc = 0.59   time = 2372409485   
4092/4980   risk = 0.49  oob_risk = 0.49   riskauc = 0.59   time = 2446919769   
4216/4980   risk = 0.49  oob_risk = 0.49   riskauc = 0.59   time = 2519235086   
4340/4980   risk = 0.49  oob_risk = 0.49   riskauc = 0.59   time = 2590772404   
4464/4980   risk = 0.49  oob_risk = 0.49   riskauc = 0.59   time = 2663350117   
4588/4980   risk = 0.49  oob_risk = 0.49   riskauc = 0.59   time = 2733909298   
4712/4980   risk = 0.49  oob_risk = 0.49   riskauc = 0.59   time = 2808056157   
4836/4980   risk = 0.49  oob_risk = 0.49   riskauc = 0.59   time = 2881346931   
4960/4980   risk = 0.49  oob_risk = 0.49   riskauc = 0.59   time = 2956064037   


Train 4980 iterations in 2968 Seconds.
Final risk based on the train set: 0.49

INFO  [08:17:07.824] [mlr3]  [LGCOMPBOOST] Completed fitting of restarted compboost model with optimizer nesterov 
INFO  [08:17:12.168] [mlr3]  [LGCOMPBOOST] iterations:'stop_cwb',NA,'stop_acwb',20,'stop_hcwb',4980 
INFO  [08:17:12.171] [mlr3]  [LGCOMPBOOST] risk_inbag:'risk_intercept',0.370035,'risk_cwb',NA,'risk_acwb',0.369951,'risk_hcwb',0.487906 
INFO  [08:17:12.173] [mlr3]  [LGCOMPBOOST] risk_oob:'risk_intercept_oob',0.370150,'risk_cwb_oob',NA,'risk_acwb_oob',0.370084,'risk_hcwb_oob',0.488315 
DEBUG [08:17:12.179] [mlr3]  Learner 'acc_hcwb' on task 'Task 359994: sf-police-incidents (Supervised Classification)' succeeded to fit a model {learner: <LearnerClassifCompboost/LearnerClassif/Learner/R6>, result: <list>, messages: }
DEBUG [08:17:12.221] [mlr3]  Skip subsetting of task 'Task 359994: sf-police-incidents (Supervised Classification)' 
DEBUG [08:17:12.225] [mlr3]  Calling train method of Learner 'acc_hcwb' on task 'Task 359994: sf-police-incidents (Supervised Classification)' with 1772018 observations {learner: <LearnerClassifCompboost/LearnerClassif/Learner/R6>}
Warning in get_private(learner)$.train(task) :
  Number of cores 30 exceeds number of features 8. The number of cores are set to 8!
INFO  [08:17:13.027] [mlr3]  [LGCOMPBOOST] Running compboost with df 7.000000 and df_cat 7.000000 
   1/5000   risk = 0.37  oob_risk = 0.37   time = 5   


Train 20 iterations in 17 Seconds.
Final risk based on the train set: 0.37

   1/4980   risk = 0.37  oob_risk = 0.37   time = 4   
 124/4980   risk = 0.39  oob_risk = 0.39   time = 48137053   
 248/4980   risk = 0.41  oob_risk = 0.41   time = 91585129   
 372/4980   risk = 0.43  oob_risk = 0.43   time = 137401662   
 496/4980   risk = 0.44  oob_risk = 0.44   time = 184710963   
 620/4980   risk = 0.45  oob_risk = 0.45   time = 231065522   
 744/4980   risk = 0.46  oob_risk = 0.46   time = 277572452   
 868/4980   risk = 0.47  oob_risk = 0.47   time = 323295930   
 992/4980   risk = 0.47  oob_risk = 0.47   time = 370110185   
1116/4980   risk = 0.48  oob_risk = 0.48   time = 417302754   
1240/4980   risk = 0.48  oob_risk = 0.48   time = 467182669   
1364/4980   risk = 0.48  oob_risk = 0.48   time = 517458663   
1488/4980   risk = 0.48  oob_risk = 0.48   time = 564822509   
1612/4980   risk = 0.48  oob_risk = 0.49   time = 611130449   
1736/4980   risk = 0.49  oob_risk = 0.49   time = 657499665   
1860/4980   risk = 0.49  oob_risk = 0.49   time = 703503332   
1984/4980   risk = 0.49  oob_risk = 0.49   time = 749488131   
2108/4980   risk = 0.49  oob_risk = 0.49   time = 795875002   
2232/4980   risk = 0.49  oob_risk = 0.49   time = 842410488   
2356/4980   risk = 0.49  oob_risk = 0.49   time = 889035335   
2480/4980   risk = 0.49  oob_risk = 0.49   time = 936241849   
2604/4980   risk = 0.49  oob_risk = 0.49   time = 982018314   
2728/4980   risk = 0.49  oob_risk = 0.49   time = 1027957720   
2852/4980   risk = 0.49  oob_risk = 0.49   time = 1074177624   
2976/4980   risk = 0.49  oob_risk = 0.49   time = 1120628577   
3100/4980   risk = 0.49  oob_risk = 0.49   time = 1167782051   
3224/4980   risk = 0.49  oob_risk = 0.49   time = 1214546013   
3348/4980   risk = 0.49  oob_risk = 0.49   time = 1261334967   
3472/4980   risk = 0.49  oob_risk = 0.49   time = 1308041724   
3596/4980   risk = 0.49  oob_risk = 0.49   time = 1353254505   
3720/4980   risk = 0.49  oob_risk = 0.49   time = 1399199714   
3844/4980   risk = 0.49  oob_risk = 0.49   time = 1444515559   
3968/4980   risk = 0.49  oob_risk = 0.49   time = 1489828958   
4092/4980   risk = 0.49  oob_risk = 0.49   time = 1535769979   
4216/4980   risk = 0.49  oob_risk = 0.49   time = 1581408272   
4340/4980   risk = 0.49  oob_risk = 0.49   time = 1626426884   
4464/4980   risk = 0.49  oob_risk = 0.49   time = 1671655671   
4588/4980   risk = 0.49  oob_risk = 0.49   time = 1717801025   
4712/4980   risk = 0.49  oob_risk = 0.49   time = 1762916943   
4836/4980   risk = 0.49  oob_risk = 0.49   time = 1808514895   
4960/4980   risk = 0.49  oob_risk = 0.49   time = 1854963931   


Train 4980 iterations in 1862 Seconds.
Final risk based on the train set: 0.49

INFO  [08:48:51.129] [mlr3]  [LGCOMPBOOST] Completed fitting of restarted compboost model with optimizer nesterov 
INFO  [08:48:55.517] [mlr3]  [LGCOMPBOOST] iterations:'stop_cwb',NA,'stop_acwb',20,'stop_hcwb',4980 
INFO  [08:48:55.521] [mlr3]  [LGCOMPBOOST] risk_inbag:'risk_intercept',0.370035,'risk_cwb',NA,'risk_acwb',0.369951,'risk_hcwb',0.487906 
INFO  [08:48:55.523] [mlr3]  [LGCOMPBOOST] risk_oob:'risk_intercept_oob',0.370150,'risk_cwb_oob',NA,'risk_acwb_oob',0.370084,'risk_hcwb_oob',0.488315 
DEBUG [08:48:55.529] [mlr3]  Learner 'acc_hcwb' on task 'Task 359994: sf-police-incidents (Supervised Classification)' succeeded to fit a model {learner: <LearnerClassifCompboost/LearnerClassif/Learner/R6>, result: <list>, messages: }

### [bt]: Job terminated successfully [batchtools job.id=105]
### [bt]: Calculation finished!
