### [bt]: This is batchtools v0.9.15
### [bt]: Starting calculation of 1 jobs
### [bt]: Setting working directory to '/home/user/repos/cacb-batchtools/eq1'
[2021-07-26 00:12:51] Loading new learner
[2021-07-26 00:12:51] Loading tasks
[2021-07-26 00:12:54] Loading resampling
### [bt]: Memory measurement disabled
### [bt]: Starting job [batchtools job.id=13]
### [bt]: Generating problem instance for problem 'spam-fold3' ...
### [bt]: Applying algorithm 'evaluate-learner' on problem 'spam-fold3' for job 13 (seed = 31428) ...
DEBUG [00:12:55.414] [mlr3]  Skip subsetting of task 'spam' 
DEBUG [00:12:55.416] [mlr3]  Calling train method of Learner 'acc_cwb' on task 'spam' with 3680 observations {learner: <LearnerClassifCompboost/LearnerClassif/Learner/R6>}
INFO  [00:12:55.426] [mlr3]  [LGCOMPBOOST] Running compboost with df 20.000000 and df_cat 1.000000 
   1/5000   risk = 0.67  riskauc = 0.81   time = 2   
 125/5000   risk = 0.44  riskauc = 0.9   time = 1206992   
 250/5000   risk = 0.35  riskauc = 0.92   time = 2442975   
 375/5000   risk = 0.31  riskauc = 0.93   time = 3556819   
 500/5000   risk = 0.28  riskauc = 0.94   time = 4612898   
 625/5000   risk = 0.26  riskauc = 0.94   time = 6315260   
 750/5000   risk = 0.25  riskauc = 0.95   time = 7497912   
 875/5000   risk = 0.24  riskauc = 0.95   time = 8746955   
1000/5000   risk = 0.23  riskauc = 0.95   time = 9983839   
1125/5000   risk = 0.23  riskauc = 0.95   time = 11086248   
1250/5000   risk = 0.22  riskauc = 0.95   time = 12312092   
1375/5000   risk = 0.21  riskauc = 0.95   time = 13467848   
1500/5000   risk = 0.21  riskauc = 0.95   time = 14750373   
1625/5000   risk = 0.21  riskauc = 0.96   time = 15902149   
1750/5000   risk = 0.2  riskauc = 0.96   time = 17144969   
1875/5000   risk = 0.2  riskauc = 0.96   time = 18328451   
2000/5000   risk = 0.2  riskauc = 0.96   time = 19473659   
2125/5000   risk = 0.19  riskauc = 0.96   time = 20674762   
2250/5000   risk = 0.19  riskauc = 0.96   time = 21889949   
2375/5000   risk = 0.19  riskauc = 0.96   time = 23070668   
2500/5000   risk = 0.19  riskauc = 0.96   time = 24275387   
2625/5000   risk = 0.19  riskauc = 0.96   time = 25423969   
2750/5000   risk = 0.18  riskauc = 0.96   time = 26811565   
2875/5000   risk = 0.18  riskauc = 0.96   time = 28119219   
3000/5000   risk = 0.18  riskauc = 0.96   time = 29360142   
3125/5000   risk = 0.18  riskauc = 0.96   time = 30485801   
3250/5000   risk = 0.18  riskauc = 0.96   time = 31727228   
3375/5000   risk = 0.18  riskauc = 0.96   time = 32960545   
3500/5000   risk = 0.18  riskauc = 0.96   time = 34141690   
3625/5000   risk = 0.18  riskauc = 0.96   time = 35432223   
3750/5000   risk = 0.18  riskauc = 0.96   time = 36509126   
3875/5000   risk = 0.17  riskauc = 0.96   time = 37616872   
4000/5000   risk = 0.17  riskauc = 0.96   time = 38762410   
4125/5000   risk = 0.17  riskauc = 0.96   time = 39890868   
4250/5000   risk = 0.17  riskauc = 0.96   time = 40954948   
4375/5000   risk = 0.17  riskauc = 0.96   time = 42148792   
4500/5000   risk = 0.17  riskauc = 0.96   time = 43423418   
4625/5000   risk = 0.17  riskauc = 0.96   time = 44616542   
4750/5000   risk = 0.17  riskauc = 0.96   time = 45874684   
4875/5000   risk = 0.17  riskauc = 0.96   time = 47073808   
5000/5000   risk = 0.17  riskauc = 0.96   time = 48282849   


Train 5000 iterations in 48 Seconds.
Final risk based on the train set: 0.17

INFO  [00:13:52.974] [mlr3]  [LGCOMPBOOST] iterations:'stop_cwb',5000,'stop_acwb',NA,'stop_hcwb',NA 
INFO  [00:13:52.977] [mlr3]  [LGCOMPBOOST] risk_inbag:'risk_intercept',0.670513,'risk_cwb',0.166041,'risk_acwb',NA,'risk_hcwb',NA 
INFO  [00:13:52.979] [mlr3]  [LGCOMPBOOST] risk_oob:'risk_intercept_oob',NA,'risk_cwb_oob',NA,'risk_acwb_oob',NA,'risk_hcwb_oob',NA 
DEBUG [00:13:53.073] [mlr3]  Learner 'acc_cwb' on task 'spam' succeeded to fit a model {learner: <LearnerClassifCompboost/LearnerClassif/Learner/R6>, result: <list>, messages: }
DEBUG [00:13:53.083] [mlr3]  Skip subsetting of task 'spam' 
DEBUG [00:13:53.086] [mlr3]  Calling train method of Learner 'acc_cwb' on task 'spam' with 3680 observations {learner: <LearnerClassifCompboost/LearnerClassif/Learner/R6>}
INFO  [00:13:53.096] [mlr3]  [LGCOMPBOOST] Running compboost with df 20.000000 and df_cat 1.000000 
   1/5000   risk = 0.67  time = 2   
 125/5000   risk = 0.44  time = 1079129   
 250/5000   risk = 0.35  time = 2121311   
 375/5000   risk = 0.31  time = 3235566   
 500/5000   risk = 0.28  time = 4497292   
 625/5000   risk = 0.26  time = 5565370   
 750/5000   risk = 0.25  time = 6662388   
 875/5000   risk = 0.24  time = 7939703   
1000/5000   risk = 0.23  time = 9062794   
1125/5000   risk = 0.23  time = 10163460   
1250/5000   risk = 0.22  time = 11354110   
1375/5000   risk = 0.21  time = 12401338   
1500/5000   risk = 0.21  time = 13420144   
1625/5000   risk = 0.21  time = 14669967   
1750/5000   risk = 0.2  time = 15784058   
1875/5000   risk = 0.2  time = 16943753   
2000/5000   risk = 0.2  time = 17968483   
2125/5000   risk = 0.19  time = 19053112   
2250/5000   risk = 0.19  time = 20279361   
2375/5000   risk = 0.19  time = 21404692   
2500/5000   risk = 0.19  time = 22554393   
2625/5000   risk = 0.19  time = 23697192   
2750/5000   risk = 0.18  time = 24838529   
2875/5000   risk = 0.18  time = 25947822   
3000/5000   risk = 0.18  time = 27026645   
3125/5000   risk = 0.18  time = 28136183   
3250/5000   risk = 0.18  time = 29292561   
3375/5000   risk = 0.18  time = 30358945   
3500/5000   risk = 0.18  time = 31384281   
3625/5000   risk = 0.18  time = 32521174   
3750/5000   risk = 0.18  time = 33707634   
3875/5000   risk = 0.17  time = 34863844   
4000/5000   risk = 0.17  time = 35974066   
4125/5000   risk = 0.17  time = 37091262   
4250/5000   risk = 0.17  time = 38230520   
4375/5000   risk = 0.17  time = 39341538   
4500/5000   risk = 0.17  time = 40524944   
4625/5000   risk = 0.17  time = 41615800   
4750/5000   risk = 0.17  time = 42767810   
4875/5000   risk = 0.17  time = 43850330   
5000/5000   risk = 0.17  time = 45088663   


Train 5000 iterations in 45 Seconds.
Final risk based on the train set: 0.17

INFO  [00:14:47.476] [mlr3]  [LGCOMPBOOST] iterations:'stop_cwb',5000,'stop_acwb',NA,'stop_hcwb',NA 
INFO  [00:14:47.479] [mlr3]  [LGCOMPBOOST] risk_inbag:'risk_intercept',0.670513,'risk_cwb',0.166041,'risk_acwb',NA,'risk_hcwb',NA 
INFO  [00:14:47.481] [mlr3]  [LGCOMPBOOST] risk_oob:'risk_intercept_oob',NA,'risk_cwb_oob',NA,'risk_acwb_oob',NA,'risk_hcwb_oob',NA 
DEBUG [00:14:47.486] [mlr3]  Learner 'acc_cwb' on task 'spam' succeeded to fit a model {learner: <LearnerClassifCompboost/LearnerClassif/Learner/R6>, result: <list>, messages: }

### [bt]: Job terminated successfully [batchtools job.id=13]
### [bt]: Calculation finished!
