### [bt]: This is batchtools v0.9.15
### [bt]: Starting calculation of 1 jobs
### [bt]: Setting working directory to '/home/user/repos/cacb-batchtools/eq1'
[2021-07-25 20:36:01] Loading new learner
[2021-07-25 20:36:01] Loading tasks
[2021-07-25 20:36:04] Loading resampling
### [bt]: Memory measurement disabled
### [bt]: Starting job [batchtools job.id=30]
### [bt]: Generating problem instance for problem '7592-fold1' ...
### [bt]: Applying algorithm 'evaluate-learner' on problem '7592-fold1' for job 30 (seed = 31445) ...
DEBUG [20:36:04.915] [mlr3]  Skip subsetting of task 'Task 7592: adult (Supervised Classification)' 
DEBUG [20:36:04.919] [mlr3]  Calling train method of Learner 'acc_hcwb' on task 'Task 7592: adult (Supervised Classification)' with 39073 observations {learner: <LearnerClassifCompboost/LearnerClassif/Learner/R6>}
Warning in get_private(learner)$.train(task) :
  Number of cores 30 exceeds number of features 14. The number of cores are set to 14!
INFO  [20:36:04.997] [mlr3]  [LGCOMPBOOST] Running compboost with df 5.000000 and df_cat 2.000000 
   1/5000   risk = 0.55  oob_risk = 0.55   riskauc = 0.79   time = 3   
 125/5000   risk = 0.41  oob_risk = 0.41   riskauc = 0.91   time = 2755287   
 250/5000   risk = 0.32  oob_risk = 0.32   riskauc = 0.91   time = 5317224   


Train 323 iterations in 6 Seconds.
Final risk based on the train set: 0.32

   1/4677   risk = 0.32  oob_risk = 0.32   riskauc = 0.79   time = 3   
 117/4677   risk = 0.32  oob_risk = 0.32   riskauc = 0.85   time = 1153368   
 234/4677   risk = 0.33  oob_risk = 0.32   riskauc = 0.86   time = 2181310   
 351/4677   risk = 0.33  oob_risk = 0.32   riskauc = 0.88   time = 3291248   
 468/4677   risk = 0.33  oob_risk = 0.33   riskauc = 0.88   time = 4408721   
 585/4677   risk = 0.33  oob_risk = 0.33   riskauc = 0.89   time = 5539369   
 702/4677   risk = 0.33  oob_risk = 0.33   riskauc = 0.89   time = 6657138   
 819/4677   risk = 0.33  oob_risk = 0.33   riskauc = 0.89   time = 7807568   
 936/4677   risk = 0.34  oob_risk = 0.33   riskauc = 0.9   time = 8969773   
1053/4677   risk = 0.34  oob_risk = 0.33   riskauc = 0.9   time = 10267510   
1170/4677   risk = 0.34  oob_risk = 0.33   riskauc = 0.9   time = 11456519   
1287/4677   risk = 0.34  oob_risk = 0.33   riskauc = 0.9   time = 12661731   
1404/4677   risk = 0.34  oob_risk = 0.33   riskauc = 0.9   time = 13843739   
1521/4677   risk = 0.34  oob_risk = 0.33   riskauc = 0.9   time = 15036024   
1638/4677   risk = 0.34  oob_risk = 0.33   riskauc = 0.9   time = 16219645   
1755/4677   risk = 0.34  oob_risk = 0.33   riskauc = 0.9   time = 17465281   
1872/4677   risk = 0.34  oob_risk = 0.34   riskauc = 0.9   time = 18656535   
1989/4677   risk = 0.34  oob_risk = 0.34   riskauc = 0.9   time = 19929580   
2106/4677   risk = 0.34  oob_risk = 0.34   riskauc = 0.9   time = 21148251   
2223/4677   risk = 0.34  oob_risk = 0.34   riskauc = 0.9   time = 22332239   
2340/4677   risk = 0.34  oob_risk = 0.34   riskauc = 0.9   time = 23783959   
2457/4677   risk = 0.34  oob_risk = 0.34   riskauc = 0.9   time = 25060947   
2574/4677   risk = 0.34  oob_risk = 0.34   riskauc = 0.91   time = 26350244   
2691/4677   risk = 0.34  oob_risk = 0.34   riskauc = 0.91   time = 27629088   
2808/4677   risk = 0.34  oob_risk = 0.34   riskauc = 0.91   time = 28892850   
2925/4677   risk = 0.34  oob_risk = 0.34   riskauc = 0.91   time = 30154474   
3042/4677   risk = 0.34  oob_risk = 0.34   riskauc = 0.91   time = 31521830   
3159/4677   risk = 0.34  oob_risk = 0.34   riskauc = 0.91   time = 32717655   
3276/4677   risk = 0.35  oob_risk = 0.34   riskauc = 0.91   time = 33940780   
3393/4677   risk = 0.35  oob_risk = 0.34   riskauc = 0.91   time = 35211530   
3510/4677   risk = 0.35  oob_risk = 0.34   riskauc = 0.91   time = 36477153   
3627/4677   risk = 0.35  oob_risk = 0.34   riskauc = 0.91   time = 37868407   
3744/4677   risk = 0.35  oob_risk = 0.34   riskauc = 0.91   time = 39159329   
3861/4677   risk = 0.35  oob_risk = 0.34   riskauc = 0.91   time = 40427713   
3978/4677   risk = 0.35  oob_risk = 0.34   riskauc = 0.91   time = 41721646   
4095/4677   risk = 0.35  oob_risk = 0.34   riskauc = 0.91   time = 43043037   
4212/4677   risk = 0.35  oob_risk = 0.34   riskauc = 0.91   time = 44540806   
4329/4677   risk = 0.35  oob_risk = 0.34   riskauc = 0.91   time = 46127663   
4446/4677   risk = 0.35  oob_risk = 0.34   riskauc = 0.91   time = 47501447   
4563/4677   risk = 0.35  oob_risk = 0.34   riskauc = 0.91   time = 48882282   


Train 4677 iterations in 50 Seconds.
Final risk based on the train set: 0.35

INFO  [20:37:03.092] [mlr3]  [LGCOMPBOOST] Completed fitting of restarted compboost model with optimizer nesterov 
INFO  [20:37:07.704] [mlr3]  [LGCOMPBOOST] iterations:'stop_cwb',NA,'stop_acwb',323,'stop_hcwb',4677 
INFO  [20:37:07.707] [mlr3]  [LGCOMPBOOST] risk_inbag:'risk_intercept',0.548858,'risk_cwb',NA,'risk_acwb',0.319997,'risk_hcwb',0.348817 
INFO  [20:37:07.709] [mlr3]  [LGCOMPBOOST] risk_oob:'risk_intercept_oob',0.551890,'risk_cwb_oob',NA,'risk_acwb_oob',0.315606,'risk_hcwb_oob',0.342848 
DEBUG [20:37:07.714] [mlr3]  Learner 'acc_hcwb' on task 'Task 7592: adult (Supervised Classification)' succeeded to fit a model {learner: <LearnerClassifCompboost/LearnerClassif/Learner/R6>, result: <list>, messages: }
DEBUG [20:37:07.726] [mlr3]  Skip subsetting of task 'Task 7592: adult (Supervised Classification)' 
DEBUG [20:37:07.729] [mlr3]  Calling train method of Learner 'acc_hcwb' on task 'Task 7592: adult (Supervised Classification)' with 39073 observations {learner: <LearnerClassifCompboost/LearnerClassif/Learner/R6>}
Warning in get_private(learner)$.train(task) :
  Number of cores 30 exceeds number of features 14. The number of cores are set to 14!
INFO  [20:37:07.803] [mlr3]  [LGCOMPBOOST] Running compboost with df 5.000000 and df_cat 2.000000 
   1/5000   risk = 0.55  oob_risk = 0.55   time = 2   
 125/5000   risk = 0.41  oob_risk = 0.41   time = 1782795   
 250/5000   risk = 0.32  oob_risk = 0.32   time = 3503517   


Train 323 iterations in 4 Seconds.
Final risk based on the train set: 0.32

   1/4677   risk = 0.32  oob_risk = 0.32   time = 3   
 117/4677   risk = 0.32  oob_risk = 0.32   time = 713247   
 234/4677   risk = 0.33  oob_risk = 0.32   time = 1496253   
 351/4677   risk = 0.33  oob_risk = 0.32   time = 2297722   
 468/4677   risk = 0.33  oob_risk = 0.33   time = 3122870   
 585/4677   risk = 0.33  oob_risk = 0.33   time = 3908553   
 702/4677   risk = 0.33  oob_risk = 0.33   time = 4755455   
 819/4677   risk = 0.33  oob_risk = 0.33   time = 5610638   
 936/4677   risk = 0.34  oob_risk = 0.33   time = 6439618   
1053/4677   risk = 0.34  oob_risk = 0.33   time = 7259639   
1170/4677   risk = 0.34  oob_risk = 0.33   time = 8118425   
1287/4677   risk = 0.34  oob_risk = 0.33   time = 8946072   
1404/4677   risk = 0.34  oob_risk = 0.33   time = 9775740   
1521/4677   risk = 0.34  oob_risk = 0.33   time = 10637638   
1638/4677   risk = 0.34  oob_risk = 0.33   time = 11514678   
1755/4677   risk = 0.34  oob_risk = 0.33   time = 12405299   
1872/4677   risk = 0.34  oob_risk = 0.34   time = 13283939   
1989/4677   risk = 0.34  oob_risk = 0.34   time = 14164408   
2106/4677   risk = 0.34  oob_risk = 0.34   time = 15011273   
2223/4677   risk = 0.34  oob_risk = 0.34   time = 15838689   
2340/4677   risk = 0.34  oob_risk = 0.34   time = 16680817   
2457/4677   risk = 0.34  oob_risk = 0.34   time = 17512363   
2574/4677   risk = 0.34  oob_risk = 0.34   time = 18246935   
2691/4677   risk = 0.34  oob_risk = 0.34   time = 18990847   
2808/4677   risk = 0.34  oob_risk = 0.34   time = 19740553   
2925/4677   risk = 0.34  oob_risk = 0.34   time = 20502806   
3042/4677   risk = 0.34  oob_risk = 0.34   time = 21276970   
3159/4677   risk = 0.34  oob_risk = 0.34   time = 22073845   
3276/4677   risk = 0.35  oob_risk = 0.34   time = 22858588   
3393/4677   risk = 0.35  oob_risk = 0.34   time = 23657767   
3510/4677   risk = 0.35  oob_risk = 0.34   time = 24508699   
3627/4677   risk = 0.35  oob_risk = 0.34   time = 25367750   
3744/4677   risk = 0.35  oob_risk = 0.34   time = 26229998   
3861/4677   risk = 0.35  oob_risk = 0.34   time = 27112384   
3978/4677   risk = 0.35  oob_risk = 0.34   time = 27985493   
4095/4677   risk = 0.35  oob_risk = 0.34   time = 28868876   
4212/4677   risk = 0.35  oob_risk = 0.34   time = 29753373   
4329/4677   risk = 0.35  oob_risk = 0.34   time = 30642414   
4446/4677   risk = 0.35  oob_risk = 0.34   time = 31518362   
4563/4677   risk = 0.35  oob_risk = 0.34   time = 32398937   


Train 4677 iterations in 33 Seconds.
Final risk based on the train set: 0.35

INFO  [20:37:46.308] [mlr3]  [LGCOMPBOOST] Completed fitting of restarted compboost model with optimizer nesterov 
INFO  [20:37:50.939] [mlr3]  [LGCOMPBOOST] iterations:'stop_cwb',NA,'stop_acwb',323,'stop_hcwb',4677 
INFO  [20:37:50.942] [mlr3]  [LGCOMPBOOST] risk_inbag:'risk_intercept',0.548858,'risk_cwb',NA,'risk_acwb',0.319997,'risk_hcwb',0.348817 
INFO  [20:37:50.948] [mlr3]  [LGCOMPBOOST] risk_oob:'risk_intercept_oob',0.551890,'risk_cwb_oob',NA,'risk_acwb_oob',0.315606,'risk_hcwb_oob',0.342848 
DEBUG [20:37:50.954] [mlr3]  Learner 'acc_hcwb' on task 'Task 7592: adult (Supervised Classification)' succeeded to fit a model {learner: <LearnerClassifCompboost/LearnerClassif/Learner/R6>, result: <list>, messages: }

### [bt]: Job terminated successfully [batchtools job.id=30]
### [bt]: Calculation finished!
