### [bt]: This is batchtools v0.9.15
### [bt]: Starting calculation of 1 jobs
### [bt]: Setting working directory to '/home/user/repos/cacb-batchtools/eq1'
[2021-07-29 17:24:43] Loading new learner
[2021-07-29 17:24:43] Loading tasks
[2021-07-29 17:24:46] Loading resampling
### [bt]: Memory measurement disabled
### [bt]: Starting job [batchtools job.id=135]
### [bt]: Generating problem instance for problem '168335-fold5' ...
### [bt]: Applying algorithm 'evaluate-learner' on problem '168335-fold5' for job 135 (seed = 31550) ...
DEBUG [17:24:48.739] [mlr3]  Skip subsetting of task 'Task 168335: MiniBooNE (Supervised Classification)' 
DEBUG [17:24:48.743] [mlr3]  Calling train method of Learner 'acc_hcwb' on task 'Task 168335: MiniBooNE (Supervised Classification)' with 104052 observations {learner: <LearnerClassifCompboost/LearnerClassif/Learner/R6>}
   1/5000   risk = 0.56  oob_risk = 0.57   riskauc = 0.85   time = 2   
 125/5000   risk = 0.26  oob_risk = 0.26   riskauc = 0.96   time = 13719883   
 250/5000   risk = 0.21  oob_risk = 0.21   riskauc = 0.97   time = 27295511   
 375/5000   risk = 0.19  oob_risk = 0.2   riskauc = 0.97   time = 40778265   


Train 426 iterations in 46 Seconds.
Final risk based on the train set: 0.19

   1/4585   risk = 0.19  oob_risk = 0.2   riskauc = 0.97   time = 2   
 115/4585   risk = 0.2  oob_risk = 0.21   riskauc = 0.97   time = 6693776   
 230/4585   risk = 0.2  oob_risk = 0.21   riskauc = 0.97   time = 13676066   
 345/4585   risk = 0.2  oob_risk = 0.21   riskauc = 0.97   time = 20462299   
 460/4585   risk = 0.2  oob_risk = 0.21   riskauc = 0.97   time = 26825771   
 575/4585   risk = 0.2  oob_risk = 0.21   riskauc = 0.97   time = 33148649   
 690/4585   risk = 0.21  oob_risk = 0.22   riskauc = 0.97   time = 39551724   
 805/4585   risk = 0.21  oob_risk = 0.22   riskauc = 0.97   time = 45999832   
 920/4585   risk = 0.21  oob_risk = 0.22   riskauc = 0.97   time = 52469834   
1035/4585   risk = 0.21  oob_risk = 0.22   riskauc = 0.97   time = 58817028   
1150/4585   risk = 0.21  oob_risk = 0.22   riskauc = 0.97   time = 65272174   
1265/4585   risk = 0.21  oob_risk = 0.22   riskauc = 0.97   time = 71623572   
1380/4585   risk = 0.21  oob_risk = 0.22   riskauc = 0.97   time = 77844968   
1495/4585   risk = 0.21  oob_risk = 0.22   riskauc = 0.97   time = 84192836   
1610/4585   risk = 0.21  oob_risk = 0.22   riskauc = 0.97   time = 90603540   
1725/4585   risk = 0.21  oob_risk = 0.22   riskauc = 0.97   time = 96877928   
1840/4585   risk = 0.21  oob_risk = 0.22   riskauc = 0.97   time = 103192538   
1955/4585   risk = 0.21  oob_risk = 0.22   riskauc = 0.97   time = 109504221   
2070/4585   risk = 0.21  oob_risk = 0.22   riskauc = 0.97   time = 115941421   
2185/4585   risk = 0.21  oob_risk = 0.22   riskauc = 0.97   time = 122240431   
2300/4585   risk = 0.21  oob_risk = 0.22   riskauc = 0.97   time = 128449309   
2415/4585   risk = 0.21  oob_risk = 0.22   riskauc = 0.97   time = 134919096   
2530/4585   risk = 0.21  oob_risk = 0.22   riskauc = 0.97   time = 141166817   
2645/4585   risk = 0.21  oob_risk = 0.22   riskauc = 0.97   time = 147331127   
2760/4585   risk = 0.21  oob_risk = 0.23   riskauc = 0.97   time = 153557327   
2875/4585   risk = 0.21  oob_risk = 0.23   riskauc = 0.97   time = 159744068   
2990/4585   risk = 0.21  oob_risk = 0.23   riskauc = 0.97   time = 166092865   
3105/4585   risk = 0.21  oob_risk = 0.23   riskauc = 0.97   time = 172371389   
3220/4585   risk = 0.21  oob_risk = 0.23   riskauc = 0.97   time = 178563464   
3335/4585   risk = 0.21  oob_risk = 0.23   riskauc = 0.97   time = 184790820   
3450/4585   risk = 0.21  oob_risk = 0.23   riskauc = 0.97   time = 191039372   
3565/4585   risk = 0.21  oob_risk = 0.23   riskauc = 0.97   time = 197349579   
3680/4585   risk = 0.21  oob_risk = 0.23   riskauc = 0.97   time = 203591153   
3795/4585   risk = 0.21  oob_risk = 0.23   riskauc = 0.97   time = 209773389   
3910/4585   risk = 0.21  oob_risk = 0.23   riskauc = 0.97   time = 215951149   
4025/4585   risk = 0.21  oob_risk = 0.23   riskauc = 0.97   time = 222188131   
4140/4585   risk = 0.21  oob_risk = 0.23   riskauc = 0.97   time = 228448652   
4255/4585   risk = 0.21  oob_risk = 0.23   riskauc = 0.97   time = 234652768   
4370/4585   risk = 0.21  oob_risk = 0.23   riskauc = 0.97   time = 240971477   
4485/4585   risk = 0.21  oob_risk = 0.23   riskauc = 0.97   time = 247256558   


Train 4585 iterations in 252 Seconds.
Final risk based on the train set: 0.21

DEBUG [17:29:54.990] [mlr3]  Learner 'acc_hcwb' on task 'Task 168335: MiniBooNE (Supervised Classification)' succeeded to fit a model {learner: <LearnerClassifCompboost/LearnerClassif/Learner/R6>, result: <list>, messages: }
DEBUG [17:29:55.002] [mlr3]  Skip subsetting of task 'Task 168335: MiniBooNE (Supervised Classification)' 
DEBUG [17:29:55.005] [mlr3]  Calling train method of Learner 'acc_hcwb' on task 'Task 168335: MiniBooNE (Supervised Classification)' with 104052 observations {learner: <LearnerClassifCompboost/LearnerClassif/Learner/R6>}
   1/5000   risk = 0.56  oob_risk = 0.57   time = 3   
 125/5000   risk = 0.26  oob_risk = 0.26   time = 11177735   
 250/5000   risk = 0.21  oob_risk = 0.21   time = 22325785   
 375/5000   risk = 0.19  oob_risk = 0.2   time = 33517007   


Train 426 iterations in 38 Seconds.
Final risk based on the train set: 0.19

   1/4585   risk = 0.19  oob_risk = 0.2   time = 3   
 115/4585   risk = 0.2  oob_risk = 0.21   time = 5629441   
 230/4585   risk = 0.2  oob_risk = 0.21   time = 11263847   
 345/4585   risk = 0.2  oob_risk = 0.21   time = 16817813   
 460/4585   risk = 0.2  oob_risk = 0.21   time = 22236178   
 575/4585   risk = 0.2  oob_risk = 0.21   time = 27553991   
 690/4585   risk = 0.21  oob_risk = 0.22   time = 32979839   
 805/4585   risk = 0.21  oob_risk = 0.22   time = 38571976   
 920/4585   risk = 0.21  oob_risk = 0.22   time = 44145491   
1035/4585   risk = 0.21  oob_risk = 0.22   time = 49658947   
1150/4585   risk = 0.21  oob_risk = 0.22   time = 55177057   
1265/4585   risk = 0.21  oob_risk = 0.22   time = 60722363   
1380/4585   risk = 0.21  oob_risk = 0.22   time = 66090509   
1495/4585   risk = 0.21  oob_risk = 0.22   time = 71518088   
1610/4585   risk = 0.21  oob_risk = 0.22   time = 76919980   
1725/4585   risk = 0.21  oob_risk = 0.22   time = 82591951   
1840/4585   risk = 0.21  oob_risk = 0.22   time = 88172542   
1955/4585   risk = 0.21  oob_risk = 0.22   time = 93873976   
2070/4585   risk = 0.21  oob_risk = 0.22   time = 99559378   
2185/4585   risk = 0.21  oob_risk = 0.22   time = 105279018   
2300/4585   risk = 0.21  oob_risk = 0.22   time = 111108960   
2415/4585   risk = 0.21  oob_risk = 0.22   time = 116840022   
2530/4585   risk = 0.21  oob_risk = 0.22   time = 122611382   
2645/4585   risk = 0.21  oob_risk = 0.22   time = 128380394   
2760/4585   risk = 0.21  oob_risk = 0.23   time = 134153864   
2875/4585   risk = 0.21  oob_risk = 0.23   time = 140006751   
2990/4585   risk = 0.21  oob_risk = 0.23   time = 145757056   
3105/4585   risk = 0.21  oob_risk = 0.23   time = 151495332   
3220/4585   risk = 0.21  oob_risk = 0.23   time = 157399673   
3335/4585   risk = 0.21  oob_risk = 0.23   time = 163280380   
3450/4585   risk = 0.21  oob_risk = 0.23   time = 169128053   
3565/4585   risk = 0.21  oob_risk = 0.23   time = 174896685   
3680/4585   risk = 0.21  oob_risk = 0.23   time = 180678507   
3795/4585   risk = 0.21  oob_risk = 0.23   time = 186511328   
3910/4585   risk = 0.21  oob_risk = 0.23   time = 192402840   
4025/4585   risk = 0.21  oob_risk = 0.23   time = 198403428   
4140/4585   risk = 0.21  oob_risk = 0.23   time = 204378119   
4255/4585   risk = 0.21  oob_risk = 0.23   time = 210429562   
4370/4585   risk = 0.21  oob_risk = 0.23   time = 216405374   
4485/4585   risk = 0.21  oob_risk = 0.23   time = 222368279   


Train 4585 iterations in 227 Seconds.
Final risk based on the train set: 0.21

DEBUG [17:34:27.083] [mlr3]  Learner 'acc_hcwb' on task 'Task 168335: MiniBooNE (Supervised Classification)' succeeded to fit a model {learner: <LearnerClassifCompboost/LearnerClassif/Learner/R6>, result: <list>, messages: }

### [bt]: Job terminated successfully [batchtools job.id=135]
### [bt]: Calculation finished!
