### [bt]: This is batchtools v0.9.15
### [bt]: Starting calculation of 1 jobs
### [bt]: Setting working directory to '/home/user/repos/cacb-batchtools/eq1'
[2021-07-27 19:53:12] Loading new learner
[2021-07-27 19:53:12] Loading tasks
[2021-07-27 19:53:14] Loading resampling
### [bt]: Memory measurement disabled
### [bt]: Starting job [batchtools job.id=19]
### [bt]: Generating problem instance for problem 'spam-fold5' ...
### [bt]: Applying algorithm 'evaluate-learner' on problem 'spam-fold5' for job 19 (seed = 31434) ...
DEBUG [19:53:15.323] [mlr3]  Skip subsetting of task 'spam' 
DEBUG [19:53:15.326] [mlr3]  Calling train method of Learner 'acc_acwb' on task 'spam' with 3682 observations {learner: <LearnerClassifCompboost/LearnerClassif/Learner/R6>}
   1/5000   risk = 0.64  riskauc = 0.78   time = 2   
 125/5000   risk = 0.24  riskauc = 0.95   time = 1330854   
 250/5000   risk = 0.14  riskauc = 0.96   time = 2694831   
 375/5000   risk = 0.11  riskauc = 0.96   time = 4131095   
 500/5000   risk = 0.097  riskauc = 0.95   time = 5489786   
 625/5000   risk = 0.091  riskauc = 0.95   time = 6998161   
 750/5000   risk = 0.087  riskauc = 0.94   time = 8473318   
 875/5000   risk = 0.084  riskauc = 0.94   time = 10049921   
1000/5000   risk = 0.081  riskauc = 0.94   time = 11456988   
1125/5000   risk = 0.079  riskauc = 0.94   time = 12904282   
1250/5000   risk = 0.077  riskauc = 0.94   time = 14471439   
1375/5000   risk = 0.076  riskauc = 0.93   time = 15783281   
1500/5000   risk = 0.075  riskauc = 0.93   time = 17141875   
1625/5000   risk = 0.074  riskauc = 0.93   time = 18502887   
1750/5000   risk = 0.073  riskauc = 0.92   time = 19960178   
1875/5000   risk = 0.072  riskauc = 0.92   time = 21362214   
2000/5000   risk = 0.072  riskauc = 0.92   time = 22838056   
2125/5000   risk = 0.072  riskauc = 0.92   time = 24311563   
2250/5000   risk = 0.071  riskauc = 0.92   time = 25738231   
2375/5000   risk = 0.071  riskauc = 0.92   time = 27182256   
2500/5000   risk = 0.07  riskauc = 0.92   time = 28871310   
2625/5000   risk = 0.07  riskauc = 0.92   time = 30457985   
2750/5000   risk = 0.069  riskauc = 0.92   time = 31984696   
2875/5000   risk = 0.069  riskauc = 0.92   time = 33580116   
3000/5000   risk = 0.069  riskauc = 0.92   time = 35333036   
3125/5000   risk = 0.069  riskauc = 0.92   time = 36931079   
3250/5000   risk = 0.069  riskauc = 0.92   time = 38529140   
3375/5000   risk = 0.069  riskauc = 0.92   time = 40076657   
3500/5000   risk = 0.069  riskauc = 0.92   time = 41615450   
3625/5000   risk = 0.069  riskauc = 0.92   time = 43204399   
3750/5000   risk = 0.068  riskauc = 0.91   time = 44818105   
3875/5000   risk = 0.068  riskauc = 0.91   time = 46410454   
4000/5000   risk = 0.068  riskauc = 0.91   time = 47944741   
4125/5000   risk = 0.068  riskauc = 0.91   time = 49417917   
4250/5000   risk = 0.068  riskauc = 0.91   time = 51065873   
4375/5000   risk = 0.068  riskauc = 0.91   time = 52706153   
4500/5000   risk = 0.068  riskauc = 0.91   time = 54340268   
4625/5000   risk = 0.069  riskauc = 0.91   time = 55835588   
4750/5000   risk = 0.069  riskauc = 0.91   time = 57453832   
4875/5000   risk = 0.068  riskauc = 0.91   time = 58921701   
5000/5000   risk = 0.068  riskauc = 0.91   time = 60548586   


Train 5000 iterations in 60 Seconds.
Final risk based on the train set: 0.068

DEBUG [19:54:18.558] [mlr3]  Learner 'acc_acwb' on task 'spam' succeeded to fit a model {learner: <LearnerClassifCompboost/LearnerClassif/Learner/R6>, result: <list>, messages: }
DEBUG [19:54:18.572] [mlr3]  Skip subsetting of task 'spam' 
DEBUG [19:54:18.576] [mlr3]  Calling train method of Learner 'acc_acwb' on task 'spam' with 3682 observations {learner: <LearnerClassifCompboost/LearnerClassif/Learner/R6>}
   1/5000   risk = 0.64  time = 2   
 125/5000   risk = 0.24  time = 1249367   
 250/5000   risk = 0.14  time = 2687145   
 375/5000   risk = 0.11  time = 4000561   
 500/5000   risk = 0.097  time = 5339687   
 625/5000   risk = 0.091  time = 6669049   
 750/5000   risk = 0.087  time = 7983558   
 875/5000   risk = 0.084  time = 9316007   
1000/5000   risk = 0.081  time = 10665911   
1125/5000   risk = 0.079  time = 11977175   
1250/5000   risk = 0.077  time = 13306978   
1375/5000   risk = 0.076  time = 14717912   
1500/5000   risk = 0.075  time = 16065029   
1625/5000   risk = 0.074  time = 17477038   
1750/5000   risk = 0.073  time = 18970963   
1875/5000   risk = 0.072  time = 20381109   
2000/5000   risk = 0.072  time = 21809854   
2125/5000   risk = 0.072  time = 23192163   
2250/5000   risk = 0.071  time = 24568404   
2375/5000   risk = 0.071  time = 25931852   
2500/5000   risk = 0.07  time = 27284930   
2625/5000   risk = 0.07  time = 28852166   
2750/5000   risk = 0.069  time = 30252475   
2875/5000   risk = 0.069  time = 31600220   
3000/5000   risk = 0.069  time = 33105158   
3125/5000   risk = 0.069  time = 34455799   
3250/5000   risk = 0.069  time = 35832562   
3375/5000   risk = 0.069  time = 37173548   
3500/5000   risk = 0.069  time = 38573215   
3625/5000   risk = 0.069  time = 40017300   
3750/5000   risk = 0.068  time = 41404646   
3875/5000   risk = 0.068  time = 42809995   
4000/5000   risk = 0.068  time = 44215501   
4125/5000   risk = 0.068  time = 45646098   
4250/5000   risk = 0.068  time = 47041988   
4375/5000   risk = 0.068  time = 48517294   
4500/5000   risk = 0.068  time = 50074064   
4625/5000   risk = 0.069  time = 51635758   
4750/5000   risk = 0.069  time = 53339279   
4875/5000   risk = 0.068  time = 54765894   
5000/5000   risk = 0.068  time = 56275129   


Train 5000 iterations in 56 Seconds.
Final risk based on the train set: 0.068

DEBUG [19:55:17.542] [mlr3]  Learner 'acc_acwb' on task 'spam' succeeded to fit a model {learner: <LearnerClassifCompboost/LearnerClassif/Learner/R6>, result: <list>, messages: }

### [bt]: Job terminated successfully [batchtools job.id=19]
### [bt]: Calculation finished!
