### [bt]: This is batchtools v0.9.15
### [bt]: Starting calculation of 1 jobs
### [bt]: Setting working directory to '/home/user/repos/cacb-batchtools/eq1'
[2021-07-25 20:52:54] Loading new learner
[2021-07-25 20:52:54] Loading tasks
[2021-07-25 20:52:57] Loading resampling
### [bt]: Memory measurement disabled
### [bt]: Starting job [batchtools job.id=38]
### [bt]: Generating problem instance for problem '7592-fold3' ...
### [bt]: Applying algorithm 'evaluate-learner' on problem '7592-fold3' for job 38 (seed = 31453) ...
DEBUG [20:52:58.274] [mlr3]  Skip subsetting of task 'Task 7592: adult (Supervised Classification)' 
DEBUG [20:52:58.277] [mlr3]  Calling train method of Learner 'acc_cwb' on task 'Task 7592: adult (Supervised Classification)' with 39074 observations {learner: <LearnerClassifCompboost/LearnerClassif/Learner/R6>}
Warning in get_private(learner)$.train(task) :
  Number of cores 30 exceeds number of features 14. The number of cores are set to 14!
INFO  [20:52:58.349] [mlr3]  [LGCOMPBOOST] Running compboost with df 5.000000 and df_cat 2.000000 
   1/5000   risk = 0.55  riskauc = 0.78   time = 3   
 125/5000   risk = 0.45  riskauc = 0.87   time = 1648207   
 250/5000   risk = 0.42  riskauc = 0.88   time = 3352287   
 375/5000   risk = 0.4  riskauc = 0.88   time = 4911626   
 500/5000   risk = 0.38  riskauc = 0.89   time = 6405210   
 625/5000   risk = 0.37  riskauc = 0.89   time = 8185508   
 750/5000   risk = 0.37  riskauc = 0.9   time = 10867182   
 875/5000   risk = 0.36  riskauc = 0.9   time = 12665777   
1000/5000   risk = 0.36  riskauc = 0.9   time = 14533477   
1125/5000   risk = 0.35  riskauc = 0.9   time = 16314628   
1250/5000   risk = 0.35  riskauc = 0.9   time = 18052236   
1375/5000   risk = 0.35  riskauc = 0.9   time = 19805796   
1500/5000   risk = 0.35  riskauc = 0.9   time = 21197979   
1625/5000   risk = 0.34  riskauc = 0.9   time = 22547335   
1750/5000   risk = 0.34  riskauc = 0.9   time = 23858128   
1875/5000   risk = 0.34  riskauc = 0.9   time = 25147693   
2000/5000   risk = 0.34  riskauc = 0.9   time = 26563016   
2125/5000   risk = 0.34  riskauc = 0.91   time = 27884727   
2250/5000   risk = 0.34  riskauc = 0.91   time = 29303755   
2375/5000   risk = 0.34  riskauc = 0.91   time = 30683505   
2500/5000   risk = 0.34  riskauc = 0.91   time = 32072808   
2625/5000   risk = 0.34  riskauc = 0.91   time = 33462041   
2750/5000   risk = 0.34  riskauc = 0.91   time = 34856141   
2875/5000   risk = 0.34  riskauc = 0.91   time = 36251898   
3000/5000   risk = 0.34  riskauc = 0.91   time = 37706594   
3125/5000   risk = 0.34  riskauc = 0.91   time = 39210199   
3250/5000   risk = 0.34  riskauc = 0.91   time = 40631006   
3375/5000   risk = 0.34  riskauc = 0.91   time = 41992209   
3500/5000   risk = 0.34  riskauc = 0.91   time = 43342342   
3625/5000   risk = 0.34  riskauc = 0.91   time = 44798348   
3750/5000   risk = 0.34  riskauc = 0.91   time = 46428535   
3875/5000   risk = 0.34  riskauc = 0.91   time = 48063059   
4000/5000   risk = 0.34  riskauc = 0.91   time = 49686979   
4125/5000   risk = 0.34  riskauc = 0.91   time = 51339891   
4250/5000   risk = 0.34  riskauc = 0.91   time = 53035493   
4375/5000   risk = 0.34  riskauc = 0.91   time = 54703423   
4500/5000   risk = 0.35  riskauc = 0.91   time = 56365604   
4625/5000   risk = 0.35  riskauc = 0.91   time = 57732488   
4750/5000   risk = 0.35  riskauc = 0.91   time = 59073093   
4875/5000   risk = 0.35  riskauc = 0.91   time = 60411837   
5000/5000   risk = 0.35  riskauc = 0.91   time = 61711303   


Train 5000 iterations in 61 Seconds.
Final risk based on the train set: 0.35

INFO  [20:54:07.627] [mlr3]  [LGCOMPBOOST] iterations:'stop_cwb',5000,'stop_acwb',NA,'stop_hcwb',NA 
INFO  [20:54:07.631] [mlr3]  [LGCOMPBOOST] risk_inbag:'risk_intercept',0.550260,'risk_cwb',0.346179,'risk_acwb',NA,'risk_hcwb',NA 
INFO  [20:54:07.633] [mlr3]  [LGCOMPBOOST] risk_oob:'risk_intercept_oob',NA,'risk_cwb_oob',NA,'risk_acwb_oob',NA,'risk_hcwb_oob',NA 
DEBUG [20:54:07.639] [mlr3]  Learner 'acc_cwb' on task 'Task 7592: adult (Supervised Classification)' succeeded to fit a model {learner: <LearnerClassifCompboost/LearnerClassif/Learner/R6>, result: <list>, messages: }
DEBUG [20:54:07.655] [mlr3]  Skip subsetting of task 'Task 7592: adult (Supervised Classification)' 
DEBUG [20:54:07.658] [mlr3]  Calling train method of Learner 'acc_cwb' on task 'Task 7592: adult (Supervised Classification)' with 39074 observations {learner: <LearnerClassifCompboost/LearnerClassif/Learner/R6>}
Warning in get_private(learner)$.train(task) :
  Number of cores 30 exceeds number of features 14. The number of cores are set to 14!
INFO  [20:54:07.737] [mlr3]  [LGCOMPBOOST] Running compboost with df 5.000000 and df_cat 2.000000 
   1/5000   risk = 0.55  time = 2   
 125/5000   risk = 0.45  time = 846810   
 250/5000   risk = 0.42  time = 1678425   
 375/5000   risk = 0.4  time = 2486418   
 500/5000   risk = 0.38  time = 3307192   
 625/5000   risk = 0.37  time = 4115390   
 750/5000   risk = 0.37  time = 4924404   
 875/5000   risk = 0.36  time = 5750216   
1000/5000   risk = 0.36  time = 6573912   
1125/5000   risk = 0.35  time = 7378990   
1250/5000   risk = 0.35  time = 8198171   
1375/5000   risk = 0.35  time = 9023024   
1500/5000   risk = 0.35  time = 9788714   
1625/5000   risk = 0.34  time = 10504086   
1750/5000   risk = 0.34  time = 11215796   
1875/5000   risk = 0.34  time = 11934236   
2000/5000   risk = 0.34  time = 12671546   
2125/5000   risk = 0.34  time = 13394869   
2250/5000   risk = 0.34  time = 14137218   
2375/5000   risk = 0.34  time = 14880935   
2500/5000   risk = 0.34  time = 15637881   
2625/5000   risk = 0.34  time = 16413902   
2750/5000   risk = 0.34  time = 17204863   
2875/5000   risk = 0.34  time = 18010879   
3000/5000   risk = 0.34  time = 18801462   
3125/5000   risk = 0.34  time = 19610594   
3250/5000   risk = 0.34  time = 20468022   
3375/5000   risk = 0.34  time = 21279846   
3500/5000   risk = 0.34  time = 22043751   
3625/5000   risk = 0.34  time = 22799778   
3750/5000   risk = 0.34  time = 23552232   
3875/5000   risk = 0.34  time = 24323096   
4000/5000   risk = 0.34  time = 25091054   
4125/5000   risk = 0.34  time = 25885033   
4250/5000   risk = 0.34  time = 26691219   
4375/5000   risk = 0.34  time = 27495555   
4500/5000   risk = 0.35  time = 28285926   
4625/5000   risk = 0.35  time = 29083608   
4750/5000   risk = 0.35  time = 30078426   
4875/5000   risk = 0.35  time = 31222511   
5000/5000   risk = 0.35  time = 32272006   


Train 5000 iterations in 32 Seconds.
Final risk based on the train set: 0.35

INFO  [20:54:47.129] [mlr3]  [LGCOMPBOOST] iterations:'stop_cwb',5000,'stop_acwb',NA,'stop_hcwb',NA 
INFO  [20:54:47.133] [mlr3]  [LGCOMPBOOST] risk_inbag:'risk_intercept',0.550260,'risk_cwb',0.346179,'risk_acwb',NA,'risk_hcwb',NA 
INFO  [20:54:47.135] [mlr3]  [LGCOMPBOOST] risk_oob:'risk_intercept_oob',NA,'risk_cwb_oob',NA,'risk_acwb_oob',NA,'risk_hcwb_oob',NA 
DEBUG [20:54:47.141] [mlr3]  Learner 'acc_cwb' on task 'Task 7592: adult (Supervised Classification)' succeeded to fit a model {learner: <LearnerClassifCompboost/LearnerClassif/Learner/R6>, result: <list>, messages: }

### [bt]: Job terminated successfully [batchtools job.id=38]
### [bt]: Calculation finished!
