### [bt]: This is batchtools v0.9.15
### [bt]: Starting calculation of 1 jobs
### [bt]: Setting working directory to '/home/user/repos/cacb-batchtools/eq1'
[2021-07-18] Loading new learner
[2021-07-18 22:22:07] Loading tasks
[2021-07-18 22:22:10] Loading resampling
### [bt]: Memory measurement disabled
### [bt]: Starting job [batchtools job.id=47]
### [bt]: Generating problem instance for problem '7592-fold5' ...
### [bt]: Applying algorithm 'evaluate-learner' on problem '7592-fold5' for job 47 (seed = 31462) ...
DEBUG [22:22:10.930] [mlr3]  Skip subsetting of task 'Task 7592: adult (Supervised Classification)' 
DEBUG [22:22:10.933] [mlr3]  Calling train method of Learner 'removeconstants_before.imputemedian_num.imputemode_fct.collapsefactors.removeconstants_after.bin_cwb_b' on task 'Task 7592: adult (Supervised Classification)' with 39074 observations {learner: <GraphLearner/Learner/R6>}
DEBUG [22:22:10.953] Running PipeOp 'removeconstants_before$train()' {pipeop: <PipeOpRemoveConstants/PipeOpTaskPreprocSimple/PipeOpTaskPreproc/PipeOp/R6>, input: <list>}
DEBUG [22:22:11.017] Running PipeOp 'imputemedian_num$train()' {pipeop: <PipeOpImputeMedian/PipeOpImpute/PipeOp/R6>, input: <list>}
DEBUG [22:22:11.057] Running PipeOp 'imputemode_fct$train()' {pipeop: <PipeOpImputeMode/PipeOpImpute/PipeOp/R6>, input: <list>}
DEBUG [22:22:11.160] Running PipeOp 'collapsefactors$train()' {pipeop: <PipeOpCollapseFactors/PipeOpTaskPreprocSimple/PipeOpTaskPreproc/PipeOp/R6>, input: <list>}
DEBUG [22:22:11.287] Running PipeOp 'removeconstants_after$train()' {pipeop: <PipeOpRemoveConstants/PipeOpTaskPreprocSimple/PipeOpTaskPreproc/PipeOp/R6>, input: <list>}
DEBUG [22:22:11.749] Running PipeOp 'bin_cwb_b$train()' {pipeop: <PipeOpLearner/PipeOp/R6>, input: <list>}
DEBUG [22:22:11.757] [mlr3]  Skip subsetting of task 'Task 7592: adult (Supervised Classification)' 
DEBUG [22:22:11.761] [mlr3]  Calling train method of Learner 'bin_cwb_b' on task 'Task 7592: adult (Supervised Classification)' with 39074 observations {learner: <LearnerClassifCompboost/LearnerClassif/Learner/R6>}
Warning in get_private(learner)$.train(task) :
  Number of cores 30 exceeds number of features 14. The number of cores are set to 14!
INFO  [22:22:11.839] [mlr3]  [LGCOMPBOOST] Running compboost with df 5.000000 and df_cat 2.000000 
   1/5000   risk = 0.54  time = 3   
 125/5000   risk = 0.35  time = 561086   
 250/5000   risk = 0.34  time = 1059685   
 375/5000   risk = 0.34  time = 1523525   
 500/5000   risk = 0.35  time = 1982162   
 625/5000   risk = 0.35  time = 2446259   
 750/5000   risk = 0.35  time = 2903633   
 875/5000   risk = 0.35  time = 3363761   
1000/5000   risk = 0.35  time = 3821954   
1125/5000   risk = 0.35  time = 4264729   
1250/5000   risk = 0.35  time = 4706878   
1375/5000   risk = 0.35  time = 5193880   
1500/5000   risk = 0.35  time = 5701250   
1625/5000   risk = 0.35  time = 6208451   
1750/5000   risk = 0.36  time = 6724103   
1875/5000   risk = 0.36  time = 7238086   
2000/5000   risk = 0.36  time = 7735512   
2125/5000   risk = 0.36  time = 8243858   
2250/5000   risk = 0.36  time = 8745848   
2375/5000   risk = 0.36  time = 9190277   
2500/5000   risk = 0.36  time = 9622294   
2625/5000   risk = 0.36  time = 10064578   
2750/5000   risk = 0.36  time = 10520814   
2875/5000   risk = 0.36  time = 10973125   
3000/5000   risk = 0.36  time = 11410282   
3125/5000   risk = 0.36  time = 11831337   
3250/5000   risk = 0.36  time = 12241497   
3375/5000   risk = 0.36  time = 12669734   
3500/5000   risk = 0.36  time = 13088264   
3625/5000   risk = 0.36  time = 13511506   
3750/5000   risk = 0.36  time = 13947335   
3875/5000   risk = 0.36  time = 14417144   
4000/5000   risk = 0.36  time = 14898030   
4125/5000   risk = 0.36  time = 15394814   
4250/5000   risk = 0.36  time = 15854800   
4375/5000   risk = 0.36  time = 16296580   
4500/5000   risk = 0.36  time = 16727653   
4625/5000   risk = 0.36  time = 17179959   
4750/5000   risk = 0.36  time = 17625727   
4875/5000   risk = 0.36  time = 18083375   
5000/5000   risk = 0.36  time = 18559029   


Train 5000 iterations in 18 Seconds.
Final risk based on the train set: 0.36

INFO  [22:22:39.015] [mlr3]  [LGCOMPBOOST] iterations:'stop_cwb',5000,'stop_acwb',NA,'stop_hcwb',NA 
INFO  [22:22:39.018] [mlr3]  [LGCOMPBOOST] risk_inbag:'risk_intercept',0.550260,'risk_cwb',0.357589,'risk_acwb',NA,'risk_hcwb',NA 
INFO  [22:22:39.020] [mlr3]  [LGCOMPBOOST] risk_oob:'risk_intercept_oob',NA,'risk_cwb_oob',NA,'risk_acwb_oob',NA,'risk_hcwb_oob',NA 
DEBUG [22:22:39.025] [mlr3]  Learner 'bin_cwb_b' on task 'Task 7592: adult (Supervised Classification)' succeeded to fit a model {learner: <LearnerClassifCompboost/LearnerClassif/Learner/R6>, result: <list>, messages: }
DEBUG [22:22:39.044] [mlr3]  Learner 'removeconstants_before.imputemedian_num.imputemode_fct.collapsefactors.removeconstants_after.bin_cwb_b' on task 'Task 7592: adult (Supervised Classification)' succeeded to fit a model {learner: <GraphLearner/Learner/R6>, result: <list>, messages: }
[2021-07-18 22:22:43] (1/1250) Processing iter 4
DEBUG [22:22:43.188] [mlr3]  Skip subsetting of task 'Task 7592: adult (Supervised Classification)' 
DEBUG [22:22:43.191] [mlr3]  Calling predict method of Learner 'removeconstants_before.imputemedian_num.imputemode_fct.collapsefactors.removeconstants_after.bin_cwb_b' on task 'Task 7592: adult (Supervised Classification)' with 39074 observations {learner: <GraphLearner/Learner/R6>}
DEBUG [22:22:43.215] Running PipeOp 'removeconstants_before$predict()' {pipeop: <PipeOpRemoveConstants/PipeOpTaskPreprocSimple/PipeOpTaskPreproc/PipeOp/R6>, input: <list>}
DEBUG [22:22:43.234] Running PipeOp 'imputemedian_num$predict()' {pipeop: <PipeOpImputeMedian/PipeOpImpute/PipeOp/R6>, input: <list>}
DEBUG [22:22:43.256] Running PipeOp 'imputemode_fct$predict()' {pipeop: <PipeOpImputeMode/PipeOpImpute/PipeOp/R6>, input: <list>}
DEBUG [22:22:43.316] Running PipeOp 'collapsefactors$predict()' {pipeop: <PipeOpCollapseFactors/PipeOpTaskPreprocSimple/PipeOpTaskPreproc/PipeOp/R6>, input: <list>}
DEBUG [22:22:43.393] Running PipeOp 'removeconstants_after$predict()' {pipeop: <PipeOpRemoveConstants/PipeOpTaskPreprocSimple/PipeOpTaskPreproc/PipeOp/R6>, input: <list>}
DEBUG [22:22:43.412] Running PipeOp 'bin_cwb_b$predict()' {pipeop: <PipeOpLearner/PipeOp/R6>, input: <list>}
DEBUG [22:22:43.421] [mlr3]  Skip subsetting of task 'Task 7592: adult (Supervised Classification)' 
DEBUG [22:22:43.424] [mlr3]  Calling predict method of Learner 'bin_cwb_b' on task 'Task 7592: adult (Supervised Classification)' with 39074 observations {learner: <LearnerClassifCompboost/LearnerClassif/Learner/R6>}
DEBUG [22:22:43.661] [mlr3]  Learner 'bin_cwb_b' returned an object of class 'PredictionDataClassif' {learner: <LearnerClassifCompboost/LearnerClassif/Learner/R6>, prediction: <PredictionDataClassif/PredictionData>, messages: }
DEBUG [22:22:43.673] [mlr3]  Learner 'removeconstants_before.imputemedian_num.imputemode_fct.collapsefactors.removeconstants_after.bin_cwb_b' returned an object of class 'PredictionDataClassif' {learner: <GraphLearner/Learner/R6>, prediction: <PredictionDataClassif/PredictionData>, messages: }
DEBUG [22:22:43.711] [mlr3]  Skip subsetting of task 'Task 7592: adult (Supervised Classification)' 
DEBUG [22:22:43.715] [mlr3]  Calling predict method of Learner 'removeconstants_before.imputemedian_num.imputemode_fct.collapsefactors.removeconstants_after.bin_cwb_b' on task 'Task 7592: adult (Supervised Classification)' with 9768 observations {learner: <GraphLearner/Learner/R6>}
DEBUG [22:22:43.787] Running PipeOp 'removeconstants_before$predict()' {pipeop: <PipeOpRemoveConstants/PipeOpTaskPreprocSimple/PipeOpTaskPreproc/PipeOp/R6>, input: <list>}
DEBUG [22:22:43.807] Running PipeOp 'imputemedian_num$predict()' {pipeop: <PipeOpImputeMedian/PipeOpImpute/PipeOp/R6>, input: <list>}
DEBUG [22:22:43.830] Running PipeOp 'imputemode_fct$predict()' {pipeop: <PipeOpImputeMode/PipeOpImpute/PipeOp/R6>, input: <list>}
DEBUG [22:22:43.875] Running PipeOp 'collapsefactors$predict()' {pipeop: <PipeOpCollapseFactors/PipeOpTaskPreprocSimple/PipeOpTaskPreproc/PipeOp/R6>, input: <list>}
DEBUG [22:22:43.921] Running PipeOp 'removeconstants_after$predict()' {pipeop: <PipeOpRemoveConstants/PipeOpTaskPreprocSimple/PipeOpTaskPreproc/PipeOp/R6>, input: <list>}
DEBUG [22:22:43.941] Running PipeOp 'bin_cwb_b$predict()' {pipeop: <PipeOpLearner/PipeOp/R6>, input: <list>}
DEBUG [22:22:43.950] [mlr3]  Skip subsetting of task 'Task 7592: adult (Supervised Classification)' 
DEBUG [22:22:43.954] [mlr3]  Calling predict method of Learner 'bin_cwb_b' on task 'Task 7592: adult (Supervised Classification)' with 9768 observations {learner: <LearnerClassifCompboost/LearnerClassif/Learner/R6>}
DEBUG [22:22:44.076] [mlr3]  Learner 'bin_cwb_b' returned an object of class 'PredictionDataClassif' {learner: <LearnerClassifCompboost/LearnerClassif/Learner/R6>, prediction: <PredictionDataClassif/PredictionData>, messages: }
DEBUG [22:22:44.085] [mlr3]  Learner 'removeconstants_before.imputemedian_num.imputemode_fct.collapsefactors.removeconstants_after.bin_cwb_b' returned an object of class 'PredictionDataClassif' {learner: <GraphLearner/Learner/R6>, prediction: <PredictionDataClassif/PredictionData>, messages: }
[2021-07-18 22:22:44] (2/1250) Processing iter 8
Error in self$model$setToIteration(iteration, trace) : 
  addition: incompatible matrix dimensions: 39074x1 and 197x1

### [bt]: Job terminated with an exception [batchtools job.id=47]
### [bt]: Calculation finished!
