### [bt]: This is batchtools v0.9.15
### [bt]: Starting calculation of 1 jobs
### [bt]: Setting working directory to '/home/user/repos/cacb-batchtools/eq1'
[2021-07-28 22:02:32] Loading new learner
[2021-07-28 22:02:32] Loading tasks
[2021-07-28 22:02:34] Loading resampling
### [bt]: Memory measurement disabled
### [bt]: Starting job [batchtools job.id=88]
### [bt]: Generating problem instance for problem '168908-fold2' ...
### [bt]: Applying algorithm 'evaluate-learner' on problem '168908-fold2' for job 88 (seed = 31503) ...
DEBUG [22:02:36.177] [mlr3]  Skip subsetting of task 'Task 168908: christine (Supervised Classification)' 
DEBUG [22:02:36.180] [mlr3]  Calling train method of Learner 'acc_hcwb' on task 'Task 168908: christine (Supervised Classification)' with 4334 observations {learner: <LearnerClassifCompboost/LearnerClassif/Learner/R6>}
   1/5000   risk = 0.68  oob_risk = 0.68   riskauc = 0.71   time = 2   


Train 72 iterations in 3 Seconds.
Final risk based on the train set: 0.48

   1/4939   risk = 0.5  oob_risk = 0.54   riskauc = 0.8   time = 2   
 123/4939   risk = 0.51  oob_risk = 0.56   riskauc = 0.8   time = 3173847   
 246/4939   risk = 0.5  oob_risk = 0.57   riskauc = 0.8   time = 6387100   
 369/4939   risk = 0.49  oob_risk = 0.57   riskauc = 0.8   time = 9669220   
 492/4939   risk = 0.48  oob_risk = 0.58   riskauc = 0.8   time = 12830829   
 615/4939   risk = 0.47  oob_risk = 0.58   riskauc = 0.81   time = 16144947   
 738/4939   risk = 0.46  oob_risk = 0.58   riskauc = 0.81   time = 19318940   
 861/4939   risk = 0.45  oob_risk = 0.59   riskauc = 0.81   time = 22515502   
 984/4939   risk = 0.44  oob_risk = 0.59   riskauc = 0.81   time = 25751050   
1107/4939   risk = 0.43  oob_risk = 0.59   riskauc = 0.81   time = 28918797   
1230/4939   risk = 0.42  oob_risk = 0.6   riskauc = 0.81   time = 32119728   
1353/4939   risk = 0.41  oob_risk = 0.6   riskauc = 0.81   time = 35242388   
1476/4939   risk = 0.4  oob_risk = 0.6   riskauc = 0.81   time = 38396313   
1599/4939   risk = 0.4  oob_risk = 0.61   riskauc = 0.81   time = 41559139   
1722/4939   risk = 0.39  oob_risk = 0.61   riskauc = 0.81   time = 44681777   
1845/4939   risk = 0.38  oob_risk = 0.61   riskauc = 0.81   time = 47894610   
1968/4939   risk = 0.38  oob_risk = 0.62   riskauc = 0.81   time = 51047379   
2091/4939   risk = 0.37  oob_risk = 0.62   riskauc = 0.81   time = 54201564   
2214/4939   risk = 0.36  oob_risk = 0.62   riskauc = 0.81   time = 57390229   
2337/4939   risk = 0.36  oob_risk = 0.62   riskauc = 0.81   time = 60506705   
2460/4939   risk = 0.35  oob_risk = 0.62   riskauc = 0.81   time = 63762182   
2583/4939   risk = 0.35  oob_risk = 0.63   riskauc = 0.81   time = 67045162   
2706/4939   risk = 0.34  oob_risk = 0.63   riskauc = 0.81   time = 70305431   
2829/4939   risk = 0.34  oob_risk = 0.63   riskauc = 0.81   time = 73514868   
2952/4939   risk = 0.33  oob_risk = 0.63   riskauc = 0.81   time = 76719654   
3075/4939   risk = 0.33  oob_risk = 0.64   riskauc = 0.81   time = 79823183   
3198/4939   risk = 0.32  oob_risk = 0.64   riskauc = 0.81   time = 83045774   
3321/4939   risk = 0.32  oob_risk = 0.64   riskauc = 0.81   time = 86233156   
3444/4939   risk = 0.31  oob_risk = 0.64   riskauc = 0.81   time = 89513568   
3567/4939   risk = 0.31  oob_risk = 0.64   riskauc = 0.81   time = 92867230   
3690/4939   risk = 0.3  oob_risk = 0.65   riskauc = 0.81   time = 96046205   
3813/4939   risk = 0.3  oob_risk = 0.65   riskauc = 0.81   time = 99226955   
3936/4939   risk = 0.3  oob_risk = 0.65   riskauc = 0.81   time = 102695583   
4059/4939   risk = 0.29  oob_risk = 0.65   riskauc = 0.81   time = 105937895   
4182/4939   risk = 0.29  oob_risk = 0.66   riskauc = 0.81   time = 109208536   
4305/4939   risk = 0.28  oob_risk = 0.66   riskauc = 0.8   time = 112461215   
4428/4939   risk = 0.28  oob_risk = 0.66   riskauc = 0.8   time = 115809884   
4551/4939   risk = 0.28  oob_risk = 0.66   riskauc = 0.8   time = 119066637   
4674/4939   risk = 0.27  oob_risk = 0.67   riskauc = 0.8   time = 122363182   
4797/4939   risk = 0.27  oob_risk = 0.67   riskauc = 0.8   time = 125814384   
4920/4939   risk = 0.27  oob_risk = 0.67   riskauc = 0.8   time = 129102914   


Train 4939 iterations in 129 Seconds.
Final risk based on the train set: 0.27

DEBUG [22:05:09.071] [mlr3]  Learner 'acc_hcwb' on task 'Task 168908: christine (Supervised Classification)' succeeded to fit a model {learner: <LearnerClassifCompboost/LearnerClassif/Learner/R6>, result: <list>, messages: }
DEBUG [22:05:09.086] [mlr3]  Skip subsetting of task 'Task 168908: christine (Supervised Classification)' 
DEBUG [22:05:09.090] [mlr3]  Calling train method of Learner 'acc_hcwb' on task 'Task 168908: christine (Supervised Classification)' with 4334 observations {learner: <LearnerClassifCompboost/LearnerClassif/Learner/R6>}
   1/5000   risk = 0.68  oob_risk = 0.68   time = 3   


Train 72 iterations in 3 Seconds.
Final risk based on the train set: 0.48

   1/4939   risk = 0.5  oob_risk = 0.54   time = 5   
 123/4939   risk = 0.51  oob_risk = 0.56   time = 3169643   
 246/4939   risk = 0.5  oob_risk = 0.57   time = 6418815   
 369/4939   risk = 0.49  oob_risk = 0.57   time = 9572880   
 492/4939   risk = 0.48  oob_risk = 0.58   time = 12709808   
 615/4939   risk = 0.47  oob_risk = 0.58   time = 15896032   
 738/4939   risk = 0.46  oob_risk = 0.58   time = 19091767   
 861/4939   risk = 0.45  oob_risk = 0.59   time = 22499001   
 984/4939   risk = 0.44  oob_risk = 0.59   time = 25768282   
1107/4939   risk = 0.43  oob_risk = 0.59   time = 29113257   
1230/4939   risk = 0.42  oob_risk = 0.6   time = 32351613   
1353/4939   risk = 0.41  oob_risk = 0.6   time = 35551852   
1476/4939   risk = 0.4  oob_risk = 0.6   time = 38941934   
1599/4939   risk = 0.4  oob_risk = 0.61   time = 42194893   
1722/4939   risk = 0.39  oob_risk = 0.61   time = 45350156   
1845/4939   risk = 0.38  oob_risk = 0.61   time = 48638140   
1968/4939   risk = 0.38  oob_risk = 0.62   time = 51969981   
2091/4939   risk = 0.37  oob_risk = 0.62   time = 55168331   
2214/4939   risk = 0.36  oob_risk = 0.62   time = 58400166   
2337/4939   risk = 0.36  oob_risk = 0.62   time = 61625138   
2460/4939   risk = 0.35  oob_risk = 0.62   time = 64973294   
2583/4939   risk = 0.35  oob_risk = 0.63   time = 68243385   
2706/4939   risk = 0.34  oob_risk = 0.63   time = 71410212   
2829/4939   risk = 0.34  oob_risk = 0.63   time = 74646547   
2952/4939   risk = 0.33  oob_risk = 0.63   time = 77920112   
3075/4939   risk = 0.33  oob_risk = 0.64   time = 81183398   
3198/4939   risk = 0.32  oob_risk = 0.64   time = 84502447   
3321/4939   risk = 0.32  oob_risk = 0.64   time = 87743949   
3444/4939   risk = 0.31  oob_risk = 0.64   time = 91016360   
3567/4939   risk = 0.31  oob_risk = 0.64   time = 94335082   
3690/4939   risk = 0.3  oob_risk = 0.65   time = 97651435   
3813/4939   risk = 0.3  oob_risk = 0.65   time = 100866881   
3936/4939   risk = 0.3  oob_risk = 0.65   time = 104114400   
4059/4939   risk = 0.29  oob_risk = 0.65   time = 107424643   
4182/4939   risk = 0.29  oob_risk = 0.66   time = 110734688   
4305/4939   risk = 0.28  oob_risk = 0.66   time = 114092427   
4428/4939   risk = 0.28  oob_risk = 0.66   time = 117454476   
4551/4939   risk = 0.28  oob_risk = 0.66   time = 120643420   
4674/4939   risk = 0.27  oob_risk = 0.67   time = 123868046   
4797/4939   risk = 0.27  oob_risk = 0.67   time = 127174452   
4920/4939   risk = 0.27  oob_risk = 0.67   time = 130412000   


Train 4939 iterations in 130 Seconds.
Final risk based on the train set: 0.27

DEBUG [22:07:42.736] [mlr3]  Learner 'acc_hcwb' on task 'Task 168908: christine (Supervised Classification)' succeeded to fit a model {learner: <LearnerClassifCompboost/LearnerClassif/Learner/R6>, result: <list>, messages: }

### [bt]: Job terminated successfully [batchtools job.id=88]
### [bt]: Calculation finished!
