### [bt]: This is batchtools v0.9.15
### [bt]: Starting calculation of 1 jobs
### [bt]: Setting working directory to '/home/user/repos/cacb-batchtools/eq1'
[2021-07-26 00:04:05] Loading new learner
[2021-07-26 00:04:05] Loading tasks
[2021-07-26 00:04:08] Loading resampling
### [bt]: Memory measurement disabled
### [bt]: Starting job [batchtools job.id=9]
### [bt]: Generating problem instance for problem 'spam-fold2' ...
### [bt]: Applying algorithm 'evaluate-learner' on problem 'spam-fold2' for job 9 (seed = 31424) ...
DEBUG [00:04:09.322] [mlr3]  Skip subsetting of task 'spam' 
DEBUG [00:04:09.325] [mlr3]  Calling train method of Learner 'acc_acwb' on task 'spam' with 3680 observations {learner: <LearnerClassifCompboost/LearnerClassif/Learner/R6>}
INFO  [00:04:09.335] [mlr3]  [LGCOMPBOOST] Running compboost with df 20.000000 and df_cat 1.000000 
   1/5000   risk = 0.67  riskauc = 0.8   time = 2   
 125/5000   risk = 0.53  riskauc = 0.9   time = 1452554   
 250/5000   risk = 0.39  riskauc = 0.93   time = 2849895   
 375/5000   risk = 0.29  riskauc = 0.94   time = 4223415   
 500/5000   risk = 0.21  riskauc = 0.94   time = 5593938   
 625/5000   risk = 0.17  riskauc = 0.94   time = 6918190   
 750/5000   risk = 0.14  riskauc = 0.94   time = 8244362   
 875/5000   risk = 0.12  riskauc = 0.94   time = 9689390   
1000/5000   risk = 0.11  riskauc = 0.94   time = 11095749   
1125/5000   risk = 0.1  riskauc = 0.94   time = 12952974   
1250/5000   risk = 0.097  riskauc = 0.94   time = 14215548   
1375/5000   risk = 0.094  riskauc = 0.94   time = 15574787   
1500/5000   risk = 0.092  riskauc = 0.93   time = 16894786   
1625/5000   risk = 0.09  riskauc = 0.93   time = 18279572   
1750/5000   risk = 0.088  riskauc = 0.93   time = 19718342   
1875/5000   risk = 0.086  riskauc = 0.93   time = 21296236   
2000/5000   risk = 0.085  riskauc = 0.93   time = 22684809   
2125/5000   risk = 0.084  riskauc = 0.93   time = 24162248   
2250/5000   risk = 0.083  riskauc = 0.93   time = 25626578   
2375/5000   risk = 0.082  riskauc = 0.93   time = 27253404   
2500/5000   risk = 0.081  riskauc = 0.93   time = 28575645   
2625/5000   risk = 0.08  riskauc = 0.92   time = 30016923   
2750/5000   risk = 0.08  riskauc = 0.92   time = 31531283   
2875/5000   risk = 0.079  riskauc = 0.92   time = 32955387   
3000/5000   risk = 0.078  riskauc = 0.92   time = 34406453   
3125/5000   risk = 0.078  riskauc = 0.92   time = 35880471   
3250/5000   risk = 0.077  riskauc = 0.92   time = 37315801   
3375/5000   risk = 0.077  riskauc = 0.92   time = 38854996   
3500/5000   risk = 0.076  riskauc = 0.92   time = 40311140   
3625/5000   risk = 0.076  riskauc = 0.92   time = 41867471   
3750/5000   risk = 0.076  riskauc = 0.92   time = 43438997   
3875/5000   risk = 0.075  riskauc = 0.92   time = 44999447   
4000/5000   risk = 0.075  riskauc = 0.92   time = 46622875   
4125/5000   risk = 0.074  riskauc = 0.92   time = 48350921   
4250/5000   risk = 0.074  riskauc = 0.92   time = 49838948   
4375/5000   risk = 0.074  riskauc = 0.92   time = 51510366   
4500/5000   risk = 0.073  riskauc = 0.92   time = 53116240   
4625/5000   risk = 0.073  riskauc = 0.92   time = 54620950   
4750/5000   risk = 0.073  riskauc = 0.92   time = 56338082   
4875/5000   risk = 0.072  riskauc = 0.92   time = 58021921   
5000/5000   risk = 0.072  riskauc = 0.92   time = 59634343   


Train 5000 iterations in 59 Seconds.
Final risk based on the train set: 0.072

INFO  [00:05:19.616] [mlr3]  [LGCOMPBOOST] iterations:'stop_cwb',NA,'stop_acwb',5000,'stop_hcwb',NA 
INFO  [00:05:19.619] [mlr3]  [LGCOMPBOOST] risk_inbag:'risk_intercept',0.670513,'risk_cwb',NA,'risk_acwb',0.072167,'risk_hcwb',NA 
INFO  [00:05:19.620] [mlr3]  [LGCOMPBOOST] risk_oob:'risk_intercept_oob',NA,'risk_cwb_oob',NA,'risk_acwb_oob',NA,'risk_hcwb_oob',NA 
DEBUG [00:05:19.626] [mlr3]  Learner 'acc_acwb' on task 'spam' succeeded to fit a model {learner: <LearnerClassifCompboost/LearnerClassif/Learner/R6>, result: <list>, messages: }
DEBUG [00:05:19.637] [mlr3]  Skip subsetting of task 'spam' 
DEBUG [00:05:19.640] [mlr3]  Calling train method of Learner 'acc_acwb' on task 'spam' with 3680 observations {learner: <LearnerClassifCompboost/LearnerClassif/Learner/R6>}
INFO  [00:05:19.652] [mlr3]  [LGCOMPBOOST] Running compboost with df 20.000000 and df_cat 1.000000 
   1/5000   risk = 0.67  time = 2   
 125/5000   risk = 0.53  time = 1281269   
 250/5000   risk = 0.39  time = 2538799   
 375/5000   risk = 0.29  time = 3840901   
 500/5000   risk = 0.21  time = 5151072   
 625/5000   risk = 0.17  time = 6409119   
 750/5000   risk = 0.14  time = 7655882   
 875/5000   risk = 0.12  time = 8927781   
1000/5000   risk = 0.11  time = 10275251   
1125/5000   risk = 0.1  time = 11555385   
1250/5000   risk = 0.097  time = 12863434   
1375/5000   risk = 0.094  time = 14202551   
1500/5000   risk = 0.092  time = 15494355   
1625/5000   risk = 0.09  time = 16788472   
1750/5000   risk = 0.088  time = 18122999   
1875/5000   risk = 0.086  time = 19484441   
2000/5000   risk = 0.085  time = 20763782   
2125/5000   risk = 0.084  time = 22077624   
2250/5000   risk = 0.083  time = 23420125   
2375/5000   risk = 0.082  time = 24687575   
2500/5000   risk = 0.081  time = 26037816   
2625/5000   risk = 0.08  time = 27255016   
2750/5000   risk = 0.08  time = 28506876   
2875/5000   risk = 0.079  time = 29871528   
3000/5000   risk = 0.078  time = 31284844   
3125/5000   risk = 0.078  time = 32683660   
3250/5000   risk = 0.077  time = 33950423   
3375/5000   risk = 0.077  time = 35383240   
3500/5000   risk = 0.076  time = 36908562   
3625/5000   risk = 0.076  time = 38251972   
3750/5000   risk = 0.076  time = 39640869   
3875/5000   risk = 0.075  time = 41067604   
4000/5000   risk = 0.075  time = 42485493   
4125/5000   risk = 0.074  time = 43913683   
4250/5000   risk = 0.074  time = 45291189   
4375/5000   risk = 0.074  time = 46652682   
4500/5000   risk = 0.073  time = 48031854   
4625/5000   risk = 0.073  time = 49377856   
4750/5000   risk = 0.073  time = 50804970   
4875/5000   risk = 0.072  time = 52245248   
5000/5000   risk = 0.072  time = 53710906   


Train 5000 iterations in 53 Seconds.
Final risk based on the train set: 0.072

INFO  [00:06:23.464] [mlr3]  [LGCOMPBOOST] iterations:'stop_cwb',NA,'stop_acwb',5000,'stop_hcwb',NA 
INFO  [00:06:23.467] [mlr3]  [LGCOMPBOOST] risk_inbag:'risk_intercept',0.670513,'risk_cwb',NA,'risk_acwb',0.072167,'risk_hcwb',NA 
INFO  [00:06:23.468] [mlr3]  [LGCOMPBOOST] risk_oob:'risk_intercept_oob',NA,'risk_cwb_oob',NA,'risk_acwb_oob',NA,'risk_hcwb_oob',NA 
DEBUG [00:06:23.473] [mlr3]  Learner 'acc_acwb' on task 'spam' succeeded to fit a model {learner: <LearnerClassifCompboost/LearnerClassif/Learner/R6>, result: <list>, messages: }

### [bt]: Job terminated successfully [batchtools job.id=9]
### [bt]: Calculation finished!
