### [bt]: This is batchtools v0.9.15
### [bt]: Starting calculation of 1 jobs
### [bt]: Setting working directory to '/home/user/repos/cacb-batchtools/eq1'
[2021-07-26 01:51:08] Loading new learner
[2021-07-26 01:51:08] Loading tasks
[2021-07-26 01:51:11] Loading resampling
### [bt]: Memory measurement disabled
### [bt]: Starting job [batchtools job.id=52]
### [bt]: Generating problem instance for problem '168335-fold1' ...
### [bt]: Applying algorithm 'evaluate-learner' on problem '168335-fold1' for job 52 (seed = 31467) ...
DEBUG [01:51:14.937] [mlr3]  Skip subsetting of task 'Task 168335: MiniBooNE (Supervised Classification)' 
DEBUG [01:51:14.940] [mlr3]  Calling train method of Learner 'bin_cwb_b' on task 'Task 168335: MiniBooNE (Supervised Classification)' with 104051 observations {learner: <LearnerClassifCompboost/LearnerClassif/Learner/R6>}
INFO  [01:51:14.982] [mlr3]  [LGCOMPBOOST] Running compboost with df 20.000000 and df_cat 1.000000 
   1/5000   risk = 0.56  riskauc = 0.84   time = 3   
 125/5000   risk = 0.26  riskauc = 0.95   time = 3815131   
 250/5000   risk = 0.24  riskauc = 0.96   time = 7537849   
 375/5000   risk = 0.23  riskauc = 0.96   time = 11229438   
 500/5000   risk = 0.23  riskauc = 0.97   time = 14885509   
 625/5000   risk = 0.22  riskauc = 0.97   time = 18840727   
 750/5000   risk = 0.22  riskauc = 0.97   time = 22939763   
 875/5000   risk = 0.22  riskauc = 0.97   time = 26746223   
1000/5000   risk = 0.22  riskauc = 0.97   time = 30457111   
1125/5000   risk = 0.22  riskauc = 0.97   time = 34200909   
1250/5000   risk = 0.22  riskauc = 0.97   time = 38109861   
1375/5000   risk = 0.22  riskauc = 0.97   time = 41974373   
1500/5000   risk = 0.22  riskauc = 0.97   time = 45748457   
1625/5000   risk = 0.22  riskauc = 0.97   time = 49381436   
1750/5000   risk = 0.22  riskauc = 0.97   time = 53195633   
1875/5000   risk = 0.22  riskauc = 0.97   time = 56837914   
2000/5000   risk = 0.22  riskauc = 0.97   time = 60710700   
2125/5000   risk = 0.22  riskauc = 0.97   time = 64459836   
2250/5000   risk = 0.22  riskauc = 0.97   time = 68392454   
2375/5000   risk = 0.22  riskauc = 0.97   time = 72388108   
2500/5000   risk = 0.22  riskauc = 0.97   time = 76027814   
2625/5000   risk = 0.22  riskauc = 0.97   time = 79902795   
2750/5000   risk = 0.22  riskauc = 0.97   time = 83766115   
2875/5000   risk = 0.22  riskauc = 0.97   time = 87651158   
3000/5000   risk = 0.22  riskauc = 0.97   time = 91887490   
3125/5000   risk = 0.22  riskauc = 0.97   time = 95678544   
3250/5000   risk = 0.22  riskauc = 0.97   time = 99548368   
3375/5000   risk = 0.22  riskauc = 0.97   time = 103513849   
3500/5000   risk = 0.22  riskauc = 0.97   time = 107246324   
3625/5000   risk = 0.22  riskauc = 0.97   time = 111198294   
3750/5000   risk = 0.22  riskauc = 0.97   time = 115223442   
3875/5000   risk = 0.22  riskauc = 0.97   time = 119058646   
4000/5000   risk = 0.22  riskauc = 0.97   time = 122887235   
4125/5000   risk = 0.22  riskauc = 0.97   time = 126874958   
4250/5000   risk = 0.22  riskauc = 0.97   time = 130798560   
4375/5000   risk = 0.22  riskauc = 0.97   time = 134648482   
4500/5000   risk = 0.22  riskauc = 0.97   time = 138406587   
4625/5000   risk = 0.22  riskauc = 0.97   time = 142095578   
4750/5000   risk = 0.22  riskauc = 0.97   time = 145956330   
4875/5000   risk = 0.22  riskauc = 0.97   time = 149850514   
5000/5000   risk = 0.22  riskauc = 0.97   time = 153695176   


Train 5000 iterations in 153 Seconds.
Final risk based on the train set: 0.22

INFO  [01:53:59.436] [mlr3]  [LGCOMPBOOST] iterations:'stop_cwb',5000,'stop_acwb',NA,'stop_hcwb',NA 
INFO  [01:53:59.439] [mlr3]  [LGCOMPBOOST] risk_inbag:'risk_intercept',0.593540,'risk_cwb',0.217422,'risk_acwb',NA,'risk_hcwb',NA 
INFO  [01:53:59.441] [mlr3]  [LGCOMPBOOST] risk_oob:'risk_intercept_oob',NA,'risk_cwb_oob',NA,'risk_acwb_oob',NA,'risk_hcwb_oob',NA 
DEBUG [01:53:59.446] [mlr3]  Learner 'bin_cwb_b' on task 'Task 168335: MiniBooNE (Supervised Classification)' succeeded to fit a model {learner: <LearnerClassifCompboost/LearnerClassif/Learner/R6>, result: <list>, messages: }
DEBUG [01:53:59.459] [mlr3]  Skip subsetting of task 'Task 168335: MiniBooNE (Supervised Classification)' 
DEBUG [01:53:59.462] [mlr3]  Calling train method of Learner 'bin_cwb_b' on task 'Task 168335: MiniBooNE (Supervised Classification)' with 104051 observations {learner: <LearnerClassifCompboost/LearnerClassif/Learner/R6>}
INFO  [01:53:59.474] [mlr3]  [LGCOMPBOOST] Running compboost with df 20.000000 and df_cat 1.000000 
   1/5000   risk = 0.56  time = 3   
 125/5000   risk = 0.26  time = 2379721   
 250/5000   risk = 0.24  time = 4689358   
 375/5000   risk = 0.23  time = 6936047   
 500/5000   risk = 0.23  time = 9315620   
 625/5000   risk = 0.22  time = 11663005   
 750/5000   risk = 0.22  time = 14024284   
 875/5000   risk = 0.22  time = 16402138   
1000/5000   risk = 0.22  time = 18778342   
1125/5000   risk = 0.22  time = 21186830   
1250/5000   risk = 0.22  time = 23603932   
1375/5000   risk = 0.22  time = 26021927   
1500/5000   risk = 0.22  time = 28380924   
1625/5000   risk = 0.22  time = 30758993   
1750/5000   risk = 0.22  time = 33112846   
1875/5000   risk = 0.22  time = 35502250   
2000/5000   risk = 0.22  time = 37898999   
2125/5000   risk = 0.22  time = 40330068   
2250/5000   risk = 0.22  time = 42772331   
2375/5000   risk = 0.22  time = 45188906   
2500/5000   risk = 0.22  time = 47606037   
2625/5000   risk = 0.22  time = 50000150   
2750/5000   risk = 0.22  time = 52413044   
2875/5000   risk = 0.22  time = 54858873   
3000/5000   risk = 0.22  time = 57246596   
3125/5000   risk = 0.22  time = 59673450   
3250/5000   risk = 0.22  time = 62029248   
3375/5000   risk = 0.22  time = 64372618   
3500/5000   risk = 0.22  time = 66806509   
3625/5000   risk = 0.22  time = 69221745   
3750/5000   risk = 0.22  time = 71662959   
3875/5000   risk = 0.22  time = 74065577   
4000/5000   risk = 0.22  time = 76495679   
4125/5000   risk = 0.22  time = 78958730   
4250/5000   risk = 0.22  time = 81466864   
4375/5000   risk = 0.22  time = 83864271   
4500/5000   risk = 0.22  time = 86304704   
4625/5000   risk = 0.22  time = 88649518   
4750/5000   risk = 0.22  time = 91041388   
4875/5000   risk = 0.22  time = 93467248   
5000/5000   risk = 0.22  time = 95865251   


Train 5000 iterations in 95 Seconds.
Final risk based on the train set: 0.22

INFO  [01:55:44.864] [mlr3]  [LGCOMPBOOST] iterations:'stop_cwb',5000,'stop_acwb',NA,'stop_hcwb',NA 
INFO  [01:55:44.867] [mlr3]  [LGCOMPBOOST] risk_inbag:'risk_intercept',0.593540,'risk_cwb',0.217422,'risk_acwb',NA,'risk_hcwb',NA 
INFO  [01:55:44.869] [mlr3]  [LGCOMPBOOST] risk_oob:'risk_intercept_oob',NA,'risk_cwb_oob',NA,'risk_acwb_oob',NA,'risk_hcwb_oob',NA 
DEBUG [01:55:44.874] [mlr3]  Learner 'bin_cwb_b' on task 'Task 168335: MiniBooNE (Supervised Classification)' succeeded to fit a model {learner: <LearnerClassifCompboost/LearnerClassif/Learner/R6>, result: <list>, messages: }

### [bt]: Job terminated successfully [batchtools job.id=52]
### [bt]: Calculation finished!
