### [bt]: This is batchtools v0.9.15
### [bt]: Starting calculation of 1 jobs
### [bt]: Setting working directory to '/home/user/repos/cacb-batchtools/eq1'
[2021-07-28 09:02:09] Loading new learner
[2021-07-28 09:02:09] Loading tasks
[2021-07-28 09:02:12] Loading resampling
### [bt]: Memory measurement disabled
### [bt]: Starting job [batchtools job.id=61]
### [bt]: Generating problem instance for problem '189866-fold1' ...
### [bt]: Applying algorithm 'evaluate-learner' on problem '189866-fold1' for job 61 (seed = 31476) ...
DEBUG [09:02:17.959] [mlr3]  Skip subsetting of task 'Task 189866: albert (Supervised Classification)' 
DEBUG [09:02:18.042] [mlr3]  Calling train method of Learner 'bin_cwb_nb' on task 'Task 189866: albert (Supervised Classification)' with 340192 observations {learner: <LearnerClassifCompboost/LearnerClassif/Learner/R6>}
   1/5000   risk = 0.69  riskauc = 0.64   time = 3   
 125/5000   risk = 0.63  riskauc = 0.71   time = 27830898   
 250/5000   risk = 0.63  riskauc = 0.72   time = 52980662   
 375/5000   risk = 0.63  riskauc = 0.72   time = 79054601   
 500/5000   risk = 0.64  riskauc = 0.73   time = 105792997   
 625/5000   risk = 0.64  riskauc = 0.73   time = 132772500   
 750/5000   risk = 0.64  riskauc = 0.73   time = 159076748   
 875/5000   risk = 0.64  riskauc = 0.73   time = 185600556   
1000/5000   risk = 0.64  riskauc = 0.73   time = 212780824   
1125/5000   risk = 0.64  riskauc = 0.73   time = 239497317   
1250/5000   risk = 0.65  riskauc = 0.73   time = 265932279   
1375/5000   risk = 0.65  riskauc = 0.73   time = 292279382   
1500/5000   risk = 0.65  riskauc = 0.73   time = 318583586   
1625/5000   risk = 0.65  riskauc = 0.73   time = 345065888   
1750/5000   risk = 0.65  riskauc = 0.73   time = 372446703   
1875/5000   risk = 0.65  riskauc = 0.73   time = 399172452   
2000/5000   risk = 0.65  riskauc = 0.73   time = 426536370   
2125/5000   risk = 0.65  riskauc = 0.73   time = 452932135   
2250/5000   risk = 0.65  riskauc = 0.73   time = 479758285   
2375/5000   risk = 0.65  riskauc = 0.73   time = 505892178   
2500/5000   risk = 0.65  riskauc = 0.73   time = 532515630   
2625/5000   risk = 0.65  riskauc = 0.73   time = 559307928   
2750/5000   risk = 0.65  riskauc = 0.73   time = 585810136   
2875/5000   risk = 0.65  riskauc = 0.73   time = 612212261   
3000/5000   risk = 0.65  riskauc = 0.73   time = 638949202   
3125/5000   risk = 0.65  riskauc = 0.73   time = 665456072   
3250/5000   risk = 0.65  riskauc = 0.73   time = 691623924   
3375/5000   risk = 0.65  riskauc = 0.73   time = 718996326   
3500/5000   risk = 0.65  riskauc = 0.73   time = 745359270   
3625/5000   risk = 0.65  riskauc = 0.73   time = 771238162   
3750/5000   risk = 0.65  riskauc = 0.73   time = 797228798   
3875/5000   risk = 0.65  riskauc = 0.73   time = 822970538   
4000/5000   risk = 0.65  riskauc = 0.73   time = 849017558   
4125/5000   risk = 0.65  riskauc = 0.73   time = 875035865   
4250/5000   risk = 0.65  riskauc = 0.73   time = 901505152   
4375/5000   risk = 0.65  riskauc = 0.73   time = 927904000   
4500/5000   risk = 0.65  riskauc = 0.73   time = 954260403   
4625/5000   risk = 0.65  riskauc = 0.73   time = 980416658   
4750/5000   risk = 0.65  riskauc = 0.73   time = 1006605959   
4875/5000   risk = 0.65  riskauc = 0.73   time = 1032394937   
5000/5000   risk = 0.65  riskauc = 0.73   time = 1058493968   


Train 5000 iterations in 1060 Seconds.
Final risk based on the train set: 0.65

DEBUG [09:20:13.168] [mlr3]  Learner 'bin_cwb_nb' on task 'Task 189866: albert (Supervised Classification)' succeeded to fit a model {learner: <LearnerClassifCompboost/LearnerClassif/Learner/R6>, result: <list>, messages: }
DEBUG [09:20:13.188] [mlr3]  Skip subsetting of task 'Task 189866: albert (Supervised Classification)' 
DEBUG [09:20:13.192] [mlr3]  Calling train method of Learner 'bin_cwb_nb' on task 'Task 189866: albert (Supervised Classification)' with 340192 observations {learner: <LearnerClassifCompboost/LearnerClassif/Learner/R6>}
   1/5000   risk = 0.69  time = 4   
 125/5000   risk = 0.63  time = 24379181   
 250/5000   risk = 0.63  time = 49292511   
 375/5000   risk = 0.63  time = 74595511   
 500/5000   risk = 0.64  time = 100009334   
 625/5000   risk = 0.64  time = 125863458   
 750/5000   risk = 0.64  time = 152095242   
 875/5000   risk = 0.64  time = 179345348   
1000/5000   risk = 0.64  time = 207443874   
1125/5000   risk = 0.64  time = 235495854   
1250/5000   risk = 0.65  time = 262493604   
1375/5000   risk = 0.65  time = 289358495   
1500/5000   risk = 0.65  time = 316408689   
1625/5000   risk = 0.65  time = 343990885   
1750/5000   risk = 0.65  time = 371486558   
1875/5000   risk = 0.65  time = 399097330   
2000/5000   risk = 0.65  time = 426795672   
2125/5000   risk = 0.65  time = 455512429   
2250/5000   risk = 0.65  time = 483906662   
2375/5000   risk = 0.65  time = 512585856   
2500/5000   risk = 0.65  time = 540222584   
2625/5000   risk = 0.65  time = 568562380   
2750/5000   risk = 0.65  time = 597039275   
2875/5000   risk = 0.65  time = 625822421   
3000/5000   risk = 0.65  time = 654263210   
3125/5000   risk = 0.65  time = 682433025   
3250/5000   risk = 0.65  time = 710576044   
3375/5000   risk = 0.65  time = 738885025   
3500/5000   risk = 0.65  time = 766631691   
3625/5000   risk = 0.65  time = 791883467   
3750/5000   risk = 0.65  time = 817961349   
3875/5000   risk = 0.65  time = 843571350   
4000/5000   risk = 0.65  time = 868937802   
4125/5000   risk = 0.65  time = 896496585   
4250/5000   risk = 0.65  time = 921219310   
4375/5000   risk = 0.65  time = 945324492   
4500/5000   risk = 0.65  time = 970342907   
4625/5000   risk = 0.65  time = 996226506   
4750/5000   risk = 0.65  time = 1022379351   
4875/5000   risk = 0.65  time = 1049918160   
5000/5000   risk = 0.65  time = 1078270698   


Train 5000 iterations in 1078 Seconds.
Final risk based on the train set: 0.65

DEBUG [09:38:25.476] [mlr3]  Learner 'bin_cwb_nb' on task 'Task 189866: albert (Supervised Classification)' succeeded to fit a model {learner: <LearnerClassifCompboost/LearnerClassif/Learner/R6>, result: <list>, messages: }

### [bt]: Job terminated successfully [batchtools job.id=61]
### [bt]: Calculation finished!
