### [bt]: This is batchtools v0.9.15
### [bt]: Starting calculation of 1 jobs
### [bt]: Setting working directory to '/home/user/repos/cacb-batchtools/eq1'
[2021-07-27 22:30:56] Loading new learner
[2021-07-27 22:30:56] Loading tasks
[2021-07-27 22:30:59] Loading resampling
### [bt]: Memory measurement disabled
### [bt]: Starting job [batchtools job.id=51]
### [bt]: Generating problem instance for problem '168335-fold3' ...
### [bt]: Applying algorithm 'evaluate-learner' on problem '168335-fold3' for job 51 (seed = 31466) ...
DEBUG [22:31:01.421] [mlr3]  Skip subsetting of task 'Task 168335: MiniBooNE (Supervised Classification)' 
DEBUG [22:31:01.425] [mlr3]  Calling train method of Learner 'acc_acwb' on task 'Task 168335: MiniBooNE (Supervised Classification)' with 104051 observations {learner: <LearnerClassifCompboost/LearnerClassif/Learner/R6>}
   1/5000   risk = 0.56  riskauc = 0.85   time = 2   
 125/5000   risk = 0.25  riskauc = 0.96   time = 17333188   
 250/5000   risk = 0.2  riskauc = 0.97   time = 34873503   
 375/5000   risk = 0.19  riskauc = 0.97   time = 51766898   
 500/5000   risk = 0.19  riskauc = 0.97   time = 67745262   
 625/5000   risk = 0.2  riskauc = 0.97   time = 83437913   
 750/5000   risk = 0.2  riskauc = 0.97   time = 99732134   
 875/5000   risk = 0.2  riskauc = 0.97   time = 115492750   
1000/5000   risk = 0.21  riskauc = 0.97   time = 131296163   
1125/5000   risk = 0.21  riskauc = 0.97   time = 146916603   
1250/5000   risk = 0.21  riskauc = 0.97   time = 162198407   
1375/5000   risk = 0.21  riskauc = 0.97   time = 177188597   
1500/5000   risk = 0.21  riskauc = 0.97   time = 192187310   
1625/5000   risk = 0.21  riskauc = 0.97   time = 207190712   
1750/5000   risk = 0.22  riskauc = 0.97   time = 222512207   
1875/5000   risk = 0.22  riskauc = 0.97   time = 237609822   
2000/5000   risk = 0.22  riskauc = 0.97   time = 252365306   
2125/5000   risk = 0.22  riskauc = 0.97   time = 267558661   
2250/5000   risk = 0.22  riskauc = 0.97   time = 282329926   
2375/5000   risk = 0.22  riskauc = 0.97   time = 297393836   
2500/5000   risk = 0.22  riskauc = 0.97   time = 312344201   
2625/5000   risk = 0.22  riskauc = 0.97   time = 327188966   
2750/5000   risk = 0.22  riskauc = 0.97   time = 342302045   
2875/5000   risk = 0.22  riskauc = 0.97   time = 357365888   
3000/5000   risk = 0.22  riskauc = 0.97   time = 372525931   
3125/5000   risk = 0.22  riskauc = 0.97   time = 387803505   
3250/5000   risk = 0.22  riskauc = 0.97   time = 402846190   
3375/5000   risk = 0.22  riskauc = 0.97   time = 417926194   
3500/5000   risk = 0.22  riskauc = 0.97   time = 433425221   
3625/5000   risk = 0.23  riskauc = 0.97   time = 448325079   
3750/5000   risk = 0.23  riskauc = 0.97   time = 463420491   
3875/5000   risk = 0.23  riskauc = 0.97   time = 479193813   
4000/5000   risk = 0.23  riskauc = 0.97   time = 494131091   
4125/5000   risk = 0.23  riskauc = 0.97   time = 509670516   
4250/5000   risk = 0.23  riskauc = 0.97   time = 524746611   
4375/5000   risk = 0.24  riskauc = 0.97   time = 540036149   
4500/5000   risk = 0.25  riskauc = 0.97   time = 555002423   
4625/5000   risk = 0.25  riskauc = 0.97   time = 570243867   
4750/5000   risk = 0.25  riskauc = 0.97   time = 585353256   
4875/5000   risk = 0.26  riskauc = 0.97   time = 600385093   
5000/5000   risk = 0.27  riskauc = 0.97   time = 615751355   


Train 5000 iterations in 615 Seconds.
Final risk based on the train set: 0.27

DEBUG [22:41:23.395] [mlr3]  Learner 'acc_acwb' on task 'Task 168335: MiniBooNE (Supervised Classification)' succeeded to fit a model {learner: <LearnerClassifCompboost/LearnerClassif/Learner/R6>, result: <list>, messages: }
DEBUG [22:41:23.408] [mlr3]  Skip subsetting of task 'Task 168335: MiniBooNE (Supervised Classification)' 
DEBUG [22:41:23.411] [mlr3]  Calling train method of Learner 'acc_acwb' on task 'Task 168335: MiniBooNE (Supervised Classification)' with 104051 observations {learner: <LearnerClassifCompboost/LearnerClassif/Learner/R6>}
   1/5000   risk = 0.56  time = 3   
 125/5000   risk = 0.25  time = 13731274   
 250/5000   risk = 0.2  time = 27585212   
 375/5000   risk = 0.19  time = 41728381   
 500/5000   risk = 0.19  time = 55444050   
 625/5000   risk = 0.2  time = 69239362   
 750/5000   risk = 0.2  time = 83348097   
 875/5000   risk = 0.2  time = 97365571   
1000/5000   risk = 0.21  time = 111218883   
1125/5000   risk = 0.21  time = 125729531   
1250/5000   risk = 0.21  time = 140756665   
1375/5000   risk = 0.21  time = 155556985   
1500/5000   risk = 0.21  time = 170175199   
1625/5000   risk = 0.21  time = 185050256   
1750/5000   risk = 0.22  time = 200514647   
1875/5000   risk = 0.22  time = 215816320   
2000/5000   risk = 0.22  time = 231097780   
2125/5000   risk = 0.22  time = 246510279   
2250/5000   risk = 0.22  time = 261652018   
2375/5000   risk = 0.22  time = 276710235   
2500/5000   risk = 0.22  time = 291609266   
2625/5000   risk = 0.22  time = 306555117   
2750/5000   risk = 0.22  time = 321362274   
2875/5000   risk = 0.22  time = 335949473   
3000/5000   risk = 0.22  time = 350399339   
3125/5000   risk = 0.22  time = 364919325   
3250/5000   risk = 0.22  time = 379374775   
3375/5000   risk = 0.22  time = 393770802   
3500/5000   risk = 0.22  time = 408263061   
3625/5000   risk = 0.23  time = 423060512   
3750/5000   risk = 0.23  time = 437660162   
3875/5000   risk = 0.23  time = 451993367   
4000/5000   risk = 0.23  time = 466466177   
4125/5000   risk = 0.23  time = 480484270   
4250/5000   risk = 0.23  time = 495605150   
4375/5000   risk = 0.24  time = 511369957   
4500/5000   risk = 0.25  time = 527020775   
4625/5000   risk = 0.25  time = 543065675   
4750/5000   risk = 0.25  time = 558877727   
4875/5000   risk = 0.26  time = 574270399   
5000/5000   risk = 0.27  time = 589600931   


Train 5000 iterations in 589 Seconds.
Final risk based on the train set: 0.27

DEBUG [22:51:19.866] [mlr3]  Learner 'acc_acwb' on task 'Task 168335: MiniBooNE (Supervised Classification)' succeeded to fit a model {learner: <LearnerClassifCompboost/LearnerClassif/Learner/R6>, result: <list>, messages: }

### [bt]: Job terminated successfully [batchtools job.id=51]
### [bt]: Calculation finished!
