### [bt]: This is batchtools v0.9.15
### [bt]: Starting calculation of 1 jobs
### [bt]: Setting working directory to '/home/user/repos/cacb-batchtools/eq1'
[2021-07-25 21:15:19] Loading new learner
[2021-07-25 21:15:19] Loading tasks
[2021-07-25 21:15:22] Loading resampling
### [bt]: Memory measurement disabled
### [bt]: Starting job [batchtools job.id=48]
### [bt]: Generating problem instance for problem '7592-fold5' ...
### [bt]: Applying algorithm 'evaluate-learner' on problem '7592-fold5' for job 48 (seed = 31463) ...
DEBUG [21:15:23.199] [mlr3]  Skip subsetting of task 'Task 7592: adult (Supervised Classification)' 
DEBUG [21:15:23.202] [mlr3]  Calling train method of Learner 'acc_cwb' on task 'Task 7592: adult (Supervised Classification)' with 39074 observations {learner: <LearnerClassifCompboost/LearnerClassif/Learner/R6>}
Warning in get_private(learner)$.train(task) :
  Number of cores 30 exceeds number of features 14. The number of cores are set to 14!
INFO  [21:15:23.272] [mlr3]  [LGCOMPBOOST] Running compboost with df 5.000000 and df_cat 2.000000 
   1/5000   risk = 0.55  riskauc = 0.77   time = 3   
 125/5000   risk = 0.45  riskauc = 0.87   time = 1542561   
 250/5000   risk = 0.42  riskauc = 0.88   time = 3136491   
 375/5000   risk = 0.4  riskauc = 0.88   time = 4781453   
 500/5000   risk = 0.38  riskauc = 0.89   time = 6467171   
 625/5000   risk = 0.37  riskauc = 0.89   time = 8193426   
 750/5000   risk = 0.37  riskauc = 0.89   time = 9966969   
 875/5000   risk = 0.36  riskauc = 0.9   time = 11767735   
1000/5000   risk = 0.36  riskauc = 0.9   time = 13483700   
1125/5000   risk = 0.35  riskauc = 0.9   time = 15273410   
1250/5000   risk = 0.35  riskauc = 0.9   time = 16948947   
1375/5000   risk = 0.35  riskauc = 0.9   time = 18323940   
1500/5000   risk = 0.34  riskauc = 0.9   time = 19674097   
1625/5000   risk = 0.34  riskauc = 0.9   time = 21000174   
1750/5000   risk = 0.34  riskauc = 0.9   time = 22358439   
1875/5000   risk = 0.34  riskauc = 0.9   time = 23767860   
2000/5000   risk = 0.34  riskauc = 0.9   time = 25324679   
2125/5000   risk = 0.34  riskauc = 0.91   time = 26843774   
2250/5000   risk = 0.34  riskauc = 0.91   time = 28408121   
2375/5000   risk = 0.34  riskauc = 0.91   time = 29960044   
2500/5000   risk = 0.34  riskauc = 0.91   time = 31607529   
2625/5000   risk = 0.34  riskauc = 0.91   time = 33167267   
2750/5000   risk = 0.34  riskauc = 0.91   time = 34705361   
2875/5000   risk = 0.34  riskauc = 0.91   time = 36208105   
3000/5000   risk = 0.34  riskauc = 0.91   time = 37768569   
3125/5000   risk = 0.34  riskauc = 0.91   time = 39334023   
3250/5000   risk = 0.34  riskauc = 0.91   time = 40823784   
3375/5000   risk = 0.34  riskauc = 0.91   time = 42349824   
3500/5000   risk = 0.34  riskauc = 0.91   time = 43871341   
3625/5000   risk = 0.34  riskauc = 0.91   time = 45455356   
3750/5000   risk = 0.34  riskauc = 0.91   time = 47127481   
3875/5000   risk = 0.34  riskauc = 0.91   time = 48776449   
4000/5000   risk = 0.34  riskauc = 0.91   time = 50403259   
4125/5000   risk = 0.34  riskauc = 0.91   time = 52008062   
4250/5000   risk = 0.34  riskauc = 0.91   time = 53555847   
4375/5000   risk = 0.34  riskauc = 0.91   time = 54983206   
4500/5000   risk = 0.34  riskauc = 0.91   time = 56534361   
4625/5000   risk = 0.34  riskauc = 0.91   time = 57980799   
4750/5000   risk = 0.34  riskauc = 0.91   time = 59411859   
4875/5000   risk = 0.35  riskauc = 0.91   time = 60877195   
5000/5000   risk = 0.35  riskauc = 0.91   time = 62350711   


Train 5000 iterations in 62 Seconds.
Final risk based on the train set: 0.35

INFO  [21:16:33.105] [mlr3]  [LGCOMPBOOST] iterations:'stop_cwb',5000,'stop_acwb',NA,'stop_hcwb',NA 
INFO  [21:16:33.108] [mlr3]  [LGCOMPBOOST] risk_inbag:'risk_intercept',0.550260,'risk_cwb',0.345447,'risk_acwb',NA,'risk_hcwb',NA 
INFO  [21:16:33.109] [mlr3]  [LGCOMPBOOST] risk_oob:'risk_intercept_oob',NA,'risk_cwb_oob',NA,'risk_acwb_oob',NA,'risk_hcwb_oob',NA 
DEBUG [21:16:33.115] [mlr3]  Learner 'acc_cwb' on task 'Task 7592: adult (Supervised Classification)' succeeded to fit a model {learner: <LearnerClassifCompboost/LearnerClassif/Learner/R6>, result: <list>, messages: }
DEBUG [21:16:33.131] [mlr3]  Skip subsetting of task 'Task 7592: adult (Supervised Classification)' 
DEBUG [21:16:33.134] [mlr3]  Calling train method of Learner 'acc_cwb' on task 'Task 7592: adult (Supervised Classification)' with 39074 observations {learner: <LearnerClassifCompboost/LearnerClassif/Learner/R6>}
Warning in get_private(learner)$.train(task) :
  Number of cores 30 exceeds number of features 14. The number of cores are set to 14!
INFO  [21:16:33.387] [mlr3]  [LGCOMPBOOST] Running compboost with df 5.000000 and df_cat 2.000000 
   1/5000   risk = 0.55  time = 2   
 125/5000   risk = 0.45  time = 1061049   
 250/5000   risk = 0.42  time = 2144782   
 375/5000   risk = 0.4  time = 3219291   
 500/5000   risk = 0.38  time = 4305674   
 625/5000   risk = 0.37  time = 5390966   
 750/5000   risk = 0.37  time = 6479975   
 875/5000   risk = 0.36  time = 7583069   
1000/5000   risk = 0.36  time = 8722458   
1125/5000   risk = 0.35  time = 9844990   
1250/5000   risk = 0.35  time = 10920651   
1375/5000   risk = 0.35  time = 11982312   
1500/5000   risk = 0.34  time = 13037026   
1625/5000   risk = 0.34  time = 14157496   
1750/5000   risk = 0.34  time = 15195445   
1875/5000   risk = 0.34  time = 16298700   
2000/5000   risk = 0.34  time = 17435530   
2125/5000   risk = 0.34  time = 18603297   
2250/5000   risk = 0.34  time = 19721645   
2375/5000   risk = 0.34  time = 20824184   
2500/5000   risk = 0.34  time = 21940281   
2625/5000   risk = 0.34  time = 23091442   
2750/5000   risk = 0.34  time = 24036114   
2875/5000   risk = 0.34  time = 24876407   
3000/5000   risk = 0.34  time = 25718309   
3125/5000   risk = 0.34  time = 26578955   
3250/5000   risk = 0.34  time = 27458297   
3375/5000   risk = 0.34  time = 28345017   
3500/5000   risk = 0.34  time = 29232184   
3625/5000   risk = 0.34  time = 30143820   
3750/5000   risk = 0.34  time = 31012897   
3875/5000   risk = 0.34  time = 31874629   
4000/5000   risk = 0.34  time = 32752757   
4125/5000   risk = 0.34  time = 33603297   
4250/5000   risk = 0.34  time = 34473325   
4375/5000   risk = 0.34  time = 35337491   
4500/5000   risk = 0.34  time = 36216195   
4625/5000   risk = 0.34  time = 37074593   
4750/5000   risk = 0.34  time = 37929547   
4875/5000   risk = 0.35  time = 38805448   
5000/5000   risk = 0.35  time = 39677001   


Train 5000 iterations in 39 Seconds.
Final risk based on the train set: 0.35

INFO  [21:17:20.412] [mlr3]  [LGCOMPBOOST] iterations:'stop_cwb',5000,'stop_acwb',NA,'stop_hcwb',NA 
INFO  [21:17:20.416] [mlr3]  [LGCOMPBOOST] risk_inbag:'risk_intercept',0.550260,'risk_cwb',0.345447,'risk_acwb',NA,'risk_hcwb',NA 
INFO  [21:17:20.418] [mlr3]  [LGCOMPBOOST] risk_oob:'risk_intercept_oob',NA,'risk_cwb_oob',NA,'risk_acwb_oob',NA,'risk_hcwb_oob',NA 
DEBUG [21:17:20.424] [mlr3]  Learner 'acc_cwb' on task 'Task 7592: adult (Supervised Classification)' succeeded to fit a model {learner: <LearnerClassifCompboost/LearnerClassif/Learner/R6>, result: <list>, messages: }

### [bt]: Job terminated successfully [batchtools job.id=48]
### [bt]: Calculation finished!
