### [bt]: This is batchtools v0.9.15
### [bt]: Starting calculation of 1 jobs
### [bt]: Setting working directory to '/home/user/repos/cacb-batchtools/eq1'
[2021-07-27 23:57:51] Loading new learner
[2021-07-27 23:57:51] Loading tasks
[2021-07-27 23:57:54] Loading resampling
### [bt]: Memory measurement disabled
### [bt]: Starting job [batchtools job.id=58]
### [bt]: Generating problem instance for problem '168335-fold5' ...
### [bt]: Applying algorithm 'evaluate-learner' on problem '168335-fold5' for job 58 (seed = 31473) ...
DEBUG [23:57:56.565] [mlr3]  Skip subsetting of task 'Task 168335: MiniBooNE (Supervised Classification)' 
DEBUG [23:57:56.570] [mlr3]  Calling train method of Learner 'bin_cwb_b' on task 'Task 168335: MiniBooNE (Supervised Classification)' with 104052 observations {learner: <LearnerClassifCompboost/LearnerClassif/Learner/R6>}
   1/5000   risk = 0.56  riskauc = 0.85   time = 3   
 125/5000   risk = 0.26  riskauc = 0.95   time = 4091575   
 250/5000   risk = 0.24  riskauc = 0.96   time = 8171226   
 375/5000   risk = 0.23  riskauc = 0.97   time = 12285480   
 500/5000   risk = 0.23  riskauc = 0.97   time = 16439851   
 625/5000   risk = 0.22  riskauc = 0.97   time = 20409215   
 750/5000   risk = 0.22  riskauc = 0.97   time = 24374662   
 875/5000   risk = 0.22  riskauc = 0.97   time = 28268353   
1000/5000   risk = 0.22  riskauc = 0.97   time = 32094950   
1125/5000   risk = 0.22  riskauc = 0.97   time = 35930633   
1250/5000   risk = 0.22  riskauc = 0.97   time = 39624296   
1375/5000   risk = 0.22  riskauc = 0.97   time = 43230052   
1500/5000   risk = 0.22  riskauc = 0.97   time = 46858087   
1625/5000   risk = 0.22  riskauc = 0.97   time = 50546251   
1750/5000   risk = 0.22  riskauc = 0.97   time = 54163619   
1875/5000   risk = 0.22  riskauc = 0.97   time = 57797975   
2000/5000   risk = 0.22  riskauc = 0.97   time = 61500411   
2125/5000   risk = 0.22  riskauc = 0.97   time = 65183046   
2250/5000   risk = 0.22  riskauc = 0.97   time = 68863119   
2375/5000   risk = 0.22  riskauc = 0.97   time = 72648405   
2500/5000   risk = 0.22  riskauc = 0.97   time = 76389891   
2625/5000   risk = 0.22  riskauc = 0.97   time = 80139872   
2750/5000   risk = 0.22  riskauc = 0.97   time = 83917712   
2875/5000   risk = 0.22  riskauc = 0.97   time = 87901363   
3000/5000   risk = 0.22  riskauc = 0.97   time = 91608677   
3125/5000   risk = 0.22  riskauc = 0.97   time = 95459335   
3250/5000   risk = 0.22  riskauc = 0.97   time = 99205283   
3375/5000   risk = 0.22  riskauc = 0.97   time = 102941336   
3500/5000   risk = 0.22  riskauc = 0.97   time = 106988171   
3625/5000   risk = 0.22  riskauc = 0.97   time = 111061455   
3750/5000   risk = 0.22  riskauc = 0.97   time = 115087624   
3875/5000   risk = 0.22  riskauc = 0.97   time = 118922559   
4000/5000   risk = 0.22  riskauc = 0.97   time = 122843722   
4125/5000   risk = 0.22  riskauc = 0.97   time = 126657082   
4250/5000   risk = 0.22  riskauc = 0.97   time = 130423534   
4375/5000   risk = 0.22  riskauc = 0.97   time = 134249662   
4500/5000   risk = 0.22  riskauc = 0.97   time = 138291590   
4625/5000   risk = 0.22  riskauc = 0.97   time = 142259627   
4750/5000   risk = 0.22  riskauc = 0.97   time = 146361817   
4875/5000   risk = 0.22  riskauc = 0.97   time = 150300771   
5000/5000   risk = 0.22  riskauc = 0.97   time = 154205813   


Train 5000 iterations in 154 Seconds.
Final risk based on the train set: 0.22

DEBUG [00:00:34.790] [mlr3]  Learner 'bin_cwb_b' on task 'Task 168335: MiniBooNE (Supervised Classification)' succeeded to fit a model {learner: <LearnerClassifCompboost/LearnerClassif/Learner/R6>, result: <list>, messages: }
DEBUG [00:00:34.802] [mlr3]  Skip subsetting of task 'Task 168335: MiniBooNE (Supervised Classification)' 
DEBUG [00:00:34.805] [mlr3]  Calling train method of Learner 'bin_cwb_b' on task 'Task 168335: MiniBooNE (Supervised Classification)' with 104052 observations {learner: <LearnerClassifCompboost/LearnerClassif/Learner/R6>}
   1/5000   risk = 0.56  time = 2   
 125/5000   risk = 0.26  time = 2195405   
 250/5000   risk = 0.24  time = 4471723   
 375/5000   risk = 0.23  time = 6665736   
 500/5000   risk = 0.23  time = 8931584   
 625/5000   risk = 0.22  time = 11269454   
 750/5000   risk = 0.22  time = 13788493   
 875/5000   risk = 0.22  time = 16153684   
1000/5000   risk = 0.22  time = 18504420   
1125/5000   risk = 0.22  time = 20880243   
1250/5000   risk = 0.22  time = 23172080   
1375/5000   risk = 0.22  time = 25528873   
1500/5000   risk = 0.22  time = 27811684   
1625/5000   risk = 0.22  time = 30139456   
1750/5000   risk = 0.22  time = 32400374   
1875/5000   risk = 0.22  time = 34813679   
2000/5000   risk = 0.22  time = 37149591   
2125/5000   risk = 0.22  time = 39435676   
2250/5000   risk = 0.22  time = 41784755   
2375/5000   risk = 0.22  time = 44107965   
2500/5000   risk = 0.22  time = 46399454   
2625/5000   risk = 0.22  time = 48749825   
2750/5000   risk = 0.22  time = 51008978   
2875/5000   risk = 0.22  time = 53268418   
3000/5000   risk = 0.22  time = 55707791   
3125/5000   risk = 0.22  time = 58095999   
3250/5000   risk = 0.22  time = 60547353   
3375/5000   risk = 0.22  time = 62932275   
3500/5000   risk = 0.22  time = 65365978   
3625/5000   risk = 0.22  time = 67719959   
3750/5000   risk = 0.22  time = 70178615   
3875/5000   risk = 0.22  time = 72420722   
4000/5000   risk = 0.22  time = 74940277   
4125/5000   risk = 0.22  time = 77444389   
4250/5000   risk = 0.22  time = 79898337   
4375/5000   risk = 0.22  time = 82353589   
4500/5000   risk = 0.22  time = 84744016   
4625/5000   risk = 0.22  time = 87192662   
4750/5000   risk = 0.22  time = 89694373   
4875/5000   risk = 0.22  time = 92246475   
5000/5000   risk = 0.22  time = 94699277   


Train 5000 iterations in 94 Seconds.
Final risk based on the train set: 0.22

DEBUG [00:02:12.829] [mlr3]  Learner 'bin_cwb_b' on task 'Task 168335: MiniBooNE (Supervised Classification)' succeeded to fit a model {learner: <LearnerClassifCompboost/LearnerClassif/Learner/R6>, result: <list>, messages: }

### [bt]: Job terminated successfully [batchtools job.id=58]
### [bt]: Calculation finished!
