### [bt]: This is batchtools v0.9.15
### [bt]: Starting calculation of 1 jobs
### [bt]: Setting working directory to '/home/user/repos/cacb-batchtools/eq1'
[2021-07-28 21:47:11] Loading new learner
[2021-07-28 21:47:11] Loading tasks
[2021-07-28 21:47:14] Loading resampling
### [bt]: Memory measurement disabled
### [bt]: Starting job [batchtools job.id=86]
### [bt]: Generating problem instance for problem '168908-fold2' ...
### [bt]: Applying algorithm 'evaluate-learner' on problem '168908-fold2' for job 86 (seed = 31501) ...
DEBUG [21:47:15.807] [mlr3]  Skip subsetting of task 'Task 168908: christine (Supervised Classification)' 
DEBUG [21:47:15.811] [mlr3]  Calling train method of Learner 'bin_cwb_b' on task 'Task 168908: christine (Supervised Classification)' with 4334 observations {learner: <LearnerClassifCompboost/LearnerClassif/Learner/R6>}
   1/5000   risk = 0.68  riskauc = 0.71   time = 2   
 125/5000   risk = 0.55  riskauc = 0.79   time = 2226712   
 250/5000   risk = 0.54  riskauc = 0.8   time = 4511363   
 375/5000   risk = 0.53  riskauc = 0.8   time = 6673274   
 500/5000   risk = 0.52  riskauc = 0.81   time = 8847035   
 625/5000   risk = 0.51  riskauc = 0.81   time = 11075201   
 750/5000   risk = 0.5  riskauc = 0.81   time = 13316906   
 875/5000   risk = 0.5  riskauc = 0.81   time = 15519741   
1000/5000   risk = 0.49  riskauc = 0.81   time = 17743920   
1125/5000   risk = 0.48  riskauc = 0.81   time = 19913731   
1250/5000   risk = 0.47  riskauc = 0.81   time = 22104970   
1375/5000   risk = 0.47  riskauc = 0.81   time = 24244238   
1500/5000   risk = 0.46  riskauc = 0.81   time = 26538196   
1625/5000   risk = 0.45  riskauc = 0.81   time = 28792664   
1750/5000   risk = 0.45  riskauc = 0.81   time = 30975557   
1875/5000   risk = 0.44  riskauc = 0.81   time = 33185393   
2000/5000   risk = 0.44  riskauc = 0.81   time = 35535073   
2125/5000   risk = 0.43  riskauc = 0.81   time = 37836423   
2250/5000   risk = 0.43  riskauc = 0.81   time = 40025770   
2375/5000   risk = 0.42  riskauc = 0.81   time = 42245600   
2500/5000   risk = 0.42  riskauc = 0.81   time = 44581998   
2625/5000   risk = 0.41  riskauc = 0.81   time = 46800656   
2750/5000   risk = 0.41  riskauc = 0.81   time = 49038784   
2875/5000   risk = 0.4  riskauc = 0.81   time = 51256956   
3000/5000   risk = 0.4  riskauc = 0.81   time = 53421332   
3125/5000   risk = 0.39  riskauc = 0.81   time = 55741017   
3250/5000   risk = 0.39  riskauc = 0.81   time = 58010925   
3375/5000   risk = 0.39  riskauc = 0.81   time = 60287469   
3500/5000   risk = 0.38  riskauc = 0.81   time = 62517609   
3625/5000   risk = 0.38  riskauc = 0.81   time = 64917861   
3750/5000   risk = 0.37  riskauc = 0.81   time = 67182605   
3875/5000   risk = 0.37  riskauc = 0.81   time = 69563876   
4000/5000   risk = 0.37  riskauc = 0.81   time = 71866774   
4125/5000   risk = 0.36  riskauc = 0.81   time = 74103954   
4250/5000   risk = 0.36  riskauc = 0.81   time = 76381302   
4375/5000   risk = 0.36  riskauc = 0.81   time = 78716043   
4500/5000   risk = 0.35  riskauc = 0.81   time = 80992323   
4625/5000   risk = 0.35  riskauc = 0.81   time = 83275204   
4750/5000   risk = 0.35  riskauc = 0.81   time = 85565109   
4875/5000   risk = 0.34  riskauc = 0.81   time = 87823449   
5000/5000   risk = 0.34  riskauc = 0.81   time = 90067706   


Train 5000 iterations in 90 Seconds.
Final risk based on the train set: 0.34

DEBUG [21:48:52.793] [mlr3]  Learner 'bin_cwb_b' on task 'Task 168908: christine (Supervised Classification)' succeeded to fit a model {learner: <LearnerClassifCompboost/LearnerClassif/Learner/R6>, result: <list>, messages: }
DEBUG [21:48:52.813] [mlr3]  Skip subsetting of task 'Task 168908: christine (Supervised Classification)' 
DEBUG [21:48:52.817] [mlr3]  Calling train method of Learner 'bin_cwb_b' on task 'Task 168908: christine (Supervised Classification)' with 4334 observations {learner: <LearnerClassifCompboost/LearnerClassif/Learner/R6>}
   1/5000   risk = 0.68  time = 2   
 125/5000   risk = 0.55  time = 2134362   
 250/5000   risk = 0.54  time = 4269026   
 375/5000   risk = 0.53  time = 6366598   
 500/5000   risk = 0.52  time = 8382028   
 625/5000   risk = 0.51  time = 10353159   
 750/5000   risk = 0.5  time = 12395942   
 875/5000   risk = 0.5  time = 14422231   
1000/5000   risk = 0.49  time = 16564954   
1125/5000   risk = 0.48  time = 18565153   
1250/5000   risk = 0.47  time = 20684354   
1375/5000   risk = 0.47  time = 22831102   
1500/5000   risk = 0.46  time = 24979179   
1625/5000   risk = 0.45  time = 27153795   
1750/5000   risk = 0.45  time = 29302264   
1875/5000   risk = 0.44  time = 31516929   
2000/5000   risk = 0.44  time = 33724370   
2125/5000   risk = 0.43  time = 36055797   
2250/5000   risk = 0.43  time = 38202030   
2375/5000   risk = 0.42  time = 40468336   
2500/5000   risk = 0.42  time = 42699620   
2625/5000   risk = 0.41  time = 45001006   
2750/5000   risk = 0.41  time = 47168357   
2875/5000   risk = 0.4  time = 49231854   
3000/5000   risk = 0.4  time = 51378441   
3125/5000   risk = 0.39  time = 53546512   
3250/5000   risk = 0.39  time = 55696101   
3375/5000   risk = 0.39  time = 57773759   
3500/5000   risk = 0.38  time = 59979337   
3625/5000   risk = 0.38  time = 62208189   
3750/5000   risk = 0.37  time = 64345927   
3875/5000   risk = 0.37  time = 66492924   
4000/5000   risk = 0.37  time = 68723709   
4125/5000   risk = 0.36  time = 70956417   
4250/5000   risk = 0.36  time = 73193962   
4375/5000   risk = 0.36  time = 75402383   
4500/5000   risk = 0.35  time = 77653252   
4625/5000   risk = 0.35  time = 79872924   
4750/5000   risk = 0.35  time = 82081443   
4875/5000   risk = 0.34  time = 84363450   
5000/5000   risk = 0.34  time = 86618886   


Train 5000 iterations in 86 Seconds.
Final risk based on the train set: 0.34

DEBUG [21:50:25.010] [mlr3]  Learner 'bin_cwb_b' on task 'Task 168908: christine (Supervised Classification)' succeeded to fit a model {learner: <LearnerClassifCompboost/LearnerClassif/Learner/R6>, result: <list>, messages: }

### [bt]: Job terminated successfully [batchtools job.id=86]
### [bt]: Calculation finished!
