### [bt]: This is batchtools v0.9.15
### [bt]: Starting calculation of 1 jobs
### [bt]: Setting working directory to '/home/user/repos/cacb-batchtools/eq1'
[2021-07-26 00:26:39] Loading new learner
[2021-07-26 00:26:39] Loading tasks
[2021-07-26 00:26:41] Loading resampling
### [bt]: Memory measurement disabled
### [bt]: Starting job [batchtools job.id=19]
### [bt]: Generating problem instance for problem 'spam-fold4' ...
### [bt]: Applying algorithm 'evaluate-learner' on problem 'spam-fold4' for job 19 (seed = 31434) ...
DEBUG [00:26:42.709] [mlr3]  Skip subsetting of task 'spam' 
DEBUG [00:26:42.712] [mlr3]  Calling train method of Learner 'acc_acwb' on task 'spam' with 3682 observations {learner: <LearnerClassifCompboost/LearnerClassif/Learner/R6>}
INFO  [00:26:42.722] [mlr3]  [LGCOMPBOOST] Running compboost with df 20.000000 and df_cat 1.000000 
   1/5000   risk = 0.67  riskauc = 0.84   time = 2   
 125/5000   risk = 0.53  riskauc = 0.93   time = 1324269   
 250/5000   risk = 0.4  riskauc = 0.95   time = 2859601   
 375/5000   risk = 0.29  riskauc = 0.95   time = 4332538   
 500/5000   risk = 0.21  riskauc = 0.96   time = 5828786   
 625/5000   risk = 0.17  riskauc = 0.95   time = 7220950   
 750/5000   risk = 0.14  riskauc = 0.95   time = 8503110   
 875/5000   risk = 0.12  riskauc = 0.95   time = 9797320   
1000/5000   risk = 0.11  riskauc = 0.95   time = 11257644   
1125/5000   risk = 0.11  riskauc = 0.95   time = 13253443   
1250/5000   risk = 0.1  riskauc = 0.95   time = 14799804   
1375/5000   risk = 0.1  riskauc = 0.95   time = 16154307   
1500/5000   risk = 0.098  riskauc = 0.94   time = 17637535   
1625/5000   risk = 0.097  riskauc = 0.94   time = 19172176   
1750/5000   risk = 0.095  riskauc = 0.94   time = 20726838   
1875/5000   risk = 0.094  riskauc = 0.94   time = 22293689   
2000/5000   risk = 0.093  riskauc = 0.94   time = 23887819   
2125/5000   risk = 0.092  riskauc = 0.94   time = 25431746   
2250/5000   risk = 0.091  riskauc = 0.94   time = 26942642   
2375/5000   risk = 0.09  riskauc = 0.94   time = 28551706   
2500/5000   risk = 0.089  riskauc = 0.93   time = 30157136   
2625/5000   risk = 0.088  riskauc = 0.93   time = 31701511   
2750/5000   risk = 0.088  riskauc = 0.93   time = 33274713   
2875/5000   risk = 0.087  riskauc = 0.93   time = 34872007   
3000/5000   risk = 0.086  riskauc = 0.93   time = 36356352   
3125/5000   risk = 0.086  riskauc = 0.93   time = 37915845   
3250/5000   risk = 0.085  riskauc = 0.94   time = 39528983   
3375/5000   risk = 0.084  riskauc = 0.93   time = 41264259   
3500/5000   risk = 0.084  riskauc = 0.93   time = 42775640   
3625/5000   risk = 0.083  riskauc = 0.93   time = 44288655   
3750/5000   risk = 0.083  riskauc = 0.93   time = 45905866   
3875/5000   risk = 0.082  riskauc = 0.93   time = 47507176   
4000/5000   risk = 0.082  riskauc = 0.93   time = 49087631   
4125/5000   risk = 0.081  riskauc = 0.93   time = 50627015   
4250/5000   risk = 0.081  riskauc = 0.93   time = 52235592   
4375/5000   risk = 0.081  riskauc = 0.93   time = 53769474   
4500/5000   risk = 0.08  riskauc = 0.93   time = 55318581   
4625/5000   risk = 0.08  riskauc = 0.93   time = 56970345   
4750/5000   risk = 0.079  riskauc = 0.92   time = 58608124   
4875/5000   risk = 0.079  riskauc = 0.92   time = 60399065   
5000/5000   risk = 0.079  riskauc = 0.92   time = 61935329   


Train 5000 iterations in 61 Seconds.
Final risk based on the train set: 0.079

INFO  [00:27:55.047] [mlr3]  [LGCOMPBOOST] iterations:'stop_cwb',NA,'stop_acwb',5000,'stop_hcwb',NA 
INFO  [00:27:55.050] [mlr3]  [LGCOMPBOOST] risk_inbag:'risk_intercept',0.670538,'risk_cwb',NA,'risk_acwb',0.078846,'risk_hcwb',NA 
INFO  [00:27:55.052] [mlr3]  [LGCOMPBOOST] risk_oob:'risk_intercept_oob',NA,'risk_cwb_oob',NA,'risk_acwb_oob',NA,'risk_hcwb_oob',NA 
DEBUG [00:27:55.057] [mlr3]  Learner 'acc_acwb' on task 'spam' succeeded to fit a model {learner: <LearnerClassifCompboost/LearnerClassif/Learner/R6>, result: <list>, messages: }
DEBUG [00:27:55.069] [mlr3]  Skip subsetting of task 'spam' 
DEBUG [00:27:55.073] [mlr3]  Calling train method of Learner 'acc_acwb' on task 'spam' with 3682 observations {learner: <LearnerClassifCompboost/LearnerClassif/Learner/R6>}
INFO  [00:27:55.084] [mlr3]  [LGCOMPBOOST] Running compboost with df 20.000000 and df_cat 1.000000 
   1/5000   risk = 0.67  time = 2   
 125/5000   risk = 0.53  time = 1224973   
 250/5000   risk = 0.4  time = 2454656   
 375/5000   risk = 0.29  time = 3737292   
 500/5000   risk = 0.21  time = 5024447   
 625/5000   risk = 0.17  time = 6341010   
 750/5000   risk = 0.14  time = 7612419   
 875/5000   risk = 0.12  time = 8903741   
1000/5000   risk = 0.11  time = 10100197   
1125/5000   risk = 0.11  time = 11298824   
1250/5000   risk = 0.1  time = 12585108   
1375/5000   risk = 0.1  time = 13781978   
1500/5000   risk = 0.098  time = 15063596   
1625/5000   risk = 0.097  time = 16310111   
1750/5000   risk = 0.095  time = 17596033   
1875/5000   risk = 0.094  time = 18933100   
2000/5000   risk = 0.093  time = 20323569   
2125/5000   risk = 0.092  time = 21506051   
2250/5000   risk = 0.091  time = 22836451   
2375/5000   risk = 0.09  time = 24195249   
2500/5000   risk = 0.089  time = 25591365   
2625/5000   risk = 0.088  time = 26977634   
2750/5000   risk = 0.088  time = 28296182   
2875/5000   risk = 0.087  time = 29641140   
3000/5000   risk = 0.086  time = 31041484   
3125/5000   risk = 0.086  time = 32508574   
3250/5000   risk = 0.085  time = 33862786   
3375/5000   risk = 0.084  time = 35271968   
3500/5000   risk = 0.084  time = 36643833   
3625/5000   risk = 0.083  time = 38104347   
3750/5000   risk = 0.083  time = 39548512   
3875/5000   risk = 0.082  time = 40976761   
4000/5000   risk = 0.082  time = 42379770   
4125/5000   risk = 0.081  time = 43885082   
4250/5000   risk = 0.081  time = 45283011   
4375/5000   risk = 0.081  time = 46933977   
4500/5000   risk = 0.08  time = 48374968   
4625/5000   risk = 0.08  time = 49799523   
4750/5000   risk = 0.079  time = 51255934   
4875/5000   risk = 0.079  time = 52734710   
5000/5000   risk = 0.079  time = 54219524   


Train 5000 iterations in 54 Seconds.
Final risk based on the train set: 0.079

INFO  [00:28:59.549] [mlr3]  [LGCOMPBOOST] iterations:'stop_cwb',NA,'stop_acwb',5000,'stop_hcwb',NA 
INFO  [00:28:59.552] [mlr3]  [LGCOMPBOOST] risk_inbag:'risk_intercept',0.670538,'risk_cwb',NA,'risk_acwb',0.078846,'risk_hcwb',NA 
INFO  [00:28:59.554] [mlr3]  [LGCOMPBOOST] risk_oob:'risk_intercept_oob',NA,'risk_cwb_oob',NA,'risk_acwb_oob',NA,'risk_hcwb_oob',NA 
DEBUG [00:28:59.559] [mlr3]  Learner 'acc_acwb' on task 'spam' succeeded to fit a model {learner: <LearnerClassifCompboost/LearnerClassif/Learner/R6>, result: <list>, messages: }

### [bt]: Job terminated successfully [batchtools job.id=19]
### [bt]: Calculation finished!
