### [bt]: This is batchtools v0.9.15
### [bt]: Starting calculation of 1 jobs
### [bt]: Setting working directory to '/home/user/repos/cacb-batchtools/eq1'
[2021-07-19] Loading new learner
[2021-07-19 12:04:34] Loading tasks
[2021-07-19 12:04:37] Loading resampling
### [bt]: Memory measurement disabled
### [bt]: Starting job [batchtools job.id=67]
### [bt]: Generating problem instance for problem '168335-fold4' ...
### [bt]: Applying algorithm 'evaluate-learner' on problem '168335-fold4' for job 67 (seed = 31482) ...
DEBUG [12:04:39.346] [mlr3]  Skip subsetting of task 'Task 168335: MiniBooNE (Supervised Classification)' 
DEBUG [12:04:39.348] [mlr3]  Calling train method of Learner 'removeconstants_before.imputemedian_num.imputemode_fct.collapsefactors.removeconstants_after.bin_cwb_b' on task 'Task 168335: MiniBooNE (Supervised Classification)' with 104051 observations {learner: <GraphLearner/Learner/R6>}
DEBUG [12:04:39.365] Running PipeOp 'removeconstants_before$train()' {pipeop: <PipeOpRemoveConstants/PipeOpTaskPreprocSimple/PipeOpTaskPreproc/PipeOp/R6>, input: <list>}
DEBUG [12:04:39.950] Running PipeOp 'imputemedian_num$train()' {pipeop: <PipeOpImputeMedian/PipeOpImpute/PipeOp/R6>, input: <list>}
DEBUG [12:04:40.420] Running PipeOp 'imputemode_fct$train()' {pipeop: <PipeOpImputeMode/PipeOpImpute/PipeOp/R6>, input: <list>}
DEBUG [12:04:40.503] Running PipeOp 'collapsefactors$train()' {pipeop: <PipeOpCollapseFactors/PipeOpTaskPreprocSimple/PipeOpTaskPreproc/PipeOp/R6>, input: <list>}
DEBUG [12:04:40.614] Running PipeOp 'removeconstants_after$train()' {pipeop: <PipeOpRemoveConstants/PipeOpTaskPreprocSimple/PipeOpTaskPreproc/PipeOp/R6>, input: <list>}
DEBUG [12:04:41.895] Running PipeOp 'bin_cwb_b$train()' {pipeop: <PipeOpLearner/PipeOp/R6>, input: <list>}
DEBUG [12:04:41.903] [mlr3]  Skip subsetting of task 'Task 168335: MiniBooNE (Supervised Classification)' 
DEBUG [12:04:41.906] [mlr3]  Calling train method of Learner 'bin_cwb_b' on task 'Task 168335: MiniBooNE (Supervised Classification)' with 104051 observations {learner: <LearnerClassifCompboost/LearnerClassif/Learner/R6>}
INFO  [12:04:41.917] [mlr3]  [LGCOMPBOOST] Running compboost with df 20.000000 and df_cat 1.000000 
   1/5000   risk = 0.56  time = 2   
 125/5000   risk = 0.26  time = 2284503   
 250/5000   risk = 0.24  time = 4712899   
 375/5000   risk = 0.23  time = 7100931   
 500/5000   risk = 0.23  time = 9348115   
 625/5000   risk = 0.22  time = 11672294   
 750/5000   risk = 0.22  time = 14154714   
 875/5000   risk = 0.22  time = 16551236   
1000/5000   risk = 0.22  time = 18957812   
1125/5000   risk = 0.22  time = 21492918   
1250/5000   risk = 0.22  time = 23936646   
1375/5000   risk = 0.22  time = 26382323   
1500/5000   risk = 0.22  time = 28835673   
1625/5000   risk = 0.22  time = 31275393   
1750/5000   risk = 0.22  time = 33785750   
1875/5000   risk = 0.22  time = 36242658   
2000/5000   risk = 0.22  time = 38804925   
2125/5000   risk = 0.22  time = 41247803   
2250/5000   risk = 0.22  time = 43693968   
2375/5000   risk = 0.22  time = 46131440   
2500/5000   risk = 0.22  time = 48616543   
2625/5000   risk = 0.22  time = 51129082   
2750/5000   risk = 0.22  time = 53549447   
2875/5000   risk = 0.22  time = 55961320   
3000/5000   risk = 0.22  time = 58446514   
3125/5000   risk = 0.22  time = 60873052   
3250/5000   risk = 0.22  time = 63280229   
3375/5000   risk = 0.22  time = 65756376   
3500/5000   risk = 0.22  time = 68241207   
3625/5000   risk = 0.22  time = 70676943   
3750/5000   risk = 0.22  time = 73107438   
3875/5000   risk = 0.22  time = 75537731   
4000/5000   risk = 0.22  time = 77992927   
4125/5000   risk = 0.22  time = 80458980   
4250/5000   risk = 0.22  time = 82978890   
4375/5000   risk = 0.22  time = 85451485   
4500/5000   risk = 0.22  time = 87954466   
4625/5000   risk = 0.22  time = 90480542   
4750/5000   risk = 0.22  time = 93015626   
4875/5000   risk = 0.22  time = 95525474   
5000/5000   risk = 0.22  time = 98094273   


Train 5000 iterations in 98 Seconds.
Final risk based on the train set: 0.22

INFO  [12:06:31.823] [mlr3]  [LGCOMPBOOST] iterations:'stop_cwb',5000,'stop_acwb',NA,'stop_hcwb',NA 
INFO  [12:06:31.826] [mlr3]  [LGCOMPBOOST] risk_inbag:'risk_intercept',0.593540,'risk_cwb',0.218072,'risk_acwb',NA,'risk_hcwb',NA 
INFO  [12:06:31.828] [mlr3]  [LGCOMPBOOST] risk_oob:'risk_intercept_oob',NA,'risk_cwb_oob',NA,'risk_acwb_oob',NA,'risk_hcwb_oob',NA 
DEBUG [12:06:31.833] [mlr3]  Learner 'bin_cwb_b' on task 'Task 168335: MiniBooNE (Supervised Classification)' succeeded to fit a model {learner: <LearnerClassifCompboost/LearnerClassif/Learner/R6>, result: <list>, messages: }
DEBUG [12:06:32.047] [mlr3]  Learner 'removeconstants_before.imputemedian_num.imputemode_fct.collapsefactors.removeconstants_after.bin_cwb_b' on task 'Task 168335: MiniBooNE (Supervised Classification)' succeeded to fit a model {learner: <GraphLearner/Learner/R6>, result: <list>, messages: }
[2021-07-19 12:06:37] (1/1250) Processing iter 4
Error in self$model$setToIteration(iteration, trace) : 
  addition: incompatible matrix dimensions: 104051x1 and 322x1

### [bt]: Job terminated with an exception [batchtools job.id=67]
### [bt]: Calculation finished!
