### [bt]: This is batchtools v0.9.15
### [bt]: Starting calculation of 1 jobs
### [bt]: Setting working directory to '/home/user/repos/cacb-batchtools/eq1'
[2021-07-27 19:23:24] Loading new learner
[2021-07-27 19:23:24] Loading tasks
[2021-07-27 19:23:27] Loading resampling
### [bt]: Memory measurement disabled
### [bt]: Starting job [batchtools job.id=4]
### [bt]: Generating problem instance for problem 'spam-fold1' ...
### [bt]: Applying algorithm 'evaluate-learner' on problem 'spam-fold1' for job 4 (seed = 31419) ...
DEBUG [19:23:27.925] [mlr3]  Skip subsetting of task 'spam' 
DEBUG [19:23:27.928] [mlr3]  Calling train method of Learner 'acc_hcwb' on task 'spam' with 3680 observations {learner: <LearnerClassifCompboost/LearnerClassif/Learner/R6>}
   1/5000   risk = 0.64  oob_risk = 0.64   riskauc = 0.79   time = 2   


Train 32 iterations in 0 Seconds.
Final risk based on the train set: 0.36

   1/4979   risk = 0.44  oob_risk = 0.52   riskauc = 0.96   time = 2   
 124/4979   risk = 0.22  oob_risk = 1.5   riskauc = 0.97   time = 1150864   
 248/4979   risk = 0.19  oob_risk = 2   riskauc = 0.97   time = 2160721   
 372/4979   risk = 0.17  oob_risk = 2.3   riskauc = 0.97   time = 3186997   
 496/4979   risk = 0.17  oob_risk = inf   riskauc = 0.97   time = 4221940   
 620/4979   risk = 0.16  oob_risk = inf   riskauc = 0.97   time = 5286273   
 744/4979   risk = 0.15  oob_risk = inf   riskauc = 0.97   time = 6374192   
 868/4979   risk = 0.15  oob_risk = inf   riskauc = 0.97   time = 7431222   
 992/4979   risk = 0.14  oob_risk = inf   riskauc = 0.96   time = 8529025   
1116/4979   risk = 0.14  oob_risk = inf   riskauc = 0.96   time = 9550121   
1240/4979   risk = 0.14  oob_risk = inf   riskauc = 0.96   time = 10600525   
1364/4979   risk = 0.13  oob_risk = inf   riskauc = 0.96   time = 11694944   
1488/4979   risk = 0.13  oob_risk = inf   riskauc = 0.96   time = 12706676   
1612/4979   risk = 0.13  oob_risk = inf   riskauc = 0.96   time = 13705583   
1736/4979   risk = 0.13  oob_risk = inf   riskauc = 0.96   time = 14722302   
1860/4979   risk = 0.12  oob_risk = inf   riskauc = 0.96   time = 15860679   
1984/4979   risk = 0.12  oob_risk = inf   riskauc = 0.96   time = 16896624   
2108/4979   risk = 0.12  oob_risk = inf   riskauc = 0.96   time = 17994512   
2232/4979   risk = 0.12  oob_risk = inf   riskauc = 0.96   time = 19001992   
2356/4979   risk = 0.12  oob_risk = inf   riskauc = 0.96   time = 20078856   
2480/4979   risk = 0.11  oob_risk = inf   riskauc = 0.96   time = 21148033   
2604/4979   risk = 0.11  oob_risk = inf   riskauc = 0.96   time = 22244348   
2728/4979   risk = 0.11  oob_risk = inf   riskauc = 0.95   time = 23340955   
2852/4979   risk = 0.11  oob_risk = inf   riskauc = 0.95   time = 24497616   
2976/4979   risk = 0.11  oob_risk = inf   riskauc = 0.95   time = 25600170   
3100/4979   risk = 0.11  oob_risk = inf   riskauc = 0.95   time = 26750419   
3224/4979   risk = 0.11  oob_risk = inf   riskauc = 0.95   time = 27907178   
3348/4979   risk = 0.11  oob_risk = inf   riskauc = 0.95   time = 29180767   
3472/4979   risk = 0.1  oob_risk = inf   riskauc = 0.95   time = 30314839   
3596/4979   risk = 0.1  oob_risk = inf   riskauc = 0.95   time = 31460778   
3720/4979   risk = 0.1  oob_risk = inf   riskauc = 0.95   time = 32688670   
3844/4979   risk = 0.1  oob_risk = inf   riskauc = 0.95   time = 33840289   
3968/4979   risk = 0.1  oob_risk = inf   riskauc = 0.95   time = 34987944   
4092/4979   risk = 0.1  oob_risk = inf   riskauc = 0.95   time = 36153711   
4216/4979   risk = 0.099  oob_risk = inf   riskauc = 0.95   time = 37299072   
4340/4979   risk = 0.099  oob_risk = inf   riskauc = 0.95   time = 38402741   
4464/4979   risk = 0.098  oob_risk = inf   riskauc = 0.95   time = 39652737   
4588/4979   risk = 0.097  oob_risk = inf   riskauc = 0.95   time = 40884345   
4712/4979   risk = 0.096  oob_risk = inf   riskauc = 0.95   time = 41963381   
4836/4979   risk = 0.096  oob_risk = inf   riskauc = 0.95   time = 43109746   
4960/4979   risk = 0.095  oob_risk = inf   riskauc = 0.95   time = 44262360   


Train 4979 iterations in 44 Seconds.
Final risk based on the train set: 0.095

DEBUG [19:24:13.307] [mlr3]  Learner 'acc_hcwb' on task 'spam' succeeded to fit a model {learner: <LearnerClassifCompboost/LearnerClassif/Learner/R6>, result: <list>, messages: }
DEBUG [19:24:13.322] [mlr3]  Skip subsetting of task 'spam' 
DEBUG [19:24:13.327] [mlr3]  Calling train method of Learner 'acc_hcwb' on task 'spam' with 3680 observations {learner: <LearnerClassifCompboost/LearnerClassif/Learner/R6>}
   1/5000   risk = 0.64  oob_risk = 0.64   time = 4   


Train 32 iterations in 0 Seconds.
Final risk based on the train set: 0.36

   1/4979   risk = 0.44  oob_risk = 0.52   time = 1   
 124/4979   risk = 0.22  oob_risk = 1.5   time = 1057109   
 248/4979   risk = 0.19  oob_risk = 2   time = 2072261   
 372/4979   risk = 0.17  oob_risk = 2.3   time = 3144887   
 496/4979   risk = 0.17  oob_risk = inf   time = 4207911   
 620/4979   risk = 0.16  oob_risk = inf   time = 5338951   
 744/4979   risk = 0.15  oob_risk = inf   time = 6378614   
 868/4979   risk = 0.15  oob_risk = inf   time = 7420791   
 992/4979   risk = 0.14  oob_risk = inf   time = 8611053   
1116/4979   risk = 0.14  oob_risk = inf   time = 9673018   
1240/4979   risk = 0.14  oob_risk = inf   time = 10696083   
1364/4979   risk = 0.13  oob_risk = inf   time = 11830396   
1488/4979   risk = 0.13  oob_risk = inf   time = 12866217   
1612/4979   risk = 0.13  oob_risk = inf   time = 13994579   
1736/4979   risk = 0.13  oob_risk = inf   time = 15014592   
1860/4979   risk = 0.12  oob_risk = inf   time = 16076702   
1984/4979   risk = 0.12  oob_risk = inf   time = 17108960   
2108/4979   risk = 0.12  oob_risk = inf   time = 18243996   
2232/4979   risk = 0.12  oob_risk = inf   time = 19363543   
2356/4979   risk = 0.12  oob_risk = inf   time = 20442326   
2480/4979   risk = 0.11  oob_risk = inf   time = 21577315   
2604/4979   risk = 0.11  oob_risk = inf   time = 22595240   
2728/4979   risk = 0.11  oob_risk = inf   time = 23691473   
2852/4979   risk = 0.11  oob_risk = inf   time = 24796811   
2976/4979   risk = 0.11  oob_risk = inf   time = 25868053   
3100/4979   risk = 0.11  oob_risk = inf   time = 26984554   
3224/4979   risk = 0.11  oob_risk = inf   time = 28033505   
3348/4979   risk = 0.11  oob_risk = inf   time = 29230281   
3472/4979   risk = 0.1  oob_risk = inf   time = 30298767   
3596/4979   risk = 0.1  oob_risk = inf   time = 31403335   
3720/4979   risk = 0.1  oob_risk = inf   time = 32557878   
3844/4979   risk = 0.1  oob_risk = inf   time = 33625235   
3968/4979   risk = 0.1  oob_risk = inf   time = 34692763   
4092/4979   risk = 0.1  oob_risk = inf   time = 35798696   
4216/4979   risk = 0.099  oob_risk = inf   time = 36816688   
4340/4979   risk = 0.099  oob_risk = inf   time = 37934726   
4464/4979   risk = 0.098  oob_risk = inf   time = 39114435   
4588/4979   risk = 0.097  oob_risk = inf   time = 40406905   
4712/4979   risk = 0.096  oob_risk = inf   time = 41536513   
4836/4979   risk = 0.096  oob_risk = inf   time = 42717973   
4960/4979   risk = 0.095  oob_risk = inf   time = 43845166   


Train 4979 iterations in 44 Seconds.
Final risk based on the train set: 0.095

DEBUG [19:24:58.213] [mlr3]  Learner 'acc_hcwb' on task 'spam' succeeded to fit a model {learner: <LearnerClassifCompboost/LearnerClassif/Learner/R6>, result: <list>, messages: }

### [bt]: Job terminated successfully [batchtools job.id=4]
### [bt]: Calculation finished!
