### [bt]: This is batchtools v0.9.15
### [bt]: Starting calculation of 1 jobs
### [bt]: Setting working directory to '/home/user/repos/cacb-batchtools/eq1'
[2021-07-18] Loading new learner
[2021-07-18 19:20:24] Loading tasks
[2021-07-18 19:20:27] Loading resampling
### [bt]: Memory measurement disabled
### [bt]: Starting job [batchtools job.id=37]
### [bt]: Generating problem instance for problem '7592-fold3' ...
### [bt]: Applying algorithm 'evaluate-learner' on problem '7592-fold3' for job 37 (seed = 31452) ...
DEBUG [19:20:28.394] [mlr3]  Skip subsetting of task 'Task 7592: adult (Supervised Classification)' 
DEBUG [19:20:28.397] [mlr3]  Calling train method of Learner 'removeconstants_before.imputemedian_num.imputemode_fct.collapsefactors.removeconstants_after.bin_cwb_b' on task 'Task 7592: adult (Supervised Classification)' with 39074 observations {learner: <GraphLearner/Learner/R6>}
DEBUG [19:20:28.415] Running PipeOp 'removeconstants_before$train()' {pipeop: <PipeOpRemoveConstants/PipeOpTaskPreprocSimple/PipeOpTaskPreproc/PipeOp/R6>, input: <list>}
DEBUG [19:20:28.485] Running PipeOp 'imputemedian_num$train()' {pipeop: <PipeOpImputeMedian/PipeOpImpute/PipeOp/R6>, input: <list>}
DEBUG [19:20:28.527] Running PipeOp 'imputemode_fct$train()' {pipeop: <PipeOpImputeMode/PipeOpImpute/PipeOp/R6>, input: <list>}
DEBUG [19:20:28.751] Running PipeOp 'collapsefactors$train()' {pipeop: <PipeOpCollapseFactors/PipeOpTaskPreprocSimple/PipeOpTaskPreproc/PipeOp/R6>, input: <list>}
DEBUG [19:20:28.890] Running PipeOp 'removeconstants_after$train()' {pipeop: <PipeOpRemoveConstants/PipeOpTaskPreprocSimple/PipeOpTaskPreproc/PipeOp/R6>, input: <list>}
DEBUG [19:20:29.047] Running PipeOp 'bin_cwb_b$train()' {pipeop: <PipeOpLearner/PipeOp/R6>, input: <list>}
DEBUG [19:20:29.056] [mlr3]  Skip subsetting of task 'Task 7592: adult (Supervised Classification)' 
DEBUG [19:20:29.059] [mlr3]  Calling train method of Learner 'bin_cwb_b' on task 'Task 7592: adult (Supervised Classification)' with 39074 observations {learner: <LearnerClassifCompboost/LearnerClassif/Learner/R6>}
Warning in get_private(learner)$.train(task) :
  Number of cores 30 exceeds number of features 14. The number of cores are set to 14!
INFO  [19:20:29.147] [mlr3]  [LGCOMPBOOST] Running compboost with df 5.000000 and df_cat 2.000000 
   1/5000   risk = 0.54  time = 3   
 125/5000   risk = 0.35  time = 586449   
 250/5000   risk = 0.34  time = 1098135   
 375/5000   risk = 0.34  time = 1691548   
 500/5000   risk = 0.35  time = 2258099   
 625/5000   risk = 0.35  time = 2741965   
 750/5000   risk = 0.35  time = 3126390   
 875/5000   risk = 0.35  time = 3506022   
1000/5000   risk = 0.35  time = 3878703   
1125/5000   risk = 0.35  time = 4250999   
1250/5000   risk = 0.35  time = 4625590   
1375/5000   risk = 0.35  time = 5015231   
1500/5000   risk = 0.36  time = 5404773   
1625/5000   risk = 0.36  time = 5797924   
1750/5000   risk = 0.36  time = 6183557   
1875/5000   risk = 0.36  time = 6584480   
2000/5000   risk = 0.36  time = 6984160   
2125/5000   risk = 0.36  time = 7376592   
2250/5000   risk = 0.36  time = 7764729   
2375/5000   risk = 0.36  time = 8159854   
2500/5000   risk = 0.36  time = 8558567   
2625/5000   risk = 0.36  time = 8969520   
2750/5000   risk = 0.36  time = 9404034   
2875/5000   risk = 0.36  time = 9900159   
3000/5000   risk = 0.36  time = 10398410   
3125/5000   risk = 0.36  time = 10891457   
3250/5000   risk = 0.36  time = 11379315   
3375/5000   risk = 0.36  time = 11873035   
3500/5000   risk = 0.36  time = 12368872   
3625/5000   risk = 0.36  time = 12860700   
3750/5000   risk = 0.36  time = 13359471   
3875/5000   risk = 0.36  time = 13862193   
4000/5000   risk = 0.36  time = 14388636   
4125/5000   risk = 0.36  time = 14906314   
4250/5000   risk = 0.36  time = 15414547   
4375/5000   risk = 0.36  time = 15974768   
4500/5000   risk = 0.36  time = 16555117   
4625/5000   risk = 0.36  time = 17120948   
4750/5000   risk = 0.36  time = 17690610   
4875/5000   risk = 0.36  time = 18308069   
5000/5000   risk = 0.36  time = 18897327   


Train 5000 iterations in 18 Seconds.
Final risk based on the train set: 0.36

INFO  [19:20:56.966] [mlr3]  [LGCOMPBOOST] iterations:'stop_cwb',5000,'stop_acwb',NA,'stop_hcwb',NA 
INFO  [19:20:56.969] [mlr3]  [LGCOMPBOOST] risk_inbag:'risk_intercept',0.550260,'risk_cwb',0.358155,'risk_acwb',NA,'risk_hcwb',NA 
INFO  [19:20:56.971] [mlr3]  [LGCOMPBOOST] risk_oob:'risk_intercept_oob',NA,'risk_cwb_oob',NA,'risk_acwb_oob',NA,'risk_hcwb_oob',NA 
DEBUG [19:20:56.976] [mlr3]  Learner 'bin_cwb_b' on task 'Task 7592: adult (Supervised Classification)' succeeded to fit a model {learner: <LearnerClassifCompboost/LearnerClassif/Learner/R6>, result: <list>, messages: }
DEBUG [19:20:56.996] [mlr3]  Learner 'removeconstants_before.imputemedian_num.imputemode_fct.collapsefactors.removeconstants_after.bin_cwb_b' on task 'Task 7592: adult (Supervised Classification)' succeeded to fit a model {learner: <GraphLearner/Learner/R6>, result: <list>, messages: }
[2021-07-18 19:21:00] (1/1250) Processing iter 4
DEBUG [19:21:00.959] [mlr3]  Skip subsetting of task 'Task 7592: adult (Supervised Classification)' 
DEBUG [19:21:00.962] [mlr3]  Calling predict method of Learner 'removeconstants_before.imputemedian_num.imputemode_fct.collapsefactors.removeconstants_after.bin_cwb_b' on task 'Task 7592: adult (Supervised Classification)' with 39074 observations {learner: <GraphLearner/Learner/R6>}
DEBUG [19:21:00.985] Running PipeOp 'removeconstants_before$predict()' {pipeop: <PipeOpRemoveConstants/PipeOpTaskPreprocSimple/PipeOpTaskPreproc/PipeOp/R6>, input: <list>}
DEBUG [19:21:01.004] Running PipeOp 'imputemedian_num$predict()' {pipeop: <PipeOpImputeMedian/PipeOpImpute/PipeOp/R6>, input: <list>}
DEBUG [19:21:01.024] Running PipeOp 'imputemode_fct$predict()' {pipeop: <PipeOpImputeMode/PipeOpImpute/PipeOp/R6>, input: <list>}
DEBUG [19:21:01.083] Running PipeOp 'collapsefactors$predict()' {pipeop: <PipeOpCollapseFactors/PipeOpTaskPreprocSimple/PipeOpTaskPreproc/PipeOp/R6>, input: <list>}
DEBUG [19:21:01.157] Running PipeOp 'removeconstants_after$predict()' {pipeop: <PipeOpRemoveConstants/PipeOpTaskPreprocSimple/PipeOpTaskPreproc/PipeOp/R6>, input: <list>}
DEBUG [19:21:01.174] Running PipeOp 'bin_cwb_b$predict()' {pipeop: <PipeOpLearner/PipeOp/R6>, input: <list>}
DEBUG [19:21:01.182] [mlr3]  Skip subsetting of task 'Task 7592: adult (Supervised Classification)' 
DEBUG [19:21:01.185] [mlr3]  Calling predict method of Learner 'bin_cwb_b' on task 'Task 7592: adult (Supervised Classification)' with 39074 observations {learner: <LearnerClassifCompboost/LearnerClassif/Learner/R6>}
DEBUG [19:21:01.420] [mlr3]  Learner 'bin_cwb_b' returned an object of class 'PredictionDataClassif' {learner: <LearnerClassifCompboost/LearnerClassif/Learner/R6>, prediction: <PredictionDataClassif/PredictionData>, messages: }
DEBUG [19:21:01.430] [mlr3]  Learner 'removeconstants_before.imputemedian_num.imputemode_fct.collapsefactors.removeconstants_after.bin_cwb_b' returned an object of class 'PredictionDataClassif' {learner: <GraphLearner/Learner/R6>, prediction: <PredictionDataClassif/PredictionData>, messages: }
DEBUG [19:21:01.468] [mlr3]  Skip subsetting of task 'Task 7592: adult (Supervised Classification)' 
DEBUG [19:21:01.472] [mlr3]  Calling predict method of Learner 'removeconstants_before.imputemedian_num.imputemode_fct.collapsefactors.removeconstants_after.bin_cwb_b' on task 'Task 7592: adult (Supervised Classification)' with 9768 observations {learner: <GraphLearner/Learner/R6>}
DEBUG [19:21:01.499] Running PipeOp 'removeconstants_before$predict()' {pipeop: <PipeOpRemoveConstants/PipeOpTaskPreprocSimple/PipeOpTaskPreproc/PipeOp/R6>, input: <list>}
DEBUG [19:21:01.521] Running PipeOp 'imputemedian_num$predict()' {pipeop: <PipeOpImputeMedian/PipeOpImpute/PipeOp/R6>, input: <list>}
DEBUG [19:21:01.547] Running PipeOp 'imputemode_fct$predict()' {pipeop: <PipeOpImputeMode/PipeOpImpute/PipeOp/R6>, input: <list>}
DEBUG [19:21:01.641] Running PipeOp 'collapsefactors$predict()' {pipeop: <PipeOpCollapseFactors/PipeOpTaskPreprocSimple/PipeOpTaskPreproc/PipeOp/R6>, input: <list>}
DEBUG [19:21:01.687] Running PipeOp 'removeconstants_after$predict()' {pipeop: <PipeOpRemoveConstants/PipeOpTaskPreprocSimple/PipeOpTaskPreproc/PipeOp/R6>, input: <list>}
DEBUG [19:21:01.707] Running PipeOp 'bin_cwb_b$predict()' {pipeop: <PipeOpLearner/PipeOp/R6>, input: <list>}
DEBUG [19:21:01.716] [mlr3]  Skip subsetting of task 'Task 7592: adult (Supervised Classification)' 
DEBUG [19:21:01.719] [mlr3]  Calling predict method of Learner 'bin_cwb_b' on task 'Task 7592: adult (Supervised Classification)' with 9768 observations {learner: <LearnerClassifCompboost/LearnerClassif/Learner/R6>}
DEBUG [19:21:01.823] [mlr3]  Learner 'bin_cwb_b' returned an object of class 'PredictionDataClassif' {learner: <LearnerClassifCompboost/LearnerClassif/Learner/R6>, prediction: <PredictionDataClassif/PredictionData>, messages: }
DEBUG [19:21:01.832] [mlr3]  Learner 'removeconstants_before.imputemedian_num.imputemode_fct.collapsefactors.removeconstants_after.bin_cwb_b' returned an object of class 'PredictionDataClassif' {learner: <GraphLearner/Learner/R6>, prediction: <PredictionDataClassif/PredictionData>, messages: }
[2021-07-18 19:21:01] (2/1250) Processing iter 8
Error in self$model$setToIteration(iteration, trace) : 
  addition: incompatible matrix dimensions: 39074x1 and 197x1

### [bt]: Job terminated with an exception [batchtools job.id=37]
### [bt]: Calculation finished!
