### [bt]: This is batchtools v0.9.15
### [bt]: Starting calculation of 1 jobs
### [bt]: Setting working directory to '/home/user/repos/cacb-batchtools/eq1'
Loading required package: data.table
Loading required package: R6
Loading required package: mlr3
Loading required package: mlr3learners
Loading required package: mlr3extralearners

Attaching package: ‘mlr3extralearners’

The following objects are masked from ‘package:mlr3’:

    lrn, lrns

Loading required package: mlr3pipelines
Loading required package: mlr3tuning
Loading required package: paradox
Loading required package: compboost
[2021-08-02 01:16:40] Loading new learner LearnerClassifCWB
[2021-08-02 01:16:40] Loading new learner LearnerClassifHCWB
[2021-08-02 01:16:40] Loading new learner
[2021-08-02 01:16:40] Loading tasks
[2021-08-02 01:16:43] Loading resampling
### [bt]: Memory measurement disabled
### [bt]: Starting job [batchtools job.id=48]
### [bt]: Generating problem instance for problem '7592-fold5' ...
### [bt]: Applying algorithm 'evaluate-learner' on problem '7592-fold5' for job 48 (seed = 31463) ...
DEBUG [01:16:44.815] [mlr3]  Skip subsetting of task 'Task 7592: adult (Supervised Classification)' 
DEBUG [01:16:44.897] [mlr3]  Calling train method of Learner 'acc_acwb' on task 'Task 7592: adult (Supervised Classification)' with 39074 observations {learner: <LearnerClassifCWB/LearnerClassif/Learner/R6>}
Warning in checkCores(task, self$param_set$values$ncores) :
  Number of cores 30 exceeds number of features 14. The number of cores are set to 14!
   1/5000   risk = 0.53  oob_risk = 0.54   test_auc = 0.23   time = 3   val_auc = 0.22   
 125/5000   risk = 0.36  oob_risk = 0.36   test_auc = 0.1   time = 2246862   val_auc = 0.1   
 250/5000   risk = 0.32  oob_risk = 0.33   test_auc = 0.092   time = 4612344   val_auc = 0.094   
 375/5000   risk = 0.32  oob_risk = 0.34   test_auc = 0.09   time = 7015640   val_auc = 0.092   
 500/5000   risk = 0.33  oob_risk = 0.35   test_auc = 0.088   time = 9464906   val_auc = 0.091   
 625/5000   risk = 0.34  oob_risk = 0.36   test_auc = 0.087   time = 12117152   val_auc = 0.09   
 750/5000   risk = 0.35  oob_risk = 0.37   test_auc = 0.086   time = 15051882   val_auc = 0.089   
 875/5000   risk = 0.35  oob_risk = 0.37   test_auc = 0.086   time = 18052466   val_auc = 0.089   
1000/5000   risk = 0.35  oob_risk = 0.37   test_auc = 0.086   time = 21161056   val_auc = 0.088   
1125/5000   risk = 0.35  oob_risk = 0.37   test_auc = 0.086   time = 23968886   val_auc = 0.088   
1250/5000   risk = 0.35  oob_risk = 0.38   test_auc = 0.086   time = 26619215   val_auc = 0.088   
1375/5000   risk = 0.36  oob_risk = 0.38   test_auc = 0.086   time = 29695092   val_auc = 0.088   
1500/5000   risk = 0.36  oob_risk = 0.38   test_auc = 0.086   time = 32296411   val_auc = 0.088   
1625/5000   risk = 0.36  oob_risk = 0.38   test_auc = 0.086   time = 34951999   val_auc = 0.088   
1750/5000   risk = 0.36  oob_risk = 0.38   test_auc = 0.086   time = 37893636   val_auc = 0.088   
1875/5000   risk = 0.36  oob_risk = 0.38   test_auc = 0.086   time = 40541474   val_auc = 0.087   
2000/5000   risk = 0.36  oob_risk = 0.38   test_auc = 0.086   time = 43276930   val_auc = 0.087   
2125/5000   risk = 0.36  oob_risk = 0.39   test_auc = 0.088   time = 46253455   val_auc = 0.088   
2250/5000   risk = 0.37  oob_risk = 0.4   test_auc = 0.089   time = 49259688   val_auc = 0.091   
2375/5000   risk = 0.37  oob_risk = 0.4   test_auc = 0.089   time = 52406645   val_auc = 0.092   
2500/5000   risk = 0.37  oob_risk = 0.4   test_auc = 0.087   time = 55409340   val_auc = 0.091   
2625/5000   risk = 0.39  oob_risk = 0.42   test_auc = 0.091   time = 58556079   val_auc = 0.094   
2750/5000   risk = 0.42  oob_risk = 0.45   test_auc = 0.1   time = 61707009   val_auc = 0.1   
2875/5000   risk = 0.45  oob_risk = 0.48   test_auc = 0.11   time = 64661298   val_auc = 0.11   
3000/5000   risk = 0.45  oob_risk = 0.49   test_auc = 0.1   time = 67815455   val_auc = 0.11   
3125/5000   risk = 0.48  oob_risk = 0.52   test_auc = 0.1   time = 70866451   val_auc = 0.11   
3250/5000   risk = 0.53  oob_risk = 0.59   test_auc = 0.11   time = 74184264   val_auc = 0.12   
3375/5000   risk = 0.6  oob_risk = 0.66   test_auc = 0.12   time = 77472967   val_auc = 0.13   
3500/5000   risk = 0.67  oob_risk = 0.72   test_auc = 0.13   time = 80887338   val_auc = 0.14   
3625/5000   risk = 0.76  oob_risk = 0.79   test_auc = 0.14   time = 84454935   val_auc = 0.15   
3750/5000   risk = 0.85  oob_risk = 0.86   test_auc = 0.14   time = 87765598   val_auc = 0.15   
3875/5000   risk = 0.88  oob_risk = 0.88   test_auc = 0.14   time = 91067623   val_auc = 0.14   
4000/5000   risk = 0.91  oob_risk = 0.9   test_auc = 0.14   time = 94373490   val_auc = 0.14   
4125/5000   risk = 1  oob_risk = 1   test_auc = 0.14   time = 97678352   val_auc = 0.14   
4250/5000   risk = 1.2  oob_risk = 1.2   test_auc = 0.16   time = 100887430   val_auc = 0.16   
4375/5000   risk = 1.4  oob_risk = 1.5   test_auc = 0.17   time = 104161550   val_auc = 0.17   
4500/5000   risk = 1.5  oob_risk = 1.6   test_auc = 0.17   time = 107162436   val_auc = 0.17   
4625/5000   risk = 1.6  oob_risk = 1.7   test_auc = 0.16   time = 110457657   val_auc = 0.16   
4750/5000   risk = 1.7  oob_risk = 1.8   test_auc = 0.16   time = 113406157   val_auc = 0.16   
4875/5000   risk = 1.9  oob_risk = 2.1   test_auc = 0.17   time = 116475856   val_auc = 0.17   
5000/5000   risk = 2.2  oob_risk = 2.4   test_auc = 0.17   time = 119543814   val_auc = 0.18   


Train 5000 iterations in 121 Seconds.
Final risk based on the train set: 2.2

DEBUG [01:18:49.848] [mlr3]  Learner 'acc_acwb' on task 'Task 7592: adult (Supervised Classification)' succeeded to fit a model {learner: <LearnerClassifCWB/LearnerClassif/Learner/R6>, result: <list>, messages: }

### [bt]: Job terminated successfully [batchtools job.id=48]
### [bt]: Calculation finished!
