### [bt]: This is batchtools v0.9.15
### [bt]: Starting calculation of 1 jobs
### [bt]: Setting working directory to '/home/user/repos/cacb-batchtools/eq1'
[2021-07-26 18:52:42] Loading new learner
[2021-07-26 18:52:42] Loading tasks
[2021-07-26 18:52:45] Loading resampling
### [bt]: Memory measurement disabled
### [bt]: Starting job [batchtools job.id=93]
### [bt]: Generating problem instance for problem '189866-fold4' ...
### [bt]: Applying algorithm 'evaluate-learner' on problem '189866-fold4' for job 93 (seed = 31508) ...
DEBUG [18:52:50.208] [mlr3]  Skip subsetting of task 'Task 189866: albert (Supervised Classification)' 
DEBUG [18:52:50.226] [mlr3]  Calling train method of Learner 'acc_cwb' on task 'Task 189866: albert (Supervised Classification)' with 340192 observations {learner: <LearnerClassifCompboost/LearnerClassif/Learner/R6>}
INFO  [18:52:51.053] [mlr3]  [LGCOMPBOOST] Running compboost with df 5.000000 and df_cat 3.000000 
   1/5000   risk = 0.69  riskauc = 0.64   time = 2   
 125/5000   risk = 0.66  riskauc = 0.65   time = 25853890   
 250/5000   risk = 0.65  riskauc = 0.68   time = 51943991   
 375/5000   risk = 0.64  riskauc = 0.69   time = 77709489   
 500/5000   risk = 0.64  riskauc = 0.7   time = 103609202   
 625/5000   risk = 0.63  riskauc = 0.7   time = 129219159   
 750/5000   risk = 0.63  riskauc = 0.7   time = 154877831   
 875/5000   risk = 0.63  riskauc = 0.71   time = 180796231   
1000/5000   risk = 0.63  riskauc = 0.71   time = 207033251   
1125/5000   risk = 0.63  riskauc = 0.71   time = 233637354   
1250/5000   risk = 0.63  riskauc = 0.71   time = 259988466   
1375/5000   risk = 0.63  riskauc = 0.71   time = 285987773   
1500/5000   risk = 0.63  riskauc = 0.71   time = 312261158   
1625/5000   risk = 0.63  riskauc = 0.72   time = 338844169   
1750/5000   risk = 0.63  riskauc = 0.72   time = 365377859   
1875/5000   risk = 0.63  riskauc = 0.72   time = 391795264   
2000/5000   risk = 0.63  riskauc = 0.72   time = 418154164   
2125/5000   risk = 0.63  riskauc = 0.72   time = 444741085   
2250/5000   risk = 0.63  riskauc = 0.72   time = 471067575   
2375/5000   risk = 0.63  riskauc = 0.72   time = 497942541   
2500/5000   risk = 0.63  riskauc = 0.72   time = 524869386   
2625/5000   risk = 0.63  riskauc = 0.72   time = 551477647   
2750/5000   risk = 0.63  riskauc = 0.72   time = 578452601   
2875/5000   risk = 0.63  riskauc = 0.72   time = 605323194   
3000/5000   risk = 0.63  riskauc = 0.72   time = 632112319   
3125/5000   risk = 0.63  riskauc = 0.72   time = 658623070   
3250/5000   risk = 0.63  riskauc = 0.72   time = 685256869   
3375/5000   risk = 0.63  riskauc = 0.72   time = 712110229   
3500/5000   risk = 0.63  riskauc = 0.72   time = 739000992   
3625/5000   risk = 0.63  riskauc = 0.72   time = 765770699   
3750/5000   risk = 0.63  riskauc = 0.72   time = 792530747   
3875/5000   risk = 0.63  riskauc = 0.73   time = 819389227   
4000/5000   risk = 0.63  riskauc = 0.73   time = 845944619   
4125/5000   risk = 0.63  riskauc = 0.73   time = 872533864   
4250/5000   risk = 0.63  riskauc = 0.73   time = 899252328   
4375/5000   risk = 0.63  riskauc = 0.73   time = 925651282   
4500/5000   risk = 0.63  riskauc = 0.73   time = 952141980   
4625/5000   risk = 0.63  riskauc = 0.73   time = 978566017   
4750/5000   risk = 0.63  riskauc = 0.73   time = 1005165011   
4875/5000   risk = 0.64  riskauc = 0.73   time = 1031954862   
5000/5000   risk = 0.64  riskauc = 0.73   time = 1058482381   


Train 5000 iterations in 1058 Seconds.
Final risk based on the train set: 0.64

INFO  [19:10:47.431] [mlr3]  [LGCOMPBOOST] iterations:'stop_cwb',5000,'stop_acwb',NA,'stop_hcwb',NA 
INFO  [19:10:47.435] [mlr3]  [LGCOMPBOOST] risk_inbag:'risk_intercept',0.693147,'risk_cwb',0.635661,'risk_acwb',NA,'risk_hcwb',NA 
INFO  [19:10:47.436] [mlr3]  [LGCOMPBOOST] risk_oob:'risk_intercept_oob',NA,'risk_cwb_oob',NA,'risk_acwb_oob',NA,'risk_hcwb_oob',NA 
DEBUG [19:10:47.463] [mlr3]  Learner 'acc_cwb' on task 'Task 189866: albert (Supervised Classification)' succeeded to fit a model {learner: <LearnerClassifCompboost/LearnerClassif/Learner/R6>, result: <list>, messages: }
DEBUG [19:10:47.480] [mlr3]  Skip subsetting of task 'Task 189866: albert (Supervised Classification)' 
DEBUG [19:10:47.500] [mlr3]  Calling train method of Learner 'acc_cwb' on task 'Task 189866: albert (Supervised Classification)' with 340192 observations {learner: <LearnerClassifCompboost/LearnerClassif/Learner/R6>}
INFO  [19:10:48.057] [mlr3]  [LGCOMPBOOST] Running compboost with df 5.000000 and df_cat 3.000000 
   1/5000   risk = 0.69  time = 4   
 125/5000   risk = 0.66  time = 22971941   
 250/5000   risk = 0.65  time = 45897381   
 375/5000   risk = 0.64  time = 69258380   
 500/5000   risk = 0.64  time = 92505099   
 625/5000   risk = 0.63  time = 115875518   
 750/5000   risk = 0.63  time = 138842084   
 875/5000   risk = 0.63  time = 162222262   
1000/5000   risk = 0.63  time = 185460615   
1125/5000   risk = 0.63  time = 208776592   
1250/5000   risk = 0.63  time = 232244142   
1375/5000   risk = 0.63  time = 255533276   
1500/5000   risk = 0.63  time = 278877736   
1625/5000   risk = 0.63  time = 302252222   
1750/5000   risk = 0.63  time = 325365921   
1875/5000   risk = 0.63  time = 348602643   
2000/5000   risk = 0.63  time = 372050925   
2125/5000   risk = 0.63  time = 395064643   
2250/5000   risk = 0.63  time = 418303188   
2375/5000   risk = 0.63  time = 441256822   
2500/5000   risk = 0.63  time = 464359392   
2625/5000   risk = 0.63  time = 487389385   
2750/5000   risk = 0.63  time = 510441063   
2875/5000   risk = 0.63  time = 533663529   
3000/5000   risk = 0.63  time = 556930579   
3125/5000   risk = 0.63  time = 580401762   
3250/5000   risk = 0.63  time = 603307131   
3375/5000   risk = 0.63  time = 626100983   
3500/5000   risk = 0.63  time = 648769900   
3625/5000   risk = 0.63  time = 671639312   
3750/5000   risk = 0.63  time = 694697174   
3875/5000   risk = 0.63  time = 717544788   
4000/5000   risk = 0.63  time = 740448931   
4125/5000   risk = 0.63  time = 763337653   
4250/5000   risk = 0.63  time = 786009303   
4375/5000   risk = 0.63  time = 808914067   
4500/5000   risk = 0.63  time = 831960008   
4625/5000   risk = 0.63  time = 854847047   
4750/5000   risk = 0.63  time = 878063096   
4875/5000   risk = 0.64  time = 901116919   
5000/5000   risk = 0.64  time = 924339271   


Train 5000 iterations in 924 Seconds.
Final risk based on the train set: 0.64

INFO  [19:26:29.599] [mlr3]  [LGCOMPBOOST] iterations:'stop_cwb',5000,'stop_acwb',NA,'stop_hcwb',NA 
INFO  [19:26:29.602] [mlr3]  [LGCOMPBOOST] risk_inbag:'risk_intercept',0.693147,'risk_cwb',0.635661,'risk_acwb',NA,'risk_hcwb',NA 
INFO  [19:26:29.604] [mlr3]  [LGCOMPBOOST] risk_oob:'risk_intercept_oob',NA,'risk_cwb_oob',NA,'risk_acwb_oob',NA,'risk_hcwb_oob',NA 
DEBUG [19:26:29.629] [mlr3]  Learner 'acc_cwb' on task 'Task 189866: albert (Supervised Classification)' succeeded to fit a model {learner: <LearnerClassifCompboost/LearnerClassif/Learner/R6>, result: <list>, messages: }

### [bt]: Job terminated successfully [batchtools job.id=93]
### [bt]: Calculation finished!
