### [bt]: This is batchtools v0.9.15
### [bt]: Starting calculation of 1 jobs
### [bt]: Setting working directory to '/home/user/repos/cacb-batchtools/eq1'
[2021-07-28 23:38:42] Loading new learner
[2021-07-28 23:38:42] Loading tasks
[2021-07-28 23:38:45] Loading resampling
### [bt]: Memory measurement disabled
### [bt]: Starting job [batchtools job.id=101]
### [bt]: Generating problem instance for problem '9977-fold1' ...
### [bt]: Applying algorithm 'evaluate-learner' on problem '9977-fold1' for job 101 (seed = 31516) ...
DEBUG [23:38:48.016] [mlr3]  Skip subsetting of task 'Task 9977: nomao (Supervised Classification)' 
DEBUG [23:38:48.020] [mlr3]  Calling train method of Learner 'bin_cwb_nb' on task 'Task 9977: nomao (Supervised Classification)' with 27571 observations {learner: <LearnerClassifCompboost/LearnerClassif/Learner/R6>}
   1/5000   risk = 0.56  riskauc = 0.88   time = 2   
 125/5000   risk = 0.17  riskauc = 0.98   time = 3822546   
 250/5000   risk = 0.16  riskauc = 0.98   time = 7647882   
 375/5000   risk = 0.16  riskauc = 0.98   time = 11587217   
 500/5000   risk = 0.15  riskauc = 0.98   time = 15409277   
 625/5000   risk = 0.15  riskauc = 0.98   time = 19268538   
 750/5000   risk = 0.15  riskauc = 0.98   time = 23145494   
 875/5000   risk = 0.15  riskauc = 0.99   time = 27182054   
1000/5000   risk = 0.15  riskauc = 0.99   time = 31008140   
1125/5000   risk = 0.15  riskauc = 0.99   time = 34828006   
1250/5000   risk = 0.15  riskauc = 0.99   time = 38536767   
1375/5000   risk = 0.15  riskauc = 0.99   time = 42444712   
1500/5000   risk = 0.15  riskauc = 0.99   time = 46292518   
1625/5000   risk = 0.14  riskauc = 0.99   time = 50152369   
1750/5000   risk = 0.14  riskauc = 0.99   time = 53931334   
1875/5000   risk = 0.14  riskauc = 0.99   time = 57646354   
2000/5000   risk = 0.14  riskauc = 0.99   time = 61390755   
2125/5000   risk = 0.14  riskauc = 0.99   time = 65200466   
2250/5000   risk = 0.14  riskauc = 0.99   time = 68974320   
2375/5000   risk = 0.14  riskauc = 0.99   time = 72663634   
2500/5000   risk = 0.14  riskauc = 0.99   time = 76336707   
2625/5000   risk = 0.14  riskauc = 0.99   time = 80307480   
2750/5000   risk = 0.14  riskauc = 0.99   time = 83994139   
2875/5000   risk = 0.14  riskauc = 0.99   time = 87699363   
3000/5000   risk = 0.14  riskauc = 0.99   time = 91385026   
3125/5000   risk = 0.14  riskauc = 0.99   time = 95102329   
3250/5000   risk = 0.14  riskauc = 0.99   time = 98817215   
3375/5000   risk = 0.14  riskauc = 0.99   time = 102440150   
3500/5000   risk = 0.14  riskauc = 0.99   time = 106039473   
3625/5000   risk = 0.14  riskauc = 0.99   time = 109679278   
3750/5000   risk = 0.14  riskauc = 0.99   time = 113280473   
3875/5000   risk = 0.14  riskauc = 0.99   time = 116948561   
4000/5000   risk = 0.14  riskauc = 0.99   time = 120547393   
4125/5000   risk = 0.14  riskauc = 0.99   time = 124148876   
4250/5000   risk = 0.14  riskauc = 0.99   time = 128060021   
4375/5000   risk = 0.14  riskauc = 0.99   time = 131744506   
4500/5000   risk = 0.14  riskauc = 0.99   time = 135420472   
4625/5000   risk = 0.14  riskauc = 0.99   time = 139040716   
4750/5000   risk = 0.14  riskauc = 0.99   time = 142711481   
4875/5000   risk = 0.14  riskauc = 0.99   time = 146341261   
5000/5000   risk = 0.14  riskauc = 0.99   time = 149992433   


Train 5000 iterations in 150 Seconds.
Final risk based on the train set: 0.14

DEBUG [23:41:21.713] [mlr3]  Learner 'bin_cwb_nb' on task 'Task 9977: nomao (Supervised Classification)' succeeded to fit a model {learner: <LearnerClassifCompboost/LearnerClassif/Learner/R6>, result: <list>, messages: }
DEBUG [23:41:21.727] [mlr3]  Skip subsetting of task 'Task 9977: nomao (Supervised Classification)' 
DEBUG [23:41:21.731] [mlr3]  Calling train method of Learner 'bin_cwb_nb' on task 'Task 9977: nomao (Supervised Classification)' with 27571 observations {learner: <LearnerClassifCompboost/LearnerClassif/Learner/R6>}
   1/5000   risk = 0.56  time = 3   
 125/5000   risk = 0.17  time = 3483083   
 250/5000   risk = 0.16  time = 6940746   
 375/5000   risk = 0.16  time = 10470203   
 500/5000   risk = 0.15  time = 14062197   
 625/5000   risk = 0.15  time = 17581678   
 750/5000   risk = 0.15  time = 21087319   
 875/5000   risk = 0.15  time = 24718792   
1000/5000   risk = 0.15  time = 28287848   
1125/5000   risk = 0.15  time = 31750053   
1250/5000   risk = 0.15  time = 35283557   
1375/5000   risk = 0.15  time = 38833461   
1500/5000   risk = 0.15  time = 42385095   
1625/5000   risk = 0.14  time = 45961123   
1750/5000   risk = 0.14  time = 49525176   
1875/5000   risk = 0.14  time = 53063741   
2000/5000   risk = 0.14  time = 56702738   
2125/5000   risk = 0.14  time = 60322562   
2250/5000   risk = 0.14  time = 63964231   
2375/5000   risk = 0.14  time = 67645664   
2500/5000   risk = 0.14  time = 71227893   
2625/5000   risk = 0.14  time = 74803829   
2750/5000   risk = 0.14  time = 78421710   
2875/5000   risk = 0.14  time = 82001188   
3000/5000   risk = 0.14  time = 85594474   
3125/5000   risk = 0.14  time = 89141483   
3250/5000   risk = 0.14  time = 92692514   
3375/5000   risk = 0.14  time = 96277609   
3500/5000   risk = 0.14  time = 99832972   
3625/5000   risk = 0.14  time = 103400972   
3750/5000   risk = 0.14  time = 106969941   
3875/5000   risk = 0.14  time = 110500061   
4000/5000   risk = 0.14  time = 114092386   
4125/5000   risk = 0.14  time = 117664641   
4250/5000   risk = 0.14  time = 121298702   
4375/5000   risk = 0.14  time = 124934776   
4500/5000   risk = 0.14  time = 128591439   
4625/5000   risk = 0.14  time = 132213408   
4750/5000   risk = 0.14  time = 135840675   
4875/5000   risk = 0.14  time = 139502057   
5000/5000   risk = 0.14  time = 143182019   


Train 5000 iterations in 143 Seconds.
Final risk based on the train set: 0.14

DEBUG [23:43:48.645] [mlr3]  Learner 'bin_cwb_nb' on task 'Task 9977: nomao (Supervised Classification)' succeeded to fit a model {learner: <LearnerClassifCompboost/LearnerClassif/Learner/R6>, result: <list>, messages: }

### [bt]: Job terminated successfully [batchtools job.id=101]
### [bt]: Calculation finished!
