### [bt]: This is batchtools v0.9.15
### [bt]: Starting calculation of 1 jobs
### [bt]: Setting working directory to '/home/user/repos/cacb-batchtools/eq1'
Loading required package: data.table
Loading required package: R6
Loading required package: mlr3
Loading required package: mlr3learners
Loading required package: mlr3extralearners

Attaching package: ‘mlr3extralearners’

The following objects are masked from ‘package:mlr3’:

    lrn, lrns

Loading required package: mlr3pipelines
Loading required package: mlr3tuning
Loading required package: paradox
Loading required package: compboost
[2021-08-02 03:59:25] Loading new learner LearnerClassifCWB
[2021-08-02 03:59:25] Loading new learner LearnerClassifHCWB
[2021-08-02 03:59:25] Loading new learner
[2021-08-02 03:59:25] Loading tasks
[2021-08-02 03:59:29] Loading resampling
### [bt]: Memory measurement disabled
### [bt]: Starting job [batchtools job.id=74]
### [bt]: Generating problem instance for problem '168335-fold5' ...
### [bt]: Applying algorithm 'evaluate-learner' on problem '168335-fold5' for job 74 (seed = 31489) ...
DEBUG [03:59:31.820] [mlr3]  Skip subsetting of task 'Task 168335: MiniBooNE (Supervised Classification)' 
DEBUG [03:59:31.914] [mlr3]  Calling train method of Learner 'acc_hcwb' on task 'Task 168335: MiniBooNE (Supervised Classification)' with 104052 observations {learner: <LearnerClassifHCWB/LearnerClassif/Learner/R6>}
   1/5000   risk = 0.61  oob_risk = 0.61   riskauc = 0.12   time = 3   val_auc = 0.13   
 125/5000   risk = 0.2  oob_risk = 0.21   riskauc = 0.028   time = 12112433   val_auc = 0.027   
 250/5000   risk = 0.22  oob_risk = 0.24   riskauc = 0.026   time = 24227825   val_auc = 0.026   


Train 344 iterations in 34 Seconds.
Final risk based on the train set: 0.23

   1/4667   risk = 0.22  oob_risk = 0.25   riskauc = 0.026   time = 2   val_auc = 0.026   
 117/4667   risk = 0.23  oob_risk = 0.25   riskauc = 0.026   time = 6768742   val_auc = 0.026   
 234/4667   risk = 0.23  oob_risk = 0.25   riskauc = 0.026   time = 13246392   val_auc = 0.026   
 351/4667   risk = 0.23  oob_risk = 0.25   riskauc = 0.026   time = 20067462   val_auc = 0.026   
 468/4667   risk = 0.23  oob_risk = 0.25   riskauc = 0.025   time = 26719115   val_auc = 0.026   
 585/4667   risk = 0.23  oob_risk = 0.26   riskauc = 0.025   time = 33228951   val_auc = 0.026   
 702/4667   risk = 0.23  oob_risk = 0.26   riskauc = 0.025   time = 39665668   val_auc = 0.026   
 819/4667   risk = 0.23  oob_risk = 0.26   riskauc = 0.025   time = 46188325   val_auc = 0.025   
 936/4667   risk = 0.23  oob_risk = 0.26   riskauc = 0.025   time = 52590002   val_auc = 0.025   
1053/4667   risk = 0.23  oob_risk = 0.26   riskauc = 0.025   time = 59038901   val_auc = 0.025   
1170/4667   risk = 0.23  oob_risk = 0.26   riskauc = 0.025   time = 65378998   val_auc = 0.025   
1287/4667   risk = 0.23  oob_risk = 0.26   riskauc = 0.025   time = 71755770   val_auc = 0.025   
1404/4667   risk = 0.23  oob_risk = 0.26   riskauc = 0.025   time = 78174348   val_auc = 0.025   
1521/4667   risk = 0.23  oob_risk = 0.26   riskauc = 0.025   time = 84434703   val_auc = 0.025   
1638/4667   risk = 0.23  oob_risk = 0.26   riskauc = 0.025   time = 90780350   val_auc = 0.025   
1755/4667   risk = 0.23  oob_risk = 0.27   riskauc = 0.025   time = 97034872   val_auc = 0.025   
1872/4667   risk = 0.23  oob_risk = 0.27   riskauc = 0.025   time = 103618934   val_auc = 0.025   
1989/4667   risk = 0.23  oob_risk = 0.27   riskauc = 0.025   time = 109829817   val_auc = 0.025   
2106/4667   risk = 0.23  oob_risk = 0.27   riskauc = 0.025   time = 116299653   val_auc = 0.025   
2223/4667   risk = 0.23  oob_risk = 0.27   riskauc = 0.025   time = 122664422   val_auc = 0.025   
2340/4667   risk = 0.23  oob_risk = 0.27   riskauc = 0.025   time = 129037989   val_auc = 0.025   
2457/4667   risk = 0.23  oob_risk = 0.27   riskauc = 0.025   time = 135338088   val_auc = 0.025   
2574/4667   risk = 0.23  oob_risk = 0.27   riskauc = 0.025   time = 141697772   val_auc = 0.025   
2691/4667   risk = 0.23  oob_risk = 0.27   riskauc = 0.025   time = 148055369   val_auc = 0.025   
2808/4667   risk = 0.23  oob_risk = 0.27   riskauc = 0.025   time = 155045519   val_auc = 0.025   
2925/4667   risk = 0.23  oob_risk = 0.27   riskauc = 0.025   time = 162166494   val_auc = 0.025   
3042/4667   risk = 0.23  oob_risk = 0.27   riskauc = 0.025   time = 169225065   val_auc = 0.025   
3159/4667   risk = 0.23  oob_risk = 0.27   riskauc = 0.025   time = 176305300   val_auc = 0.025   
3276/4667   risk = 0.23  oob_risk = 0.27   riskauc = 0.025   time = 183323667   val_auc = 0.025   
3393/4667   risk = 0.23  oob_risk = 0.27   riskauc = 0.025   time = 190440760   val_auc = 0.025   
3510/4667   risk = 0.23  oob_risk = 0.27   riskauc = 0.025   time = 197357710   val_auc = 0.025   
3627/4667   risk = 0.23  oob_risk = 0.27   riskauc = 0.025   time = 204458243   val_auc = 0.025   
3744/4667   risk = 0.23  oob_risk = 0.27   riskauc = 0.025   time = 211456235   val_auc = 0.025   
3861/4667   risk = 0.23  oob_risk = 0.27   riskauc = 0.025   time = 218769960   val_auc = 0.025   
3978/4667   risk = 0.23  oob_risk = 0.27   riskauc = 0.025   time = 225674871   val_auc = 0.025   
4095/4667   risk = 0.23  oob_risk = 0.27   riskauc = 0.025   time = 232651342   val_auc = 0.025   
4212/4667   risk = 0.23  oob_risk = 0.27   riskauc = 0.025   time = 239508973   val_auc = 0.025   
4329/4667   risk = 0.23  oob_risk = 0.27   riskauc = 0.025   time = 246465527   val_auc = 0.025   
4446/4667   risk = 0.23  oob_risk = 0.28   riskauc = 0.025   time = 253573058   val_auc = 0.025   
4563/4667   risk = 0.23  oob_risk = 0.28   riskauc = 0.025   time = 260495127   val_auc = 0.025   


Train 4667 iterations in 267 Seconds.
Final risk based on the train set: 0.23

DEBUG [04:04:50.188] [mlr3]  Learner 'acc_hcwb' on task 'Task 168335: MiniBooNE (Supervised Classification)' succeeded to fit a model {learner: <LearnerClassifHCWB/LearnerClassif/Learner/R6>, result: <list>, messages: }

### [bt]: Job terminated successfully [batchtools job.id=74]
### [bt]: Calculation finished!
