### [bt]: This is batchtools v0.9.15
### [bt]: Starting calculation of 1 jobs
### [bt]: Setting working directory to '/home/user/repos/cacb-batchtools/eq1'
Loading required package: data.table
Loading required package: R6
Loading required package: mlr3
Loading required package: mlr3learners
Loading required package: mlr3extralearners

Attaching package: ‘mlr3extralearners’

The following objects are masked from ‘package:mlr3’:

    lrn, lrns

Loading required package: mlr3pipelines
Loading required package: mlr3tuning
Loading required package: paradox
Loading required package: compboost
[2021-08-02 16:08:16] Loading new learner LearnerClassifCWB
[2021-08-02 16:08:17] Loading new learner LearnerClassifHCWB
[2021-08-02 16:08:17] Loading new learner
[2021-08-02 16:08:17] Loading tasks
[2021-08-02 16:08:20] Loading resampling
### [bt]: Memory measurement disabled
### [bt]: Starting job [batchtools job.id=110]
### [bt]: Generating problem instance for problem '168908-fold2' ...
### [bt]: Applying algorithm 'evaluate-learner' on problem '168908-fold2' for job 110 (seed = 31525) ...
DEBUG [16:08:21.776] [mlr3]  Skip subsetting of task 'Task 168908: christine (Supervised Classification)' 
DEBUG [16:08:21.871] [mlr3]  Calling train method of Learner 'acc_hcwb' on task 'Task 168908: christine (Supervised Classification)' with 4334 observations {learner: <LearnerClassifHCWB/LearnerClassif/Learner/R6>}
   1/5000   risk = 0.68  oob_risk = 0.68   test_auc = 0.29   time = 2   val_auc = 0.29   
 125/5000   risk = 0.51  oob_risk = 0.56   test_auc = 0.22   time = 4727382   val_auc = 0.22   


Train 241 iterations in 10 Seconds.
Final risk based on the train set: 0.35

   1/4770   risk = 0.36  oob_risk = 0.58   test_auc = 0.21   time = 2   val_auc = 0.21   
 119/4770   risk = 0.37  oob_risk = 0.6   test_auc = 0.21   time = 3941922   val_auc = 0.2   
 238/4770   risk = 0.36  oob_risk = 0.61   test_auc = 0.2   time = 6665620   val_auc = 0.2   
 357/4770   risk = 0.36  oob_risk = 0.61   test_auc = 0.2   time = 9464957   val_auc = 0.2   
 476/4770   risk = 0.35  oob_risk = 0.62   test_auc = 0.2   time = 12458044   val_auc = 0.2   
 595/4770   risk = 0.34  oob_risk = 0.62   test_auc = 0.2   time = 15126376   val_auc = 0.2   
 714/4770   risk = 0.33  oob_risk = 0.62   test_auc = 0.2   time = 17990161   val_auc = 0.2   
 833/4770   risk = 0.32  oob_risk = 0.63   test_auc = 0.2   time = 20871645   val_auc = 0.2   
 952/4770   risk = 0.32  oob_risk = 0.63   test_auc = 0.2   time = 23671827   val_auc = 0.2   
1071/4770   risk = 0.31  oob_risk = 0.63   test_auc = 0.2   time = 26628946   val_auc = 0.2   
1190/4770   risk = 0.31  oob_risk = 0.64   test_auc = 0.2   time = 29557466   val_auc = 0.2   
1309/4770   risk = 0.3  oob_risk = 0.64   test_auc = 0.2   time = 32422627   val_auc = 0.2   
1428/4770   risk = 0.29  oob_risk = 0.64   test_auc = 0.2   time = 35139316   val_auc = 0.21   
1547/4770   risk = 0.29  oob_risk = 0.65   test_auc = 0.2   time = 37805511   val_auc = 0.21   
1666/4770   risk = 0.28  oob_risk = 0.65   test_auc = 0.2   time = 40586449   val_auc = 0.21   
1785/4770   risk = 0.28  oob_risk = 0.65   test_auc = 0.21   time = 43267805   val_auc = 0.21   
1904/4770   risk = 0.27  oob_risk = 0.65   test_auc = 0.21   time = 46000325   val_auc = 0.21   
2023/4770   risk = 0.27  oob_risk = 0.66   test_auc = 0.21   time = 48603674   val_auc = 0.21   
2142/4770   risk = 0.26  oob_risk = 0.66   test_auc = 0.21   time = 51221769   val_auc = 0.21   
2261/4770   risk = 0.26  oob_risk = 0.66   test_auc = 0.21   time = 53982829   val_auc = 0.21   
2380/4770   risk = 0.25  oob_risk = 0.66   test_auc = 0.21   time = 56691318   val_auc = 0.21   
2499/4770   risk = 0.25  oob_risk = 0.67   test_auc = 0.21   time = 59433575   val_auc = 0.21   
2618/4770   risk = 0.25  oob_risk = 0.67   test_auc = 0.21   time = 62082765   val_auc = 0.21   
2737/4770   risk = 0.24  oob_risk = 0.67   test_auc = 0.21   time = 64850644   val_auc = 0.21   
2856/4770   risk = 0.24  oob_risk = 0.68   test_auc = 0.21   time = 67542121   val_auc = 0.21   
2975/4770   risk = 0.23  oob_risk = 0.68   test_auc = 0.21   time = 70494585   val_auc = 0.21   
3094/4770   risk = 0.23  oob_risk = 0.68   test_auc = 0.21   time = 73128820   val_auc = 0.21   
3213/4770   risk = 0.23  oob_risk = 0.68   test_auc = 0.21   time = 75854483   val_auc = 0.21   
3332/4770   risk = 0.22  oob_risk = 0.69   test_auc = 0.21   time = 78689458   val_auc = 0.21   
3451/4770   risk = 0.22  oob_risk = 0.69   test_auc = 0.21   time = 81482663   val_auc = 0.21   
3570/4770   risk = 0.22  oob_risk = 0.69   test_auc = 0.21   time = 84122806   val_auc = 0.21   
3689/4770   risk = 0.21  oob_risk = 0.69   test_auc = 0.21   time = 86860442   val_auc = 0.21   
3808/4770   risk = 0.21  oob_risk = 0.7   test_auc = 0.21   time = 89595460   val_auc = 0.21   
3927/4770   risk = 0.21  oob_risk = 0.7   test_auc = 0.21   time = 92225542   val_auc = 0.21   
4046/4770   risk = 0.2  oob_risk = 0.7   test_auc = 0.21   time = 94923650   val_auc = 0.21   
4165/4770   risk = 0.2  oob_risk = 0.7   test_auc = 0.21   time = 97799043   val_auc = 0.21   
4284/4770   risk = 0.2  oob_risk = 0.71   test_auc = 0.21   time = 100490891   val_auc = 0.21   
4403/4770   risk = 0.19  oob_risk = 0.71   test_auc = 0.21   time = 103265569   val_auc = 0.21   
4522/4770   risk = 0.19  oob_risk = 0.71   test_auc = 0.21   time = 106014961   val_auc = 0.21   
4641/4770   risk = 0.19  oob_risk = 0.71   test_auc = 0.21   time = 108621797   val_auc = 0.21   
4760/4770   risk = 0.19  oob_risk = 0.72   test_auc = 0.21   time = 111355614   val_auc = 0.21   


Train 4770 iterations in 112 Seconds.
Final risk based on the train set: 0.19

DEBUG [16:11:27.331] [mlr3]  Learner 'acc_hcwb' on task 'Task 168908: christine (Supervised Classification)' succeeded to fit a model {learner: <LearnerClassifHCWB/LearnerClassif/Learner/R6>, result: <list>, messages: }

### [bt]: Job terminated successfully [batchtools job.id=110]
### [bt]: Calculation finished!
