### [bt]: This is batchtools v0.9.15
### [bt]: Starting calculation of 1 jobs
### [bt]: Setting working directory to '/home/user/repos/cacb-batchtools/eq1'
[2021-07-25 19:31:28] Loading new learner
[2021-07-25 19:31:28] Loading tasks
[2021-07-25 19:31:31] Loading resampling
### [bt]: Memory measurement disabled
### [bt]: Starting job [batchtools job.id=1]
### [bt]: Generating problem instance for problem 'spam-fold1' ...
### [bt]: Applying algorithm 'evaluate-learner' on problem 'spam-fold1' for job 1 (seed = 31416) ...
DEBUG [19:31:31.978] [mlr3]  Skip subsetting of task 'spam' 
DEBUG [19:31:32.062] [mlr3]  Calling train method of Learner 'bin_cwb_nb' on task 'spam' with 3680 observations {learner: <LearnerClassifCompboost/LearnerClassif/Learner/R6>}
INFO  [19:31:32.081] [mlr3]  [LGCOMPBOOST] Running compboost with df 20.000000 and df_cat 1.000000 
   1/5000   risk = 0.64  riskauc = 0.78   time = 2   
 125/5000   risk = 0.23  riskauc = 0.97   time = 1205536   
 250/5000   risk = 0.2  riskauc = 0.98   time = 2343064   
 375/5000   risk = 0.18  riskauc = 0.98   time = 3559204   
 500/5000   risk = 0.17  riskauc = 0.98   time = 4742297   
 625/5000   risk = 0.17  riskauc = 0.98   time = 5940899   
 750/5000   risk = 0.16  riskauc = 0.98   time = 7153713   
 875/5000   risk = 0.16  riskauc = 0.98   time = 8310815   
1000/5000   risk = 0.16  riskauc = 0.98   time = 9476016   
1125/5000   risk = 0.15  riskauc = 0.98   time = 10640683   
1250/5000   risk = 0.15  riskauc = 0.98   time = 11861355   
1375/5000   risk = 0.15  riskauc = 0.98   time = 13108713   
1500/5000   risk = 0.15  riskauc = 0.98   time = 14279502   
1625/5000   risk = 0.14  riskauc = 0.98   time = 15477033   
1750/5000   risk = 0.14  riskauc = 0.98   time = 16635690   
1875/5000   risk = 0.14  riskauc = 0.98   time = 17751630   
2000/5000   risk = 0.14  riskauc = 0.98   time = 18983309   
2125/5000   risk = 0.14  riskauc = 0.98   time = 20156507   
2250/5000   risk = 0.14  riskauc = 0.98   time = 21311458   
2375/5000   risk = 0.13  riskauc = 0.98   time = 22495344   
2500/5000   risk = 0.13  riskauc = 0.98   time = 23594595   
2625/5000   risk = 0.13  riskauc = 0.98   time = 24904167   
2750/5000   risk = 0.13  riskauc = 0.98   time = 26152022   
2875/5000   risk = 0.13  riskauc = 0.98   time = 27331331   
3000/5000   risk = 0.13  riskauc = 0.98   time = 28479508   
3125/5000   risk = 0.13  riskauc = 0.98   time = 29580142   
3250/5000   risk = 0.13  riskauc = 0.98   time = 30685547   
3375/5000   risk = 0.13  riskauc = 0.98   time = 31822579   
3500/5000   risk = 0.13  riskauc = 0.98   time = 33024216   
3625/5000   risk = 0.12  riskauc = 0.98   time = 34217606   
3750/5000   risk = 0.12  riskauc = 0.98   time = 35340542   
3875/5000   risk = 0.12  riskauc = 0.98   time = 36458165   
4000/5000   risk = 0.12  riskauc = 0.98   time = 37628801   
4125/5000   risk = 0.12  riskauc = 0.98   time = 38747233   
4250/5000   risk = 0.12  riskauc = 0.98   time = 40004214   
4375/5000   risk = 0.12  riskauc = 0.98   time = 41082734   
4500/5000   risk = 0.12  riskauc = 0.98   time = 42293901   
4625/5000   risk = 0.12  riskauc = 0.98   time = 43427014   
4750/5000   risk = 0.12  riskauc = 0.98   time = 44608536   
4875/5000   risk = 0.12  riskauc = 0.98   time = 45748286   
5000/5000   risk = 0.12  riskauc = 0.98   time = 46922339   


Train 5000 iterations in 48 Seconds.
Final risk based on the train set: 0.12

INFO  [19:32:29.269] [mlr3]  [LGCOMPBOOST] iterations:'stop_cwb',5000,'stop_acwb',NA,'stop_hcwb',NA 
INFO  [19:32:29.271] [mlr3]  [LGCOMPBOOST] risk_inbag:'risk_intercept',0.670513,'risk_cwb',0.117500,'risk_acwb',NA,'risk_hcwb',NA 
INFO  [19:32:29.273] [mlr3]  [LGCOMPBOOST] risk_oob:'risk_intercept_oob',NA,'risk_cwb_oob',NA,'risk_acwb_oob',NA,'risk_hcwb_oob',NA 
DEBUG [19:32:29.278] [mlr3]  Learner 'bin_cwb_nb' on task 'spam' succeeded to fit a model {learner: <LearnerClassifCompboost/LearnerClassif/Learner/R6>, result: <list>, messages: }
DEBUG [19:32:29.290] [mlr3]  Skip subsetting of task 'spam' 
DEBUG [19:32:29.293] [mlr3]  Calling train method of Learner 'bin_cwb_nb' on task 'spam' with 3680 observations {learner: <LearnerClassifCompboost/LearnerClassif/Learner/R6>}
INFO  [19:32:29.305] [mlr3]  [LGCOMPBOOST] Running compboost with df 20.000000 and df_cat 1.000000 
   1/5000   risk = 0.64  time = 2   
 125/5000   risk = 0.23  time = 997373   
 250/5000   risk = 0.2  time = 2036867   
 375/5000   risk = 0.18  time = 3115562   
 500/5000   risk = 0.17  time = 4177246   
 625/5000   risk = 0.17  time = 5272903   
 750/5000   risk = 0.16  time = 6358989   
 875/5000   risk = 0.16  time = 7372387   
1000/5000   risk = 0.16  time = 8525570   
1125/5000   risk = 0.15  time = 9622184   
1250/5000   risk = 0.15  time = 10638301   
1375/5000   risk = 0.15  time = 11737015   
1500/5000   risk = 0.15  time = 12806178   
1625/5000   risk = 0.14  time = 13896604   
1750/5000   risk = 0.14  time = 15030947   
1875/5000   risk = 0.14  time = 16175394   
2000/5000   risk = 0.14  time = 17304056   
2125/5000   risk = 0.14  time = 18396158   
2250/5000   risk = 0.14  time = 19486118   
2375/5000   risk = 0.13  time = 20631897   
2500/5000   risk = 0.13  time = 21793493   
2625/5000   risk = 0.13  time = 22828741   
2750/5000   risk = 0.13  time = 23919407   
2875/5000   risk = 0.13  time = 25028480   
3000/5000   risk = 0.13  time = 26213901   
3125/5000   risk = 0.13  time = 27419241   
3250/5000   risk = 0.13  time = 28550038   
3375/5000   risk = 0.13  time = 29739260   
3500/5000   risk = 0.13  time = 31044739   
3625/5000   risk = 0.12  time = 32230534   
3750/5000   risk = 0.12  time = 33363245   
3875/5000   risk = 0.12  time = 34486726   
4000/5000   risk = 0.12  time = 35622296   
4125/5000   risk = 0.12  time = 36750411   
4250/5000   risk = 0.12  time = 37883826   
4375/5000   risk = 0.12  time = 38945996   
4500/5000   risk = 0.12  time = 40068797   
4625/5000   risk = 0.12  time = 41226179   
4750/5000   risk = 0.12  time = 42416373   
4875/5000   risk = 0.12  time = 43602306   
5000/5000   risk = 0.12  time = 44741279   


Train 5000 iterations in 44 Seconds.
Final risk based on the train set: 0.12

INFO  [19:33:23.210] [mlr3]  [LGCOMPBOOST] iterations:'stop_cwb',5000,'stop_acwb',NA,'stop_hcwb',NA 
INFO  [19:33:23.213] [mlr3]  [LGCOMPBOOST] risk_inbag:'risk_intercept',0.670513,'risk_cwb',0.117500,'risk_acwb',NA,'risk_hcwb',NA 
INFO  [19:33:23.215] [mlr3]  [LGCOMPBOOST] risk_oob:'risk_intercept_oob',NA,'risk_cwb_oob',NA,'risk_acwb_oob',NA,'risk_hcwb_oob',NA 
DEBUG [19:33:23.220] [mlr3]  Learner 'bin_cwb_nb' on task 'spam' succeeded to fit a model {learner: <LearnerClassifCompboost/LearnerClassif/Learner/R6>, result: <list>, messages: }

### [bt]: Job terminated successfully [batchtools job.id=1]
### [bt]: Calculation finished!
