### [bt]: This is batchtools v0.9.15
### [bt]: Starting calculation of 1 jobs
### [bt]: Setting working directory to '/home/user/repos/cacb-batchtools/eq1'
[2021-07-29 01:11:09] Loading new learner
[2021-07-29 01:11:09] Loading tasks
[2021-07-29 01:11:13] Loading resampling
### [bt]: Memory measurement disabled
### [bt]: Starting job [batchtools job.id=118]
### [bt]: Generating problem instance for problem '9977-fold5' ...
### [bt]: Applying algorithm 'evaluate-learner' on problem '9977-fold5' for job 118 (seed = 31533) ...
DEBUG [01:11:13.932] [mlr3]  Skip subsetting of task 'Task 9977: nomao (Supervised Classification)' 
DEBUG [01:11:13.935] [mlr3]  Calling train method of Learner 'bin_cwb_b' on task 'Task 9977: nomao (Supervised Classification)' with 27573 observations {learner: <LearnerClassifCompboost/LearnerClassif/Learner/R6>}
   1/5000   risk = 0.56  riskauc = 0.89   time = 2   
 125/5000   risk = 0.17  riskauc = 0.98   time = 1868763   
 250/5000   risk = 0.16  riskauc = 0.98   time = 3678925   
 375/5000   risk = 0.16  riskauc = 0.98   time = 5420287   
 500/5000   risk = 0.15  riskauc = 0.98   time = 7206033   
 625/5000   risk = 0.15  riskauc = 0.98   time = 9076872   
 750/5000   risk = 0.15  riskauc = 0.99   time = 10911515   
 875/5000   risk = 0.15  riskauc = 0.99   time = 12814559   
1000/5000   risk = 0.15  riskauc = 0.99   time = 14684388   
1125/5000   risk = 0.15  riskauc = 0.99   time = 16493243   
1250/5000   risk = 0.15  riskauc = 0.99   time = 18516731   
1375/5000   risk = 0.15  riskauc = 0.99   time = 20439187   
1500/5000   risk = 0.15  riskauc = 0.99   time = 22336136   
1625/5000   risk = 0.15  riskauc = 0.99   time = 24321861   
1750/5000   risk = 0.14  riskauc = 0.99   time = 26332523   
1875/5000   risk = 0.14  riskauc = 0.99   time = 28443152   
2000/5000   risk = 0.14  riskauc = 0.99   time = 30328912   
2125/5000   risk = 0.14  riskauc = 0.99   time = 32292753   
2250/5000   risk = 0.14  riskauc = 0.99   time = 34131348   
2375/5000   risk = 0.14  riskauc = 0.99   time = 36058391   
2500/5000   risk = 0.14  riskauc = 0.99   time = 37928685   
2625/5000   risk = 0.14  riskauc = 0.99   time = 39789926   
2750/5000   risk = 0.14  riskauc = 0.99   time = 41624194   
2875/5000   risk = 0.14  riskauc = 0.99   time = 43558040   
3000/5000   risk = 0.14  riskauc = 0.99   time = 45356255   
3125/5000   risk = 0.14  riskauc = 0.99   time = 47191685   
3250/5000   risk = 0.14  riskauc = 0.99   time = 49015244   
3375/5000   risk = 0.14  riskauc = 0.99   time = 50902491   
3500/5000   risk = 0.14  riskauc = 0.99   time = 52777925   
3625/5000   risk = 0.14  riskauc = 0.99   time = 54734284   
3750/5000   risk = 0.14  riskauc = 0.99   time = 56668754   
3875/5000   risk = 0.14  riskauc = 0.99   time = 58541954   
4000/5000   risk = 0.14  riskauc = 0.99   time = 60681171   
4125/5000   risk = 0.14  riskauc = 0.99   time = 62683567   
4250/5000   risk = 0.14  riskauc = 0.99   time = 64698356   
4375/5000   risk = 0.14  riskauc = 0.99   time = 66674741   
4500/5000   risk = 0.14  riskauc = 0.99   time = 68535215   
4625/5000   risk = 0.14  riskauc = 0.99   time = 70373681   
4750/5000   risk = 0.14  riskauc = 0.99   time = 72348421   
4875/5000   risk = 0.14  riskauc = 0.99   time = 74203139   
5000/5000   risk = 0.14  riskauc = 0.99   time = 76236917   


Train 5000 iterations in 76 Seconds.
Final risk based on the train set: 0.14

DEBUG [01:12:33.349] [mlr3]  Learner 'bin_cwb_b' on task 'Task 9977: nomao (Supervised Classification)' succeeded to fit a model {learner: <LearnerClassifCompboost/LearnerClassif/Learner/R6>, result: <list>, messages: }
DEBUG [01:12:33.364] [mlr3]  Skip subsetting of task 'Task 9977: nomao (Supervised Classification)' 
DEBUG [01:12:33.368] [mlr3]  Calling train method of Learner 'bin_cwb_b' on task 'Task 9977: nomao (Supervised Classification)' with 27573 observations {learner: <LearnerClassifCompboost/LearnerClassif/Learner/R6>}
   1/5000   risk = 0.56  time = 2   
 125/5000   risk = 0.17  time = 1327929   
 250/5000   risk = 0.16  time = 2732328   
 375/5000   risk = 0.16  time = 4069107   
 500/5000   risk = 0.15  time = 5335584   
 625/5000   risk = 0.15  time = 6703289   
 750/5000   risk = 0.15  time = 8041139   
 875/5000   risk = 0.15  time = 9294863   
1000/5000   risk = 0.15  time = 10712805   
1125/5000   risk = 0.15  time = 11953756   
1250/5000   risk = 0.15  time = 13300517   
1375/5000   risk = 0.15  time = 14680679   
1500/5000   risk = 0.15  time = 15989132   
1625/5000   risk = 0.15  time = 17360871   
1750/5000   risk = 0.14  time = 18750545   
1875/5000   risk = 0.14  time = 20088370   
2000/5000   risk = 0.14  time = 21542547   
2125/5000   risk = 0.14  time = 22875449   
2250/5000   risk = 0.14  time = 24287452   
2375/5000   risk = 0.14  time = 25693302   
2500/5000   risk = 0.14  time = 27221478   
2625/5000   risk = 0.14  time = 28797507   
2750/5000   risk = 0.14  time = 30287540   
2875/5000   risk = 0.14  time = 31899140   
3000/5000   risk = 0.14  time = 33255449   
3125/5000   risk = 0.14  time = 34686282   
3250/5000   risk = 0.14  time = 36095182   
3375/5000   risk = 0.14  time = 37538999   
3500/5000   risk = 0.14  time = 38953269   
3625/5000   risk = 0.14  time = 40445235   
3750/5000   risk = 0.14  time = 41916800   
3875/5000   risk = 0.14  time = 43419105   
4000/5000   risk = 0.14  time = 44972046   
4125/5000   risk = 0.14  time = 46416149   
4250/5000   risk = 0.14  time = 47903529   
4375/5000   risk = 0.14  time = 49329077   
4500/5000   risk = 0.14  time = 50800646   
4625/5000   risk = 0.14  time = 52332251   
4750/5000   risk = 0.14  time = 53782664   
4875/5000   risk = 0.14  time = 55168880   
5000/5000   risk = 0.14  time = 56708231   


Train 5000 iterations in 56 Seconds.
Final risk based on the train set: 0.14

DEBUG [01:13:32.999] [mlr3]  Learner 'bin_cwb_b' on task 'Task 9977: nomao (Supervised Classification)' succeeded to fit a model {learner: <LearnerClassifCompboost/LearnerClassif/Learner/R6>, result: <list>, messages: }

### [bt]: Job terminated successfully [batchtools job.id=118]
### [bt]: Calculation finished!
