### [bt]: This is batchtools v0.9.15
### [bt]: Starting calculation of 1 jobs
### [bt]: Setting working directory to '/home/user/repos/cacb-batchtools/eq1'
[2021-07-28 23:46:41] Loading new learner
[2021-07-28 23:46:41] Loading tasks
[2021-07-28 23:46:43] Loading resampling
### [bt]: Memory measurement disabled
### [bt]: Starting job [batchtools job.id=103]
### [bt]: Generating problem instance for problem '9977-fold1' ...
### [bt]: Applying algorithm 'evaluate-learner' on problem '9977-fold1' for job 103 (seed = 31518) ...
DEBUG [23:46:44.826] [mlr3]  Skip subsetting of task 'Task 9977: nomao (Supervised Classification)' 
DEBUG [23:46:44.830] [mlr3]  Calling train method of Learner 'acc_acwb' on task 'Task 9977: nomao (Supervised Classification)' with 27571 observations {learner: <LearnerClassifCompboost/LearnerClassif/Learner/R6>}
   1/5000   risk = 0.56  riskauc = 0.88   time = 2   
 125/5000   risk = 0.21  riskauc = 0.97   time = 7375756   
 250/5000   risk = 0.14  riskauc = 0.99   time = 15187213   
 375/5000   risk = 0.12  riskauc = 0.99   time = 22780913   
 500/5000   risk = 0.11  riskauc = 0.99   time = 29812145   
 625/5000   risk = 0.11  riskauc = 0.99   time = 36492699   
 750/5000   risk = 0.11  riskauc = 0.99   time = 43224728   
 875/5000   risk = 0.11  riskauc = 0.99   time = 49788050   
1000/5000   risk = 0.11  riskauc = 0.99   time = 56683134   
1125/5000   risk = 0.11  riskauc = 0.99   time = 63331813   
1250/5000   risk = 0.11  riskauc = 0.99   time = 69885643   
1375/5000   risk = 0.11  riskauc = 0.99   time = 76456156   
1500/5000   risk = 0.11  riskauc = 0.99   time = 82927764   
1625/5000   risk = 0.11  riskauc = 0.99   time = 89287032   
1750/5000   risk = 0.11  riskauc = 0.99   time = 97106588   
1875/5000   risk = 0.11  riskauc = 0.99   time = 103580707   
2000/5000   risk = 0.11  riskauc = 0.99   time = 110151302   
2125/5000   risk = 0.11  riskauc = 0.99   time = 116705852   
2250/5000   risk = 0.11  riskauc = 0.99   time = 123101188   
2375/5000   risk = 0.12  riskauc = 0.99   time = 129510562   
2500/5000   risk = 0.12  riskauc = 0.99   time = 135928874   
2625/5000   risk = 0.12  riskauc = 0.99   time = 142257375   
2750/5000   risk = 0.12  riskauc = 0.99   time = 148524531   
2875/5000   risk = 0.12  riskauc = 0.99   time = 154977361   
3000/5000   risk = 0.12  riskauc = 0.99   time = 161475356   
3125/5000   risk = 0.13  riskauc = 0.99   time = 167946436   
3250/5000   risk = 0.13  riskauc = 0.99   time = 174437073   
3375/5000   risk = 0.14  riskauc = 0.99   time = 181213411   
3500/5000   risk = 0.14  riskauc = 0.99   time = 187771695   
3625/5000   risk = 0.15  riskauc = 0.99   time = 194438552   
3750/5000   risk = 0.15  riskauc = 0.99   time = 201103512   
3875/5000   risk = 0.16  riskauc = 0.99   time = 207733418   
4000/5000   risk = 0.16  riskauc = 0.99   time = 214307810   
4125/5000   risk = 0.17  riskauc = 0.99   time = 220847929   
4250/5000   risk = 0.18  riskauc = 0.98   time = 227281305   
4375/5000   risk = 0.19  riskauc = 0.98   time = 233766585   
4500/5000   risk = 0.21  riskauc = 0.98   time = 240257375   
4625/5000   risk = 0.23  riskauc = 0.98   time = 246895309   
4750/5000   risk = 0.25  riskauc = 0.98   time = 253383766   
4875/5000   risk = 0.26  riskauc = 0.98   time = 259889038   
5000/5000   risk = 0.28  riskauc = 0.98   time = 266737816   


Train 5000 iterations in 266 Seconds.
Final risk based on the train set: 0.28

DEBUG [23:51:15.650] [mlr3]  Learner 'acc_acwb' on task 'Task 9977: nomao (Supervised Classification)' succeeded to fit a model {learner: <LearnerClassifCompboost/LearnerClassif/Learner/R6>, result: <list>, messages: }
DEBUG [23:51:15.662] [mlr3]  Skip subsetting of task 'Task 9977: nomao (Supervised Classification)' 
DEBUG [23:51:15.665] [mlr3]  Calling train method of Learner 'acc_acwb' on task 'Task 9977: nomao (Supervised Classification)' with 27571 observations {learner: <LearnerClassifCompboost/LearnerClassif/Learner/R6>}
   1/5000   risk = 0.56  time = 2   
 125/5000   risk = 0.21  time = 6053278   
 250/5000   risk = 0.14  time = 12231606   
 375/5000   risk = 0.12  time = 18548057   
 500/5000   risk = 0.11  time = 24843893   
 625/5000   risk = 0.11  time = 31276798   
 750/5000   risk = 0.11  time = 37759443   
 875/5000   risk = 0.11  time = 44600346   
1000/5000   risk = 0.11  time = 51689692   
1125/5000   risk = 0.11  time = 58826519   
1250/5000   risk = 0.11  time = 66044637   
1375/5000   risk = 0.11  time = 73271186   
1500/5000   risk = 0.11  time = 80414324   
1625/5000   risk = 0.11  time = 87604600   
1750/5000   risk = 0.11  time = 94752294   
1875/5000   risk = 0.11  time = 101867226   
2000/5000   risk = 0.11  time = 109055505   
2125/5000   risk = 0.11  time = 116274234   
2250/5000   risk = 0.11  time = 123502348   
2375/5000   risk = 0.12  time = 130780059   
2500/5000   risk = 0.12  time = 138013097   
2625/5000   risk = 0.12  time = 145241018   
2750/5000   risk = 0.12  time = 152619720   
2875/5000   risk = 0.12  time = 159957980   
3000/5000   risk = 0.12  time = 167332963   
3125/5000   risk = 0.13  time = 174787846   
3250/5000   risk = 0.13  time = 182201475   
3375/5000   risk = 0.14  time = 189660422   
3500/5000   risk = 0.14  time = 197048922   
3625/5000   risk = 0.15  time = 204303710   
3750/5000   risk = 0.15  time = 211581367   
3875/5000   risk = 0.16  time = 218839823   
4000/5000   risk = 0.16  time = 226049853   
4125/5000   risk = 0.17  time = 233300276   
4250/5000   risk = 0.18  time = 240457960   
4375/5000   risk = 0.19  time = 247620906   
4500/5000   risk = 0.21  time = 254832231   
4625/5000   risk = 0.23  time = 262044231   
4750/5000   risk = 0.25  time = 269175464   
4875/5000   risk = 0.26  time = 276343190   
5000/5000   risk = 0.28  time = 283621244   


Train 5000 iterations in 283 Seconds.
Final risk based on the train set: 0.28

DEBUG [23:56:03.297] [mlr3]  Learner 'acc_acwb' on task 'Task 9977: nomao (Supervised Classification)' succeeded to fit a model {learner: <LearnerClassifCompboost/LearnerClassif/Learner/R6>, result: <list>, messages: }

### [bt]: Job terminated successfully [batchtools job.id=103]
### [bt]: Calculation finished!
