### [bt]: This is batchtools v0.9.15
### [bt]: Starting calculation of 1 jobs
### [bt]: Setting working directory to '/home/user/repos/cacb-batchtools/eq1'
Loading required package: data.table
Loading required package: R6
Loading required package: mlr3
Loading required package: mlr3learners
Loading required package: mlr3extralearners

Attaching package: ‘mlr3extralearners’

The following objects are masked from ‘package:mlr3’:

    lrn, lrns

Loading required package: mlr3pipelines
Loading required package: mlr3tuning
Loading required package: paradox
Loading required package: compboost
[2021-08-02 06:35:37] Loading new learner LearnerClassifCWB
[2021-08-02 06:35:37] Loading new learner LearnerClassifHCWB
[2021-08-02 06:35:37] Loading new learner
[2021-08-02 06:35:37] Loading tasks
[2021-08-02 06:35:40] Loading resampling
### [bt]: Memory measurement disabled
### [bt]: Starting job [batchtools job.id=83]
### [bt]: Generating problem instance for problem '189866-fold2' ...
### [bt]: Applying algorithm 'evaluate-learner' on problem '189866-fold2' for job 83 (seed = 31498) ...
DEBUG [06:35:46.203] [mlr3]  Skip subsetting of task 'Task 189866: albert (Supervised Classification)' 
DEBUG [06:35:46.296] [mlr3]  Calling train method of Learner 'acc_acwb' on task 'Task 189866: albert (Supervised Classification)' with 340192 observations {learner: <LearnerClassifCWB/LearnerClassif/Learner/R6>}
   1/5000   risk = 0.69  oob_risk = 0.69   test_auc = 0.36   time = 16   val_auc = 0.36   
 125/5000   risk = 0.62  oob_risk = 0.62   test_auc = 0.28   time = 35565585   val_auc = 0.28   
 250/5000   risk = 0.62  oob_risk = 0.62   test_auc = 0.27   time = 74938086   val_auc = 0.27   
 375/5000   risk = 0.65  oob_risk = 0.66   test_auc = 0.27   time = 114912589   val_auc = 0.27   
 500/5000   risk = 0.67  oob_risk = 0.68   test_auc = 0.27   time = 154453888   val_auc = 0.27   
 625/5000   risk = 0.67  oob_risk = 0.68   test_auc = 0.27   time = 191736151   val_auc = 0.27   
 750/5000   risk = 0.66  oob_risk = 0.67   test_auc = 0.27   time = 228793288   val_auc = 0.26   
 875/5000   risk = 0.66  oob_risk = 0.66   test_auc = 0.27   time = 264527905   val_auc = 0.26   
1000/5000   risk = 0.66  oob_risk = 0.66   test_auc = 0.27   time = 302240051   val_auc = 0.27   
1125/5000   risk = 0.67  oob_risk = 0.67   test_auc = 0.27   time = 338516116   val_auc = 0.27   
1250/5000   risk = 0.68  oob_risk = 0.69   test_auc = 0.27   time = 373902296   val_auc = 0.27   
1375/5000   risk = 0.68  oob_risk = 0.69   test_auc = 0.27   time = 409784935   val_auc = 0.27   
1500/5000   risk = 0.69  oob_risk = 0.69   test_auc = 0.27   time = 445247556   val_auc = 0.27   
1625/5000   risk = 0.69  oob_risk = 0.7   test_auc = 0.28   time = 481865764   val_auc = 0.27   
1750/5000   risk = 0.72  oob_risk = 0.72   test_auc = 0.28   time = 518559288   val_auc = 0.28   
1875/5000   risk = 0.75  oob_risk = 0.77   test_auc = 0.3   time = 554547492   val_auc = 0.29   
2000/5000   risk = 0.77  oob_risk = 0.79   test_auc = 0.3   time = 588946317   val_auc = 0.3   
2125/5000   risk = 0.85  oob_risk = 0.86   test_auc = 0.3   time = 625293841   val_auc = 0.3   
2250/5000   risk = 0.99  oob_risk = 0.99   test_auc = 0.32   time = 661819649   val_auc = 0.32   
2375/5000   risk = 1  oob_risk = 1   test_auc = 0.33   time = 696739208   val_auc = 0.32   
2500/5000   risk = 1.1  oob_risk = 1.1   test_auc = 0.34   time = 732468019   val_auc = 0.34   
2625/5000   risk = 1.4  oob_risk = 1.4   test_auc = 0.37   time = 768217377   val_auc = 0.37   
2750/5000   risk = 1.6  oob_risk = 1.7   test_auc = 0.37   time = 803479856   val_auc = 0.37   
2875/5000   risk = 1.8  oob_risk = 1.8   test_auc = 0.36   time = 839272593   val_auc = 0.36   
3000/5000   risk = 2.2  oob_risk = 2.2   test_auc = 0.36   time = 875288612   val_auc = 0.36   
3125/5000   risk = 2.7  oob_risk = 2.7   test_auc = 0.37   time = 911941092   val_auc = 0.37   
3250/5000   risk = 2.9  oob_risk = 3   test_auc = 0.37   time = 948762307   val_auc = 0.37   
3375/5000   risk = 3  oob_risk = 3.1   test_auc = 0.37   time = 985653139   val_auc = 0.37   
3500/5000   risk = 3.2  oob_risk = 3.4   test_auc = 0.38   time = 1023023035   val_auc = 0.38   
3625/5000   risk = 3.8  oob_risk = 3.9   test_auc = 0.39   time = 1059455223   val_auc = 0.39   
3750/5000   risk = 4.5  oob_risk = 4.6   test_auc = 0.4   time = 1095938222   val_auc = 0.4   
3875/5000   risk = 5  oob_risk = 5   test_auc = 0.4   time = 1132932016   val_auc = 0.4   
4000/5000   risk = 5.2  oob_risk = 5.2   test_auc = 0.39   time = 1169421425   val_auc = 0.39   
4125/5000   risk = 5.3  oob_risk = 5.4   test_auc = 0.38   time = 1207690141   val_auc = 0.38   
4250/5000   risk = 5.8  oob_risk = 5.9   test_auc = 0.38   time = 1242986457   val_auc = 0.38   
4375/5000   risk = 6.7  oob_risk = 6.9   test_auc = 0.38   time = 1281085046   val_auc = 0.38   
4500/5000   risk = 7.8  oob_risk = 8   test_auc = 0.38   time = 1318866107   val_auc = 0.38   
4625/5000   risk = 8.3  oob_risk = 8.6   test_auc = 0.38   time = 1354668920   val_auc = 0.38   
4750/5000   risk = 8.4  oob_risk = 8.6   test_auc = 0.38   time = 1390701985   val_auc = 0.37   
4875/5000   risk = 8.2  oob_risk = 8.4   test_auc = 0.37   time = 1427173546   val_auc = 0.37   
5000/5000   risk = 8.2  oob_risk = 8.3   test_auc = 0.37   time = 1465153765   val_auc = 0.37   


Train 5000 iterations in 1467 Seconds.
Final risk based on the train set: 8.2

DEBUG [07:00:48.019] [mlr3]  Learner 'acc_acwb' on task 'Task 189866: albert (Supervised Classification)' succeeded to fit a model {learner: <LearnerClassifCWB/LearnerClassif/Learner/R6>, result: <list>, messages: }

### [bt]: Job terminated successfully [batchtools job.id=83]
### [bt]: Calculation finished!
