### [bt]: This is batchtools v0.9.15
### [bt]: Starting calculation of 1 jobs
### [bt]: Setting working directory to '/home/user/repos/cacb-batchtools/eq1'
[2021-07-28 21:35:51] Loading new learner
[2021-07-28 21:35:51] Loading tasks
[2021-07-28 21:35:54] Loading resampling
### [bt]: Memory measurement disabled
### [bt]: Starting job [batchtools job.id=84]
### [bt]: Generating problem instance for problem '168908-fold1' ...
### [bt]: Applying algorithm 'evaluate-learner' on problem '168908-fold1' for job 84 (seed = 31499) ...
DEBUG [21:35:55.355] [mlr3]  Skip subsetting of task 'Task 168908: christine (Supervised Classification)' 
DEBUG [21:35:55.359] [mlr3]  Calling train method of Learner 'acc_hcwb' on task 'Task 168908: christine (Supervised Classification)' with 4334 observations {learner: <LearnerClassifCompboost/LearnerClassif/Learner/R6>}
   1/5000   risk = 0.68  oob_risk = 0.68   riskauc = 0.74   time = 2   


Train 67 iterations in 3 Seconds.
Final risk based on the train set: 0.48

   1/4944   risk = 0.51  oob_risk = 0.56   riskauc = 0.8   time = 2   
 124/4944   risk = 0.51  oob_risk = 0.58   riskauc = 0.81   time = 3248716   
 248/4944   risk = 0.5  oob_risk = 0.59   riskauc = 0.81   time = 6539740   
 372/4944   risk = 0.49  oob_risk = 0.6   riskauc = 0.81   time = 9714353   
 496/4944   risk = 0.47  oob_risk = 0.61   riskauc = 0.81   time = 12915211   
 620/4944   risk = 0.46  oob_risk = 0.61   riskauc = 0.81   time = 16127991   
 744/4944   risk = 0.45  oob_risk = 0.62   riskauc = 0.81   time = 19386504   
 868/4944   risk = 0.44  oob_risk = 0.63   riskauc = 0.81   time = 22662138   
 992/4944   risk = 0.43  oob_risk = 0.63   riskauc = 0.81   time = 25897157   
1116/4944   risk = 0.43  oob_risk = 0.64   riskauc = 0.8   time = 29068568   
1240/4944   risk = 0.42  oob_risk = 0.65   riskauc = 0.8   time = 32298149   
1364/4944   risk = 0.41  oob_risk = 0.65   riskauc = 0.8   time = 35651313   
1488/4944   risk = 0.4  oob_risk = 0.66   riskauc = 0.8   time = 39055545   
1612/4944   risk = 0.39  oob_risk = 0.66   riskauc = 0.8   time = 42344616   
1736/4944   risk = 0.39  oob_risk = 0.67   riskauc = 0.8   time = 45679613   
1860/4944   risk = 0.38  oob_risk = 0.67   riskauc = 0.8   time = 49023797   
1984/4944   risk = 0.37  oob_risk = 0.68   riskauc = 0.8   time = 52283509   
2108/4944   risk = 0.37  oob_risk = 0.68   riskauc = 0.8   time = 55627859   
2232/4944   risk = 0.36  oob_risk = 0.69   riskauc = 0.8   time = 58978142   
2356/4944   risk = 0.36  oob_risk = 0.69   riskauc = 0.8   time = 62456426   
2480/4944   risk = 0.35  oob_risk = 0.7   riskauc = 0.8   time = 65803940   
2604/4944   risk = 0.35  oob_risk = 0.7   riskauc = 0.8   time = 69065987   
2728/4944   risk = 0.34  oob_risk = 0.7   riskauc = 0.8   time = 72408963   
2852/4944   risk = 0.33  oob_risk = 0.71   riskauc = 0.8   time = 75789047   
2976/4944   risk = 0.33  oob_risk = 0.71   riskauc = 0.8   time = 79327772   
3100/4944   risk = 0.32  oob_risk = 0.71   riskauc = 0.8   time = 82547030   
3224/4944   risk = 0.32  oob_risk = 0.72   riskauc = 0.8   time = 85797205   
3348/4944   risk = 0.32  oob_risk = 0.72   riskauc = 0.8   time = 89035877   
3472/4944   risk = 0.31  oob_risk = 0.72   riskauc = 0.8   time = 92293879   
3596/4944   risk = 0.31  oob_risk = 0.73   riskauc = 0.8   time = 95497645   
3720/4944   risk = 0.3  oob_risk = 0.73   riskauc = 0.8   time = 98791572   
3844/4944   risk = 0.3  oob_risk = 0.73   riskauc = 0.8   time = 102149201   
3968/4944   risk = 0.29  oob_risk = 0.74   riskauc = 0.8   time = 105500879   
4092/4944   risk = 0.29  oob_risk = 0.74   riskauc = 0.79   time = 108779049   
4216/4944   risk = 0.29  oob_risk = 0.74   riskauc = 0.79   time = 112228263   
4340/4944   risk = 0.28  oob_risk = 0.75   riskauc = 0.79   time = 115664623   
4464/4944   risk = 0.28  oob_risk = 0.75   riskauc = 0.79   time = 119143004   
4588/4944   risk = 0.28  oob_risk = 0.75   riskauc = 0.79   time = 122528464   
4712/4944   risk = 0.27  oob_risk = 0.76   riskauc = 0.79   time = 125971093   
4836/4944   risk = 0.27  oob_risk = 0.76   riskauc = 0.79   time = 129332154   


Train 4944 iterations in 132 Seconds.
Final risk based on the train set: 0.27

DEBUG [21:38:29.894] [mlr3]  Learner 'acc_hcwb' on task 'Task 168908: christine (Supervised Classification)' succeeded to fit a model {learner: <LearnerClassifCompboost/LearnerClassif/Learner/R6>, result: <list>, messages: }
DEBUG [21:38:29.910] [mlr3]  Skip subsetting of task 'Task 168908: christine (Supervised Classification)' 
DEBUG [21:38:29.914] [mlr3]  Calling train method of Learner 'acc_hcwb' on task 'Task 168908: christine (Supervised Classification)' with 4334 observations {learner: <LearnerClassifCompboost/LearnerClassif/Learner/R6>}
   1/5000   risk = 0.68  oob_risk = 0.68   time = 2   


Train 67 iterations in 2 Seconds.
Final risk based on the train set: 0.48

   1/4944   risk = 0.51  oob_risk = 0.56   time = 2   
 124/4944   risk = 0.51  oob_risk = 0.58   time = 3010629   
 248/4944   risk = 0.5  oob_risk = 0.59   time = 6097533   
 372/4944   risk = 0.49  oob_risk = 0.6   time = 9252938   
 496/4944   risk = 0.47  oob_risk = 0.61   time = 12288635   
 620/4944   risk = 0.46  oob_risk = 0.61   time = 15404272   
 744/4944   risk = 0.45  oob_risk = 0.62   time = 18576862   
 868/4944   risk = 0.44  oob_risk = 0.63   time = 21716412   
 992/4944   risk = 0.43  oob_risk = 0.63   time = 24929789   
1116/4944   risk = 0.43  oob_risk = 0.64   time = 28039782   
1240/4944   risk = 0.42  oob_risk = 0.65   time = 31145045   
1364/4944   risk = 0.41  oob_risk = 0.65   time = 34305700   
1488/4944   risk = 0.4  oob_risk = 0.66   time = 37413574   
1612/4944   risk = 0.39  oob_risk = 0.66   time = 40642376   
1736/4944   risk = 0.39  oob_risk = 0.67   time = 43828919   
1860/4944   risk = 0.38  oob_risk = 0.67   time = 47009618   
1984/4944   risk = 0.37  oob_risk = 0.68   time = 50187103   
2108/4944   risk = 0.37  oob_risk = 0.68   time = 53417571   
2232/4944   risk = 0.36  oob_risk = 0.69   time = 56708094   
2356/4944   risk = 0.36  oob_risk = 0.69   time = 59906500   
2480/4944   risk = 0.35  oob_risk = 0.7   time = 63109300   
2604/4944   risk = 0.35  oob_risk = 0.7   time = 66383900   
2728/4944   risk = 0.34  oob_risk = 0.7   time = 69520714   
2852/4944   risk = 0.33  oob_risk = 0.71   time = 72686799   
2976/4944   risk = 0.33  oob_risk = 0.71   time = 75921980   
3100/4944   risk = 0.32  oob_risk = 0.71   time = 79327978   
3224/4944   risk = 0.32  oob_risk = 0.72   time = 82633000   
3348/4944   risk = 0.32  oob_risk = 0.72   time = 85854028   
3472/4944   risk = 0.31  oob_risk = 0.72   time = 89048103   
3596/4944   risk = 0.31  oob_risk = 0.73   time = 92357746   
3720/4944   risk = 0.3  oob_risk = 0.73   time = 95502530   
3844/4944   risk = 0.3  oob_risk = 0.73   time = 98702925   
3968/4944   risk = 0.29  oob_risk = 0.74   time = 102036132   
4092/4944   risk = 0.29  oob_risk = 0.74   time = 105274654   
4216/4944   risk = 0.29  oob_risk = 0.74   time = 108581638   
4340/4944   risk = 0.28  oob_risk = 0.75   time = 111828495   
4464/4944   risk = 0.28  oob_risk = 0.75   time = 115053700   
4588/4944   risk = 0.28  oob_risk = 0.75   time = 118316704   
4712/4944   risk = 0.27  oob_risk = 0.76   time = 121471669   
4836/4944   risk = 0.27  oob_risk = 0.76   time = 124648189   


Train 4944 iterations in 127 Seconds.
Final risk based on the train set: 0.27

DEBUG [21:40:58.193] [mlr3]  Learner 'acc_hcwb' on task 'Task 168908: christine (Supervised Classification)' succeeded to fit a model {learner: <LearnerClassifCompboost/LearnerClassif/Learner/R6>, result: <list>, messages: }

### [bt]: Job terminated successfully [batchtools job.id=84]
### [bt]: Calculation finished!
