### [bt]: This is batchtools v0.9.15
### [bt]: Starting calculation of 1 jobs
### [bt]: Setting working directory to '/home/user/repos/cacb-batchtools/eq1'
[2021-07-29 16:38:28] Loading new learner
[2021-07-29 16:38:28] Loading tasks
[2021-07-29 16:38:31] Loading resampling
### [bt]: Memory measurement disabled
### [bt]: Starting job [batchtools job.id=128]
### [bt]: Generating problem instance for problem '7592-fold3' ...
### [bt]: Applying algorithm 'evaluate-learner' on problem '7592-fold3' for job 128 (seed = 31543) ...
DEBUG [16:38:32.027] [mlr3]  Skip subsetting of task 'Task 7592: adult (Supervised Classification)' 
DEBUG [16:38:32.031] [mlr3]  Calling train method of Learner 'acc_hcwb' on task 'Task 7592: adult (Supervised Classification)' with 39074 observations {learner: <LearnerClassifCompboost/LearnerClassif/Learner/R6>}
Warning in get_private(learner)$.train(task) :
  Number of cores 30 exceeds number of features 14. The number of cores are set to 14!
   1/5000   risk = 0.54  oob_risk = 0.53   riskauc = 0.78   time = 3   
 125/5000   risk = 0.36  oob_risk = 0.36   riskauc = 0.9   time = 2871935   
 250/5000   risk = 0.33  oob_risk = 0.33   riskauc = 0.91   time = 6058274   


Train 360 iterations in 8 Seconds.
Final risk based on the train set: 0.33

   1/4651   risk = 0.33  oob_risk = 0.32   riskauc = 0.91   time = 2   
 116/4651   risk = 0.34  oob_risk = 0.34   riskauc = 0.91   time = 1273390   
 232/4651   risk = 0.34  oob_risk = 0.34   riskauc = 0.91   time = 2468070   
 348/4651   risk = 0.35  oob_risk = 0.34   riskauc = 0.91   time = 3928220   
 464/4651   risk = 0.35  oob_risk = 0.35   riskauc = 0.91   time = 5329619   
 580/4651   risk = 0.35  oob_risk = 0.35   riskauc = 0.91   time = 6657144   
 696/4651   risk = 0.35  oob_risk = 0.35   riskauc = 0.91   time = 7989520   
 812/4651   risk = 0.35  oob_risk = 0.35   riskauc = 0.91   time = 9264096   
 928/4651   risk = 0.35  oob_risk = 0.35   riskauc = 0.91   time = 10852391   
1044/4651   risk = 0.35  oob_risk = 0.35   riskauc = 0.91   time = 12234189   
1160/4651   risk = 0.35  oob_risk = 0.35   riskauc = 0.91   time = 13559033   
1276/4651   risk = 0.35  oob_risk = 0.35   riskauc = 0.91   time = 14798285   
1392/4651   risk = 0.36  oob_risk = 0.35   riskauc = 0.91   time = 16582923   
1508/4651   risk = 0.36  oob_risk = 0.35   riskauc = 0.91   time = 17834268   
1624/4651   risk = 0.36  oob_risk = 0.35   riskauc = 0.91   time = 19047963   
1740/4651   risk = 0.36  oob_risk = 0.35   riskauc = 0.91   time = 20225497   
1856/4651   risk = 0.36  oob_risk = 0.36   riskauc = 0.91   time = 21412216   
1972/4651   risk = 0.36  oob_risk = 0.36   riskauc = 0.91   time = 22729244   
2088/4651   risk = 0.36  oob_risk = 0.36   riskauc = 0.91   time = 24055354   
2204/4651   risk = 0.36  oob_risk = 0.36   riskauc = 0.91   time = 25336856   
2320/4651   risk = 0.36  oob_risk = 0.36   riskauc = 0.91   time = 26582946   
2436/4651   risk = 0.36  oob_risk = 0.36   riskauc = 0.91   time = 27902557   
2552/4651   risk = 0.36  oob_risk = 0.36   riskauc = 0.91   time = 29299513   
2668/4651   risk = 0.36  oob_risk = 0.36   riskauc = 0.91   time = 30749533   
2784/4651   risk = 0.36  oob_risk = 0.36   riskauc = 0.92   time = 32031904   
2900/4651   risk = 0.36  oob_risk = 0.36   riskauc = 0.92   time = 33400297   
3016/4651   risk = 0.36  oob_risk = 0.36   riskauc = 0.92   time = 34762683   
3132/4651   risk = 0.36  oob_risk = 0.36   riskauc = 0.92   time = 36421135   
3248/4651   risk = 0.36  oob_risk = 0.36   riskauc = 0.92   time = 37828573   
3364/4651   risk = 0.36  oob_risk = 0.36   riskauc = 0.92   time = 39163547   
3480/4651   risk = 0.36  oob_risk = 0.36   riskauc = 0.92   time = 40513304   
3596/4651   risk = 0.36  oob_risk = 0.36   riskauc = 0.92   time = 41892174   
3712/4651   risk = 0.36  oob_risk = 0.36   riskauc = 0.92   time = 43308700   
3828/4651   risk = 0.36  oob_risk = 0.36   riskauc = 0.92   time = 44857428   
3944/4651   risk = 0.36  oob_risk = 0.36   riskauc = 0.92   time = 46288356   
4060/4651   risk = 0.36  oob_risk = 0.36   riskauc = 0.92   time = 47604937   
4176/4651   risk = 0.36  oob_risk = 0.36   riskauc = 0.92   time = 48921772   
4292/4651   risk = 0.36  oob_risk = 0.36   riskauc = 0.92   time = 50396670   
4408/4651   risk = 0.36  oob_risk = 0.36   riskauc = 0.92   time = 51807706   
4524/4651   risk = 0.36  oob_risk = 0.36   riskauc = 0.92   time = 53169091   
4640/4651   risk = 0.36  oob_risk = 0.36   riskauc = 0.92   time = 54511230   


Train 4651 iterations in 54 Seconds.
Final risk based on the train set: 0.36

DEBUG [16:39:36.233] [mlr3]  Learner 'acc_hcwb' on task 'Task 7592: adult (Supervised Classification)' succeeded to fit a model {learner: <LearnerClassifCompboost/LearnerClassif/Learner/R6>, result: <list>, messages: }
DEBUG [16:39:36.253] [mlr3]  Skip subsetting of task 'Task 7592: adult (Supervised Classification)' 
DEBUG [16:39:36.258] [mlr3]  Calling train method of Learner 'acc_hcwb' on task 'Task 7592: adult (Supervised Classification)' with 39074 observations {learner: <LearnerClassifCompboost/LearnerClassif/Learner/R6>}
Warning in get_private(learner)$.train(task) :
  Number of cores 30 exceeds number of features 14. The number of cores are set to 14!
   1/5000   risk = 0.54  oob_risk = 0.53   time = 2   
 125/5000   risk = 0.36  oob_risk = 0.36   time = 1476851   
 250/5000   risk = 0.33  oob_risk = 0.33   time = 3435617   


Train 360 iterations in 5 Seconds.
Final risk based on the train set: 0.33

   1/4651   risk = 0.33  oob_risk = 0.32   time = 2   
 116/4651   risk = 0.34  oob_risk = 0.34   time = 914297   
 232/4651   risk = 0.34  oob_risk = 0.34   time = 1872099   
 348/4651   risk = 0.35  oob_risk = 0.34   time = 2813200   
 464/4651   risk = 0.35  oob_risk = 0.35   time = 3723914   
 580/4651   risk = 0.35  oob_risk = 0.35   time = 4551820   
 696/4651   risk = 0.35  oob_risk = 0.35   time = 5409919   
 812/4651   risk = 0.35  oob_risk = 0.35   time = 6266563   
 928/4651   risk = 0.35  oob_risk = 0.35   time = 7147936   
1044/4651   risk = 0.35  oob_risk = 0.35   time = 8040092   
1160/4651   risk = 0.35  oob_risk = 0.35   time = 8944117   
1276/4651   risk = 0.35  oob_risk = 0.35   time = 9839352   
1392/4651   risk = 0.36  oob_risk = 0.35   time = 10703503   
1508/4651   risk = 0.36  oob_risk = 0.35   time = 11567675   
1624/4651   risk = 0.36  oob_risk = 0.35   time = 12357978   
1740/4651   risk = 0.36  oob_risk = 0.35   time = 13052176   
1856/4651   risk = 0.36  oob_risk = 0.36   time = 13759894   
1972/4651   risk = 0.36  oob_risk = 0.36   time = 14462625   
2088/4651   risk = 0.36  oob_risk = 0.36   time = 15185716   
2204/4651   risk = 0.36  oob_risk = 0.36   time = 15973927   
2320/4651   risk = 0.36  oob_risk = 0.36   time = 16775693   
2436/4651   risk = 0.36  oob_risk = 0.36   time = 17665025   
2552/4651   risk = 0.36  oob_risk = 0.36   time = 18544790   
2668/4651   risk = 0.36  oob_risk = 0.36   time = 19425353   
2784/4651   risk = 0.36  oob_risk = 0.36   time = 20316104   
2900/4651   risk = 0.36  oob_risk = 0.36   time = 21203366   
3016/4651   risk = 0.36  oob_risk = 0.36   time = 22122988   
3132/4651   risk = 0.36  oob_risk = 0.36   time = 23049978   
3248/4651   risk = 0.36  oob_risk = 0.36   time = 23983692   
3364/4651   risk = 0.36  oob_risk = 0.36   time = 24915803   
3480/4651   risk = 0.36  oob_risk = 0.36   time = 25796266   
3596/4651   risk = 0.36  oob_risk = 0.36   time = 26569053   
3712/4651   risk = 0.36  oob_risk = 0.36   time = 27334415   
3828/4651   risk = 0.36  oob_risk = 0.36   time = 28103922   
3944/4651   risk = 0.36  oob_risk = 0.36   time = 28892430   
4060/4651   risk = 0.36  oob_risk = 0.36   time = 29701742   
4176/4651   risk = 0.36  oob_risk = 0.36   time = 30531618   
4292/4651   risk = 0.36  oob_risk = 0.36   time = 31340385   
4408/4651   risk = 0.36  oob_risk = 0.36   time = 32158716   
4524/4651   risk = 0.36  oob_risk = 0.36   time = 32975500   
4640/4651   risk = 0.36  oob_risk = 0.36   time = 33771064   


Train 4651 iterations in 33 Seconds.
Final risk based on the train set: 0.36

DEBUG [16:40:16.185] [mlr3]  Learner 'acc_hcwb' on task 'Task 7592: adult (Supervised Classification)' succeeded to fit a model {learner: <LearnerClassifCompboost/LearnerClassif/Learner/R6>, result: <list>, messages: }

### [bt]: Job terminated successfully [batchtools job.id=128]
### [bt]: Calculation finished!
