### [bt]: This is batchtools v0.9.15
### [bt]: Starting calculation of 1 jobs
### [bt]: Setting working directory to '/home/user/repos/cacb-batchtools/eq1'
Loading required package: data.table
Loading required package: R6
Loading required package: mlr3
Loading required package: mlr3learners
Loading required package: mlr3extralearners

Attaching package: ‘mlr3extralearners’

The following objects are masked from ‘package:mlr3’:

    lrn, lrns

Loading required package: mlr3pipelines
Loading required package: mlr3tuning
Loading required package: paradox
Loading required package: compboost
[2021-08-02 16:16:25] Loading new learner LearnerClassifCWB
[2021-08-02 16:16:25] Loading new learner LearnerClassifHCWB
[2021-08-02 16:16:25] Loading new learner
[2021-08-02 16:16:25] Loading tasks
[2021-08-02 16:16:28] Loading resampling
### [bt]: Memory measurement disabled
### [bt]: Starting job [batchtools job.id=113]
### [bt]: Generating problem instance for problem '168908-fold3' ...
### [bt]: Applying algorithm 'evaluate-learner' on problem '168908-fold3' for job 113 (seed = 31528) ...
DEBUG [16:16:29.827] [mlr3]  Skip subsetting of task 'Task 168908: christine (Supervised Classification)' 
DEBUG [16:16:29.920] [mlr3]  Calling train method of Learner 'acc_acwb' on task 'Task 168908: christine (Supervised Classification)' with 4334 observations {learner: <LearnerClassifCWB/LearnerClassif/Learner/R6>}
   1/5000   risk = 0.68  oob_risk = 0.68   test_auc = 0.28   time = 3   val_auc = 0.29   
 125/5000   risk = 0.52  oob_risk = 0.56   test_auc = 0.19   time = 4845620   val_auc = 0.22   
 250/5000   risk = 0.34  oob_risk = 0.62   test_auc = 0.2   time = 9734877   val_auc = 0.22   
 375/5000   risk = 0.19  oob_risk = 0.82   test_auc = 0.22   time = 14684715   val_auc = 0.25   
 500/5000   risk = 0.092  oob_risk = 1.2   test_auc = 0.24   time = 19536895   val_auc = 0.29   
 625/5000   risk = 0.042  oob_risk = 1.8   test_auc = 0.27   time = 24581068   val_auc = 0.32   
 750/5000   risk = 0.016  oob_risk = 2.5   test_auc = 0.29   time = 29513361   val_auc = 0.34   
 875/5000   risk = 0.0052  oob_risk = 3.1   test_auc = 0.3   time = 34453848   val_auc = 0.34   
1000/5000   risk = 0.0012  oob_risk = 3.6   test_auc = 0.3   time = 39457396   val_auc = 0.35   
1125/5000   risk = 0.00077  oob_risk = 4.1   test_auc = 0.31   time = 44551620   val_auc = 0.35   
1250/5000   risk = 0.00054  oob_risk = 4.6   test_auc = 0.32   time = 49663406   val_auc = 0.35   
1375/5000   risk = 0.00015  oob_risk = 5   test_auc = 0.32   time = 54877773   val_auc = 0.36   
1500/5000   risk = 6.1e-05  oob_risk = 5.5   test_auc = 0.33   time = 60086429   val_auc = 0.36   
1625/5000   risk = 3.3e-05  oob_risk = 5.9   test_auc = 0.33   time = 65368508   val_auc = 0.37   
1750/5000   risk = 2.1e-05  oob_risk = 6.3   test_auc = 0.33   time = 70555021   val_auc = 0.37   
1875/5000   risk = 1.6e-05  oob_risk = 6.6   test_auc = 0.33   time = 76059735   val_auc = 0.37   
2000/5000   risk = 1.2e-05  oob_risk = 7   test_auc = 0.34   time = 81659716   val_auc = 0.37   
2125/5000   risk = 7.9e-06  oob_risk = 7.3   test_auc = 0.34   time = 87196089   val_auc = 0.38   
2250/5000   risk = 4.2e-06  oob_risk = 7.5   test_auc = 0.34   time = 92754302   val_auc = 0.38   
2375/5000   risk = 2.7e-06  oob_risk = 7.8   test_auc = 0.34   time = 98718480   val_auc = 0.38   
2500/5000   risk = 2e-06  oob_risk = 8.1   test_auc = 0.34   time = 104277384   val_auc = 0.38   
2625/5000   risk = 1.5e-06  oob_risk = 8.3   test_auc = 0.35   time = 110011237   val_auc = 0.38   
2750/5000   risk = 1.2e-06  oob_risk = 8.5   test_auc = 0.35   time = 115616353   val_auc = 0.38   
2875/5000   risk = 1.1e-06  oob_risk = 8.8   test_auc = 0.35   time = 121176745   val_auc = 0.38   
3000/5000   risk = 9.3e-07  oob_risk = 9   test_auc = 0.35   time = 126791255   val_auc = 0.39   
3125/5000   risk = 7.7e-07  oob_risk = 9.2   test_auc = 0.35   time = 132236566   val_auc = 0.39   
3250/5000   risk = 6e-07  oob_risk = 9.4   test_auc = 0.35   time = 137686701   val_auc = 0.39   
3375/5000   risk = 4.5e-07  oob_risk = 9.6   test_auc = 0.35   time = 143199152   val_auc = 0.39   
3500/5000   risk = 3.5e-07  oob_risk = 9.8   test_auc = 0.35   time = 148806820   val_auc = 0.39   
3625/5000   risk = 2.7e-07  oob_risk = 9.9   test_auc = 0.35   time = 154286902   val_auc = 0.39   
3750/5000   risk = 2.1e-07  oob_risk = 10   test_auc = 0.36   time = 159826317   val_auc = 0.39   
3875/5000   risk = 1.8e-07  oob_risk = 10   test_auc = 0.36   time = 165427031   val_auc = 0.39   
4000/5000   risk = 1.5e-07  oob_risk = 10   test_auc = 0.36   time = 171078263   val_auc = 0.39   
4125/5000   risk = 1.2e-07  oob_risk = 11   test_auc = 0.36   time = 176615561   val_auc = 0.39   
4250/5000   risk = 1.1e-07  oob_risk = 11   test_auc = 0.36   time = 182343055   val_auc = 0.39   
4375/5000   risk = 9.9e-08  oob_risk = 11   test_auc = 0.36   time = 187966659   val_auc = 0.39   
4500/5000   risk = 9.2e-08  oob_risk = 11   test_auc = 0.36   time = 193549713   val_auc = 0.39   
4625/5000   risk = 8.5e-08  oob_risk = 11   test_auc = 0.36   time = 199151188   val_auc = 0.39   
4750/5000   risk = 7.9e-08  oob_risk = 11   test_auc = 0.36   time = 204740630   val_auc = 0.39   
4875/5000   risk = 7.2e-08  oob_risk = 11   test_auc = 0.36   time = 210476891   val_auc = 0.39   
5000/5000   risk = 6.6e-08  oob_risk = 11   test_auc = 0.36   time = 216046784   val_auc = 0.39   


Train 5000 iterations in 217 Seconds.
Final risk based on the train set: 6.6e-08

DEBUG [16:20:35.595] [mlr3]  Learner 'acc_acwb' on task 'Task 168908: christine (Supervised Classification)' succeeded to fit a model {learner: <LearnerClassifCWB/LearnerClassif/Learner/R6>, result: <list>, messages: }

### [bt]: Job terminated successfully [batchtools job.id=113]
### [bt]: Calculation finished!
