### [bt]: This is batchtools v0.9.15
### [bt]: Starting calculation of 1 jobs
### [bt]: Setting working directory to '/home/user/repos/cacb-batchtools/eq1'
[2021-07-27 19:43:28] Loading new learner
[2021-07-27 19:43:28] Loading tasks
[2021-07-27 19:43:30] Loading resampling
### [bt]: Memory measurement disabled
### [bt]: Starting job [batchtools job.id=14]
### [bt]: Generating problem instance for problem 'spam-fold4' ...
### [bt]: Applying algorithm 'evaluate-learner' on problem 'spam-fold4' for job 14 (seed = 31429) ...
DEBUG [19:43:31.235] [mlr3]  Skip subsetting of task 'spam' 
DEBUG [19:43:31.239] [mlr3]  Calling train method of Learner 'bin_cwb_b' on task 'spam' with 3682 observations {learner: <LearnerClassifCompboost/LearnerClassif/Learner/R6>}
   1/5000   risk = 0.64  riskauc = 0.77   time = 2   
 125/5000   risk = 0.24  riskauc = 0.96   time = 1092461   
 250/5000   risk = 0.21  riskauc = 0.97   time = 2098049   
 375/5000   risk = 0.19  riskauc = 0.97   time = 3200708   
 500/5000   risk = 0.18  riskauc = 0.97   time = 4322747   
 625/5000   risk = 0.18  riskauc = 0.97   time = 5590523   
 750/5000   risk = 0.17  riskauc = 0.97   time = 6715799   
 875/5000   risk = 0.17  riskauc = 0.97   time = 7724726   
1000/5000   risk = 0.16  riskauc = 0.97   time = 8858124   
1125/5000   risk = 0.16  riskauc = 0.97   time = 9885601   
1250/5000   risk = 0.16  riskauc = 0.97   time = 10976076   
1375/5000   risk = 0.16  riskauc = 0.97   time = 12086772   
1500/5000   risk = 0.15  riskauc = 0.97   time = 13213694   
1625/5000   risk = 0.15  riskauc = 0.97   time = 14273078   
1750/5000   risk = 0.15  riskauc = 0.97   time = 15404852   
1875/5000   risk = 0.15  riskauc = 0.97   time = 16519347   
2000/5000   risk = 0.15  riskauc = 0.97   time = 17588217   
2125/5000   risk = 0.15  riskauc = 0.97   time = 18708680   
2250/5000   risk = 0.14  riskauc = 0.96   time = 19735087   
2375/5000   risk = 0.14  riskauc = 0.96   time = 20827223   
2500/5000   risk = 0.14  riskauc = 0.96   time = 22007551   
2625/5000   risk = 0.14  riskauc = 0.96   time = 23102721   
2750/5000   risk = 0.14  riskauc = 0.96   time = 24233239   
2875/5000   risk = 0.14  riskauc = 0.96   time = 25340134   
3000/5000   risk = 0.14  riskauc = 0.96   time = 26412314   
3125/5000   risk = 0.14  riskauc = 0.96   time = 27448377   
3250/5000   risk = 0.14  riskauc = 0.96   time = 28473255   
3375/5000   risk = 0.13  riskauc = 0.96   time = 29557194   
3500/5000   risk = 0.13  riskauc = 0.96   time = 30698846   
3625/5000   risk = 0.13  riskauc = 0.96   time = 31881383   
3750/5000   risk = 0.13  riskauc = 0.96   time = 32866627   
3875/5000   risk = 0.13  riskauc = 0.96   time = 33923201   
4000/5000   risk = 0.13  riskauc = 0.96   time = 35039139   
4125/5000   risk = 0.13  riskauc = 0.96   time = 36109285   
4250/5000   risk = 0.13  riskauc = 0.96   time = 37225881   
4375/5000   risk = 0.13  riskauc = 0.96   time = 38514785   
4500/5000   risk = 0.13  riskauc = 0.96   time = 39602603   
4625/5000   risk = 0.13  riskauc = 0.96   time = 40676554   
4750/5000   risk = 0.13  riskauc = 0.96   time = 41810957   
4875/5000   risk = 0.13  riskauc = 0.96   time = 42926443   
5000/5000   risk = 0.13  riskauc = 0.96   time = 44043427   


Train 5000 iterations in 44 Seconds.
Final risk based on the train set: 0.13

DEBUG [19:44:17.613] [mlr3]  Learner 'bin_cwb_b' on task 'spam' succeeded to fit a model {learner: <LearnerClassifCompboost/LearnerClassif/Learner/R6>, result: <list>, messages: }
DEBUG [19:44:17.627] [mlr3]  Skip subsetting of task 'spam' 
DEBUG [19:44:17.631] [mlr3]  Calling train method of Learner 'bin_cwb_b' on task 'spam' with 3682 observations {learner: <LearnerClassifCompboost/LearnerClassif/Learner/R6>}
   1/5000   risk = 0.64  time = 1   
 125/5000   risk = 0.24  time = 1021501   
 250/5000   risk = 0.21  time = 1990364   
 375/5000   risk = 0.19  time = 3015891   
 500/5000   risk = 0.18  time = 4093920   
 625/5000   risk = 0.18  time = 5078697   
 750/5000   risk = 0.17  time = 6182924   
 875/5000   risk = 0.17  time = 7161292   
1000/5000   risk = 0.16  time = 8181833   
1125/5000   risk = 0.16  time = 9218175   
1250/5000   risk = 0.16  time = 10375688   
1375/5000   risk = 0.16  time = 11515911   
1500/5000   risk = 0.15  time = 12621587   
1625/5000   risk = 0.15  time = 13717552   
1750/5000   risk = 0.15  time = 14783511   
1875/5000   risk = 0.15  time = 16013020   
2000/5000   risk = 0.15  time = 17065933   
2125/5000   risk = 0.15  time = 18109323   
2250/5000   risk = 0.14  time = 19254987   
2375/5000   risk = 0.14  time = 20333153   
2500/5000   risk = 0.14  time = 21367446   
2625/5000   risk = 0.14  time = 22409125   
2750/5000   risk = 0.14  time = 23487098   
2875/5000   risk = 0.14  time = 24573921   
3000/5000   risk = 0.14  time = 25707190   
3125/5000   risk = 0.14  time = 26795409   
3250/5000   risk = 0.14  time = 27893882   
3375/5000   risk = 0.13  time = 29001859   
3500/5000   risk = 0.13  time = 30072756   
3625/5000   risk = 0.13  time = 31137750   
3750/5000   risk = 0.13  time = 32256585   
3875/5000   risk = 0.13  time = 33365961   
4000/5000   risk = 0.13  time = 34437327   
4125/5000   risk = 0.13  time = 35541400   
4250/5000   risk = 0.13  time = 36718067   
4375/5000   risk = 0.13  time = 37825628   
4500/5000   risk = 0.13  time = 38888666   
4625/5000   risk = 0.13  time = 39966944   
4750/5000   risk = 0.13  time = 41288449   
4875/5000   risk = 0.13  time = 42469799   
5000/5000   risk = 0.13  time = 43529940   


Train 5000 iterations in 43 Seconds.
Final risk based on the train set: 0.13

DEBUG [19:45:03.856] [mlr3]  Learner 'bin_cwb_b' on task 'spam' succeeded to fit a model {learner: <LearnerClassifCompboost/LearnerClassif/Learner/R6>, result: <list>, messages: }

### [bt]: Job terminated successfully [batchtools job.id=14]
### [bt]: Calculation finished!
