### [bt]: This is batchtools v0.9.15
### [bt]: Starting calculation of 1 jobs
### [bt]: Setting working directory to '/home/user/repos/cacb-batchtools/eq1'
[2021-07-28 15:55:18] Loading new learner
[2021-07-28 15:55:18] Loading tasks
[2021-07-28 15:55:20] Loading resampling
### [bt]: Memory measurement disabled
### [bt]: Starting job [batchtools job.id=72]
### [bt]: Generating problem instance for problem '189866-fold3' ...
### [bt]: Applying algorithm 'evaluate-learner' on problem '189866-fold3' for job 72 (seed = 31487) ...
DEBUG [15:55:25.674] [mlr3]  Skip subsetting of task 'Task 189866: albert (Supervised Classification)' 
DEBUG [15:55:25.679] [mlr3]  Calling train method of Learner 'acc_hcwb' on task 'Task 189866: albert (Supervised Classification)' with 340192 observations {learner: <LearnerClassifCompboost/LearnerClassif/Learner/R6>}
   1/5000   risk = 0.69  oob_risk = 0.69   riskauc = 0.64   time = 3   


Train 76 iterations in 23 Seconds.
Final risk based on the train set: 0.61

   1/4935   risk = 0.61  oob_risk = 0.61   riskauc = 0.73   time = 2   
 123/4935   risk = 0.63  oob_risk = 0.63   riskauc = 0.73   time = 22014160   
 246/4935   risk = 0.63  oob_risk = 0.63   riskauc = 0.73   time = 43940321   
 369/4935   risk = 0.64  oob_risk = 0.64   riskauc = 0.73   time = 65896412   
 492/4935   risk = 0.64  oob_risk = 0.64   riskauc = 0.73   time = 88474257   
 615/4935   risk = 0.64  oob_risk = 0.64   riskauc = 0.73   time = 110658006   
 738/4935   risk = 0.64  oob_risk = 0.64   riskauc = 0.73   time = 132598947   
 861/4935   risk = 0.64  oob_risk = 0.64   riskauc = 0.73   time = 154657143   
 984/4935   risk = 0.64  oob_risk = 0.65   riskauc = 0.73   time = 177145471   
1107/4935   risk = 0.65  oob_risk = 0.65   riskauc = 0.73   time = 200073910   
1230/4935   risk = 0.65  oob_risk = 0.65   riskauc = 0.73   time = 222682533   
1353/4935   risk = 0.65  oob_risk = 0.65   riskauc = 0.73   time = 245751380   
1476/4935   risk = 0.65  oob_risk = 0.65   riskauc = 0.73   time = 267997722   
1599/4935   risk = 0.65  oob_risk = 0.65   riskauc = 0.73   time = 290635626   
1722/4935   risk = 0.65  oob_risk = 0.65   riskauc = 0.73   time = 313022734   
1845/4935   risk = 0.65  oob_risk = 0.65   riskauc = 0.73   time = 335312362   
1968/4935   risk = 0.65  oob_risk = 0.65   riskauc = 0.73   time = 357475264   
2091/4935   risk = 0.65  oob_risk = 0.65   riskauc = 0.73   time = 379503512   
2214/4935   risk = 0.65  oob_risk = 0.65   riskauc = 0.73   time = 401794487   
2337/4935   risk = 0.65  oob_risk = 0.65   riskauc = 0.73   time = 424322579   
2460/4935   risk = 0.65  oob_risk = 0.65   riskauc = 0.73   time = 446587655   
2583/4935   risk = 0.65  oob_risk = 0.65   riskauc = 0.73   time = 468555508   
2706/4935   risk = 0.65  oob_risk = 0.65   riskauc = 0.73   time = 490770596   
2829/4935   risk = 0.65  oob_risk = 0.65   riskauc = 0.73   time = 512871174   
2952/4935   risk = 0.65  oob_risk = 0.65   riskauc = 0.73   time = 535591224   
3075/4935   risk = 0.65  oob_risk = 0.65   riskauc = 0.73   time = 557949523   
3198/4935   risk = 0.65  oob_risk = 0.65   riskauc = 0.73   time = 580159481   
3321/4935   risk = 0.65  oob_risk = 0.65   riskauc = 0.73   time = 602003845   
3444/4935   risk = 0.65  oob_risk = 0.65   riskauc = 0.73   time = 624214213   
3567/4935   risk = 0.65  oob_risk = 0.65   riskauc = 0.73   time = 646988435   
3690/4935   risk = 0.65  oob_risk = 0.65   riskauc = 0.73   time = 669446442   
3813/4935   risk = 0.65  oob_risk = 0.65   riskauc = 0.73   time = 691843832   
3936/4935   risk = 0.65  oob_risk = 0.65   riskauc = 0.73   time = 714223130   
4059/4935   risk = 0.65  oob_risk = 0.65   riskauc = 0.73   time = 736933355   
4182/4935   risk = 0.65  oob_risk = 0.65   riskauc = 0.73   time = 759552564   
4305/4935   risk = 0.65  oob_risk = 0.65   riskauc = 0.73   time = 781766554   
4428/4935   risk = 0.65  oob_risk = 0.65   riskauc = 0.73   time = 803640991   
4551/4935   risk = 0.65  oob_risk = 0.65   riskauc = 0.73   time = 825782080   
4674/4935   risk = 0.65  oob_risk = 0.65   riskauc = 0.73   time = 847769553   
4797/4935   risk = 0.65  oob_risk = 0.65   riskauc = 0.73   time = 869730181   
4920/4935   risk = 0.65  oob_risk = 0.65   riskauc = 0.73   time = 891730653   


Train 4935 iterations in 894 Seconds.
Final risk based on the train set: 0.65

DEBUG [16:11:06.467] [mlr3]  Learner 'acc_hcwb' on task 'Task 189866: albert (Supervised Classification)' succeeded to fit a model {learner: <LearnerClassifCompboost/LearnerClassif/Learner/R6>, result: <list>, messages: }
DEBUG [16:11:06.485] [mlr3]  Skip subsetting of task 'Task 189866: albert (Supervised Classification)' 
DEBUG [16:11:06.489] [mlr3]  Calling train method of Learner 'acc_hcwb' on task 'Task 189866: albert (Supervised Classification)' with 340192 observations {learner: <LearnerClassifCompboost/LearnerClassif/Learner/R6>}
   1/5000   risk = 0.69  oob_risk = 0.69   time = 3   


Train 76 iterations in 21 Seconds.
Final risk based on the train set: 0.61

   1/4935   risk = 0.61  oob_risk = 0.61   time = 3   
 123/4935   risk = 0.63  oob_risk = 0.63   time = 17587222   
 246/4935   risk = 0.63  oob_risk = 0.63   time = 35069527   
 369/4935   risk = 0.64  oob_risk = 0.64   time = 52114720   
 492/4935   risk = 0.64  oob_risk = 0.64   time = 68917131   
 615/4935   risk = 0.64  oob_risk = 0.64   time = 85899031   
 738/4935   risk = 0.64  oob_risk = 0.64   time = 102856986   
 861/4935   risk = 0.64  oob_risk = 0.64   time = 120046901   
 984/4935   risk = 0.64  oob_risk = 0.65   time = 137273538   
1107/4935   risk = 0.65  oob_risk = 0.65   time = 154432353   
1230/4935   risk = 0.65  oob_risk = 0.65   time = 171959561   
1353/4935   risk = 0.65  oob_risk = 0.65   time = 189366386   
1476/4935   risk = 0.65  oob_risk = 0.65   time = 206831369   
1599/4935   risk = 0.65  oob_risk = 0.65   time = 224747429   
1722/4935   risk = 0.65  oob_risk = 0.65   time = 242796995   
1845/4935   risk = 0.65  oob_risk = 0.65   time = 260955047   
1968/4935   risk = 0.65  oob_risk = 0.65   time = 279282016   
2091/4935   risk = 0.65  oob_risk = 0.65   time = 297562678   
2214/4935   risk = 0.65  oob_risk = 0.65   time = 315977417   
2337/4935   risk = 0.65  oob_risk = 0.65   time = 333846036   
2460/4935   risk = 0.65  oob_risk = 0.65   time = 351569491   
2583/4935   risk = 0.65  oob_risk = 0.65   time = 369390419   
2706/4935   risk = 0.65  oob_risk = 0.65   time = 386994900   
2829/4935   risk = 0.65  oob_risk = 0.65   time = 404731184   
2952/4935   risk = 0.65  oob_risk = 0.65   time = 422539746   
3075/4935   risk = 0.65  oob_risk = 0.65   time = 440217366   
3198/4935   risk = 0.65  oob_risk = 0.65   time = 458019763   
3321/4935   risk = 0.65  oob_risk = 0.65   time = 475715513   
3444/4935   risk = 0.65  oob_risk = 0.65   time = 492968240   
3567/4935   risk = 0.65  oob_risk = 0.65   time = 510428530   
3690/4935   risk = 0.65  oob_risk = 0.65   time = 527906699   
3813/4935   risk = 0.65  oob_risk = 0.65   time = 545650303   
3936/4935   risk = 0.65  oob_risk = 0.65   time = 563293532   
4059/4935   risk = 0.65  oob_risk = 0.65   time = 581005344   
4182/4935   risk = 0.65  oob_risk = 0.65   time = 598801710   
4305/4935   risk = 0.65  oob_risk = 0.65   time = 616488372   
4428/4935   risk = 0.65  oob_risk = 0.65   time = 634180839   
4551/4935   risk = 0.65  oob_risk = 0.65   time = 651840476   
4674/4935   risk = 0.65  oob_risk = 0.65   time = 669175046   
4797/4935   risk = 0.65  oob_risk = 0.65   time = 686788197   
4920/4935   risk = 0.65  oob_risk = 0.65   time = 704036373   


Train 4935 iterations in 706 Seconds.
Final risk based on the train set: 0.65

DEBUG [16:23:34.869] [mlr3]  Learner 'acc_hcwb' on task 'Task 189866: albert (Supervised Classification)' succeeded to fit a model {learner: <LearnerClassifCompboost/LearnerClassif/Learner/R6>, result: <list>, messages: }

### [bt]: Job terminated successfully [batchtools job.id=72]
### [bt]: Calculation finished!
