### [bt]: This is batchtools v0.9.15
### [bt]: Starting calculation of 1 jobs
### [bt]: Setting working directory to '/home/user/repos/cacb-batchtools/eq1'
[2021-07-28 21:41:11] Loading new learner
[2021-07-28 21:41:11] Loading tasks
[2021-07-28 21:41:13] Loading resampling
### [bt]: Memory measurement disabled
### [bt]: Starting job [batchtools job.id=85]
### [bt]: Generating problem instance for problem '168908-fold2' ...
### [bt]: Applying algorithm 'evaluate-learner' on problem '168908-fold2' for job 85 (seed = 31500) ...
DEBUG [21:41:14.889] [mlr3]  Skip subsetting of task 'Task 168908: christine (Supervised Classification)' 
DEBUG [21:41:14.892] [mlr3]  Calling train method of Learner 'bin_cwb_nb' on task 'Task 168908: christine (Supervised Classification)' with 4334 observations {learner: <LearnerClassifCompboost/LearnerClassif/Learner/R6>}
   1/5000   risk = 0.68  riskauc = 0.71   time = 2   
 125/5000   risk = 0.55  riskauc = 0.79   time = 3988146   
 250/5000   risk = 0.54  riskauc = 0.8   time = 8478153   
 375/5000   risk = 0.53  riskauc = 0.8   time = 12436470   
 500/5000   risk = 0.52  riskauc = 0.81   time = 16395539   
 625/5000   risk = 0.51  riskauc = 0.81   time = 20502550   
 750/5000   risk = 0.5  riskauc = 0.81   time = 24599423   
 875/5000   risk = 0.5  riskauc = 0.81   time = 28674997   
1000/5000   risk = 0.49  riskauc = 0.81   time = 32658021   
1125/5000   risk = 0.48  riskauc = 0.81   time = 36723937   
1250/5000   risk = 0.47  riskauc = 0.81   time = 40868263   
1375/5000   risk = 0.47  riskauc = 0.81   time = 44920928   
1500/5000   risk = 0.46  riskauc = 0.81   time = 49012356   
1625/5000   risk = 0.45  riskauc = 0.81   time = 53079834   
1750/5000   risk = 0.45  riskauc = 0.81   time = 57353732   
1875/5000   risk = 0.44  riskauc = 0.81   time = 61472365   
2000/5000   risk = 0.44  riskauc = 0.81   time = 65611313   
2125/5000   risk = 0.43  riskauc = 0.81   time = 69725091   
2250/5000   risk = 0.43  riskauc = 0.81   time = 73809030   
2375/5000   risk = 0.42  riskauc = 0.81   time = 77928778   
2500/5000   risk = 0.42  riskauc = 0.81   time = 81974639   
2625/5000   risk = 0.41  riskauc = 0.81   time = 86037132   
2750/5000   risk = 0.41  riskauc = 0.81   time = 90143909   
2875/5000   risk = 0.4  riskauc = 0.81   time = 94303466   
3000/5000   risk = 0.4  riskauc = 0.81   time = 98458447   
3125/5000   risk = 0.39  riskauc = 0.81   time = 102545367   
3250/5000   risk = 0.39  riskauc = 0.81   time = 106727638   
3375/5000   risk = 0.39  riskauc = 0.81   time = 110852891   
3500/5000   risk = 0.38  riskauc = 0.81   time = 115013247   
3625/5000   risk = 0.38  riskauc = 0.81   time = 119258068   
3750/5000   risk = 0.37  riskauc = 0.81   time = 123353942   
3875/5000   risk = 0.37  riskauc = 0.81   time = 127444298   
4000/5000   risk = 0.37  riskauc = 0.81   time = 131498385   
4125/5000   risk = 0.36  riskauc = 0.81   time = 135598400   
4250/5000   risk = 0.36  riskauc = 0.81   time = 139717026   
4375/5000   risk = 0.36  riskauc = 0.81   time = 143973069   
4500/5000   risk = 0.35  riskauc = 0.81   time = 148211824   
4625/5000   risk = 0.35  riskauc = 0.81   time = 152330908   
4750/5000   risk = 0.35  riskauc = 0.81   time = 156531308   
4875/5000   risk = 0.34  riskauc = 0.81   time = 160721525   
5000/5000   risk = 0.34  riskauc = 0.81   time = 165125390   


Train 5000 iterations in 165 Seconds.
Final risk based on the train set: 0.34

DEBUG [21:44:10.362] [mlr3]  Learner 'bin_cwb_nb' on task 'Task 168908: christine (Supervised Classification)' succeeded to fit a model {learner: <LearnerClassifCompboost/LearnerClassif/Learner/R6>, result: <list>, messages: }
DEBUG [21:44:10.381] [mlr3]  Skip subsetting of task 'Task 168908: christine (Supervised Classification)' 
DEBUG [21:44:10.384] [mlr3]  Calling train method of Learner 'bin_cwb_nb' on task 'Task 168908: christine (Supervised Classification)' with 4334 observations {learner: <LearnerClassifCompboost/LearnerClassif/Learner/R6>}
   1/5000   risk = 0.68  time = 2   
 125/5000   risk = 0.55  time = 3984069   
 250/5000   risk = 0.54  time = 8007477   
 375/5000   risk = 0.53  time = 11933009   
 500/5000   risk = 0.52  time = 15940456   
 625/5000   risk = 0.51  time = 19853731   
 750/5000   risk = 0.5  time = 23740812   
 875/5000   risk = 0.5  time = 27743485   
1000/5000   risk = 0.49  time = 31850561   
1125/5000   risk = 0.48  time = 35923758   
1250/5000   risk = 0.47  time = 40061436   
1375/5000   risk = 0.47  time = 44169929   
1500/5000   risk = 0.46  time = 48266606   
1625/5000   risk = 0.45  time = 52341082   
1750/5000   risk = 0.45  time = 56429007   
1875/5000   risk = 0.44  time = 60441632   
2000/5000   risk = 0.44  time = 64508440   
2125/5000   risk = 0.43  time = 68509407   
2250/5000   risk = 0.43  time = 72395908   
2375/5000   risk = 0.42  time = 76292362   
2500/5000   risk = 0.42  time = 80129943   
2625/5000   risk = 0.41  time = 83914977   
2750/5000   risk = 0.41  time = 87834138   
2875/5000   risk = 0.4  time = 91756908   
3000/5000   risk = 0.4  time = 95602478   
3125/5000   risk = 0.39  time = 99478702   
3250/5000   risk = 0.39  time = 103377308   
3375/5000   risk = 0.39  time = 107282476   
3500/5000   risk = 0.38  time = 111148095   
3625/5000   risk = 0.38  time = 115007848   
3750/5000   risk = 0.37  time = 118827920   
3875/5000   risk = 0.37  time = 122658273   
4000/5000   risk = 0.37  time = 126698506   
4125/5000   risk = 0.36  time = 130749122   
4250/5000   risk = 0.36  time = 134707835   
4375/5000   risk = 0.36  time = 138570731   
4500/5000   risk = 0.35  time = 142531563   
4625/5000   risk = 0.35  time = 146470092   
4750/5000   risk = 0.35  time = 150437441   
4875/5000   risk = 0.34  time = 154382848   
5000/5000   risk = 0.34  time = 158353878   


Train 5000 iterations in 158 Seconds.
Final risk based on the train set: 0.34

DEBUG [21:46:57.720] [mlr3]  Learner 'bin_cwb_nb' on task 'Task 168908: christine (Supervised Classification)' succeeded to fit a model {learner: <LearnerClassifCompboost/LearnerClassif/Learner/R6>, result: <list>, messages: }

### [bt]: Job terminated successfully [batchtools job.id=85]
### [bt]: Calculation finished!
