### [bt]: This is batchtools v0.9.15
### [bt]: Starting calculation of 1 jobs
### [bt]: Setting working directory to '/home/user/repos/cacb-batchtools/eq1'
[2021-07-25 19:51:07] Loading new learner
[2021-07-25 19:51:08] Loading tasks
[2021-07-25 19:51:10] Loading resampling
### [bt]: Memory measurement disabled
### [bt]: Starting job [batchtools job.id=10]
### [bt]: Generating problem instance for problem 'spam-fold2' ...
### [bt]: Applying algorithm 'evaluate-learner' on problem 'spam-fold2' for job 10 (seed = 31425) ...
DEBUG [19:51:11.555] [mlr3]  Skip subsetting of task 'spam' 
DEBUG [19:51:11.558] [mlr3]  Calling train method of Learner 'acc_hcwb' on task 'spam' with 3680 observations {learner: <LearnerClassifCompboost/LearnerClassif/Learner/R6>}
INFO  [19:51:11.567] [mlr3]  [LGCOMPBOOST] Running compboost with df 20.000000 and df_cat 1.000000 
   1/5000   risk = 0.67  oob_risk = 0.66   riskauc = 0.8   time = 2   


Train 45 iterations in 0 Seconds.
Final risk based on the train set: 0.58

   1/4955   risk = 0.58  oob_risk = 0.62   riskauc = 0.8   time = 2   
 124/4955   risk = 0.41  oob_risk = 0.51   riskauc = 0.9   time = 1115360   
 248/4955   risk = 0.34  oob_risk = 0.57   riskauc = 0.92   time = 2220471   
 372/4955   risk = 0.3  oob_risk = 0.61   riskauc = 0.93   time = 3371639   
 496/4955   risk = 0.28  oob_risk = 0.64   riskauc = 0.94   time = 4504457   
 620/4955   risk = 0.27  oob_risk = 0.67   riskauc = 0.95   time = 5702003   
 744/4955   risk = 0.25  oob_risk = 0.7   riskauc = 0.95   time = 6772775   
 868/4955   risk = 0.25  oob_risk = 0.73   riskauc = 0.95   time = 7857716   
 992/4955   risk = 0.24  oob_risk = 0.76   riskauc = 0.95   time = 9053749   
1116/4955   risk = 0.23  oob_risk = 0.79   riskauc = 0.95   time = 10180664   
1240/4955   risk = 0.23  oob_risk = 0.82   riskauc = 0.95   time = 11331670   
1364/4955   risk = 0.22  oob_risk = 0.87   riskauc = 0.95   time = 12453137   
1488/4955   risk = 0.22  oob_risk = 0.93   riskauc = 0.95   time = 13578366   
1612/4955   risk = 0.21  oob_risk = 0.98   riskauc = 0.95   time = 14865311   
1736/4955   risk = 0.21  oob_risk = 1   riskauc = 0.95   time = 15928418   
1860/4955   risk = 0.21  oob_risk = 1.1   riskauc = 0.95   time = 16889600   
1984/4955   risk = 0.2  oob_risk = 1.2   riskauc = 0.95   time = 17893184   
2108/4955   risk = 0.2  oob_risk = 1.2   riskauc = 0.95   time = 18947168   
2232/4955   risk = 0.2  oob_risk = 1.3   riskauc = 0.95   time = 20085645   
2356/4955   risk = 0.2  oob_risk = 1.3   riskauc = 0.95   time = 21270080   
2480/4955   risk = 0.2  oob_risk = inf   riskauc = 0.95   time = 22384072   
2604/4955   risk = 0.19  oob_risk = inf   riskauc = 0.95   time = 23569620   
2728/4955   risk = 0.19  oob_risk = inf   riskauc = 0.95   time = 24664266   
2852/4955   risk = 0.19  oob_risk = inf   riskauc = 0.95   time = 25871751   
2976/4955   risk = 0.19  oob_risk = inf   riskauc = 0.95   time = 26980077   
3100/4955   risk = 0.19  oob_risk = inf   riskauc = 0.95   time = 28089391   
3224/4955   risk = 0.19  oob_risk = inf   riskauc = 0.95   time = 29120829   
3348/4955   risk = 0.18  oob_risk = inf   riskauc = 0.95   time = 30216032   
3472/4955   risk = 0.18  oob_risk = inf   riskauc = 0.95   time = 31435170   
3596/4955   risk = 0.18  oob_risk = inf   riskauc = 0.95   time = 32541263   
3720/4955   risk = 0.18  oob_risk = inf   riskauc = 0.95   time = 33708814   
3844/4955   risk = 0.18  oob_risk = inf   riskauc = 0.95   time = 34819105   
3968/4955   risk = 0.18  oob_risk = inf   riskauc = 0.95   time = 35950025   
4092/4955   risk = 0.18  oob_risk = inf   riskauc = 0.95   time = 36983576   
4216/4955   risk = 0.17  oob_risk = inf   riskauc = 0.95   time = 38171868   
4340/4955   risk = 0.17  oob_risk = inf   riskauc = 0.95   time = 39308823   
4464/4955   risk = 0.17  oob_risk = inf   riskauc = 0.95   time = 40484257   
4588/4955   risk = 0.17  oob_risk = inf   riskauc = 0.95   time = 41612668   
4712/4955   risk = 0.17  oob_risk = inf   riskauc = 0.95   time = 42775712   
4836/4955   risk = 0.17  oob_risk = inf   riskauc = 0.95   time = 44092859   


Train 4955 iterations in 45 Seconds.
Final risk based on the train set: 0.17

INFO  [19:51:57.826] [mlr3]  [LGCOMPBOOST] Completed fitting of restarted compboost model with optimizer nesterov 
INFO  [19:52:04.621] [mlr3]  [LGCOMPBOOST] iterations:'stop_cwb',NA,'stop_acwb',45,'stop_hcwb',4955 
INFO  [19:52:04.624] [mlr3]  [LGCOMPBOOST] risk_inbag:'risk_intercept',0.672473,'risk_cwb',NA,'risk_acwb',0.582010,'risk_hcwb',0.168485 
INFO  [19:52:04.626] [mlr3]  [LGCOMPBOOST] risk_oob:'risk_intercept_oob',0.661849,'risk_cwb_oob',NA,'risk_acwb_oob',0.623267,'risk_hcwb_oob',Inf 
DEBUG [19:52:04.631] [mlr3]  Learner 'acc_hcwb' on task 'spam' succeeded to fit a model {learner: <LearnerClassifCompboost/LearnerClassif/Learner/R6>, result: <list>, messages: }
DEBUG [19:52:04.642] [mlr3]  Skip subsetting of task 'spam' 
DEBUG [19:52:04.645] [mlr3]  Calling train method of Learner 'acc_hcwb' on task 'spam' with 3680 observations {learner: <LearnerClassifCompboost/LearnerClassif/Learner/R6>}
INFO  [19:52:04.656] [mlr3]  [LGCOMPBOOST] Running compboost with df 20.000000 and df_cat 1.000000 
   1/5000   risk = 0.67  oob_risk = 0.66   time = 2   


Train 45 iterations in 0 Seconds.
Final risk based on the train set: 0.58

   1/4955   risk = 0.58  oob_risk = 0.62   time = 2   
 124/4955   risk = 0.41  oob_risk = 0.51   time = 1091526   
 248/4955   risk = 0.34  oob_risk = 0.57   time = 2178452   
 372/4955   risk = 0.3  oob_risk = 0.61   time = 3182492   
 496/4955   risk = 0.28  oob_risk = 0.64   time = 4244747   
 620/4955   risk = 0.27  oob_risk = 0.67   time = 5306417   
 744/4955   risk = 0.25  oob_risk = 0.7   time = 6357754   
 868/4955   risk = 0.25  oob_risk = 0.73   time = 7399289   
 992/4955   risk = 0.24  oob_risk = 0.76   time = 8505774   
1116/4955   risk = 0.23  oob_risk = 0.79   time = 9588053   
1240/4955   risk = 0.23  oob_risk = 0.82   time = 10761751   
1364/4955   risk = 0.22  oob_risk = 0.87   time = 11971716   
1488/4955   risk = 0.22  oob_risk = 0.93   time = 13180273   
1612/4955   risk = 0.21  oob_risk = 0.98   time = 14265087   
1736/4955   risk = 0.21  oob_risk = 1   time = 15337322   
1860/4955   risk = 0.21  oob_risk = 1.1   time = 16462800   
1984/4955   risk = 0.2  oob_risk = 1.2   time = 17575846   
2108/4955   risk = 0.2  oob_risk = 1.2   time = 18750666   
2232/4955   risk = 0.2  oob_risk = 1.3   time = 19806608   
2356/4955   risk = 0.2  oob_risk = 1.3   time = 20958460   
2480/4955   risk = 0.2  oob_risk = inf   time = 22114179   
2604/4955   risk = 0.19  oob_risk = inf   time = 23187820   
2728/4955   risk = 0.19  oob_risk = inf   time = 24261422   
2852/4955   risk = 0.19  oob_risk = inf   time = 25404175   
2976/4955   risk = 0.19  oob_risk = inf   time = 26561937   
3100/4955   risk = 0.19  oob_risk = inf   time = 27596049   
3224/4955   risk = 0.19  oob_risk = inf   time = 28673762   
3348/4955   risk = 0.18  oob_risk = inf   time = 29823252   
3472/4955   risk = 0.18  oob_risk = inf   time = 30956869   
3596/4955   risk = 0.18  oob_risk = inf   time = 32025482   
3720/4955   risk = 0.18  oob_risk = inf   time = 33186848   
3844/4955   risk = 0.18  oob_risk = inf   time = 34323747   
3968/4955   risk = 0.18  oob_risk = inf   time = 35447420   
4092/4955   risk = 0.18  oob_risk = inf   time = 36610518   
4216/4955   risk = 0.17  oob_risk = inf   time = 37707329   
4340/4955   risk = 0.17  oob_risk = inf   time = 38833274   
4464/4955   risk = 0.17  oob_risk = inf   time = 39997980   
4588/4955   risk = 0.17  oob_risk = inf   time = 41124843   
4712/4955   risk = 0.17  oob_risk = inf   time = 42263202   
4836/4955   risk = 0.17  oob_risk = inf   time = 43416680   


Train 4955 iterations in 44 Seconds.
Final risk based on the train set: 0.17

INFO  [19:52:50.100] [mlr3]  [LGCOMPBOOST] Completed fitting of restarted compboost model with optimizer nesterov 
INFO  [19:52:57.150] [mlr3]  [LGCOMPBOOST] iterations:'stop_cwb',NA,'stop_acwb',45,'stop_hcwb',4955 
INFO  [19:52:57.153] [mlr3]  [LGCOMPBOOST] risk_inbag:'risk_intercept',0.672473,'risk_cwb',NA,'risk_acwb',0.582010,'risk_hcwb',0.168485 
INFO  [19:52:57.155] [mlr3]  [LGCOMPBOOST] risk_oob:'risk_intercept_oob',0.661849,'risk_cwb_oob',NA,'risk_acwb_oob',0.623267,'risk_hcwb_oob',Inf 
DEBUG [19:52:57.160] [mlr3]  Learner 'acc_hcwb' on task 'spam' succeeded to fit a model {learner: <LearnerClassifCompboost/LearnerClassif/Learner/R6>, result: <list>, messages: }

### [bt]: Job terminated successfully [batchtools job.id=10]
### [bt]: Calculation finished!
