### [bt]: This is batchtools v0.9.15
### [bt]: Starting calculation of 1 jobs
### [bt]: Setting working directory to '/home/user/repos/cacb-batchtools/eq1'
[2021-07-26 01:19:09] Loading new learner
[2021-07-26 01:19:09] Loading tasks
[2021-07-26 01:19:12] Loading resampling
### [bt]: Memory measurement disabled
### [bt]: Starting job [batchtools job.id=42]
### [bt]: Generating problem instance for problem '7592-fold4' ...
### [bt]: Applying algorithm 'evaluate-learner' on problem '7592-fold4' for job 42 (seed = 31457) ...
DEBUG [01:19:13.199] [mlr3]  Skip subsetting of task 'Task 7592: adult (Supervised Classification)' 
DEBUG [01:19:13.202] [mlr3]  Calling train method of Learner 'bin_cwb_b' on task 'Task 7592: adult (Supervised Classification)' with 39074 observations {learner: <LearnerClassifCompboost/LearnerClassif/Learner/R6>}
Warning in get_private(learner)$.train(task) :
  Number of cores 30 exceeds number of features 14. The number of cores are set to 14!
INFO  [01:19:13.307] [mlr3]  [LGCOMPBOOST] Running compboost with df 5.000000 and df_cat 2.000000 
   1/5000   risk = 0.54  riskauc = 0.79   time = 2   
 125/5000   risk = 0.35  riskauc = 0.9   time = 1774813   
 250/5000   risk = 0.34  riskauc = 0.91   time = 2830810   
 375/5000   risk = 0.34  riskauc = 0.91   time = 3749363   
 500/5000   risk = 0.35  riskauc = 0.91   time = 4646542   
 625/5000   risk = 0.35  riskauc = 0.91   time = 5531849   
 750/5000   risk = 0.35  riskauc = 0.91   time = 6487794   
 875/5000   risk = 0.35  riskauc = 0.91   time = 7424603   
1000/5000   risk = 0.35  riskauc = 0.91   time = 8337872   
1125/5000   risk = 0.35  riskauc = 0.91   time = 9247395   
1250/5000   risk = 0.35  riskauc = 0.91   time = 10214198   
1375/5000   risk = 0.35  riskauc = 0.91   time = 11277032   
1500/5000   risk = 0.35  riskauc = 0.91   time = 12377440   
1625/5000   risk = 0.35  riskauc = 0.91   time = 13438154   
1750/5000   risk = 0.36  riskauc = 0.91   time = 14471682   
1875/5000   risk = 0.36  riskauc = 0.91   time = 15552694   
2000/5000   risk = 0.36  riskauc = 0.91   time = 16533415   
2125/5000   risk = 0.36  riskauc = 0.91   time = 17628542   
2250/5000   risk = 0.36  riskauc = 0.91   time = 18636445   
2375/5000   risk = 0.36  riskauc = 0.91   time = 19588661   
2500/5000   risk = 0.36  riskauc = 0.91   time = 20665532   
2625/5000   risk = 0.36  riskauc = 0.91   time = 21620838   
2750/5000   risk = 0.36  riskauc = 0.91   time = 22818345   
2875/5000   risk = 0.36  riskauc = 0.91   time = 23790365   
3000/5000   risk = 0.36  riskauc = 0.91   time = 24780181   
3125/5000   risk = 0.36  riskauc = 0.91   time = 25746109   
3250/5000   risk = 0.36  riskauc = 0.91   time = 26699630   
3375/5000   risk = 0.36  riskauc = 0.91   time = 27685418   
3500/5000   risk = 0.36  riskauc = 0.91   time = 28646867   
3625/5000   risk = 0.36  riskauc = 0.91   time = 29693319   
3750/5000   risk = 0.36  riskauc = 0.91   time = 30783886   
3875/5000   risk = 0.36  riskauc = 0.91   time = 31686359   
4000/5000   risk = 0.36  riskauc = 0.91   time = 32642005   
4125/5000   risk = 0.36  riskauc = 0.91   time = 33550576   
4250/5000   risk = 0.36  riskauc = 0.91   time = 34510119   
4375/5000   risk = 0.36  riskauc = 0.91   time = 35474860   
4500/5000   risk = 0.36  riskauc = 0.91   time = 36460217   
4625/5000   risk = 0.36  riskauc = 0.91   time = 37438104   
4750/5000   risk = 0.36  riskauc = 0.91   time = 38457805   
4875/5000   risk = 0.36  riskauc = 0.91   time = 39450674   
5000/5000   risk = 0.36  riskauc = 0.91   time = 40432821   


Train 5000 iterations in 40 Seconds.
Final risk based on the train set: 0.36

INFO  [01:20:00.983] [mlr3]  [LGCOMPBOOST] iterations:'stop_cwb',5000,'stop_acwb',NA,'stop_hcwb',NA 
INFO  [01:20:00.986] [mlr3]  [LGCOMPBOOST] risk_inbag:'risk_intercept',0.550260,'risk_cwb',0.357430,'risk_acwb',NA,'risk_hcwb',NA 
INFO  [01:20:00.988] [mlr3]  [LGCOMPBOOST] risk_oob:'risk_intercept_oob',NA,'risk_cwb_oob',NA,'risk_acwb_oob',NA,'risk_hcwb_oob',NA 
DEBUG [01:20:00.993] [mlr3]  Learner 'bin_cwb_b' on task 'Task 7592: adult (Supervised Classification)' succeeded to fit a model {learner: <LearnerClassifCompboost/LearnerClassif/Learner/R6>, result: <list>, messages: }
DEBUG [01:20:01.010] [mlr3]  Skip subsetting of task 'Task 7592: adult (Supervised Classification)' 
DEBUG [01:20:01.014] [mlr3]  Calling train method of Learner 'bin_cwb_b' on task 'Task 7592: adult (Supervised Classification)' with 39074 observations {learner: <LearnerClassifCompboost/LearnerClassif/Learner/R6>}
Warning in get_private(learner)$.train(task) :
  Number of cores 30 exceeds number of features 14. The number of cores are set to 14!
INFO  [01:20:01.089] [mlr3]  [LGCOMPBOOST] Running compboost with df 5.000000 and df_cat 2.000000 
   1/5000   risk = 0.54  time = 2   
 125/5000   risk = 0.35  time = 370814   
 250/5000   risk = 0.34  time = 699998   
 375/5000   risk = 0.34  time = 1030512   
 500/5000   risk = 0.35  time = 1378895   
 625/5000   risk = 0.35  time = 1746866   
 750/5000   risk = 0.35  time = 2129021   
 875/5000   risk = 0.35  time = 2517196   
1000/5000   risk = 0.35  time = 2926043   
1125/5000   risk = 0.35  time = 3342381   
1250/5000   risk = 0.35  time = 3702837   
1375/5000   risk = 0.35  time = 4051812   
1500/5000   risk = 0.35  time = 4399652   
1625/5000   risk = 0.35  time = 4747698   
1750/5000   risk = 0.36  time = 5091335   
1875/5000   risk = 0.36  time = 5436025   
2000/5000   risk = 0.36  time = 5785730   
2125/5000   risk = 0.36  time = 6131488   
2250/5000   risk = 0.36  time = 6471430   
2375/5000   risk = 0.36  time = 6817425   
2500/5000   risk = 0.36  time = 7171893   
2625/5000   risk = 0.36  time = 7531060   
2750/5000   risk = 0.36  time = 7885551   
2875/5000   risk = 0.36  time = 8247825   
3000/5000   risk = 0.36  time = 8600442   
3125/5000   risk = 0.36  time = 8955039   
3250/5000   risk = 0.36  time = 9315828   
3375/5000   risk = 0.36  time = 9674046   
3500/5000   risk = 0.36  time = 10037351   
3625/5000   risk = 0.36  time = 10400708   
3750/5000   risk = 0.36  time = 10767513   
3875/5000   risk = 0.36  time = 11133555   
4000/5000   risk = 0.36  time = 11510628   
4125/5000   risk = 0.36  time = 11884371   
4250/5000   risk = 0.36  time = 12259840   
4375/5000   risk = 0.36  time = 12637428   
4500/5000   risk = 0.36  time = 13019826   
4625/5000   risk = 0.36  time = 13406965   
4750/5000   risk = 0.36  time = 13791990   
4875/5000   risk = 0.36  time = 14178166   
5000/5000   risk = 0.36  time = 14572110   


Train 5000 iterations in 14 Seconds.
Final risk based on the train set: 0.36

INFO  [01:20:23.067] [mlr3]  [LGCOMPBOOST] iterations:'stop_cwb',5000,'stop_acwb',NA,'stop_hcwb',NA 
INFO  [01:20:23.072] [mlr3]  [LGCOMPBOOST] risk_inbag:'risk_intercept',0.550260,'risk_cwb',0.357430,'risk_acwb',NA,'risk_hcwb',NA 
INFO  [01:20:23.074] [mlr3]  [LGCOMPBOOST] risk_oob:'risk_intercept_oob',NA,'risk_cwb_oob',NA,'risk_acwb_oob',NA,'risk_hcwb_oob',NA 
DEBUG [01:20:23.081] [mlr3]  Learner 'bin_cwb_b' on task 'Task 7592: adult (Supervised Classification)' succeeded to fit a model {learner: <LearnerClassifCompboost/LearnerClassif/Learner/R6>, result: <list>, messages: }

### [bt]: Job terminated successfully [batchtools job.id=42]
### [bt]: Calculation finished!
