### [bt]: This is batchtools v0.9.15
### [bt]: Starting calculation of 1 jobs
### [bt]: Setting working directory to '/home/user/repos/cacb-batchtools/eq1'
[2021-07-26 00:33:26] Loading new learner
[2021-07-26 00:33:26] Loading tasks
[2021-07-26 00:33:29] Loading resampling
### [bt]: Memory measurement disabled
### [bt]: Starting job [batchtools job.id=22]
### [bt]: Generating problem instance for problem 'spam-fold5' ...
### [bt]: Applying algorithm 'evaluate-learner' on problem 'spam-fold5' for job 22 (seed = 31437) ...
DEBUG [00:33:30.409] [mlr3]  Skip subsetting of task 'spam' 
DEBUG [00:33:30.412] [mlr3]  Calling train method of Learner 'bin_cwb_b' on task 'spam' with 3682 observations {learner: <LearnerClassifCompboost/LearnerClassif/Learner/R6>}
INFO  [00:33:30.422] [mlr3]  [LGCOMPBOOST] Running compboost with df 20.000000 and df_cat 1.000000 
   1/5000   risk = 0.64  riskauc = 0.78   time = 2   
 125/5000   risk = 0.25  riskauc = 0.96   time = 1049656   
 250/5000   risk = 0.21  riskauc = 0.97   time = 2309522   
 375/5000   risk = 0.2  riskauc = 0.97   time = 3374028   
 500/5000   risk = 0.19  riskauc = 0.96   time = 4448929   
 625/5000   risk = 0.18  riskauc = 0.96   time = 5572940   
 750/5000   risk = 0.17  riskauc = 0.96   time = 6847393   
 875/5000   risk = 0.17  riskauc = 0.96   time = 7945540   
1000/5000   risk = 0.16  riskauc = 0.96   time = 9103463   
1125/5000   risk = 0.16  riskauc = 0.96   time = 10168178   
1250/5000   risk = 0.16  riskauc = 0.96   time = 11294873   
1375/5000   risk = 0.16  riskauc = 0.96   time = 12363488   
1500/5000   risk = 0.15  riskauc = 0.96   time = 13943273   
1625/5000   risk = 0.15  riskauc = 0.96   time = 15049331   
1750/5000   risk = 0.15  riskauc = 0.96   time = 16120424   
1875/5000   risk = 0.15  riskauc = 0.96   time = 17116534   
2000/5000   risk = 0.14  riskauc = 0.96   time = 18143381   
2125/5000   risk = 0.14  riskauc = 0.96   time = 19278185   
2250/5000   risk = 0.14  riskauc = 0.96   time = 20364845   
2375/5000   risk = 0.14  riskauc = 0.95   time = 21467345   
2500/5000   risk = 0.14  riskauc = 0.95   time = 22492818   
2625/5000   risk = 0.14  riskauc = 0.95   time = 23466444   
2750/5000   risk = 0.14  riskauc = 0.95   time = 24512079   
2875/5000   risk = 0.14  riskauc = 0.95   time = 25678464   
3000/5000   risk = 0.13  riskauc = 0.95   time = 26987445   
3125/5000   risk = 0.13  riskauc = 0.95   time = 28086774   
3250/5000   risk = 0.13  riskauc = 0.95   time = 29209291   
3375/5000   risk = 0.13  riskauc = 0.95   time = 30348863   
3500/5000   risk = 0.13  riskauc = 0.95   time = 31438982   
3625/5000   risk = 0.13  riskauc = 0.95   time = 32472783   
3750/5000   risk = 0.13  riskauc = 0.95   time = 33502537   
3875/5000   risk = 0.13  riskauc = 0.95   time = 34607569   
4000/5000   risk = 0.13  riskauc = 0.95   time = 35792365   
4125/5000   risk = 0.13  riskauc = 0.95   time = 36961053   
4250/5000   risk = 0.13  riskauc = 0.95   time = 38064780   
4375/5000   risk = 0.13  riskauc = 0.95   time = 39230136   
4500/5000   risk = 0.12  riskauc = 0.95   time = 40345863   
4625/5000   risk = 0.12  riskauc = 0.95   time = 41468644   
4750/5000   risk = 0.12  riskauc = 0.95   time = 42605704   
4875/5000   risk = 0.12  riskauc = 0.95   time = 43782894   
5000/5000   risk = 0.12  riskauc = 0.95   time = 45036806   


Train 5000 iterations in 45 Seconds.
Final risk based on the train set: 0.12

INFO  [00:34:24.471] [mlr3]  [LGCOMPBOOST] iterations:'stop_cwb',5000,'stop_acwb',NA,'stop_hcwb',NA 
INFO  [00:34:24.474] [mlr3]  [LGCOMPBOOST] risk_inbag:'risk_intercept',0.670538,'risk_cwb',0.122556,'risk_acwb',NA,'risk_hcwb',NA 
INFO  [00:34:24.476] [mlr3]  [LGCOMPBOOST] risk_oob:'risk_intercept_oob',NA,'risk_cwb_oob',NA,'risk_acwb_oob',NA,'risk_hcwb_oob',NA 
DEBUG [00:34:24.481] [mlr3]  Learner 'bin_cwb_b' on task 'spam' succeeded to fit a model {learner: <LearnerClassifCompboost/LearnerClassif/Learner/R6>, result: <list>, messages: }
DEBUG [00:34:24.493] [mlr3]  Skip subsetting of task 'spam' 
DEBUG [00:34:24.624] [mlr3]  Calling train method of Learner 'bin_cwb_b' on task 'spam' with 3682 observations {learner: <LearnerClassifCompboost/LearnerClassif/Learner/R6>}
INFO  [00:34:24.635] [mlr3]  [LGCOMPBOOST] Running compboost with df 20.000000 and df_cat 1.000000 
   1/5000   risk = 0.64  time = 2   
 125/5000   risk = 0.25  time = 1046435   
 250/5000   risk = 0.21  time = 2062905   
 375/5000   risk = 0.2  time = 3160261   
 500/5000   risk = 0.19  time = 4171554   
 625/5000   risk = 0.18  time = 5207820   
 750/5000   risk = 0.17  time = 6270703   
 875/5000   risk = 0.17  time = 7317217   
1000/5000   risk = 0.16  time = 8326198   
1125/5000   risk = 0.16  time = 9376775   
1250/5000   risk = 0.16  time = 10450403   
1375/5000   risk = 0.16  time = 11530082   
1500/5000   risk = 0.15  time = 12541740   
1625/5000   risk = 0.15  time = 13672965   
1750/5000   risk = 0.15  time = 14741833   
1875/5000   risk = 0.15  time = 15831882   
2000/5000   risk = 0.14  time = 16892031   
2125/5000   risk = 0.14  time = 17889161   
2250/5000   risk = 0.14  time = 19014347   
2375/5000   risk = 0.14  time = 20134058   
2500/5000   risk = 0.14  time = 21226765   
2625/5000   risk = 0.14  time = 22280600   
2750/5000   risk = 0.14  time = 23310236   
2875/5000   risk = 0.14  time = 24322921   
3000/5000   risk = 0.13  time = 25516162   
3125/5000   risk = 0.13  time = 26723507   
3250/5000   risk = 0.13  time = 27741991   
3375/5000   risk = 0.13  time = 28865754   
3500/5000   risk = 0.13  time = 29920401   
3625/5000   risk = 0.13  time = 30986997   
3750/5000   risk = 0.13  time = 31977286   
3875/5000   risk = 0.13  time = 33090185   
4000/5000   risk = 0.13  time = 34393965   
4125/5000   risk = 0.13  time = 35497143   
4250/5000   risk = 0.13  time = 36576477   
4375/5000   risk = 0.13  time = 37596632   
4500/5000   risk = 0.12  time = 38670505   
4625/5000   risk = 0.12  time = 39726007   
4750/5000   risk = 0.12  time = 40711309   
4875/5000   risk = 0.12  time = 41736560   
5000/5000   risk = 0.12  time = 42886251   


Train 5000 iterations in 42 Seconds.
Final risk based on the train set: 0.12

INFO  [00:35:16.590] [mlr3]  [LGCOMPBOOST] iterations:'stop_cwb',5000,'stop_acwb',NA,'stop_hcwb',NA 
INFO  [00:35:16.593] [mlr3]  [LGCOMPBOOST] risk_inbag:'risk_intercept',0.670538,'risk_cwb',0.122556,'risk_acwb',NA,'risk_hcwb',NA 
INFO  [00:35:16.595] [mlr3]  [LGCOMPBOOST] risk_oob:'risk_intercept_oob',NA,'risk_cwb_oob',NA,'risk_acwb_oob',NA,'risk_hcwb_oob',NA 
DEBUG [00:35:16.600] [mlr3]  Learner 'bin_cwb_b' on task 'spam' succeeded to fit a model {learner: <LearnerClassifCompboost/LearnerClassif/Learner/R6>, result: <list>, messages: }

### [bt]: Job terminated successfully [batchtools job.id=22]
### [bt]: Calculation finished!
