### [bt]: This is batchtools v0.9.15
### [bt]: Starting calculation of 1 jobs
### [bt]: Setting working directory to '/home/user/repos/cacb-batchtools/eq1'
[2021-07-28 21:15:25] Loading new learner
[2021-07-28 21:15:25] Loading tasks
[2021-07-28 21:15:28] Loading resampling
### [bt]: Memory measurement disabled
### [bt]: Starting job [batchtools job.id=81]
### [bt]: Generating problem instance for problem '168908-fold1' ...
### [bt]: Applying algorithm 'evaluate-learner' on problem '168908-fold1' for job 81 (seed = 31496) ...
DEBUG [21:15:29.971] [mlr3]  Skip subsetting of task 'Task 168908: christine (Supervised Classification)' 
DEBUG [21:15:29.975] [mlr3]  Calling train method of Learner 'bin_cwb_nb' on task 'Task 168908: christine (Supervised Classification)' with 4334 observations {learner: <LearnerClassifCompboost/LearnerClassif/Learner/R6>}
   1/5000   risk = 0.68  riskauc = 0.74   time = 2   
 125/5000   risk = 0.55  riskauc = 0.8   time = 4071751   
 250/5000   risk = 0.54  riskauc = 0.81   time = 8302148   
 375/5000   risk = 0.53  riskauc = 0.81   time = 12419738   
 500/5000   risk = 0.52  riskauc = 0.82   time = 16584875   
 625/5000   risk = 0.51  riskauc = 0.82   time = 20648240   
 750/5000   risk = 0.5  riskauc = 0.82   time = 24748927   
 875/5000   risk = 0.49  riskauc = 0.82   time = 28823181   
1000/5000   risk = 0.49  riskauc = 0.82   time = 32898916   
1125/5000   risk = 0.48  riskauc = 0.82   time = 37082670   
1250/5000   risk = 0.47  riskauc = 0.82   time = 41194192   
1375/5000   risk = 0.47  riskauc = 0.82   time = 45276233   
1500/5000   risk = 0.46  riskauc = 0.82   time = 49376437   
1625/5000   risk = 0.45  riskauc = 0.82   time = 53534603   
1750/5000   risk = 0.45  riskauc = 0.82   time = 57690795   
1875/5000   risk = 0.44  riskauc = 0.81   time = 61872785   
2000/5000   risk = 0.44  riskauc = 0.81   time = 65992050   
2125/5000   risk = 0.43  riskauc = 0.81   time = 70174194   
2250/5000   risk = 0.43  riskauc = 0.81   time = 74318359   
2375/5000   risk = 0.42  riskauc = 0.81   time = 78402637   
2500/5000   risk = 0.42  riskauc = 0.81   time = 82468896   
2625/5000   risk = 0.41  riskauc = 0.81   time = 86472731   
2750/5000   risk = 0.41  riskauc = 0.81   time = 90584506   
2875/5000   risk = 0.4  riskauc = 0.81   time = 94563272   
3000/5000   risk = 0.4  riskauc = 0.81   time = 98723958   
3125/5000   risk = 0.39  riskauc = 0.81   time = 102964823   
3250/5000   risk = 0.39  riskauc = 0.81   time = 107115401   
3375/5000   risk = 0.39  riskauc = 0.81   time = 111261521   
3500/5000   risk = 0.38  riskauc = 0.81   time = 115356228   
3625/5000   risk = 0.38  riskauc = 0.81   time = 119429502   
3750/5000   risk = 0.37  riskauc = 0.81   time = 123549107   
3875/5000   risk = 0.37  riskauc = 0.81   time = 127770115   
4000/5000   risk = 0.37  riskauc = 0.81   time = 131824758   
4125/5000   risk = 0.36  riskauc = 0.81   time = 136023005   
4250/5000   risk = 0.36  riskauc = 0.81   time = 140150472   
4375/5000   risk = 0.36  riskauc = 0.81   time = 144163352   
4500/5000   risk = 0.35  riskauc = 0.81   time = 148282611   
4625/5000   risk = 0.35  riskauc = 0.81   time = 152510227   
4750/5000   risk = 0.35  riskauc = 0.81   time = 156725262   
4875/5000   risk = 0.34  riskauc = 0.81   time = 160757245   
5000/5000   risk = 0.34  riskauc = 0.81   time = 164918357   


Train 5000 iterations in 164 Seconds.
Final risk based on the train set: 0.34

DEBUG [21:18:25.521] [mlr3]  Learner 'bin_cwb_nb' on task 'Task 168908: christine (Supervised Classification)' succeeded to fit a model {learner: <LearnerClassifCompboost/LearnerClassif/Learner/R6>, result: <list>, messages: }
DEBUG [21:18:25.538] [mlr3]  Skip subsetting of task 'Task 168908: christine (Supervised Classification)' 
DEBUG [21:18:25.543] [mlr3]  Calling train method of Learner 'bin_cwb_nb' on task 'Task 168908: christine (Supervised Classification)' with 4334 observations {learner: <LearnerClassifCompboost/LearnerClassif/Learner/R6>}
   1/5000   risk = 0.68  time = 2   
 125/5000   risk = 0.55  time = 4103677   
 250/5000   risk = 0.54  time = 8059519   
 375/5000   risk = 0.53  time = 12080189   
 500/5000   risk = 0.52  time = 15982021   
 625/5000   risk = 0.51  time = 20011712   
 750/5000   risk = 0.5  time = 23855553   
 875/5000   risk = 0.49  time = 27743092   
1000/5000   risk = 0.49  time = 31648291   
1125/5000   risk = 0.48  time = 35601904   
1250/5000   risk = 0.47  time = 39546778   
1375/5000   risk = 0.47  time = 43483252   
1500/5000   risk = 0.46  time = 47379769   
1625/5000   risk = 0.45  time = 51283517   
1750/5000   risk = 0.45  time = 55275685   
1875/5000   risk = 0.44  time = 59281960   
2000/5000   risk = 0.44  time = 63163263   
2125/5000   risk = 0.43  time = 67151199   
2250/5000   risk = 0.43  time = 71189676   
2375/5000   risk = 0.42  time = 75226799   
2500/5000   risk = 0.42  time = 79199495   
2625/5000   risk = 0.41  time = 83227219   
2750/5000   risk = 0.41  time = 87283961   
2875/5000   risk = 0.4  time = 91304374   
3000/5000   risk = 0.4  time = 95359122   
3125/5000   risk = 0.39  time = 99396999   
3250/5000   risk = 0.39  time = 103359946   
3375/5000   risk = 0.39  time = 107335668   
3500/5000   risk = 0.38  time = 111339712   
3625/5000   risk = 0.38  time = 115373727   
3750/5000   risk = 0.37  time = 119398951   
3875/5000   risk = 0.37  time = 123404200   
4000/5000   risk = 0.37  time = 127342240   
4125/5000   risk = 0.36  time = 131375487   
4250/5000   risk = 0.36  time = 135409687   
4375/5000   risk = 0.36  time = 139441160   
4500/5000   risk = 0.35  time = 143512094   
4625/5000   risk = 0.35  time = 147549958   
4750/5000   risk = 0.35  time = 151599201   
4875/5000   risk = 0.34  time = 155738556   
5000/5000   risk = 0.34  time = 159788479   


Train 5000 iterations in 159 Seconds.
Final risk based on the train set: 0.34

DEBUG [21:21:13.689] [mlr3]  Learner 'bin_cwb_nb' on task 'Task 168908: christine (Supervised Classification)' succeeded to fit a model {learner: <LearnerClassifCompboost/LearnerClassif/Learner/R6>, result: <list>, messages: }

### [bt]: Job terminated successfully [batchtools job.id=81]
### [bt]: Calculation finished!
