### [bt]: This is batchtools v0.9.15
### [bt]: Starting calculation of 1 jobs
### [bt]: Setting working directory to '/home/user/repos/cacb-batchtools/eq1'
[2021-07-25 19:42:17] Loading new learner
[2021-07-25 19:42:17] Loading tasks
[2021-07-25 19:42:20] Loading resampling
### [bt]: Memory measurement disabled
### [bt]: Starting job [batchtools job.id=6]
### [bt]: Generating problem instance for problem 'spam-fold2' ...
### [bt]: Applying algorithm 'evaluate-learner' on problem 'spam-fold2' for job 6 (seed = 31421) ...
DEBUG [19:42:21.688] [mlr3]  Skip subsetting of task 'spam' 
DEBUG [19:42:21.691] [mlr3]  Calling train method of Learner 'bin_cwb_nb' on task 'spam' with 3680 observations {learner: <LearnerClassifCompboost/LearnerClassif/Learner/R6>}
INFO  [19:42:21.699] [mlr3]  [LGCOMPBOOST] Running compboost with df 20.000000 and df_cat 1.000000 
   1/5000   risk = 0.64  riskauc = 0.8   time = 2   
 125/5000   risk = 0.23  riskauc = 0.95   time = 1122666   
 250/5000   risk = 0.2  riskauc = 0.96   time = 2267516   
 375/5000   risk = 0.18  riskauc = 0.95   time = 3443460   
 500/5000   risk = 0.17  riskauc = 0.96   time = 4635599   
 625/5000   risk = 0.17  riskauc = 0.95   time = 5824987   
 750/5000   risk = 0.16  riskauc = 0.95   time = 6962996   
 875/5000   risk = 0.15  riskauc = 0.96   time = 8212134   
1000/5000   risk = 0.15  riskauc = 0.95   time = 9396265   
1125/5000   risk = 0.15  riskauc = 0.95   time = 10500015   
1250/5000   risk = 0.14  riskauc = 0.95   time = 11648601   
1375/5000   risk = 0.14  riskauc = 0.95   time = 12890943   
1500/5000   risk = 0.14  riskauc = 0.95   time = 14084266   
1625/5000   risk = 0.14  riskauc = 0.95   time = 15294799   
1750/5000   risk = 0.13  riskauc = 0.95   time = 16500986   
1875/5000   risk = 0.13  riskauc = 0.95   time = 17639327   
2000/5000   risk = 0.13  riskauc = 0.95   time = 19397209   
2125/5000   risk = 0.13  riskauc = 0.95   time = 20577351   
2250/5000   risk = 0.13  riskauc = 0.95   time = 21768677   
2375/5000   risk = 0.12  riskauc = 0.95   time = 22980452   
2500/5000   risk = 0.12  riskauc = 0.95   time = 24209453   
2625/5000   risk = 0.12  riskauc = 0.95   time = 25441783   
2750/5000   risk = 0.12  riskauc = 0.95   time = 26525728   
2875/5000   risk = 0.12  riskauc = 0.95   time = 27715985   
3000/5000   risk = 0.12  riskauc = 0.95   time = 28839376   
3125/5000   risk = 0.12  riskauc = 0.95   time = 30026218   
3250/5000   risk = 0.12  riskauc = 0.95   time = 31346573   
3375/5000   risk = 0.12  riskauc = 0.95   time = 32552392   
3500/5000   risk = 0.11  riskauc = 0.95   time = 33769638   
3625/5000   risk = 0.11  riskauc = 0.95   time = 34795839   
3750/5000   risk = 0.11  riskauc = 0.95   time = 35885175   
3875/5000   risk = 0.11  riskauc = 0.95   time = 37029719   
4000/5000   risk = 0.11  riskauc = 0.95   time = 38267531   
4125/5000   risk = 0.11  riskauc = 0.95   time = 39481046   
4250/5000   risk = 0.11  riskauc = 0.95   time = 40624480   
4375/5000   risk = 0.11  riskauc = 0.95   time = 41743446   
4500/5000   risk = 0.11  riskauc = 0.95   time = 42857219   
4625/5000   risk = 0.11  riskauc = 0.95   time = 44048958   
4750/5000   risk = 0.11  riskauc = 0.95   time = 45197017   
4875/5000   risk = 0.11  riskauc = 0.95   time = 46453418   
5000/5000   risk = 0.11  riskauc = 0.95   time = 47620514   


Train 5000 iterations in 47 Seconds.
Final risk based on the train set: 0.11

INFO  [19:43:18.485] [mlr3]  [LGCOMPBOOST] iterations:'stop_cwb',5000,'stop_acwb',NA,'stop_hcwb',NA 
INFO  [19:43:18.488] [mlr3]  [LGCOMPBOOST] risk_inbag:'risk_intercept',0.670513,'risk_cwb',0.106373,'risk_acwb',NA,'risk_hcwb',NA 
INFO  [19:43:18.489] [mlr3]  [LGCOMPBOOST] risk_oob:'risk_intercept_oob',NA,'risk_cwb_oob',NA,'risk_acwb_oob',NA,'risk_hcwb_oob',NA 
DEBUG [19:43:18.495] [mlr3]  Learner 'bin_cwb_nb' on task 'spam' succeeded to fit a model {learner: <LearnerClassifCompboost/LearnerClassif/Learner/R6>, result: <list>, messages: }
DEBUG [19:43:18.506] [mlr3]  Skip subsetting of task 'spam' 
DEBUG [19:43:18.510] [mlr3]  Calling train method of Learner 'bin_cwb_nb' on task 'spam' with 3680 observations {learner: <LearnerClassifCompboost/LearnerClassif/Learner/R6>}
INFO  [19:43:18.521] [mlr3]  [LGCOMPBOOST] Running compboost with df 20.000000 and df_cat 1.000000 
   1/5000   risk = 0.64  time = 2   
 125/5000   risk = 0.23  time = 1080275   
 250/5000   risk = 0.2  time = 2117146   
 375/5000   risk = 0.18  time = 3136875   
 500/5000   risk = 0.17  time = 4345718   
 625/5000   risk = 0.17  time = 5502238   
 750/5000   risk = 0.16  time = 6578121   
 875/5000   risk = 0.15  time = 7573652   
1000/5000   risk = 0.15  time = 8633744   
1125/5000   risk = 0.15  time = 9663957   
1250/5000   risk = 0.14  time = 10728786   
1375/5000   risk = 0.14  time = 11866685   
1500/5000   risk = 0.14  time = 13085660   
1625/5000   risk = 0.14  time = 14202676   
1750/5000   risk = 0.13  time = 15275296   
1875/5000   risk = 0.13  time = 16362158   
2000/5000   risk = 0.13  time = 17478210   
2125/5000   risk = 0.13  time = 18580996   
2250/5000   risk = 0.13  time = 19759879   
2375/5000   risk = 0.12  time = 20826501   
2500/5000   risk = 0.12  time = 21947792   
2625/5000   risk = 0.12  time = 22995946   
2750/5000   risk = 0.12  time = 24059514   
2875/5000   risk = 0.12  time = 25224195   
3000/5000   risk = 0.12  time = 26322633   
3125/5000   risk = 0.12  time = 27462991   
3250/5000   risk = 0.12  time = 28652816   
3375/5000   risk = 0.12  time = 29714194   
3500/5000   risk = 0.11  time = 30809812   
3625/5000   risk = 0.11  time = 31916450   
3750/5000   risk = 0.11  time = 33100689   
3875/5000   risk = 0.11  time = 34293501   
4000/5000   risk = 0.11  time = 35430062   
4125/5000   risk = 0.11  time = 36452191   
4250/5000   risk = 0.11  time = 37502776   
4375/5000   risk = 0.11  time = 38618954   
4500/5000   risk = 0.11  time = 39661630   
4625/5000   risk = 0.11  time = 40815473   
4750/5000   risk = 0.11  time = 41996252   
4875/5000   risk = 0.11  time = 43031781   
5000/5000   risk = 0.11  time = 44084804   


Train 5000 iterations in 44 Seconds.
Final risk based on the train set: 0.11

INFO  [19:44:11.719] [mlr3]  [LGCOMPBOOST] iterations:'stop_cwb',5000,'stop_acwb',NA,'stop_hcwb',NA 
INFO  [19:44:11.722] [mlr3]  [LGCOMPBOOST] risk_inbag:'risk_intercept',0.670513,'risk_cwb',0.106373,'risk_acwb',NA,'risk_hcwb',NA 
INFO  [19:44:11.724] [mlr3]  [LGCOMPBOOST] risk_oob:'risk_intercept_oob',NA,'risk_cwb_oob',NA,'risk_acwb_oob',NA,'risk_hcwb_oob',NA 
DEBUG [19:44:11.729] [mlr3]  Learner 'bin_cwb_nb' on task 'spam' succeeded to fit a model {learner: <LearnerClassifCompboost/LearnerClassif/Learner/R6>, result: <list>, messages: }

### [bt]: Job terminated successfully [batchtools job.id=6]
### [bt]: Calculation finished!
