### [bt]: This is batchtools v0.9.15
### [bt]: Starting calculation of 1 jobs
### [bt]: Setting working directory to '/home/user/repos/cacb-batchtools/eq1'
[2021-07-27 19:55:32] Loading new learner
[2021-07-27 19:55:32] Loading tasks
[2021-07-27 19:55:34] Loading resampling
### [bt]: Memory measurement disabled
### [bt]: Starting job [batchtools job.id=20]
### [bt]: Generating problem instance for problem 'spam-fold5' ...
### [bt]: Applying algorithm 'evaluate-learner' on problem 'spam-fold5' for job 20 (seed = 31435) ...
DEBUG [19:55:35.183] [mlr3]  Skip subsetting of task 'spam' 
DEBUG [19:55:35.186] [mlr3]  Calling train method of Learner 'acc_hcwb' on task 'spam' with 3682 observations {learner: <LearnerClassifCompboost/LearnerClassif/Learner/R6>}
   1/5000   risk = 0.64  oob_risk = 0.63   riskauc = 0.78   time = 2   


Train 29 iterations in 0 Seconds.
Final risk based on the train set: 0.38

   1/4982   risk = 0.46  oob_risk = 0.47   riskauc = 0.93   time = 2   
 125/4982   risk = 0.22  oob_risk = 1.2   riskauc = 0.96   time = 1057506   
 250/4982   risk = 0.19  oob_risk = inf   riskauc = 0.96   time = 2096087   
 375/4982   risk = 0.18  oob_risk = inf   riskauc = 0.96   time = 3358797   
 500/4982   risk = 0.17  oob_risk = inf   riskauc = 0.96   time = 4605938   
 625/4982   risk = 0.16  oob_risk = inf   riskauc = 0.96   time = 5813095   
 750/4982   risk = 0.16  oob_risk = inf   riskauc = 0.96   time = 7042345   
 875/4982   risk = 0.15  oob_risk = inf   riskauc = 0.96   time = 8159486   
1000/4982   risk = 0.15  oob_risk = inf   riskauc = 0.95   time = 9219360   
1125/4982   risk = 0.14  oob_risk = inf   riskauc = 0.95   time = 10372420   
1250/4982   risk = 0.14  oob_risk = inf   riskauc = 0.95   time = 11492597   
1375/4982   risk = 0.14  oob_risk = inf   riskauc = 0.95   time = 12617045   
1500/4982   risk = 0.14  oob_risk = inf   riskauc = 0.95   time = 13699209   
1625/4982   risk = 0.13  oob_risk = inf   riskauc = 0.95   time = 14827342   
1750/4982   risk = 0.13  oob_risk = inf   riskauc = 0.95   time = 15958552   
1875/4982   risk = 0.13  oob_risk = inf   riskauc = 0.95   time = 17053684   
2000/4982   risk = 0.13  oob_risk = inf   riskauc = 0.95   time = 18177575   
2125/4982   risk = 0.13  oob_risk = inf   riskauc = 0.95   time = 19336474   
2250/4982   risk = 0.12  oob_risk = inf   riskauc = 0.95   time = 20457812   
2375/4982   risk = 0.12  oob_risk = inf   riskauc = 0.95   time = 21574152   
2500/4982   risk = 0.12  oob_risk = inf   riskauc = 0.95   time = 22821970   
2625/4982   risk = 0.12  oob_risk = inf   riskauc = 0.95   time = 24091031   
2750/4982   risk = 0.12  oob_risk = inf   riskauc = 0.95   time = 25241384   
2875/4982   risk = 0.12  oob_risk = inf   riskauc = 0.95   time = 26296862   
3000/4982   risk = 0.11  oob_risk = inf   riskauc = 0.95   time = 27376744   
3125/4982   risk = 0.11  oob_risk = inf   riskauc = 0.95   time = 28560607   
3250/4982   risk = 0.11  oob_risk = inf   riskauc = 0.95   time = 29813653   
3375/4982   risk = 0.11  oob_risk = inf   riskauc = 0.95   time = 30983337   
3500/4982   risk = 0.11  oob_risk = inf   riskauc = 0.95   time = 32124856   
3625/4982   risk = 0.11  oob_risk = inf   riskauc = 0.95   time = 33234901   
3750/4982   risk = 0.11  oob_risk = inf   riskauc = 0.95   time = 34346244   
3875/4982   risk = 0.11  oob_risk = inf   riskauc = 0.95   time = 35501382   
4000/4982   risk = 0.11  oob_risk = inf   riskauc = 0.95   time = 36697390   
4125/4982   risk = 0.11  oob_risk = inf   riskauc = 0.95   time = 37860628   
4250/4982   risk = 0.1  oob_risk = inf   riskauc = 0.95   time = 38990873   
4375/4982   risk = 0.1  oob_risk = inf   riskauc = 0.95   time = 40230442   
4500/4982   risk = 0.1  oob_risk = inf   riskauc = 0.95   time = 41573942   
4625/4982   risk = 0.1  oob_risk = inf   riskauc = 0.95   time = 42687604   
4750/4982   risk = 0.1  oob_risk = inf   riskauc = 0.95   time = 43895162   
4875/4982   risk = 0.1  oob_risk = inf   riskauc = 0.95   time = 45056366   


Train 4982 iterations in 46 Seconds.
Final risk based on the train set: 0.1

DEBUG [19:56:22.623] [mlr3]  Learner 'acc_hcwb' on task 'spam' succeeded to fit a model {learner: <LearnerClassifCompboost/LearnerClassif/Learner/R6>, result: <list>, messages: }
DEBUG [19:56:22.637] [mlr3]  Skip subsetting of task 'spam' 
DEBUG [19:56:22.641] [mlr3]  Calling train method of Learner 'acc_hcwb' on task 'spam' with 3682 observations {learner: <LearnerClassifCompboost/LearnerClassif/Learner/R6>}
   1/5000   risk = 0.64  oob_risk = 0.63   time = 3   


Train 29 iterations in 0 Seconds.
Final risk based on the train set: 0.38

   1/4982   risk = 0.46  oob_risk = 0.47   time = 7   
 125/4982   risk = 0.22  oob_risk = 1.2   time = 1018739   
 250/4982   risk = 0.19  oob_risk = inf   time = 2146343   
 375/4982   risk = 0.18  oob_risk = inf   time = 3184845   
 500/4982   risk = 0.17  oob_risk = inf   time = 4289235   
 625/4982   risk = 0.16  oob_risk = inf   time = 5324017   
 750/4982   risk = 0.16  oob_risk = inf   time = 6405863   
 875/4982   risk = 0.15  oob_risk = inf   time = 7584766   
1000/4982   risk = 0.15  oob_risk = inf   time = 8605028   
1125/4982   risk = 0.14  oob_risk = inf   time = 9791356   
1250/4982   risk = 0.14  oob_risk = inf   time = 10947547   
1375/4982   risk = 0.14  oob_risk = inf   time = 12102053   
1500/4982   risk = 0.14  oob_risk = inf   time = 13166805   
1625/4982   risk = 0.13  oob_risk = inf   time = 14253435   
1750/4982   risk = 0.13  oob_risk = inf   time = 15435507   
1875/4982   risk = 0.13  oob_risk = inf   time = 16552712   
2000/4982   risk = 0.13  oob_risk = inf   time = 17686685   
2125/4982   risk = 0.13  oob_risk = inf   time = 18826662   
2250/4982   risk = 0.12  oob_risk = inf   time = 20009015   
2375/4982   risk = 0.12  oob_risk = inf   time = 21144744   
2500/4982   risk = 0.12  oob_risk = inf   time = 22202975   
2625/4982   risk = 0.12  oob_risk = inf   time = 23286178   
2750/4982   risk = 0.12  oob_risk = inf   time = 24444140   
2875/4982   risk = 0.12  oob_risk = inf   time = 25596321   
3000/4982   risk = 0.11  oob_risk = inf   time = 26697337   
3125/4982   risk = 0.11  oob_risk = inf   time = 27825404   
3250/4982   risk = 0.11  oob_risk = inf   time = 28960097   
3375/4982   risk = 0.11  oob_risk = inf   time = 30107023   
3500/4982   risk = 0.11  oob_risk = inf   time = 31198115   
3625/4982   risk = 0.11  oob_risk = inf   time = 32337090   
3750/4982   risk = 0.11  oob_risk = inf   time = 33510428   
3875/4982   risk = 0.11  oob_risk = inf   time = 34693775   
4000/4982   risk = 0.11  oob_risk = inf   time = 35748452   
4125/4982   risk = 0.11  oob_risk = inf   time = 36957563   
4250/4982   risk = 0.1  oob_risk = inf   time = 38083768   
4375/4982   risk = 0.1  oob_risk = inf   time = 39143205   
4500/4982   risk = 0.1  oob_risk = inf   time = 40374761   
4625/4982   risk = 0.1  oob_risk = inf   time = 41547455   
4750/4982   risk = 0.1  oob_risk = inf   time = 42657191   
4875/4982   risk = 0.1  oob_risk = inf   time = 43718012   


Train 4982 iterations in 44 Seconds.
Final risk based on the train set: 0.1

DEBUG [19:57:08.216] [mlr3]  Learner 'acc_hcwb' on task 'spam' succeeded to fit a model {learner: <LearnerClassifCompboost/LearnerClassif/Learner/R6>, result: <list>, messages: }

### [bt]: Job terminated successfully [batchtools job.id=20]
### [bt]: Calculation finished!
