### [bt]: This is batchtools v0.9.15
### [bt]: Starting calculation of 1 jobs
### [bt]: Setting working directory to '/home/user/repos/cacb-batchtools/eq1'
[2021-07-27 19:45:17] Loading new learner
[2021-07-27 19:45:17] Loading tasks
[2021-07-27 19:45:19] Loading resampling
### [bt]: Memory measurement disabled
### [bt]: Starting job [batchtools job.id=15]
### [bt]: Generating problem instance for problem 'spam-fold4' ...
### [bt]: Applying algorithm 'evaluate-learner' on problem 'spam-fold4' for job 15 (seed = 31430) ...
DEBUG [19:45:20.282] [mlr3]  Skip subsetting of task 'spam' 
DEBUG [19:45:20.286] [mlr3]  Calling train method of Learner 'acc_acwb' on task 'spam' with 3682 observations {learner: <LearnerClassifCompboost/LearnerClassif/Learner/R6>}
   1/5000   risk = 0.64  riskauc = 0.84   time = 2   
 125/5000   risk = 0.24  riskauc = 0.95   time = 1326716   
 250/5000   risk = 0.14  riskauc = 0.96   time = 2727817   
 375/5000   risk = 0.11  riskauc = 0.95   time = 4135339   
 500/5000   risk = 0.099  riskauc = 0.95   time = 5533361   
 625/5000   risk = 0.095  riskauc = 0.94   time = 6970087   
 750/5000   risk = 0.092  riskauc = 0.94   time = 8411787   
 875/5000   risk = 0.089  riskauc = 0.94   time = 9892490   
1000/5000   risk = 0.086  riskauc = 0.94   time = 11306802   
1125/5000   risk = 0.084  riskauc = 0.93   time = 12798888   
1250/5000   risk = 0.083  riskauc = 0.93   time = 14124649   
1375/5000   risk = 0.081  riskauc = 0.92   time = 15460698   
1500/5000   risk = 0.08  riskauc = 0.92   time = 16883436   
1625/5000   risk = 0.079  riskauc = 0.92   time = 18239168   
1750/5000   risk = 0.078  riskauc = 0.92   time = 19667366   
1875/5000   risk = 0.078  riskauc = 0.92   time = 21043579   
2000/5000   risk = 0.077  riskauc = 0.92   time = 22554288   
2125/5000   risk = 0.076  riskauc = 0.92   time = 24182219   
2250/5000   risk = 0.076  riskauc = 0.92   time = 26222826   
2375/5000   risk = 0.075  riskauc = 0.92   time = 27823360   
2500/5000   risk = 0.075  riskauc = 0.92   time = 29377291   
2625/5000   risk = 0.075  riskauc = 0.92   time = 30976119   
2750/5000   risk = 0.074  riskauc = 0.92   time = 32593195   
2875/5000   risk = 0.073  riskauc = 0.92   time = 34164978   
3000/5000   risk = 0.072  riskauc = 0.91   time = 35746826   
3125/5000   risk = 0.072  riskauc = 0.91   time = 37378074   
3250/5000   risk = 0.072  riskauc = 0.91   time = 38892623   
3375/5000   risk = 0.072  riskauc = 0.91   time = 40391640   
3500/5000   risk = 0.072  riskauc = 0.91   time = 41989778   
3625/5000   risk = 0.072  riskauc = 0.91   time = 43672897   
3750/5000   risk = 0.071  riskauc = 0.91   time = 45309806   
3875/5000   risk = 0.071  riskauc = 0.91   time = 46825599   
4000/5000   risk = 0.071  riskauc = 0.91   time = 48541017   
4125/5000   risk = 0.07  riskauc = 0.91   time = 50342043   
4250/5000   risk = 0.07  riskauc = 0.91   time = 52108373   
4375/5000   risk = 0.069  riskauc = 0.91   time = 53708368   
4500/5000   risk = 0.069  riskauc = 0.91   time = 55361086   
4625/5000   risk = 0.069  riskauc = 0.91   time = 57057428   
4750/5000   risk = 0.069  riskauc = 0.91   time = 58882351   
4875/5000   risk = 0.069  riskauc = 0.91   time = 60632304   
5000/5000   risk = 0.069  riskauc = 0.91   time = 62460424   


Train 5000 iterations in 62 Seconds.
Final risk based on the train set: 0.069

DEBUG [19:46:25.580] [mlr3]  Learner 'acc_acwb' on task 'spam' succeeded to fit a model {learner: <LearnerClassifCompboost/LearnerClassif/Learner/R6>, result: <list>, messages: }
DEBUG [19:46:25.706] [mlr3]  Skip subsetting of task 'spam' 
DEBUG [19:46:25.709] [mlr3]  Calling train method of Learner 'acc_acwb' on task 'spam' with 3682 observations {learner: <LearnerClassifCompboost/LearnerClassif/Learner/R6>}
   1/5000   risk = 0.64  time = 2   
 125/5000   risk = 0.24  time = 1559809   
 250/5000   risk = 0.14  time = 2983089   
 375/5000   risk = 0.11  time = 4242553   
 500/5000   risk = 0.099  time = 5474868   
 625/5000   risk = 0.095  time = 6819469   
 750/5000   risk = 0.092  time = 8160032   
 875/5000   risk = 0.089  time = 9539873   
1000/5000   risk = 0.086  time = 10919620   
1125/5000   risk = 0.084  time = 12262296   
1250/5000   risk = 0.083  time = 13612992   
1375/5000   risk = 0.081  time = 15107255   
1500/5000   risk = 0.08  time = 16509935   
1625/5000   risk = 0.079  time = 17804447   
1750/5000   risk = 0.078  time = 19178587   
1875/5000   risk = 0.078  time = 20547417   
2000/5000   risk = 0.077  time = 21950584   
2125/5000   risk = 0.076  time = 23432904   
2250/5000   risk = 0.076  time = 24783825   
2375/5000   risk = 0.075  time = 26090648   
2500/5000   risk = 0.075  time = 27448647   
2625/5000   risk = 0.075  time = 28746608   
2750/5000   risk = 0.074  time = 30089433   
2875/5000   risk = 0.073  time = 31538731   
3000/5000   risk = 0.072  time = 33015656   
3125/5000   risk = 0.072  time = 34576876   
3250/5000   risk = 0.072  time = 36034833   
3375/5000   risk = 0.072  time = 37452984   
3500/5000   risk = 0.072  time = 38818689   
3625/5000   risk = 0.072  time = 40318839   
3750/5000   risk = 0.071  time = 41828894   
3875/5000   risk = 0.071  time = 43318748   
4000/5000   risk = 0.071  time = 44795428   
4125/5000   risk = 0.07  time = 46347491   
4250/5000   risk = 0.07  time = 47887032   
4375/5000   risk = 0.069  time = 49296444   
4500/5000   risk = 0.069  time = 50777377   
4625/5000   risk = 0.069  time = 52256413   
4750/5000   risk = 0.069  time = 53732479   
4875/5000   risk = 0.069  time = 55344120   
5000/5000   risk = 0.069  time = 56890659   


Train 5000 iterations in 56 Seconds.
Final risk based on the train set: 0.069

DEBUG [19:47:25.330] [mlr3]  Learner 'acc_acwb' on task 'spam' succeeded to fit a model {learner: <LearnerClassifCompboost/LearnerClassif/Learner/R6>, result: <list>, messages: }

### [bt]: Job terminated successfully [batchtools job.id=15]
### [bt]: Calculation finished!
