### [bt]: This is batchtools v0.9.15
### [bt]: Starting calculation of 1 jobs
### [bt]: Setting working directory to '/home/user/repos/cacb-batchtools/eq1'
Loading required package: data.table
Loading required package: R6
Loading required package: mlr3
Loading required package: mlr3learners
Loading required package: mlr3extralearners

Attaching package: ‘mlr3extralearners’

The following objects are masked from ‘package:mlr3’:

    lrn, lrns

Loading required package: mlr3pipelines
Loading required package: mlr3tuning
Loading required package: paradox
Loading required package: compboost
[2021-08-02 04:54:05] Loading new learner LearnerClassifCWB
[2021-08-02 04:54:05] Loading new learner LearnerClassifHCWB
[2021-08-02 04:54:05] Loading new learner
[2021-08-02 04:54:05] Loading tasks
[2021-08-02 04:54:08] Loading resampling
### [bt]: Memory measurement disabled
### [bt]: Starting job [batchtools job.id=78]
### [bt]: Generating problem instance for problem '189866-fold1' ...
### [bt]: Applying algorithm 'evaluate-learner' on problem '189866-fold1' for job 78 (seed = 31493) ...
DEBUG [04:54:14.384] [mlr3]  Skip subsetting of task 'Task 189866: albert (Supervised Classification)' 
DEBUG [04:54:14.482] [mlr3]  Calling train method of Learner 'acc_acwb' on task 'Task 189866: albert (Supervised Classification)' with 340192 observations {learner: <LearnerClassifCWB/LearnerClassif/Learner/R6>}
   1/5000   risk = 0.69  oob_risk = 0.69   test_auc = 0.36   time = 3   val_auc = 0.36   
 125/5000   risk = 0.62  oob_risk = 0.62   test_auc = 0.28   time = 33676272   val_auc = 0.28   
 250/5000   risk = 0.62  oob_risk = 0.63   test_auc = 0.27   time = 70559315   val_auc = 0.27   
 375/5000   risk = 0.65  oob_risk = 0.66   test_auc = 0.27   time = 108836302   val_auc = 0.27   
 500/5000   risk = 0.67  oob_risk = 0.69   test_auc = 0.27   time = 146966918   val_auc = 0.27   
 625/5000   risk = 0.67  oob_risk = 0.68   test_auc = 0.27   time = 183222121   val_auc = 0.27   
 750/5000   risk = 0.66  oob_risk = 0.67   test_auc = 0.27   time = 218913171   val_auc = 0.27   
 875/5000   risk = 0.66  oob_risk = 0.67   test_auc = 0.27   time = 255639193   val_auc = 0.27   
1000/5000   risk = 0.66  oob_risk = 0.67   test_auc = 0.27   time = 292696856   val_auc = 0.27   
1125/5000   risk = 0.67  oob_risk = 0.68   test_auc = 0.27   time = 328958306   val_auc = 0.27   
1250/5000   risk = 0.68  oob_risk = 0.69   test_auc = 0.27   time = 365879601   val_auc = 0.27   
1375/5000   risk = 0.68  oob_risk = 0.7   test_auc = 0.27   time = 403226780   val_auc = 0.27   
1500/5000   risk = 0.69  oob_risk = 0.7   test_auc = 0.27   time = 440140930   val_auc = 0.27   
1625/5000   risk = 0.69  oob_risk = 0.7   test_auc = 0.28   time = 475201728   val_auc = 0.28   
1750/5000   risk = 0.72  oob_risk = 0.73   test_auc = 0.28   time = 511312308   val_auc = 0.28   
1875/5000   risk = 0.76  oob_risk = 0.78   test_auc = 0.3   time = 546683125   val_auc = 0.3   
2000/5000   risk = 0.77  oob_risk = 0.8   test_auc = 0.3   time = 581676275   val_auc = 0.3   
2125/5000   risk = 0.84  oob_risk = 0.86   test_auc = 0.3   time = 617474198   val_auc = 0.3   
2250/5000   risk = 1  oob_risk = 1   test_auc = 0.32   time = 651819675   val_auc = 0.32   
2375/5000   risk = 1  oob_risk = 1   test_auc = 0.32   time = 687767021   val_auc = 0.33   
2500/5000   risk = 1.1  oob_risk = 1.1   test_auc = 0.33   time = 724226489   val_auc = 0.34   
2625/5000   risk = 1.4  oob_risk = 1.4   test_auc = 0.37   time = 761211256   val_auc = 0.37   
2750/5000   risk = 1.6  oob_risk = 1.7   test_auc = 0.37   time = 797991986   val_auc = 0.37   
2875/5000   risk = 1.7  oob_risk = 1.7   test_auc = 0.36   time = 835999780   val_auc = 0.36   
3000/5000   risk = 2.1  oob_risk = 2.1   test_auc = 0.36   time = 871327111   val_auc = 0.36   
3125/5000   risk = 2.7  oob_risk = 2.7   test_auc = 0.37   time = 907803710   val_auc = 0.37   
3250/5000   risk = 3  oob_risk = 3.1   test_auc = 0.38   time = 945303946   val_auc = 0.38   
3375/5000   risk = 3  oob_risk = 3.1   test_auc = 0.37   time = 983037731   val_auc = 0.37   
3500/5000   risk = 3.1  oob_risk = 3.2   test_auc = 0.37   time = 1019869899   val_auc = 0.37   
3625/5000   risk = 3.8  oob_risk = 3.8   test_auc = 0.39   time = 1054701191   val_auc = 0.39   
3750/5000   risk = 4.6  oob_risk = 4.6   test_auc = 0.4   time = 1091443001   val_auc = 0.4   
3875/5000   risk = 5.2  oob_risk = 5.2   test_auc = 0.4   time = 1128946180   val_auc = 0.4   
4000/5000   risk = 5.2  oob_risk = 5.2   test_auc = 0.39   time = 1164742754   val_auc = 0.39   
4125/5000   risk = 5.1  oob_risk = 5.2   test_auc = 0.38   time = 1202400731   val_auc = 0.38   
4250/5000   risk = 5.6  oob_risk = 5.7   test_auc = 0.38   time = 1239531030   val_auc = 0.38   
4375/5000   risk = 6.7  oob_risk = 6.9   test_auc = 0.39   time = 1275954892   val_auc = 0.39   
4500/5000   risk = 7.7  oob_risk = 7.9   test_auc = 0.39   time = 1312783179   val_auc = 0.39   
4625/5000   risk = 8.2  oob_risk = 8.4   test_auc = 0.38   time = 1349789915   val_auc = 0.38   
4750/5000   risk = 8.1  oob_risk = 8.3   test_auc = 0.37   time = 1386324016   val_auc = 0.37   
4875/5000   risk = 7.8  oob_risk = 7.9   test_auc = 0.36   time = 1423358234   val_auc = 0.36   
5000/5000   risk = 7.8  oob_risk = 7.9   test_auc = 0.36   time = 1459060680   val_auc = 0.36   


Train 5000 iterations in 1461 Seconds.
Final risk based on the train set: 7.8

DEBUG [05:19:09.059] [mlr3]  Learner 'acc_acwb' on task 'Task 189866: albert (Supervised Classification)' succeeded to fit a model {learner: <LearnerClassifCWB/LearnerClassif/Learner/R6>, result: <list>, messages: }

### [bt]: Job terminated successfully [batchtools job.id=78]
### [bt]: Calculation finished!
