### [bt]: This is batchtools v0.9.15
### [bt]: Starting calculation of 1 jobs
### [bt]: Setting working directory to '/home/user/repos/cacb-batchtools/eq1'
Loading required package: data.table
Loading required package: R6
Loading required package: mlr3
Loading required package: mlr3learners
Loading required package: mlr3extralearners

Attaching package: ‘mlr3extralearners’

The following objects are masked from ‘package:mlr3’:

    lrn, lrns

Loading required package: mlr3pipelines
Loading required package: mlr3tuning
Loading required package: paradox
Loading required package: compboost
[2021-08-02 00:32:35] Loading new learner LearnerClassifCWB
[2021-08-02 00:32:35] Loading new learner LearnerClassifHCWB
[2021-08-02 00:32:35] Loading new learner
[2021-08-02 00:32:35] Loading tasks
[2021-08-02 00:32:38] Loading resampling
### [bt]: Memory measurement disabled
### [bt]: Starting job [batchtools job.id=25]
### [bt]: Generating problem instance for problem 'spam-fold5' ...
### [bt]: Applying algorithm 'evaluate-learner' on problem 'spam-fold5' for job 25 (seed = 31440) ...
DEBUG [00:32:39.648] [mlr3]  Skip subsetting of task 'spam' 
DEBUG [00:32:39.730] [mlr3]  Calling train method of Learner 'acc_hcwb' on task 'spam' with 3682 observations {learner: <LearnerClassifHCWB/LearnerClassif/Learner/R6>}
   1/5000   risk = 0.65  oob_risk = 0.66   riskauc = 0.16   time = 2   val_auc = 0.17   
 125/5000   risk = 0.22  oob_risk = inf   riskauc = 0.053   time = 1278431   val_auc = 0.06   


Train 176 iterations in 3 Seconds.
Final risk based on the train set: 0.16

   1/4835   risk = 0.17  oob_risk = inf   riskauc = 0.057   time = 2   val_auc = 0.068   
 121/4835   risk = 0.14  oob_risk = inf   riskauc = 0.049   time = 1233172   val_auc = 0.057   
 242/4835   risk = 0.13  oob_risk = inf   riskauc = 0.046   time = 2371810   val_auc = 0.054   
 363/4835   risk = 0.13  oob_risk = inf   riskauc = 0.043   time = 3537875   val_auc = 0.053   
 484/4835   risk = 0.12  oob_risk = inf   riskauc = 0.042   time = 4739188   val_auc = 0.053   
 605/4835   risk = 0.12  oob_risk = inf   riskauc = 0.041   time = 5890125   val_auc = 0.052   
 726/4835   risk = 0.12  oob_risk = inf   riskauc = 0.041   time = 7111872   val_auc = 0.051   
 847/4835   risk = 0.11  oob_risk = inf   riskauc = 0.039   time = 8337051   val_auc = 0.05   
 968/4835   risk = 0.11  oob_risk = inf   riskauc = 0.041   time = 9534237   val_auc = 0.058   
1089/4835   risk = 0.11  oob_risk = inf   riskauc = 0.041   time = 10701581   val_auc = 0.058   
1210/4835   risk = 0.11  oob_risk = inf   riskauc = 0.041   time = 11803532   val_auc = 0.058   
1331/4835   risk = 0.1  oob_risk = inf   riskauc = 0.041   time = 13071427   val_auc = 0.059   
1452/4835   risk = 0.1  oob_risk = inf   riskauc = 0.041   time = 14169919   val_auc = 0.059   
1573/4835   risk = 0.099  oob_risk = inf   riskauc = 0.041   time = 15319356   val_auc = 0.059   
1694/4835   risk = 0.097  oob_risk = inf   riskauc = 0.041   time = 16439260   val_auc = 0.059   
1815/4835   risk = 0.095  oob_risk = inf   riskauc = 0.041   time = 17566493   val_auc = 0.06   
1936/4835   risk = 0.094  oob_risk = inf   riskauc = 0.041   time = 18682931   val_auc = 0.06   
2057/4835   risk = 0.092  oob_risk = inf   riskauc = 0.041   time = 19901015   val_auc = 0.06   
2178/4835   risk = 0.091  oob_risk = inf   riskauc = 0.041   time = 20953924   val_auc = 0.06   
2299/4835   risk = 0.089  oob_risk = inf   riskauc = 0.041   time = 22174454   val_auc = 0.06   
2420/4835   risk = 0.088  oob_risk = inf   riskauc = 0.041   time = 23346681   val_auc = 0.06   
2541/4835   risk = 0.087  oob_risk = inf   riskauc = 0.041   time = 24443985   val_auc = 0.06   
2662/4835   risk = 0.085  oob_risk = inf   riskauc = 0.041   time = 25706255   val_auc = 0.06   
2783/4835   risk = 0.084  oob_risk = inf   riskauc = 0.041   time = 27022551   val_auc = 0.06   
2904/4835   risk = 0.083  oob_risk = inf   riskauc = 0.041   time = 28294004   val_auc = 0.06   
3025/4835   risk = 0.082  oob_risk = inf   riskauc = 0.042   time = 29492837   val_auc = 0.06   
3146/4835   risk = 0.081  oob_risk = inf   riskauc = 0.042   time = 30714508   val_auc = 0.06   
3267/4835   risk = 0.08  oob_risk = inf   riskauc = 0.042   time = 31897639   val_auc = 0.06   
3388/4835   risk = 0.079  oob_risk = inf   riskauc = 0.042   time = 33138225   val_auc = 0.06   
3509/4835   risk = 0.078  oob_risk = inf   riskauc = 0.042   time = 34338359   val_auc = 0.06   
3630/4835   risk = 0.078  oob_risk = inf   riskauc = 0.042   time = 35523765   val_auc = 0.06   
3751/4835   risk = 0.077  oob_risk = inf   riskauc = 0.042   time = 36738655   val_auc = 0.06   
3872/4835   risk = 0.076  oob_risk = inf   riskauc = 0.042   time = 38051582   val_auc = 0.06   
3993/4835   risk = 0.075  oob_risk = inf   riskauc = 0.042   time = 39259957   val_auc = 0.06   
4114/4835   risk = 0.075  oob_risk = inf   riskauc = 0.043   time = 40411626   val_auc = 0.06   
4235/4835   risk = 0.074  oob_risk = inf   riskauc = 0.043   time = 41564375   val_auc = 0.061   
4356/4835   risk = 0.073  oob_risk = inf   riskauc = 0.043   time = 42737712   val_auc = 0.061   
4477/4835   risk = 0.073  oob_risk = inf   riskauc = 0.043   time = 43953544   val_auc = 0.061   
4598/4835   risk = 0.072  oob_risk = inf   riskauc = 0.043   time = 45147278   val_auc = 0.061   
4719/4835   risk = 0.071  oob_risk = inf   riskauc = 0.043   time = 46325873   val_auc = 0.061   


Train 4835 iterations in 47 Seconds.
Final risk based on the train set: 0.071

DEBUG [00:33:34.014] [mlr3]  Learner 'acc_hcwb' on task 'spam' succeeded to fit a model {learner: <LearnerClassifHCWB/LearnerClassif/Learner/R6>, result: <list>, messages: }

### [bt]: Job terminated successfully [batchtools job.id=25]
### [bt]: Calculation finished!
