### [bt]: This is batchtools v0.9.15
### [bt]: Starting calculation of 1 jobs
### [bt]: Setting working directory to '/home/user/repos/cacb-batchtools/eq1'
[2021-07-28 20:46:15] Loading new learner
[2021-07-28 20:46:15] Loading tasks
[2021-07-28 20:46:17] Loading resampling
### [bt]: Memory measurement disabled
### [bt]: Starting job [batchtools job.id=80]
### [bt]: Generating problem instance for problem '189866-fold5' ...
### [bt]: Applying algorithm 'evaluate-learner' on problem '189866-fold5' for job 80 (seed = 31495) ...
DEBUG [20:46:22.053] [mlr3]  Skip subsetting of task 'Task 189866: albert (Supervised Classification)' 
DEBUG [20:46:22.057] [mlr3]  Calling train method of Learner 'acc_hcwb' on task 'Task 189866: albert (Supervised Classification)' with 340192 observations {learner: <LearnerClassifCompboost/LearnerClassif/Learner/R6>}
   1/5000   risk = 0.69  oob_risk = 0.69   riskauc = 0.64   time = 3   


Train 76 iterations in 23 Seconds.
Final risk based on the train set: 0.61

   1/4935   risk = 0.61  oob_risk = 0.62   riskauc = 0.72   time = 3   
 123/4935   risk = 0.63  oob_risk = 0.63   riskauc = 0.72   time = 21379375   
 246/4935   risk = 0.63  oob_risk = 0.64   riskauc = 0.73   time = 43028977   
 369/4935   risk = 0.64  oob_risk = 0.64   riskauc = 0.73   time = 64586994   
 492/4935   risk = 0.64  oob_risk = 0.64   riskauc = 0.73   time = 85880776   
 615/4935   risk = 0.64  oob_risk = 0.65   riskauc = 0.73   time = 107525114   
 738/4935   risk = 0.64  oob_risk = 0.65   riskauc = 0.73   time = 129347141   
 861/4935   risk = 0.64  oob_risk = 0.65   riskauc = 0.73   time = 150687357   
 984/4935   risk = 0.64  oob_risk = 0.65   riskauc = 0.73   time = 173227648   
1107/4935   risk = 0.65  oob_risk = 0.65   riskauc = 0.73   time = 195340962   
1230/4935   risk = 0.65  oob_risk = 0.65   riskauc = 0.73   time = 216959073   
1353/4935   risk = 0.65  oob_risk = 0.65   riskauc = 0.73   time = 238586428   
1476/4935   risk = 0.65  oob_risk = 0.65   riskauc = 0.73   time = 260092435   
1599/4935   risk = 0.65  oob_risk = 0.65   riskauc = 0.73   time = 281836660   
1722/4935   risk = 0.65  oob_risk = 0.65   riskauc = 0.73   time = 303565533   
1845/4935   risk = 0.65  oob_risk = 0.65   riskauc = 0.73   time = 325839451   
1968/4935   risk = 0.65  oob_risk = 0.65   riskauc = 0.73   time = 347552138   
2091/4935   risk = 0.65  oob_risk = 0.66   riskauc = 0.73   time = 369246140   
2214/4935   risk = 0.65  oob_risk = 0.66   riskauc = 0.73   time = 391206816   
2337/4935   risk = 0.65  oob_risk = 0.66   riskauc = 0.73   time = 412979505   
2460/4935   risk = 0.65  oob_risk = 0.66   riskauc = 0.73   time = 434283273   
2583/4935   risk = 0.65  oob_risk = 0.66   riskauc = 0.73   time = 456386293   
2706/4935   risk = 0.65  oob_risk = 0.66   riskauc = 0.73   time = 477979047   
2829/4935   risk = 0.65  oob_risk = 0.66   riskauc = 0.73   time = 500169071   
2952/4935   risk = 0.65  oob_risk = 0.66   riskauc = 0.73   time = 522367036   
3075/4935   risk = 0.65  oob_risk = 0.66   riskauc = 0.73   time = 544539682   
3198/4935   risk = 0.65  oob_risk = 0.66   riskauc = 0.73   time = 566506084   
3321/4935   risk = 0.65  oob_risk = 0.66   riskauc = 0.73   time = 588602276   
3444/4935   risk = 0.65  oob_risk = 0.66   riskauc = 0.73   time = 610549436   
3567/4935   risk = 0.65  oob_risk = 0.66   riskauc = 0.73   time = 633013090   
3690/4935   risk = 0.65  oob_risk = 0.66   riskauc = 0.73   time = 654343605   
3813/4935   risk = 0.65  oob_risk = 0.66   riskauc = 0.73   time = 677343431   
3936/4935   risk = 0.65  oob_risk = 0.66   riskauc = 0.73   time = 700222955   
4059/4935   risk = 0.65  oob_risk = 0.66   riskauc = 0.73   time = 722922556   
4182/4935   risk = 0.65  oob_risk = 0.66   riskauc = 0.73   time = 745546226   
4305/4935   risk = 0.65  oob_risk = 0.66   riskauc = 0.73   time = 767953209   
4428/4935   risk = 0.65  oob_risk = 0.66   riskauc = 0.73   time = 790282458   
4551/4935   risk = 0.65  oob_risk = 0.66   riskauc = 0.73   time = 812336308   
4674/4935   risk = 0.65  oob_risk = 0.66   riskauc = 0.73   time = 834638652   
4797/4935   risk = 0.65  oob_risk = 0.66   riskauc = 0.73   time = 857315932   
4920/4935   risk = 0.65  oob_risk = 0.66   riskauc = 0.73   time = 879819189   


Train 4935 iterations in 882 Seconds.
Final risk based on the train set: 0.65

DEBUG [21:01:50.535] [mlr3]  Learner 'acc_hcwb' on task 'Task 189866: albert (Supervised Classification)' succeeded to fit a model {learner: <LearnerClassifCompboost/LearnerClassif/Learner/R6>, result: <list>, messages: }
DEBUG [21:01:50.553] [mlr3]  Skip subsetting of task 'Task 189866: albert (Supervised Classification)' 
DEBUG [21:01:50.557] [mlr3]  Calling train method of Learner 'acc_hcwb' on task 'Task 189866: albert (Supervised Classification)' with 340192 observations {learner: <LearnerClassifCompboost/LearnerClassif/Learner/R6>}
   1/5000   risk = 0.69  oob_risk = 0.69   time = 3   


Train 76 iterations in 20 Seconds.
Final risk based on the train set: 0.61

   1/4935   risk = 0.61  oob_risk = 0.62   time = 3   
 123/4935   risk = 0.63  oob_risk = 0.63   time = 18280600   
 246/4935   risk = 0.63  oob_risk = 0.64   time = 36573246   
 369/4935   risk = 0.64  oob_risk = 0.64   time = 54805884   
 492/4935   risk = 0.64  oob_risk = 0.64   time = 73102629   
 615/4935   risk = 0.64  oob_risk = 0.65   time = 91603615   
 738/4935   risk = 0.64  oob_risk = 0.65   time = 110278410   
 861/4935   risk = 0.64  oob_risk = 0.65   time = 129100049   
 984/4935   risk = 0.64  oob_risk = 0.65   time = 148103423   
1107/4935   risk = 0.65  oob_risk = 0.65   time = 166909691   
1230/4935   risk = 0.65  oob_risk = 0.65   time = 185666000   
1353/4935   risk = 0.65  oob_risk = 0.65   time = 204489406   
1476/4935   risk = 0.65  oob_risk = 0.65   time = 223595839   
1599/4935   risk = 0.65  oob_risk = 0.65   time = 242835589   
1722/4935   risk = 0.65  oob_risk = 0.65   time = 262141546   
1845/4935   risk = 0.65  oob_risk = 0.65   time = 281466927   
1968/4935   risk = 0.65  oob_risk = 0.65   time = 300741701   
2091/4935   risk = 0.65  oob_risk = 0.66   time = 319908399   
2214/4935   risk = 0.65  oob_risk = 0.66   time = 339014986   
2337/4935   risk = 0.65  oob_risk = 0.66   time = 357978844   
2460/4935   risk = 0.65  oob_risk = 0.66   time = 377089772   
2583/4935   risk = 0.65  oob_risk = 0.66   time = 395936553   
2706/4935   risk = 0.65  oob_risk = 0.66   time = 414598416   
2829/4935   risk = 0.65  oob_risk = 0.66   time = 433311601   
2952/4935   risk = 0.65  oob_risk = 0.66   time = 452211984   
3075/4935   risk = 0.65  oob_risk = 0.66   time = 471075659   
3198/4935   risk = 0.65  oob_risk = 0.66   time = 489950975   
3321/4935   risk = 0.65  oob_risk = 0.66   time = 509011520   
3444/4935   risk = 0.65  oob_risk = 0.66   time = 527970724   
3567/4935   risk = 0.65  oob_risk = 0.66   time = 546886634   
3690/4935   risk = 0.65  oob_risk = 0.66   time = 565669433   
3813/4935   risk = 0.65  oob_risk = 0.66   time = 584599970   
3936/4935   risk = 0.65  oob_risk = 0.66   time = 603702049   
4059/4935   risk = 0.65  oob_risk = 0.66   time = 623533993   
4182/4935   risk = 0.65  oob_risk = 0.66   time = 643312511   
4305/4935   risk = 0.65  oob_risk = 0.66   time = 663243692   
4428/4935   risk = 0.65  oob_risk = 0.66   time = 682860245   
4551/4935   risk = 0.65  oob_risk = 0.66   time = 702592997   
4674/4935   risk = 0.65  oob_risk = 0.66   time = 722297188   
4797/4935   risk = 0.65  oob_risk = 0.66   time = 741962033   
4920/4935   risk = 0.65  oob_risk = 0.66   time = 761779639   


Train 4935 iterations in 764 Seconds.
Final risk based on the train set: 0.65

DEBUG [21:15:17.016] [mlr3]  Learner 'acc_hcwb' on task 'Task 189866: albert (Supervised Classification)' succeeded to fit a model {learner: <LearnerClassifCompboost/LearnerClassif/Learner/R6>, result: <list>, messages: }

### [bt]: Job terminated successfully [batchtools job.id=80]
### [bt]: Calculation finished!
