### [bt]: This is batchtools v0.9.15
### [bt]: Starting calculation of 1 jobs
### [bt]: Setting working directory to '/home/user/repos/cacb-batchtools/eq1'
[2021-07-20] Loading new learner
[2021-07-20 01:10:53] Loading tasks
[2021-07-20 01:10:56] Loading resampling
### [bt]: Memory measurement disabled
### [bt]: Starting job [batchtools job.id=42]
### [bt]: Generating problem instance for problem '7592-fold4' ...
### [bt]: Applying algorithm 'evaluate-learner' on problem '7592-fold4' for job 42 (seed = 31457) ...
DEBUG [01:10:57.389] [mlr3]  Skip subsetting of task 'Task 7592: adult (Supervised Classification)' 
DEBUG [01:10:57.392] [mlr3]  Calling train method of Learner 'removeconstants_before.imputemedian_num.imputemode_fct.collapsefactors.removeconstants_after.bin_cwb_b' on task 'Task 7592: adult (Supervised Classification)' with 39074 observations {learner: <GraphLearner/Learner/R6>}
DEBUG [01:10:57.412] Running PipeOp 'removeconstants_before$train()' {pipeop: <PipeOpRemoveConstants/PipeOpTaskPreprocSimple/PipeOpTaskPreproc/PipeOp/R6>, input: <list>}
DEBUG [01:10:57.475] Running PipeOp 'imputemedian_num$train()' {pipeop: <PipeOpImputeMedian/PipeOpImpute/PipeOp/R6>, input: <list>}
DEBUG [01:10:57.514] Running PipeOp 'imputemode_fct$train()' {pipeop: <PipeOpImputeMode/PipeOpImpute/PipeOp/R6>, input: <list>}
DEBUG [01:10:57.627] Running PipeOp 'collapsefactors$train()' {pipeop: <PipeOpCollapseFactors/PipeOpTaskPreprocSimple/PipeOpTaskPreproc/PipeOp/R6>, input: <list>}
DEBUG [01:10:57.759] Running PipeOp 'removeconstants_after$train()' {pipeop: <PipeOpRemoveConstants/PipeOpTaskPreprocSimple/PipeOpTaskPreproc/PipeOp/R6>, input: <list>}
DEBUG [01:10:57.909] Running PipeOp 'bin_cwb_b$train()' {pipeop: <PipeOpLearner/PipeOp/R6>, input: <list>}
DEBUG [01:10:57.918] [mlr3]  Skip subsetting of task 'Task 7592: adult (Supervised Classification)' 
DEBUG [01:10:57.921] [mlr3]  Calling train method of Learner 'bin_cwb_b' on task 'Task 7592: adult (Supervised Classification)' with 39074 observations {learner: <LearnerClassifCompboost/LearnerClassif/Learner/R6>}
Warning in get_private(learner)$.train(task) :
  Number of cores 30 exceeds number of features 14. The number of cores are set to 14!
INFO  [01:10:58.006] [mlr3]  [LGCOMPBOOST] Running compboost with df 5.000000 and df_cat 2.000000 
   1/5000   risk = 0.54  time = 3   
 125/5000   risk = 0.35  time = 535558   
 250/5000   risk = 0.34  time = 1005542   
 375/5000   risk = 0.34  time = 1466856   
 500/5000   risk = 0.35  time = 1923015   
 625/5000   risk = 0.35  time = 2308695   
 750/5000   risk = 0.35  time = 2664067   
 875/5000   risk = 0.35  time = 3038926   
1000/5000   risk = 0.35  time = 3402195   
1125/5000   risk = 0.35  time = 3774698   
1250/5000   risk = 0.35  time = 4138676   
1375/5000   risk = 0.35  time = 4514670   
1500/5000   risk = 0.35  time = 4883265   
1625/5000   risk = 0.35  time = 5273290   
1750/5000   risk = 0.36  time = 5647356   
1875/5000   risk = 0.36  time = 6033336   
2000/5000   risk = 0.36  time = 6411654   
2125/5000   risk = 0.36  time = 6804250   
2250/5000   risk = 0.36  time = 7190002   
2375/5000   risk = 0.36  time = 7574636   
2500/5000   risk = 0.36  time = 7958173   
2625/5000   risk = 0.36  time = 8363121   
2750/5000   risk = 0.36  time = 8763149   
2875/5000   risk = 0.36  time = 9165999   
3000/5000   risk = 0.36  time = 9584711   
3125/5000   risk = 0.36  time = 9995256   
3250/5000   risk = 0.36  time = 10404135   
3375/5000   risk = 0.36  time = 10814770   
3500/5000   risk = 0.36  time = 11238817   
3625/5000   risk = 0.36  time = 11652731   
3750/5000   risk = 0.36  time = 12068755   
3875/5000   risk = 0.36  time = 12488923   
4000/5000   risk = 0.36  time = 12918921   
4125/5000   risk = 0.36  time = 13340781   
4250/5000   risk = 0.36  time = 13764378   
4375/5000   risk = 0.36  time = 14201098   
4500/5000   risk = 0.36  time = 14628116   
4625/5000   risk = 0.36  time = 15062748   
4750/5000   risk = 0.36  time = 15501850   
4875/5000   risk = 0.36  time = 15946363   
5000/5000   risk = 0.36  time = 16389497   


Train 5000 iterations in 16 Seconds.
Final risk based on the train set: 0.36

INFO  [01:11:22.863] [mlr3]  [LGCOMPBOOST] iterations:'stop_cwb',5000,'stop_acwb',NA,'stop_hcwb',NA 
INFO  [01:11:22.866] [mlr3]  [LGCOMPBOOST] risk_inbag:'risk_intercept',0.550260,'risk_cwb',0.357430,'risk_acwb',NA,'risk_hcwb',NA 
INFO  [01:11:22.868] [mlr3]  [LGCOMPBOOST] risk_oob:'risk_intercept_oob',NA,'risk_cwb_oob',NA,'risk_acwb_oob',NA,'risk_hcwb_oob',NA 
DEBUG [01:11:22.873] [mlr3]  Learner 'bin_cwb_b' on task 'Task 7592: adult (Supervised Classification)' succeeded to fit a model {learner: <LearnerClassifCompboost/LearnerClassif/Learner/R6>, result: <list>, messages: }
DEBUG [01:11:22.955] [mlr3]  Learner 'removeconstants_before.imputemedian_num.imputemode_fct.collapsefactors.removeconstants_after.bin_cwb_b' on task 'Task 7592: adult (Supervised Classification)' succeeded to fit a model {learner: <GraphLearner/Learner/R6>, result: <list>, messages: }
[2021-07-20 01:11:26] (1/1250) Processing iter 4
DEBUG [01:11:26.803] [mlr3]  Skip subsetting of task 'Task 7592: adult (Supervised Classification)' 
DEBUG [01:11:26.806] [mlr3]  Calling predict method of Learner 'removeconstants_before.imputemedian_num.imputemode_fct.collapsefactors.removeconstants_after.bin_cwb_b' on task 'Task 7592: adult (Supervised Classification)' with 39074 observations {learner: <GraphLearner/Learner/R6>}
DEBUG [01:11:26.826] Running PipeOp 'removeconstants_before$predict()' {pipeop: <PipeOpRemoveConstants/PipeOpTaskPreprocSimple/PipeOpTaskPreproc/PipeOp/R6>, input: <list>}
DEBUG [01:11:26.843] Running PipeOp 'imputemedian_num$predict()' {pipeop: <PipeOpImputeMedian/PipeOpImpute/PipeOp/R6>, input: <list>}
DEBUG [01:11:26.863] Running PipeOp 'imputemode_fct$predict()' {pipeop: <PipeOpImputeMode/PipeOpImpute/PipeOp/R6>, input: <list>}
DEBUG [01:11:26.919] Running PipeOp 'collapsefactors$predict()' {pipeop: <PipeOpCollapseFactors/PipeOpTaskPreprocSimple/PipeOpTaskPreproc/PipeOp/R6>, input: <list>}
DEBUG [01:11:26.991] Running PipeOp 'removeconstants_after$predict()' {pipeop: <PipeOpRemoveConstants/PipeOpTaskPreprocSimple/PipeOpTaskPreproc/PipeOp/R6>, input: <list>}
DEBUG [01:11:27.008] Running PipeOp 'bin_cwb_b$predict()' {pipeop: <PipeOpLearner/PipeOp/R6>, input: <list>}
DEBUG [01:11:27.016] [mlr3]  Skip subsetting of task 'Task 7592: adult (Supervised Classification)' 
DEBUG [01:11:27.019] [mlr3]  Calling predict method of Learner 'bin_cwb_b' on task 'Task 7592: adult (Supervised Classification)' with 39074 observations {learner: <LearnerClassifCompboost/LearnerClassif/Learner/R6>}
DEBUG [01:11:27.270] [mlr3]  Learner 'bin_cwb_b' returned an object of class 'PredictionDataClassif' {learner: <LearnerClassifCompboost/LearnerClassif/Learner/R6>, prediction: <PredictionDataClassif/PredictionData>, messages: }
DEBUG [01:11:27.280] [mlr3]  Learner 'removeconstants_before.imputemedian_num.imputemode_fct.collapsefactors.removeconstants_after.bin_cwb_b' returned an object of class 'PredictionDataClassif' {learner: <GraphLearner/Learner/R6>, prediction: <PredictionDataClassif/PredictionData>, messages: }
DEBUG [01:11:27.312] [mlr3]  Skip subsetting of task 'Task 7592: adult (Supervised Classification)' 
DEBUG [01:11:27.315] [mlr3]  Calling predict method of Learner 'removeconstants_before.imputemedian_num.imputemode_fct.collapsefactors.removeconstants_after.bin_cwb_b' on task 'Task 7592: adult (Supervised Classification)' with 9768 observations {learner: <GraphLearner/Learner/R6>}
DEBUG [01:11:27.342] Running PipeOp 'removeconstants_before$predict()' {pipeop: <PipeOpRemoveConstants/PipeOpTaskPreprocSimple/PipeOpTaskPreproc/PipeOp/R6>, input: <list>}
DEBUG [01:11:27.362] Running PipeOp 'imputemedian_num$predict()' {pipeop: <PipeOpImputeMedian/PipeOpImpute/PipeOp/R6>, input: <list>}
DEBUG [01:11:27.385] Running PipeOp 'imputemode_fct$predict()' {pipeop: <PipeOpImputeMode/PipeOpImpute/PipeOp/R6>, input: <list>}
DEBUG [01:11:27.480] Running PipeOp 'collapsefactors$predict()' {pipeop: <PipeOpCollapseFactors/PipeOpTaskPreprocSimple/PipeOpTaskPreproc/PipeOp/R6>, input: <list>}
DEBUG [01:11:27.521] Running PipeOp 'removeconstants_after$predict()' {pipeop: <PipeOpRemoveConstants/PipeOpTaskPreprocSimple/PipeOpTaskPreproc/PipeOp/R6>, input: <list>}
DEBUG [01:11:27.541] Running PipeOp 'bin_cwb_b$predict()' {pipeop: <PipeOpLearner/PipeOp/R6>, input: <list>}
DEBUG [01:11:27.553] [mlr3]  Skip subsetting of task 'Task 7592: adult (Supervised Classification)' 
DEBUG [01:11:27.556] [mlr3]  Calling predict method of Learner 'bin_cwb_b' on task 'Task 7592: adult (Supervised Classification)' with 9768 observations {learner: <LearnerClassifCompboost/LearnerClassif/Learner/R6>}
DEBUG [01:11:27.656] [mlr3]  Learner 'bin_cwb_b' returned an object of class 'PredictionDataClassif' {learner: <LearnerClassifCompboost/LearnerClassif/Learner/R6>, prediction: <PredictionDataClassif/PredictionData>, messages: }
DEBUG [01:11:27.665] [mlr3]  Learner 'removeconstants_before.imputemedian_num.imputemode_fct.collapsefactors.removeconstants_after.bin_cwb_b' returned an object of class 'PredictionDataClassif' {learner: <GraphLearner/Learner/R6>, prediction: <PredictionDataClassif/PredictionData>, messages: }
[2021-07-20 01:11:27] (2/1250) Processing iter 8
Error in self$model$setToIteration(iteration, trace) : 
  addition: incompatible matrix dimensions: 39074x1 and 197x1

### [bt]: Job terminated with an exception [batchtools job.id=42]
### [bt]: Calculation finished!
