### [bt]: This is batchtools v0.9.15
### [bt]: Starting calculation of 1 jobs
### [bt]: Setting working directory to '/home/user/repos/cacb-batchtools/eq1'
[2021-07-26 02:54:54] Loading new learner
[2021-07-26 02:54:54] Loading tasks
[2021-07-26 02:54:57] Loading resampling
### [bt]: Memory measurement disabled
### [bt]: Starting job [batchtools job.id=58]
### [bt]: Generating problem instance for problem '168335-fold2' ...
### [bt]: Applying algorithm 'evaluate-learner' on problem '168335-fold2' for job 58 (seed = 31473) ...
DEBUG [02:54:59.556] [mlr3]  Skip subsetting of task 'Task 168335: MiniBooNE (Supervised Classification)' 
DEBUG [02:54:59.559] [mlr3]  Calling train method of Learner 'acc_cwb' on task 'Task 168335: MiniBooNE (Supervised Classification)' with 104051 observations {learner: <LearnerClassifCompboost/LearnerClassif/Learner/R6>}
INFO  [02:54:59.632] [mlr3]  [LGCOMPBOOST] Running compboost with df 20.000000 and df_cat 1.000000 
   1/5000   risk = 0.59  riskauc = 0.84   time = 11   
 125/5000   risk = 0.39  riskauc = 0.93   time = 9480679   
 250/5000   risk = 0.32  riskauc = 0.94   time = 18909085   
 375/5000   risk = 0.29  riskauc = 0.95   time = 28493056   
 500/5000   risk = 0.28  riskauc = 0.95   time = 38156764   
 625/5000   risk = 0.27  riskauc = 0.95   time = 47747130   
 750/5000   risk = 0.26  riskauc = 0.95   time = 57240327   
 875/5000   risk = 0.26  riskauc = 0.95   time = 66333037   
1000/5000   risk = 0.26  riskauc = 0.95   time = 75081408   
1125/5000   risk = 0.26  riskauc = 0.95   time = 83844096   
1250/5000   risk = 0.26  riskauc = 0.95   time = 92282740   
1375/5000   risk = 0.26  riskauc = 0.95   time = 100757238   
1500/5000   risk = 0.26  riskauc = 0.95   time = 109107175   
1625/5000   risk = 0.25  riskauc = 0.96   time = 117316424   
1750/5000   risk = 0.25  riskauc = 0.96   time = 125481249   
1875/5000   risk = 0.25  riskauc = 0.96   time = 133578253   
2000/5000   risk = 0.25  riskauc = 0.96   time = 141975527   
2125/5000   risk = 0.25  riskauc = 0.96   time = 150137774   
2250/5000   risk = 0.24  riskauc = 0.96   time = 158207005   
2375/5000   risk = 0.24  riskauc = 0.96   time = 166838315   
2500/5000   risk = 0.24  riskauc = 0.96   time = 174880108   
2625/5000   risk = 0.24  riskauc = 0.96   time = 183293625   
2750/5000   risk = 0.24  riskauc = 0.96   time = 191712595   
2875/5000   risk = 0.24  riskauc = 0.96   time = 200090165   
3000/5000   risk = 0.24  riskauc = 0.96   time = 208622231   
3125/5000   risk = 0.23  riskauc = 0.96   time = 217118864   
3250/5000   risk = 0.23  riskauc = 0.96   time = 225396459   
3375/5000   risk = 0.23  riskauc = 0.96   time = 233732795   
3500/5000   risk = 0.23  riskauc = 0.96   time = 242055803   
3625/5000   risk = 0.23  riskauc = 0.96   time = 250445793   
3750/5000   risk = 0.23  riskauc = 0.96   time = 258680290   
3875/5000   risk = 0.23  riskauc = 0.97   time = 267142933   
4000/5000   risk = 0.23  riskauc = 0.97   time = 275427543   
4125/5000   risk = 0.23  riskauc = 0.97   time = 283604944   
4250/5000   risk = 0.23  riskauc = 0.97   time = 291981670   
4375/5000   risk = 0.23  riskauc = 0.97   time = 300354872   
4500/5000   risk = 0.23  riskauc = 0.97   time = 308424294   
4625/5000   risk = 0.23  riskauc = 0.97   time = 316752812   
4750/5000   risk = 0.23  riskauc = 0.97   time = 324885634   
4875/5000   risk = 0.23  riskauc = 0.97   time = 332997459   
5000/5000   risk = 0.23  riskauc = 0.97   time = 341382781   


Train 5000 iterations in 341 Seconds.
Final risk based on the train set: 0.23

INFO  [03:00:53.703] [mlr3]  [LGCOMPBOOST] iterations:'stop_cwb',5000,'stop_acwb',NA,'stop_hcwb',NA 
INFO  [03:00:53.706] [mlr3]  [LGCOMPBOOST] risk_inbag:'risk_intercept',0.593540,'risk_cwb',0.225649,'risk_acwb',NA,'risk_hcwb',NA 
INFO  [03:00:53.708] [mlr3]  [LGCOMPBOOST] risk_oob:'risk_intercept_oob',NA,'risk_cwb_oob',NA,'risk_acwb_oob',NA,'risk_hcwb_oob',NA 
DEBUG [03:00:53.713] [mlr3]  Learner 'acc_cwb' on task 'Task 168335: MiniBooNE (Supervised Classification)' succeeded to fit a model {learner: <LearnerClassifCompboost/LearnerClassif/Learner/R6>, result: <list>, messages: }
DEBUG [03:00:53.726] [mlr3]  Skip subsetting of task 'Task 168335: MiniBooNE (Supervised Classification)' 
DEBUG [03:00:53.730] [mlr3]  Calling train method of Learner 'acc_cwb' on task 'Task 168335: MiniBooNE (Supervised Classification)' with 104051 observations {learner: <LearnerClassifCompboost/LearnerClassif/Learner/R6>}
INFO  [03:00:53.742] [mlr3]  [LGCOMPBOOST] Running compboost with df 20.000000 and df_cat 1.000000 
   1/5000   risk = 0.59  time = 3   
 125/5000   risk = 0.39  time = 7544790   
 250/5000   risk = 0.32  time = 15275765   
 375/5000   risk = 0.29  time = 22464900   
 500/5000   risk = 0.28  time = 29573024   
 625/5000   risk = 0.27  time = 37041911   
 750/5000   risk = 0.26  time = 44178478   
 875/5000   risk = 0.26  time = 51473820   
1000/5000   risk = 0.26  time = 58731999   
1125/5000   risk = 0.26  time = 66230816   
1250/5000   risk = 0.26  time = 74108786   
1375/5000   risk = 0.26  time = 81673894   
1500/5000   risk = 0.26  time = 89712723   
1625/5000   risk = 0.25  time = 97505780   
1750/5000   risk = 0.25  time = 105169261   
1875/5000   risk = 0.25  time = 112899804   
2000/5000   risk = 0.25  time = 120932931   
2125/5000   risk = 0.25  time = 128862516   
2250/5000   risk = 0.24  time = 136806091   
2375/5000   risk = 0.24  time = 145020478   
2500/5000   risk = 0.24  time = 153010016   
2625/5000   risk = 0.24  time = 161089884   
2750/5000   risk = 0.24  time = 169311879   
2875/5000   risk = 0.24  time = 177375495   
3000/5000   risk = 0.24  time = 185231412   
3125/5000   risk = 0.23  time = 193141374   
3250/5000   risk = 0.23  time = 200962017   
3375/5000   risk = 0.23  time = 208847688   
3500/5000   risk = 0.23  time = 216820814   
3625/5000   risk = 0.23  time = 224784375   
3750/5000   risk = 0.23  time = 232714659   
3875/5000   risk = 0.23  time = 240470595   
4000/5000   risk = 0.23  time = 248058490   
4125/5000   risk = 0.23  time = 255732450   
4250/5000   risk = 0.23  time = 263599637   
4375/5000   risk = 0.23  time = 271400501   
4500/5000   risk = 0.23  time = 279121675   
4625/5000   risk = 0.23  time = 286872981   
4750/5000   risk = 0.23  time = 294802758   
4875/5000   risk = 0.23  time = 302220151   
5000/5000   risk = 0.23  time = 309882049   


Train 5000 iterations in 309 Seconds.
Final risk based on the train set: 0.23

INFO  [03:06:15.921] [mlr3]  [LGCOMPBOOST] iterations:'stop_cwb',5000,'stop_acwb',NA,'stop_hcwb',NA 
INFO  [03:06:15.924] [mlr3]  [LGCOMPBOOST] risk_inbag:'risk_intercept',0.593540,'risk_cwb',0.225649,'risk_acwb',NA,'risk_hcwb',NA 
INFO  [03:06:15.926] [mlr3]  [LGCOMPBOOST] risk_oob:'risk_intercept_oob',NA,'risk_cwb_oob',NA,'risk_acwb_oob',NA,'risk_hcwb_oob',NA 
DEBUG [03:06:15.931] [mlr3]  Learner 'acc_cwb' on task 'Task 168335: MiniBooNE (Supervised Classification)' succeeded to fit a model {learner: <LearnerClassifCompboost/LearnerClassif/Learner/R6>, result: <list>, messages: }

### [bt]: Job terminated successfully [batchtools job.id=58]
### [bt]: Calculation finished!
