### [bt]: This is batchtools v0.9.15
### [bt]: Starting calculation of 1 jobs
### [bt]: Setting working directory to '/home/user/repos/cacb-batchtools/eq1'
[2021-07-26 22:32:42] Loading new learner
[2021-07-26 22:32:42] Loading tasks
[2021-07-26 22:32:46] Loading resampling
### [bt]: Memory measurement disabled
### [bt]: Starting job [batchtools job.id=99]
### [bt]: Generating problem instance for problem '189866-fold5' ...
### [bt]: Applying algorithm 'evaluate-learner' on problem '189866-fold5' for job 99 (seed = 31514) ...
DEBUG [22:32:50.842] [mlr3]  Skip subsetting of task 'Task 189866: albert (Supervised Classification)' 
DEBUG [22:32:50.863] [mlr3]  Calling train method of Learner 'acc_acwb' on task 'Task 189866: albert (Supervised Classification)' with 340192 observations {learner: <LearnerClassifCompboost/LearnerClassif/Learner/R6>}
INFO  [22:32:51.636] [mlr3]  [LGCOMPBOOST] Running compboost with df 5.000000 and df_cat 3.000000 
   1/5000   risk = 0.69  riskauc = 0.64   time = 3   
 125/5000   risk = 0.67  riskauc = 0.69   time = 49923094   
 250/5000   risk = 0.65  riskauc = 0.71   time = 99598779   
 375/5000   risk = 0.62  riskauc = 0.72   time = 149484070   
 500/5000   risk = 0.61  riskauc = 0.73   time = 199424725   
 625/5000   risk = 0.61  riskauc = 0.73   time = 248687305   
 750/5000   risk = 0.61  riskauc = 0.73   time = 299446544   
 875/5000   risk = 0.63  riskauc = 0.73   time = 350973317   
1000/5000   risk = 0.64  riskauc = 0.74   time = 401658950   
1125/5000   risk = 0.66  riskauc = 0.74   time = 452548470   
1250/5000   risk = 0.67  riskauc = 0.74   time = 503415703   
1375/5000   risk = 0.67  riskauc = 0.73   time = 554519370   
1500/5000   risk = 0.68  riskauc = 0.73   time = 605197142   
1625/5000   risk = 0.68  riskauc = 0.73   time = 655520014   
1750/5000   risk = 0.68  riskauc = 0.73   time = 706074844   
1875/5000   risk = 0.67  riskauc = 0.73   time = 758799135   
2000/5000   risk = 0.67  riskauc = 0.73   time = 812847419   
2125/5000   risk = 0.66  riskauc = 0.73   time = 866374142   
2250/5000   risk = 0.66  riskauc = 0.73   time = 919978409   
2375/5000   risk = 0.66  riskauc = 0.73   time = 972646837   
2500/5000   risk = 0.65  riskauc = 0.74   time = 1025489589   
2625/5000   risk = 0.65  riskauc = 0.74   time = 1078493902   
2750/5000   risk = 0.65  riskauc = 0.73   time = 1132490718   
2875/5000   risk = 0.65  riskauc = 0.73   time = 1186849008   
3000/5000   risk = 0.66  riskauc = 0.73   time = 1240624731   
3125/5000   risk = 0.66  riskauc = 0.73   time = 1294987034   
3250/5000   risk = 0.66  riskauc = 0.73   time = 1349243209   
3375/5000   risk = 0.66  riskauc = 0.73   time = 1403393296   
3500/5000   risk = 0.66  riskauc = 0.73   time = 1456705998   
3625/5000   risk = 0.67  riskauc = 0.73   time = 1510268085   
3750/5000   risk = 0.67  riskauc = 0.73   time = 1563729309   
3875/5000   risk = 0.67  riskauc = 0.73   time = 1618313573   
4000/5000   risk = 0.67  riskauc = 0.73   time = 1672310599   
4125/5000   risk = 0.67  riskauc = 0.73   time = 1727496154   
4250/5000   risk = 0.67  riskauc = 0.73   time = 1782798423   
4375/5000   risk = 0.67  riskauc = 0.73   time = 1837588394   
4500/5000   risk = 0.67  riskauc = 0.73   time = 1892526538   
4625/5000   risk = 0.67  riskauc = 0.73   time = 1946408506   
4750/5000   risk = 0.67  riskauc = 0.73   time = 1999844580   
4875/5000   risk = 0.67  riskauc = 0.73   time = 2052931039   
5000/5000   risk = 0.67  riskauc = 0.73   time = 2106690090   


Train 5000 iterations in 2107 Seconds.
Final risk based on the train set: 0.67

INFO  [23:08:16.077] [mlr3]  [LGCOMPBOOST] iterations:'stop_cwb',NA,'stop_acwb',5000,'stop_hcwb',NA 
INFO  [23:08:16.080] [mlr3]  [LGCOMPBOOST] risk_inbag:'risk_intercept',0.693147,'risk_cwb',NA,'risk_acwb',0.670394,'risk_hcwb',NA 
INFO  [23:08:16.082] [mlr3]  [LGCOMPBOOST] risk_oob:'risk_intercept_oob',NA,'risk_cwb_oob',NA,'risk_acwb_oob',NA,'risk_hcwb_oob',NA 
DEBUG [23:08:16.109] [mlr3]  Learner 'acc_acwb' on task 'Task 189866: albert (Supervised Classification)' succeeded to fit a model {learner: <LearnerClassifCompboost/LearnerClassif/Learner/R6>, result: <list>, messages: }
DEBUG [23:08:16.126] [mlr3]  Skip subsetting of task 'Task 189866: albert (Supervised Classification)' 
DEBUG [23:08:16.153] [mlr3]  Calling train method of Learner 'acc_acwb' on task 'Task 189866: albert (Supervised Classification)' with 340192 observations {learner: <LearnerClassifCompboost/LearnerClassif/Learner/R6>}
INFO  [23:08:16.904] [mlr3]  [LGCOMPBOOST] Running compboost with df 5.000000 and df_cat 3.000000 
   1/5000   risk = 0.69  time = 4   
 125/5000   risk = 0.67  time = 48389127   
 250/5000   risk = 0.65  time = 96381780   
 375/5000   risk = 0.62  time = 143994896   
 500/5000   risk = 0.61  time = 190768271   
 625/5000   risk = 0.61  time = 237764364   
 750/5000   risk = 0.61  time = 285115300   
 875/5000   risk = 0.63  time = 332722026   
1000/5000   risk = 0.64  time = 380526614   
1125/5000   risk = 0.66  time = 428179508   
1250/5000   risk = 0.67  time = 475942572   
1375/5000   risk = 0.67  time = 524036100   
1500/5000   risk = 0.68  time = 571669399   
1625/5000   risk = 0.68  time = 619692184   
1750/5000   risk = 0.68  time = 667611155   
1875/5000   risk = 0.67  time = 715997208   
2000/5000   risk = 0.67  time = 765443386   
2125/5000   risk = 0.66  time = 814689763   
2250/5000   risk = 0.66  time = 863413059   
2375/5000   risk = 0.66  time = 911797831   
2500/5000   risk = 0.65  time = 960096095   
2625/5000   risk = 0.65  time = 1008300327   
2750/5000   risk = 0.65  time = 1056852310   
2875/5000   risk = 0.65  time = 1105700552   
3000/5000   risk = 0.66  time = 1155321011   
3125/5000   risk = 0.66  time = 1204764913   
3250/5000   risk = 0.66  time = 1254477548   
3375/5000   risk = 0.66  time = 1304357875   
3500/5000   risk = 0.66  time = 1354123386   
3625/5000   risk = 0.67  time = 1404114103   
3750/5000   risk = 0.67  time = 1453750673   
3875/5000   risk = 0.67  time = 1502158429   
4000/5000   risk = 0.67  time = 1550209132   
4125/5000   risk = 0.67  time = 1597586024   
4250/5000   risk = 0.67  time = 1644918715   
4375/5000   risk = 0.67  time = 1692351280   
4500/5000   risk = 0.67  time = 1739978184   
4625/5000   risk = 0.67  time = 1787245996   
4750/5000   risk = 0.67  time = 1834126673   
4875/5000   risk = 0.67  time = 1880034591   
5000/5000   risk = 0.67  time = 1926202607   


Train 5000 iterations in 1926 Seconds.
Final risk based on the train set: 0.67

INFO  [23:40:40.072] [mlr3]  [LGCOMPBOOST] iterations:'stop_cwb',NA,'stop_acwb',5000,'stop_hcwb',NA 
INFO  [23:40:40.076] [mlr3]  [LGCOMPBOOST] risk_inbag:'risk_intercept',0.693147,'risk_cwb',NA,'risk_acwb',0.670394,'risk_hcwb',NA 
INFO  [23:40:40.079] [mlr3]  [LGCOMPBOOST] risk_oob:'risk_intercept_oob',NA,'risk_cwb_oob',NA,'risk_acwb_oob',NA,'risk_hcwb_oob',NA 
DEBUG [23:40:40.116] [mlr3]  Learner 'acc_acwb' on task 'Task 189866: albert (Supervised Classification)' succeeded to fit a model {learner: <LearnerClassifCompboost/LearnerClassif/Learner/R6>, result: <list>, messages: }

### [bt]: Job terminated successfully [batchtools job.id=99]
### [bt]: Calculation finished!
