### [bt]: This is batchtools v0.9.15
### [bt]: Starting calculation of 1 jobs
### [bt]: Setting working directory to '/home/user/repos/cacb-batchtools/eq1'
Loading required package: data.table
Loading required package: R6
Loading required package: mlr3
Loading required package: mlr3learners
Loading required package: mlr3extralearners

Attaching package: ‘mlr3extralearners’

The following objects are masked from ‘package:mlr3’:

    lrn, lrns

Loading required package: mlr3pipelines
Loading required package: mlr3tuning
Loading required package: paradox
Loading required package: compboost
[2021-08-02 00:20:37] Loading new learner LearnerClassifCWB
[2021-08-02 00:20:37] Loading new learner LearnerClassifHCWB
[2021-08-02 00:20:37] Loading new learner
[2021-08-02 00:20:37] Loading tasks
[2021-08-02 00:20:40] Loading resampling
### [bt]: Memory measurement disabled
### [bt]: Starting job [batchtools job.id=15]
### [bt]: Generating problem instance for problem 'spam-fold3' ...
### [bt]: Applying algorithm 'evaluate-learner' on problem 'spam-fold3' for job 15 (seed = 31430) ...
DEBUG [00:20:41.838] [mlr3]  Skip subsetting of task 'spam' 
DEBUG [00:20:41.921] [mlr3]  Calling train method of Learner 'acc_hcwb' on task 'spam' with 3680 observations {learner: <LearnerClassifHCWB/LearnerClassif/Learner/R6>}
   1/5000   risk = 0.65  oob_risk = 0.65   riskauc = 0.18   time = 3   val_auc = 0.15   
 125/5000   risk = 0.21  oob_risk = 1.2   riskauc = 0.085   time = 1409489   val_auc = 0.063   


Train 234 iterations in 4 Seconds.
Final risk based on the train set: 0.11

   1/4777   risk = 0.11  oob_risk = inf   riskauc = 0.087   time = 3   val_auc = 0.073   
 119/4777   risk = 0.1  oob_risk = inf   riskauc = 0.081   time = 1219777   val_auc = 0.068   
 238/4777   risk = 0.1  oob_risk = inf   riskauc = 0.079   time = 2337343   val_auc = 0.067   
 357/4777   risk = 0.1  oob_risk = inf   riskauc = 0.079   time = 3436736   val_auc = 0.066   
 476/4777   risk = 0.099  oob_risk = inf   riskauc = 0.079   time = 4613535   val_auc = 0.065   
 595/4777   risk = 0.097  oob_risk = inf   riskauc = 0.079   time = 5666022   val_auc = 0.065   
 714/4777   risk = 0.096  oob_risk = inf   riskauc = 0.079   time = 6799515   val_auc = 0.066   
 833/4777   risk = 0.094  oob_risk = inf   riskauc = 0.078   time = 7918149   val_auc = 0.066   
 952/4777   risk = 0.092  oob_risk = inf   riskauc = 0.078   time = 9005099   val_auc = 0.066   
1071/4777   risk = 0.09  oob_risk = inf   riskauc = 0.078   time = 10192685   val_auc = 0.067   
1190/4777   risk = 0.089  oob_risk = inf   riskauc = 0.078   time = 11254429   val_auc = 0.069   
1309/4777   risk = 0.087  oob_risk = inf   riskauc = 0.077   time = 12452741   val_auc = 0.068   
1428/4777   risk = 0.086  oob_risk = inf   riskauc = 0.077   time = 13610753   val_auc = 0.068   
1547/4777   risk = 0.084  oob_risk = inf   riskauc = 0.077   time = 14688184   val_auc = 0.068   
1666/4777   risk = 0.083  oob_risk = inf   riskauc = 0.077   time = 15826963   val_auc = 0.068   
1785/4777   risk = 0.082  oob_risk = inf   riskauc = 0.078   time = 16916481   val_auc = 0.068   
1904/4777   risk = 0.081  oob_risk = inf   riskauc = 0.078   time = 18085637   val_auc = 0.068   
2023/4777   risk = 0.08  oob_risk = inf   riskauc = 0.078   time = 19233203   val_auc = 0.068   
2142/4777   risk = 0.079  oob_risk = inf   riskauc = 0.079   time = 20409196   val_auc = 0.068   
2261/4777   risk = 0.078  oob_risk = inf   riskauc = 0.079   time = 21564526   val_auc = 0.068   
2380/4777   risk = 0.077  oob_risk = inf   riskauc = 0.079   time = 22685398   val_auc = 0.068   
2499/4777   risk = 0.076  oob_risk = inf   riskauc = 0.08   time = 23823172   val_auc = 0.068   
2618/4777   risk = 0.075  oob_risk = inf   riskauc = 0.08   time = 25107985   val_auc = 0.068   
2737/4777   risk = 0.074  oob_risk = inf   riskauc = 0.08   time = 26261600   val_auc = 0.068   
2856/4777   risk = 0.073  oob_risk = inf   riskauc = 0.08   time = 27506848   val_auc = 0.068   
2975/4777   risk = 0.072  oob_risk = inf   riskauc = 0.081   time = 28750286   val_auc = 0.068   
3094/4777   risk = 0.071  oob_risk = inf   riskauc = 0.081   time = 29906139   val_auc = 0.068   
3213/4777   risk = 0.071  oob_risk = inf   riskauc = 0.081   time = 31032249   val_auc = 0.068   
3332/4777   risk = 0.07  oob_risk = inf   riskauc = 0.081   time = 32124083   val_auc = 0.068   
3451/4777   risk = 0.069  oob_risk = inf   riskauc = 0.081   time = 33242196   val_auc = 0.068   
3570/4777   risk = 0.068  oob_risk = inf   riskauc = 0.082   time = 34428228   val_auc = 0.068   
3689/4777   risk = 0.068  oob_risk = inf   riskauc = 0.083   time = 35540624   val_auc = 0.068   
3808/4777   risk = 0.067  oob_risk = inf   riskauc = 0.084   time = 36783243   val_auc = 0.068   
3927/4777   risk = 0.066  oob_risk = inf   riskauc = 0.084   time = 38017017   val_auc = 0.068   
4046/4777   risk = 0.066  oob_risk = inf   riskauc = 0.084   time = 39187904   val_auc = 0.068   
4165/4777   risk = 0.065  oob_risk = inf   riskauc = 0.084   time = 40384340   val_auc = 0.069   
4284/4777   risk = 0.064  oob_risk = inf   riskauc = 0.084   time = 41609796   val_auc = 0.069   
4403/4777   risk = 0.064  oob_risk = inf   riskauc = 0.084   time = 42808866   val_auc = 0.069   
4522/4777   risk = 0.063  oob_risk = inf   riskauc = 0.084   time = 44035120   val_auc = 0.069   
4641/4777   risk = 0.063  oob_risk = inf   riskauc = 0.084   time = 45240723   val_auc = 0.069   
4760/4777   risk = 0.062  oob_risk = inf   riskauc = 0.084   time = 46407918   val_auc = 0.069   


Train 4777 iterations in 46 Seconds.
Final risk based on the train set: 0.062

DEBUG [00:21:36.634] [mlr3]  Learner 'acc_hcwb' on task 'spam' succeeded to fit a model {learner: <LearnerClassifHCWB/LearnerClassif/Learner/R6>, result: <list>, messages: }

### [bt]: Job terminated successfully [batchtools job.id=15]
### [bt]: Calculation finished!
