### [bt]: This is batchtools v0.9.15
### [bt]: Starting calculation of 1 jobs
### [bt]: Setting working directory to '/home/user/repos/cacb-batchtools/eq1'
[2021-07-26 01:20:32] Loading new learner
[2021-07-26 01:20:32] Loading tasks
[2021-07-26 01:20:36] Loading resampling
### [bt]: Memory measurement disabled
### [bt]: Starting job [batchtools job.id=43]
### [bt]: Generating problem instance for problem '7592-fold4' ...
### [bt]: Applying algorithm 'evaluate-learner' on problem '7592-fold4' for job 43 (seed = 31458) ...
DEBUG [01:20:36.901] [mlr3]  Skip subsetting of task 'Task 7592: adult (Supervised Classification)' 
DEBUG [01:20:36.904] [mlr3]  Calling train method of Learner 'acc_cwb' on task 'Task 7592: adult (Supervised Classification)' with 39074 observations {learner: <LearnerClassifCompboost/LearnerClassif/Learner/R6>}
Warning in get_private(learner)$.train(task) :
  Number of cores 30 exceeds number of features 14. The number of cores are set to 14!
INFO  [01:20:37.008] [mlr3]  [LGCOMPBOOST] Running compboost with df 5.000000 and df_cat 2.000000 
   1/5000   risk = 0.55  riskauc = 0.79   time = 3   
 125/5000   risk = 0.45  riskauc = 0.87   time = 2150210   
 250/5000   risk = 0.42  riskauc = 0.87   time = 3762729   
 375/5000   risk = 0.4  riskauc = 0.88   time = 5445504   
 500/5000   risk = 0.38  riskauc = 0.89   time = 7172141   
 625/5000   risk = 0.37  riskauc = 0.89   time = 8521953   
 750/5000   risk = 0.37  riskauc = 0.89   time = 9817207   
 875/5000   risk = 0.36  riskauc = 0.9   time = 11481331   
1000/5000   risk = 0.36  riskauc = 0.9   time = 13065454   
1125/5000   risk = 0.35  riskauc = 0.9   time = 14656295   
1250/5000   risk = 0.35  riskauc = 0.9   time = 16344742   
1375/5000   risk = 0.35  riskauc = 0.9   time = 17987741   
1500/5000   risk = 0.35  riskauc = 0.9   time = 19537196   
1625/5000   risk = 0.34  riskauc = 0.9   time = 20930976   
1750/5000   risk = 0.34  riskauc = 0.9   time = 22291987   
1875/5000   risk = 0.34  riskauc = 0.9   time = 23650015   
2000/5000   risk = 0.34  riskauc = 0.9   time = 24975439   
2125/5000   risk = 0.34  riskauc = 0.9   time = 26482497   
2250/5000   risk = 0.34  riskauc = 0.91   time = 27947434   
2375/5000   risk = 0.34  riskauc = 0.91   time = 29433094   
2500/5000   risk = 0.34  riskauc = 0.91   time = 30959678   
2625/5000   risk = 0.34  riskauc = 0.91   time = 32467462   
2750/5000   risk = 0.34  riskauc = 0.91   time = 33975947   
2875/5000   risk = 0.34  riskauc = 0.91   time = 35390314   
3000/5000   risk = 0.34  riskauc = 0.91   time = 36810635   
3125/5000   risk = 0.34  riskauc = 0.91   time = 38241029   
3250/5000   risk = 0.34  riskauc = 0.91   time = 39681972   
3375/5000   risk = 0.34  riskauc = 0.91   time = 41176572   
3500/5000   risk = 0.34  riskauc = 0.91   time = 42503061   
3625/5000   risk = 0.34  riskauc = 0.91   time = 43818143   
3750/5000   risk = 0.34  riskauc = 0.91   time = 45124896   
3875/5000   risk = 0.34  riskauc = 0.91   time = 46442309   
4000/5000   risk = 0.34  riskauc = 0.91   time = 47826562   
4125/5000   risk = 0.34  riskauc = 0.91   time = 49209115   
4250/5000   risk = 0.34  riskauc = 0.91   time = 50599645   
4375/5000   risk = 0.34  riskauc = 0.91   time = 52052398   
4500/5000   risk = 0.35  riskauc = 0.91   time = 53422039   
4625/5000   risk = 0.35  riskauc = 0.91   time = 55195648   
4750/5000   risk = 0.35  riskauc = 0.91   time = 57130204   
4875/5000   risk = 0.35  riskauc = 0.91   time = 58836790   
5000/5000   risk = 0.35  riskauc = 0.91   time = 60334273   


Train 5000 iterations in 60 Seconds.
Final risk based on the train set: 0.35

INFO  [01:21:44.810] [mlr3]  [LGCOMPBOOST] iterations:'stop_cwb',5000,'stop_acwb',NA,'stop_hcwb',NA 
INFO  [01:21:44.815] [mlr3]  [LGCOMPBOOST] risk_inbag:'risk_intercept',0.550260,'risk_cwb',0.346024,'risk_acwb',NA,'risk_hcwb',NA 
INFO  [01:21:44.817] [mlr3]  [LGCOMPBOOST] risk_oob:'risk_intercept_oob',NA,'risk_cwb_oob',NA,'risk_acwb_oob',NA,'risk_hcwb_oob',NA 
DEBUG [01:21:44.823] [mlr3]  Learner 'acc_cwb' on task 'Task 7592: adult (Supervised Classification)' succeeded to fit a model {learner: <LearnerClassifCompboost/LearnerClassif/Learner/R6>, result: <list>, messages: }
DEBUG [01:21:44.838] [mlr3]  Skip subsetting of task 'Task 7592: adult (Supervised Classification)' 
DEBUG [01:21:44.842] [mlr3]  Calling train method of Learner 'acc_cwb' on task 'Task 7592: adult (Supervised Classification)' with 39074 observations {learner: <LearnerClassifCompboost/LearnerClassif/Learner/R6>}
Warning in get_private(learner)$.train(task) :
  Number of cores 30 exceeds number of features 14. The number of cores are set to 14!
INFO  [01:21:44.919] [mlr3]  [LGCOMPBOOST] Running compboost with df 5.000000 and df_cat 2.000000 
   1/5000   risk = 0.55  time = 3   
 125/5000   risk = 0.45  time = 1121230   
 250/5000   risk = 0.42  time = 2233447   
 375/5000   risk = 0.4  time = 3344481   
 500/5000   risk = 0.38  time = 4450965   
 625/5000   risk = 0.37  time = 5558017   
 750/5000   risk = 0.37  time = 6644487   
 875/5000   risk = 0.36  time = 7623267   
1000/5000   risk = 0.36  time = 8739663   
1125/5000   risk = 0.35  time = 9925082   
1250/5000   risk = 0.35  time = 11051565   
1375/5000   risk = 0.35  time = 12173075   
1500/5000   risk = 0.35  time = 13323553   
1625/5000   risk = 0.34  time = 14474206   
1750/5000   risk = 0.34  time = 15651398   
1875/5000   risk = 0.34  time = 16763028   
2000/5000   risk = 0.34  time = 17868830   
2125/5000   risk = 0.34  time = 19012087   
2250/5000   risk = 0.34  time = 20153980   
2375/5000   risk = 0.34  time = 21283995   
2500/5000   risk = 0.34  time = 22415805   
2625/5000   risk = 0.34  time = 23546325   
2750/5000   risk = 0.34  time = 24701939   
2875/5000   risk = 0.34  time = 25810711   
3000/5000   risk = 0.34  time = 26944458   
3125/5000   risk = 0.34  time = 28082663   
3250/5000   risk = 0.34  time = 29247795   
3375/5000   risk = 0.34  time = 30396652   
3500/5000   risk = 0.34  time = 31489064   
3625/5000   risk = 0.34  time = 32645878   
3750/5000   risk = 0.34  time = 33767432   
3875/5000   risk = 0.34  time = 34919811   
4000/5000   risk = 0.34  time = 36070842   
4125/5000   risk = 0.34  time = 37189531   
4250/5000   risk = 0.34  time = 38348556   
4375/5000   risk = 0.34  time = 39515248   
4500/5000   risk = 0.35  time = 40677086   
4625/5000   risk = 0.35  time = 41852769   
4750/5000   risk = 0.35  time = 43035710   
4875/5000   risk = 0.35  time = 44194322   
5000/5000   risk = 0.35  time = 45352602   


Train 5000 iterations in 45 Seconds.
Final risk based on the train set: 0.35

INFO  [01:22:37.540] [mlr3]  [LGCOMPBOOST] iterations:'stop_cwb',5000,'stop_acwb',NA,'stop_hcwb',NA 
INFO  [01:22:37.544] [mlr3]  [LGCOMPBOOST] risk_inbag:'risk_intercept',0.550260,'risk_cwb',0.346024,'risk_acwb',NA,'risk_hcwb',NA 
INFO  [01:22:37.546] [mlr3]  [LGCOMPBOOST] risk_oob:'risk_intercept_oob',NA,'risk_cwb_oob',NA,'risk_acwb_oob',NA,'risk_hcwb_oob',NA 
DEBUG [01:22:37.554] [mlr3]  Learner 'acc_cwb' on task 'Task 7592: adult (Supervised Classification)' succeeded to fit a model {learner: <LearnerClassifCompboost/LearnerClassif/Learner/R6>, result: <list>, messages: }

### [bt]: Job terminated successfully [batchtools job.id=43]
### [bt]: Calculation finished!
