### [bt]: This is batchtools v0.9.15
### [bt]: Starting calculation of 1 jobs
### [bt]: Setting working directory to '/home/user/repos/cacb-batchtools/eq1'
Loading required package: data.table
Loading required package: R6
Loading required package: mlr3
Loading required package: mlr3learners
Loading required package: mlr3extralearners

Attaching package: ‘mlr3extralearners’

The following objects are masked from ‘package:mlr3’:

    lrn, lrns

Loading required package: mlr3pipelines
Loading required package: mlr3tuning
Loading required package: paradox
Loading required package: compboost
[2021-08-02 08:16:09] Loading new learner LearnerClassifCWB
[2021-08-02 08:16:09] Loading new learner LearnerClassifHCWB
[2021-08-02 08:16:09] Loading new learner
[2021-08-02 08:16:09] Loading tasks
[2021-08-02 08:16:12] Loading resampling
### [bt]: Memory measurement disabled
### [bt]: Starting job [batchtools job.id=88]
### [bt]: Generating problem instance for problem '189866-fold3' ...
### [bt]: Applying algorithm 'evaluate-learner' on problem '189866-fold3' for job 88 (seed = 31503) ...
DEBUG [08:16:18.223] [mlr3]  Skip subsetting of task 'Task 189866: albert (Supervised Classification)' 
DEBUG [08:16:18.317] [mlr3]  Calling train method of Learner 'acc_acwb' on task 'Task 189866: albert (Supervised Classification)' with 340192 observations {learner: <LearnerClassifCWB/LearnerClassif/Learner/R6>}
   1/5000   risk = 0.69  oob_risk = 0.69   test_auc = 0.36   time = 3   val_auc = 0.36   
 125/5000   risk = 0.62  oob_risk = 0.62   test_auc = 0.28   time = 36071497   val_auc = 0.28   
 250/5000   risk = 0.62  oob_risk = 0.62   test_auc = 0.27   time = 74445821   val_auc = 0.27   
 375/5000   risk = 0.65  oob_risk = 0.66   test_auc = 0.27   time = 113909702   val_auc = 0.27   
 500/5000   risk = 0.67  oob_risk = 0.68   test_auc = 0.27   time = 152039584   val_auc = 0.27   
 625/5000   risk = 0.67  oob_risk = 0.68   test_auc = 0.27   time = 188301837   val_auc = 0.27   
 750/5000   risk = 0.67  oob_risk = 0.68   test_auc = 0.27   time = 223806903   val_auc = 0.27   
 875/5000   risk = 0.66  oob_risk = 0.67   test_auc = 0.27   time = 260907094   val_auc = 0.27   
1000/5000   risk = 0.66  oob_risk = 0.67   test_auc = 0.27   time = 298690895   val_auc = 0.27   
1125/5000   risk = 0.67  oob_risk = 0.68   test_auc = 0.27   time = 334639041   val_auc = 0.27   
1250/5000   risk = 0.67  oob_risk = 0.69   test_auc = 0.27   time = 373347474   val_auc = 0.27   
1375/5000   risk = 0.68  oob_risk = 0.69   test_auc = 0.27   time = 409678872   val_auc = 0.27   
1500/5000   risk = 0.69  oob_risk = 0.7   test_auc = 0.27   time = 446601468   val_auc = 0.27   
1625/5000   risk = 0.7  oob_risk = 0.71   test_auc = 0.28   time = 483671924   val_auc = 0.28   
1750/5000   risk = 0.72  oob_risk = 0.73   test_auc = 0.28   time = 519223238   val_auc = 0.28   
1875/5000   risk = 0.76  oob_risk = 0.78   test_auc = 0.29   time = 554550147   val_auc = 0.29   
2000/5000   risk = 0.79  oob_risk = 0.82   test_auc = 0.3   time = 589812790   val_auc = 0.3   
2125/5000   risk = 0.84  oob_risk = 0.86   test_auc = 0.3   time = 626409013   val_auc = 0.31   
2250/5000   risk = 0.97  oob_risk = 0.98   test_auc = 0.32   time = 661393401   val_auc = 0.32   
2375/5000   risk = 1.1  oob_risk = 1.1   test_auc = 0.32   time = 696222736   val_auc = 0.33   
2500/5000   risk = 1.1  oob_risk = 1.1   test_auc = 0.33   time = 731852390   val_auc = 0.33   
2625/5000   risk = 1.3  oob_risk = 1.4   test_auc = 0.36   time = 767986660   val_auc = 0.36   
2750/5000   risk = 1.6  oob_risk = 1.7   test_auc = 0.38   time = 802258041   val_auc = 0.38   
2875/5000   risk = 1.8  oob_risk = 1.9   test_auc = 0.37   time = 838645833   val_auc = 0.37   
3000/5000   risk = 2  oob_risk = 2.1   test_auc = 0.36   time = 873543345   val_auc = 0.36   
3125/5000   risk = 2.4  oob_risk = 2.5   test_auc = 0.37   time = 910075636   val_auc = 0.37   
3250/5000   risk = 2.9  oob_risk = 3   test_auc = 0.37   time = 948009772   val_auc = 0.37   
3375/5000   risk = 3.2  oob_risk = 3.3   test_auc = 0.37   time = 983419329   val_auc = 0.37   
3500/5000   risk = 3.3  oob_risk = 3.4   test_auc = 0.37   time = 1018237162   val_auc = 0.37   
3625/5000   risk = 3.6  oob_risk = 3.7   test_auc = 0.37   time = 1056255621   val_auc = 0.38   
3750/5000   risk = 4.2  oob_risk = 4.3   test_auc = 0.39   time = 1093665558   val_auc = 0.39   
3875/5000   risk = 4.9  oob_risk = 5   test_auc = 0.4   time = 1130820595   val_auc = 0.4   
4000/5000   risk = 5.4  oob_risk = 5.4   test_auc = 0.4   time = 1166469860   val_auc = 0.4   
4125/5000   risk = 5.6  oob_risk = 5.7   test_auc = 0.39   time = 1202551741   val_auc = 0.39   
4250/5000   risk = 5.8  oob_risk = 6   test_auc = 0.39   time = 1238624627   val_auc = 0.39   
4375/5000   risk = 6.3  oob_risk = 6.4   test_auc = 0.39   time = 1277608001   val_auc = 0.39   
4500/5000   risk = 6.9  oob_risk = 7.1   test_auc = 0.39   time = 1315220972   val_auc = 0.39   
4625/5000   risk = 7.6  oob_risk = 7.8   test_auc = 0.38   time = 1352447057   val_auc = 0.39   
4750/5000   risk = 8  oob_risk = 8.2   test_auc = 0.38   time = 1388771643   val_auc = 0.38   
4875/5000   risk = 8.3  oob_risk = 8.5   test_auc = 0.37   time = 1426057511   val_auc = 0.38   
5000/5000   risk = 8.7  oob_risk = 8.8   test_auc = 0.37   time = 1462349250   val_auc = 0.37   


Train 5000 iterations in 1464 Seconds.
Final risk based on the train set: 8.7

DEBUG [08:41:16.410] [mlr3]  Learner 'acc_acwb' on task 'Task 189866: albert (Supervised Classification)' succeeded to fit a model {learner: <LearnerClassifCWB/LearnerClassif/Learner/R6>, result: <list>, messages: }

### [bt]: Job terminated successfully [batchtools job.id=88]
### [bt]: Calculation finished!
