### [bt]: This is batchtools v0.9.15
### [bt]: Starting calculation of 1 jobs
### [bt]: Setting working directory to '/home/user/repos/cacb-batchtools/eq1'
[2021-07-29 16:26:56] Loading new learner
[2021-07-29 16:26:56] Loading tasks
[2021-07-29 16:26:59] Loading resampling
### [bt]: Memory measurement disabled
### [bt]: Starting job [batchtools job.id=122]
### [bt]: Generating problem instance for problem 'spam-fold2' ...
### [bt]: Applying algorithm 'evaluate-learner' on problem 'spam-fold2' for job 122 (seed = 31537) ...
DEBUG [16:26:59.763] [mlr3]  Skip subsetting of task 'spam' 
DEBUG [16:26:59.767] [mlr3]  Calling train method of Learner 'acc_hcwb' on task 'spam' with 3680 observations {learner: <LearnerClassifCompboost/LearnerClassif/Learner/R6>}
   1/5000   risk = 0.64  oob_risk = 0.63   riskauc = 0.8   time = 2   


Train 70 iterations in 0 Seconds.
Final risk based on the train set: 0.34

   1/4941   risk = 0.36  oob_risk = 0.59   riskauc = 0.92   time = 2   
 124/4941   risk = 0.22  oob_risk = 0.96   riskauc = 0.95   time = 1124679   
 248/4941   risk = 0.19  oob_risk = inf   riskauc = 0.95   time = 2184345   
 372/4941   risk = 0.18  oob_risk = inf   riskauc = 0.95   time = 3623913   
 496/4941   risk = 0.17  oob_risk = inf   riskauc = 0.94   time = 4698731   
 620/4941   risk = 0.16  oob_risk = inf   riskauc = 0.94   time = 5862011   
 744/4941   risk = 0.15  oob_risk = inf   riskauc = 0.94   time = 7015437   
 868/4941   risk = 0.15  oob_risk = inf   riskauc = 0.94   time = 8172746   
 992/4941   risk = 0.14  oob_risk = inf   riskauc = 0.94   time = 9240564   
1116/4941   risk = 0.14  oob_risk = inf   riskauc = 0.94   time = 10340468   
1240/4941   risk = 0.13  oob_risk = inf   riskauc = 0.94   time = 11354831   
1364/4941   risk = 0.13  oob_risk = inf   riskauc = 0.94   time = 12439788   
1488/4941   risk = 0.13  oob_risk = inf   riskauc = 0.94   time = 13460449   
1612/4941   risk = 0.12  oob_risk = inf   riskauc = 0.94   time = 14422172   
1736/4941   risk = 0.12  oob_risk = inf   riskauc = 0.94   time = 15441283   
1860/4941   risk = 0.12  oob_risk = inf   riskauc = 0.94   time = 16543693   
1984/4941   risk = 0.12  oob_risk = inf   riskauc = 0.94   time = 17565484   
2108/4941   risk = 0.12  oob_risk = inf   riskauc = 0.94   time = 18660339   
2232/4941   risk = 0.11  oob_risk = inf   riskauc = 0.94   time = 19695270   
2356/4941   risk = 0.11  oob_risk = inf   riskauc = 0.94   time = 20722009   
2480/4941   risk = 0.11  oob_risk = inf   riskauc = 0.94   time = 21790076   
2604/4941   risk = 0.11  oob_risk = inf   riskauc = 0.93   time = 22986918   
2728/4941   risk = 0.11  oob_risk = inf   riskauc = 0.93   time = 24055354   
2852/4941   risk = 0.11  oob_risk = inf   riskauc = 0.93   time = 25212803   
2976/4941   risk = 0.11  oob_risk = inf   riskauc = 0.93   time = 26248130   
3100/4941   risk = 0.1  oob_risk = inf   riskauc = 0.93   time = 27362042   
3224/4941   risk = 0.1  oob_risk = inf   riskauc = 0.93   time = 28503993   
3348/4941   risk = 0.1  oob_risk = inf   riskauc = 0.93   time = 29637708   
3472/4941   risk = 0.1  oob_risk = inf   riskauc = 0.93   time = 30792645   
3596/4941   risk = 0.1  oob_risk = inf   riskauc = 0.93   time = 31903123   
3720/4941   risk = 0.1  oob_risk = inf   riskauc = 0.93   time = 33019576   
3844/4941   risk = 0.099  oob_risk = inf   riskauc = 0.93   time = 34118404   
3968/4941   risk = 0.098  oob_risk = inf   riskauc = 0.93   time = 35236894   
4092/4941   risk = 0.097  oob_risk = inf   riskauc = 0.93   time = 36388941   
4216/4941   risk = 0.096  oob_risk = inf   riskauc = 0.93   time = 37549464   
4340/4941   risk = 0.096  oob_risk = inf   riskauc = 0.93   time = 38591518   
4464/4941   risk = 0.095  oob_risk = inf   riskauc = 0.93   time = 39695232   
4588/4941   risk = 0.094  oob_risk = inf   riskauc = 0.93   time = 40774498   
4712/4941   risk = 0.094  oob_risk = inf   riskauc = 0.93   time = 41984418   
4836/4941   risk = 0.093  oob_risk = inf   riskauc = 0.93   time = 43053705   


Train 4941 iterations in 44 Seconds.
Final risk based on the train set: 0.093

DEBUG [16:27:45.444] [mlr3]  Learner 'acc_hcwb' on task 'spam' succeeded to fit a model {learner: <LearnerClassifCompboost/LearnerClassif/Learner/R6>, result: <list>, messages: }
DEBUG [16:27:45.459] [mlr3]  Skip subsetting of task 'spam' 
DEBUG [16:27:45.462] [mlr3]  Calling train method of Learner 'acc_hcwb' on task 'spam' with 3680 observations {learner: <LearnerClassifCompboost/LearnerClassif/Learner/R6>}
   1/5000   risk = 0.64  oob_risk = 0.63   time = 2   


Train 70 iterations in 0 Seconds.
Final risk based on the train set: 0.34

   1/4941   risk = 0.36  oob_risk = 0.59   time = 2   
 124/4941   risk = 0.22  oob_risk = 0.96   time = 1112512   
 248/4941   risk = 0.19  oob_risk = inf   time = 2211733   
 372/4941   risk = 0.18  oob_risk = inf   time = 3260020   
 496/4941   risk = 0.17  oob_risk = inf   time = 4262803   
 620/4941   risk = 0.16  oob_risk = inf   time = 5368180   
 744/4941   risk = 0.15  oob_risk = inf   time = 6515284   
 868/4941   risk = 0.15  oob_risk = inf   time = 7695531   
 992/4941   risk = 0.14  oob_risk = inf   time = 8788790   
1116/4941   risk = 0.14  oob_risk = inf   time = 9852822   
1240/4941   risk = 0.13  oob_risk = inf   time = 10946795   
1364/4941   risk = 0.13  oob_risk = inf   time = 12098855   
1488/4941   risk = 0.13  oob_risk = inf   time = 13135249   
1612/4941   risk = 0.12  oob_risk = inf   time = 14289083   
1736/4941   risk = 0.12  oob_risk = inf   time = 15426841   
1860/4941   risk = 0.12  oob_risk = inf   time = 16599182   
1984/4941   risk = 0.12  oob_risk = inf   time = 17618369   
2108/4941   risk = 0.12  oob_risk = inf   time = 18702940   
2232/4941   risk = 0.11  oob_risk = inf   time = 19757206   
2356/4941   risk = 0.11  oob_risk = inf   time = 20825225   
2480/4941   risk = 0.11  oob_risk = inf   time = 21902105   
2604/4941   risk = 0.11  oob_risk = inf   time = 22998176   
2728/4941   risk = 0.11  oob_risk = inf   time = 24122351   
2852/4941   risk = 0.11  oob_risk = inf   time = 25291585   
2976/4941   risk = 0.11  oob_risk = inf   time = 26461413   
3100/4941   risk = 0.1  oob_risk = inf   time = 27480286   
3224/4941   risk = 0.1  oob_risk = inf   time = 28526527   
3348/4941   risk = 0.1  oob_risk = inf   time = 29617135   
3472/4941   risk = 0.1  oob_risk = inf   time = 30806904   
3596/4941   risk = 0.1  oob_risk = inf   time = 31891861   
3720/4941   risk = 0.1  oob_risk = inf   time = 33005097   
3844/4941   risk = 0.099  oob_risk = inf   time = 34068386   
3968/4941   risk = 0.098  oob_risk = inf   time = 35103613   
4092/4941   risk = 0.097  oob_risk = inf   time = 36211390   
4216/4941   risk = 0.096  oob_risk = inf   time = 37305429   
4340/4941   risk = 0.096  oob_risk = inf   time = 38431389   
4464/4941   risk = 0.095  oob_risk = inf   time = 39532250   
4588/4941   risk = 0.094  oob_risk = inf   time = 40619112   
4712/4941   risk = 0.094  oob_risk = inf   time = 41709918   
4836/4941   risk = 0.093  oob_risk = inf   time = 42829840   


Train 4941 iterations in 43 Seconds.
Final risk based on the train set: 0.093

DEBUG [16:28:30.621] [mlr3]  Learner 'acc_hcwb' on task 'spam' succeeded to fit a model {learner: <LearnerClassifCompboost/LearnerClassif/Learner/R6>, result: <list>, messages: }

### [bt]: Job terminated successfully [batchtools job.id=122]
### [bt]: Calculation finished!
