### [bt]: This is batchtools v0.9.15
### [bt]: Starting calculation of 1 jobs
### [bt]: Setting working directory to '/home/user/repos/cacb-batchtools/eq1'
[2021-07-26 01:39:40] Loading new learner
[2021-07-26 01:39:40] Loading tasks
[2021-07-26 01:39:43] Loading resampling
### [bt]: Memory measurement disabled
### [bt]: Starting job [batchtools job.id=51]
### [bt]: Generating problem instance for problem '168335-fold1' ...
### [bt]: Applying algorithm 'evaluate-learner' on problem '168335-fold1' for job 51 (seed = 31466) ...
DEBUG [01:39:46.653] [mlr3]  Skip subsetting of task 'Task 168335: MiniBooNE (Supervised Classification)' 
DEBUG [01:39:46.656] [mlr3]  Calling train method of Learner 'bin_cwb_nb' on task 'Task 168335: MiniBooNE (Supervised Classification)' with 104051 observations {learner: <LearnerClassifCompboost/LearnerClassif/Learner/R6>}
INFO  [01:39:46.709] [mlr3]  [LGCOMPBOOST] Running compboost with df 20.000000 and df_cat 1.000000 
   1/5000   risk = 0.56  riskauc = 0.84   time = 3   
 125/5000   risk = 0.26  riskauc = 0.95   time = 9101577   
 250/5000   risk = 0.24  riskauc = 0.96   time = 18005554   
 375/5000   risk = 0.23  riskauc = 0.96   time = 26865386   
 500/5000   risk = 0.23  riskauc = 0.97   time = 35428133   
 625/5000   risk = 0.22  riskauc = 0.97   time = 44244211   
 750/5000   risk = 0.22  riskauc = 0.97   time = 52466900   
 875/5000   risk = 0.22  riskauc = 0.97   time = 61067892   
1000/5000   risk = 0.22  riskauc = 0.97   time = 69611850   
1125/5000   risk = 0.22  riskauc = 0.97   time = 77878890   
1250/5000   risk = 0.22  riskauc = 0.97   time = 86220577   
1375/5000   risk = 0.22  riskauc = 0.97   time = 94448605   
1500/5000   risk = 0.22  riskauc = 0.97   time = 102711156   
1625/5000   risk = 0.22  riskauc = 0.97   time = 110990469   
1750/5000   risk = 0.22  riskauc = 0.97   time = 119381567   
1875/5000   risk = 0.22  riskauc = 0.97   time = 127928436   
2000/5000   risk = 0.22  riskauc = 0.97   time = 136263722   
2125/5000   risk = 0.22  riskauc = 0.97   time = 144714940   
2250/5000   risk = 0.22  riskauc = 0.97   time = 153095276   
2375/5000   risk = 0.22  riskauc = 0.97   time = 161447708   
2500/5000   risk = 0.22  riskauc = 0.97   time = 169970867   
2625/5000   risk = 0.22  riskauc = 0.97   time = 178491750   
2750/5000   risk = 0.22  riskauc = 0.97   time = 186630273   
2875/5000   risk = 0.22  riskauc = 0.97   time = 195309321   
3000/5000   risk = 0.22  riskauc = 0.97   time = 203677126   
3125/5000   risk = 0.22  riskauc = 0.97   time = 211850700   
3250/5000   risk = 0.22  riskauc = 0.97   time = 220421679   
3375/5000   risk = 0.22  riskauc = 0.97   time = 228589924   
3500/5000   risk = 0.22  riskauc = 0.97   time = 237018251   
3625/5000   risk = 0.22  riskauc = 0.97   time = 245391826   
3750/5000   risk = 0.22  riskauc = 0.97   time = 253918526   
3875/5000   risk = 0.22  riskauc = 0.97   time = 262454453   
4000/5000   risk = 0.22  riskauc = 0.97   time = 270719953   
4125/5000   risk = 0.22  riskauc = 0.97   time = 278931053   
4250/5000   risk = 0.22  riskauc = 0.97   time = 287217975   
4375/5000   risk = 0.22  riskauc = 0.97   time = 295956435   
4500/5000   risk = 0.22  riskauc = 0.97   time = 304348103   
4625/5000   risk = 0.22  riskauc = 0.97   time = 312839354   
4750/5000   risk = 0.22  riskauc = 0.97   time = 321203962   
4875/5000   risk = 0.22  riskauc = 0.97   time = 329433973   
5000/5000   risk = 0.22  riskauc = 0.97   time = 337850523   


Train 5000 iterations in 337 Seconds.
Final risk based on the train set: 0.22

INFO  [01:45:37.582] [mlr3]  [LGCOMPBOOST] iterations:'stop_cwb',5000,'stop_acwb',NA,'stop_hcwb',NA 
INFO  [01:45:37.585] [mlr3]  [LGCOMPBOOST] risk_inbag:'risk_intercept',0.593540,'risk_cwb',0.216591,'risk_acwb',NA,'risk_hcwb',NA 
INFO  [01:45:37.586] [mlr3]  [LGCOMPBOOST] risk_oob:'risk_intercept_oob',NA,'risk_cwb_oob',NA,'risk_acwb_oob',NA,'risk_hcwb_oob',NA 
DEBUG [01:45:37.591] [mlr3]  Learner 'bin_cwb_nb' on task 'Task 168335: MiniBooNE (Supervised Classification)' succeeded to fit a model {learner: <LearnerClassifCompboost/LearnerClassif/Learner/R6>, result: <list>, messages: }
DEBUG [01:45:37.605] [mlr3]  Skip subsetting of task 'Task 168335: MiniBooNE (Supervised Classification)' 
DEBUG [01:45:37.608] [mlr3]  Calling train method of Learner 'bin_cwb_nb' on task 'Task 168335: MiniBooNE (Supervised Classification)' with 104051 observations {learner: <LearnerClassifCompboost/LearnerClassif/Learner/R6>}
INFO  [01:45:37.620] [mlr3]  [LGCOMPBOOST] Running compboost with df 20.000000 and df_cat 1.000000 
   1/5000   risk = 0.56  time = 4   
 125/5000   risk = 0.26  time = 7540179   
 250/5000   risk = 0.24  time = 14937172   
 375/5000   risk = 0.23  time = 22133578   
 500/5000   risk = 0.23  time = 29416796   
 625/5000   risk = 0.22  time = 36877349   
 750/5000   risk = 0.22  time = 44234930   
 875/5000   risk = 0.22  time = 51592661   
1000/5000   risk = 0.22  time = 58998270   
1125/5000   risk = 0.22  time = 66360122   
1250/5000   risk = 0.22  time = 73861865   
1375/5000   risk = 0.22  time = 81126683   
1500/5000   risk = 0.22  time = 88453349   
1625/5000   risk = 0.22  time = 96119553   
1750/5000   risk = 0.22  time = 103748296   
1875/5000   risk = 0.22  time = 111353093   
2000/5000   risk = 0.22  time = 119016494   
2125/5000   risk = 0.22  time = 126798042   
2250/5000   risk = 0.22  time = 134531017   
2375/5000   risk = 0.22  time = 142206015   
2500/5000   risk = 0.22  time = 149984337   
2625/5000   risk = 0.22  time = 157867546   
2750/5000   risk = 0.22  time = 165474004   
2875/5000   risk = 0.22  time = 173206643   
3000/5000   risk = 0.22  time = 180919595   
3125/5000   risk = 0.22  time = 188602281   
3250/5000   risk = 0.22  time = 196627122   
3375/5000   risk = 0.22  time = 204595801   
3500/5000   risk = 0.22  time = 212499937   
3625/5000   risk = 0.22  time = 220467133   
3750/5000   risk = 0.22  time = 228428513   
3875/5000   risk = 0.22  time = 236176606   
4000/5000   risk = 0.22  time = 243862777   
4125/5000   risk = 0.22  time = 251550557   
4250/5000   risk = 0.22  time = 259247604   
4375/5000   risk = 0.22  time = 266962691   
4500/5000   risk = 0.22  time = 274566914   
4625/5000   risk = 0.22  time = 282270258   
4750/5000   risk = 0.22  time = 289921550   
4875/5000   risk = 0.22  time = 297749914   
5000/5000   risk = 0.22  time = 305599904   


Train 5000 iterations in 305 Seconds.
Final risk based on the train set: 0.22

INFO  [01:50:55.873] [mlr3]  [LGCOMPBOOST] iterations:'stop_cwb',5000,'stop_acwb',NA,'stop_hcwb',NA 
INFO  [01:50:55.876] [mlr3]  [LGCOMPBOOST] risk_inbag:'risk_intercept',0.593540,'risk_cwb',0.216591,'risk_acwb',NA,'risk_hcwb',NA 
INFO  [01:50:55.877] [mlr3]  [LGCOMPBOOST] risk_oob:'risk_intercept_oob',NA,'risk_cwb_oob',NA,'risk_acwb_oob',NA,'risk_hcwb_oob',NA 
DEBUG [01:50:55.883] [mlr3]  Learner 'bin_cwb_nb' on task 'Task 168335: MiniBooNE (Supervised Classification)' succeeded to fit a model {learner: <LearnerClassifCompboost/LearnerClassif/Learner/R6>, result: <list>, messages: }

### [bt]: Job terminated successfully [batchtools job.id=51]
### [bt]: Calculation finished!
