### [bt]: This is batchtools v0.9.15
### [bt]: Starting calculation of 1 jobs
### [bt]: Setting working directory to '/home/user/repos/cacb-batchtools/eq1'
[2021-07-26 00:47:58] Loading new learner
[2021-07-26 00:47:58] Loading tasks
[2021-07-26 00:48:02] Loading resampling
### [bt]: Memory measurement disabled
### [bt]: Starting job [batchtools job.id=29]
### [bt]: Generating problem instance for problem '7592-fold1' ...
### [bt]: Applying algorithm 'evaluate-learner' on problem '7592-fold1' for job 29 (seed = 31444) ...
DEBUG [00:48:03.608] [mlr3]  Skip subsetting of task 'Task 7592: adult (Supervised Classification)' 
DEBUG [00:48:03.611] [mlr3]  Calling train method of Learner 'acc_acwb' on task 'Task 7592: adult (Supervised Classification)' with 39073 observations {learner: <LearnerClassifCompboost/LearnerClassif/Learner/R6>}
Warning in get_private(learner)$.train(task) :
  Number of cores 30 exceeds number of features 14. The number of cores are set to 14!
INFO  [00:48:03.719] [mlr3]  [LGCOMPBOOST] Running compboost with df 5.000000 and df_cat 2.000000 
   1/5000   risk = 0.55  riskauc = 0.79   time = 2   
 125/5000   risk = 0.49  riskauc = 0.89   time = 2511330   
 250/5000   risk = 0.43  riskauc = 0.89   time = 4663710   
 375/5000   risk = 0.39  riskauc = 0.9   time = 6883976   
 500/5000   risk = 0.35  riskauc = 0.91   time = 9578398   
 625/5000   risk = 0.33  riskauc = 0.91   time = 12081896   
 750/5000   risk = 0.32  riskauc = 0.91   time = 14543303   
 875/5000   risk = 0.32  riskauc = 0.91   time = 17577733   
1000/5000   risk = 0.32  riskauc = 0.91   time = 20672659   
1125/5000   risk = 0.32  riskauc = 0.91   time = 23814566   
1250/5000   risk = 0.33  riskauc = 0.91   time = 26949674   
1375/5000   risk = 0.33  riskauc = 0.91   time = 29948122   
1500/5000   risk = 0.33  riskauc = 0.91   time = 32970232   
1625/5000   risk = 0.34  riskauc = 0.91   time = 36122796   
1750/5000   risk = 0.34  riskauc = 0.91   time = 39147961   
1875/5000   risk = 0.35  riskauc = 0.91   time = 42181499   
2000/5000   risk = 0.35  riskauc = 0.91   time = 45240883   
2125/5000   risk = 0.35  riskauc = 0.91   time = 48516538   
2250/5000   risk = 0.35  riskauc = 0.91   time = 51648672   
2375/5000   risk = 0.35  riskauc = 0.91   time = 54749097   
2500/5000   risk = 0.35  riskauc = 0.91   time = 57559906   
2625/5000   risk = 0.35  riskauc = 0.91   time = 60070485   
2750/5000   risk = 0.35  riskauc = 0.91   time = 62858081   
2875/5000   risk = 0.36  riskauc = 0.91   time = 65994200   
3000/5000   risk = 0.36  riskauc = 0.91   time = 68677964   
3125/5000   risk = 0.36  riskauc = 0.91   time = 71566231   
3250/5000   risk = 0.36  riskauc = 0.91   time = 74823951   
3375/5000   risk = 0.36  riskauc = 0.92   time = 78012745   
3500/5000   risk = 0.36  riskauc = 0.92   time = 80839192   
3625/5000   risk = 0.36  riskauc = 0.92   time = 83430353   
3750/5000   risk = 0.36  riskauc = 0.92   time = 86177491   
3875/5000   risk = 0.36  riskauc = 0.92   time = 88843854   
4000/5000   risk = 0.36  riskauc = 0.92   time = 91811714   
4125/5000   risk = 0.36  riskauc = 0.92   time = 94681500   
4250/5000   risk = 0.36  riskauc = 0.92   time = 97247049   
4375/5000   risk = 0.36  riskauc = 0.92   time = 100236979   
4500/5000   risk = 0.36  riskauc = 0.92   time = 102890404   
4625/5000   risk = 0.36  riskauc = 0.92   time = 105432293   
4750/5000   risk = 0.36  riskauc = 0.92   time = 108006164   
4875/5000   risk = 0.36  riskauc = 0.92   time = 110775247   
5000/5000   risk = 0.36  riskauc = 0.92   time = 113332931   


Train 5000 iterations in 113 Seconds.
Final risk based on the train set: 0.36

INFO  [00:50:05.250] [mlr3]  [LGCOMPBOOST] iterations:'stop_cwb',NA,'stop_acwb',5000,'stop_hcwb',NA 
INFO  [00:50:05.254] [mlr3]  [LGCOMPBOOST] risk_inbag:'risk_intercept',0.550237,'risk_cwb',NA,'risk_acwb',0.355332,'risk_hcwb',NA 
INFO  [00:50:05.256] [mlr3]  [LGCOMPBOOST] risk_oob:'risk_intercept_oob',NA,'risk_cwb_oob',NA,'risk_acwb_oob',NA,'risk_hcwb_oob',NA 
DEBUG [00:50:05.261] [mlr3]  Learner 'acc_acwb' on task 'Task 7592: adult (Supervised Classification)' succeeded to fit a model {learner: <LearnerClassifCompboost/LearnerClassif/Learner/R6>, result: <list>, messages: }
DEBUG [00:50:05.274] [mlr3]  Skip subsetting of task 'Task 7592: adult (Supervised Classification)' 
DEBUG [00:50:05.277] [mlr3]  Calling train method of Learner 'acc_acwb' on task 'Task 7592: adult (Supervised Classification)' with 39073 observations {learner: <LearnerClassifCompboost/LearnerClassif/Learner/R6>}
Warning in get_private(learner)$.train(task) :
  Number of cores 30 exceeds number of features 14. The number of cores are set to 14!
INFO  [00:50:05.364] [mlr3]  [LGCOMPBOOST] Running compboost with df 5.000000 and df_cat 2.000000 
   1/5000   risk = 0.55  time = 2   
 125/5000   risk = 0.49  time = 2101053   
 250/5000   risk = 0.43  time = 4161594   
 375/5000   risk = 0.39  time = 6310039   
 500/5000   risk = 0.35  time = 8484484   
 625/5000   risk = 0.33  time = 10664585   
 750/5000   risk = 0.32  time = 12871060   
 875/5000   risk = 0.32  time = 15052469   
1000/5000   risk = 0.32  time = 17248526   
1125/5000   risk = 0.32  time = 19488503   
1250/5000   risk = 0.33  time = 21702538   
1375/5000   risk = 0.33  time = 23903529   
1500/5000   risk = 0.33  time = 26145079   
1625/5000   risk = 0.34  time = 28428283   
1750/5000   risk = 0.34  time = 30663954   
1875/5000   risk = 0.35  time = 32891326   
2000/5000   risk = 0.35  time = 35124751   
2125/5000   risk = 0.35  time = 37369197   
2250/5000   risk = 0.35  time = 39625174   
2375/5000   risk = 0.35  time = 41839598   
2500/5000   risk = 0.35  time = 43931161   
2625/5000   risk = 0.35  time = 46145680   
2750/5000   risk = 0.35  time = 48358101   
2875/5000   risk = 0.36  time = 50590257   
3000/5000   risk = 0.36  time = 52624187   
3125/5000   risk = 0.36  time = 54428210   
3250/5000   risk = 0.36  time = 56160519   
3375/5000   risk = 0.36  time = 57867751   
3500/5000   risk = 0.36  time = 59586118   
3625/5000   risk = 0.36  time = 61327632   
3750/5000   risk = 0.36  time = 63136255   
3875/5000   risk = 0.36  time = 64968035   
4000/5000   risk = 0.36  time = 66839352   
4125/5000   risk = 0.36  time = 68687581   
4250/5000   risk = 0.36  time = 70512167   
4375/5000   risk = 0.36  time = 72308029   
4500/5000   risk = 0.36  time = 74140109   
4625/5000   risk = 0.36  time = 75951218   
4750/5000   risk = 0.36  time = 77735492   
4875/5000   risk = 0.36  time = 79546942   
5000/5000   risk = 0.36  time = 81386719   


Train 5000 iterations in 81 Seconds.
Final risk based on the train set: 0.36

INFO  [00:51:34.013] [mlr3]  [LGCOMPBOOST] iterations:'stop_cwb',NA,'stop_acwb',5000,'stop_hcwb',NA 
INFO  [00:51:34.016] [mlr3]  [LGCOMPBOOST] risk_inbag:'risk_intercept',0.550237,'risk_cwb',NA,'risk_acwb',0.355332,'risk_hcwb',NA 
INFO  [00:51:34.018] [mlr3]  [LGCOMPBOOST] risk_oob:'risk_intercept_oob',NA,'risk_cwb_oob',NA,'risk_acwb_oob',NA,'risk_hcwb_oob',NA 
DEBUG [00:51:34.024] [mlr3]  Learner 'acc_acwb' on task 'Task 7592: adult (Supervised Classification)' succeeded to fit a model {learner: <LearnerClassifCompboost/LearnerClassif/Learner/R6>, result: <list>, messages: }

### [bt]: Job terminated successfully [batchtools job.id=29]
### [bt]: Calculation finished!
