### [bt]: This is batchtools v0.9.15
### [bt]: Starting calculation of 1 jobs
### [bt]: Setting working directory to '/home/user/repos/cacb-batchtools/eq1'
[2021-07-25 20:24:38] Loading new learner
[2021-07-25 20:24:38] Loading tasks
[2021-07-25 20:24:41] Loading resampling
### [bt]: Memory measurement disabled
### [bt]: Starting job [batchtools job.id=25]
### [bt]: Generating problem instance for problem 'spam-fold5' ...
### [bt]: Applying algorithm 'evaluate-learner' on problem 'spam-fold5' for job 25 (seed = 31440) ...
DEBUG [20:24:41.821] [mlr3]  Skip subsetting of task 'spam' 
DEBUG [20:24:41.824] [mlr3]  Calling train method of Learner 'acc_hcwb' on task 'spam' with 3682 observations {learner: <LearnerClassifCompboost/LearnerClassif/Learner/R6>}
INFO  [20:24:41.832] [mlr3]  [LGCOMPBOOST] Running compboost with df 20.000000 and df_cat 1.000000 
   1/5000   risk = 0.67  oob_risk = 0.66   riskauc = 0.78   time = 2   


Train 33 iterations in 0 Seconds.
Final risk based on the train set: 0.61

   1/4967   risk = 0.61  oob_risk = 0.64   riskauc = 0.78   time = 2   
 124/4967   risk = 0.42  oob_risk = 0.45   riskauc = 0.93   time = 1099541   
 248/4967   risk = 0.34  oob_risk = 0.45   riskauc = 0.94   time = 2268605   
 372/4967   risk = 0.31  oob_risk = 0.51   riskauc = 0.95   time = 3356803   
 496/4967   risk = 0.28  oob_risk = 0.59   riskauc = 0.95   time = 4390782   
 620/4967   risk = 0.27  oob_risk = 0.66   riskauc = 0.95   time = 5501470   
 744/4967   risk = 0.25  oob_risk = 0.73   riskauc = 0.95   time = 6635208   
 868/4967   risk = 0.25  oob_risk = 0.79   riskauc = 0.96   time = 7692265   
 992/4967   risk = 0.24  oob_risk = 0.9   riskauc = 0.96   time = 8980969   
1116/4967   risk = 0.23  oob_risk = 1   riskauc = 0.96   time = 10112560   
1240/4967   risk = 0.23  oob_risk = 1.2   riskauc = 0.96   time = 11222013   
1364/4967   risk = 0.22  oob_risk = 1.3   riskauc = 0.96   time = 12386859   
1488/4967   risk = 0.22  oob_risk = 1.4   riskauc = 0.96   time = 13745394   
1612/4967   risk = 0.21  oob_risk = 1.5   riskauc = 0.96   time = 14912072   
1736/4967   risk = 0.21  oob_risk = 1.6   riskauc = 0.96   time = 16106305   
1860/4967   risk = 0.21  oob_risk = inf   riskauc = 0.96   time = 17273524   
1984/4967   risk = 0.2  oob_risk = inf   riskauc = 0.96   time = 18325814   
2108/4967   risk = 0.2  oob_risk = inf   riskauc = 0.96   time = 19466093   
2232/4967   risk = 0.2  oob_risk = inf   riskauc = 0.96   time = 20521898   
2356/4967   risk = 0.2  oob_risk = inf   riskauc = 0.96   time = 21633510   
2480/4967   risk = 0.19  oob_risk = inf   riskauc = 0.96   time = 22792831   
2604/4967   risk = 0.19  oob_risk = inf   riskauc = 0.96   time = 23884636   
2728/4967   risk = 0.19  oob_risk = inf   riskauc = 0.96   time = 25023267   
2852/4967   risk = 0.19  oob_risk = inf   riskauc = 0.96   time = 26152057   
2976/4967   risk = 0.19  oob_risk = inf   riskauc = 0.96   time = 27296001   
3100/4967   risk = 0.19  oob_risk = inf   riskauc = 0.96   time = 28395376   
3224/4967   risk = 0.19  oob_risk = inf   riskauc = 0.96   time = 29538670   
3348/4967   risk = 0.18  oob_risk = inf   riskauc = 0.96   time = 30642253   
3472/4967   risk = 0.18  oob_risk = inf   riskauc = 0.96   time = 31806428   
3596/4967   risk = 0.18  oob_risk = inf   riskauc = 0.96   time = 33028538   
3720/4967   risk = 0.18  oob_risk = inf   riskauc = 0.96   time = 34167353   
3844/4967   risk = 0.18  oob_risk = inf   riskauc = 0.96   time = 35515948   
3968/4967   risk = 0.18  oob_risk = inf   riskauc = 0.96   time = 36756857   
4092/4967   risk = 0.18  oob_risk = inf   riskauc = 0.96   time = 37940542   
4216/4967   risk = 0.18  oob_risk = inf   riskauc = 0.96   time = 39152275   
4340/4967   risk = 0.18  oob_risk = inf   riskauc = 0.96   time = 40328293   
4464/4967   risk = 0.17  oob_risk = inf   riskauc = 0.96   time = 41447125   
4588/4967   risk = 0.17  oob_risk = inf   riskauc = 0.96   time = 42553515   
4712/4967   risk = 0.17  oob_risk = inf   riskauc = 0.96   time = 43699988   
4836/4967   risk = 0.17  oob_risk = inf   riskauc = 0.96   time = 44860903   
4960/4967   risk = 0.17  oob_risk = inf   riskauc = 0.96   time = 45967350   


Train 4967 iterations in 46 Seconds.
Final risk based on the train set: 0.17

INFO  [20:25:28.777] [mlr3]  [LGCOMPBOOST] Completed fitting of restarted compboost model with optimizer nesterov 
INFO  [20:25:35.875] [mlr3]  [LGCOMPBOOST] iterations:'stop_cwb',NA,'stop_acwb',33,'stop_hcwb',4967 
INFO  [20:25:35.878] [mlr3]  [LGCOMPBOOST] risk_inbag:'risk_intercept',0.672664,'risk_cwb',NA,'risk_acwb',0.612895,'risk_hcwb',0.171167 
INFO  [20:25:35.880] [mlr3]  [LGCOMPBOOST] risk_oob:'risk_intercept_oob',0.661911,'risk_cwb_oob',NA,'risk_acwb_oob',0.641812,'risk_hcwb_oob',Inf 
DEBUG [20:25:35.885] [mlr3]  Learner 'acc_hcwb' on task 'spam' succeeded to fit a model {learner: <LearnerClassifCompboost/LearnerClassif/Learner/R6>, result: <list>, messages: }
DEBUG [20:25:35.901] [mlr3]  Skip subsetting of task 'spam' 
DEBUG [20:25:35.905] [mlr3]  Calling train method of Learner 'acc_hcwb' on task 'spam' with 3682 observations {learner: <LearnerClassifCompboost/LearnerClassif/Learner/R6>}
INFO  [20:25:35.917] [mlr3]  [LGCOMPBOOST] Running compboost with df 20.000000 and df_cat 1.000000 
   1/5000   risk = 0.67  oob_risk = 0.66   time = 2   


Train 33 iterations in 0 Seconds.
Final risk based on the train set: 0.61

   1/4967   risk = 0.61  oob_risk = 0.64   time = 2   
 124/4967   risk = 0.42  oob_risk = 0.45   time = 1052769   
 248/4967   risk = 0.34  oob_risk = 0.45   time = 2077461   
 372/4967   risk = 0.31  oob_risk = 0.51   time = 3174071   
 496/4967   risk = 0.28  oob_risk = 0.59   time = 4215920   
 620/4967   risk = 0.27  oob_risk = 0.66   time = 5363692   
 744/4967   risk = 0.25  oob_risk = 0.73   time = 6392215   
 868/4967   risk = 0.25  oob_risk = 0.79   time = 7547286   
 992/4967   risk = 0.24  oob_risk = 0.9   time = 8564938   
1116/4967   risk = 0.23  oob_risk = 1   time = 9579151   
1240/4967   risk = 0.23  oob_risk = 1.2   time = 10600554   
1364/4967   risk = 0.22  oob_risk = 1.3   time = 11626680   
1488/4967   risk = 0.22  oob_risk = 1.4   time = 12657470   
1612/4967   risk = 0.21  oob_risk = 1.5   time = 13671796   
1736/4967   risk = 0.21  oob_risk = 1.6   time = 14797680   
1860/4967   risk = 0.21  oob_risk = inf   time = 15861968   
1984/4967   risk = 0.2  oob_risk = inf   time = 16911181   
2108/4967   risk = 0.2  oob_risk = inf   time = 18023326   
2232/4967   risk = 0.2  oob_risk = inf   time = 19020562   
2356/4967   risk = 0.2  oob_risk = inf   time = 20032823   
2480/4967   risk = 0.19  oob_risk = inf   time = 21031929   
2604/4967   risk = 0.19  oob_risk = inf   time = 22093715   
2728/4967   risk = 0.19  oob_risk = inf   time = 23159223   
2852/4967   risk = 0.19  oob_risk = inf   time = 24222490   
2976/4967   risk = 0.19  oob_risk = inf   time = 25266289   
3100/4967   risk = 0.19  oob_risk = inf   time = 26376777   
3224/4967   risk = 0.19  oob_risk = inf   time = 27517250   
3348/4967   risk = 0.18  oob_risk = inf   time = 28677850   
3472/4967   risk = 0.18  oob_risk = inf   time = 29829292   
3596/4967   risk = 0.18  oob_risk = inf   time = 30918575   
3720/4967   risk = 0.18  oob_risk = inf   time = 31982609   
3844/4967   risk = 0.18  oob_risk = inf   time = 33059416   
3968/4967   risk = 0.18  oob_risk = inf   time = 34228683   
4092/4967   risk = 0.18  oob_risk = inf   time = 35315387   
4216/4967   risk = 0.18  oob_risk = inf   time = 36384834   
4340/4967   risk = 0.18  oob_risk = inf   time = 37497802   
4464/4967   risk = 0.17  oob_risk = inf   time = 38583092   
4588/4967   risk = 0.17  oob_risk = inf   time = 39762848   
4712/4967   risk = 0.17  oob_risk = inf   time = 41002967   
4836/4967   risk = 0.17  oob_risk = inf   time = 42159685   
4960/4967   risk = 0.17  oob_risk = inf   time = 43330300   


Train 4967 iterations in 43 Seconds.
Final risk based on the train set: 0.17

INFO  [20:26:20.277] [mlr3]  [LGCOMPBOOST] Completed fitting of restarted compboost model with optimizer nesterov 
INFO  [20:26:27.201] [mlr3]  [LGCOMPBOOST] iterations:'stop_cwb',NA,'stop_acwb',33,'stop_hcwb',4967 
INFO  [20:26:27.204] [mlr3]  [LGCOMPBOOST] risk_inbag:'risk_intercept',0.672664,'risk_cwb',NA,'risk_acwb',0.612895,'risk_hcwb',0.171167 
INFO  [20:26:27.205] [mlr3]  [LGCOMPBOOST] risk_oob:'risk_intercept_oob',0.661911,'risk_cwb_oob',NA,'risk_acwb_oob',0.641812,'risk_hcwb_oob',Inf 
DEBUG [20:26:27.210] [mlr3]  Learner 'acc_hcwb' on task 'spam' succeeded to fit a model {learner: <LearnerClassifCompboost/LearnerClassif/Learner/R6>, result: <list>, messages: }

### [bt]: Job terminated successfully [batchtools job.id=25]
### [bt]: Calculation finished!
