### [bt]: This is batchtools v0.9.15
### [bt]: Starting calculation of 1 jobs
### [bt]: Setting working directory to '/home/user/repos/cacb-batchtools/eq1'
Loading required package: data.table
Loading required package: R6
Loading required package: mlr3
Loading required package: mlr3learners
Loading required package: mlr3extralearners

Attaching package: ‘mlr3extralearners’

The following objects are masked from ‘package:mlr3’:

    lrn, lrns

Loading required package: mlr3pipelines
Loading required package: mlr3tuning
Loading required package: paradox
Loading required package: compboost
[2021-08-02 16:32:10] Loading new learner LearnerClassifCWB
[2021-08-02 16:32:10] Loading new learner LearnerClassifHCWB
[2021-08-02 16:32:10] Loading new learner
[2021-08-02 16:32:10] Loading tasks
[2021-08-02 16:32:13] Loading resampling
### [bt]: Memory measurement disabled
### [bt]: Starting job [batchtools job.id=118]
### [bt]: Generating problem instance for problem '168908-fold4' ...
### [bt]: Applying algorithm 'evaluate-learner' on problem '168908-fold4' for job 118 (seed = 31533) ...
DEBUG [16:32:14.885] [mlr3]  Skip subsetting of task 'Task 168908: christine (Supervised Classification)' 
DEBUG [16:32:14.980] [mlr3]  Calling train method of Learner 'acc_acwb' on task 'Task 168908: christine (Supervised Classification)' with 4334 observations {learner: <LearnerClassifCWB/LearnerClassif/Learner/R6>}
   1/5000   risk = 0.68  oob_risk = 0.68   test_auc = 0.28   time = 3   val_auc = 0.3   
 125/5000   risk = 0.51  oob_risk = 0.57   test_auc = 0.21   time = 5041522   val_auc = 0.22   
 250/5000   risk = 0.34  oob_risk = 0.61   test_auc = 0.2   time = 10038596   val_auc = 0.22   
 375/5000   risk = 0.19  oob_risk = 0.83   test_auc = 0.22   time = 15206485   val_auc = 0.25   
 500/5000   risk = 0.089  oob_risk = 1.3   test_auc = 0.25   time = 20495875   val_auc = 0.28   
 625/5000   risk = 0.039  oob_risk = 1.8   test_auc = 0.28   time = 25841601   val_auc = 0.3   
 750/5000   risk = 0.015  oob_risk = 2.4   test_auc = 0.29   time = 30913172   val_auc = 0.32   
 875/5000   risk = 0.0045  oob_risk = 3   test_auc = 0.29   time = 36212533   val_auc = 0.34   
1000/5000   risk = 0.0022  oob_risk = 3.7   test_auc = 0.3   time = 41479377   val_auc = 0.35   
1125/5000   risk = 0.0014  oob_risk = 4.2   test_auc = 0.31   time = 46958684   val_auc = 0.36   
1250/5000   risk = 0.0004  oob_risk = 4.8   test_auc = 0.31   time = 52378440   val_auc = 0.37   
1375/5000   risk = 0.00018  oob_risk = 5.2   test_auc = 0.32   time = 57890868   val_auc = 0.37   
1500/5000   risk = 9.8e-05  oob_risk = 5.7   test_auc = 0.32   time = 63521454   val_auc = 0.37   
1625/5000   risk = 4e-05  oob_risk = 6.1   test_auc = 0.33   time = 69086841   val_auc = 0.37   
1750/5000   risk = 2.1e-05  oob_risk = 6.5   test_auc = 0.33   time = 74713766   val_auc = 0.38   
1875/5000   risk = 1.3e-05  oob_risk = 6.9   test_auc = 0.33   time = 80293614   val_auc = 0.38   
2000/5000   risk = 8.2e-06  oob_risk = 7.2   test_auc = 0.33   time = 85980941   val_auc = 0.38   
2125/5000   risk = 6.1e-06  oob_risk = 7.6   test_auc = 0.34   time = 91512004   val_auc = 0.38   
2250/5000   risk = 4.9e-06  oob_risk = 7.9   test_auc = 0.34   time = 97284821   val_auc = 0.38   
2375/5000   risk = 3.4e-06  oob_risk = 8.2   test_auc = 0.34   time = 102981126   val_auc = 0.38   
2500/5000   risk = 2.3e-06  oob_risk = 8.5   test_auc = 0.34   time = 108751146   val_auc = 0.39   
2625/5000   risk = 1.5e-06  oob_risk = 8.8   test_auc = 0.35   time = 114393648   val_auc = 0.39   
2750/5000   risk = 1e-06  oob_risk = 9   test_auc = 0.35   time = 120082275   val_auc = 0.39   
2875/5000   risk = 7.5e-07  oob_risk = 9.3   test_auc = 0.35   time = 125651363   val_auc = 0.39   
3000/5000   risk = 5.9e-07  oob_risk = 9.5   test_auc = 0.35   time = 131377401   val_auc = 0.39   
3125/5000   risk = 5.2e-07  oob_risk = 9.7   test_auc = 0.35   time = 137018626   val_auc = 0.39   
3250/5000   risk = 4.6e-07  oob_risk = 9.9   test_auc = 0.35   time = 142561639   val_auc = 0.39   
3375/5000   risk = 4.2e-07  oob_risk = 10   test_auc = 0.36   time = 147983284   val_auc = 0.39   
3500/5000   risk = 3.6e-07  oob_risk = 10   test_auc = 0.36   time = 153677805   val_auc = 0.39   
3625/5000   risk = 3.1e-07  oob_risk = 11   test_auc = 0.36   time = 159409566   val_auc = 0.39   
3750/5000   risk = 2.7e-07  oob_risk = 11   test_auc = 0.36   time = 164973443   val_auc = 0.4   
3875/5000   risk = 2.3e-07  oob_risk = 11   test_auc = 0.36   time = 170678752   val_auc = 0.4   
4000/5000   risk = 1.9e-07  oob_risk = 11   test_auc = 0.36   time = 176393101   val_auc = 0.4   
4125/5000   risk = 1.6e-07  oob_risk = 11   test_auc = 0.36   time = 182198706   val_auc = 0.4   
4250/5000   risk = 1.3e-07  oob_risk = 11   test_auc = 0.36   time = 187980864   val_auc = 0.4   
4375/5000   risk = 1.1e-07  oob_risk = 12   test_auc = 0.36   time = 193774083   val_auc = 0.4   
4500/5000   risk = 9.7e-08  oob_risk = 12   test_auc = 0.36   time = 199528264   val_auc = 0.4   
4625/5000   risk = 8.3e-08  oob_risk = 12   test_auc = 0.37   time = 205221909   val_auc = 0.4   
4750/5000   risk = 7.4e-08  oob_risk = 12   test_auc = 0.37   time = 210998599   val_auc = 0.4   
4875/5000   risk = 6.7e-08  oob_risk = 12   test_auc = 0.37   time = 216868083   val_auc = 0.4   
5000/5000   risk = 6.1e-08  oob_risk = 12   test_auc = 0.37   time = 222692106   val_auc = 0.4   


Train 5000 iterations in 224 Seconds.
Final risk based on the train set: 6.1e-08

DEBUG [16:36:26.810] [mlr3]  Learner 'acc_acwb' on task 'Task 168908: christine (Supervised Classification)' succeeded to fit a model {learner: <LearnerClassifCWB/LearnerClassif/Learner/R6>, result: <list>, messages: }

### [bt]: Job terminated successfully [batchtools job.id=118]
### [bt]: Calculation finished!
