### [bt]: This is batchtools v0.9.15
### [bt]: Starting calculation of 1 jobs
### [bt]: Setting working directory to '/home/user/repos/cacb-batchtools/eq1'
[2021-07-27 10:10:28] Loading new learner
[2021-07-27 10:10:28] Loading tasks
[2021-07-27 10:10:31] Loading resampling
### [bt]: Memory measurement disabled
### [bt]: Starting job [batchtools job.id=107]
### [bt]: Generating problem instance for problem '359994-fold2' ...
### [bt]: Applying algorithm 'evaluate-learner' on problem '359994-fold2' for job 107 (seed = 31522) ...
DEBUG [10:10:34.651] [mlr3]  Skip subsetting of task 'Task 359994: sf-police-incidents (Supervised Classification)' 
DEBUG [10:10:34.655] [mlr3]  Calling train method of Learner 'bin_cwb_b' on task 'Task 359994: sf-police-incidents (Supervised Classification)' with 1772018 observations {learner: <LearnerClassifCompboost/LearnerClassif/Learner/R6>}
Warning in get_private(learner)$.train(task) :
  Number of cores 30 exceeds number of features 8. The number of cores are set to 8!
INFO  [10:10:35.683] [mlr3]  [LGCOMPBOOST] Running compboost with df 7.000000 and df_cat 7.000000 
   1/5000   risk = 0.37  riskauc = 0.55   time = 3   
 125/5000   risk = 0.48  riskauc = 0.58   time = 30990385   
 250/5000   risk = 0.49  riskauc = 0.59   time = 67585227   
 375/5000   risk = 0.49  riskauc = 0.59   time = 107995937   
 500/5000   risk = 0.49  riskauc = 0.59   time = 146508496   
 625/5000   risk = 0.49  riskauc = 0.59   time = 187263371   
 750/5000   risk = 0.49  riskauc = 0.59   time = 228267339   
 875/5000   risk = 0.49  riskauc = 0.59   time = 270443929   
1000/5000   risk = 0.49  riskauc = 0.59   time = 312738825   
1125/5000   risk = 0.49  riskauc = 0.59   time = 354989627   
1250/5000   risk = 0.49  riskauc = 0.59   time = 398291635   
1375/5000   risk = 0.49  riskauc = 0.59   time = 441012969   
1500/5000   risk = 0.49  riskauc = 0.59   time = 484311367   
1625/5000   risk = 0.49  riskauc = 0.59   time = 527066645   
1750/5000   risk = 0.49  riskauc = 0.59   time = 570694752   
1875/5000   risk = 0.49  riskauc = 0.59   time = 612981673   
2000/5000   risk = 0.49  riskauc = 0.59   time = 655193864   
2125/5000   risk = 0.49  riskauc = 0.59   time = 696494079   
2250/5000   risk = 0.49  riskauc = 0.59   time = 737845248   
2375/5000   risk = 0.49  riskauc = 0.59   time = 779257629   
2500/5000   risk = 0.49  riskauc = 0.59   time = 822079033   
2625/5000   risk = 0.49  riskauc = 0.59   time = 862994244   
2750/5000   risk = 0.49  riskauc = 0.59   time = 905777429   
2875/5000   risk = 0.49  riskauc = 0.59   time = 948495012   
3000/5000   risk = 0.49  riskauc = 0.59   time = 991260828   
3125/5000   risk = 0.49  riskauc = 0.59   time = 1035016739   
3250/5000   risk = 0.49  riskauc = 0.6   time = 1078031102   
3375/5000   risk = 0.49  riskauc = 0.6   time = 1121922289   
3500/5000   risk = 0.49  riskauc = 0.6   time = 1163265116   
3625/5000   risk = 0.49  riskauc = 0.6   time = 1204546132   
3750/5000   risk = 0.49  riskauc = 0.6   time = 1246871815   
3875/5000   risk = 0.49  riskauc = 0.6   time = 1289683016   
4000/5000   risk = 0.49  riskauc = 0.6   time = 1328070733   
4125/5000   risk = 0.49  riskauc = 0.6   time = 1364903499   
4250/5000   risk = 0.49  riskauc = 0.6   time = 1405875005   
4375/5000   risk = 0.49  riskauc = 0.6   time = 1447101778   
4500/5000   risk = 0.49  riskauc = 0.6   time = 1488599299   
4625/5000   risk = 0.49  riskauc = 0.6   time = 1529244717   
4750/5000   risk = 0.49  riskauc = 0.6   time = 1570993467   
4875/5000   risk = 0.49  riskauc = 0.6   time = 1610127611   
5000/5000   risk = 0.49  riskauc = 0.6   time = 1650790061   


Train 5000 iterations in 1651 Seconds.
Final risk based on the train set: 0.49

INFO  [10:38:17.417] [mlr3]  [LGCOMPBOOST] iterations:'stop_cwb',5000,'stop_acwb',NA,'stop_hcwb',NA 
INFO  [10:38:17.420] [mlr3]  [LGCOMPBOOST] risk_inbag:'risk_intercept',0.370076,'risk_cwb',0.488254,'risk_acwb',NA,'risk_hcwb',NA 
INFO  [10:38:17.421] [mlr3]  [LGCOMPBOOST] risk_oob:'risk_intercept_oob',NA,'risk_cwb_oob',NA,'risk_acwb_oob',NA,'risk_hcwb_oob',NA 
DEBUG [10:38:17.426] [mlr3]  Learner 'bin_cwb_b' on task 'Task 359994: sf-police-incidents (Supervised Classification)' succeeded to fit a model {learner: <LearnerClassifCompboost/LearnerClassif/Learner/R6>, result: <list>, messages: }
DEBUG [10:38:17.471] [mlr3]  Skip subsetting of task 'Task 359994: sf-police-incidents (Supervised Classification)' 
DEBUG [10:38:17.475] [mlr3]  Calling train method of Learner 'bin_cwb_b' on task 'Task 359994: sf-police-incidents (Supervised Classification)' with 1772018 observations {learner: <LearnerClassifCompboost/LearnerClassif/Learner/R6>}
Warning in get_private(learner)$.train(task) :
  Number of cores 30 exceeds number of features 8. The number of cores are set to 8!
INFO  [10:38:18.258] [mlr3]  [LGCOMPBOOST] Running compboost with df 7.000000 and df_cat 7.000000 
   1/5000   risk = 0.37  time = 5   
 125/5000   risk = 0.48  time = 19916671   
 250/5000   risk = 0.49  time = 38406413   
 375/5000   risk = 0.49  time = 56806110   
 500/5000   risk = 0.49  time = 75303964   
 625/5000   risk = 0.49  time = 94191806   
 750/5000   risk = 0.49  time = 112803416   
 875/5000   risk = 0.49  time = 131353119   
1000/5000   risk = 0.49  time = 150581373   
1125/5000   risk = 0.49  time = 169223092   
1250/5000   risk = 0.49  time = 187800358   
1375/5000   risk = 0.49  time = 206431571   
1500/5000   risk = 0.49  time = 225162220   
1625/5000   risk = 0.49  time = 244175745   
1750/5000   risk = 0.49  time = 262926825   
1875/5000   risk = 0.49  time = 281657979   
2000/5000   risk = 0.49  time = 300558064   
2125/5000   risk = 0.49  time = 319440273   
2250/5000   risk = 0.49  time = 338347517   
2375/5000   risk = 0.49  time = 357190205   
2500/5000   risk = 0.49  time = 376016287   
2625/5000   risk = 0.49  time = 394660984   
2750/5000   risk = 0.49  time = 413042561   
2875/5000   risk = 0.49  time = 431650891   
3000/5000   risk = 0.49  time = 450391937   
3125/5000   risk = 0.49  time = 468849596   
3250/5000   risk = 0.49  time = 487365278   
3375/5000   risk = 0.49  time = 505883102   
3500/5000   risk = 0.49  time = 524502020   
3625/5000   risk = 0.49  time = 543078137   
3750/5000   risk = 0.49  time = 561693249   
3875/5000   risk = 0.49  time = 580443511   
4000/5000   risk = 0.49  time = 599264377   
4125/5000   risk = 0.49  time = 618049191   
4250/5000   risk = 0.49  time = 636361398   
4375/5000   risk = 0.49  time = 654635663   
4500/5000   risk = 0.49  time = 672760429   
4625/5000   risk = 0.49  time = 691230925   
4750/5000   risk = 0.49  time = 709695759   
4875/5000   risk = 0.49  time = 728240006   
5000/5000   risk = 0.49  time = 746720574   


Train 5000 iterations in 746 Seconds.
Final risk based on the train set: 0.49

INFO  [10:50:56.211] [mlr3]  [LGCOMPBOOST] iterations:'stop_cwb',5000,'stop_acwb',NA,'stop_hcwb',NA 
INFO  [10:50:56.214] [mlr3]  [LGCOMPBOOST] risk_inbag:'risk_intercept',0.370076,'risk_cwb',0.488254,'risk_acwb',NA,'risk_hcwb',NA 
INFO  [10:50:56.216] [mlr3]  [LGCOMPBOOST] risk_oob:'risk_intercept_oob',NA,'risk_cwb_oob',NA,'risk_acwb_oob',NA,'risk_hcwb_oob',NA 
DEBUG [10:50:56.221] [mlr3]  Learner 'bin_cwb_b' on task 'Task 359994: sf-police-incidents (Supervised Classification)' succeeded to fit a model {learner: <LearnerClassifCompboost/LearnerClassif/Learner/R6>, result: <list>, messages: }

### [bt]: Job terminated successfully [batchtools job.id=107]
### [bt]: Calculation finished!
