### [bt]: This is batchtools v0.9.15
### [bt]: Starting calculation of 1 jobs
### [bt]: Setting working directory to '/home/user/repos/cacb-batchtools/eq1'
[2021-07-28 23:44:01] Loading new learner
[2021-07-28 23:44:01] Loading tasks
[2021-07-28 23:44:03] Loading resampling
### [bt]: Memory measurement disabled
### [bt]: Starting job [batchtools job.id=102]
### [bt]: Generating problem instance for problem '9977-fold1' ...
### [bt]: Applying algorithm 'evaluate-learner' on problem '9977-fold1' for job 102 (seed = 31517) ...
DEBUG [23:44:04.568] [mlr3]  Skip subsetting of task 'Task 9977: nomao (Supervised Classification)' 
DEBUG [23:44:04.572] [mlr3]  Calling train method of Learner 'bin_cwb_b' on task 'Task 9977: nomao (Supervised Classification)' with 27571 observations {learner: <LearnerClassifCompboost/LearnerClassif/Learner/R6>}
   1/5000   risk = 0.56  riskauc = 0.88   time = 2   
 125/5000   risk = 0.17  riskauc = 0.98   time = 1798499   
 250/5000   risk = 0.16  riskauc = 0.98   time = 3520663   
 375/5000   risk = 0.16  riskauc = 0.98   time = 5299142   
 500/5000   risk = 0.15  riskauc = 0.98   time = 7036525   
 625/5000   risk = 0.15  riskauc = 0.98   time = 8795710   
 750/5000   risk = 0.15  riskauc = 0.98   time = 10880215   
 875/5000   risk = 0.15  riskauc = 0.99   time = 12754216   
1000/5000   risk = 0.15  riskauc = 0.99   time = 14663723   
1125/5000   risk = 0.15  riskauc = 0.99   time = 16417358   
1250/5000   risk = 0.15  riskauc = 0.99   time = 18269320   
1375/5000   risk = 0.15  riskauc = 0.99   time = 20045687   
1500/5000   risk = 0.15  riskauc = 0.99   time = 21934327   
1625/5000   risk = 0.14  riskauc = 0.99   time = 26364727   
1750/5000   risk = 0.14  riskauc = 0.99   time = 28327519   
1875/5000   risk = 0.14  riskauc = 0.99   time = 30198720   
2000/5000   risk = 0.14  riskauc = 0.99   time = 32146631   
2125/5000   risk = 0.14  riskauc = 0.99   time = 34129402   
2250/5000   risk = 0.14  riskauc = 0.99   time = 36172951   
2375/5000   risk = 0.14  riskauc = 0.99   time = 38098713   
2500/5000   risk = 0.14  riskauc = 0.99   time = 39977552   
2625/5000   risk = 0.14  riskauc = 0.99   time = 41690772   
2750/5000   risk = 0.14  riskauc = 0.99   time = 43515029   
2875/5000   risk = 0.14  riskauc = 0.99   time = 45305401   
3000/5000   risk = 0.14  riskauc = 0.99   time = 47131987   
3125/5000   risk = 0.14  riskauc = 0.99   time = 49054383   
3250/5000   risk = 0.14  riskauc = 0.99   time = 50883351   
3375/5000   risk = 0.14  riskauc = 0.99   time = 53022333   
3500/5000   risk = 0.14  riskauc = 0.99   time = 55051613   
3625/5000   risk = 0.14  riskauc = 0.99   time = 56893838   
3750/5000   risk = 0.14  riskauc = 0.99   time = 58890201   
3875/5000   risk = 0.14  riskauc = 0.99   time = 60822433   
4000/5000   risk = 0.14  riskauc = 0.99   time = 62754077   
4125/5000   risk = 0.14  riskauc = 0.99   time = 64669550   
4250/5000   risk = 0.14  riskauc = 0.99   time = 66578199   
4375/5000   risk = 0.14  riskauc = 0.99   time = 68563618   
4500/5000   risk = 0.14  riskauc = 0.99   time = 70438909   
4625/5000   risk = 0.14  riskauc = 0.99   time = 72265035   
4750/5000   risk = 0.14  riskauc = 0.99   time = 74058041   
4875/5000   risk = 0.14  riskauc = 0.99   time = 75878810   
5000/5000   risk = 0.14  riskauc = 0.99   time = 78120219   


Train 5000 iterations in 78 Seconds.
Final risk based on the train set: 0.14

DEBUG [23:45:26.074] [mlr3]  Learner 'bin_cwb_b' on task 'Task 9977: nomao (Supervised Classification)' succeeded to fit a model {learner: <LearnerClassifCompboost/LearnerClassif/Learner/R6>, result: <list>, messages: }
DEBUG [23:45:26.088] [mlr3]  Skip subsetting of task 'Task 9977: nomao (Supervised Classification)' 
DEBUG [23:45:26.092] [mlr3]  Calling train method of Learner 'bin_cwb_b' on task 'Task 9977: nomao (Supervised Classification)' with 27571 observations {learner: <LearnerClassifCompboost/LearnerClassif/Learner/R6>}
   1/5000   risk = 0.56  time = 2   
 125/5000   risk = 0.17  time = 1347564   
 250/5000   risk = 0.16  time = 2820419   
 375/5000   risk = 0.16  time = 4213644   
 500/5000   risk = 0.15  time = 5519159   
 625/5000   risk = 0.15  time = 6897245   
 750/5000   risk = 0.15  time = 8373353   
 875/5000   risk = 0.15  time = 9747572   
1000/5000   risk = 0.15  time = 11170638   
1125/5000   risk = 0.15  time = 12558249   
1250/5000   risk = 0.15  time = 13901665   
1375/5000   risk = 0.15  time = 15377468   
1500/5000   risk = 0.15  time = 16775882   
1625/5000   risk = 0.14  time = 18149692   
1750/5000   risk = 0.14  time = 19555562   
1875/5000   risk = 0.14  time = 20923902   
2000/5000   risk = 0.14  time = 22277784   
2125/5000   risk = 0.14  time = 23663098   
2250/5000   risk = 0.14  time = 25091207   
2375/5000   risk = 0.14  time = 26572812   
2500/5000   risk = 0.14  time = 28028609   
2625/5000   risk = 0.14  time = 29499426   
2750/5000   risk = 0.14  time = 31007670   
2875/5000   risk = 0.14  time = 32427268   
3000/5000   risk = 0.14  time = 33891350   
3125/5000   risk = 0.14  time = 35382305   
3250/5000   risk = 0.14  time = 36824016   
3375/5000   risk = 0.14  time = 38264076   
3500/5000   risk = 0.14  time = 39687040   
3625/5000   risk = 0.14  time = 41034179   
3750/5000   risk = 0.14  time = 42451973   
3875/5000   risk = 0.14  time = 43996638   
4000/5000   risk = 0.14  time = 45519555   
4125/5000   risk = 0.14  time = 47022018   
4250/5000   risk = 0.14  time = 48550470   
4375/5000   risk = 0.14  time = 50049479   
4500/5000   risk = 0.14  time = 51621689   
4625/5000   risk = 0.14  time = 53171713   
4750/5000   risk = 0.14  time = 54665788   
4875/5000   risk = 0.14  time = 56210503   
5000/5000   risk = 0.14  time = 57703398   


Train 5000 iterations in 57 Seconds.
Final risk based on the train set: 0.14

DEBUG [23:46:27.345] [mlr3]  Learner 'bin_cwb_b' on task 'Task 9977: nomao (Supervised Classification)' succeeded to fit a model {learner: <LearnerClassifCompboost/LearnerClassif/Learner/R6>, result: <list>, messages: }

### [bt]: Job terminated successfully [batchtools job.id=102]
### [bt]: Calculation finished!
