### [bt]: This is batchtools v0.9.15
### [bt]: Starting calculation of 1 jobs
### [bt]: Setting working directory to '/home/user/repos/cacb-batchtools/eq1'
Loading required package: data.table
Loading required package: R6
Loading required package: mlr3
Loading required package: mlr3learners
Loading required package: mlr3extralearners

Attaching package: ‘mlr3extralearners’

The following objects are masked from ‘package:mlr3’:

    lrn, lrns

Loading required package: mlr3pipelines
Loading required package: mlr3tuning
Loading required package: paradox
Loading required package: compboost
[2021-08-02 16:00:35] Loading new learner LearnerClassifCWB
[2021-08-02 16:00:35] Loading new learner LearnerClassifHCWB
[2021-08-02 16:00:35] Loading new learner
[2021-08-02 16:00:35] Loading tasks
[2021-08-02 16:00:38] Loading resampling
### [bt]: Memory measurement disabled
### [bt]: Starting job [batchtools job.id=108]
### [bt]: Generating problem instance for problem '168908-fold2' ...
### [bt]: Applying algorithm 'evaluate-learner' on problem '168908-fold2' for job 108 (seed = 31523) ...
DEBUG [16:00:39.826] [mlr3]  Skip subsetting of task 'Task 168908: christine (Supervised Classification)' 
DEBUG [16:00:39.920] [mlr3]  Calling train method of Learner 'acc_acwb' on task 'Task 168908: christine (Supervised Classification)' with 4334 observations {learner: <LearnerClassifCWB/LearnerClassif/Learner/R6>}
   1/5000   risk = 0.68  oob_risk = 0.68   test_auc = 0.29   time = 2   val_auc = 0.29   
 125/5000   risk = 0.51  oob_risk = 0.56   test_auc = 0.22   time = 4871519   val_auc = 0.22   
 250/5000   risk = 0.34  oob_risk = 0.6   test_auc = 0.21   time = 9732335   val_auc = 0.21   
 375/5000   risk = 0.18  oob_risk = 0.82   test_auc = 0.25   time = 14624226   val_auc = 0.24   
 500/5000   risk = 0.085  oob_risk = 1.2   test_auc = 0.26   time = 19618829   val_auc = 0.27   
 625/5000   risk = 0.035  oob_risk = 1.7   test_auc = 0.29   time = 24564110   val_auc = 0.29   
 750/5000   risk = 0.015  oob_risk = 2.1   test_auc = 0.3   time = 29632368   val_auc = 0.29   
 875/5000   risk = 0.0061  oob_risk = 2.6   test_auc = 0.31   time = 34995463   val_auc = 0.3   
1000/5000   risk = 0.0017  oob_risk = 3   test_auc = 0.31   time = 40718886   val_auc = 0.3   
1125/5000   risk = 0.00069  oob_risk = 3.5   test_auc = 0.31   time = 46176837   val_auc = 0.3   
1250/5000   risk = 0.00032  oob_risk = 3.9   test_auc = 0.32   time = 51666377   val_auc = 0.3   
1375/5000   risk = 0.00014  oob_risk = 4.3   test_auc = 0.32   time = 57185995   val_auc = 0.31   
1500/5000   risk = 6.7e-05  oob_risk = 4.6   test_auc = 0.33   time = 62687279   val_auc = 0.31   
1625/5000   risk = 3.5e-05  oob_risk = 5   test_auc = 0.33   time = 68168843   val_auc = 0.32   
1750/5000   risk = 2.1e-05  oob_risk = 5.3   test_auc = 0.34   time = 73697298   val_auc = 0.32   
1875/5000   risk = 1.3e-05  oob_risk = 5.6   test_auc = 0.34   time = 79197714   val_auc = 0.32   
2000/5000   risk = 9.3e-06  oob_risk = 5.9   test_auc = 0.34   time = 84851796   val_auc = 0.32   
2125/5000   risk = 7.2e-06  oob_risk = 6.2   test_auc = 0.34   time = 90329033   val_auc = 0.32   
2250/5000   risk = 5.4e-06  oob_risk = 6.4   test_auc = 0.35   time = 96009006   val_auc = 0.33   
2375/5000   risk = 3.9e-06  oob_risk = 6.7   test_auc = 0.35   time = 101545592   val_auc = 0.33   
2500/5000   risk = 2.8e-06  oob_risk = 6.9   test_auc = 0.35   time = 107090726   val_auc = 0.33   
2625/5000   risk = 1.9e-06  oob_risk = 7.1   test_auc = 0.35   time = 112730880   val_auc = 0.33   
2750/5000   risk = 1.3e-06  oob_risk = 7.4   test_auc = 0.36   time = 118317185   val_auc = 0.33   
2875/5000   risk = 9.3e-07  oob_risk = 7.6   test_auc = 0.36   time = 123827929   val_auc = 0.33   
3000/5000   risk = 7.1e-07  oob_risk = 7.7   test_auc = 0.36   time = 129618691   val_auc = 0.33   
3125/5000   risk = 5.6e-07  oob_risk = 7.9   test_auc = 0.36   time = 135301984   val_auc = 0.33   
3250/5000   risk = 4.6e-07  oob_risk = 8.1   test_auc = 0.36   time = 141038355   val_auc = 0.33   
3375/5000   risk = 3.8e-07  oob_risk = 8.3   test_auc = 0.36   time = 146774842   val_auc = 0.34   
3500/5000   risk = 3.2e-07  oob_risk = 8.4   test_auc = 0.36   time = 152492126   val_auc = 0.34   
3625/5000   risk = 2.7e-07  oob_risk = 8.5   test_auc = 0.37   time = 158030702   val_auc = 0.34   
3750/5000   risk = 2.3e-07  oob_risk = 8.7   test_auc = 0.37   time = 163578115   val_auc = 0.34   
3875/5000   risk = 2e-07  oob_risk = 8.8   test_auc = 0.37   time = 169294111   val_auc = 0.34   
4000/5000   risk = 1.7e-07  oob_risk = 8.9   test_auc = 0.37   time = 175051140   val_auc = 0.34   
4125/5000   risk = 1.5e-07  oob_risk = 9.1   test_auc = 0.37   time = 180760957   val_auc = 0.34   
4250/5000   risk = 1.4e-07  oob_risk = 9.2   test_auc = 0.37   time = 186492427   val_auc = 0.34   
4375/5000   risk = 1.2e-07  oob_risk = 9.3   test_auc = 0.37   time = 192263294   val_auc = 0.34   
4500/5000   risk = 1.1e-07  oob_risk = 9.4   test_auc = 0.37   time = 198137604   val_auc = 0.34   
4625/5000   risk = 1e-07  oob_risk = 9.5   test_auc = 0.37   time = 203921814   val_auc = 0.34   
4750/5000   risk = 9.1e-08  oob_risk = 9.6   test_auc = 0.37   time = 209845936   val_auc = 0.34   
4875/5000   risk = 8.1e-08  oob_risk = 9.7   test_auc = 0.37   time = 215878411   val_auc = 0.34   
5000/5000   risk = 7.3e-08  oob_risk = 9.8   test_auc = 0.37   time = 221715107   val_auc = 0.34   


Train 5000 iterations in 223 Seconds.
Final risk based on the train set: 7.3e-08

DEBUG [16:04:50.756] [mlr3]  Learner 'acc_acwb' on task 'Task 168908: christine (Supervised Classification)' succeeded to fit a model {learner: <LearnerClassifCWB/LearnerClassif/Learner/R6>, result: <list>, messages: }

### [bt]: Job terminated successfully [batchtools job.id=108]
### [bt]: Calculation finished!
