### [bt]: This is batchtools v0.9.15
### [bt]: Starting calculation of 1 jobs
### [bt]: Setting working directory to '/home/user/repos/cacb-batchtools/eq1'
Loading required package: data.table
Loading required package: R6
Loading required package: mlr3
Loading required package: mlr3learners
Loading required package: mlr3extralearners

Attaching package: ‘mlr3extralearners’

The following objects are masked from ‘package:mlr3’:

    lrn, lrns

Loading required package: mlr3pipelines
Loading required package: mlr3tuning
Loading required package: paradox
Loading required package: compboost
[2021-08-02 00:27:39] Loading new learner LearnerClassifCWB
[2021-08-02 00:27:39] Loading new learner LearnerClassifHCWB
[2021-08-02 00:27:39] Loading new learner
[2021-08-02 00:27:39] Loading tasks
[2021-08-02 00:27:42] Loading resampling
### [bt]: Memory measurement disabled
### [bt]: Starting job [batchtools job.id=21]
### [bt]: Generating problem instance for problem 'spam-fold5' ...
### [bt]: Applying algorithm 'evaluate-learner' on problem 'spam-fold5' for job 21 (seed = 31436) ...
DEBUG [00:27:43.381] [mlr3]  Skip subsetting of task 'spam' 
DEBUG [00:27:43.464] [mlr3]  Calling train method of Learner 'bin_cwb_nb' on task 'spam' with 3682 observations {learner: <LearnerClassifCWB/LearnerClassif/Learner/R6>}
   1/5000   risk = 0.65  oob_risk = 0.65   test_auc = 0.16   time = 2   val_auc = 0.17   
 125/5000   risk = 0.076  oob_risk = inf   test_auc = 0.065   time = 1237760   val_auc = 0.079   
 250/5000   risk = 0.045  oob_risk = inf   test_auc = 0.1   time = 2662665   val_auc = 0.11   
 375/5000   risk = 0.035  oob_risk = inf   test_auc = 0.12   time = 4041016   val_auc = 0.13   
 500/5000   risk = 0.028  oob_risk = inf   test_auc = 0.15   time = 5335489   val_auc = 0.14   
 625/5000   risk = 0.025  oob_risk = inf   test_auc = 0.15   time = 6646846   val_auc = 0.13   
 750/5000   risk = 0.025  oob_risk = inf   test_auc = 0.15   time = 8113651   val_auc = 0.14   
 875/5000   risk = 0.026  oob_risk = inf   test_auc = 0.16   time = 9474107   val_auc = 0.14   
1000/5000   risk = 0.023  oob_risk = inf   test_auc = 0.16   time = 10923973   val_auc = 0.15   
1125/5000   risk = 0.025  oob_risk = inf   test_auc = 0.17   time = 12221753   val_auc = 0.15   
1250/5000   risk = 0.048  oob_risk = inf   test_auc = 0.16   time = 13665623   val_auc = 0.16   
1375/5000   risk = 0.049  oob_risk = inf   test_auc = 0.16   time = 15306942   val_auc = 0.17   
1500/5000   risk = 0.069  oob_risk = inf   test_auc = 0.17   time = 16703983   val_auc = 0.17   
1625/5000   risk = 0.045  oob_risk = inf   test_auc = 0.17   time = 18197603   val_auc = 0.17   
1750/5000   risk = 0.12  oob_risk = inf   test_auc = 0.17   time = 19766900   val_auc = 0.17   
1875/5000   risk = 0.13  oob_risk = inf   test_auc = 0.19   time = 21282466   val_auc = 0.17   
2000/5000   risk = 0.19  oob_risk = inf   test_auc = 0.19   time = 22778080   val_auc = 0.19   
2125/5000   risk = 0.22  oob_risk = inf   test_auc = 0.18   time = 24278651   val_auc = 0.17   
2250/5000   risk = 0.28  oob_risk = inf   test_auc = 0.18   time = 25747628   val_auc = 0.16   
2375/5000   risk = 0.44  oob_risk = inf   test_auc = 0.18   time = 27229770   val_auc = 0.17   
2500/5000   risk = 0.51  oob_risk = inf   test_auc = 0.18   time = 28816548   val_auc = 0.17   
2625/5000   risk = 0.52  oob_risk = inf   test_auc = 0.18   time = 30500386   val_auc = 0.17   
2750/5000   risk = 0.78  oob_risk = inf   test_auc = 0.18   time = 31974946   val_auc = 0.17   
2875/5000   risk = 0.81  oob_risk = inf   test_auc = 0.19   time = 33591019   val_auc = 0.17   
3000/5000   risk = 0.89  oob_risk = inf   test_auc = 0.19   time = 35195764   val_auc = 0.18   
3125/5000   risk = 1.1  oob_risk = inf   test_auc = 0.2   time = 36794910   val_auc = 0.19   
3250/5000   risk = 1.1  oob_risk = inf   test_auc = 0.19   time = 38467164   val_auc = 0.19   
3375/5000   risk = 1.1  oob_risk = inf   test_auc = 0.18   time = 39950395   val_auc = 0.18   
3500/5000   risk = 1.3  oob_risk = inf   test_auc = 0.17   time = 41413809   val_auc = 0.17   
3625/5000   risk = 1.4  oob_risk = inf   test_auc = 0.16   time = 42901736   val_auc = 0.17   
3750/5000   risk = 1.3  oob_risk = inf   test_auc = 0.16   time = 44485140   val_auc = 0.16   
3875/5000   risk = 1.3  oob_risk = inf   test_auc = 0.17   time = 46052316   val_auc = 0.16   
4000/5000   risk = 1.8  oob_risk = inf   test_auc = 0.17   time = 47796155   val_auc = 0.16   
4125/5000   risk = 1.9  oob_risk = inf   test_auc = 0.18   time = 49478857   val_auc = 0.16   
4250/5000   risk = 1.7  oob_risk = inf   test_auc = 0.18   time = 51156999   val_auc = 0.16   
4375/5000   risk = 1.5  oob_risk = inf   test_auc = 0.18   time = 52818306   val_auc = 0.17   
4500/5000   risk = 1.7  oob_risk = inf   test_auc = 0.18   time = 54384871   val_auc = 0.17   
4625/5000   risk = 1.9  oob_risk = inf   test_auc = 0.18   time = 56107218   val_auc = 0.18   
4750/5000   risk = 2  oob_risk = inf   test_auc = 0.18   time = 57898122   val_auc = 0.18   
4875/5000   risk = 2.1  oob_risk = inf   test_auc = 0.17   time = 59629019   val_auc = 0.18   
5000/5000   risk = 1.9  oob_risk = inf   test_auc = 0.17   time = 61260816   val_auc = 0.19   


Train 5000 iterations in 62 Seconds.
Final risk based on the train set: 1.9

DEBUG [00:28:48.357] [mlr3]  Learner 'bin_cwb_nb' on task 'spam' succeeded to fit a model {learner: <LearnerClassifCWB/LearnerClassif/Learner/R6>, result: <list>, messages: }

### [bt]: Job terminated successfully [batchtools job.id=21]
### [bt]: Calculation finished!
