### [bt]: This is batchtools v0.9.15
### [bt]: Starting calculation of 1 jobs
### [bt]: Setting working directory to '/home/user/repos/cacb-batchtools/eq1'
[2021-07-25 20:15:40] Loading new learner
[2021-07-25 20:15:40] Loading tasks
[2021-07-25 20:15:43] Loading resampling
### [bt]: Memory measurement disabled
### [bt]: Starting job [batchtools job.id=21]
### [bt]: Generating problem instance for problem 'spam-fold5' ...
### [bt]: Applying algorithm 'evaluate-learner' on problem 'spam-fold5' for job 21 (seed = 31436) ...
DEBUG [20:15:43.820] [mlr3]  Skip subsetting of task 'spam' 
DEBUG [20:15:43.823] [mlr3]  Calling train method of Learner 'bin_cwb_nb' on task 'spam' with 3682 observations {learner: <LearnerClassifCompboost/LearnerClassif/Learner/R6>}
INFO  [20:15:43.831] [mlr3]  [LGCOMPBOOST] Running compboost with df 20.000000 and df_cat 1.000000 
   1/5000   risk = 0.64  riskauc = 0.78   time = 2   
 125/5000   risk = 0.23  riskauc = 0.96   time = 1153291   
 250/5000   risk = 0.2  riskauc = 0.97   time = 2231363   
 375/5000   risk = 0.18  riskauc = 0.97   time = 3350318   
 500/5000   risk = 0.17  riskauc = 0.96   time = 4539287   
 625/5000   risk = 0.17  riskauc = 0.97   time = 5744393   
 750/5000   risk = 0.16  riskauc = 0.97   time = 6917963   
 875/5000   risk = 0.16  riskauc = 0.97   time = 8162642   
1000/5000   risk = 0.15  riskauc = 0.97   time = 9357404   
1125/5000   risk = 0.15  riskauc = 0.97   time = 10501543   
1250/5000   risk = 0.15  riskauc = 0.96   time = 11696061   
1375/5000   risk = 0.14  riskauc = 0.96   time = 12887530   
1500/5000   risk = 0.14  riskauc = 0.96   time = 14196994   
1625/5000   risk = 0.14  riskauc = 0.96   time = 15514170   
1750/5000   risk = 0.14  riskauc = 0.96   time = 16606596   
1875/5000   risk = 0.14  riskauc = 0.96   time = 17760495   
2000/5000   risk = 0.13  riskauc = 0.96   time = 18863264   
2125/5000   risk = 0.13  riskauc = 0.96   time = 20034666   
2250/5000   risk = 0.13  riskauc = 0.96   time = 21222030   
2375/5000   risk = 0.13  riskauc = 0.96   time = 22462713   
2500/5000   risk = 0.13  riskauc = 0.96   time = 23623982   
2625/5000   risk = 0.13  riskauc = 0.96   time = 24816159   
2750/5000   risk = 0.13  riskauc = 0.96   time = 26097313   
2875/5000   risk = 0.12  riskauc = 0.96   time = 27321889   
3000/5000   risk = 0.12  riskauc = 0.96   time = 28789454   
3125/5000   risk = 0.12  riskauc = 0.96   time = 29945958   
3250/5000   risk = 0.12  riskauc = 0.96   time = 31049738   
3375/5000   risk = 0.12  riskauc = 0.96   time = 32185599   
3500/5000   risk = 0.12  riskauc = 0.96   time = 33362744   
3625/5000   risk = 0.12  riskauc = 0.96   time = 34496008   
3750/5000   risk = 0.12  riskauc = 0.96   time = 35781014   
3875/5000   risk = 0.12  riskauc = 0.96   time = 36942077   
4000/5000   risk = 0.12  riskauc = 0.96   time = 38078709   
4125/5000   risk = 0.12  riskauc = 0.96   time = 39230392   
4250/5000   risk = 0.12  riskauc = 0.96   time = 40811453   
4375/5000   risk = 0.12  riskauc = 0.96   time = 42063522   
4500/5000   risk = 0.11  riskauc = 0.96   time = 43325877   
4625/5000   risk = 0.11  riskauc = 0.96   time = 44711536   
4750/5000   risk = 0.11  riskauc = 0.96   time = 45921849   
4875/5000   risk = 0.11  riskauc = 0.96   time = 47230444   
5000/5000   risk = 0.11  riskauc = 0.96   time = 48671358   


Train 5000 iterations in 48 Seconds.
Final risk based on the train set: 0.11

INFO  [20:16:41.504] [mlr3]  [LGCOMPBOOST] iterations:'stop_cwb',5000,'stop_acwb',NA,'stop_hcwb',NA 
INFO  [20:16:41.508] [mlr3]  [LGCOMPBOOST] risk_inbag:'risk_intercept',0.670538,'risk_cwb',0.112050,'risk_acwb',NA,'risk_hcwb',NA 
INFO  [20:16:41.509] [mlr3]  [LGCOMPBOOST] risk_oob:'risk_intercept_oob',NA,'risk_cwb_oob',NA,'risk_acwb_oob',NA,'risk_hcwb_oob',NA 
DEBUG [20:16:41.515] [mlr3]  Learner 'bin_cwb_nb' on task 'spam' succeeded to fit a model {learner: <LearnerClassifCompboost/LearnerClassif/Learner/R6>, result: <list>, messages: }
DEBUG [20:16:41.527] [mlr3]  Skip subsetting of task 'spam' 
DEBUG [20:16:41.530] [mlr3]  Calling train method of Learner 'bin_cwb_nb' on task 'spam' with 3682 observations {learner: <LearnerClassifCompboost/LearnerClassif/Learner/R6>}
INFO  [20:16:41.542] [mlr3]  [LGCOMPBOOST] Running compboost with df 20.000000 and df_cat 1.000000 
   1/5000   risk = 0.64  time = 2   
 125/5000   risk = 0.23  time = 983368   
 250/5000   risk = 0.2  time = 2008219   
 375/5000   risk = 0.18  time = 3079585   
 500/5000   risk = 0.17  time = 4275345   
 625/5000   risk = 0.17  time = 5566098   
 750/5000   risk = 0.16  time = 6713978   
 875/5000   risk = 0.16  time = 7803502   
1000/5000   risk = 0.15  time = 9046593   
1125/5000   risk = 0.15  time = 10269377   
1250/5000   risk = 0.15  time = 11391763   
1375/5000   risk = 0.14  time = 12570015   
1500/5000   risk = 0.14  time = 13783596   
1625/5000   risk = 0.14  time = 14927879   
1750/5000   risk = 0.14  time = 16108961   
1875/5000   risk = 0.14  time = 17239689   
2000/5000   risk = 0.13  time = 18298339   
2125/5000   risk = 0.13  time = 19478394   
2250/5000   risk = 0.13  time = 20705881   
2375/5000   risk = 0.13  time = 21903403   
2500/5000   risk = 0.13  time = 22971396   
2625/5000   risk = 0.13  time = 24112683   
2750/5000   risk = 0.13  time = 25238220   
2875/5000   risk = 0.12  time = 26444769   
3000/5000   risk = 0.12  time = 27639898   
3125/5000   risk = 0.12  time = 28830749   
3250/5000   risk = 0.12  time = 30248088   
3375/5000   risk = 0.12  time = 31475643   
3500/5000   risk = 0.12  time = 32662885   
3625/5000   risk = 0.12  time = 33865519   
3750/5000   risk = 0.12  time = 35280272   
3875/5000   risk = 0.12  time = 36531341   
4000/5000   risk = 0.12  time = 37808721   
4125/5000   risk = 0.12  time = 38958563   
4250/5000   risk = 0.12  time = 40303062   
4375/5000   risk = 0.12  time = 41667946   
4500/5000   risk = 0.11  time = 42928848   
4625/5000   risk = 0.11  time = 44216515   
4750/5000   risk = 0.11  time = 45606542   
4875/5000   risk = 0.11  time = 46857602   
5000/5000   risk = 0.11  time = 48285778   


Train 5000 iterations in 48 Seconds.
Final risk based on the train set: 0.11

INFO  [20:17:38.936] [mlr3]  [LGCOMPBOOST] iterations:'stop_cwb',5000,'stop_acwb',NA,'stop_hcwb',NA 
INFO  [20:17:38.939] [mlr3]  [LGCOMPBOOST] risk_inbag:'risk_intercept',0.670538,'risk_cwb',0.112050,'risk_acwb',NA,'risk_hcwb',NA 
INFO  [20:17:38.941] [mlr3]  [LGCOMPBOOST] risk_oob:'risk_intercept_oob',NA,'risk_cwb_oob',NA,'risk_acwb_oob',NA,'risk_hcwb_oob',NA 
DEBUG [20:17:38.946] [mlr3]  Learner 'bin_cwb_nb' on task 'spam' succeeded to fit a model {learner: <LearnerClassifCompboost/LearnerClassif/Learner/R6>, result: <list>, messages: }

### [bt]: Job terminated successfully [batchtools job.id=21]
### [bt]: Calculation finished!
