### [bt]: This is batchtools v0.9.15
### [bt]: Starting calculation of 1 jobs
### [bt]: Setting working directory to '/home/user/repos/cacb-batchtools/eq1'
[2021-07-28 10:01:44] Loading new learner
[2021-07-28 10:01:44] Loading tasks
[2021-07-28 10:01:47] Loading resampling
### [bt]: Memory measurement disabled
### [bt]: Starting job [batchtools job.id=63]
### [bt]: Generating problem instance for problem '189866-fold1' ...
### [bt]: Applying algorithm 'evaluate-learner' on problem '189866-fold1' for job 63 (seed = 31478) ...
DEBUG [10:01:51.531] [mlr3]  Skip subsetting of task 'Task 189866: albert (Supervised Classification)' 
DEBUG [10:01:51.534] [mlr3]  Calling train method of Learner 'acc_acwb' on task 'Task 189866: albert (Supervised Classification)' with 340192 observations {learner: <LearnerClassifCompboost/LearnerClassif/Learner/R6>}
   1/5000   risk = 0.69  riskauc = 0.64   time = 2   
 125/5000   risk = 0.62  riskauc = 0.72   time = 48200071   
 250/5000   risk = 0.62  riskauc = 0.73   time = 95170135   
 375/5000   risk = 0.66  riskauc = 0.73   time = 142570811   
 500/5000   risk = 0.67  riskauc = 0.73   time = 189805576   
 625/5000   risk = 0.67  riskauc = 0.73   time = 236141112   
 750/5000   risk = 0.66  riskauc = 0.73   time = 282943640   
 875/5000   risk = 0.66  riskauc = 0.73   time = 329659532   
1000/5000   risk = 0.66  riskauc = 0.73   time = 376289499   
1125/5000   risk = 0.67  riskauc = 0.73   time = 422793769   
1250/5000   risk = 0.68  riskauc = 0.73   time = 469597971   
1375/5000   risk = 0.68  riskauc = 0.73   time = 516366839   
1500/5000   risk = 0.69  riskauc = 0.73   time = 562402665   
1625/5000   risk = 0.69  riskauc = 0.73   time = 608024356   
1750/5000   risk = 0.71  riskauc = 0.72   time = 654349976   
1875/5000   risk = 0.74  riskauc = 0.71   time = 700242335   
2000/5000   risk = 0.77  riskauc = 0.71   time = 746295006   
2125/5000   risk = 0.84  riskauc = 0.7   time = 792138108   
2250/5000   risk = 0.96  riskauc = 0.68   time = 837600528   
2375/5000   risk = 1  riskauc = 0.68   time = 883636309   
2500/5000   risk = 1.1  riskauc = 0.67   time = 929804199   
2625/5000   risk = 1.3  riskauc = 0.64   time = 975663598   
2750/5000   risk = 1.6  riskauc = 0.63   time = 1022929168   
2875/5000   risk = 1.7  riskauc = 0.64   time = 1068731417   
3000/5000   risk = 2.1  riskauc = 0.64   time = 1114489417   
3125/5000   risk = 2.5  riskauc = 0.63   time = 1159741693   
3250/5000   risk = 2.8  riskauc = 0.63   time = 1206475470   
3375/5000   risk = 2.9  riskauc = 0.63   time = 1252959999   
3500/5000   risk = 3  riskauc = 0.63   time = 1299558330   
3625/5000   risk = 3.7  riskauc = 0.61   time = 1346488031   
3750/5000   risk = 4.5  riskauc = 0.6   time = 1393957152   
3875/5000   risk = 5  riskauc = 0.6   time = 1440833472   
4000/5000   risk = 5.3  riskauc = 0.6   time = 1488136446   
4125/5000   risk = 5.3  riskauc = 0.62   time = 1535075577   
4250/5000   risk = 5.8  riskauc = 0.62   time = 1582241859   
4375/5000   risk = 6.6  riskauc = 0.62   time = 1628380724   
4500/5000   risk = 7.3  riskauc = 0.62   time = 1674652642   
4625/5000   risk = 7.6  riskauc = 0.63   time = 1720768870   
4750/5000   risk = 7.7  riskauc = 0.63   time = 1767982669   
4875/5000   risk = 7.8  riskauc = 0.64   time = 1815907137   
5000/5000   risk = 8.2  riskauc = 0.63   time = 1863160146   


Train 5000 iterations in 1863 Seconds.
Final risk based on the train set: 8.2

DEBUG [10:33:09.537] [mlr3]  Learner 'acc_acwb' on task 'Task 189866: albert (Supervised Classification)' succeeded to fit a model {learner: <LearnerClassifCompboost/LearnerClassif/Learner/R6>, result: <list>, messages: }
DEBUG [10:33:09.555] [mlr3]  Skip subsetting of task 'Task 189866: albert (Supervised Classification)' 
DEBUG [10:33:09.558] [mlr3]  Calling train method of Learner 'acc_acwb' on task 'Task 189866: albert (Supervised Classification)' with 340192 observations {learner: <LearnerClassifCompboost/LearnerClassif/Learner/R6>}
   1/5000   risk = 0.69  time = 3   
 125/5000   risk = 0.62  time = 43293785   
 250/5000   risk = 0.62  time = 85678445   
 375/5000   risk = 0.66  time = 129124559   
 500/5000   risk = 0.67  time = 172745303   
 625/5000   risk = 0.67  time = 216116858   
 750/5000   risk = 0.66  time = 261755436   
 875/5000   risk = 0.66  time = 308568891   
1000/5000   risk = 0.66  time = 355532742   
1125/5000   risk = 0.67  time = 399812285   
1250/5000   risk = 0.68  time = 447030657   
1375/5000   risk = 0.68  time = 493441091   
1500/5000   risk = 0.69  time = 539697262   
1625/5000   risk = 0.69  time = 586057499   
1750/5000   risk = 0.71  time = 632608602   
1875/5000   risk = 0.74  time = 679221635   
2000/5000   risk = 0.77  time = 725132523   
2125/5000   risk = 0.84  time = 769240640   
2250/5000   risk = 0.96  time = 812166993   
2375/5000   risk = 1  time = 856672837   
2500/5000   risk = 1.1  time = 900619282   
2625/5000   risk = 1.3  time = 944227522   
2750/5000   risk = 1.6  time = 987767626   
2875/5000   risk = 1.7  time = 1031110446   
3000/5000   risk = 2.1  time = 1074840580   
3125/5000   risk = 2.5  time = 1119303109   
3250/5000   risk = 2.8  time = 1163726427   
3375/5000   risk = 2.9  time = 1207483828   
3500/5000   risk = 3  time = 1251833901   
3625/5000   risk = 3.7  time = 1298712245   
3750/5000   risk = 4.5  time = 1345869673   
3875/5000   risk = 5  time = 1392188978   
4000/5000   risk = 5.3  time = 1436130199   
4125/5000   risk = 5.3  time = 1481173400   
4250/5000   risk = 5.8  time = 1525708176   
4375/5000   risk = 6.6  time = 1570416586   
4500/5000   risk = 7.3  time = 1615704462   
4625/5000   risk = 7.6  time = 1659832817   
4750/5000   risk = 7.7  time = 1704894809   
4875/5000   risk = 7.8  time = 1751173492   
5000/5000   risk = 8.2  time = 1797653743   


Train 5000 iterations in 1798 Seconds.
Final risk based on the train set: 8.2

DEBUG [11:03:20.994] [mlr3]  Learner 'acc_acwb' on task 'Task 189866: albert (Supervised Classification)' succeeded to fit a model {learner: <LearnerClassifCompboost/LearnerClassif/Learner/R6>, result: <list>, messages: }

### [bt]: Job terminated successfully [batchtools job.id=63]
### [bt]: Calculation finished!
