### [bt]: This is batchtools v0.9.15
### [bt]: Starting calculation of 1 jobs
### [bt]: Setting working directory to '/home/user/repos/cacb-batchtools/eq1'
[2021-07-25 20:17:51] Loading new learner
[2021-07-25 20:17:51] Loading tasks
[2021-07-25 20:17:54] Loading resampling
### [bt]: Memory measurement disabled
### [bt]: Starting job [batchtools job.id=22]
### [bt]: Generating problem instance for problem 'spam-fold5' ...
### [bt]: Applying algorithm 'evaluate-learner' on problem 'spam-fold5' for job 22 (seed = 31437) ...
DEBUG [20:17:55.579] [mlr3]  Skip subsetting of task 'spam' 
DEBUG [20:17:55.582] [mlr3]  Calling train method of Learner 'bin_cwb_b' on task 'spam' with 3682 observations {learner: <LearnerClassifCompboost/LearnerClassif/Learner/R6>}
INFO  [20:17:55.590] [mlr3]  [LGCOMPBOOST] Running compboost with df 20.000000 and df_cat 1.000000 
   1/5000   risk = 0.64  riskauc = 0.78   time = 2   
 125/5000   risk = 0.25  riskauc = 0.96   time = 1063098   
 250/5000   risk = 0.21  riskauc = 0.97   time = 2193640   
 375/5000   risk = 0.2  riskauc = 0.97   time = 3267396   
 500/5000   risk = 0.19  riskauc = 0.96   time = 4577215   
 625/5000   risk = 0.18  riskauc = 0.96   time = 5803287   
 750/5000   risk = 0.17  riskauc = 0.96   time = 6940271   
 875/5000   risk = 0.17  riskauc = 0.96   time = 8027703   
1000/5000   risk = 0.16  riskauc = 0.96   time = 9135219   
1125/5000   risk = 0.16  riskauc = 0.96   time = 10230431   
1250/5000   risk = 0.16  riskauc = 0.96   time = 11287817   
1375/5000   risk = 0.16  riskauc = 0.96   time = 12380424   
1500/5000   risk = 0.15  riskauc = 0.96   time = 13729991   
1625/5000   risk = 0.15  riskauc = 0.96   time = 14815036   
1750/5000   risk = 0.15  riskauc = 0.96   time = 15888680   
1875/5000   risk = 0.15  riskauc = 0.96   time = 16992073   
2000/5000   risk = 0.14  riskauc = 0.96   time = 18079553   
2125/5000   risk = 0.14  riskauc = 0.96   time = 19164028   
2250/5000   risk = 0.14  riskauc = 0.96   time = 20309074   
2375/5000   risk = 0.14  riskauc = 0.95   time = 21372973   
2500/5000   risk = 0.14  riskauc = 0.95   time = 22527077   
2625/5000   risk = 0.14  riskauc = 0.95   time = 23657912   
2750/5000   risk = 0.14  riskauc = 0.95   time = 24834681   
2875/5000   risk = 0.14  riskauc = 0.95   time = 25941354   
3000/5000   risk = 0.13  riskauc = 0.95   time = 27082517   
3125/5000   risk = 0.13  riskauc = 0.95   time = 28127265   
3250/5000   risk = 0.13  riskauc = 0.95   time = 29213330   
3375/5000   risk = 0.13  riskauc = 0.95   time = 30411307   
3500/5000   risk = 0.13  riskauc = 0.95   time = 31555345   
3625/5000   risk = 0.13  riskauc = 0.95   time = 32701491   
3750/5000   risk = 0.13  riskauc = 0.95   time = 33913011   
3875/5000   risk = 0.13  riskauc = 0.95   time = 35093583   
4000/5000   risk = 0.13  riskauc = 0.95   time = 36258622   
4125/5000   risk = 0.13  riskauc = 0.95   time = 37678598   
4250/5000   risk = 0.13  riskauc = 0.95   time = 38820697   
4375/5000   risk = 0.13  riskauc = 0.95   time = 39976410   
4500/5000   risk = 0.12  riskauc = 0.95   time = 41147138   
4625/5000   risk = 0.12  riskauc = 0.95   time = 42363572   
4750/5000   risk = 0.12  riskauc = 0.95   time = 43472745   
4875/5000   risk = 0.12  riskauc = 0.95   time = 44583692   
5000/5000   risk = 0.12  riskauc = 0.95   time = 45760193   


Train 5000 iterations in 45 Seconds.
Final risk based on the train set: 0.12

INFO  [20:18:49.996] [mlr3]  [LGCOMPBOOST] iterations:'stop_cwb',5000,'stop_acwb',NA,'stop_hcwb',NA 
INFO  [20:18:50.000] [mlr3]  [LGCOMPBOOST] risk_inbag:'risk_intercept',0.670538,'risk_cwb',0.122556,'risk_acwb',NA,'risk_hcwb',NA 
INFO  [20:18:50.001] [mlr3]  [LGCOMPBOOST] risk_oob:'risk_intercept_oob',NA,'risk_cwb_oob',NA,'risk_acwb_oob',NA,'risk_hcwb_oob',NA 
DEBUG [20:18:50.007] [mlr3]  Learner 'bin_cwb_b' on task 'spam' succeeded to fit a model {learner: <LearnerClassifCompboost/LearnerClassif/Learner/R6>, result: <list>, messages: }
DEBUG [20:18:50.020] [mlr3]  Skip subsetting of task 'spam' 
DEBUG [20:18:50.024] [mlr3]  Calling train method of Learner 'bin_cwb_b' on task 'spam' with 3682 observations {learner: <LearnerClassifCompboost/LearnerClassif/Learner/R6>}
INFO  [20:18:50.037] [mlr3]  [LGCOMPBOOST] Running compboost with df 20.000000 and df_cat 1.000000 
   1/5000   risk = 0.64  time = 1   
 125/5000   risk = 0.25  time = 971205   
 250/5000   risk = 0.21  time = 2031437   
 375/5000   risk = 0.2  time = 3036265   
 500/5000   risk = 0.19  time = 4111308   
 625/5000   risk = 0.18  time = 5263540   
 750/5000   risk = 0.17  time = 6252362   
 875/5000   risk = 0.17  time = 7375928   
1000/5000   risk = 0.16  time = 8408847   
1125/5000   risk = 0.16  time = 9400760   
1250/5000   risk = 0.16  time = 10390695   
1375/5000   risk = 0.16  time = 11479779   
1500/5000   risk = 0.15  time = 12592580   
1625/5000   risk = 0.15  time = 13969470   
1750/5000   risk = 0.15  time = 15125980   
1875/5000   risk = 0.15  time = 16228077   
2000/5000   risk = 0.14  time = 17298268   
2125/5000   risk = 0.14  time = 18395384   
2250/5000   risk = 0.14  time = 19412303   
2375/5000   risk = 0.14  time = 20710504   
2500/5000   risk = 0.14  time = 21781742   
2625/5000   risk = 0.14  time = 22822981   
2750/5000   risk = 0.14  time = 23974585   
2875/5000   risk = 0.14  time = 25136137   
3000/5000   risk = 0.13  time = 26195891   
3125/5000   risk = 0.13  time = 27262630   
3250/5000   risk = 0.13  time = 28409516   
3375/5000   risk = 0.13  time = 29535528   
3500/5000   risk = 0.13  time = 30658466   
3625/5000   risk = 0.13  time = 31833318   
3750/5000   risk = 0.13  time = 32896435   
3875/5000   risk = 0.13  time = 33959316   
4000/5000   risk = 0.13  time = 35063225   
4125/5000   risk = 0.13  time = 36190869   
4250/5000   risk = 0.13  time = 37271051   
4375/5000   risk = 0.13  time = 38263678   
4500/5000   risk = 0.12  time = 39395335   
4625/5000   risk = 0.12  time = 40544053   
4750/5000   risk = 0.12  time = 41595918   
4875/5000   risk = 0.12  time = 42692761   
5000/5000   risk = 0.12  time = 43731893   


Train 5000 iterations in 43 Seconds.
Final risk based on the train set: 0.12

INFO  [20:19:42.509] [mlr3]  [LGCOMPBOOST] iterations:'stop_cwb',5000,'stop_acwb',NA,'stop_hcwb',NA 
INFO  [20:19:42.514] [mlr3]  [LGCOMPBOOST] risk_inbag:'risk_intercept',0.670538,'risk_cwb',0.122556,'risk_acwb',NA,'risk_hcwb',NA 
INFO  [20:19:42.516] [mlr3]  [LGCOMPBOOST] risk_oob:'risk_intercept_oob',NA,'risk_cwb_oob',NA,'risk_acwb_oob',NA,'risk_hcwb_oob',NA 
DEBUG [20:19:42.524] [mlr3]  Learner 'bin_cwb_b' on task 'spam' succeeded to fit a model {learner: <LearnerClassifCompboost/LearnerClassif/Learner/R6>, result: <list>, messages: }

### [bt]: Job terminated successfully [batchtools job.id=22]
### [bt]: Calculation finished!
