### [bt]: This is batchtools v0.9.15
### [bt]: Starting calculation of 1 jobs
### [bt]: Setting working directory to '/home/user/repos/cacb-batchtools/eq1'
[2021-07-30 00:03:32] Loading new learner
[2021-07-30 00:03:32] Loading tasks
[2021-07-30 00:03:35] Loading resampling
### [bt]: Memory measurement disabled
### [bt]: Starting job [batchtools job.id=148]
### [bt]: Generating problem instance for problem '9977-fold3' ...
### [bt]: Applying algorithm 'evaluate-learner' on problem '9977-fold3' for job 148 (seed = 31563) ...
DEBUG [00:03:36.068] [mlr3]  Skip subsetting of task 'Task 9977: nomao (Supervised Classification)' 
DEBUG [00:03:36.072] [mlr3]  Calling train method of Learner 'acc_hcwb' on task 'Task 9977: nomao (Supervised Classification)' with 27572 observations {learner: <LearnerClassifCompboost/LearnerClassif/Learner/R6>}
   1/5000   risk = 0.56  oob_risk = 0.57   riskauc = 0.89   time = 2   
 125/5000   risk = 0.21  oob_risk = 0.21   riskauc = 0.97   time = 5353920   
 250/5000   risk = 0.15  oob_risk = 0.15   riskauc = 0.98   time = 10615480   
 375/5000   risk = 0.12  oob_risk = 0.12   riskauc = 0.99   time = 15847325   
 500/5000   risk = 0.11  oob_risk = 0.12   riskauc = 0.99   time = 21150157   
 625/5000   risk = 0.11  oob_risk = 0.11   riskauc = 0.99   time = 26510430   
 750/5000   risk = 0.11  oob_risk = 0.11   riskauc = 0.99   time = 31718060   
 875/5000   risk = 0.1  oob_risk = 0.11   riskauc = 0.99   time = 36972172   


Train 945 iterations in 39 Seconds.
Final risk based on the train set: 0.1

   1/4066   risk = 0.1  oob_risk = 0.11   riskauc = 0.99   time = 2   
 102/4066   risk = 0.1  oob_risk = 0.11   riskauc = 0.99   time = 2456300   
 204/4066   risk = 0.11  oob_risk = 0.11   riskauc = 0.99   time = 4893557   
 306/4066   risk = 0.11  oob_risk = 0.11   riskauc = 0.99   time = 10333978   
 408/4066   risk = 0.11  oob_risk = 0.12   riskauc = 0.99   time = 12927989   
 510/4066   risk = 0.11  oob_risk = 0.12   riskauc = 0.99   time = 15519922   
 612/4066   risk = 0.11  oob_risk = 0.12   riskauc = 0.99   time = 18074232   
 714/4066   risk = 0.11  oob_risk = 0.12   riskauc = 0.99   time = 20573782   
 816/4066   risk = 0.11  oob_risk = 0.12   riskauc = 0.99   time = 23088794   
 918/4066   risk = 0.11  oob_risk = 0.12   riskauc = 0.99   time = 25691695   
1020/4066   risk = 0.11  oob_risk = 0.12   riskauc = 0.99   time = 28212749   
1122/4066   risk = 0.11  oob_risk = 0.12   riskauc = 0.99   time = 30685976   
1224/4066   risk = 0.11  oob_risk = 0.12   riskauc = 0.99   time = 33295220   
1326/4066   risk = 0.11  oob_risk = 0.12   riskauc = 0.99   time = 35826838   
1428/4066   risk = 0.11  oob_risk = 0.12   riskauc = 0.99   time = 38319136   
1530/4066   risk = 0.11  oob_risk = 0.12   riskauc = 0.99   time = 40828957   
1632/4066   risk = 0.11  oob_risk = 0.12   riskauc = 0.99   time = 43345067   
1734/4066   risk = 0.11  oob_risk = 0.12   riskauc = 0.99   time = 46089449   
1836/4066   risk = 0.11  oob_risk = 0.12   riskauc = 0.99   time = 48564761   
1938/4066   risk = 0.11  oob_risk = 0.12   riskauc = 0.99   time = 51091914   
2040/4066   risk = 0.11  oob_risk = 0.12   riskauc = 0.99   time = 53541966   
2142/4066   risk = 0.11  oob_risk = 0.12   riskauc = 0.99   time = 56096750   
2244/4066   risk = 0.11  oob_risk = 0.12   riskauc = 0.99   time = 58657687   
2346/4066   risk = 0.11  oob_risk = 0.12   riskauc = 0.99   time = 61250961   
2448/4066   risk = 0.11  oob_risk = 0.12   riskauc = 0.99   time = 63810408   
2550/4066   risk = 0.11  oob_risk = 0.12   riskauc = 0.99   time = 66318668   
2652/4066   risk = 0.11  oob_risk = 0.12   riskauc = 0.99   time = 68831809   
2754/4066   risk = 0.11  oob_risk = 0.12   riskauc = 0.99   time = 71369913   
2856/4066   risk = 0.11  oob_risk = 0.12   riskauc = 0.99   time = 73919339   
2958/4066   risk = 0.11  oob_risk = 0.12   riskauc = 0.99   time = 76484773   
3060/4066   risk = 0.11  oob_risk = 0.12   riskauc = 0.99   time = 78950884   
3162/4066   risk = 0.11  oob_risk = 0.12   riskauc = 0.99   time = 81557004   
3264/4066   risk = 0.11  oob_risk = 0.12   riskauc = 0.99   time = 84097020   
3366/4066   risk = 0.11  oob_risk = 0.12   riskauc = 0.99   time = 86621030   
3468/4066   risk = 0.11  oob_risk = 0.12   riskauc = 0.99   time = 89176543   
3570/4066   risk = 0.11  oob_risk = 0.12   riskauc = 0.99   time = 91698400   
3672/4066   risk = 0.11  oob_risk = 0.12   riskauc = 0.99   time = 94292552   
3774/4066   risk = 0.11  oob_risk = 0.12   riskauc = 0.99   time = 96745729   
3876/4066   risk = 0.11  oob_risk = 0.12   riskauc = 0.99   time = 99304459   
3978/4066   risk = 0.11  oob_risk = 0.12   riskauc = 0.99   time = 101827732   


Train 4066 iterations in 104 Seconds.
Final risk based on the train set: 0.11

DEBUG [00:06:03.902] [mlr3]  Learner 'acc_hcwb' on task 'Task 9977: nomao (Supervised Classification)' succeeded to fit a model {learner: <LearnerClassifCompboost/LearnerClassif/Learner/R6>, result: <list>, messages: }
DEBUG [00:06:03.917] [mlr3]  Skip subsetting of task 'Task 9977: nomao (Supervised Classification)' 
DEBUG [00:06:03.921] [mlr3]  Calling train method of Learner 'acc_hcwb' on task 'Task 9977: nomao (Supervised Classification)' with 27572 observations {learner: <LearnerClassifCompboost/LearnerClassif/Learner/R6>}
   1/5000   risk = 0.56  oob_risk = 0.57   time = 2   
 125/5000   risk = 0.21  oob_risk = 0.21   time = 4695263   
 250/5000   risk = 0.15  oob_risk = 0.15   time = 9391053   
 375/5000   risk = 0.12  oob_risk = 0.12   time = 14170540   
 500/5000   risk = 0.11  oob_risk = 0.12   time = 18846003   
 625/5000   risk = 0.11  oob_risk = 0.11   time = 23584364   
 750/5000   risk = 0.11  oob_risk = 0.11   time = 28408995   
 875/5000   risk = 0.1  oob_risk = 0.11   time = 33294300   


Train 945 iterations in 36 Seconds.
Final risk based on the train set: 0.1

   1/4066   risk = 0.1  oob_risk = 0.11   time = 2   
 102/4066   risk = 0.1  oob_risk = 0.11   time = 2209935   
 204/4066   risk = 0.11  oob_risk = 0.11   time = 4424821   
 306/4066   risk = 0.11  oob_risk = 0.11   time = 6638973   
 408/4066   risk = 0.11  oob_risk = 0.12   time = 8815770   
 510/4066   risk = 0.11  oob_risk = 0.12   time = 11031310   
 612/4066   risk = 0.11  oob_risk = 0.12   time = 13289086   
 714/4066   risk = 0.11  oob_risk = 0.12   time = 15530662   
 816/4066   risk = 0.11  oob_risk = 0.12   time = 17825237   
 918/4066   risk = 0.11  oob_risk = 0.12   time = 20181888   
1020/4066   risk = 0.11  oob_risk = 0.12   time = 22541941   
1122/4066   risk = 0.11  oob_risk = 0.12   time = 24884566   
1224/4066   risk = 0.11  oob_risk = 0.12   time = 27239368   
1326/4066   risk = 0.11  oob_risk = 0.12   time = 29607239   
1428/4066   risk = 0.11  oob_risk = 0.12   time = 31924435   
1530/4066   risk = 0.11  oob_risk = 0.12   time = 34273000   
1632/4066   risk = 0.11  oob_risk = 0.12   time = 36598488   
1734/4066   risk = 0.11  oob_risk = 0.12   time = 38936294   
1836/4066   risk = 0.11  oob_risk = 0.12   time = 41303870   
1938/4066   risk = 0.11  oob_risk = 0.12   time = 43638499   
2040/4066   risk = 0.11  oob_risk = 0.12   time = 45981130   
2142/4066   risk = 0.11  oob_risk = 0.12   time = 48343467   
2244/4066   risk = 0.11  oob_risk = 0.12   time = 50669293   
2346/4066   risk = 0.11  oob_risk = 0.12   time = 52999389   
2448/4066   risk = 0.11  oob_risk = 0.12   time = 55380389   
2550/4066   risk = 0.11  oob_risk = 0.12   time = 57733912   
2652/4066   risk = 0.11  oob_risk = 0.12   time = 60097047   
2754/4066   risk = 0.11  oob_risk = 0.12   time = 62531552   
2856/4066   risk = 0.11  oob_risk = 0.12   time = 64922119   
2958/4066   risk = 0.11  oob_risk = 0.12   time = 67256178   
3060/4066   risk = 0.11  oob_risk = 0.12   time = 69574707   
3162/4066   risk = 0.11  oob_risk = 0.12   time = 71849262   
3264/4066   risk = 0.11  oob_risk = 0.12   time = 74134234   
3366/4066   risk = 0.11  oob_risk = 0.12   time = 76414438   
3468/4066   risk = 0.11  oob_risk = 0.12   time = 78731126   
3570/4066   risk = 0.11  oob_risk = 0.12   time = 81086513   
3672/4066   risk = 0.11  oob_risk = 0.12   time = 83412264   
3774/4066   risk = 0.11  oob_risk = 0.12   time = 85714687   
3876/4066   risk = 0.11  oob_risk = 0.12   time = 88070115   
3978/4066   risk = 0.11  oob_risk = 0.12   time = 90403399   


Train 4066 iterations in 92 Seconds.
Final risk based on the train set: 0.11

DEBUG [00:08:16.001] [mlr3]  Learner 'acc_hcwb' on task 'Task 9977: nomao (Supervised Classification)' succeeded to fit a model {learner: <LearnerClassifCompboost/LearnerClassif/Learner/R6>, result: <list>, messages: }

### [bt]: Job terminated successfully [batchtools job.id=148]
### [bt]: Calculation finished!
