### [bt]: This is batchtools v0.9.15
### [bt]: Starting calculation of 1 jobs
### [bt]: Setting working directory to '/home/user/repos/cacb-batchtools/eq1'
[2021-07-27 21:44:11] Loading new learner
[2021-07-27 21:44:11] Loading tasks
[2021-07-27 21:44:13] Loading resampling
### [bt]: Memory measurement disabled
### [bt]: Starting job [batchtools job.id=47]
### [bt]: Generating problem instance for problem '168335-fold2' ...
### [bt]: Applying algorithm 'evaluate-learner' on problem '168335-fold2' for job 47 (seed = 31462) ...
DEBUG [21:44:15.984] [mlr3]  Skip subsetting of task 'Task 168335: MiniBooNE (Supervised Classification)' 
DEBUG [21:44:15.987] [mlr3]  Calling train method of Learner 'acc_acwb' on task 'Task 168335: MiniBooNE (Supervised Classification)' with 104051 observations {learner: <LearnerClassifCompboost/LearnerClassif/Learner/R6>}
   1/5000   risk = 0.56  riskauc = 0.84   time = 2   
 125/5000   risk = 0.25  riskauc = 0.96   time = 16467677   
 250/5000   risk = 0.2  riskauc = 0.97   time = 33067252   
 375/5000   risk = 0.19  riskauc = 0.97   time = 49220458   
 500/5000   risk = 0.19  riskauc = 0.97   time = 65589807   
 625/5000   risk = 0.2  riskauc = 0.97   time = 81681172   
 750/5000   risk = 0.2  riskauc = 0.97   time = 97288964   
 875/5000   risk = 0.2  riskauc = 0.97   time = 113399285   
1000/5000   risk = 0.21  riskauc = 0.97   time = 129133416   
1125/5000   risk = 0.21  riskauc = 0.97   time = 145101308   
1250/5000   risk = 0.21  riskauc = 0.97   time = 160813689   
1375/5000   risk = 0.21  riskauc = 0.97   time = 176673813   
1500/5000   risk = 0.21  riskauc = 0.97   time = 192406351   
1625/5000   risk = 0.22  riskauc = 0.97   time = 208137827   
1750/5000   risk = 0.22  riskauc = 0.97   time = 224392270   
1875/5000   risk = 0.22  riskauc = 0.97   time = 240181794   
2000/5000   risk = 0.22  riskauc = 0.97   time = 256310411   
2125/5000   risk = 0.22  riskauc = 0.97   time = 272002305   
2250/5000   risk = 0.22  riskauc = 0.97   time = 288180964   
2375/5000   risk = 0.22  riskauc = 0.97   time = 304247743   
2500/5000   risk = 0.22  riskauc = 0.97   time = 320327799   
2625/5000   risk = 0.22  riskauc = 0.97   time = 336430968   
2750/5000   risk = 0.22  riskauc = 0.97   time = 352576301   
2875/5000   risk = 0.22  riskauc = 0.97   time = 368661850   
3000/5000   risk = 0.22  riskauc = 0.97   time = 384702710   
3125/5000   risk = 0.22  riskauc = 0.97   time = 400885036   
3250/5000   risk = 0.22  riskauc = 0.97   time = 416854243   
3375/5000   risk = 0.23  riskauc = 0.97   time = 433497963   
3500/5000   risk = 0.23  riskauc = 0.97   time = 449737904   
3625/5000   risk = 0.23  riskauc = 0.97   time = 465993801   
3750/5000   risk = 0.23  riskauc = 0.97   time = 482153657   
3875/5000   risk = 0.23  riskauc = 0.97   time = 498352361   
4000/5000   risk = 0.23  riskauc = 0.97   time = 514495485   
4125/5000   risk = 0.24  riskauc = 0.97   time = 530782128   
4250/5000   risk = 0.24  riskauc = 0.97   time = 547265767   
4375/5000   risk = 0.24  riskauc = 0.97   time = 563629053   
4500/5000   risk = 0.25  riskauc = 0.97   time = 580002267   
4625/5000   risk = 0.25  riskauc = 0.97   time = 596747009   
4750/5000   risk = 0.26  riskauc = 0.97   time = 613213815   
4875/5000   risk = 0.27  riskauc = 0.97   time = 629681842   
5000/5000   risk = 0.28  riskauc = 0.97   time = 646176693   


Train 5000 iterations in 646 Seconds.
Final risk based on the train set: 0.28

DEBUG [21:55:09.773] [mlr3]  Learner 'acc_acwb' on task 'Task 168335: MiniBooNE (Supervised Classification)' succeeded to fit a model {learner: <LearnerClassifCompboost/LearnerClassif/Learner/R6>, result: <list>, messages: }
DEBUG [21:55:09.785] [mlr3]  Skip subsetting of task 'Task 168335: MiniBooNE (Supervised Classification)' 
DEBUG [21:55:09.789] [mlr3]  Calling train method of Learner 'acc_acwb' on task 'Task 168335: MiniBooNE (Supervised Classification)' with 104051 observations {learner: <LearnerClassifCompboost/LearnerClassif/Learner/R6>}
   1/5000   risk = 0.56  time = 2   
 125/5000   risk = 0.25  time = 13533786   
 250/5000   risk = 0.2  time = 26680059   
 375/5000   risk = 0.19  time = 39755453   
 500/5000   risk = 0.19  time = 52982819   
 625/5000   risk = 0.2  time = 66261369   
 750/5000   risk = 0.2  time = 81244888   
 875/5000   risk = 0.2  time = 96876048   
1000/5000   risk = 0.21  time = 112161296   
1125/5000   risk = 0.21  time = 127250658   
1250/5000   risk = 0.21  time = 141995409   
1375/5000   risk = 0.21  time = 156945620   
1500/5000   risk = 0.21  time = 171650943   
1625/5000   risk = 0.22  time = 186490620   
1750/5000   risk = 0.22  time = 201187880   
1875/5000   risk = 0.22  time = 216010703   
2000/5000   risk = 0.22  time = 230929469   
2125/5000   risk = 0.22  time = 245716239   
2250/5000   risk = 0.22  time = 260720909   
2375/5000   risk = 0.22  time = 275886158   
2500/5000   risk = 0.22  time = 290925635   
2625/5000   risk = 0.22  time = 305917030   
2750/5000   risk = 0.22  time = 320690448   
2875/5000   risk = 0.22  time = 335536626   
3000/5000   risk = 0.22  time = 350490720   
3125/5000   risk = 0.22  time = 365404855   
3250/5000   risk = 0.22  time = 380371407   
3375/5000   risk = 0.23  time = 395271717   
3500/5000   risk = 0.23  time = 410068403   
3625/5000   risk = 0.23  time = 425057818   
3750/5000   risk = 0.23  time = 440032215   
3875/5000   risk = 0.23  time = 454889451   
4000/5000   risk = 0.23  time = 469854963   
4125/5000   risk = 0.24  time = 484847821   
4250/5000   risk = 0.24  time = 499806829   
4375/5000   risk = 0.24  time = 514856618   
4500/5000   risk = 0.25  time = 529724865   
4625/5000   risk = 0.25  time = 544662826   
4750/5000   risk = 0.26  time = 559821127   
4875/5000   risk = 0.27  time = 574679377   
5000/5000   risk = 0.28  time = 589544621   


Train 5000 iterations in 589 Seconds.
Final risk based on the train set: 0.28

DEBUG [22:05:06.652] [mlr3]  Learner 'acc_acwb' on task 'Task 168335: MiniBooNE (Supervised Classification)' succeeded to fit a model {learner: <LearnerClassifCompboost/LearnerClassif/Learner/R6>, result: <list>, messages: }

### [bt]: Job terminated successfully [batchtools job.id=47]
### [bt]: Calculation finished!
