### [bt]: This is batchtools v0.9.15
### [bt]: Starting calculation of 1 jobs
### [bt]: Setting working directory to '/home/user/repos/cacb-batchtools/eq1'
Loading required package: data.table
Loading required package: R6
Loading required package: mlr3
Loading required package: mlr3learners
Loading required package: mlr3extralearners

Attaching package: ‘mlr3extralearners’

The following objects are masked from ‘package:mlr3’:

    lrn, lrns

Loading required package: mlr3pipelines
Loading required package: mlr3tuning
Loading required package: paradox
Loading required package: compboost
[2021-08-02 00:40:07] Loading new learner LearnerClassifCWB
[2021-08-02 00:40:07] Loading new learner LearnerClassifHCWB
[2021-08-02 00:40:07] Loading new learner
[2021-08-02 00:40:07] Loading tasks
[2021-08-02 00:40:11] Loading resampling
### [bt]: Memory measurement disabled
### [bt]: Starting job [batchtools job.id=29]
### [bt]: Generating problem instance for problem '7592-fold1' ...
### [bt]: Applying algorithm 'evaluate-learner' on problem '7592-fold1' for job 29 (seed = 31444) ...
DEBUG [00:40:12.190] [mlr3]  Skip subsetting of task 'Task 7592: adult (Supervised Classification)' 
DEBUG [00:40:12.275] [mlr3]  Calling train method of Learner 'acc_hcwb' on task 'Task 7592: adult (Supervised Classification)' with 39073 observations {learner: <LearnerClassifHCWB/LearnerClassif/Learner/R6>}
Warning in checkCores(task, self$param_set$values$ncores) :
  Number of cores 30 exceeds number of features 14. The number of cores are set to 14!
   1/5000   risk = 0.53  oob_risk = 0.54   riskauc = 0.21   time = 3   val_auc = 0.22   
 125/5000   risk = 0.32  oob_risk = 0.34   riskauc = 0.091   time = 2154911   val_auc = 0.095   
 250/5000   risk = 0.35  oob_risk = 0.38   riskauc = 0.088   time = 4354665   val_auc = 0.091   


Train 363 iterations in 8 Seconds.
Final risk based on the train set: 0.36

   1/4648   risk = 0.36  oob_risk = 0.39   riskauc = 0.087   time = 2   val_auc = 0.09   
 116/4648   risk = 0.36  oob_risk = 0.39   riskauc = 0.087   time = 1768762   val_auc = 0.09   
 232/4648   risk = 0.36  oob_risk = 0.39   riskauc = 0.087   time = 3478749   val_auc = 0.09   
 348/4648   risk = 0.36  oob_risk = 0.39   riskauc = 0.087   time = 5021330   val_auc = 0.09   
 464/4648   risk = 0.36  oob_risk = 0.39   riskauc = 0.087   time = 6677316   val_auc = 0.09   
 580/4648   risk = 0.36  oob_risk = 0.39   riskauc = 0.087   time = 8302480   val_auc = 0.09   
 696/4648   risk = 0.36  oob_risk = 0.39   riskauc = 0.087   time = 9856719   val_auc = 0.09   
 812/4648   risk = 0.36  oob_risk = 0.39   riskauc = 0.087   time = 11572712   val_auc = 0.09   
 928/4648   risk = 0.36  oob_risk = 0.39   riskauc = 0.087   time = 13251126   val_auc = 0.09   
1044/4648   risk = 0.36  oob_risk = 0.39   riskauc = 0.087   time = 14802308   val_auc = 0.09   
1160/4648   risk = 0.36  oob_risk = 0.39   riskauc = 0.087   time = 16342684   val_auc = 0.09   
1276/4648   risk = 0.36  oob_risk = 0.39   riskauc = 0.087   time = 17837473   val_auc = 0.09   
1392/4648   risk = 0.36  oob_risk = 0.39   riskauc = 0.087   time = 19682918   val_auc = 0.09   
1508/4648   risk = 0.36  oob_risk = 0.39   riskauc = 0.087   time = 21296293   val_auc = 0.09   
1624/4648   risk = 0.36  oob_risk = 0.39   riskauc = 0.087   time = 22732052   val_auc = 0.09   
1740/4648   risk = 0.36  oob_risk = 0.39   riskauc = 0.087   time = 24171376   val_auc = 0.09   
1856/4648   risk = 0.36  oob_risk = 0.39   riskauc = 0.087   time = 25725021   val_auc = 0.09   
1972/4648   risk = 0.36  oob_risk = 0.39   riskauc = 0.087   time = 27273762   val_auc = 0.09   
2088/4648   risk = 0.36  oob_risk = 0.39   riskauc = 0.087   time = 28726328   val_auc = 0.09   
2204/4648   risk = 0.36  oob_risk = 0.39   riskauc = 0.087   time = 30185121   val_auc = 0.09   
2320/4648   risk = 0.36  oob_risk = 0.39   riskauc = 0.087   time = 31665206   val_auc = 0.09   
2436/4648   risk = 0.36  oob_risk = 0.39   riskauc = 0.087   time = 33187085   val_auc = 0.09   
2552/4648   risk = 0.36  oob_risk = 0.39   riskauc = 0.087   time = 34977428   val_auc = 0.09   
2668/4648   risk = 0.36  oob_risk = 0.39   riskauc = 0.087   time = 36830509   val_auc = 0.09   
2784/4648   risk = 0.36  oob_risk = 0.39   riskauc = 0.087   time = 38677449   val_auc = 0.09   
2900/4648   risk = 0.36  oob_risk = 0.39   riskauc = 0.087   time = 40465782   val_auc = 0.09   
3016/4648   risk = 0.36  oob_risk = 0.39   riskauc = 0.086   time = 42147284   val_auc = 0.09   
3132/4648   risk = 0.36  oob_risk = 0.39   riskauc = 0.086   time = 43811836   val_auc = 0.09   
3248/4648   risk = 0.36  oob_risk = 0.39   riskauc = 0.086   time = 45518171   val_auc = 0.09   
3364/4648   risk = 0.36  oob_risk = 0.39   riskauc = 0.086   time = 47060404   val_auc = 0.09   
3480/4648   risk = 0.36  oob_risk = 0.39   riskauc = 0.086   time = 48599825   val_auc = 0.09   
3596/4648   risk = 0.36  oob_risk = 0.39   riskauc = 0.086   time = 50355176   val_auc = 0.09   
3712/4648   risk = 0.36  oob_risk = 0.39   riskauc = 0.086   time = 51904316   val_auc = 0.09   
3828/4648   risk = 0.36  oob_risk = 0.39   riskauc = 0.086   time = 53577635   val_auc = 0.09   
3944/4648   risk = 0.36  oob_risk = 0.39   riskauc = 0.086   time = 55250989   val_auc = 0.09   
4060/4648   risk = 0.36  oob_risk = 0.39   riskauc = 0.086   time = 56949218   val_auc = 0.09   
4176/4648   risk = 0.36  oob_risk = 0.39   riskauc = 0.086   time = 58686195   val_auc = 0.09   
4292/4648   risk = 0.36  oob_risk = 0.39   riskauc = 0.086   time = 60432292   val_auc = 0.09   
4408/4648   risk = 0.36  oob_risk = 0.39   riskauc = 0.086   time = 62329532   val_auc = 0.09   
4524/4648   risk = 0.36  oob_risk = 0.39   riskauc = 0.086   time = 63957270   val_auc = 0.09   
4640/4648   risk = 0.36  oob_risk = 0.39   riskauc = 0.086   time = 65737924   val_auc = 0.09   


Train 4648 iterations in 65 Seconds.
Final risk based on the train set: 0.36

DEBUG [00:41:31.322] [mlr3]  Learner 'acc_hcwb' on task 'Task 7592: adult (Supervised Classification)' succeeded to fit a model {learner: <LearnerClassifHCWB/LearnerClassif/Learner/R6>, result: <list>, messages: }

### [bt]: Job terminated successfully [batchtools job.id=29]
### [bt]: Calculation finished!
