### [bt]: This is batchtools v0.9.15
### [bt]: Starting calculation of 1 jobs
### [bt]: Setting working directory to '/home/user/repos/cacb-batchtools/eq1'
[2021-07-25 21:11:30] Loading new learner
[2021-07-25 21:11:30] Loading tasks
[2021-07-25 21:11:34] Loading resampling
### [bt]: Memory measurement disabled
### [bt]: Starting job [batchtools job.id=46]
### [bt]: Generating problem instance for problem '7592-fold5' ...
### [bt]: Applying algorithm 'evaluate-learner' on problem '7592-fold5' for job 46 (seed = 31461) ...
DEBUG [21:11:35.065] [mlr3]  Skip subsetting of task 'Task 7592: adult (Supervised Classification)' 
DEBUG [21:11:35.068] [mlr3]  Calling train method of Learner 'bin_cwb_nb' on task 'Task 7592: adult (Supervised Classification)' with 39074 observations {learner: <LearnerClassifCompboost/LearnerClassif/Learner/R6>}
Warning in get_private(learner)$.train(task) :
  Number of cores 30 exceeds number of features 14. The number of cores are set to 14!
INFO  [21:11:35.148] [mlr3]  [LGCOMPBOOST] Running compboost with df 5.000000 and df_cat 2.000000 
   1/5000   risk = 0.54  riskauc = 0.77   time = 3   
 125/5000   risk = 0.35  riskauc = 0.9   time = 2149669   
 250/5000   risk = 0.34  riskauc = 0.91   time = 3915621   
 375/5000   risk = 0.34  riskauc = 0.91   time = 5649730   
 500/5000   risk = 0.35  riskauc = 0.91   time = 7386811   
 625/5000   risk = 0.35  riskauc = 0.91   time = 9172504   
 750/5000   risk = 0.35  riskauc = 0.91   time = 10643550   
 875/5000   risk = 0.35  riskauc = 0.91   time = 12112243   
1000/5000   risk = 0.35  riskauc = 0.91   time = 13671563   
1125/5000   risk = 0.35  riskauc = 0.91   time = 15396008   
1250/5000   risk = 0.35  riskauc = 0.91   time = 17145318   
1375/5000   risk = 0.35  riskauc = 0.91   time = 18993777   
1500/5000   risk = 0.35  riskauc = 0.91   time = 20705969   
1625/5000   risk = 0.35  riskauc = 0.91   time = 22475839   
1750/5000   risk = 0.36  riskauc = 0.91   time = 24191918   
1875/5000   risk = 0.36  riskauc = 0.91   time = 25921162   
2000/5000   risk = 0.36  riskauc = 0.91   time = 27496136   
2125/5000   risk = 0.36  riskauc = 0.91   time = 28979118   
2250/5000   risk = 0.36  riskauc = 0.91   time = 30431930   
2375/5000   risk = 0.36  riskauc = 0.91   time = 31906146   
2500/5000   risk = 0.36  riskauc = 0.91   time = 33423021   
2625/5000   risk = 0.36  riskauc = 0.91   time = 34968607   
2750/5000   risk = 0.36  riskauc = 0.91   time = 36623887   
2875/5000   risk = 0.36  riskauc = 0.91   time = 38379545   
3000/5000   risk = 0.36  riskauc = 0.91   time = 40225201   
3125/5000   risk = 0.36  riskauc = 0.91   time = 42034617   
3250/5000   risk = 0.36  riskauc = 0.91   time = 43911276   
3375/5000   risk = 0.36  riskauc = 0.91   time = 45908792   
3500/5000   risk = 0.36  riskauc = 0.91   time = 47814578   
3625/5000   risk = 0.36  riskauc = 0.91   time = 49689295   
3750/5000   risk = 0.36  riskauc = 0.91   time = 51484681   
3875/5000   risk = 0.36  riskauc = 0.91   time = 53274672   
4000/5000   risk = 0.36  riskauc = 0.91   time = 55139109   
4125/5000   risk = 0.36  riskauc = 0.91   time = 57420439   
4250/5000   risk = 0.36  riskauc = 0.91   time = 59251761   
4375/5000   risk = 0.36  riskauc = 0.91   time = 61057885   
4500/5000   risk = 0.36  riskauc = 0.91   time = 62790612   
4625/5000   risk = 0.36  riskauc = 0.91   time = 64306248   
4750/5000   risk = 0.36  riskauc = 0.91   time = 65965554   
4875/5000   risk = 0.36  riskauc = 0.91   time = 67535593   
5000/5000   risk = 0.36  riskauc = 0.91   time = 69087138   


Train 5000 iterations in 69 Seconds.
Final risk based on the train set: 0.36

INFO  [21:12:51.568] [mlr3]  [LGCOMPBOOST] iterations:'stop_cwb',5000,'stop_acwb',NA,'stop_hcwb',NA 
INFO  [21:12:51.571] [mlr3]  [LGCOMPBOOST] risk_inbag:'risk_intercept',0.550260,'risk_cwb',0.357390,'risk_acwb',NA,'risk_hcwb',NA 
INFO  [21:12:51.573] [mlr3]  [LGCOMPBOOST] risk_oob:'risk_intercept_oob',NA,'risk_cwb_oob',NA,'risk_acwb_oob',NA,'risk_hcwb_oob',NA 
DEBUG [21:12:51.578] [mlr3]  Learner 'bin_cwb_nb' on task 'Task 7592: adult (Supervised Classification)' succeeded to fit a model {learner: <LearnerClassifCompboost/LearnerClassif/Learner/R6>, result: <list>, messages: }
DEBUG [21:12:51.591] [mlr3]  Skip subsetting of task 'Task 7592: adult (Supervised Classification)' 
DEBUG [21:12:51.595] [mlr3]  Calling train method of Learner 'bin_cwb_nb' on task 'Task 7592: adult (Supervised Classification)' with 39074 observations {learner: <LearnerClassifCompboost/LearnerClassif/Learner/R6>}
Warning in get_private(learner)$.train(task) :
  Number of cores 30 exceeds number of features 14. The number of cores are set to 14!
INFO  [21:12:51.672] [mlr3]  [LGCOMPBOOST] Running compboost with df 5.000000 and df_cat 2.000000 
   1/5000   risk = 0.54  time = 3   
 125/5000   risk = 0.35  time = 1075339   
 250/5000   risk = 0.34  time = 2111195   
 375/5000   risk = 0.34  time = 3131142   
 500/5000   risk = 0.35  time = 4134571   
 625/5000   risk = 0.35  time = 5141591   
 750/5000   risk = 0.35  time = 6147015   
 875/5000   risk = 0.35  time = 7152565   
1000/5000   risk = 0.35  time = 8173231   
1125/5000   risk = 0.35  time = 9185423   
1250/5000   risk = 0.35  time = 10249082   
1375/5000   risk = 0.35  time = 11286976   
1500/5000   risk = 0.35  time = 12357384   
1625/5000   risk = 0.35  time = 13464279   
1750/5000   risk = 0.36  time = 14570584   
1875/5000   risk = 0.36  time = 15686194   
2000/5000   risk = 0.36  time = 16829107   
2125/5000   risk = 0.36  time = 17891703   
2250/5000   risk = 0.36  time = 18964225   
2375/5000   risk = 0.36  time = 20109176   
2500/5000   risk = 0.36  time = 21301963   
2625/5000   risk = 0.36  time = 22475210   
2750/5000   risk = 0.36  time = 23658683   
2875/5000   risk = 0.36  time = 24819680   
3000/5000   risk = 0.36  time = 25946465   
3125/5000   risk = 0.36  time = 27077403   
3250/5000   risk = 0.36  time = 28259333   
3375/5000   risk = 0.36  time = 29446787   
3500/5000   risk = 0.36  time = 30619131   
3625/5000   risk = 0.36  time = 31779781   
3750/5000   risk = 0.36  time = 32930000   
3875/5000   risk = 0.36  time = 34099542   
4000/5000   risk = 0.36  time = 35249756   
4125/5000   risk = 0.36  time = 36430795   
4250/5000   risk = 0.36  time = 37600183   
4375/5000   risk = 0.36  time = 38807024   
4500/5000   risk = 0.36  time = 40002395   
4625/5000   risk = 0.36  time = 41184105   
4750/5000   risk = 0.36  time = 42329358   
4875/5000   risk = 0.36  time = 43509151   
5000/5000   risk = 0.36  time = 44672657   


Train 5000 iterations in 44 Seconds.
Final risk based on the train set: 0.36

INFO  [21:13:43.613] [mlr3]  [LGCOMPBOOST] iterations:'stop_cwb',5000,'stop_acwb',NA,'stop_hcwb',NA 
INFO  [21:13:43.616] [mlr3]  [LGCOMPBOOST] risk_inbag:'risk_intercept',0.550260,'risk_cwb',0.357390,'risk_acwb',NA,'risk_hcwb',NA 
INFO  [21:13:43.617] [mlr3]  [LGCOMPBOOST] risk_oob:'risk_intercept_oob',NA,'risk_cwb_oob',NA,'risk_acwb_oob',NA,'risk_hcwb_oob',NA 
DEBUG [21:13:43.623] [mlr3]  Learner 'bin_cwb_nb' on task 'Task 7592: adult (Supervised Classification)' succeeded to fit a model {learner: <LearnerClassifCompboost/LearnerClassif/Learner/R6>, result: <list>, messages: }

### [bt]: Job terminated successfully [batchtools job.id=46]
### [bt]: Calculation finished!
