### [bt]: This is batchtools v0.9.15
### [bt]: Starting calculation of 1 jobs
### [bt]: Setting working directory to '/home/user/repos/cacb-batchtools/eq1'
[2021-07-26 03:49:06] Loading new learner
[2021-07-26 03:49:06] Loading tasks
[2021-07-26 03:49:09] Loading resampling
### [bt]: Memory measurement disabled
### [bt]: Starting job [batchtools job.id=62]
### [bt]: Generating problem instance for problem '168335-fold3' ...
### [bt]: Applying algorithm 'evaluate-learner' on problem '168335-fold3' for job 62 (seed = 31477) ...
DEBUG [03:49:11.839] [mlr3]  Skip subsetting of task 'Task 168335: MiniBooNE (Supervised Classification)' 
DEBUG [03:49:11.843] [mlr3]  Calling train method of Learner 'bin_cwb_b' on task 'Task 168335: MiniBooNE (Supervised Classification)' with 104051 observations {learner: <LearnerClassifCompboost/LearnerClassif/Learner/R6>}
INFO  [03:49:11.897] [mlr3]  [LGCOMPBOOST] Running compboost with df 20.000000 and df_cat 1.000000 
   1/5000   risk = 0.56  riskauc = 0.85   time = 2   
 125/5000   risk = 0.26  riskauc = 0.95   time = 4083467   
 250/5000   risk = 0.24  riskauc = 0.96   time = 8240674   
 375/5000   risk = 0.23  riskauc = 0.96   time = 12406384   
 500/5000   risk = 0.23  riskauc = 0.97   time = 16422473   
 625/5000   risk = 0.22  riskauc = 0.97   time = 20414573   
 750/5000   risk = 0.22  riskauc = 0.97   time = 24346668   
 875/5000   risk = 0.22  riskauc = 0.97   time = 28259250   
1000/5000   risk = 0.22  riskauc = 0.97   time = 32224215   
1125/5000   risk = 0.22  riskauc = 0.97   time = 36221088   
1250/5000   risk = 0.22  riskauc = 0.97   time = 40195338   
1375/5000   risk = 0.22  riskauc = 0.97   time = 43943344   
1500/5000   risk = 0.22  riskauc = 0.97   time = 47840714   
1625/5000   risk = 0.22  riskauc = 0.97   time = 51549898   
1750/5000   risk = 0.22  riskauc = 0.97   time = 55200591   
1875/5000   risk = 0.22  riskauc = 0.97   time = 58833777   
2000/5000   risk = 0.22  riskauc = 0.97   time = 62475012   
2125/5000   risk = 0.22  riskauc = 0.97   time = 66172466   
2250/5000   risk = 0.22  riskauc = 0.97   time = 69990858   
2375/5000   risk = 0.22  riskauc = 0.97   time = 73851414   
2500/5000   risk = 0.22  riskauc = 0.97   time = 77849554   
2625/5000   risk = 0.22  riskauc = 0.97   time = 81874539   
2750/5000   risk = 0.22  riskauc = 0.97   time = 85877286   
2875/5000   risk = 0.22  riskauc = 0.97   time = 89669422   
3000/5000   risk = 0.22  riskauc = 0.97   time = 93427504   
3125/5000   risk = 0.22  riskauc = 0.97   time = 97251702   
3250/5000   risk = 0.22  riskauc = 0.97   time = 101075063   
3375/5000   risk = 0.22  riskauc = 0.97   time = 104835712   
3500/5000   risk = 0.22  riskauc = 0.97   time = 108753824   
3625/5000   risk = 0.22  riskauc = 0.97   time = 112890300   
3750/5000   risk = 0.22  riskauc = 0.97   time = 116999783   
3875/5000   risk = 0.22  riskauc = 0.97   time = 121133420   
4000/5000   risk = 0.22  riskauc = 0.97   time = 125080869   
4125/5000   risk = 0.22  riskauc = 0.97   time = 128938953   
4250/5000   risk = 0.22  riskauc = 0.97   time = 132692817   
4375/5000   risk = 0.22  riskauc = 0.97   time = 136494497   
4500/5000   risk = 0.22  riskauc = 0.97   time = 140307715   
4625/5000   risk = 0.22  riskauc = 0.97   time = 144051562   
4750/5000   risk = 0.22  riskauc = 0.97   time = 148017357   
4875/5000   risk = 0.22  riskauc = 0.97   time = 152069150   
5000/5000   risk = 0.22  riskauc = 0.97   time = 156247525   


Train 5000 iterations in 156 Seconds.
Final risk based on the train set: 0.22

INFO  [03:52:00.245] [mlr3]  [LGCOMPBOOST] iterations:'stop_cwb',5000,'stop_acwb',NA,'stop_hcwb',NA 
INFO  [03:52:00.248] [mlr3]  [LGCOMPBOOST] risk_inbag:'risk_intercept',0.593540,'risk_cwb',0.217247,'risk_acwb',NA,'risk_hcwb',NA 
INFO  [03:52:00.249] [mlr3]  [LGCOMPBOOST] risk_oob:'risk_intercept_oob',NA,'risk_cwb_oob',NA,'risk_acwb_oob',NA,'risk_hcwb_oob',NA 
DEBUG [03:52:00.255] [mlr3]  Learner 'bin_cwb_b' on task 'Task 168335: MiniBooNE (Supervised Classification)' succeeded to fit a model {learner: <LearnerClassifCompboost/LearnerClassif/Learner/R6>, result: <list>, messages: }
DEBUG [03:52:00.268] [mlr3]  Skip subsetting of task 'Task 168335: MiniBooNE (Supervised Classification)' 
DEBUG [03:52:00.271] [mlr3]  Calling train method of Learner 'bin_cwb_b' on task 'Task 168335: MiniBooNE (Supervised Classification)' with 104051 observations {learner: <LearnerClassifCompboost/LearnerClassif/Learner/R6>}
INFO  [03:52:00.287] [mlr3]  [LGCOMPBOOST] Running compboost with df 20.000000 and df_cat 1.000000 
   1/5000   risk = 0.56  time = 3   
 125/5000   risk = 0.26  time = 2294414   
 250/5000   risk = 0.24  time = 4661728   
 375/5000   risk = 0.23  time = 7058094   
 500/5000   risk = 0.23  time = 9521239   
 625/5000   risk = 0.22  time = 11902697   
 750/5000   risk = 0.22  time = 14343866   
 875/5000   risk = 0.22  time = 16927539   
1000/5000   risk = 0.22  time = 19492289   
1125/5000   risk = 0.22  time = 21944682   
1250/5000   risk = 0.22  time = 24416971   
1375/5000   risk = 0.22  time = 26989073   
1500/5000   risk = 0.22  time = 29474675   
1625/5000   risk = 0.22  time = 31929744   
1750/5000   risk = 0.22  time = 34386096   
1875/5000   risk = 0.22  time = 36814021   
2000/5000   risk = 0.22  time = 39313347   
2125/5000   risk = 0.22  time = 41838596   
2250/5000   risk = 0.22  time = 44399038   
2375/5000   risk = 0.22  time = 46908467   
2500/5000   risk = 0.22  time = 49397838   
2625/5000   risk = 0.22  time = 51954031   
2750/5000   risk = 0.22  time = 54497801   
2875/5000   risk = 0.22  time = 57012681   
3000/5000   risk = 0.22  time = 59564255   
3125/5000   risk = 0.22  time = 62140598   
3250/5000   risk = 0.22  time = 64740226   
3375/5000   risk = 0.22  time = 67314521   
3500/5000   risk = 0.22  time = 69877505   
3625/5000   risk = 0.22  time = 72488884   
3750/5000   risk = 0.22  time = 75107895   
3875/5000   risk = 0.22  time = 77765683   
4000/5000   risk = 0.22  time = 80311849   
4125/5000   risk = 0.22  time = 82868567   
4250/5000   risk = 0.22  time = 85437044   
4375/5000   risk = 0.22  time = 87985955   
4500/5000   risk = 0.22  time = 90534167   
4625/5000   risk = 0.22  time = 93083338   
4750/5000   risk = 0.22  time = 95695900   
4875/5000   risk = 0.22  time = 98242906   
5000/5000   risk = 0.22  time = 100831058   


Train 5000 iterations in 100 Seconds.
Final risk based on the train set: 0.22

INFO  [03:53:50.991] [mlr3]  [LGCOMPBOOST] iterations:'stop_cwb',5000,'stop_acwb',NA,'stop_hcwb',NA 
INFO  [03:53:50.994] [mlr3]  [LGCOMPBOOST] risk_inbag:'risk_intercept',0.593540,'risk_cwb',0.217247,'risk_acwb',NA,'risk_hcwb',NA 
INFO  [03:53:50.996] [mlr3]  [LGCOMPBOOST] risk_oob:'risk_intercept_oob',NA,'risk_cwb_oob',NA,'risk_acwb_oob',NA,'risk_hcwb_oob',NA 
DEBUG [03:53:51.001] [mlr3]  Learner 'bin_cwb_b' on task 'Task 168335: MiniBooNE (Supervised Classification)' succeeded to fit a model {learner: <LearnerClassifCompboost/LearnerClassif/Learner/R6>, result: <list>, messages: }

### [bt]: Job terminated successfully [batchtools job.id=62]
### [bt]: Calculation finished!
