### [bt]: This is batchtools v0.9.15
### [bt]: Starting calculation of 1 jobs
### [bt]: Setting working directory to '/home/user/repos/cacb-batchtools/eq1'
[2021-07-26 09:23:16] Loading new learner
[2021-07-26 09:23:16] Loading tasks
[2021-07-26 09:23:19] Loading resampling
### [bt]: Memory measurement disabled
### [bt]: Starting job [batchtools job.id=77]
### [bt]: Generating problem instance for problem '189866-fold1' ...
### [bt]: Applying algorithm 'evaluate-learner' on problem '189866-fold1' for job 77 (seed = 31492) ...
DEBUG [09:23:24.319] [mlr3]  Skip subsetting of task 'Task 189866: albert (Supervised Classification)' 
DEBUG [09:23:24.335] [mlr3]  Calling train method of Learner 'bin_cwb_b' on task 'Task 189866: albert (Supervised Classification)' with 340192 observations {learner: <LearnerClassifCompboost/LearnerClassif/Learner/R6>}
INFO  [09:23:25.317] [mlr3]  [LGCOMPBOOST] Running compboost with df 5.000000 and df_cat 3.000000 
   1/5000   risk = 0.69  riskauc = 0.64   time = 4   
 125/5000   risk = 0.63  riskauc = 0.71   time = 16723289   
 250/5000   risk = 0.63  riskauc = 0.72   time = 33238050   
 375/5000   risk = 0.63  riskauc = 0.72   time = 50511741   
 500/5000   risk = 0.64  riskauc = 0.73   time = 67859775   
 625/5000   risk = 0.64  riskauc = 0.73   time = 85739485   
 750/5000   risk = 0.64  riskauc = 0.73   time = 103456353   
 875/5000   risk = 0.64  riskauc = 0.73   time = 121480075   
1000/5000   risk = 0.64  riskauc = 0.73   time = 139313039   
1125/5000   risk = 0.65  riskauc = 0.73   time = 157309471   
1250/5000   risk = 0.65  riskauc = 0.73   time = 175670337   
1375/5000   risk = 0.65  riskauc = 0.73   time = 194373158   
1500/5000   risk = 0.65  riskauc = 0.73   time = 212586521   
1625/5000   risk = 0.65  riskauc = 0.73   time = 230804332   
1750/5000   risk = 0.65  riskauc = 0.73   time = 249004024   
1875/5000   risk = 0.65  riskauc = 0.73   time = 267354990   
2000/5000   risk = 0.65  riskauc = 0.73   time = 285392293   
2125/5000   risk = 0.65  riskauc = 0.73   time = 303527832   
2250/5000   risk = 0.65  riskauc = 0.73   time = 321761979   
2375/5000   risk = 0.65  riskauc = 0.73   time = 339748004   
2500/5000   risk = 0.65  riskauc = 0.73   time = 357738751   
2625/5000   risk = 0.65  riskauc = 0.73   time = 375652881   
2750/5000   risk = 0.65  riskauc = 0.73   time = 394518951   
2875/5000   risk = 0.65  riskauc = 0.73   time = 413423137   
3000/5000   risk = 0.65  riskauc = 0.73   time = 431510964   
3125/5000   risk = 0.65  riskauc = 0.73   time = 449405645   
3250/5000   risk = 0.65  riskauc = 0.73   time = 467714516   
3375/5000   risk = 0.65  riskauc = 0.73   time = 485895332   
3500/5000   risk = 0.65  riskauc = 0.73   time = 503973734   
3625/5000   risk = 0.65  riskauc = 0.73   time = 522553648   
3750/5000   risk = 0.65  riskauc = 0.73   time = 540688568   
3875/5000   risk = 0.65  riskauc = 0.73   time = 558840977   
4000/5000   risk = 0.65  riskauc = 0.73   time = 576989599   
4125/5000   risk = 0.65  riskauc = 0.73   time = 595143813   
4250/5000   risk = 0.65  riskauc = 0.73   time = 613130800   
4375/5000   risk = 0.65  riskauc = 0.73   time = 631335152   
4500/5000   risk = 0.65  riskauc = 0.73   time = 649441672   
4625/5000   risk = 0.65  riskauc = 0.73   time = 667561012   
4750/5000   risk = 0.65  riskauc = 0.73   time = 685671965   
4875/5000   risk = 0.65  riskauc = 0.73   time = 704037260   
5000/5000   risk = 0.65  riskauc = 0.73   time = 722339633   


Train 5000 iterations in 722 Seconds.
Final risk based on the train set: 0.65

INFO  [09:35:39.534] [mlr3]  [LGCOMPBOOST] iterations:'stop_cwb',5000,'stop_acwb',NA,'stop_hcwb',NA 
INFO  [09:35:39.540] [mlr3]  [LGCOMPBOOST] risk_inbag:'risk_intercept',0.693147,'risk_cwb',0.652228,'risk_acwb',NA,'risk_hcwb',NA 
INFO  [09:35:39.541] [mlr3]  [LGCOMPBOOST] risk_oob:'risk_intercept_oob',NA,'risk_cwb_oob',NA,'risk_acwb_oob',NA,'risk_hcwb_oob',NA 
DEBUG [09:35:39.564] [mlr3]  Learner 'bin_cwb_b' on task 'Task 189866: albert (Supervised Classification)' succeeded to fit a model {learner: <LearnerClassifCompboost/LearnerClassif/Learner/R6>, result: <list>, messages: }
DEBUG [09:35:39.580] [mlr3]  Skip subsetting of task 'Task 189866: albert (Supervised Classification)' 
DEBUG [09:35:39.599] [mlr3]  Calling train method of Learner 'bin_cwb_b' on task 'Task 189866: albert (Supervised Classification)' with 340192 observations {learner: <LearnerClassifCompboost/LearnerClassif/Learner/R6>}
INFO  [09:35:40.236] [mlr3]  [LGCOMPBOOST] Running compboost with df 5.000000 and df_cat 3.000000 
   1/5000   risk = 0.69  time = 3   
 125/5000   risk = 0.63  time = 15780361   
 250/5000   risk = 0.63  time = 32642175   
 375/5000   risk = 0.63  time = 49794882   
 500/5000   risk = 0.64  time = 67025334   
 625/5000   risk = 0.64  time = 84247275   
 750/5000   risk = 0.64  time = 100738262   
 875/5000   risk = 0.64  time = 116780926   
1000/5000   risk = 0.64  time = 132489498   
1125/5000   risk = 0.65  time = 148014580   
1250/5000   risk = 0.65  time = 163550810   
1375/5000   risk = 0.65  time = 178320517   
1500/5000   risk = 0.65  time = 192480257   
1625/5000   risk = 0.65  time = 206622567   
1750/5000   risk = 0.65  time = 221515578   
1875/5000   risk = 0.65  time = 236607325   
2000/5000   risk = 0.65  time = 251797520   
2125/5000   risk = 0.65  time = 267703880   
2250/5000   risk = 0.65  time = 284012322   
2375/5000   risk = 0.65  time = 300548007   
2500/5000   risk = 0.65  time = 317087511   
2625/5000   risk = 0.65  time = 333802580   
2750/5000   risk = 0.65  time = 350988007   
2875/5000   risk = 0.65  time = 367405793   
3000/5000   risk = 0.65  time = 383707317   
3125/5000   risk = 0.65  time = 400074849   
3250/5000   risk = 0.65  time = 416311601   
3375/5000   risk = 0.65  time = 431935449   
3500/5000   risk = 0.65  time = 447735846   
3625/5000   risk = 0.65  time = 464288313   
3750/5000   risk = 0.65  time = 481685472   
3875/5000   risk = 0.65  time = 499575675   
4000/5000   risk = 0.65  time = 517510588   
4125/5000   risk = 0.65  time = 535571393   
4250/5000   risk = 0.65  time = 553696924   
4375/5000   risk = 0.65  time = 571895331   
4500/5000   risk = 0.65  time = 590028966   
4625/5000   risk = 0.65  time = 608212148   
4750/5000   risk = 0.65  time = 626191776   
4875/5000   risk = 0.65  time = 644652905   
5000/5000   risk = 0.65  time = 662617848   


Train 5000 iterations in 662 Seconds.
Final risk based on the train set: 0.65

INFO  [09:46:53.226] [mlr3]  [LGCOMPBOOST] iterations:'stop_cwb',5000,'stop_acwb',NA,'stop_hcwb',NA 
INFO  [09:46:53.230] [mlr3]  [LGCOMPBOOST] risk_inbag:'risk_intercept',0.693147,'risk_cwb',0.652228,'risk_acwb',NA,'risk_hcwb',NA 
INFO  [09:46:53.231] [mlr3]  [LGCOMPBOOST] risk_oob:'risk_intercept_oob',NA,'risk_cwb_oob',NA,'risk_acwb_oob',NA,'risk_hcwb_oob',NA 
DEBUG [09:46:53.255] [mlr3]  Learner 'bin_cwb_b' on task 'Task 189866: albert (Supervised Classification)' succeeded to fit a model {learner: <LearnerClassifCompboost/LearnerClassif/Learner/R6>, result: <list>, messages: }

### [bt]: Job terminated successfully [batchtools job.id=77]
### [bt]: Calculation finished!
