### [bt]: This is batchtools v0.9.15
### [bt]: Starting calculation of 1 jobs
### [bt]: Setting working directory to '/home/user/repos/cacb-batchtools/eq1'
[2021-07-27 23:11:51] Loading new learner
[2021-07-27 23:11:51] Loading tasks
[2021-07-27 23:11:53] Loading resampling
### [bt]: Memory measurement disabled
### [bt]: Starting job [batchtools job.id=54]
### [bt]: Generating problem instance for problem '168335-fold4' ...
### [bt]: Applying algorithm 'evaluate-learner' on problem '168335-fold4' for job 54 (seed = 31469) ...
DEBUG [23:11:55.946] [mlr3]  Skip subsetting of task 'Task 168335: MiniBooNE (Supervised Classification)' 
DEBUG [23:11:55.949] [mlr3]  Calling train method of Learner 'bin_cwb_b' on task 'Task 168335: MiniBooNE (Supervised Classification)' with 104051 observations {learner: <LearnerClassifCompboost/LearnerClassif/Learner/R6>}
   1/5000   risk = 0.56  riskauc = 0.84   time = 2   
 125/5000   risk = 0.26  riskauc = 0.95   time = 3849299   
 250/5000   risk = 0.24  riskauc = 0.96   time = 7656081   
 375/5000   risk = 0.23  riskauc = 0.97   time = 11353202   
 500/5000   risk = 0.23  riskauc = 0.97   time = 15037416   
 625/5000   risk = 0.22  riskauc = 0.97   time = 18716168   
 750/5000   risk = 0.22  riskauc = 0.97   time = 22412238   
 875/5000   risk = 0.22  riskauc = 0.97   time = 26084643   
1000/5000   risk = 0.22  riskauc = 0.97   time = 29848312   
1125/5000   risk = 0.22  riskauc = 0.97   time = 33563872   
1250/5000   risk = 0.22  riskauc = 0.97   time = 37316147   
1375/5000   risk = 0.22  riskauc = 0.97   time = 41000195   
1500/5000   risk = 0.22  riskauc = 0.97   time = 44733565   
1625/5000   risk = 0.22  riskauc = 0.97   time = 48464976   
1750/5000   risk = 0.22  riskauc = 0.97   time = 52147927   
1875/5000   risk = 0.22  riskauc = 0.97   time = 55930688   
2000/5000   risk = 0.22  riskauc = 0.97   time = 59739288   
2125/5000   risk = 0.22  riskauc = 0.97   time = 63729583   
2250/5000   risk = 0.22  riskauc = 0.97   time = 67616625   
2375/5000   risk = 0.22  riskauc = 0.97   time = 71454486   
2500/5000   risk = 0.22  riskauc = 0.97   time = 75296514   
2625/5000   risk = 0.22  riskauc = 0.97   time = 79277751   
2750/5000   risk = 0.22  riskauc = 0.97   time = 83117247   
2875/5000   risk = 0.22  riskauc = 0.97   time = 86927403   
3000/5000   risk = 0.22  riskauc = 0.97   time = 90610011   
3125/5000   risk = 0.22  riskauc = 0.97   time = 94651374   
3250/5000   risk = 0.22  riskauc = 0.97   time = 98622543   
3375/5000   risk = 0.22  riskauc = 0.97   time = 102408539   
3500/5000   risk = 0.22  riskauc = 0.97   time = 106228196   
3625/5000   risk = 0.22  riskauc = 0.97   time = 109992683   
3750/5000   risk = 0.22  riskauc = 0.97   time = 113670311   
3875/5000   risk = 0.22  riskauc = 0.97   time = 117351841   
4000/5000   risk = 0.22  riskauc = 0.97   time = 121219849   
4125/5000   risk = 0.22  riskauc = 0.97   time = 125352623   
4250/5000   risk = 0.22  riskauc = 0.97   time = 129451562   
4375/5000   risk = 0.22  riskauc = 0.97   time = 133507435   
4500/5000   risk = 0.22  riskauc = 0.97   time = 137370011   
4625/5000   risk = 0.22  riskauc = 0.97   time = 141346746   
4750/5000   risk = 0.22  riskauc = 0.97   time = 145219919   
4875/5000   risk = 0.22  riskauc = 0.97   time = 149002364   
5000/5000   risk = 0.22  riskauc = 0.97   time = 152749759   


Train 5000 iterations in 152 Seconds.
Final risk based on the train set: 0.22

DEBUG [23:14:32.419] [mlr3]  Learner 'bin_cwb_b' on task 'Task 168335: MiniBooNE (Supervised Classification)' succeeded to fit a model {learner: <LearnerClassifCompboost/LearnerClassif/Learner/R6>, result: <list>, messages: }
DEBUG [23:14:32.433] [mlr3]  Skip subsetting of task 'Task 168335: MiniBooNE (Supervised Classification)' 
DEBUG [23:14:32.437] [mlr3]  Calling train method of Learner 'bin_cwb_b' on task 'Task 168335: MiniBooNE (Supervised Classification)' with 104051 observations {learner: <LearnerClassifCompboost/LearnerClassif/Learner/R6>}
   1/5000   risk = 0.56  time = 2   
 125/5000   risk = 0.26  time = 2323926   
 250/5000   risk = 0.24  time = 4650975   
 375/5000   risk = 0.23  time = 7015784   
 500/5000   risk = 0.23  time = 9333361   
 625/5000   risk = 0.22  time = 11670657   
 750/5000   risk = 0.22  time = 14049065   
 875/5000   risk = 0.22  time = 16477379   
1000/5000   risk = 0.22  time = 18896669   
1125/5000   risk = 0.22  time = 21302698   
1250/5000   risk = 0.22  time = 23692324   
1375/5000   risk = 0.22  time = 26148915   
1500/5000   risk = 0.22  time = 28564105   
1625/5000   risk = 0.22  time = 31091538   
1750/5000   risk = 0.22  time = 33582858   
1875/5000   risk = 0.22  time = 36079389   
2000/5000   risk = 0.22  time = 38665568   
2125/5000   risk = 0.22  time = 41163275   
2250/5000   risk = 0.22  time = 43677799   
2375/5000   risk = 0.22  time = 46202382   
2500/5000   risk = 0.22  time = 48720974   
2625/5000   risk = 0.22  time = 51188478   
2750/5000   risk = 0.22  time = 53667365   
2875/5000   risk = 0.22  time = 56215978   
3000/5000   risk = 0.22  time = 58810825   
3125/5000   risk = 0.22  time = 61331401   
3250/5000   risk = 0.22  time = 63898985   
3375/5000   risk = 0.22  time = 66409086   
3500/5000   risk = 0.22  time = 68935539   
3625/5000   risk = 0.22  time = 71444336   
3750/5000   risk = 0.22  time = 73955475   
3875/5000   risk = 0.22  time = 76504795   
4000/5000   risk = 0.22  time = 79044286   
4125/5000   risk = 0.22  time = 81611627   
4250/5000   risk = 0.22  time = 84145705   
4375/5000   risk = 0.22  time = 86777370   
4500/5000   risk = 0.22  time = 89277100   
4625/5000   risk = 0.22  time = 91811586   
4750/5000   risk = 0.22  time = 94366994   
4875/5000   risk = 0.22  time = 96916386   
5000/5000   risk = 0.22  time = 99478153   


Train 5000 iterations in 99 Seconds.
Final risk based on the train set: 0.22

DEBUG [23:16:14.980] [mlr3]  Learner 'bin_cwb_b' on task 'Task 168335: MiniBooNE (Supervised Classification)' succeeded to fit a model {learner: <LearnerClassifCompboost/LearnerClassif/Learner/R6>, result: <list>, messages: }

### [bt]: Job terminated successfully [batchtools job.id=54]
### [bt]: Calculation finished!
