### [bt]: This is batchtools v0.9.15
### [bt]: Starting calculation of 1 jobs
### [bt]: Setting working directory to '/home/user/repos/cacb-batchtools/eq1'
[2021-07-27 20:32:29] Loading new learner
[2021-07-27 20:32:29] Loading tasks
[2021-07-27 20:32:31] Loading resampling
### [bt]: Memory measurement disabled
### [bt]: Starting job [batchtools job.id=37]
### [bt]: Generating problem instance for problem '7592-fold5' ...
### [bt]: Applying algorithm 'evaluate-learner' on problem '7592-fold5' for job 37 (seed = 31452) ...
DEBUG [20:32:32.500] [mlr3]  Skip subsetting of task 'Task 7592: adult (Supervised Classification)' 
DEBUG [20:32:32.503] [mlr3]  Calling train method of Learner 'bin_cwb_nb' on task 'Task 7592: adult (Supervised Classification)' with 39074 observations {learner: <LearnerClassifCompboost/LearnerClassif/Learner/R6>}
Warning in get_private(learner)$.train(task) :
  Number of cores 30 exceeds number of features 14. The number of cores are set to 14!
   1/5000   risk = 0.54  riskauc = 0.77   time = 3   
 125/5000   risk = 0.35  riskauc = 0.9   time = 1942343   
 250/5000   risk = 0.34  riskauc = 0.91   time = 3694357   
 375/5000   risk = 0.34  riskauc = 0.91   time = 5309704   
 500/5000   risk = 0.35  riskauc = 0.91   time = 6617758   
 625/5000   risk = 0.35  riskauc = 0.91   time = 7908907   
 750/5000   risk = 0.35  riskauc = 0.91   time = 9354623   
 875/5000   risk = 0.35  riskauc = 0.91   time = 10712906   
1000/5000   risk = 0.35  riskauc = 0.91   time = 12087882   
1125/5000   risk = 0.35  riskauc = 0.91   time = 13416506   
1250/5000   risk = 0.35  riskauc = 0.91   time = 14897548   
1375/5000   risk = 0.35  riskauc = 0.91   time = 16452920   
1500/5000   risk = 0.35  riskauc = 0.91   time = 18074407   
1625/5000   risk = 0.35  riskauc = 0.91   time = 19584805   
1750/5000   risk = 0.36  riskauc = 0.91   time = 21093938   
1875/5000   risk = 0.36  riskauc = 0.91   time = 22665939   
2000/5000   risk = 0.36  riskauc = 0.91   time = 24185170   
2125/5000   risk = 0.36  riskauc = 0.91   time = 25688601   
2250/5000   risk = 0.36  riskauc = 0.91   time = 27252247   
2375/5000   risk = 0.36  riskauc = 0.91   time = 28631840   
2500/5000   risk = 0.36  riskauc = 0.91   time = 30078837   
2625/5000   risk = 0.36  riskauc = 0.91   time = 31473697   
2750/5000   risk = 0.36  riskauc = 0.91   time = 32839790   
2875/5000   risk = 0.36  riskauc = 0.91   time = 34427450   
3000/5000   risk = 0.36  riskauc = 0.91   time = 35980809   
3125/5000   risk = 0.36  riskauc = 0.91   time = 37512234   
3250/5000   risk = 0.36  riskauc = 0.91   time = 39057826   
3375/5000   risk = 0.36  riskauc = 0.91   time = 40492359   
3500/5000   risk = 0.36  riskauc = 0.91   time = 41911406   
3625/5000   risk = 0.36  riskauc = 0.91   time = 43413795   
3750/5000   risk = 0.36  riskauc = 0.91   time = 44922193   
3875/5000   risk = 0.36  riskauc = 0.91   time = 46481183   
4000/5000   risk = 0.36  riskauc = 0.91   time = 48041630   
4125/5000   risk = 0.36  riskauc = 0.91   time = 49586380   
4250/5000   risk = 0.36  riskauc = 0.91   time = 51182429   
4375/5000   risk = 0.36  riskauc = 0.91   time = 52885682   
4500/5000   risk = 0.36  riskauc = 0.91   time = 54356926   
4625/5000   risk = 0.36  riskauc = 0.91   time = 55796290   
4750/5000   risk = 0.36  riskauc = 0.91   time = 57171962   
4875/5000   risk = 0.36  riskauc = 0.91   time = 58501996   
5000/5000   risk = 0.36  riskauc = 0.91   time = 59948901   


Train 5000 iterations in 59 Seconds.
Final risk based on the train set: 0.36

DEBUG [20:33:35.062] [mlr3]  Learner 'bin_cwb_nb' on task 'Task 7592: adult (Supervised Classification)' succeeded to fit a model {learner: <LearnerClassifCompboost/LearnerClassif/Learner/R6>, result: <list>, messages: }
DEBUG [20:33:35.077] [mlr3]  Skip subsetting of task 'Task 7592: adult (Supervised Classification)' 
DEBUG [20:33:35.081] [mlr3]  Calling train method of Learner 'bin_cwb_nb' on task 'Task 7592: adult (Supervised Classification)' with 39074 observations {learner: <LearnerClassifCompboost/LearnerClassif/Learner/R6>}
Warning in get_private(learner)$.train(task) :
  Number of cores 30 exceeds number of features 14. The number of cores are set to 14!
   1/5000   risk = 0.54  time = 3   
 125/5000   risk = 0.35  time = 683206   
 250/5000   risk = 0.34  time = 1398478   
 375/5000   risk = 0.34  time = 2094153   
 500/5000   risk = 0.35  time = 2831040   
 625/5000   risk = 0.35  time = 3565350   
 750/5000   risk = 0.35  time = 4274879   
 875/5000   risk = 0.35  time = 5001396   
1000/5000   risk = 0.35  time = 5699363   
1125/5000   risk = 0.35  time = 6378414   
1250/5000   risk = 0.35  time = 7061433   
1375/5000   risk = 0.35  time = 7772709   
1500/5000   risk = 0.35  time = 8478910   
1625/5000   risk = 0.35  time = 9168517   
1750/5000   risk = 0.36  time = 9865872   
1875/5000   risk = 0.36  time = 10570655   
2000/5000   risk = 0.36  time = 11295948   
2125/5000   risk = 0.36  time = 12005182   
2250/5000   risk = 0.36  time = 12716281   
2375/5000   risk = 0.36  time = 13446911   
2500/5000   risk = 0.36  time = 14176997   
2625/5000   risk = 0.36  time = 14928213   
2750/5000   risk = 0.36  time = 15699136   
2875/5000   risk = 0.36  time = 16475915   
3000/5000   risk = 0.36  time = 17233722   
3125/5000   risk = 0.36  time = 17978093   
3250/5000   risk = 0.36  time = 18722209   
3375/5000   risk = 0.36  time = 19477524   
3500/5000   risk = 0.36  time = 20242776   
3625/5000   risk = 0.36  time = 20993737   
3750/5000   risk = 0.36  time = 21748056   
3875/5000   risk = 0.36  time = 22513429   
4000/5000   risk = 0.36  time = 23284349   
4125/5000   risk = 0.36  time = 24048289   
4250/5000   risk = 0.36  time = 24812590   
4375/5000   risk = 0.36  time = 25593323   
4500/5000   risk = 0.36  time = 26378186   
4625/5000   risk = 0.36  time = 27189810   
4750/5000   risk = 0.36  time = 27993325   
4875/5000   risk = 0.36  time = 28801202   
5000/5000   risk = 0.36  time = 29593787   


Train 5000 iterations in 29 Seconds.
Final risk based on the train set: 0.36

DEBUG [20:34:07.259] [mlr3]  Learner 'bin_cwb_nb' on task 'Task 7592: adult (Supervised Classification)' succeeded to fit a model {learner: <LearnerClassifCompboost/LearnerClassif/Learner/R6>, result: <list>, messages: }

### [bt]: Job terminated successfully [batchtools job.id=37]
### [bt]: Calculation finished!
