### [bt]: This is batchtools v0.9.15
### [bt]: Starting calculation of 1 jobs
### [bt]: Setting working directory to '/home/user/repos/cacb-batchtools/eq1'
Loading required package: data.table
Loading required package: R6
Loading required package: mlr3
Loading required package: mlr3learners
Loading required package: mlr3extralearners

Attaching package: ‘mlr3extralearners’

The following objects are masked from ‘package:mlr3’:

    lrn, lrns

Loading required package: mlr3pipelines
Loading required package: mlr3tuning
Loading required package: paradox
Loading required package: compboost
[2021-08-02 15:52:27] Loading new learner LearnerClassifCWB
[2021-08-02 15:52:27] Loading new learner LearnerClassifHCWB
[2021-08-02 15:52:27] Loading new learner
[2021-08-02 15:52:27] Loading tasks
[2021-08-02 15:52:30] Loading resampling
### [bt]: Memory measurement disabled
### [bt]: Starting job [batchtools job.id=105]
### [bt]: Generating problem instance for problem '168908-fold1' ...
### [bt]: Applying algorithm 'evaluate-learner' on problem '168908-fold1' for job 105 (seed = 31520) ...
DEBUG [15:52:32.053] [mlr3]  Skip subsetting of task 'Task 168908: christine (Supervised Classification)' 
DEBUG [15:52:32.147] [mlr3]  Calling train method of Learner 'acc_hcwb' on task 'Task 168908: christine (Supervised Classification)' with 4334 observations {learner: <LearnerClassifHCWB/LearnerClassif/Learner/R6>}
   1/5000   risk = 0.68  oob_risk = 0.68   test_auc = 0.26   time = 3   val_auc = 0.3   
 125/5000   risk = 0.51  oob_risk = 0.56   test_auc = 0.2   time = 4497436   val_auc = 0.22   


Train 210 iterations in 9 Seconds.
Final risk based on the train set: 0.39

   1/4801   risk = 0.41  oob_risk = 0.57   test_auc = 0.2   time = 3   val_auc = 0.21   
 120/4801   risk = 0.42  oob_risk = 0.59   test_auc = 0.2   time = 4037444   val_auc = 0.21   
 240/4801   risk = 0.41  oob_risk = 0.59   test_auc = 0.2   time = 6891587   val_auc = 0.21   
 360/4801   risk = 0.4  oob_risk = 0.6   test_auc = 0.2   time = 9645056   val_auc = 0.21   
 480/4801   risk = 0.39  oob_risk = 0.6   test_auc = 0.2   time = 12467184   val_auc = 0.21   
 600/4801   risk = 0.38  oob_risk = 0.61   test_auc = 0.2   time = 15057700   val_auc = 0.21   
 720/4801   risk = 0.37  oob_risk = 0.61   test_auc = 0.2   time = 17895305   val_auc = 0.21   
 840/4801   risk = 0.36  oob_risk = 0.61   test_auc = 0.2   time = 20648690   val_auc = 0.21   
 960/4801   risk = 0.35  oob_risk = 0.62   test_auc = 0.21   time = 23346914   val_auc = 0.21   
1080/4801   risk = 0.34  oob_risk = 0.62   test_auc = 0.21   time = 25944645   val_auc = 0.21   
1200/4801   risk = 0.34  oob_risk = 0.62   test_auc = 0.21   time = 28611955   val_auc = 0.21   
1320/4801   risk = 0.33  oob_risk = 0.63   test_auc = 0.21   time = 31293377   val_auc = 0.21   
1440/4801   risk = 0.32  oob_risk = 0.63   test_auc = 0.21   time = 33894280   val_auc = 0.21   
1560/4801   risk = 0.32  oob_risk = 0.63   test_auc = 0.21   time = 36514585   val_auc = 0.21   
1680/4801   risk = 0.31  oob_risk = 0.64   test_auc = 0.21   time = 39977160   val_auc = 0.21   
1800/4801   risk = 0.3  oob_risk = 0.64   test_auc = 0.21   time = 42631187   val_auc = 0.21   
1920/4801   risk = 0.3  oob_risk = 0.64   test_auc = 0.21   time = 45424590   val_auc = 0.21   
2040/4801   risk = 0.29  oob_risk = 0.65   test_auc = 0.21   time = 48367570   val_auc = 0.21   
2160/4801   risk = 0.29  oob_risk = 0.65   test_auc = 0.21   time = 51226013   val_auc = 0.21   
2280/4801   risk = 0.28  oob_risk = 0.65   test_auc = 0.21   time = 54134456   val_auc = 0.21   
2400/4801   risk = 0.28  oob_risk = 0.66   test_auc = 0.21   time = 57070200   val_auc = 0.21   
2520/4801   risk = 0.27  oob_risk = 0.66   test_auc = 0.21   time = 59768372   val_auc = 0.21   
2640/4801   risk = 0.27  oob_risk = 0.66   test_auc = 0.21   time = 62480896   val_auc = 0.21   
2760/4801   risk = 0.26  oob_risk = 0.66   test_auc = 0.22   time = 65339930   val_auc = 0.21   
2880/4801   risk = 0.26  oob_risk = 0.67   test_auc = 0.22   time = 68222614   val_auc = 0.21   
3000/4801   risk = 0.25  oob_risk = 0.67   test_auc = 0.22   time = 71088118   val_auc = 0.21   
3120/4801   risk = 0.25  oob_risk = 0.67   test_auc = 0.22   time = 73985559   val_auc = 0.21   
3240/4801   risk = 0.24  oob_risk = 0.68   test_auc = 0.22   time = 76774704   val_auc = 0.21   
3360/4801   risk = 0.24  oob_risk = 0.68   test_auc = 0.22   time = 79531452   val_auc = 0.21   
3480/4801   risk = 0.24  oob_risk = 0.68   test_auc = 0.22   time = 82225862   val_auc = 0.21   
3600/4801   risk = 0.23  oob_risk = 0.68   test_auc = 0.22   time = 84925405   val_auc = 0.21   
3720/4801   risk = 0.23  oob_risk = 0.69   test_auc = 0.22   time = 87716122   val_auc = 0.21   
3840/4801   risk = 0.23  oob_risk = 0.69   test_auc = 0.22   time = 90560512   val_auc = 0.21   
3960/4801   risk = 0.22  oob_risk = 0.69   test_auc = 0.22   time = 93291725   val_auc = 0.21   
4080/4801   risk = 0.22  oob_risk = 0.7   test_auc = 0.22   time = 96000856   val_auc = 0.22   
4200/4801   risk = 0.21  oob_risk = 0.7   test_auc = 0.22   time = 98832951   val_auc = 0.22   
4320/4801   risk = 0.21  oob_risk = 0.7   test_auc = 0.22   time = 101677424   val_auc = 0.22   
4440/4801   risk = 0.21  oob_risk = 0.71   test_auc = 0.22   time = 104480886   val_auc = 0.22   
4560/4801   risk = 0.2  oob_risk = 0.71   test_auc = 0.22   time = 107321493   val_auc = 0.22   
4680/4801   risk = 0.2  oob_risk = 0.71   test_auc = 0.22   time = 110085322   val_auc = 0.22   
4800/4801   risk = 0.2  oob_risk = 0.71   test_auc = 0.22   time = 112804832   val_auc = 0.22   


Train 4801 iterations in 114 Seconds.
Final risk based on the train set: 0.2

DEBUG [15:55:37.291] [mlr3]  Learner 'acc_hcwb' on task 'Task 168908: christine (Supervised Classification)' succeeded to fit a model {learner: <LearnerClassifHCWB/LearnerClassif/Learner/R6>, result: <list>, messages: }

### [bt]: Job terminated successfully [batchtools job.id=105]
### [bt]: Calculation finished!
