### [bt]: This is batchtools v0.9.15
### [bt]: Starting calculation of 1 jobs
### [bt]: Setting working directory to '/home/user/repos/cacb-batchtools/eq1'
[2021-07-26 21:56:15] Loading new learner
[2021-07-26 21:56:15] Loading tasks
[2021-07-26 21:56:18] Loading resampling
### [bt]: Memory measurement disabled
### [bt]: Starting job [batchtools job.id=98]
### [bt]: Generating problem instance for problem '189866-fold5' ...
### [bt]: Applying algorithm 'evaluate-learner' on problem '189866-fold5' for job 98 (seed = 31513) ...
DEBUG [21:56:22.943] [mlr3]  Skip subsetting of task 'Task 189866: albert (Supervised Classification)' 
DEBUG [21:56:22.960] [mlr3]  Calling train method of Learner 'acc_cwb' on task 'Task 189866: albert (Supervised Classification)' with 340192 observations {learner: <LearnerClassifCompboost/LearnerClassif/Learner/R6>}
INFO  [21:56:23.646] [mlr3]  [LGCOMPBOOST] Running compboost with df 5.000000 and df_cat 3.000000 
   1/5000   risk = 0.69  riskauc = 0.64   time = 3   
 125/5000   risk = 0.66  riskauc = 0.65   time = 28575569   
 250/5000   risk = 0.65  riskauc = 0.68   time = 56935189   
 375/5000   risk = 0.64  riskauc = 0.69   time = 85102464   
 500/5000   risk = 0.64  riskauc = 0.7   time = 113611889   
 625/5000   risk = 0.63  riskauc = 0.7   time = 142804785   
 750/5000   risk = 0.63  riskauc = 0.7   time = 172532642   
 875/5000   risk = 0.63  riskauc = 0.71   time = 201961757   
1000/5000   risk = 0.63  riskauc = 0.71   time = 231274123   
1125/5000   risk = 0.63  riskauc = 0.71   time = 260270053   
1250/5000   risk = 0.63  riskauc = 0.71   time = 289202578   
1375/5000   risk = 0.63  riskauc = 0.71   time = 319102679   
1500/5000   risk = 0.63  riskauc = 0.71   time = 347992163   
1625/5000   risk = 0.63  riskauc = 0.71   time = 377075266   
1750/5000   risk = 0.63  riskauc = 0.72   time = 405919904   
1875/5000   risk = 0.63  riskauc = 0.72   time = 434826607   
2000/5000   risk = 0.63  riskauc = 0.72   time = 463714397   
2125/5000   risk = 0.63  riskauc = 0.72   time = 492506018   
2250/5000   risk = 0.63  riskauc = 0.72   time = 521661900   
2375/5000   risk = 0.63  riskauc = 0.72   time = 550616201   
2500/5000   risk = 0.63  riskauc = 0.72   time = 579866343   
2625/5000   risk = 0.63  riskauc = 0.72   time = 609024137   
2750/5000   risk = 0.63  riskauc = 0.72   time = 638089019   
2875/5000   risk = 0.63  riskauc = 0.72   time = 667041535   
3000/5000   risk = 0.63  riskauc = 0.72   time = 696179681   
3125/5000   risk = 0.63  riskauc = 0.72   time = 724951580   
3250/5000   risk = 0.63  riskauc = 0.72   time = 752978107   
3375/5000   risk = 0.63  riskauc = 0.72   time = 781745849   
3500/5000   risk = 0.63  riskauc = 0.72   time = 810542606   
3625/5000   risk = 0.63  riskauc = 0.72   time = 839166359   
3750/5000   risk = 0.63  riskauc = 0.72   time = 867775335   
3875/5000   risk = 0.63  riskauc = 0.72   time = 896565662   
4000/5000   risk = 0.63  riskauc = 0.72   time = 925483486   
4125/5000   risk = 0.63  riskauc = 0.72   time = 954046453   
4250/5000   risk = 0.63  riskauc = 0.73   time = 982982498   
4375/5000   risk = 0.63  riskauc = 0.73   time = 1011580469   
4500/5000   risk = 0.63  riskauc = 0.73   time = 1040393351   
4625/5000   risk = 0.63  riskauc = 0.73   time = 1069540145   
4750/5000   risk = 0.63  riskauc = 0.73   time = 1098348791   
4875/5000   risk = 0.64  riskauc = 0.73   time = 1127157159   
5000/5000   risk = 0.64  riskauc = 0.73   time = 1155663703   


Train 5000 iterations in 1155 Seconds.
Final risk based on the train set: 0.64

INFO  [22:15:58.776] [mlr3]  [LGCOMPBOOST] iterations:'stop_cwb',5000,'stop_acwb',NA,'stop_hcwb',NA 
INFO  [22:15:58.779] [mlr3]  [LGCOMPBOOST] risk_inbag:'risk_intercept',0.693147,'risk_cwb',0.635526,'risk_acwb',NA,'risk_hcwb',NA 
INFO  [22:15:58.781] [mlr3]  [LGCOMPBOOST] risk_oob:'risk_intercept_oob',NA,'risk_cwb_oob',NA,'risk_acwb_oob',NA,'risk_hcwb_oob',NA 
DEBUG [22:15:58.805] [mlr3]  Learner 'acc_cwb' on task 'Task 189866: albert (Supervised Classification)' succeeded to fit a model {learner: <LearnerClassifCompboost/LearnerClassif/Learner/R6>, result: <list>, messages: }
DEBUG [22:15:58.822] [mlr3]  Skip subsetting of task 'Task 189866: albert (Supervised Classification)' 
DEBUG [22:15:58.844] [mlr3]  Calling train method of Learner 'acc_cwb' on task 'Task 189866: albert (Supervised Classification)' with 340192 observations {learner: <LearnerClassifCompboost/LearnerClassif/Learner/R6>}
INFO  [22:15:59.370] [mlr3]  [LGCOMPBOOST] Running compboost with df 5.000000 and df_cat 3.000000 
   1/5000   risk = 0.69  time = 3   
 125/5000   risk = 0.66  time = 24219152   
 250/5000   risk = 0.65  time = 48104636   
 375/5000   risk = 0.64  time = 72047022   
 500/5000   risk = 0.64  time = 96011037   
 625/5000   risk = 0.63  time = 119804894   
 750/5000   risk = 0.63  time = 143681628   
 875/5000   risk = 0.63  time = 167763539   
1000/5000   risk = 0.63  time = 191768275   
1125/5000   risk = 0.63  time = 215456495   
1250/5000   risk = 0.63  time = 239302429   
1375/5000   risk = 0.63  time = 263379287   
1500/5000   risk = 0.63  time = 287100387   
1625/5000   risk = 0.63  time = 311079555   
1750/5000   risk = 0.63  time = 334908836   
1875/5000   risk = 0.63  time = 358688675   
2000/5000   risk = 0.63  time = 382650318   
2125/5000   risk = 0.63  time = 406769455   
2250/5000   risk = 0.63  time = 430840105   
2375/5000   risk = 0.63  time = 454968414   
2500/5000   risk = 0.63  time = 479031693   
2625/5000   risk = 0.63  time = 503347392   
2750/5000   risk = 0.63  time = 528115919   
2875/5000   risk = 0.63  time = 552791544   
3000/5000   risk = 0.63  time = 577589319   
3125/5000   risk = 0.63  time = 602398813   
3250/5000   risk = 0.63  time = 627287328   
3375/5000   risk = 0.63  time = 652203547   
3500/5000   risk = 0.63  time = 677122858   
3625/5000   risk = 0.63  time = 702048804   
3750/5000   risk = 0.63  time = 727011236   
3875/5000   risk = 0.63  time = 751959712   
4000/5000   risk = 0.63  time = 776899357   
4125/5000   risk = 0.63  time = 801887701   
4250/5000   risk = 0.63  time = 826968515   
4375/5000   risk = 0.63  time = 852052293   
4500/5000   risk = 0.63  time = 877110309   
4625/5000   risk = 0.63  time = 902526670   
4750/5000   risk = 0.63  time = 927628239   
4875/5000   risk = 0.64  time = 952818642   
5000/5000   risk = 0.64  time = 978071378   


Train 5000 iterations in 978 Seconds.
Final risk based on the train set: 0.64

INFO  [22:32:33.889] [mlr3]  [LGCOMPBOOST] iterations:'stop_cwb',5000,'stop_acwb',NA,'stop_hcwb',NA 
INFO  [22:32:33.896] [mlr3]  [LGCOMPBOOST] risk_inbag:'risk_intercept',0.693147,'risk_cwb',0.635526,'risk_acwb',NA,'risk_hcwb',NA 
INFO  [22:32:33.898] [mlr3]  [LGCOMPBOOST] risk_oob:'risk_intercept_oob',NA,'risk_cwb_oob',NA,'risk_acwb_oob',NA,'risk_hcwb_oob',NA 
DEBUG [22:32:34.046] [mlr3]  Learner 'acc_cwb' on task 'Task 189866: albert (Supervised Classification)' succeeded to fit a model {learner: <LearnerClassifCompboost/LearnerClassif/Learner/R6>, result: <list>, messages: }

### [bt]: Job terminated successfully [batchtools job.id=98]
### [bt]: Calculation finished!
