### [bt]: This is batchtools v0.9.15
### [bt]: Starting calculation of 1 jobs
### [bt]: Setting working directory to '/home/user/repos/cacb-batchtools/eq1'
[2021-07-29 00:00:46] Loading new learner
[2021-07-29 00:00:46] Loading tasks
[2021-07-29 00:00:48] Loading resampling
### [bt]: Memory measurement disabled
### [bt]: Starting job [batchtools job.id=105]
### [bt]: Generating problem instance for problem '9977-fold2' ...
### [bt]: Applying algorithm 'evaluate-learner' on problem '9977-fold2' for job 105 (seed = 31520) ...
DEBUG [00:00:49.621] [mlr3]  Skip subsetting of task 'Task 9977: nomao (Supervised Classification)' 
DEBUG [00:00:49.625] [mlr3]  Calling train method of Learner 'bin_cwb_nb' on task 'Task 9977: nomao (Supervised Classification)' with 27572 observations {learner: <LearnerClassifCompboost/LearnerClassif/Learner/R6>}
   1/5000   risk = 0.56  riskauc = 0.88   time = 2   
 125/5000   risk = 0.17  riskauc = 0.98   time = 4145201   
 250/5000   risk = 0.16  riskauc = 0.98   time = 8251082   
 375/5000   risk = 0.15  riskauc = 0.98   time = 12334770   
 500/5000   risk = 0.15  riskauc = 0.98   time = 16386787   
 625/5000   risk = 0.15  riskauc = 0.98   time = 20423431   
 750/5000   risk = 0.15  riskauc = 0.98   time = 24355424   
 875/5000   risk = 0.15  riskauc = 0.98   time = 28168312   
1000/5000   risk = 0.15  riskauc = 0.98   time = 32185134   
1125/5000   risk = 0.15  riskauc = 0.99   time = 35914247   
1250/5000   risk = 0.15  riskauc = 0.99   time = 39652965   
1375/5000   risk = 0.15  riskauc = 0.99   time = 43430900   
1500/5000   risk = 0.15  riskauc = 0.99   time = 47125126   
1625/5000   risk = 0.14  riskauc = 0.99   time = 50894188   
1750/5000   risk = 0.14  riskauc = 0.99   time = 54690824   
1875/5000   risk = 0.14  riskauc = 0.99   time = 58448532   
2000/5000   risk = 0.14  riskauc = 0.99   time = 62201036   
2125/5000   risk = 0.14  riskauc = 0.99   time = 65904330   
2250/5000   risk = 0.14  riskauc = 0.99   time = 69550093   
2375/5000   risk = 0.14  riskauc = 0.99   time = 73428304   
2500/5000   risk = 0.14  riskauc = 0.99   time = 77077635   
2625/5000   risk = 0.14  riskauc = 0.99   time = 80657893   
2750/5000   risk = 0.14  riskauc = 0.99   time = 84384237   
2875/5000   risk = 0.14  riskauc = 0.99   time = 88053528   
3000/5000   risk = 0.14  riskauc = 0.99   time = 91790798   
3125/5000   risk = 0.14  riskauc = 0.99   time = 95489015   
3250/5000   risk = 0.14  riskauc = 0.99   time = 99032367   
3375/5000   risk = 0.14  riskauc = 0.99   time = 102690401   
3500/5000   risk = 0.14  riskauc = 0.99   time = 106257732   
3625/5000   risk = 0.14  riskauc = 0.99   time = 110010786   
3750/5000   risk = 0.14  riskauc = 0.99   time = 113615764   
3875/5000   risk = 0.14  riskauc = 0.99   time = 117254427   
4000/5000   risk = 0.14  riskauc = 0.99   time = 120949775   
4125/5000   risk = 0.14  riskauc = 0.99   time = 124635061   
4250/5000   risk = 0.14  riskauc = 0.99   time = 128257123   
4375/5000   risk = 0.14  riskauc = 0.99   time = 131914316   
4500/5000   risk = 0.14  riskauc = 0.99   time = 135501570   
4625/5000   risk = 0.14  riskauc = 0.99   time = 139166124   
4750/5000   risk = 0.14  riskauc = 0.99   time = 142689763   
4875/5000   risk = 0.14  riskauc = 0.99   time = 146264476   
5000/5000   risk = 0.14  riskauc = 0.99   time = 150126862   


Train 5000 iterations in 150 Seconds.
Final risk based on the train set: 0.14

DEBUG [00:03:23.506] [mlr3]  Learner 'bin_cwb_nb' on task 'Task 9977: nomao (Supervised Classification)' succeeded to fit a model {learner: <LearnerClassifCompboost/LearnerClassif/Learner/R6>, result: <list>, messages: }
DEBUG [00:03:23.517] [mlr3]  Skip subsetting of task 'Task 9977: nomao (Supervised Classification)' 
DEBUG [00:03:23.521] [mlr3]  Calling train method of Learner 'bin_cwb_nb' on task 'Task 9977: nomao (Supervised Classification)' with 27572 observations {learner: <LearnerClassifCompboost/LearnerClassif/Learner/R6>}
   1/5000   risk = 0.56  time = 2   
 125/5000   risk = 0.17  time = 3407704   
 250/5000   risk = 0.16  time = 6800751   
 375/5000   risk = 0.15  time = 10177243   
 500/5000   risk = 0.15  time = 13449950   
 625/5000   risk = 0.15  time = 16792675   
 750/5000   risk = 0.15  time = 20168917   
 875/5000   risk = 0.15  time = 23643111   
1000/5000   risk = 0.15  time = 27150858   
1125/5000   risk = 0.15  time = 30612863   
1250/5000   risk = 0.15  time = 34150112   
1375/5000   risk = 0.15  time = 37601710   
1500/5000   risk = 0.15  time = 41049559   
1625/5000   risk = 0.14  time = 44418186   
1750/5000   risk = 0.14  time = 47853699   
1875/5000   risk = 0.14  time = 51260002   
2000/5000   risk = 0.14  time = 54666543   
2125/5000   risk = 0.14  time = 58094196   
2250/5000   risk = 0.14  time = 61532568   
2375/5000   risk = 0.14  time = 64950487   
2500/5000   risk = 0.14  time = 68393303   
2625/5000   risk = 0.14  time = 71868899   
2750/5000   risk = 0.14  time = 75295763   
2875/5000   risk = 0.14  time = 78738705   
3000/5000   risk = 0.14  time = 82196127   
3125/5000   risk = 0.14  time = 85691242   
3250/5000   risk = 0.14  time = 89196931   
3375/5000   risk = 0.14  time = 92660400   
3500/5000   risk = 0.14  time = 96153466   
3625/5000   risk = 0.14  time = 99620582   
3750/5000   risk = 0.14  time = 103081272   
3875/5000   risk = 0.14  time = 106567270   
4000/5000   risk = 0.14  time = 110099425   
4125/5000   risk = 0.14  time = 113613117   
4250/5000   risk = 0.14  time = 117085839   
4375/5000   risk = 0.14  time = 120569627   
4500/5000   risk = 0.14  time = 124162405   
4625/5000   risk = 0.14  time = 127749683   
4750/5000   risk = 0.14  time = 131351284   
4875/5000   risk = 0.14  time = 134975516   
5000/5000   risk = 0.14  time = 138584876   


Train 5000 iterations in 138 Seconds.
Final risk based on the train set: 0.14

DEBUG [00:05:45.911] [mlr3]  Learner 'bin_cwb_nb' on task 'Task 9977: nomao (Supervised Classification)' succeeded to fit a model {learner: <LearnerClassifCompboost/LearnerClassif/Learner/R6>, result: <list>, messages: }

### [bt]: Job terminated successfully [batchtools job.id=105]
### [bt]: Calculation finished!
