### [bt]: This is batchtools v0.9.15
### [bt]: Starting calculation of 1 jobs
### [bt]: Setting working directory to '/home/user/repos/cacb-batchtools/eq1'
[2021-07-29 22:26:27] Loading new learner
[2021-07-29 22:26:27] Loading tasks
[2021-07-29 22:26:30] Loading resampling
### [bt]: Memory measurement disabled
### [bt]: Starting job [batchtools job.id=139]
### [bt]: Generating problem instance for problem '189866-fold4' ...
### [bt]: Applying algorithm 'evaluate-learner' on problem '189866-fold4' for job 139 (seed = 31554) ...
DEBUG [22:26:34.641] [mlr3]  Skip subsetting of task 'Task 189866: albert (Supervised Classification)' 
DEBUG [22:26:34.645] [mlr3]  Calling train method of Learner 'acc_hcwb' on task 'Task 189866: albert (Supervised Classification)' with 340192 observations {learner: <LearnerClassifCompboost/LearnerClassif/Learner/R6>}
   1/5000   risk = 0.69  oob_risk = 0.69   riskauc = 0.64   time = 3   
 125/5000   risk = 0.62  oob_risk = 0.62   riskauc = 0.72   time = 36693989   


Train 226 iterations in 68 Seconds.
Final risk based on the train set: 0.62

   1/4785   risk = 0.61  oob_risk = 0.61   riskauc = 0.73   time = 2   
 120/4785   risk = 0.63  oob_risk = 0.63   riskauc = 0.73   time = 22056609   
 240/4785   risk = 0.63  oob_risk = 0.63   riskauc = 0.73   time = 44709575   
 360/4785   risk = 0.64  oob_risk = 0.64   riskauc = 0.73   time = 67551680   
 480/4785   risk = 0.64  oob_risk = 0.64   riskauc = 0.73   time = 90477631   
 600/4785   risk = 0.64  oob_risk = 0.64   riskauc = 0.73   time = 113607057   
 720/4785   risk = 0.64  oob_risk = 0.65   riskauc = 0.73   time = 136051964   
 840/4785   risk = 0.65  oob_risk = 0.65   riskauc = 0.73   time = 157776737   
 960/4785   risk = 0.65  oob_risk = 0.65   riskauc = 0.73   time = 180024765   
1080/4785   risk = 0.65  oob_risk = 0.65   riskauc = 0.73   time = 201726722   
1200/4785   risk = 0.65  oob_risk = 0.65   riskauc = 0.73   time = 222530379   
1320/4785   risk = 0.65  oob_risk = 0.65   riskauc = 0.73   time = 243601435   
1440/4785   risk = 0.65  oob_risk = 0.65   riskauc = 0.73   time = 265334018   
1560/4785   risk = 0.65  oob_risk = 0.65   riskauc = 0.73   time = 286283950   
1680/4785   risk = 0.65  oob_risk = 0.65   riskauc = 0.73   time = 307074362   
1800/4785   risk = 0.65  oob_risk = 0.65   riskauc = 0.73   time = 327364557   
1920/4785   risk = 0.65  oob_risk = 0.65   riskauc = 0.73   time = 348179664   
2040/4785   risk = 0.65  oob_risk = 0.65   riskauc = 0.73   time = 368741121   
2160/4785   risk = 0.65  oob_risk = 0.65   riskauc = 0.73   time = 389539031   
2280/4785   risk = 0.65  oob_risk = 0.65   riskauc = 0.74   time = 409824170   
2400/4785   risk = 0.65  oob_risk = 0.65   riskauc = 0.74   time = 430258500   
2520/4785   risk = 0.65  oob_risk = 0.65   riskauc = 0.74   time = 451216366   
2640/4785   risk = 0.65  oob_risk = 0.65   riskauc = 0.74   time = 472005215   
2760/4785   risk = 0.65  oob_risk = 0.65   riskauc = 0.74   time = 492756127   
2880/4785   risk = 0.65  oob_risk = 0.65   riskauc = 0.74   time = 513580991   
3000/4785   risk = 0.65  oob_risk = 0.65   riskauc = 0.74   time = 534541370   
3120/4785   risk = 0.65  oob_risk = 0.65   riskauc = 0.74   time = 555358517   
3240/4785   risk = 0.65  oob_risk = 0.65   riskauc = 0.74   time = 576710873   
3360/4785   risk = 0.65  oob_risk = 0.65   riskauc = 0.74   time = 597537419   
3480/4785   risk = 0.65  oob_risk = 0.65   riskauc = 0.74   time = 618073386   
3600/4785   risk = 0.65  oob_risk = 0.65   riskauc = 0.74   time = 638612919   
3720/4785   risk = 0.65  oob_risk = 0.65   riskauc = 0.74   time = 659148068   
3840/4785   risk = 0.65  oob_risk = 0.65   riskauc = 0.74   time = 680390215   
3960/4785   risk = 0.65  oob_risk = 0.65   riskauc = 0.74   time = 701117932   
4080/4785   risk = 0.65  oob_risk = 0.65   riskauc = 0.74   time = 721606227   
4200/4785   risk = 0.65  oob_risk = 0.65   riskauc = 0.74   time = 741857871   
4320/4785   risk = 0.65  oob_risk = 0.65   riskauc = 0.74   time = 762111870   
4440/4785   risk = 0.65  oob_risk = 0.65   riskauc = 0.74   time = 783510663   
4560/4785   risk = 0.65  oob_risk = 0.65   riskauc = 0.74   time = 805542958   
4680/4785   risk = 0.65  oob_risk = 0.65   riskauc = 0.74   time = 826227848   


Train 4785 iterations in 844 Seconds.
Final risk based on the train set: 0.65

DEBUG [22:42:09.874] [mlr3]  Learner 'acc_hcwb' on task 'Task 189866: albert (Supervised Classification)' succeeded to fit a model {learner: <LearnerClassifCompboost/LearnerClassif/Learner/R6>, result: <list>, messages: }
DEBUG [22:42:09.889] [mlr3]  Skip subsetting of task 'Task 189866: albert (Supervised Classification)' 
DEBUG [22:42:09.892] [mlr3]  Calling train method of Learner 'acc_hcwb' on task 'Task 189866: albert (Supervised Classification)' with 340192 observations {learner: <LearnerClassifCompboost/LearnerClassif/Learner/R6>}
   1/5000   risk = 0.69  oob_risk = 0.69   time = 3   
 125/5000   risk = 0.62  oob_risk = 0.62   time = 36397565   


Train 226 iterations in 68 Seconds.
Final risk based on the train set: 0.62

   1/4785   risk = 0.61  oob_risk = 0.61   time = 3   
 120/4785   risk = 0.63  oob_risk = 0.63   time = 19835240   
 240/4785   risk = 0.63  oob_risk = 0.63   time = 39494713   
 360/4785   risk = 0.64  oob_risk = 0.64   time = 59491971   
 480/4785   risk = 0.64  oob_risk = 0.64   time = 79622669   
 600/4785   risk = 0.64  oob_risk = 0.64   time = 100084456   
 720/4785   risk = 0.64  oob_risk = 0.65   time = 121254133   
 840/4785   risk = 0.65  oob_risk = 0.65   time = 142589282   
 960/4785   risk = 0.65  oob_risk = 0.65   time = 163719241   
1080/4785   risk = 0.65  oob_risk = 0.65   time = 185328214   
1200/4785   risk = 0.65  oob_risk = 0.65   time = 206759186   
1320/4785   risk = 0.65  oob_risk = 0.65   time = 228190367   
1440/4785   risk = 0.65  oob_risk = 0.65   time = 249462805   
1560/4785   risk = 0.65  oob_risk = 0.65   time = 270912482   
1680/4785   risk = 0.65  oob_risk = 0.65   time = 292229685   
1800/4785   risk = 0.65  oob_risk = 0.65   time = 313255518   
1920/4785   risk = 0.65  oob_risk = 0.65   time = 333822492   
2040/4785   risk = 0.65  oob_risk = 0.65   time = 353682929   
2160/4785   risk = 0.65  oob_risk = 0.65   time = 373043248   
2280/4785   risk = 0.65  oob_risk = 0.65   time = 392586610   
2400/4785   risk = 0.65  oob_risk = 0.65   time = 412371486   
2520/4785   risk = 0.65  oob_risk = 0.65   time = 433066999   
2640/4785   risk = 0.65  oob_risk = 0.65   time = 454079796   
2760/4785   risk = 0.65  oob_risk = 0.65   time = 475107150   
2880/4785   risk = 0.65  oob_risk = 0.65   time = 493470848   
3000/4785   risk = 0.65  oob_risk = 0.65   time = 511349093   
3120/4785   risk = 0.65  oob_risk = 0.65   time = 529577326   
3240/4785   risk = 0.65  oob_risk = 0.65   time = 547985374   
3360/4785   risk = 0.65  oob_risk = 0.65   time = 566351032   
3480/4785   risk = 0.65  oob_risk = 0.65   time = 584056142   
3600/4785   risk = 0.65  oob_risk = 0.65   time = 601471932   
3720/4785   risk = 0.65  oob_risk = 0.65   time = 618434087   
3840/4785   risk = 0.65  oob_risk = 0.65   time = 635437745   
3960/4785   risk = 0.65  oob_risk = 0.65   time = 652930652   
4080/4785   risk = 0.65  oob_risk = 0.65   time = 671602542   
4200/4785   risk = 0.65  oob_risk = 0.65   time = 691638484   
4320/4785   risk = 0.65  oob_risk = 0.65   time = 711227406   
4440/4785   risk = 0.65  oob_risk = 0.65   time = 730427821   
4560/4785   risk = 0.65  oob_risk = 0.65   time = 748977098   
4680/4785   risk = 0.65  oob_risk = 0.65   time = 768523459   


Train 4785 iterations in 786 Seconds.
Final risk based on the train set: 0.65

DEBUG [22:56:44.933] [mlr3]  Learner 'acc_hcwb' on task 'Task 189866: albert (Supervised Classification)' succeeded to fit a model {learner: <LearnerClassifCompboost/LearnerClassif/Learner/R6>, result: <list>, messages: }

### [bt]: Job terminated successfully [batchtools job.id=139]
### [bt]: Calculation finished!
