### [bt]: This is batchtools v0.9.15
### [bt]: Starting calculation of 1 jobs
### [bt]: Setting working directory to '/home/user/repos/cacb-batchtools/eq1'
Loading required package: data.table
Loading required package: R6
Loading required package: mlr3
Loading required package: mlr3learners
Loading required package: mlr3extralearners

Attaching package: ‘mlr3extralearners’

The following objects are masked from ‘package:mlr3’:

    lrn, lrns

Loading required package: mlr3pipelines
Loading required package: mlr3tuning
Loading required package: paradox
Loading required package: compboost
[2021-08-02 00:07:33] Loading new learner LearnerClassifCWB
[2021-08-02 00:07:33] Loading new learner LearnerClassifHCWB
[2021-08-02 00:07:33] Loading new learner
[2021-08-02 00:07:33] Loading tasks
[2021-08-02 00:07:36] Loading resampling
### [bt]: Memory measurement disabled
### [bt]: Starting job [batchtools job.id=4]
### [bt]: Generating problem instance for problem 'spam-fold1' ...
### [bt]: Applying algorithm 'evaluate-learner' on problem 'spam-fold1' for job 4 (seed = 31419) ...
DEBUG [00:07:37.363] [mlr3]  Skip subsetting of task 'spam' 
DEBUG [00:07:37.444] [mlr3]  Calling train method of Learner 'acc_hcwb' on task 'spam' with 3680 observations {learner: <LearnerClassifHCWB/LearnerClassif/Learner/R6>}
   1/5000   risk = 0.66  oob_risk = 0.65   riskauc = 0.15   time = 2   val_auc = 0.16   


Train 72 iterations in 1 Seconds.
Final risk based on the train set: 0.15

   1/4939   risk = 0.19  oob_risk = inf   riskauc = 0.052   time = 2   val_auc = 0.042   
 123/4939   risk = 0.14  oob_risk = inf   riskauc = 0.047   time = 1378435   val_auc = 0.04   
 246/4939   risk = 0.14  oob_risk = inf   riskauc = 0.047   time = 2440749   val_auc = 0.04   
 369/4939   risk = 0.13  oob_risk = inf   riskauc = 0.047   time = 3621104   val_auc = 0.041   
 492/4939   risk = 0.13  oob_risk = inf   riskauc = 0.049   time = 4784848   val_auc = 0.039   
 615/4939   risk = 0.12  oob_risk = inf   riskauc = 0.054   time = 5973217   val_auc = 0.041   
 738/4939   risk = 0.12  oob_risk = inf   riskauc = 0.057   time = 7120140   val_auc = 0.044   
 861/4939   risk = 0.11  oob_risk = inf   riskauc = 0.059   time = 8223597   val_auc = 0.045   
 984/4939   risk = 0.11  oob_risk = inf   riskauc = 0.061   time = 9376936   val_auc = 0.045   
1107/4939   risk = 0.11  oob_risk = inf   riskauc = 0.062   time = 10520722   val_auc = 0.045   
1230/4939   risk = 0.11  oob_risk = inf   riskauc = 0.064   time = 11691306   val_auc = 0.047   
1353/4939   risk = 0.1  oob_risk = inf   riskauc = 0.066   time = 12907323   val_auc = 0.047   
1476/4939   risk = 0.1  oob_risk = inf   riskauc = 0.068   time = 13999603   val_auc = 0.047   
1599/4939   risk = 0.1  oob_risk = inf   riskauc = 0.07   time = 15100607   val_auc = 0.047   
1722/4939   risk = 0.099  oob_risk = inf   riskauc = 0.072   time = 16199088   val_auc = 0.047   
1845/4939   risk = 0.097  oob_risk = inf   riskauc = 0.073   time = 17332821   val_auc = 0.048   
1968/4939   risk = 0.095  oob_risk = inf   riskauc = 0.073   time = 18495842   val_auc = 0.048   
2091/4939   risk = 0.094  oob_risk = inf   riskauc = 0.074   time = 19635256   val_auc = 0.048   
2214/4939   risk = 0.092  oob_risk = inf   riskauc = 0.074   time = 20801345   val_auc = 0.048   
2337/4939   risk = 0.091  oob_risk = inf   riskauc = 0.075   time = 21964885   val_auc = 0.048   
2460/4939   risk = 0.09  oob_risk = inf   riskauc = 0.075   time = 23156070   val_auc = 0.048   
2583/4939   risk = 0.089  oob_risk = inf   riskauc = 0.075   time = 24456892   val_auc = 0.048   
2706/4939   risk = 0.087  oob_risk = inf   riskauc = 0.076   time = 25663311   val_auc = 0.048   
2829/4939   risk = 0.086  oob_risk = inf   riskauc = 0.076   time = 26836127   val_auc = 0.048   
2952/4939   risk = 0.085  oob_risk = inf   riskauc = 0.076   time = 27991060   val_auc = 0.048   
3075/4939   risk = 0.084  oob_risk = inf   riskauc = 0.076   time = 29132542   val_auc = 0.049   
3198/4939   risk = 0.083  oob_risk = inf   riskauc = 0.076   time = 30266088   val_auc = 0.049   
3321/4939   risk = 0.082  oob_risk = inf   riskauc = 0.077   time = 31475627   val_auc = 0.049   
3444/4939   risk = 0.081  oob_risk = inf   riskauc = 0.077   time = 32632603   val_auc = 0.049   
3567/4939   risk = 0.08  oob_risk = inf   riskauc = 0.077   time = 33807890   val_auc = 0.049   
3690/4939   risk = 0.08  oob_risk = inf   riskauc = 0.077   time = 35040944   val_auc = 0.049   
3813/4939   risk = 0.079  oob_risk = inf   riskauc = 0.077   time = 36249722   val_auc = 0.05   
3936/4939   risk = 0.078  oob_risk = inf   riskauc = 0.078   time = 37380150   val_auc = 0.05   
4059/4939   risk = 0.077  oob_risk = inf   riskauc = 0.078   time = 38527975   val_auc = 0.05   
4182/4939   risk = 0.076  oob_risk = inf   riskauc = 0.078   time = 39663978   val_auc = 0.05   
4305/4939   risk = 0.076  oob_risk = inf   riskauc = 0.078   time = 40830047   val_auc = 0.05   
4428/4939   risk = 0.075  oob_risk = inf   riskauc = 0.078   time = 42040203   val_auc = 0.05   
4551/4939   risk = 0.074  oob_risk = inf   riskauc = 0.078   time = 43204162   val_auc = 0.05   
4674/4939   risk = 0.074  oob_risk = inf   riskauc = 0.078   time = 44375092   val_auc = 0.05   
4797/4939   risk = 0.073  oob_risk = inf   riskauc = 0.078   time = 45571556   val_auc = 0.051   
4920/4939   risk = 0.072  oob_risk = inf   riskauc = 0.078   time = 46788315   val_auc = 0.051   


Train 4939 iterations in 47 Seconds.
Final risk based on the train set: 0.072

DEBUG [00:08:30.127] [mlr3]  Learner 'acc_hcwb' on task 'spam' succeeded to fit a model {learner: <LearnerClassifHCWB/LearnerClassif/Learner/R6>, result: <list>, messages: }

### [bt]: Job terminated successfully [batchtools job.id=4]
### [bt]: Calculation finished!
