### [bt]: This is batchtools v0.9.15
### [bt]: Starting calculation of 1 jobs
### [bt]: Setting working directory to '/home/user/repos/cacb-batchtools/eq1'
[2021-07-26 05:51:24] Loading new learner
[2021-07-26 05:51:24] Loading tasks
[2021-07-26 05:51:27] Loading resampling
### [bt]: Memory measurement disabled
### [bt]: Starting job [batchtools job.id=73]
### [bt]: Generating problem instance for problem '168335-fold5' ...
### [bt]: Applying algorithm 'evaluate-learner' on problem '168335-fold5' for job 73 (seed = 31488) ...
DEBUG [05:51:30.218] [mlr3]  Skip subsetting of task 'Task 168335: MiniBooNE (Supervised Classification)' 
DEBUG [05:51:30.221] [mlr3]  Calling train method of Learner 'acc_cwb' on task 'Task 168335: MiniBooNE (Supervised Classification)' with 104052 observations {learner: <LearnerClassifCompboost/LearnerClassif/Learner/R6>}
INFO  [05:51:30.280] [mlr3]  [LGCOMPBOOST] Running compboost with df 20.000000 and df_cat 1.000000 
   1/5000   risk = 0.59  riskauc = 0.85   time = 2   
 125/5000   risk = 0.39  riskauc = 0.93   time = 8988668   
 250/5000   risk = 0.32  riskauc = 0.94   time = 17850342   
 375/5000   risk = 0.29  riskauc = 0.95   time = 26544012   
 500/5000   risk = 0.28  riskauc = 0.95   time = 35271720   
 625/5000   risk = 0.27  riskauc = 0.95   time = 43970466   
 750/5000   risk = 0.26  riskauc = 0.95   time = 52787168   
 875/5000   risk = 0.26  riskauc = 0.95   time = 61609101   
1000/5000   risk = 0.26  riskauc = 0.95   time = 70128160   
1125/5000   risk = 0.26  riskauc = 0.95   time = 78656190   
1250/5000   risk = 0.26  riskauc = 0.95   time = 87779503   
1375/5000   risk = 0.26  riskauc = 0.95   time = 96743170   
1500/5000   risk = 0.26  riskauc = 0.96   time = 105819313   
1625/5000   risk = 0.25  riskauc = 0.96   time = 114682654   
1750/5000   risk = 0.25  riskauc = 0.96   time = 123509395   
1875/5000   risk = 0.25  riskauc = 0.96   time = 132471462   
2000/5000   risk = 0.25  riskauc = 0.96   time = 141203536   
2125/5000   risk = 0.25  riskauc = 0.96   time = 149829227   
2250/5000   risk = 0.24  riskauc = 0.96   time = 158487533   
2375/5000   risk = 0.24  riskauc = 0.96   time = 167572100   
2500/5000   risk = 0.24  riskauc = 0.96   time = 176525468   
2625/5000   risk = 0.24  riskauc = 0.96   time = 185261575   
2750/5000   risk = 0.24  riskauc = 0.96   time = 194097482   
2875/5000   risk = 0.24  riskauc = 0.96   time = 202931400   
3000/5000   risk = 0.24  riskauc = 0.96   time = 212079344   
3125/5000   risk = 0.23  riskauc = 0.96   time = 220769006   
3250/5000   risk = 0.23  riskauc = 0.96   time = 229458833   
3375/5000   risk = 0.23  riskauc = 0.96   time = 238171127   
3500/5000   risk = 0.23  riskauc = 0.96   time = 247180966   
3625/5000   risk = 0.23  riskauc = 0.96   time = 255977463   
3750/5000   risk = 0.23  riskauc = 0.97   time = 264781398   
3875/5000   risk = 0.23  riskauc = 0.97   time = 273620696   
4000/5000   risk = 0.23  riskauc = 0.97   time = 282614300   
4125/5000   risk = 0.23  riskauc = 0.97   time = 291600925   
4250/5000   risk = 0.23  riskauc = 0.97   time = 300406129   
4375/5000   risk = 0.23  riskauc = 0.97   time = 309244352   
4500/5000   risk = 0.23  riskauc = 0.97   time = 318170320   
4625/5000   risk = 0.23  riskauc = 0.97   time = 327077034   
4750/5000   risk = 0.23  riskauc = 0.97   time = 336360256   
4875/5000   risk = 0.23  riskauc = 0.97   time = 345405965   
5000/5000   risk = 0.23  riskauc = 0.97   time = 354335085   


Train 5000 iterations in 354 Seconds.
Final risk based on the train set: 0.23

INFO  [05:57:38.164] [mlr3]  [LGCOMPBOOST] iterations:'stop_cwb',5000,'stop_acwb',NA,'stop_hcwb',NA 
INFO  [05:57:38.167] [mlr3]  [LGCOMPBOOST] risk_inbag:'risk_intercept',0.593546,'risk_cwb',0.225872,'risk_acwb',NA,'risk_hcwb',NA 
INFO  [05:57:38.168] [mlr3]  [LGCOMPBOOST] risk_oob:'risk_intercept_oob',NA,'risk_cwb_oob',NA,'risk_acwb_oob',NA,'risk_hcwb_oob',NA 
DEBUG [05:57:38.174] [mlr3]  Learner 'acc_cwb' on task 'Task 168335: MiniBooNE (Supervised Classification)' succeeded to fit a model {learner: <LearnerClassifCompboost/LearnerClassif/Learner/R6>, result: <list>, messages: }
DEBUG [05:57:38.187] [mlr3]  Skip subsetting of task 'Task 168335: MiniBooNE (Supervised Classification)' 
DEBUG [05:57:38.190] [mlr3]  Calling train method of Learner 'acc_cwb' on task 'Task 168335: MiniBooNE (Supervised Classification)' with 104052 observations {learner: <LearnerClassifCompboost/LearnerClassif/Learner/R6>}
INFO  [05:57:38.203] [mlr3]  [LGCOMPBOOST] Running compboost with df 20.000000 and df_cat 1.000000 
   1/5000   risk = 0.59  time = 3   
 125/5000   risk = 0.39  time = 7065304   
 250/5000   risk = 0.32  time = 14245847   
 375/5000   risk = 0.29  time = 21205771   
 500/5000   risk = 0.28  time = 28094706   
 625/5000   risk = 0.27  time = 35244407   
 750/5000   risk = 0.26  time = 42645199   
 875/5000   risk = 0.26  time = 49761968   
1000/5000   risk = 0.26  time = 57112148   
1125/5000   risk = 0.26  time = 64164481   
1250/5000   risk = 0.26  time = 71362338   
1375/5000   risk = 0.26  time = 78486399   
1500/5000   risk = 0.26  time = 85515812   
1625/5000   risk = 0.25  time = 92448001   
1750/5000   risk = 0.25  time = 99398764   
1875/5000   risk = 0.25  time = 106303471   
2000/5000   risk = 0.25  time = 113288547   
2125/5000   risk = 0.25  time = 120346103   
2250/5000   risk = 0.24  time = 127346670   
2375/5000   risk = 0.24  time = 134442186   
2500/5000   risk = 0.24  time = 141489046   
2625/5000   risk = 0.24  time = 148357984   
2750/5000   risk = 0.24  time = 155516253   
2875/5000   risk = 0.24  time = 162582934   
3000/5000   risk = 0.24  time = 169708107   
3125/5000   risk = 0.23  time = 176881101   
3250/5000   risk = 0.23  time = 184155817   
3375/5000   risk = 0.23  time = 191326550   
3500/5000   risk = 0.23  time = 198437828   
3625/5000   risk = 0.23  time = 205492764   
3750/5000   risk = 0.23  time = 212804416   
3875/5000   risk = 0.23  time = 221222084   
4000/5000   risk = 0.23  time = 229489427   
4125/5000   risk = 0.23  time = 237632404   
4250/5000   risk = 0.23  time = 246063524   
4375/5000   risk = 0.23  time = 254554816   
4500/5000   risk = 0.23  time = 262989579   
4625/5000   risk = 0.23  time = 271317999   
4750/5000   risk = 0.23  time = 279750054   
4875/5000   risk = 0.23  time = 288125550   
5000/5000   risk = 0.23  time = 296554821   


Train 5000 iterations in 296 Seconds.
Final risk based on the train set: 0.23

INFO  [06:02:47.714] [mlr3]  [LGCOMPBOOST] iterations:'stop_cwb',5000,'stop_acwb',NA,'stop_hcwb',NA 
INFO  [06:02:47.718] [mlr3]  [LGCOMPBOOST] risk_inbag:'risk_intercept',0.593546,'risk_cwb',0.225872,'risk_acwb',NA,'risk_hcwb',NA 
INFO  [06:02:47.720] [mlr3]  [LGCOMPBOOST] risk_oob:'risk_intercept_oob',NA,'risk_cwb_oob',NA,'risk_acwb_oob',NA,'risk_hcwb_oob',NA 
DEBUG [06:02:47.727] [mlr3]  Learner 'acc_cwb' on task 'Task 168335: MiniBooNE (Supervised Classification)' succeeded to fit a model {learner: <LearnerClassifCompboost/LearnerClassif/Learner/R6>, result: <list>, messages: }

### [bt]: Job terminated successfully [batchtools job.id=73]
### [bt]: Calculation finished!
