### [bt]: This is batchtools v0.9.15
### [bt]: Starting calculation of 1 jobs
### [bt]: Setting working directory to '/home/user/repos/cacb-batchtools/eq1'
[2021-07-19] Loading new learner
[2021-07-19 08:10:55] Loading tasks
[2021-07-19 08:10:58] Loading resampling
### [bt]: Memory measurement disabled
### [bt]: Starting job [batchtools job.id=82]
### [bt]: Generating problem instance for problem '189866-fold2' ...
### [bt]: Applying algorithm 'evaluate-learner' on problem '189866-fold2' for job 82 (seed = 31497) ...
DEBUG [08:11:03.963] [mlr3]  Skip subsetting of task 'Task 189866: albert (Supervised Classification)' 
DEBUG [08:11:03.966] [mlr3]  Calling train method of Learner 'removeconstants_before.imputemedian_num.imputemode_fct.collapsefactors.removeconstants_after.bin_cwb_b' on task 'Task 189866: albert (Supervised Classification)' with 340192 observations {learner: <GraphLearner/Learner/R6>}
DEBUG [08:11:04.707] Running PipeOp 'removeconstants_before$train()' {pipeop: <PipeOpRemoveConstants/PipeOpTaskPreprocSimple/PipeOpTaskPreproc/PipeOp/R6>, input: <list>}
DEBUG [08:11:06.426] Running PipeOp 'imputemedian_num$train()' {pipeop: <PipeOpImputeMedian/PipeOpImpute/PipeOp/R6>, input: <list>}
DEBUG [08:11:07.068] Running PipeOp 'imputemode_fct$train()' {pipeop: <PipeOpImputeMode/PipeOpImpute/PipeOp/R6>, input: <list>}
DEBUG [08:11:08.555] Running PipeOp 'collapsefactors$train()' {pipeop: <PipeOpCollapseFactors/PipeOpTaskPreprocSimple/PipeOpTaskPreproc/PipeOp/R6>, input: <list>}
DEBUG [08:11:11.136] Running PipeOp 'removeconstants_after$train()' {pipeop: <PipeOpRemoveConstants/PipeOpTaskPreprocSimple/PipeOpTaskPreproc/PipeOp/R6>, input: <list>}
DEBUG [08:11:13.239] Running PipeOp 'bin_cwb_b$train()' {pipeop: <PipeOpLearner/PipeOp/R6>, input: <list>}
DEBUG [08:11:13.250] [mlr3]  Skip subsetting of task 'Task 189866: albert (Supervised Classification)' 
DEBUG [08:11:13.254] [mlr3]  Calling train method of Learner 'bin_cwb_b' on task 'Task 189866: albert (Supervised Classification)' with 340192 observations {learner: <LearnerClassifCompboost/LearnerClassif/Learner/R6>}
INFO  [08:11:13.872] [mlr3]  [LGCOMPBOOST] Running compboost with df 5.000000 and df_cat 3.000000 
   1/5000   risk = 0.69  time = 4   
 125/5000   risk = 0.63  time = 16940753   
 250/5000   risk = 0.63  time = 35083503   
 375/5000   risk = 0.63  time = 53385827   
 500/5000   risk = 0.64  time = 71232135   
 625/5000   risk = 0.64  time = 88692393   
 750/5000   risk = 0.64  time = 106818904   
 875/5000   risk = 0.64  time = 125144890   
1000/5000   risk = 0.64  time = 142777862   
1125/5000   risk = 0.64  time = 160599016   
1250/5000   risk = 0.65  time = 178662154   
1375/5000   risk = 0.65  time = 197130440   
1500/5000   risk = 0.65  time = 215777180   
1625/5000   risk = 0.65  time = 234380658   
1750/5000   risk = 0.65  time = 252644402   
1875/5000   risk = 0.65  time = 270516649   
2000/5000   risk = 0.65  time = 288146899   
2125/5000   risk = 0.65  time = 305472448   
2250/5000   risk = 0.65  time = 322946939   
2375/5000   risk = 0.65  time = 341203949   
2500/5000   risk = 0.65  time = 359490365   
2625/5000   risk = 0.65  time = 376979167   
2750/5000   risk = 0.65  time = 393894672   
2875/5000   risk = 0.65  time = 411788852   
3000/5000   risk = 0.65  time = 430425619   
3125/5000   risk = 0.65  time = 449074892   
3250/5000   risk = 0.65  time = 467695224   
3375/5000   risk = 0.65  time = 485568198   
3500/5000   risk = 0.65  time = 503271332   
3625/5000   risk = 0.65  time = 521000979   
3750/5000   risk = 0.65  time = 538785627   
3875/5000   risk = 0.65  time = 556324305   
4000/5000   risk = 0.65  time = 573382227   
4125/5000   risk = 0.65  time = 590079332   
4250/5000   risk = 0.65  time = 606958574   
4375/5000   risk = 0.65  time = 624821234   
4500/5000   risk = 0.65  time = 642719828   
4625/5000   risk = 0.65  time = 661064115   
4750/5000   risk = 0.65  time = 679652226   
4875/5000   risk = 0.65  time = 698135231   
5000/5000   risk = 0.65  time = 716378039   


Train 5000 iterations in 716 Seconds.
Final risk based on the train set: 0.65

INFO  [08:23:21.002] [mlr3]  [LGCOMPBOOST] iterations:'stop_cwb',5000,'stop_acwb',NA,'stop_hcwb',NA 
INFO  [08:23:21.006] [mlr3]  [LGCOMPBOOST] risk_inbag:'risk_intercept',0.693147,'risk_cwb',0.652093,'risk_acwb',NA,'risk_hcwb',NA 
INFO  [08:23:21.008] [mlr3]  [LGCOMPBOOST] risk_oob:'risk_intercept_oob',NA,'risk_cwb_oob',NA,'risk_acwb_oob',NA,'risk_hcwb_oob',NA 
DEBUG [08:23:21.015] [mlr3]  Learner 'bin_cwb_b' on task 'Task 189866: albert (Supervised Classification)' succeeded to fit a model {learner: <LearnerClassifCompboost/LearnerClassif/Learner/R6>, result: <list>, messages: }
DEBUG [08:23:21.881] [mlr3]  Learner 'removeconstants_before.imputemedian_num.imputemode_fct.collapsefactors.removeconstants_after.bin_cwb_b' on task 'Task 189866: albert (Supervised Classification)' succeeded to fit a model {learner: <GraphLearner/Learner/R6>, result: <list>, messages: }
[2021-07-19 08:23:24] (1/1250) Processing iter 4
Error in self$model$setToIteration(iteration, trace) : 
  addition: incompatible matrix dimensions: 340192x1 and 583x1

### [bt]: Job terminated with an exception [batchtools job.id=82]
### [bt]: Calculation finished!
