### [bt]: This is batchtools v0.9.15
### [bt]: Starting calculation of 1 jobs
### [bt]: Setting working directory to '/home/user/repos/cacb-batchtools/eq1'
[2021-07-29 16:32:49] Loading new learner
[2021-07-29 16:32:49] Loading tasks
[2021-07-29 16:32:51] Loading resampling
### [bt]: Memory measurement disabled
### [bt]: Starting job [batchtools job.id=125]
### [bt]: Generating problem instance for problem 'spam-fold5' ...
### [bt]: Applying algorithm 'evaluate-learner' on problem 'spam-fold5' for job 125 (seed = 31540) ...
DEBUG [16:32:52.730] [mlr3]  Skip subsetting of task 'spam' 
DEBUG [16:32:52.733] [mlr3]  Calling train method of Learner 'acc_hcwb' on task 'spam' with 3682 observations {learner: <LearnerClassifCompboost/LearnerClassif/Learner/R6>}
   1/5000   risk = 0.64  oob_risk = 0.64   riskauc = 0.78   time = 2   


Train 47 iterations in 0 Seconds.
Final risk based on the train set: 0.4

   1/4964   risk = 0.42  oob_risk = 0.48   riskauc = 0.93   time = 2   
 124/4964   risk = 0.22  oob_risk = 1.3   riskauc = 0.96   time = 1009834   
 248/4964   risk = 0.19  oob_risk = inf   riskauc = 0.96   time = 2002870   
 372/4964   risk = 0.18  oob_risk = inf   riskauc = 0.96   time = 3004405   
 496/4964   risk = 0.17  oob_risk = inf   riskauc = 0.96   time = 4004884   
 620/4964   risk = 0.16  oob_risk = inf   riskauc = 0.96   time = 5075295   
 744/4964   risk = 0.16  oob_risk = inf   riskauc = 0.96   time = 6093494   
 868/4964   risk = 0.15  oob_risk = inf   riskauc = 0.96   time = 7248700   
 992/4964   risk = 0.15  oob_risk = inf   riskauc = 0.95   time = 8370547   
1116/4964   risk = 0.14  oob_risk = inf   riskauc = 0.95   time = 9464872   
1240/4964   risk = 0.14  oob_risk = inf   riskauc = 0.95   time = 10541796   
1364/4964   risk = 0.14  oob_risk = inf   riskauc = 0.95   time = 11584817   
1488/4964   risk = 0.14  oob_risk = inf   riskauc = 0.95   time = 12884554   
1612/4964   risk = 0.13  oob_risk = inf   riskauc = 0.95   time = 14050512   
1736/4964   risk = 0.13  oob_risk = inf   riskauc = 0.95   time = 15183997   
1860/4964   risk = 0.13  oob_risk = inf   riskauc = 0.95   time = 16347695   
1984/4964   risk = 0.13  oob_risk = inf   riskauc = 0.95   time = 17441634   
2108/4964   risk = 0.13  oob_risk = inf   riskauc = 0.95   time = 18533112   
2232/4964   risk = 0.12  oob_risk = inf   riskauc = 0.95   time = 19702789   
2356/4964   risk = 0.12  oob_risk = inf   riskauc = 0.95   time = 20823448   
2480/4964   risk = 0.12  oob_risk = inf   riskauc = 0.95   time = 21968040   
2604/4964   risk = 0.12  oob_risk = inf   riskauc = 0.95   time = 23117304   
2728/4964   risk = 0.12  oob_risk = inf   riskauc = 0.95   time = 24281699   
2852/4964   risk = 0.12  oob_risk = inf   riskauc = 0.95   time = 25533304   
2976/4964   risk = 0.11  oob_risk = inf   riskauc = 0.95   time = 26671792   
3100/4964   risk = 0.11  oob_risk = inf   riskauc = 0.95   time = 27801542   
3224/4964   risk = 0.11  oob_risk = inf   riskauc = 0.95   time = 28906867   
3348/4964   risk = 0.11  oob_risk = inf   riskauc = 0.95   time = 30076556   
3472/4964   risk = 0.11  oob_risk = inf   riskauc = 0.95   time = 31473204   
3596/4964   risk = 0.11  oob_risk = inf   riskauc = 0.95   time = 32649229   
3720/4964   risk = 0.11  oob_risk = inf   riskauc = 0.95   time = 33764773   
3844/4964   risk = 0.11  oob_risk = inf   riskauc = 0.95   time = 35139062   
3968/4964   risk = 0.11  oob_risk = inf   riskauc = 0.95   time = 36347432   
4092/4964   risk = 0.11  oob_risk = inf   riskauc = 0.95   time = 37807680   
4216/4964   risk = 0.1  oob_risk = inf   riskauc = 0.95   time = 39003306   
4340/4964   risk = 0.1  oob_risk = inf   riskauc = 0.95   time = 40379302   
4464/4964   risk = 0.1  oob_risk = inf   riskauc = 0.95   time = 41727771   
4588/4964   risk = 0.1  oob_risk = inf   riskauc = 0.95   time = 42883890   
4712/4964   risk = 0.1  oob_risk = inf   riskauc = 0.95   time = 44171696   
4836/4964   risk = 0.1  oob_risk = inf   riskauc = 0.95   time = 45520184   
4960/4964   risk = 0.1  oob_risk = inf   riskauc = 0.95   time = 46773075   


Train 4964 iterations in 46 Seconds.
Final risk based on the train set: 0.1

DEBUG [16:33:40.640] [mlr3]  Learner 'acc_hcwb' on task 'spam' succeeded to fit a model {learner: <LearnerClassifCompboost/LearnerClassif/Learner/R6>, result: <list>, messages: }
DEBUG [16:33:40.655] [mlr3]  Skip subsetting of task 'spam' 
DEBUG [16:33:40.658] [mlr3]  Calling train method of Learner 'acc_hcwb' on task 'spam' with 3682 observations {learner: <LearnerClassifCompboost/LearnerClassif/Learner/R6>}
   1/5000   risk = 0.64  oob_risk = 0.64   time = 4   


Train 47 iterations in 0 Seconds.
Final risk based on the train set: 0.4

   1/4964   risk = 0.42  oob_risk = 0.48   time = 2   
 124/4964   risk = 0.22  oob_risk = 1.3   time = 1098077   
 248/4964   risk = 0.19  oob_risk = inf   time = 2191656   
 372/4964   risk = 0.18  oob_risk = inf   time = 3303968   
 496/4964   risk = 0.17  oob_risk = inf   time = 4343893   
 620/4964   risk = 0.16  oob_risk = inf   time = 5342881   
 744/4964   risk = 0.16  oob_risk = inf   time = 6382660   
 868/4964   risk = 0.15  oob_risk = inf   time = 7447262   
 992/4964   risk = 0.15  oob_risk = inf   time = 8536408   
1116/4964   risk = 0.14  oob_risk = inf   time = 9587398   
1240/4964   risk = 0.14  oob_risk = inf   time = 10666140   
1364/4964   risk = 0.14  oob_risk = inf   time = 11913248   
1488/4964   risk = 0.14  oob_risk = inf   time = 12973134   
1612/4964   risk = 0.13  oob_risk = inf   time = 13976392   
1736/4964   risk = 0.13  oob_risk = inf   time = 15094826   
1860/4964   risk = 0.13  oob_risk = inf   time = 16226502   
1984/4964   risk = 0.13  oob_risk = inf   time = 17283861   
2108/4964   risk = 0.13  oob_risk = inf   time = 18467626   
2232/4964   risk = 0.12  oob_risk = inf   time = 19565755   
2356/4964   risk = 0.12  oob_risk = inf   time = 20710586   
2480/4964   risk = 0.12  oob_risk = inf   time = 21901549   
2604/4964   risk = 0.12  oob_risk = inf   time = 23124975   
2728/4964   risk = 0.12  oob_risk = inf   time = 24255816   
2852/4964   risk = 0.12  oob_risk = inf   time = 25475238   
2976/4964   risk = 0.11  oob_risk = inf   time = 26535778   
3100/4964   risk = 0.11  oob_risk = inf   time = 27643828   
3224/4964   risk = 0.11  oob_risk = inf   time = 28866638   
3348/4964   risk = 0.11  oob_risk = inf   time = 30120047   
3472/4964   risk = 0.11  oob_risk = inf   time = 31218037   
3596/4964   risk = 0.11  oob_risk = inf   time = 32368878   
3720/4964   risk = 0.11  oob_risk = inf   time = 33509031   
3844/4964   risk = 0.11  oob_risk = inf   time = 34610878   
3968/4964   risk = 0.11  oob_risk = inf   time = 35798900   
4092/4964   risk = 0.11  oob_risk = inf   time = 36995171   
4216/4964   risk = 0.1  oob_risk = inf   time = 38140434   
4340/4964   risk = 0.1  oob_risk = inf   time = 39349808   
4464/4964   risk = 0.1  oob_risk = inf   time = 40495847   
4588/4964   risk = 0.1  oob_risk = inf   time = 41527760   
4712/4964   risk = 0.1  oob_risk = inf   time = 42618335   
4836/4964   risk = 0.1  oob_risk = inf   time = 43755370   
4960/4964   risk = 0.1  oob_risk = inf   time = 44824817   


Train 4964 iterations in 44 Seconds.
Final risk based on the train set: 0.1

DEBUG [16:34:26.587] [mlr3]  Learner 'acc_hcwb' on task 'spam' succeeded to fit a model {learner: <LearnerClassifCompboost/LearnerClassif/Learner/R6>, result: <list>, messages: }

### [bt]: Job terminated successfully [batchtools job.id=125]
### [bt]: Calculation finished!
