### [bt]: This is batchtools v0.9.15
### [bt]: Starting calculation of 1 jobs
### [bt]: Setting working directory to '/home/user/repos/cacb-batchtools/eq1'
[2021-07-29 22:56:52] Loading new learner
[2021-07-29 22:56:52] Loading tasks
[2021-07-29 22:56:55] Loading resampling
### [bt]: Memory measurement disabled
### [bt]: Starting job [batchtools job.id=140]
### [bt]: Generating problem instance for problem '189866-fold5' ...
### [bt]: Applying algorithm 'evaluate-learner' on problem '189866-fold5' for job 140 (seed = 31555) ...
DEBUG [22:56:59.517] [mlr3]  Skip subsetting of task 'Task 189866: albert (Supervised Classification)' 
DEBUG [22:56:59.520] [mlr3]  Calling train method of Learner 'acc_hcwb' on task 'Task 189866: albert (Supervised Classification)' with 340192 observations {learner: <LearnerClassifCompboost/LearnerClassif/Learner/R6>}
   1/5000   risk = 0.69  oob_risk = 0.69   riskauc = 0.64   time = 3   
 125/5000   risk = 0.62  oob_risk = 0.62   riskauc = 0.72   time = 40392305   


Train 236 iterations in 77 Seconds.
Final risk based on the train set: 0.62

   1/4775   risk = 0.61  oob_risk = 0.62   riskauc = 0.73   time = 3   
 119/4775   risk = 0.63  oob_risk = 0.63   riskauc = 0.73   time = 23311660   
 238/4775   risk = 0.63  oob_risk = 0.64   riskauc = 0.73   time = 46294480   
 357/4775   risk = 0.64  oob_risk = 0.64   riskauc = 0.73   time = 69672379   
 476/4775   risk = 0.64  oob_risk = 0.65   riskauc = 0.73   time = 93461242   
 595/4775   risk = 0.64  oob_risk = 0.65   riskauc = 0.73   time = 118031530   
 714/4775   risk = 0.64  oob_risk = 0.65   riskauc = 0.73   time = 142305186   
 833/4775   risk = 0.64  oob_risk = 0.65   riskauc = 0.73   time = 165897430   
 952/4775   risk = 0.65  oob_risk = 0.65   riskauc = 0.73   time = 189495737   
1071/4775   risk = 0.65  oob_risk = 0.65   riskauc = 0.73   time = 213030735   
1190/4775   risk = 0.65  oob_risk = 0.65   riskauc = 0.73   time = 235653874   
1309/4775   risk = 0.65  oob_risk = 0.65   riskauc = 0.73   time = 258542837   
1428/4775   risk = 0.65  oob_risk = 0.65   riskauc = 0.73   time = 282039966   
1547/4775   risk = 0.65  oob_risk = 0.65   riskauc = 0.73   time = 305099100   
1666/4775   risk = 0.65  oob_risk = 0.65   riskauc = 0.73   time = 328390777   
1785/4775   risk = 0.65  oob_risk = 0.65   riskauc = 0.73   time = 351044536   
1904/4775   risk = 0.65  oob_risk = 0.66   riskauc = 0.73   time = 373513418   
2023/4775   risk = 0.65  oob_risk = 0.66   riskauc = 0.73   time = 395955315   
2142/4775   risk = 0.65  oob_risk = 0.66   riskauc = 0.73   time = 418592999   
2261/4775   risk = 0.65  oob_risk = 0.66   riskauc = 0.73   time = 440746665   
2380/4775   risk = 0.65  oob_risk = 0.66   riskauc = 0.73   time = 463379865   
2499/4775   risk = 0.65  oob_risk = 0.66   riskauc = 0.73   time = 485601265   
2618/4775   risk = 0.65  oob_risk = 0.66   riskauc = 0.73   time = 507845506   
2737/4775   risk = 0.65  oob_risk = 0.66   riskauc = 0.73   time = 530138543   
2856/4775   risk = 0.65  oob_risk = 0.66   riskauc = 0.73   time = 551366944   
2975/4775   risk = 0.65  oob_risk = 0.66   riskauc = 0.73   time = 572835925   
3094/4775   risk = 0.65  oob_risk = 0.66   riskauc = 0.73   time = 594190675   
3213/4775   risk = 0.65  oob_risk = 0.66   riskauc = 0.73   time = 615501605   
3332/4775   risk = 0.65  oob_risk = 0.66   riskauc = 0.73   time = 636606839   
3451/4775   risk = 0.65  oob_risk = 0.66   riskauc = 0.73   time = 657692618   
3570/4775   risk = 0.65  oob_risk = 0.66   riskauc = 0.73   time = 678864854   
3689/4775   risk = 0.65  oob_risk = 0.66   riskauc = 0.73   time = 700116558   
3808/4775   risk = 0.65  oob_risk = 0.66   riskauc = 0.73   time = 721106104   
3927/4775   risk = 0.65  oob_risk = 0.66   riskauc = 0.73   time = 742740880   
4046/4775   risk = 0.65  oob_risk = 0.66   riskauc = 0.73   time = 764465009   
4165/4775   risk = 0.65  oob_risk = 0.66   riskauc = 0.73   time = 785729817   
4284/4775   risk = 0.65  oob_risk = 0.66   riskauc = 0.73   time = 807186164   
4403/4775   risk = 0.65  oob_risk = 0.66   riskauc = 0.73   time = 828968540   
4522/4775   risk = 0.65  oob_risk = 0.66   riskauc = 0.73   time = 851233049   
4641/4775   risk = 0.65  oob_risk = 0.66   riskauc = 0.73   time = 873821488   
4760/4775   risk = 0.65  oob_risk = 0.66   riskauc = 0.73   time = 896153597   


Train 4775 iterations in 899 Seconds.
Final risk based on the train set: 0.65

DEBUG [23:13:38.604] [mlr3]  Learner 'acc_hcwb' on task 'Task 189866: albert (Supervised Classification)' succeeded to fit a model {learner: <LearnerClassifCompboost/LearnerClassif/Learner/R6>, result: <list>, messages: }
DEBUG [23:13:38.622] [mlr3]  Skip subsetting of task 'Task 189866: albert (Supervised Classification)' 
DEBUG [23:13:38.625] [mlr3]  Calling train method of Learner 'acc_hcwb' on task 'Task 189866: albert (Supervised Classification)' with 340192 observations {learner: <LearnerClassifCompboost/LearnerClassif/Learner/R6>}
   1/5000   risk = 0.69  oob_risk = 0.69   time = 3   
 125/5000   risk = 0.62  oob_risk = 0.62   time = 34224198   


Train 236 iterations in 65 Seconds.
Final risk based on the train set: 0.62

   1/4775   risk = 0.61  oob_risk = 0.62   time = 3   
 119/4775   risk = 0.63  oob_risk = 0.63   time = 20262948   
 238/4775   risk = 0.63  oob_risk = 0.64   time = 40540753   
 357/4775   risk = 0.64  oob_risk = 0.64   time = 60670657   
 476/4775   risk = 0.64  oob_risk = 0.65   time = 80344361   
 595/4775   risk = 0.64  oob_risk = 0.65   time = 99345769   
 714/4775   risk = 0.64  oob_risk = 0.65   time = 118711512   
 833/4775   risk = 0.64  oob_risk = 0.65   time = 138183190   
 952/4775   risk = 0.65  oob_risk = 0.65   time = 157689781   
1071/4775   risk = 0.65  oob_risk = 0.65   time = 176499973   
1190/4775   risk = 0.65  oob_risk = 0.65   time = 195224358   
1309/4775   risk = 0.65  oob_risk = 0.65   time = 214054207   
1428/4775   risk = 0.65  oob_risk = 0.65   time = 232846674   
1547/4775   risk = 0.65  oob_risk = 0.65   time = 251557827   
1666/4775   risk = 0.65  oob_risk = 0.65   time = 270852071   
1785/4775   risk = 0.65  oob_risk = 0.65   time = 290057502   
1904/4775   risk = 0.65  oob_risk = 0.66   time = 310168706   
2023/4775   risk = 0.65  oob_risk = 0.66   time = 329442543   
2142/4775   risk = 0.65  oob_risk = 0.66   time = 348704661   
2261/4775   risk = 0.65  oob_risk = 0.66   time = 367787095   
2380/4775   risk = 0.65  oob_risk = 0.66   time = 386794797   
2499/4775   risk = 0.65  oob_risk = 0.66   time = 405893104   
2618/4775   risk = 0.65  oob_risk = 0.66   time = 425119093   
2737/4775   risk = 0.65  oob_risk = 0.66   time = 444539815   
2856/4775   risk = 0.65  oob_risk = 0.66   time = 463143082   
2975/4775   risk = 0.65  oob_risk = 0.66   time = 481756812   
3094/4775   risk = 0.65  oob_risk = 0.66   time = 500351306   
3213/4775   risk = 0.65  oob_risk = 0.66   time = 517990456   
3332/4775   risk = 0.65  oob_risk = 0.66   time = 535262574   
3451/4775   risk = 0.65  oob_risk = 0.66   time = 553072428   
3570/4775   risk = 0.65  oob_risk = 0.66   time = 572114941   
3689/4775   risk = 0.65  oob_risk = 0.66   time = 591579198   
3808/4775   risk = 0.65  oob_risk = 0.66   time = 610832009   
3927/4775   risk = 0.65  oob_risk = 0.66   time = 630375878   
4046/4775   risk = 0.65  oob_risk = 0.66   time = 649498230   
4165/4775   risk = 0.65  oob_risk = 0.66   time = 667720865   
4284/4775   risk = 0.65  oob_risk = 0.66   time = 686203233   
4403/4775   risk = 0.65  oob_risk = 0.66   time = 705145564   
4522/4775   risk = 0.65  oob_risk = 0.66   time = 724160260   
4641/4775   risk = 0.65  oob_risk = 0.66   time = 742843664   
4760/4775   risk = 0.65  oob_risk = 0.66   time = 760675697   


Train 4775 iterations in 763 Seconds.
Final risk based on the train set: 0.65

DEBUG [23:27:49.099] [mlr3]  Learner 'acc_hcwb' on task 'Task 189866: albert (Supervised Classification)' succeeded to fit a model {learner: <LearnerClassifCompboost/LearnerClassif/Learner/R6>, result: <list>, messages: }

### [bt]: Job terminated successfully [batchtools job.id=140]
### [bt]: Calculation finished!
