### [bt]: This is batchtools v0.9.15
### [bt]: Starting calculation of 1 jobs
### [bt]: Setting working directory to '/home/user/repos/cacb-batchtools/eq1'
[2021-07-26 02:49:57] Loading new learner
[2021-07-26 02:49:57] Loading tasks
[2021-07-26 02:50:00] Loading resampling
### [bt]: Memory measurement disabled
### [bt]: Starting job [batchtools job.id=57]
### [bt]: Generating problem instance for problem '168335-fold2' ...
### [bt]: Applying algorithm 'evaluate-learner' on problem '168335-fold2' for job 57 (seed = 31472) ...
DEBUG [02:50:03.225] [mlr3]  Skip subsetting of task 'Task 168335: MiniBooNE (Supervised Classification)' 
DEBUG [02:50:03.233] [mlr3]  Calling train method of Learner 'bin_cwb_b' on task 'Task 168335: MiniBooNE (Supervised Classification)' with 104051 observations {learner: <LearnerClassifCompboost/LearnerClassif/Learner/R6>}
INFO  [02:50:03.275] [mlr3]  [LGCOMPBOOST] Running compboost with df 20.000000 and df_cat 1.000000 
   1/5000   risk = 0.56  riskauc = 0.84   time = 3   
 125/5000   risk = 0.26  riskauc = 0.95   time = 5072607   
 250/5000   risk = 0.24  riskauc = 0.96   time = 9050883   
 375/5000   risk = 0.23  riskauc = 0.96   time = 13051035   
 500/5000   risk = 0.23  riskauc = 0.97   time = 16846420   
 625/5000   risk = 0.22  riskauc = 0.97   time = 20712530   
 750/5000   risk = 0.22  riskauc = 0.97   time = 24549950   
 875/5000   risk = 0.22  riskauc = 0.97   time = 28400271   
1000/5000   risk = 0.22  riskauc = 0.97   time = 32361102   
1125/5000   risk = 0.22  riskauc = 0.97   time = 36247355   
1250/5000   risk = 0.22  riskauc = 0.97   time = 40101637   
1375/5000   risk = 0.22  riskauc = 0.97   time = 43953033   
1500/5000   risk = 0.22  riskauc = 0.97   time = 47797678   
1625/5000   risk = 0.22  riskauc = 0.97   time = 51588187   
1750/5000   risk = 0.22  riskauc = 0.97   time = 55409184   
1875/5000   risk = 0.22  riskauc = 0.97   time = 59258452   
2000/5000   risk = 0.22  riskauc = 0.97   time = 63025227   
2125/5000   risk = 0.22  riskauc = 0.97   time = 66803640   
2250/5000   risk = 0.22  riskauc = 0.97   time = 70616469   
2375/5000   risk = 0.22  riskauc = 0.97   time = 74339137   
2500/5000   risk = 0.22  riskauc = 0.97   time = 78059796   
2625/5000   risk = 0.22  riskauc = 0.97   time = 81831379   
2750/5000   risk = 0.22  riskauc = 0.97   time = 85579963   
2875/5000   risk = 0.22  riskauc = 0.97   time = 89669322   
3000/5000   risk = 0.22  riskauc = 0.97   time = 93784993   
3125/5000   risk = 0.22  riskauc = 0.97   time = 97675551   
3250/5000   risk = 0.22  riskauc = 0.97   time = 101428384   
3375/5000   risk = 0.22  riskauc = 0.97   time = 105185922   
3500/5000   risk = 0.22  riskauc = 0.97   time = 108893370   
3625/5000   risk = 0.22  riskauc = 0.97   time = 112598550   
3750/5000   risk = 0.22  riskauc = 0.97   time = 116682349   
3875/5000   risk = 0.22  riskauc = 0.97   time = 120694858   
4000/5000   risk = 0.22  riskauc = 0.97   time = 124682149   
4125/5000   risk = 0.22  riskauc = 0.97   time = 128470604   
4250/5000   risk = 0.22  riskauc = 0.97   time = 132314477   
4375/5000   risk = 0.22  riskauc = 0.97   time = 136091037   
4500/5000   risk = 0.22  riskauc = 0.97   time = 139752937   
4625/5000   risk = 0.22  riskauc = 0.97   time = 143576533   
4750/5000   risk = 0.22  riskauc = 0.97   time = 147784888   
4875/5000   risk = 0.22  riskauc = 0.97   time = 151716356   
5000/5000   risk = 0.22  riskauc = 0.97   time = 155748753   


Train 5000 iterations in 155 Seconds.
Final risk based on the train set: 0.22

INFO  [02:52:50.296] [mlr3]  [LGCOMPBOOST] iterations:'stop_cwb',5000,'stop_acwb',NA,'stop_hcwb',NA 
INFO  [02:52:50.299] [mlr3]  [LGCOMPBOOST] risk_inbag:'risk_intercept',0.593540,'risk_cwb',0.217935,'risk_acwb',NA,'risk_hcwb',NA 
INFO  [02:52:50.301] [mlr3]  [LGCOMPBOOST] risk_oob:'risk_intercept_oob',NA,'risk_cwb_oob',NA,'risk_acwb_oob',NA,'risk_hcwb_oob',NA 
DEBUG [02:52:50.306] [mlr3]  Learner 'bin_cwb_b' on task 'Task 168335: MiniBooNE (Supervised Classification)' succeeded to fit a model {learner: <LearnerClassifCompboost/LearnerClassif/Learner/R6>, result: <list>, messages: }
DEBUG [02:52:50.320] [mlr3]  Skip subsetting of task 'Task 168335: MiniBooNE (Supervised Classification)' 
DEBUG [02:52:50.323] [mlr3]  Calling train method of Learner 'bin_cwb_b' on task 'Task 168335: MiniBooNE (Supervised Classification)' with 104051 observations {learner: <LearnerClassifCompboost/LearnerClassif/Learner/R6>}
INFO  [02:52:50.335] [mlr3]  [LGCOMPBOOST] Running compboost with df 20.000000 and df_cat 1.000000 
   1/5000   risk = 0.56  time = 2   
 125/5000   risk = 0.26  time = 2472288   
 250/5000   risk = 0.24  time = 4961918   
 375/5000   risk = 0.23  time = 7447912   
 500/5000   risk = 0.23  time = 10029022   
 625/5000   risk = 0.22  time = 12600299   
 750/5000   risk = 0.22  time = 15130033   
 875/5000   risk = 0.22  time = 17611680   
1000/5000   risk = 0.22  time = 20134192   
1125/5000   risk = 0.22  time = 22641712   
1250/5000   risk = 0.22  time = 25160106   
1375/5000   risk = 0.22  time = 27640858   
1500/5000   risk = 0.22  time = 30173038   
1625/5000   risk = 0.22  time = 32651164   
1750/5000   risk = 0.22  time = 35072147   
1875/5000   risk = 0.22  time = 37598056   
2000/5000   risk = 0.22  time = 40050334   
2125/5000   risk = 0.22  time = 42612440   
2250/5000   risk = 0.22  time = 45155805   
2375/5000   risk = 0.22  time = 47654692   
2500/5000   risk = 0.22  time = 50169924   
2625/5000   risk = 0.22  time = 52770129   
2750/5000   risk = 0.22  time = 55295944   
2875/5000   risk = 0.22  time = 57850668   
3000/5000   risk = 0.22  time = 60436584   
3125/5000   risk = 0.22  time = 63018082   
3250/5000   risk = 0.22  time = 65562948   
3375/5000   risk = 0.22  time = 68097984   
3500/5000   risk = 0.22  time = 70655613   
3625/5000   risk = 0.22  time = 73216022   
3750/5000   risk = 0.22  time = 75788295   
3875/5000   risk = 0.22  time = 78261771   
4000/5000   risk = 0.22  time = 80760457   
4125/5000   risk = 0.22  time = 83305472   
4250/5000   risk = 0.22  time = 85838457   
4375/5000   risk = 0.22  time = 88350002   
4500/5000   risk = 0.22  time = 90889535   
4625/5000   risk = 0.22  time = 93457517   
4750/5000   risk = 0.22  time = 96013922   
4875/5000   risk = 0.22  time = 98554356   
5000/5000   risk = 0.22  time = 101138769   


Train 5000 iterations in 101 Seconds.
Final risk based on the train set: 0.22

INFO  [02:54:41.028] [mlr3]  [LGCOMPBOOST] iterations:'stop_cwb',5000,'stop_acwb',NA,'stop_hcwb',NA 
INFO  [02:54:41.031] [mlr3]  [LGCOMPBOOST] risk_inbag:'risk_intercept',0.593540,'risk_cwb',0.217935,'risk_acwb',NA,'risk_hcwb',NA 
INFO  [02:54:41.033] [mlr3]  [LGCOMPBOOST] risk_oob:'risk_intercept_oob',NA,'risk_cwb_oob',NA,'risk_acwb_oob',NA,'risk_hcwb_oob',NA 
DEBUG [02:54:41.038] [mlr3]  Learner 'bin_cwb_b' on task 'Task 168335: MiniBooNE (Supervised Classification)' succeeded to fit a model {learner: <LearnerClassifCompboost/LearnerClassif/Learner/R6>, result: <list>, messages: }

### [bt]: Job terminated successfully [batchtools job.id=57]
### [bt]: Calculation finished!
