### [bt]: This is batchtools v0.9.15
### [bt]: Starting calculation of 1 jobs
### [bt]: Setting working directory to '/home/user/repos/cacb-batchtools/eq1'
Loading required package: data.table
Loading required package: R6
Loading required package: mlr3
Loading required package: mlr3learners
Loading required package: mlr3extralearners

Attaching package: ‘mlr3extralearners’

The following objects are masked from ‘package:mlr3’:

    lrn, lrns

Loading required package: mlr3pipelines
Loading required package: mlr3tuning
Loading required package: paradox
Loading required package: compboost
[2021-08-02 16:04:59] Loading new learner LearnerClassifCWB
[2021-08-02 16:04:59] Loading new learner LearnerClassifHCWB
[2021-08-02 16:04:59] Loading new learner
[2021-08-02 16:04:59] Loading tasks
[2021-08-02 16:05:02] Loading resampling
### [bt]: Memory measurement disabled
### [bt]: Starting job [batchtools job.id=109]
### [bt]: Generating problem instance for problem '168908-fold2' ...
### [bt]: Applying algorithm 'evaluate-learner' on problem '168908-fold2' for job 109 (seed = 31524) ...
DEBUG [16:05:04.170] [mlr3]  Skip subsetting of task 'Task 168908: christine (Supervised Classification)' 
DEBUG [16:05:04.264] [mlr3]  Calling train method of Learner 'acc_hcwb' on task 'Task 168908: christine (Supervised Classification)' with 4334 observations {learner: <LearnerClassifHCWB/LearnerClassif/Learner/R6>}
   1/5000   risk = 0.68  oob_risk = 0.68   test_auc = 0.29   time = 3   val_auc = 0.29   


Train 112 iterations in 5 Seconds.
Final risk based on the train set: 0.39

   1/4899   risk = 0.41  oob_risk = 0.61   test_auc = 0.21   time = 2   val_auc = 0.21   
 122/4899   risk = 0.41  oob_risk = 0.63   test_auc = 0.21   time = 4156246   val_auc = 0.21   
 244/4899   risk = 0.4  oob_risk = 0.63   test_auc = 0.21   time = 7063132   val_auc = 0.21   
 366/4899   risk = 0.39  oob_risk = 0.63   test_auc = 0.21   time = 9905336   val_auc = 0.21   
 488/4899   risk = 0.38  oob_risk = 0.63   test_auc = 0.21   time = 12768866   val_auc = 0.21   
 610/4899   risk = 0.37  oob_risk = 0.63   test_auc = 0.21   time = 15639788   val_auc = 0.2   
 732/4899   risk = 0.36  oob_risk = 0.64   test_auc = 0.21   time = 18480084   val_auc = 0.21   
 854/4899   risk = 0.35  oob_risk = 0.64   test_auc = 0.21   time = 21311532   val_auc = 0.21   
 976/4899   risk = 0.34  oob_risk = 0.64   test_auc = 0.21   time = 24284744   val_auc = 0.2   
1098/4899   risk = 0.33  oob_risk = 0.64   test_auc = 0.21   time = 27185868   val_auc = 0.21   
1220/4899   risk = 0.32  oob_risk = 0.65   test_auc = 0.21   time = 30275962   val_auc = 0.21   
1342/4899   risk = 0.32  oob_risk = 0.65   test_auc = 0.21   time = 33208780   val_auc = 0.21   
1464/4899   risk = 0.31  oob_risk = 0.65   test_auc = 0.21   time = 35928510   val_auc = 0.21   
1586/4899   risk = 0.3  oob_risk = 0.65   test_auc = 0.21   time = 38593336   val_auc = 0.21   
1708/4899   risk = 0.3  oob_risk = 0.65   test_auc = 0.21   time = 41377456   val_auc = 0.21   
1830/4899   risk = 0.29  oob_risk = 0.66   test_auc = 0.21   time = 44219492   val_auc = 0.21   
1952/4899   risk = 0.29  oob_risk = 0.66   test_auc = 0.21   time = 46993325   val_auc = 0.21   
2074/4899   risk = 0.28  oob_risk = 0.66   test_auc = 0.21   time = 49688765   val_auc = 0.21   
2196/4899   risk = 0.27  oob_risk = 0.66   test_auc = 0.21   time = 52496627   val_auc = 0.21   
2318/4899   risk = 0.27  oob_risk = 0.67   test_auc = 0.21   time = 55273648   val_auc = 0.21   
2440/4899   risk = 0.26  oob_risk = 0.67   test_auc = 0.21   time = 57977638   val_auc = 0.21   
2562/4899   risk = 0.26  oob_risk = 0.67   test_auc = 0.21   time = 60721699   val_auc = 0.21   
2684/4899   risk = 0.25  oob_risk = 0.67   test_auc = 0.21   time = 63519817   val_auc = 0.21   
2806/4899   risk = 0.25  oob_risk = 0.68   test_auc = 0.21   time = 66252921   val_auc = 0.21   
2928/4899   risk = 0.25  oob_risk = 0.68   test_auc = 0.21   time = 68972161   val_auc = 0.21   
3050/4899   risk = 0.24  oob_risk = 0.68   test_auc = 0.21   time = 71717244   val_auc = 0.21   
3172/4899   risk = 0.24  oob_risk = 0.68   test_auc = 0.21   time = 74554960   val_auc = 0.21   
3294/4899   risk = 0.23  oob_risk = 0.68   test_auc = 0.21   time = 77449348   val_auc = 0.21   
3416/4899   risk = 0.23  oob_risk = 0.69   test_auc = 0.21   time = 80179655   val_auc = 0.21   
3538/4899   risk = 0.23  oob_risk = 0.69   test_auc = 0.21   time = 82894101   val_auc = 0.21   
3660/4899   risk = 0.22  oob_risk = 0.69   test_auc = 0.21   time = 85753425   val_auc = 0.21   
3782/4899   risk = 0.22  oob_risk = 0.69   test_auc = 0.21   time = 88410219   val_auc = 0.21   
3904/4899   risk = 0.22  oob_risk = 0.7   test_auc = 0.21   time = 91359510   val_auc = 0.21   
4026/4899   risk = 0.21  oob_risk = 0.7   test_auc = 0.21   time = 94052841   val_auc = 0.21   
4148/4899   risk = 0.21  oob_risk = 0.7   test_auc = 0.21   time = 96915802   val_auc = 0.21   
4270/4899   risk = 0.21  oob_risk = 0.7   test_auc = 0.21   time = 99689244   val_auc = 0.21   
4392/4899   risk = 0.2  oob_risk = 0.71   test_auc = 0.21   time = 102517005   val_auc = 0.21   
4514/4899   risk = 0.2  oob_risk = 0.71   test_auc = 0.21   time = 105222525   val_auc = 0.21   
4636/4899   risk = 0.2  oob_risk = 0.71   test_auc = 0.21   time = 107947709   val_auc = 0.21   
4758/4899   risk = 0.19  oob_risk = 0.71   test_auc = 0.21   time = 110742605   val_auc = 0.21   
4880/4899   risk = 0.19  oob_risk = 0.72   test_auc = 0.21   time = 113411731   val_auc = 0.21   


Train 4899 iterations in 115 Seconds.
Final risk based on the train set: 0.19

DEBUG [16:08:05.174] [mlr3]  Learner 'acc_hcwb' on task 'Task 168908: christine (Supervised Classification)' succeeded to fit a model {learner: <LearnerClassifHCWB/LearnerClassif/Learner/R6>, result: <list>, messages: }

### [bt]: Job terminated successfully [batchtools job.id=109]
### [bt]: Calculation finished!
