### [bt]: This is batchtools v0.9.15
### [bt]: Starting calculation of 1 jobs
### [bt]: Setting working directory to '/home/user/repos/cacb-batchtools/eq1'
[2021-07-28 21:21:22] Loading new learner
[2021-07-28 21:21:22] Loading tasks
[2021-07-28 21:21:24] Loading resampling
### [bt]: Memory measurement disabled
### [bt]: Starting job [batchtools job.id=82]
### [bt]: Generating problem instance for problem '168908-fold1' ...
### [bt]: Applying algorithm 'evaluate-learner' on problem '168908-fold1' for job 82 (seed = 31497) ...
DEBUG [21:21:25.725] [mlr3]  Skip subsetting of task 'Task 168908: christine (Supervised Classification)' 
DEBUG [21:21:25.729] [mlr3]  Calling train method of Learner 'bin_cwb_b' on task 'Task 168908: christine (Supervised Classification)' with 4334 observations {learner: <LearnerClassifCompboost/LearnerClassif/Learner/R6>}
   1/5000   risk = 0.68  riskauc = 0.74   time = 2   
 125/5000   risk = 0.55  riskauc = 0.8   time = 1955904   
 250/5000   risk = 0.54  riskauc = 0.81   time = 4020357   
 375/5000   risk = 0.53  riskauc = 0.81   time = 6087516   
 500/5000   risk = 0.52  riskauc = 0.81   time = 8013464   
 625/5000   risk = 0.51  riskauc = 0.82   time = 10089385   
 750/5000   risk = 0.5  riskauc = 0.82   time = 12202861   
 875/5000   risk = 0.49  riskauc = 0.82   time = 14347428   
1000/5000   risk = 0.49  riskauc = 0.82   time = 16454509   
1125/5000   risk = 0.48  riskauc = 0.82   time = 18596246   
1250/5000   risk = 0.47  riskauc = 0.82   time = 20630358   
1375/5000   risk = 0.47  riskauc = 0.82   time = 22682112   
1500/5000   risk = 0.46  riskauc = 0.82   time = 24814113   
1625/5000   risk = 0.45  riskauc = 0.82   time = 26960857   
1750/5000   risk = 0.45  riskauc = 0.82   time = 29297922   
1875/5000   risk = 0.44  riskauc = 0.82   time = 31572637   
2000/5000   risk = 0.44  riskauc = 0.81   time = 33780876   
2125/5000   risk = 0.43  riskauc = 0.81   time = 36009745   
2250/5000   risk = 0.43  riskauc = 0.81   time = 38375883   
2375/5000   risk = 0.42  riskauc = 0.81   time = 40623062   
2500/5000   risk = 0.42  riskauc = 0.81   time = 42891038   
2625/5000   risk = 0.41  riskauc = 0.81   time = 45188538   
2750/5000   risk = 0.41  riskauc = 0.81   time = 47515787   
2875/5000   risk = 0.4  riskauc = 0.81   time = 49756899   
3000/5000   risk = 0.4  riskauc = 0.81   time = 52009709   
3125/5000   risk = 0.39  riskauc = 0.81   time = 54248816   
3250/5000   risk = 0.39  riskauc = 0.81   time = 56563842   
3375/5000   risk = 0.39  riskauc = 0.81   time = 58826192   
3500/5000   risk = 0.38  riskauc = 0.81   time = 61045501   
3625/5000   risk = 0.38  riskauc = 0.81   time = 63265911   
3750/5000   risk = 0.37  riskauc = 0.81   time = 65553174   
3875/5000   risk = 0.37  riskauc = 0.81   time = 67887554   
4000/5000   risk = 0.37  riskauc = 0.81   time = 70199529   
4125/5000   risk = 0.36  riskauc = 0.81   time = 72482224   
4250/5000   risk = 0.36  riskauc = 0.81   time = 74803114   
4375/5000   risk = 0.36  riskauc = 0.81   time = 77106182   
4500/5000   risk = 0.35  riskauc = 0.81   time = 79420526   
4625/5000   risk = 0.35  riskauc = 0.81   time = 81900379   
4750/5000   risk = 0.35  riskauc = 0.81   time = 84127761   
4875/5000   risk = 0.34  riskauc = 0.81   time = 86336622   
5000/5000   risk = 0.34  riskauc = 0.81   time = 88666269   


Train 5000 iterations in 88 Seconds.
Final risk based on the train set: 0.34

DEBUG [21:23:03.049] [mlr3]  Learner 'bin_cwb_b' on task 'Task 168908: christine (Supervised Classification)' succeeded to fit a model {learner: <LearnerClassifCompboost/LearnerClassif/Learner/R6>, result: <list>, messages: }
DEBUG [21:23:03.064] [mlr3]  Skip subsetting of task 'Task 168908: christine (Supervised Classification)' 
DEBUG [21:23:03.068] [mlr3]  Calling train method of Learner 'bin_cwb_b' on task 'Task 168908: christine (Supervised Classification)' with 4334 observations {learner: <LearnerClassifCompboost/LearnerClassif/Learner/R6>}
   1/5000   risk = 0.68  time = 2   
 125/5000   risk = 0.55  time = 2072177   
 250/5000   risk = 0.54  time = 4180071   
 375/5000   risk = 0.53  time = 6304409   
 500/5000   risk = 0.52  time = 8525908   
 625/5000   risk = 0.51  time = 10595791   
 750/5000   risk = 0.5  time = 12770097   
 875/5000   risk = 0.49  time = 14937963   
1000/5000   risk = 0.49  time = 17048859   
1125/5000   risk = 0.48  time = 19198176   
1250/5000   risk = 0.47  time = 21309575   
1375/5000   risk = 0.47  time = 23448601   
1500/5000   risk = 0.46  time = 25578408   
1625/5000   risk = 0.45  time = 27736868   
1750/5000   risk = 0.45  time = 29824063   
1875/5000   risk = 0.44  time = 31940964   
2000/5000   risk = 0.44  time = 34126271   
2125/5000   risk = 0.43  time = 36187826   
2250/5000   risk = 0.43  time = 38373889   
2375/5000   risk = 0.42  time = 40563981   
2500/5000   risk = 0.42  time = 42760151   
2625/5000   risk = 0.41  time = 45017591   
2750/5000   risk = 0.41  time = 47244308   
2875/5000   risk = 0.4  time = 49367006   
3000/5000   risk = 0.4  time = 51547285   
3125/5000   risk = 0.39  time = 53755538   
3250/5000   risk = 0.39  time = 55951417   
3375/5000   risk = 0.39  time = 58196704   
3500/5000   risk = 0.38  time = 60441694   
3625/5000   risk = 0.38  time = 62630594   
3750/5000   risk = 0.37  time = 64890159   
3875/5000   risk = 0.37  time = 67038002   
4000/5000   risk = 0.37  time = 69205025   
4125/5000   risk = 0.36  time = 71336245   
4250/5000   risk = 0.36  time = 73476274   
4375/5000   risk = 0.36  time = 75785765   
4500/5000   risk = 0.35  time = 78056034   
4625/5000   risk = 0.35  time = 80277895   
4750/5000   risk = 0.35  time = 82534856   
4875/5000   risk = 0.34  time = 84798949   
5000/5000   risk = 0.34  time = 87101942   


Train 5000 iterations in 87 Seconds.
Final risk based on the train set: 0.34

DEBUG [21:24:35.739] [mlr3]  Learner 'bin_cwb_b' on task 'Task 168908: christine (Supervised Classification)' succeeded to fit a model {learner: <LearnerClassifCompboost/LearnerClassif/Learner/R6>, result: <list>, messages: }

### [bt]: Job terminated successfully [batchtools job.id=82]
### [bt]: Calculation finished!
