### [bt]: This is batchtools v0.9.15
### [bt]: Starting calculation of 1 jobs
### [bt]: Setting working directory to '/home/user/repos/cacb-batchtools/eq1'
[2021-07-25 19:44:25] Loading new learner
[2021-07-25 19:44:25] Loading tasks
[2021-07-25 19:44:27] Loading resampling
### [bt]: Memory measurement disabled
### [bt]: Starting job [batchtools job.id=7]
### [bt]: Generating problem instance for problem 'spam-fold2' ...
### [bt]: Applying algorithm 'evaluate-learner' on problem 'spam-fold2' for job 7 (seed = 31422) ...
DEBUG [19:44:28.626] [mlr3]  Skip subsetting of task 'spam' 
DEBUG [19:44:28.629] [mlr3]  Calling train method of Learner 'bin_cwb_b' on task 'spam' with 3680 observations {learner: <LearnerClassifCompboost/LearnerClassif/Learner/R6>}
INFO  [19:44:28.638] [mlr3]  [LGCOMPBOOST] Running compboost with df 20.000000 and df_cat 1.000000 
   1/5000   risk = 0.64  riskauc = 0.78   time = 2   
 125/5000   risk = 0.24  riskauc = 0.95   time = 1231122   
 250/5000   risk = 0.21  riskauc = 0.95   time = 2339732   
 375/5000   risk = 0.19  riskauc = 0.95   time = 3509837   
 500/5000   risk = 0.18  riskauc = 0.95   time = 4605010   
 625/5000   risk = 0.18  riskauc = 0.95   time = 5763859   
 750/5000   risk = 0.17  riskauc = 0.95   time = 6904332   
 875/5000   risk = 0.16  riskauc = 0.95   time = 7970170   
1000/5000   risk = 0.16  riskauc = 0.95   time = 9182526   
1125/5000   risk = 0.16  riskauc = 0.94   time = 10274663   
1250/5000   risk = 0.15  riskauc = 0.94   time = 11254690   
1375/5000   risk = 0.15  riskauc = 0.94   time = 12395865   
1500/5000   risk = 0.15  riskauc = 0.94   time = 13502346   
1625/5000   risk = 0.15  riskauc = 0.94   time = 14583444   
1750/5000   risk = 0.14  riskauc = 0.94   time = 15755640   
1875/5000   risk = 0.14  riskauc = 0.94   time = 16867419   
2000/5000   risk = 0.14  riskauc = 0.94   time = 17899664   
2125/5000   risk = 0.14  riskauc = 0.94   time = 19075110   
2250/5000   risk = 0.14  riskauc = 0.94   time = 20311587   
2375/5000   risk = 0.14  riskauc = 0.94   time = 21383875   
2500/5000   risk = 0.13  riskauc = 0.94   time = 22437642   
2625/5000   risk = 0.13  riskauc = 0.94   time = 23488519   
2750/5000   risk = 0.13  riskauc = 0.94   time = 24607228   
2875/5000   risk = 0.13  riskauc = 0.94   time = 25732323   
3000/5000   risk = 0.13  riskauc = 0.94   time = 26937652   
3125/5000   risk = 0.13  riskauc = 0.94   time = 28054785   
3250/5000   risk = 0.13  riskauc = 0.94   time = 29191814   
3375/5000   risk = 0.13  riskauc = 0.94   time = 30271864   
3500/5000   risk = 0.13  riskauc = 0.94   time = 31357369   
3625/5000   risk = 0.12  riskauc = 0.94   time = 32461788   
3750/5000   risk = 0.12  riskauc = 0.94   time = 33519698   
3875/5000   risk = 0.12  riskauc = 0.94   time = 34611957   
4000/5000   risk = 0.12  riskauc = 0.94   time = 35589538   
4125/5000   risk = 0.12  riskauc = 0.94   time = 36563919   
4250/5000   risk = 0.12  riskauc = 0.94   time = 37723835   
4375/5000   risk = 0.12  riskauc = 0.94   time = 38766419   
4500/5000   risk = 0.12  riskauc = 0.94   time = 39757319   
4625/5000   risk = 0.12  riskauc = 0.94   time = 40748619   
4750/5000   risk = 0.12  riskauc = 0.94   time = 41859877   
4875/5000   risk = 0.12  riskauc = 0.94   time = 43042062   
5000/5000   risk = 0.12  riskauc = 0.94   time = 44078045   


Train 5000 iterations in 44 Seconds.
Final risk based on the train set: 0.12

INFO  [19:45:21.269] [mlr3]  [LGCOMPBOOST] iterations:'stop_cwb',5000,'stop_acwb',NA,'stop_hcwb',NA 
INFO  [19:45:21.272] [mlr3]  [LGCOMPBOOST] risk_inbag:'risk_intercept',0.670513,'risk_cwb',0.117428,'risk_acwb',NA,'risk_hcwb',NA 
INFO  [19:45:21.274] [mlr3]  [LGCOMPBOOST] risk_oob:'risk_intercept_oob',NA,'risk_cwb_oob',NA,'risk_acwb_oob',NA,'risk_hcwb_oob',NA 
DEBUG [19:45:21.279] [mlr3]  Learner 'bin_cwb_b' on task 'spam' succeeded to fit a model {learner: <LearnerClassifCompboost/LearnerClassif/Learner/R6>, result: <list>, messages: }
DEBUG [19:45:21.404] [mlr3]  Skip subsetting of task 'spam' 
DEBUG [19:45:21.408] [mlr3]  Calling train method of Learner 'bin_cwb_b' on task 'spam' with 3680 observations {learner: <LearnerClassifCompboost/LearnerClassif/Learner/R6>}
INFO  [19:45:21.418] [mlr3]  [LGCOMPBOOST] Running compboost with df 20.000000 and df_cat 1.000000 
   1/5000   risk = 0.64  time = 2   
 125/5000   risk = 0.24  time = 978711   
 250/5000   risk = 0.21  time = 2028543   
 375/5000   risk = 0.19  time = 3123876   
 500/5000   risk = 0.18  time = 4278569   
 625/5000   risk = 0.18  time = 5348947   
 750/5000   risk = 0.17  time = 6509359   
 875/5000   risk = 0.16  time = 7608213   
1000/5000   risk = 0.16  time = 8605361   
1125/5000   risk = 0.16  time = 9675401   
1250/5000   risk = 0.15  time = 10861521   
1375/5000   risk = 0.15  time = 11924970   
1500/5000   risk = 0.15  time = 12956354   
1625/5000   risk = 0.15  time = 14020402   
1750/5000   risk = 0.14  time = 14982394   
1875/5000   risk = 0.14  time = 16002144   
2000/5000   risk = 0.14  time = 17016761   
2125/5000   risk = 0.14  time = 18216482   
2250/5000   risk = 0.14  time = 19350908   
2375/5000   risk = 0.14  time = 20437151   
2500/5000   risk = 0.13  time = 21581809   
2625/5000   risk = 0.13  time = 22825161   
2750/5000   risk = 0.13  time = 23901718   
2875/5000   risk = 0.13  time = 24978932   
3000/5000   risk = 0.13  time = 26172398   
3125/5000   risk = 0.13  time = 27350155   
3250/5000   risk = 0.13  time = 28410050   
3375/5000   risk = 0.13  time = 29505582   
3500/5000   risk = 0.13  time = 30662527   
3625/5000   risk = 0.12  time = 31700042   
3750/5000   risk = 0.12  time = 32714910   
3875/5000   risk = 0.12  time = 33827928   
4000/5000   risk = 0.12  time = 34942894   
4125/5000   risk = 0.12  time = 36102507   
4250/5000   risk = 0.12  time = 37339337   
4375/5000   risk = 0.12  time = 38593554   
4500/5000   risk = 0.12  time = 39751737   
4625/5000   risk = 0.12  time = 40841731   
4750/5000   risk = 0.12  time = 41939576   
4875/5000   risk = 0.12  time = 43150075   
5000/5000   risk = 0.12  time = 44362573   


Train 5000 iterations in 44 Seconds.
Final risk based on the train set: 0.12

INFO  [19:46:14.184] [mlr3]  [LGCOMPBOOST] iterations:'stop_cwb',5000,'stop_acwb',NA,'stop_hcwb',NA 
INFO  [19:46:14.186] [mlr3]  [LGCOMPBOOST] risk_inbag:'risk_intercept',0.670513,'risk_cwb',0.117428,'risk_acwb',NA,'risk_hcwb',NA 
INFO  [19:46:14.188] [mlr3]  [LGCOMPBOOST] risk_oob:'risk_intercept_oob',NA,'risk_cwb_oob',NA,'risk_acwb_oob',NA,'risk_hcwb_oob',NA 
DEBUG [19:46:14.193] [mlr3]  Learner 'bin_cwb_b' on task 'spam' succeeded to fit a model {learner: <LearnerClassifCompboost/LearnerClassif/Learner/R6>, result: <list>, messages: }

### [bt]: Job terminated successfully [batchtools job.id=7]
### [bt]: Calculation finished!
