### [bt]: This is batchtools v0.9.15
### [bt]: Starting calculation of 1 jobs
### [bt]: Setting working directory to '/home/user/repos/cacb-batchtools/eq1'
[2021-07-27 20:18:07] Loading new learner
[2021-07-27 20:18:07] Loading tasks
[2021-07-27 20:18:10] Loading resampling
### [bt]: Memory measurement disabled
### [bt]: Starting job [batchtools job.id=31]
### [bt]: Generating problem instance for problem '7592-fold3' ...
### [bt]: Applying algorithm 'evaluate-learner' on problem '7592-fold3' for job 31 (seed = 31446) ...
DEBUG [20:18:10.987] [mlr3]  Skip subsetting of task 'Task 7592: adult (Supervised Classification)' 
DEBUG [20:18:10.991] [mlr3]  Calling train method of Learner 'acc_acwb' on task 'Task 7592: adult (Supervised Classification)' with 39074 observations {learner: <LearnerClassifCompboost/LearnerClassif/Learner/R6>}
Warning in get_private(learner)$.train(task) :
  Number of cores 30 exceeds number of features 14. The number of cores are set to 14!
   1/5000   risk = 0.54  riskauc = 0.78   time = 2   
 125/5000   risk = 0.36  riskauc = 0.9   time = 3212492   
 250/5000   risk = 0.32  riskauc = 0.91   time = 6364472   
 375/5000   risk = 0.33  riskauc = 0.91   time = 9737429   
 500/5000   risk = 0.34  riskauc = 0.91   time = 12044008   
 625/5000   risk = 0.35  riskauc = 0.91   time = 14328714   
 750/5000   risk = 0.35  riskauc = 0.92   time = 16629515   
 875/5000   risk = 0.36  riskauc = 0.92   time = 19910874   
1000/5000   risk = 0.36  riskauc = 0.92   time = 22663694   
1125/5000   risk = 0.36  riskauc = 0.92   time = 25870142   
1250/5000   risk = 0.36  riskauc = 0.92   time = 28730230   
1375/5000   risk = 0.36  riskauc = 0.92   time = 31857780   
1500/5000   risk = 0.36  riskauc = 0.92   time = 34982024   
1625/5000   risk = 0.36  riskauc = 0.92   time = 37791751   
1750/5000   risk = 0.37  riskauc = 0.92   time = 40950250   
1875/5000   risk = 0.37  riskauc = 0.92   time = 44014949   
2000/5000   risk = 0.37  riskauc = 0.92   time = 46820588   
2125/5000   risk = 0.37  riskauc = 0.92   time = 49564630   
2250/5000   risk = 0.37  riskauc = 0.91   time = 52198477   
2375/5000   risk = 0.38  riskauc = 0.91   time = 54766577   
2500/5000   risk = 0.39  riskauc = 0.91   time = 57977496   
2625/5000   risk = 0.4  riskauc = 0.91   time = 61205141   
2750/5000   risk = 0.41  riskauc = 0.91   time = 64559147   
2875/5000   risk = 0.44  riskauc = 0.9   time = 67735265   
3000/5000   risk = 0.47  riskauc = 0.9   time = 70957305   
3125/5000   risk = 0.52  riskauc = 0.89   time = 73854883   
3250/5000   risk = 0.55  riskauc = 0.89   time = 77169464   
3375/5000   risk = 0.58  riskauc = 0.88   time = 80439626   
3500/5000   risk = 0.63  riskauc = 0.88   time = 83121703   
3625/5000   risk = 0.74  riskauc = 0.86   time = 86295337   
3750/5000   risk = 0.86  riskauc = 0.85   time = 89242502   
3875/5000   risk = 0.91  riskauc = 0.84   time = 92058110   
4000/5000   risk = 0.93  riskauc = 0.85   time = 95006872   
4125/5000   risk = 0.99  riskauc = 0.86   time = 98470444   
4250/5000   risk = 1.1  riskauc = 0.86   time = 101531431   
4375/5000   risk = 1.2  riskauc = 0.86   time = 104344166   
4500/5000   risk = 1.3  riskauc = 0.86   time = 107827177   
4625/5000   risk = 1.4  riskauc = 0.85   time = 110714494   
4750/5000   risk = 1.5  riskauc = 0.85   time = 113888142   
4875/5000   risk = 1.8  riskauc = 0.84   time = 117242347   
5000/5000   risk = 2  riskauc = 0.82   time = 119973711   


Train 5000 iterations in 119 Seconds.
Final risk based on the train set: 2

DEBUG [20:20:14.351] [mlr3]  Learner 'acc_acwb' on task 'Task 7592: adult (Supervised Classification)' succeeded to fit a model {learner: <LearnerClassifCompboost/LearnerClassif/Learner/R6>, result: <list>, messages: }
DEBUG [20:20:14.367] [mlr3]  Skip subsetting of task 'Task 7592: adult (Supervised Classification)' 
DEBUG [20:20:14.372] [mlr3]  Calling train method of Learner 'acc_acwb' on task 'Task 7592: adult (Supervised Classification)' with 39074 observations {learner: <LearnerClassifCompboost/LearnerClassif/Learner/R6>}
Warning in get_private(learner)$.train(task) :
  Number of cores 30 exceeds number of features 14. The number of cores are set to 14!
   1/5000   risk = 0.54  time = 3   
 125/5000   risk = 0.36  time = 1607451   
 250/5000   risk = 0.32  time = 3741580   
 375/5000   risk = 0.33  time = 5878328   
 500/5000   risk = 0.34  time = 7873305   
 625/5000   risk = 0.35  time = 9898101   
 750/5000   risk = 0.35  time = 11617450   
 875/5000   risk = 0.36  time = 13046025   
1000/5000   risk = 0.36  time = 14481113   
1125/5000   risk = 0.36  time = 15993913   
1250/5000   risk = 0.36  time = 17511140   
1375/5000   risk = 0.36  time = 19068384   
1500/5000   risk = 0.36  time = 20661760   
1625/5000   risk = 0.36  time = 22249376   
1750/5000   risk = 0.37  time = 24436088   
1875/5000   risk = 0.37  time = 26007922   
2000/5000   risk = 0.37  time = 27675947   
2125/5000   risk = 0.37  time = 29346148   
2250/5000   risk = 0.37  time = 31297980   
2375/5000   risk = 0.38  time = 32838742   
2500/5000   risk = 0.39  time = 34414458   
2625/5000   risk = 0.4  time = 36052622   
2750/5000   risk = 0.41  time = 37758718   
2875/5000   risk = 0.44  time = 39649625   
3000/5000   risk = 0.47  time = 41228545   
3125/5000   risk = 0.52  time = 42809353   
3250/5000   risk = 0.55  time = 44757865   
3375/5000   risk = 0.58  time = 47070227   
3500/5000   risk = 0.63  time = 48777263   
3625/5000   risk = 0.74  time = 50901534   
3750/5000   risk = 0.86  time = 52515468   
3875/5000   risk = 0.91  time = 54104973   
4000/5000   risk = 0.93  time = 55713132   
4125/5000   risk = 0.99  time = 57334325   
4250/5000   risk = 1.1  time = 59025891   
4375/5000   risk = 1.2  time = 60731515   
4500/5000   risk = 1.3  time = 62410337   
4625/5000   risk = 1.4  time = 64389898   
4750/5000   risk = 1.5  time = 66726113   
4875/5000   risk = 1.8  time = 68634900   
5000/5000   risk = 2  time = 70282345   


Train 5000 iterations in 70 Seconds.
Final risk based on the train set: 2

DEBUG [20:21:27.224] [mlr3]  Learner 'acc_acwb' on task 'Task 7592: adult (Supervised Classification)' succeeded to fit a model {learner: <LearnerClassifCompboost/LearnerClassif/Learner/R6>, result: <list>, messages: }

### [bt]: Job terminated successfully [batchtools job.id=31]
### [bt]: Calculation finished!
