### [bt]: This is batchtools v0.9.15
### [bt]: Starting calculation of 1 jobs
### [bt]: Setting working directory to '/home/user/repos/cacb-batchtools/eq1'
[2021-07-29 16:25:06] Loading new learner
[2021-07-29 16:25:06] Loading tasks
[2021-07-29 16:25:09] Loading resampling
### [bt]: Memory measurement disabled
### [bt]: Starting job [batchtools job.id=121]
### [bt]: Generating problem instance for problem 'spam-fold1' ...
### [bt]: Applying algorithm 'evaluate-learner' on problem 'spam-fold1' for job 121 (seed = 31536) ...
DEBUG [16:25:10.831] [mlr3]  Skip subsetting of task 'spam' 
DEBUG [16:25:10.917] [mlr3]  Calling train method of Learner 'acc_hcwb' on task 'spam' with 3680 observations {learner: <LearnerClassifCompboost/LearnerClassif/Learner/R6>}
   1/5000   risk = 0.64  oob_risk = 0.64   riskauc = 0.79   time = 2   


Train 58 iterations in 1 Seconds.
Final risk based on the train set: 0.36

   1/4953   risk = 0.39  oob_risk = 0.59   riskauc = 0.95   time = 2   
 124/4953   risk = 0.21  oob_risk = 1.5   riskauc = 0.97   time = 1040755   
 248/4953   risk = 0.19  oob_risk = inf   riskauc = 0.98   time = 2098618   
 372/4953   risk = 0.17  oob_risk = inf   riskauc = 0.98   time = 3170403   
 496/4953   risk = 0.17  oob_risk = inf   riskauc = 0.97   time = 4238320   
 620/4953   risk = 0.16  oob_risk = inf   riskauc = 0.97   time = 5400659   
 744/4953   risk = 0.15  oob_risk = inf   riskauc = 0.97   time = 6518992   
 868/4953   risk = 0.15  oob_risk = inf   riskauc = 0.97   time = 7572595   
 992/4953   risk = 0.14  oob_risk = inf   riskauc = 0.96   time = 8597104   
1116/4953   risk = 0.14  oob_risk = inf   riskauc = 0.96   time = 9692148   
1240/4953   risk = 0.14  oob_risk = inf   riskauc = 0.96   time = 10761409   
1364/4953   risk = 0.13  oob_risk = inf   riskauc = 0.96   time = 11958382   
1488/4953   risk = 0.13  oob_risk = inf   riskauc = 0.96   time = 13118511   
1612/4953   risk = 0.13  oob_risk = inf   riskauc = 0.96   time = 14201440   
1736/4953   risk = 0.13  oob_risk = inf   riskauc = 0.96   time = 15377612   
1860/4953   risk = 0.12  oob_risk = inf   riskauc = 0.96   time = 16504414   
1984/4953   risk = 0.12  oob_risk = inf   riskauc = 0.96   time = 17504318   
2108/4953   risk = 0.12  oob_risk = inf   riskauc = 0.96   time = 18605157   
2232/4953   risk = 0.12  oob_risk = inf   riskauc = 0.96   time = 19754717   
2356/4953   risk = 0.12  oob_risk = inf   riskauc = 0.96   time = 20950571   
2480/4953   risk = 0.11  oob_risk = inf   riskauc = 0.96   time = 22043856   
2604/4953   risk = 0.11  oob_risk = inf   riskauc = 0.96   time = 23164257   
2728/4953   risk = 0.11  oob_risk = inf   riskauc = 0.96   time = 24273662   
2852/4953   risk = 0.11  oob_risk = inf   riskauc = 0.95   time = 25367877   
2976/4953   risk = 0.11  oob_risk = inf   riskauc = 0.95   time = 26560929   
3100/4953   risk = 0.11  oob_risk = inf   riskauc = 0.95   time = 27618875   
3224/4953   risk = 0.11  oob_risk = inf   riskauc = 0.95   time = 28758138   
3348/4953   risk = 0.11  oob_risk = inf   riskauc = 0.95   time = 29855211   
3472/4953   risk = 0.1  oob_risk = inf   riskauc = 0.95   time = 31051856   
3596/4953   risk = 0.1  oob_risk = inf   riskauc = 0.95   time = 32184563   
3720/4953   risk = 0.1  oob_risk = inf   riskauc = 0.95   time = 33241922   
3844/4953   risk = 0.1  oob_risk = inf   riskauc = 0.95   time = 34358104   
3968/4953   risk = 0.1  oob_risk = inf   riskauc = 0.95   time = 35553186   
4092/4953   risk = 0.1  oob_risk = inf   riskauc = 0.95   time = 36955944   
4216/4953   risk = 0.099  oob_risk = inf   riskauc = 0.95   time = 38099245   
4340/4953   risk = 0.098  oob_risk = inf   riskauc = 0.95   time = 39252029   
4464/4953   risk = 0.098  oob_risk = inf   riskauc = 0.95   time = 40472338   
4588/4953   risk = 0.097  oob_risk = inf   riskauc = 0.95   time = 41591405   
4712/4953   risk = 0.096  oob_risk = inf   riskauc = 0.95   time = 42732193   
4836/4953   risk = 0.096  oob_risk = inf   riskauc = 0.95   time = 43863953   


Train 4953 iterations in 45 Seconds.
Final risk based on the train set: 0.095

DEBUG [16:25:58.331] [mlr3]  Learner 'acc_hcwb' on task 'spam' succeeded to fit a model {learner: <LearnerClassifCompboost/LearnerClassif/Learner/R6>, result: <list>, messages: }
DEBUG [16:25:58.346] [mlr3]  Skip subsetting of task 'spam' 
DEBUG [16:25:58.350] [mlr3]  Calling train method of Learner 'acc_hcwb' on task 'spam' with 3680 observations {learner: <LearnerClassifCompboost/LearnerClassif/Learner/R6>}
   1/5000   risk = 0.64  oob_risk = 0.64   time = 2   


Train 58 iterations in 0 Seconds.
Final risk based on the train set: 0.36

   1/4953   risk = 0.39  oob_risk = 0.59   time = 3   
 124/4953   risk = 0.21  oob_risk = 1.5   time = 1049446   
 248/4953   risk = 0.19  oob_risk = inf   time = 2055264   
 372/4953   risk = 0.17  oob_risk = inf   time = 3071930   
 496/4953   risk = 0.17  oob_risk = inf   time = 4126980   
 620/4953   risk = 0.16  oob_risk = inf   time = 5204826   
 744/4953   risk = 0.15  oob_risk = inf   time = 6255235   
 868/4953   risk = 0.15  oob_risk = inf   time = 7337774   
 992/4953   risk = 0.14  oob_risk = inf   time = 8340322   
1116/4953   risk = 0.14  oob_risk = inf   time = 9433783   
1240/4953   risk = 0.14  oob_risk = inf   time = 10499074   
1364/4953   risk = 0.13  oob_risk = inf   time = 11590913   
1488/4953   risk = 0.13  oob_risk = inf   time = 12652962   
1612/4953   risk = 0.13  oob_risk = inf   time = 13742990   
1736/4953   risk = 0.13  oob_risk = inf   time = 14797520   
1860/4953   risk = 0.12  oob_risk = inf   time = 15863316   
1984/4953   risk = 0.12  oob_risk = inf   time = 16890573   
2108/4953   risk = 0.12  oob_risk = inf   time = 17933697   
2232/4953   risk = 0.12  oob_risk = inf   time = 18982526   
2356/4953   risk = 0.12  oob_risk = inf   time = 20094805   
2480/4953   risk = 0.11  oob_risk = inf   time = 21242055   
2604/4953   risk = 0.11  oob_risk = inf   time = 22220975   
2728/4953   risk = 0.11  oob_risk = inf   time = 23299269   
2852/4953   risk = 0.11  oob_risk = inf   time = 24432967   
2976/4953   risk = 0.11  oob_risk = inf   time = 25571167   
3100/4953   risk = 0.11  oob_risk = inf   time = 26653260   
3224/4953   risk = 0.11  oob_risk = inf   time = 27735319   
3348/4953   risk = 0.11  oob_risk = inf   time = 28886195   
3472/4953   risk = 0.1  oob_risk = inf   time = 30048767   
3596/4953   risk = 0.1  oob_risk = inf   time = 31228546   
3720/4953   risk = 0.1  oob_risk = inf   time = 32301280   
3844/4953   risk = 0.1  oob_risk = inf   time = 33322971   
3968/4953   risk = 0.1  oob_risk = inf   time = 34527797   
4092/4953   risk = 0.1  oob_risk = inf   time = 35597320   
4216/4953   risk = 0.099  oob_risk = inf   time = 36653815   
4340/4953   risk = 0.098  oob_risk = inf   time = 37777731   
4464/4953   risk = 0.098  oob_risk = inf   time = 38853125   
4588/4953   risk = 0.097  oob_risk = inf   time = 40015234   
4712/4953   risk = 0.096  oob_risk = inf   time = 41142101   
4836/4953   risk = 0.096  oob_risk = inf   time = 42289373   


Train 4953 iterations in 43 Seconds.
Final risk based on the train set: 0.095

DEBUG [16:26:42.987] [mlr3]  Learner 'acc_hcwb' on task 'spam' succeeded to fit a model {learner: <LearnerClassifCompboost/LearnerClassif/Learner/R6>, result: <list>, messages: }

### [bt]: Job terminated successfully [batchtools job.id=121]
### [bt]: Calculation finished!
