### [bt]: This is batchtools v0.9.15
### [bt]: Starting calculation of 1 jobs
### [bt]: Setting working directory to '/home/user/repos/cacb-batchtools/eq1'
[2021-07-27 01:06:15] Loading new learner
[2021-07-27 01:06:15] Loading tasks
[2021-07-27 01:06:18] Loading resampling
### [bt]: Memory measurement disabled
### [bt]: Starting job [batchtools job.id=101]
### [bt]: Generating problem instance for problem '359994-fold1' ...
### [bt]: Applying algorithm 'evaluate-learner' on problem '359994-fold1' for job 101 (seed = 31516) ...
DEBUG [01:06:21.430] [mlr3]  Skip subsetting of task 'Task 359994: sf-police-incidents (Supervised Classification)' 
DEBUG [01:06:21.433] [mlr3]  Calling train method of Learner 'bin_cwb_nb' on task 'Task 359994: sf-police-incidents (Supervised Classification)' with 1772018 observations {learner: <LearnerClassifCompboost/LearnerClassif/Learner/R6>}
Warning in get_private(learner)$.train(task) :
  Number of cores 30 exceeds number of features 8. The number of cores are set to 8!
INFO  [01:06:22.346] [mlr3]  [LGCOMPBOOST] Running compboost with df 7.000000 and df_cat 7.000000 
   1/5000   risk = 0.37  riskauc = 0.55   time = 3   
 125/5000   risk = 0.48  riskauc = 0.58   time = 65518648   
 250/5000   risk = 0.49  riskauc = 0.59   time = 128653464   
 375/5000   risk = 0.49  riskauc = 0.59   time = 193938713   
 500/5000   risk = 0.49  riskauc = 0.59   time = 258784627   
 625/5000   risk = 0.49  riskauc = 0.59   time = 323142831   
 750/5000   risk = 0.49  riskauc = 0.59   time = 386612398   
 875/5000   risk = 0.49  riskauc = 0.59   time = 454752873   
1000/5000   risk = 0.49  riskauc = 0.59   time = 526111443   
1125/5000   risk = 0.49  riskauc = 0.59   time = 595082228   
1250/5000   risk = 0.49  riskauc = 0.59   time = 669151993   
1375/5000   risk = 0.49  riskauc = 0.59   time = 737141013   
1500/5000   risk = 0.49  riskauc = 0.59   time = 808268238   
1625/5000   risk = 0.49  riskauc = 0.59   time = 880679950   
1750/5000   risk = 0.49  riskauc = 0.59   time = 952461349   
1875/5000   risk = 0.49  riskauc = 0.59   time = 1015248636   
2000/5000   risk = 0.49  riskauc = 0.59   time = 1083059016   
2125/5000   risk = 0.49  riskauc = 0.59   time = 1145424662   
2250/5000   risk = 0.49  riskauc = 0.59   time = 1209616384   
2375/5000   risk = 0.49  riskauc = 0.59   time = 1274295228   
2500/5000   risk = 0.49  riskauc = 0.59   time = 1336679241   
2625/5000   risk = 0.49  riskauc = 0.59   time = 1402829298   
2750/5000   risk = 0.49  riskauc = 0.59   time = 1468570427   
2875/5000   risk = 0.49  riskauc = 0.59   time = 1532419877   
3000/5000   risk = 0.49  riskauc = 0.59   time = 1600842113   
3125/5000   risk = 0.49  riskauc = 0.6   time = 1666767998   
3250/5000   risk = 0.49  riskauc = 0.6   time = 1731776669   
3375/5000   risk = 0.49  riskauc = 0.6   time = 1797906830   
3500/5000   risk = 0.49  riskauc = 0.6   time = 1864382809   
3625/5000   risk = 0.49  riskauc = 0.6   time = 1931689304   
3750/5000   risk = 0.49  riskauc = 0.6   time = 1996832418   
3875/5000   risk = 0.49  riskauc = 0.6   time = 2063194315   
4000/5000   risk = 0.49  riskauc = 0.6   time = 2130014047   
4125/5000   risk = 0.49  riskauc = 0.6   time = 2194882068   
4250/5000   risk = 0.49  riskauc = 0.6   time = 2258644974   
4375/5000   risk = 0.49  riskauc = 0.6   time = 2332307816   
4500/5000   risk = 0.49  riskauc = 0.6   time = 2400792875   
4625/5000   risk = 0.49  riskauc = 0.6   time = 2468071527   
4750/5000   risk = 0.49  riskauc = 0.6   time = 2537672521   
4875/5000   risk = 0.49  riskauc = 0.6   time = 2613509323   
5000/5000   risk = 0.49  riskauc = 0.6   time = 2689329351   


Train 5000 iterations in 2689 Seconds.
Final risk based on the train set: 0.49

INFO  [01:51:27.850] [mlr3]  [LGCOMPBOOST] iterations:'stop_cwb',5000,'stop_acwb',NA,'stop_hcwb',NA 
INFO  [01:51:27.854] [mlr3]  [LGCOMPBOOST] risk_inbag:'risk_intercept',0.370076,'risk_cwb',0.487517,'risk_acwb',NA,'risk_hcwb',NA 
INFO  [01:51:27.855] [mlr3]  [LGCOMPBOOST] risk_oob:'risk_intercept_oob',NA,'risk_cwb_oob',NA,'risk_acwb_oob',NA,'risk_hcwb_oob',NA 
DEBUG [01:51:27.861] [mlr3]  Learner 'bin_cwb_nb' on task 'Task 359994: sf-police-incidents (Supervised Classification)' succeeded to fit a model {learner: <LearnerClassifCompboost/LearnerClassif/Learner/R6>, result: <list>, messages: }
DEBUG [01:51:27.898] [mlr3]  Skip subsetting of task 'Task 359994: sf-police-incidents (Supervised Classification)' 
DEBUG [01:51:27.902] [mlr3]  Calling train method of Learner 'bin_cwb_nb' on task 'Task 359994: sf-police-incidents (Supervised Classification)' with 1772018 observations {learner: <LearnerClassifCompboost/LearnerClassif/Learner/R6>}
Warning in get_private(learner)$.train(task) :
  Number of cores 30 exceeds number of features 8. The number of cores are set to 8!
INFO  [01:51:28.663] [mlr3]  [LGCOMPBOOST] Running compboost with df 7.000000 and df_cat 7.000000 
   1/5000   risk = 0.37  time = 4   
 125/5000   risk = 0.48  time = 48421434   
 250/5000   risk = 0.49  time = 96418101   
 375/5000   risk = 0.49  time = 144278213   
 500/5000   risk = 0.49  time = 191492170   
 625/5000   risk = 0.49  time = 239410057   
 750/5000   risk = 0.49  time = 287691095   
 875/5000   risk = 0.49  time = 335870408   
1000/5000   risk = 0.49  time = 384135057   
1125/5000   risk = 0.49  time = 432866190   
1250/5000   risk = 0.49  time = 481655375   
1375/5000   risk = 0.49  time = 530163756   
1500/5000   risk = 0.49  time = 579279160   
1625/5000   risk = 0.49  time = 628561169   
1750/5000   risk = 0.49  time = 677869504   
1875/5000   risk = 0.49  time = 727163475   
2000/5000   risk = 0.49  time = 776320069   
2125/5000   risk = 0.49  time = 825680500   
2250/5000   risk = 0.49  time = 874897096   
2375/5000   risk = 0.49  time = 924289303   
2500/5000   risk = 0.49  time = 972959655   
2625/5000   risk = 0.49  time = 1021446692   
2750/5000   risk = 0.49  time = 1069817466   
2875/5000   risk = 0.49  time = 1118689817   
3000/5000   risk = 0.49  time = 1168196150   
3125/5000   risk = 0.49  time = 1217958712   
3250/5000   risk = 0.49  time = 1268833163   
3375/5000   risk = 0.49  time = 1317818674   
3500/5000   risk = 0.49  time = 1367201961   
3625/5000   risk = 0.49  time = 1418636473   
3750/5000   risk = 0.49  time = 1472032113   
3875/5000   risk = 0.49  time = 1521531934   
4000/5000   risk = 0.49  time = 1570688618   
4125/5000   risk = 0.49  time = 1620473294   
4250/5000   risk = 0.49  time = 1670375928   
4375/5000   risk = 0.49  time = 1720001030   
4500/5000   risk = 0.49  time = 1769689878   
4625/5000   risk = 0.49  time = 1819373591   
4750/5000   risk = 0.49  time = 1868920477   
4875/5000   risk = 0.49  time = 1918364400   
5000/5000   risk = 0.49  time = 1967565837   


Train 5000 iterations in 1968 Seconds.
Final risk based on the train set: 0.49

INFO  [02:24:31.073] [mlr3]  [LGCOMPBOOST] iterations:'stop_cwb',5000,'stop_acwb',NA,'stop_hcwb',NA 
INFO  [02:24:31.077] [mlr3]  [LGCOMPBOOST] risk_inbag:'risk_intercept',0.370076,'risk_cwb',0.487517,'risk_acwb',NA,'risk_hcwb',NA 
INFO  [02:24:31.080] [mlr3]  [LGCOMPBOOST] risk_oob:'risk_intercept_oob',NA,'risk_cwb_oob',NA,'risk_acwb_oob',NA,'risk_hcwb_oob',NA 
DEBUG [02:24:31.086] [mlr3]  Learner 'bin_cwb_nb' on task 'Task 359994: sf-police-incidents (Supervised Classification)' succeeded to fit a model {learner: <LearnerClassifCompboost/LearnerClassif/Learner/R6>, result: <list>, messages: }

### [bt]: Job terminated successfully [batchtools job.id=101]
### [bt]: Calculation finished!
