### [bt]: This is batchtools v0.9.15
### [bt]: Starting calculation of 1 jobs
### [bt]: Setting working directory to '/home/user/repos/cacb-batchtools/eq1'
[2021-07-25 23:48:51] Loading new learner
[2021-07-25 23:48:51] Loading tasks
[2021-07-25 23:48:54] Loading resampling
### [bt]: Memory measurement disabled
### [bt]: Starting job [batchtools job.id=2]
### [bt]: Generating problem instance for problem 'spam-fold1' ...
### [bt]: Applying algorithm 'evaluate-learner' on problem 'spam-fold1' for job 2 (seed = 31417) ...
DEBUG [23:48:55.311] [mlr3]  Skip subsetting of task 'spam' 
DEBUG [23:48:55.389] [mlr3]  Calling train method of Learner 'bin_cwb_b' on task 'spam' with 3680 observations {learner: <LearnerClassifCompboost/LearnerClassif/Learner/R6>}
INFO  [23:48:55.400] [mlr3]  [LGCOMPBOOST] Running compboost with df 20.000000 and df_cat 1.000000 
   1/5000   risk = 0.64  riskauc = 0.79   time = 2   
 125/5000   risk = 0.24  riskauc = 0.96   time = 1010720   
 250/5000   risk = 0.21  riskauc = 0.97   time = 2022508   
 375/5000   risk = 0.19  riskauc = 0.97   time = 3477852   
 500/5000   risk = 0.18  riskauc = 0.97   time = 4513114   
 625/5000   risk = 0.18  riskauc = 0.97   time = 5599092   
 750/5000   risk = 0.17  riskauc = 0.97   time = 6638250   
 875/5000   risk = 0.17  riskauc = 0.97   time = 7717342   
1000/5000   risk = 0.17  riskauc = 0.97   time = 8807167   
1125/5000   risk = 0.16  riskauc = 0.97   time = 9919642   
1250/5000   risk = 0.16  riskauc = 0.96   time = 11004373   
1375/5000   risk = 0.16  riskauc = 0.96   time = 12069810   
1500/5000   risk = 0.16  riskauc = 0.96   time = 13222783   
1625/5000   risk = 0.15  riskauc = 0.96   time = 14301348   
1750/5000   risk = 0.15  riskauc = 0.96   time = 15440692   
1875/5000   risk = 0.15  riskauc = 0.96   time = 16504668   
2000/5000   risk = 0.15  riskauc = 0.96   time = 17608921   
2125/5000   risk = 0.15  riskauc = 0.96   time = 18779916   
2250/5000   risk = 0.15  riskauc = 0.96   time = 19830263   
2375/5000   risk = 0.14  riskauc = 0.96   time = 20943315   
2500/5000   risk = 0.14  riskauc = 0.96   time = 22032468   
2625/5000   risk = 0.14  riskauc = 0.96   time = 23163256   
2750/5000   risk = 0.14  riskauc = 0.97   time = 24263427   
2875/5000   risk = 0.14  riskauc = 0.97   time = 25506185   
3000/5000   risk = 0.14  riskauc = 0.97   time = 26681235   
3125/5000   risk = 0.14  riskauc = 0.97   time = 27794321   
3250/5000   risk = 0.14  riskauc = 0.97   time = 28869357   
3375/5000   risk = 0.14  riskauc = 0.97   time = 30057074   
3500/5000   risk = 0.14  riskauc = 0.97   time = 31157615   
3625/5000   risk = 0.14  riskauc = 0.97   time = 32319240   
3750/5000   risk = 0.13  riskauc = 0.97   time = 33397599   
3875/5000   risk = 0.13  riskauc = 0.97   time = 34538826   
4000/5000   risk = 0.13  riskauc = 0.97   time = 35672158   
4125/5000   risk = 0.13  riskauc = 0.97   time = 36749833   
4250/5000   risk = 0.13  riskauc = 0.97   time = 38013549   
4375/5000   risk = 0.13  riskauc = 0.97   time = 39139683   
4500/5000   risk = 0.13  riskauc = 0.97   time = 40263164   
4625/5000   risk = 0.13  riskauc = 0.97   time = 41428179   
4750/5000   risk = 0.13  riskauc = 0.97   time = 42566685   
4875/5000   risk = 0.13  riskauc = 0.97   time = 43664901   
5000/5000   risk = 0.13  riskauc = 0.97   time = 44731443   


Train 5000 iterations in 44 Seconds.
Final risk based on the train set: 0.13

INFO  [23:49:48.990] [mlr3]  [LGCOMPBOOST] iterations:'stop_cwb',5000,'stop_acwb',NA,'stop_hcwb',NA 
INFO  [23:49:48.993] [mlr3]  [LGCOMPBOOST] risk_inbag:'risk_intercept',0.670513,'risk_cwb',0.128639,'risk_acwb',NA,'risk_hcwb',NA 
INFO  [23:49:48.995] [mlr3]  [LGCOMPBOOST] risk_oob:'risk_intercept_oob',NA,'risk_cwb_oob',NA,'risk_acwb_oob',NA,'risk_hcwb_oob',NA 
DEBUG [23:49:49.000] [mlr3]  Learner 'bin_cwb_b' on task 'spam' succeeded to fit a model {learner: <LearnerClassifCompboost/LearnerClassif/Learner/R6>, result: <list>, messages: }
DEBUG [23:49:49.012] [mlr3]  Skip subsetting of task 'spam' 
DEBUG [23:49:49.016] [mlr3]  Calling train method of Learner 'bin_cwb_b' on task 'spam' with 3680 observations {learner: <LearnerClassifCompboost/LearnerClassif/Learner/R6>}
INFO  [23:49:49.028] [mlr3]  [LGCOMPBOOST] Running compboost with df 20.000000 and df_cat 1.000000 
   1/5000   risk = 0.64  time = 1   
 125/5000   risk = 0.24  time = 1214970   
 250/5000   risk = 0.21  time = 2217677   
 375/5000   risk = 0.19  time = 3299401   
 500/5000   risk = 0.18  time = 4391060   
 625/5000   risk = 0.18  time = 5427107   
 750/5000   risk = 0.17  time = 6464893   
 875/5000   risk = 0.17  time = 7631165   
1000/5000   risk = 0.17  time = 8671757   
1125/5000   risk = 0.16  time = 9729147   
1250/5000   risk = 0.16  time = 10805421   
1375/5000   risk = 0.16  time = 11858621   
1500/5000   risk = 0.16  time = 12910438   
1625/5000   risk = 0.15  time = 13969923   
1750/5000   risk = 0.15  time = 15007249   
1875/5000   risk = 0.15  time = 15965784   
2000/5000   risk = 0.15  time = 17049139   
2125/5000   risk = 0.15  time = 18151274   
2250/5000   risk = 0.15  time = 19270782   
2375/5000   risk = 0.14  time = 20405606   
2500/5000   risk = 0.14  time = 21435295   
2625/5000   risk = 0.14  time = 22564435   
2750/5000   risk = 0.14  time = 23611517   
2875/5000   risk = 0.14  time = 24907401   
3000/5000   risk = 0.14  time = 25887531   
3125/5000   risk = 0.14  time = 26877418   
3250/5000   risk = 0.14  time = 27907979   
3375/5000   risk = 0.14  time = 28926273   
3500/5000   risk = 0.14  time = 29942948   
3625/5000   risk = 0.14  time = 31116348   
3750/5000   risk = 0.13  time = 32178644   
3875/5000   risk = 0.13  time = 33212287   
4000/5000   risk = 0.13  time = 34384754   
4125/5000   risk = 0.13  time = 35406896   
4250/5000   risk = 0.13  time = 36499076   
4375/5000   risk = 0.13  time = 37542307   
4500/5000   risk = 0.13  time = 38615449   
4625/5000   risk = 0.13  time = 39731592   
4750/5000   risk = 0.13  time = 40749374   
4875/5000   risk = 0.13  time = 41806670   
5000/5000   risk = 0.13  time = 42862878   


Train 5000 iterations in 42 Seconds.
Final risk based on the train set: 0.13

INFO  [23:50:41.074] [mlr3]  [LGCOMPBOOST] iterations:'stop_cwb',5000,'stop_acwb',NA,'stop_hcwb',NA 
INFO  [23:50:41.077] [mlr3]  [LGCOMPBOOST] risk_inbag:'risk_intercept',0.670513,'risk_cwb',0.128639,'risk_acwb',NA,'risk_hcwb',NA 
INFO  [23:50:41.078] [mlr3]  [LGCOMPBOOST] risk_oob:'risk_intercept_oob',NA,'risk_cwb_oob',NA,'risk_acwb_oob',NA,'risk_hcwb_oob',NA 
DEBUG [23:50:41.083] [mlr3]  Learner 'bin_cwb_b' on task 'spam' succeeded to fit a model {learner: <LearnerClassifCompboost/LearnerClassif/Learner/R6>, result: <list>, messages: }

### [bt]: Job terminated successfully [batchtools job.id=2]
### [bt]: Calculation finished!
