### [bt]: This is batchtools v0.9.15
### [bt]: Starting calculation of 1 jobs
### [bt]: Setting working directory to '/home/user/repos/cacb-batchtools/eq1'
[2021-07-28 22:17:31] Loading new learner
[2021-07-28 22:17:31] Loading tasks
[2021-07-28 22:17:34] Loading resampling
### [bt]: Memory measurement disabled
### [bt]: Starting job [batchtools job.id=91]
### [bt]: Generating problem instance for problem '168908-fold3' ...
### [bt]: Applying algorithm 'evaluate-learner' on problem '168908-fold3' for job 91 (seed = 31506) ...
DEBUG [22:17:38.828] [mlr3]  Skip subsetting of task 'Task 168908: christine (Supervised Classification)' 
DEBUG [22:17:38.831] [mlr3]  Calling train method of Learner 'acc_acwb' on task 'Task 168908: christine (Supervised Classification)' with 4334 observations {learner: <LearnerClassifCompboost/LearnerClassif/Learner/R6>}
   1/5000   risk = 0.68  riskauc = 0.72   time = 2   
 125/5000   risk = 0.53  riskauc = 0.81   time = 7772048   
 250/5000   risk = 0.42  riskauc = 0.83   time = 15594877   
 375/5000   risk = 0.32  riskauc = 0.81   time = 23556139   
 500/5000   risk = 0.24  riskauc = 0.77   time = 31594746   
 625/5000   risk = 0.19  riskauc = 0.74   time = 39905323   
 750/5000   risk = 0.16  riskauc = 0.73   time = 48408677   
 875/5000   risk = 0.13  riskauc = 0.72   time = 56999216   
1000/5000   risk = 0.091  riskauc = 0.71   time = 65460486   
1125/5000   risk = 0.063  riskauc = 0.7   time = 73823170   
1250/5000   risk = 0.052  riskauc = 0.7   time = 82300928   
1375/5000   risk = 0.05  riskauc = 0.69   time = 90992420   
1500/5000   risk = 0.048  riskauc = 0.68   time = 99601325   
1625/5000   risk = 0.036  riskauc = 0.68   time = 108128046   
1750/5000   risk = 0.026  riskauc = 0.68   time = 116705090   
1875/5000   risk = 0.021  riskauc = 0.68   time = 125260567   
2000/5000   risk = 0.018  riskauc = 0.67   time = 133913310   
2125/5000   risk = 0.015  riskauc = 0.67   time = 142595297   
2250/5000   risk = 0.0094  riskauc = 0.67   time = 151080069   
2375/5000   risk = 0.0077  riskauc = 0.67   time = 160042177   
2500/5000   risk = 0.0065  riskauc = 0.67   time = 168838061   
2625/5000   risk = 0.004  riskauc = 0.67   time = 177812774   
2750/5000   risk = 0.0026  riskauc = 0.67   time = 186598133   
2875/5000   risk = 0.0032  riskauc = 0.67   time = 195541658   
3000/5000   risk = 0.0026  riskauc = 0.66   time = 204439690   
3125/5000   risk = 0.0019  riskauc = 0.66   time = 213359612   
3250/5000   risk = 0.0011  riskauc = 0.66   time = 222362881   
3375/5000   risk = 0.0011  riskauc = 0.66   time = 231356400   
3500/5000   risk = 0.0014  riskauc = 0.66   time = 240536897   
3625/5000   risk = 0.00088  riskauc = 0.66   time = 249644473   
3750/5000   risk = 0.00063  riskauc = 0.66   time = 258706574   
3875/5000   risk = 0.00038  riskauc = 0.66   time = 267551662   
4000/5000   risk = 0.00018  riskauc = 0.66   time = 276594125   
4125/5000   risk = 0.00016  riskauc = 0.66   time = 285615787   
4250/5000   risk = 0.00011  riskauc = 0.66   time = 294705270   
4375/5000   risk = 0.00013  riskauc = 0.66   time = 303752262   
4500/5000   risk = 0.00017  riskauc = 0.66   time = 312815439   
4625/5000   risk = 0.00012  riskauc = 0.66   time = 321888722   
4750/5000   risk = 8.7e-05  riskauc = 0.66   time = 330893052   
4875/5000   risk = 7e-05  riskauc = 0.66   time = 340069227   
5000/5000   risk = 4e-05  riskauc = 0.66   time = 348933251   


Train 5000 iterations in 348 Seconds.
Final risk based on the train set: 4e-05

DEBUG [22:23:38.672] [mlr3]  Learner 'acc_acwb' on task 'Task 168908: christine (Supervised Classification)' succeeded to fit a model {learner: <LearnerClassifCompboost/LearnerClassif/Learner/R6>, result: <list>, messages: }
DEBUG [22:23:38.692] [mlr3]  Skip subsetting of task 'Task 168908: christine (Supervised Classification)' 
DEBUG [22:23:38.696] [mlr3]  Calling train method of Learner 'acc_acwb' on task 'Task 168908: christine (Supervised Classification)' with 4334 observations {learner: <LearnerClassifCompboost/LearnerClassif/Learner/R6>}
   1/5000   risk = 0.68  time = 2   
 125/5000   risk = 0.53  time = 7371217   
 250/5000   risk = 0.42  time = 14947072   
 375/5000   risk = 0.32  time = 22406921   
 500/5000   risk = 0.24  time = 29922753   
 625/5000   risk = 0.19  time = 44028572   
 750/5000   risk = 0.16  time = 62706020   
 875/5000   risk = 0.13  time = 81313387   
1000/5000   risk = 0.091  time = 100457856   
1125/5000   risk = 0.063  time = 119601974   
1250/5000   risk = 0.052  time = 138211238   
1375/5000   risk = 0.05  time = 157181169   
1500/5000   risk = 0.048  time = 176002677   
1625/5000   risk = 0.036  time = 194296177   
