### [bt]: This is batchtools v0.9.15
### [bt]: Starting calculation of 1 jobs
### [bt]: Setting working directory to '/home/user/repos/cacb-batchtools/eq1'
Loading required package: data.table
Loading required package: R6
Loading required package: mlr3
Loading required package: mlr3learners
Loading required package: mlr3extralearners

Attaching package: ‘mlr3extralearners’

The following objects are masked from ‘package:mlr3’:

    lrn, lrns

Loading required package: mlr3pipelines
Loading required package: mlr3tuning
Loading required package: paradox
Loading required package: compboost
[2021-08-01 18:13:54] Loading new learner LearnerClassifCWB
[2021-08-01 18:13:54] Loading new learner LearnerClassifHCWB
[2021-08-01 18:13:54] Loading new learner
[2021-08-01 18:13:54] Loading tasks
[2021-08-01 18:13:57] Loading resampling
### [bt]: Memory measurement disabled
### [bt]: Starting job [batchtools job.id=160]
### [bt]: Generating problem instance for problem '7592-fold5' ...
### [bt]: Applying algorithm 'evaluate-learner' on problem '7592-fold5' for job 160 (seed = 31575) ...
DEBUG [18:13:58.994] [mlr3]  Skip subsetting of task 'Task 7592: adult (Supervised Classification)' 
DEBUG [18:13:59.076] [mlr3]  Calling train method of Learner 'acc_hcwb' on task 'Task 7592: adult (Supervised Classification)' with 39074 observations {learner: <LearnerClassifHCWB/LearnerClassif/Learner/R6>}
Warning in checkCores(task, self$param_set$values$ncores) :
  Number of cores 30 exceeds number of features 14. The number of cores are set to 14!
   1/5000   risk = 0.53  riskauc = 0.23   time = 3   val_auc = 0.22   
 125/5000   risk = 0.36  riskauc = 0.1   time = 1880233   val_auc = 0.1   
 250/5000   risk = 0.32  riskauc = 0.092   time = 3868444   val_auc = 0.094   
 375/5000   risk = 0.32  riskauc = 0.09   time = 5827447   val_auc = 0.092   
 500/5000   risk = 0.33  riskauc = 0.089   time = 7863565   val_auc = 0.091   
 625/5000   risk = 0.34  riskauc = 0.087   time = 10357750   val_auc = 0.09   
 750/5000   risk = 0.35  riskauc = 0.086   time = 12659568   val_auc = 0.09   
 875/5000   risk = 0.35  riskauc = 0.086   time = 14682165   val_auc = 0.089   
1000/5000   risk = 0.35  riskauc = 0.086   time = 16701086   val_auc = 0.088   
1125/5000   risk = 0.35  riskauc = 0.086   time = 18783372   val_auc = 0.088   
1250/5000   risk = 0.35  riskauc = 0.086   time = 20993193   val_auc = 0.088   
1375/5000   risk = 0.35  riskauc = 0.086   time = 23170996   val_auc = 0.088   


Train 1395 iterations in 25 Seconds.
Final risk based on the train set: 0.35

   1/3616   risk = 0.35  riskauc = 0.086   time = 3   val_auc = 0.088   
  90/3616   risk = 0.36  riskauc = 0.086   time = 1043919   val_auc = 0.088   
 180/3616   risk = 0.36  riskauc = 0.086   time = 1987389   val_auc = 0.088   
 270/3616   risk = 0.36  riskauc = 0.086   time = 2949256   val_auc = 0.088   
 360/3616   risk = 0.36  riskauc = 0.086   time = 3955401   val_auc = 0.088   
 450/3616   risk = 0.36  riskauc = 0.086   time = 4989597   val_auc = 0.088   
 540/3616   risk = 0.36  riskauc = 0.086   time = 5999089   val_auc = 0.087   
 630/3616   risk = 0.36  riskauc = 0.086   time = 7006994   val_auc = 0.087   
 720/3616   risk = 0.36  riskauc = 0.086   time = 7990014   val_auc = 0.087   
 810/3616   risk = 0.36  riskauc = 0.086   time = 8981338   val_auc = 0.087   
 900/3616   risk = 0.36  riskauc = 0.086   time = 9961329   val_auc = 0.087   
 990/3616   risk = 0.36  riskauc = 0.086   time = 10928958   val_auc = 0.087   
1080/3616   risk = 0.36  riskauc = 0.086   time = 11921015   val_auc = 0.087   
1170/3616   risk = 0.36  riskauc = 0.086   time = 12906225   val_auc = 0.087   
1260/3616   risk = 0.36  riskauc = 0.086   time = 13887997   val_auc = 0.087   
1350/3616   risk = 0.36  riskauc = 0.086   time = 14855010   val_auc = 0.087   
1440/3616   risk = 0.36  riskauc = 0.086   time = 15879914   val_auc = 0.087   
1530/3616   risk = 0.36  riskauc = 0.086   time = 16931684   val_auc = 0.087   
1620/3616   risk = 0.36  riskauc = 0.086   time = 18031429   val_auc = 0.087   
1710/3616   risk = 0.36  riskauc = 0.086   time = 19294655   val_auc = 0.087   
1800/3616   risk = 0.36  riskauc = 0.086   time = 20554969   val_auc = 0.087   
1890/3616   risk = 0.36  riskauc = 0.086   time = 21837691   val_auc = 0.087   
1980/3616   risk = 0.36  riskauc = 0.086   time = 23031833   val_auc = 0.087   
2070/3616   risk = 0.36  riskauc = 0.086   time = 24124002   val_auc = 0.087   
2160/3616   risk = 0.36  riskauc = 0.086   time = 25165468   val_auc = 0.087   
2250/3616   risk = 0.36  riskauc = 0.086   time = 26229239   val_auc = 0.087   
2340/3616   risk = 0.36  riskauc = 0.086   time = 27263665   val_auc = 0.087   
2430/3616   risk = 0.36  riskauc = 0.086   time = 28303069   val_auc = 0.087   
2520/3616   risk = 0.36  riskauc = 0.086   time = 29329871   val_auc = 0.087   
2610/3616   risk = 0.36  riskauc = 0.086   time = 30369364   val_auc = 0.087   
2700/3616   risk = 0.36  riskauc = 0.086   time = 31450027   val_auc = 0.087   
2790/3616   risk = 0.36  riskauc = 0.086   time = 32597139   val_auc = 0.087   
2880/3616   risk = 0.36  riskauc = 0.086   time = 33762111   val_auc = 0.087   
2970/3616   risk = 0.36  riskauc = 0.086   time = 34815773   val_auc = 0.087   
3060/3616   risk = 0.36  riskauc = 0.086   time = 35885361   val_auc = 0.087   
3150/3616   risk = 0.36  riskauc = 0.086   time = 37003792   val_auc = 0.087   
3240/3616   risk = 0.36  riskauc = 0.086   time = 38054347   val_auc = 0.087   
3330/3616   risk = 0.36  riskauc = 0.086   time = 39245374   val_auc = 0.087   
3420/3616   risk = 0.36  riskauc = 0.086   time = 40363063   val_auc = 0.087   
3510/3616   risk = 0.36  riskauc = 0.086   time = 41506175   val_auc = 0.087   
3600/3616   risk = 0.36  riskauc = 0.086   time = 42686132   val_auc = 0.087   


Train 3616 iterations in 42 Seconds.
Final risk based on the train set: 0.36

DEBUG [18:15:10.515] [mlr3]  Learner 'acc_hcwb' on task 'Task 7592: adult (Supervised Classification)' succeeded to fit a model {learner: <LearnerClassifHCWB/LearnerClassif/Learner/R6>, result: <list>, messages: }
DEBUG [18:15:10.530] [mlr3]  Skip subsetting of task 'Task 7592: adult (Supervised Classification)' 
DEBUG [18:15:10.533] [mlr3]  Calling train method of Learner 'acc_hcwb' on task 'Task 7592: adult (Supervised Classification)' with 39074 observations {learner: <LearnerClassifHCWB/LearnerClassif/Learner/R6>}
Warning in checkCores(task, self$param_set$values$ncores) :
  Number of cores 30 exceeds number of features 14. The number of cores are set to 14!
   1/5000   risk = 0.53  time = 2   val_auc = 0.22   
 125/5000   risk = 0.36  time = 1541557   val_auc = 0.1   
 250/5000   risk = 0.32  time = 3184202   val_auc = 0.094   
 375/5000   risk = 0.32  time = 4873155   val_auc = 0.092   
 500/5000   risk = 0.33  time = 6478687   val_auc = 0.091   
 625/5000   risk = 0.34  time = 8091679   val_auc = 0.09   
 750/5000   risk = 0.35  time = 9676351   val_auc = 0.09   
 875/5000   risk = 0.35  time = 11454910   val_auc = 0.089   
1000/5000   risk = 0.35  time = 13218693   val_auc = 0.088   
1125/5000   risk = 0.35  time = 15045954   val_auc = 0.088   
1250/5000   risk = 0.35  time = 16570755   val_auc = 0.088   
1375/5000   risk = 0.35  time = 18137547   val_auc = 0.088   


Train 1395 iterations in 18 Seconds.
Final risk based on the train set: 0.35

   1/3616   risk = 0.35  time = 2   val_auc = 0.088   
  90/3616   risk = 0.36  time = 843171   val_auc = 0.088   
 180/3616   risk = 0.36  time = 1666585   val_auc = 0.088   
 270/3616   risk = 0.36  time = 2527415   val_auc = 0.088   
 360/3616   risk = 0.36  time = 3317535   val_auc = 0.088   
 450/3616   risk = 0.36  time = 4083571   val_auc = 0.088   
 540/3616   risk = 0.36  time = 4888270   val_auc = 0.087   
 630/3616   risk = 0.36  time = 5573839   val_auc = 0.087   
 720/3616   risk = 0.36  time = 6210631   val_auc = 0.087   
 810/3616   risk = 0.36  time = 6912619   val_auc = 0.087   
 900/3616   risk = 0.36  time = 7648323   val_auc = 0.087   
 990/3616   risk = 0.36  time = 8456293   val_auc = 0.087   
1080/3616   risk = 0.36  time = 9217211   val_auc = 0.087   
1170/3616   risk = 0.36  time = 9857096   val_auc = 0.087   
1260/3616   risk = 0.36  time = 10534098   val_auc = 0.087   
1350/3616   risk = 0.36  time = 11219527   val_auc = 0.087   
1440/3616   risk = 0.36  time = 11860058   val_auc = 0.087   
1530/3616   risk = 0.36  time = 12563697   val_auc = 0.087   
1620/3616   risk = 0.36  time = 13205112   val_auc = 0.087   
1710/3616   risk = 0.36  time = 13844014   val_auc = 0.087   
1800/3616   risk = 0.36  time = 14578000   val_auc = 0.087   
1890/3616   risk = 0.36  time = 15265485   val_auc = 0.087   
1980/3616   risk = 0.36  time = 15961297   val_auc = 0.087   
2070/3616   risk = 0.36  time = 16760671   val_auc = 0.087   
2160/3616   risk = 0.36  time = 17528367   val_auc = 0.087   
2250/3616   risk = 0.36  time = 18286298   val_auc = 0.087   
2340/3616   risk = 0.36  time = 18924691   val_auc = 0.087   
2430/3616   risk = 0.36  time = 19553814   val_auc = 0.087   
2520/3616   risk = 0.36  time = 20216361   val_auc = 0.087   
2610/3616   risk = 0.36  time = 20843905   val_auc = 0.087   
2700/3616   risk = 0.36  time = 21470547   val_auc = 0.087   
2790/3616   risk = 0.36  time = 22132429   val_auc = 0.087   
2880/3616   risk = 0.36  time = 22795964   val_auc = 0.087   
2970/3616   risk = 0.36  time = 23544145   val_auc = 0.087   
3060/3616   risk = 0.36  time = 24410973   val_auc = 0.087   
3150/3616   risk = 0.36  time = 25281186   val_auc = 0.087   
3240/3616   risk = 0.36  time = 26135524   val_auc = 0.087   
3330/3616   risk = 0.36  time = 26917818   val_auc = 0.087   
3420/3616   risk = 0.36  time = 27692784   val_auc = 0.087   
3510/3616   risk = 0.36  time = 28485091   val_auc = 0.087   
3600/3616   risk = 0.36  time = 29341665   val_auc = 0.087   


Train 3616 iterations in 29 Seconds.
Final risk based on the train set: 0.36

DEBUG [18:16:01.346] [mlr3]  Learner 'acc_hcwb' on task 'Task 7592: adult (Supervised Classification)' succeeded to fit a model {learner: <LearnerClassifHCWB/LearnerClassif/Learner/R6>, result: <list>, messages: }

### [bt]: Job terminated successfully [batchtools job.id=160]
### [bt]: Calculation finished!
