### [bt]: This is batchtools v0.9.15
### [bt]: Starting calculation of 1 jobs
### [bt]: Setting working directory to '/home/user/repos/cacb-batchtools/eq1'
[2021-07-25 21:02:44] Loading new learner
[2021-07-25 21:02:44] Loading tasks
[2021-07-25 21:02:47] Loading resampling
### [bt]: Memory measurement disabled
### [bt]: Starting job [batchtools job.id=42]
### [bt]: Generating problem instance for problem '7592-fold4' ...
### [bt]: Applying algorithm 'evaluate-learner' on problem '7592-fold4' for job 42 (seed = 31457) ...
DEBUG [21:02:48.485] [mlr3]  Skip subsetting of task 'Task 7592: adult (Supervised Classification)' 
DEBUG [21:02:48.488] [mlr3]  Calling train method of Learner 'bin_cwb_b' on task 'Task 7592: adult (Supervised Classification)' with 39074 observations {learner: <LearnerClassifCompboost/LearnerClassif/Learner/R6>}
Warning in get_private(learner)$.train(task) :
  Number of cores 30 exceeds number of features 14. The number of cores are set to 14!
INFO  [21:02:48.566] [mlr3]  [LGCOMPBOOST] Running compboost with df 5.000000 and df_cat 2.000000 
   1/5000   risk = 0.54  riskauc = 0.79   time = 3   
 125/5000   risk = 0.35  riskauc = 0.9   time = 951148   
 250/5000   risk = 0.34  riskauc = 0.91   time = 1868044   
 375/5000   risk = 0.34  riskauc = 0.91   time = 2795287   
 500/5000   risk = 0.35  riskauc = 0.91   time = 3722997   
 625/5000   risk = 0.35  riskauc = 0.91   time = 4651958   
 750/5000   risk = 0.35  riskauc = 0.91   time = 5627673   
 875/5000   risk = 0.35  riskauc = 0.91   time = 6528242   
1000/5000   risk = 0.35  riskauc = 0.91   time = 7408052   
1125/5000   risk = 0.35  riskauc = 0.91   time = 8277341   
1250/5000   risk = 0.35  riskauc = 0.91   time = 9145460   
1375/5000   risk = 0.35  riskauc = 0.91   time = 10012616   
1500/5000   risk = 0.35  riskauc = 0.91   time = 11036212   
1625/5000   risk = 0.35  riskauc = 0.91   time = 11991927   
1750/5000   risk = 0.36  riskauc = 0.91   time = 12987119   
1875/5000   risk = 0.36  riskauc = 0.91   time = 13990971   
2000/5000   risk = 0.36  riskauc = 0.91   time = 15022846   
2125/5000   risk = 0.36  riskauc = 0.91   time = 16038539   
2250/5000   risk = 0.36  riskauc = 0.91   time = 17027764   
2375/5000   risk = 0.36  riskauc = 0.91   time = 18048864   
2500/5000   risk = 0.36  riskauc = 0.91   time = 18974437   
2625/5000   risk = 0.36  riskauc = 0.91   time = 19875225   
2750/5000   risk = 0.36  riskauc = 0.91   time = 20785096   
2875/5000   risk = 0.36  riskauc = 0.91   time = 21680948   
3000/5000   risk = 0.36  riskauc = 0.91   time = 22584244   
3125/5000   risk = 0.36  riskauc = 0.91   time = 23535751   
3250/5000   risk = 0.36  riskauc = 0.91   time = 24472538   
3375/5000   risk = 0.36  riskauc = 0.91   time = 25387294   
3500/5000   risk = 0.36  riskauc = 0.91   time = 26304503   
3625/5000   risk = 0.36  riskauc = 0.91   time = 27250715   
3750/5000   risk = 0.36  riskauc = 0.91   time = 28179788   
3875/5000   risk = 0.36  riskauc = 0.91   time = 29112289   
4000/5000   risk = 0.36  riskauc = 0.91   time = 30381603   
4125/5000   risk = 0.36  riskauc = 0.91   time = 31370037   
4250/5000   risk = 0.36  riskauc = 0.91   time = 32393345   
4375/5000   risk = 0.36  riskauc = 0.91   time = 33352834   
4500/5000   risk = 0.36  riskauc = 0.91   time = 34311261   
4625/5000   risk = 0.36  riskauc = 0.91   time = 35228896   
4750/5000   risk = 0.36  riskauc = 0.91   time = 36227101   
4875/5000   risk = 0.36  riskauc = 0.91   time = 37151691   
5000/5000   risk = 0.36  riskauc = 0.91   time = 38080035   


Train 5000 iterations in 38 Seconds.
Final risk based on the train set: 0.36

INFO  [21:03:34.090] [mlr3]  [LGCOMPBOOST] iterations:'stop_cwb',5000,'stop_acwb',NA,'stop_hcwb',NA 
INFO  [21:03:34.092] [mlr3]  [LGCOMPBOOST] risk_inbag:'risk_intercept',0.550260,'risk_cwb',0.357430,'risk_acwb',NA,'risk_hcwb',NA 
INFO  [21:03:34.093] [mlr3]  [LGCOMPBOOST] risk_oob:'risk_intercept_oob',NA,'risk_cwb_oob',NA,'risk_acwb_oob',NA,'risk_hcwb_oob',NA 
DEBUG [21:03:34.097] [mlr3]  Learner 'bin_cwb_b' on task 'Task 7592: adult (Supervised Classification)' succeeded to fit a model {learner: <LearnerClassifCompboost/LearnerClassif/Learner/R6>, result: <list>, messages: }
DEBUG [21:03:34.107] [mlr3]  Skip subsetting of task 'Task 7592: adult (Supervised Classification)' 
DEBUG [21:03:34.109] [mlr3]  Calling train method of Learner 'bin_cwb_b' on task 'Task 7592: adult (Supervised Classification)' with 39074 observations {learner: <LearnerClassifCompboost/LearnerClassif/Learner/R6>}
Warning in get_private(learner)$.train(task) :
  Number of cores 30 exceeds number of features 14. The number of cores are set to 14!
INFO  [21:03:34.168] [mlr3]  [LGCOMPBOOST] Running compboost with df 5.000000 and df_cat 2.000000 
   1/5000   risk = 0.54  time = 2   
 125/5000   risk = 0.35  time = 360576   
 250/5000   risk = 0.34  time = 689883   
 375/5000   risk = 0.34  time = 1031827   
 500/5000   risk = 0.35  time = 1520069   
 625/5000   risk = 0.35  time = 1925024   
 750/5000   risk = 0.35  time = 2260930   
 875/5000   risk = 0.35  time = 2694743   
1000/5000   risk = 0.35  time = 3139249   
1125/5000   risk = 0.35  time = 3604738   
1250/5000   risk = 0.35  time = 4082737   
1375/5000   risk = 0.35  time = 4506587   
1500/5000   risk = 0.35  time = 4917714   
1625/5000   risk = 0.35  time = 5426536   
1750/5000   risk = 0.36  time = 5936671   
1875/5000   risk = 0.36  time = 6437057   
2000/5000   risk = 0.36  time = 6938663   
2125/5000   risk = 0.36  time = 7462561   
2250/5000   risk = 0.36  time = 7963935   
2375/5000   risk = 0.36  time = 8436862   
2500/5000   risk = 0.36  time = 8894420   
2625/5000   risk = 0.36  time = 9339093   
2750/5000   risk = 0.36  time = 9771628   
2875/5000   risk = 0.36  time = 10167993   
3000/5000   risk = 0.36  time = 10543688   
3125/5000   risk = 0.36  time = 10915890   
3250/5000   risk = 0.36  time = 11297749   
3375/5000   risk = 0.36  time = 11681812   
3500/5000   risk = 0.36  time = 12061808   
3625/5000   risk = 0.36  time = 12442731   
3750/5000   risk = 0.36  time = 12825438   
3875/5000   risk = 0.36  time = 13205496   
4000/5000   risk = 0.36  time = 13596886   
4125/5000   risk = 0.36  time = 14003011   
4250/5000   risk = 0.36  time = 14413609   
4375/5000   risk = 0.36  time = 14806665   
4500/5000   risk = 0.36  time = 15197392   
4625/5000   risk = 0.36  time = 15591567   
4750/5000   risk = 0.36  time = 16000985   
4875/5000   risk = 0.36  time = 16432819   
5000/5000   risk = 0.36  time = 16861641   


Train 5000 iterations in 16 Seconds.
Final risk based on the train set: 0.36

INFO  [21:03:58.283] [mlr3]  [LGCOMPBOOST] iterations:'stop_cwb',5000,'stop_acwb',NA,'stop_hcwb',NA 
INFO  [21:03:58.286] [mlr3]  [LGCOMPBOOST] risk_inbag:'risk_intercept',0.550260,'risk_cwb',0.357430,'risk_acwb',NA,'risk_hcwb',NA 
INFO  [21:03:58.288] [mlr3]  [LGCOMPBOOST] risk_oob:'risk_intercept_oob',NA,'risk_cwb_oob',NA,'risk_acwb_oob',NA,'risk_hcwb_oob',NA 
DEBUG [21:03:58.294] [mlr3]  Learner 'bin_cwb_b' on task 'Task 7592: adult (Supervised Classification)' succeeded to fit a model {learner: <LearnerClassifCompboost/LearnerClassif/Learner/R6>, result: <list>, messages: }

### [bt]: Job terminated successfully [batchtools job.id=42]
### [bt]: Calculation finished!
