### [bt]: This is batchtools v0.9.15
### [bt]: Starting calculation of 1 jobs
### [bt]: Setting working directory to '/home/user/repos/cacb-batchtools/eq1'
[2021-07-15] Loading new learner
2021-07-15 11:47:13: (1/6) Process task spam
2021-07-15 11:47:13: (2/6) Process task 7592
Error in curl::curl_fetch_disk(add_auth_string(url, api_key = api_key),  : 
  Timeout was reached: [www.openml.org] Operation timed out after 10000 milliseconds with 0 out of 0 bytes received
2021-07-15 11:47:23: (3/6) Process task 168335
Error in curl::curl_fetch_disk(add_auth_string(url, api_key = api_key),  : 
  Timeout was reached: [www.openml.org] Operation timed out after 10000 milliseconds with 0 out of 0 bytes received
2021-07-15 11:47:33: (4/6) Process task 189866
2021-07-15 11:48:42: (5/6) Process task 359994
2021-07-15 11:49:39: (6/6) Process task 9977
### [bt]: Memory measurement disabled
### [bt]: Starting job [batchtools job.id=4]
### [bt]: Generating problem instance for problem 'spam-bin_cwb_nb-fold4' ...
### [bt]: Applying algorithm 'evaluate-learner' on problem 'spam-bin_cwb_nb-fold4' for job 4 (seed = 31419) ...
INFO  [11:50:43.281] [mlr3]  [LGCOMPBOOST] iterations:'stop_cwb',5000,'stop_acwb',NA,'stop_hcwb',NA 
INFO  [11:50:43.283] [mlr3]  [LGCOMPBOOST] risk_inbag:'risk_intercept',0.670538,'risk_cwb',0.115816,'risk_acwb',NA,'risk_hcwb',NA 
INFO  [11:50:43.285] [mlr3]  [LGCOMPBOOST] risk_oob:'risk_intercept_oob',NA,'risk_cwb_oob',NA,'risk_acwb_oob',NA,'risk_hcwb_oob',NA 

### [bt]: Job terminated successfully [batchtools job.id=4]
### [bt]: Calculation finished!
