### [bt]: This is batchtools v0.9.15
### [bt]: Starting calculation of 1 jobs
### [bt]: Setting working directory to '/home/user/repos/cacb-batchtools/eq1'
Loading required package: data.table
Loading required package: R6
Loading required package: mlr3
Loading required package: mlr3learners
Loading required package: mlr3extralearners

Attaching package: ‘mlr3extralearners’

The following objects are masked from ‘package:mlr3’:

    lrn, lrns

Loading required package: mlr3pipelines
Loading required package: mlr3tuning
Loading required package: paradox
Loading required package: compboost
[2021-08-02 16:20:44] Loading new learner LearnerClassifCWB
[2021-08-02 16:20:44] Loading new learner LearnerClassifHCWB
[2021-08-02 16:20:44] Loading new learner
[2021-08-02 16:20:44] Loading tasks
[2021-08-02 16:20:47] Loading resampling
### [bt]: Memory measurement disabled
### [bt]: Starting job [batchtools job.id=114]
### [bt]: Generating problem instance for problem '168908-fold3' ...
### [bt]: Applying algorithm 'evaluate-learner' on problem '168908-fold3' for job 114 (seed = 31529) ...
DEBUG [16:20:49.043] [mlr3]  Skip subsetting of task 'Task 168908: christine (Supervised Classification)' 
DEBUG [16:20:49.138] [mlr3]  Calling train method of Learner 'acc_hcwb' on task 'Task 168908: christine (Supervised Classification)' with 4334 observations {learner: <LearnerClassifHCWB/LearnerClassif/Learner/R6>}
   1/5000   risk = 0.68  oob_risk = 0.68   test_auc = 0.28   time = 4   val_auc = 0.29   


Train 81 iterations in 4 Seconds.
Final risk based on the train set: 0.46

   1/4930   risk = 0.49  oob_risk = 0.55   test_auc = 0.18   time = 2   val_auc = 0.21   
 123/4930   risk = 0.49  oob_risk = 0.57   test_auc = 0.18   time = 4268043   val_auc = 0.2   
 246/4930   risk = 0.47  oob_risk = 0.57   test_auc = 0.18   time = 7270020   val_auc = 0.2   
 369/4930   risk = 0.46  oob_risk = 0.58   test_auc = 0.18   time = 10264363   val_auc = 0.2   
 492/4930   risk = 0.44  oob_risk = 0.58   test_auc = 0.18   time = 13198558   val_auc = 0.2   
 615/4930   risk = 0.43  oob_risk = 0.59   test_auc = 0.18   time = 16075587   val_auc = 0.2   
 738/4930   risk = 0.42  oob_risk = 0.59   test_auc = 0.18   time = 19000163   val_auc = 0.21   
 861/4930   risk = 0.41  oob_risk = 0.6   test_auc = 0.18   time = 21955220   val_auc = 0.21   
 984/4930   risk = 0.4  oob_risk = 0.6   test_auc = 0.18   time = 24923153   val_auc = 0.21   
1107/4930   risk = 0.39  oob_risk = 0.6   test_auc = 0.19   time = 28532220   val_auc = 0.21   
1230/4930   risk = 0.38  oob_risk = 0.61   test_auc = 0.19   time = 31469802   val_auc = 0.21   
1353/4930   risk = 0.37  oob_risk = 0.61   test_auc = 0.19   time = 34413414   val_auc = 0.21   
1476/4930   risk = 0.36  oob_risk = 0.62   test_auc = 0.19   time = 37347890   val_auc = 0.21   
1599/4930   risk = 0.35  oob_risk = 0.62   test_auc = 0.19   time = 40233003   val_auc = 0.21   
1722/4930   risk = 0.35  oob_risk = 0.62   test_auc = 0.19   time = 43096191   val_auc = 0.21   
1845/4930   risk = 0.34  oob_risk = 0.63   test_auc = 0.19   time = 45889256   val_auc = 0.21   
1968/4930   risk = 0.33  oob_risk = 0.63   test_auc = 0.19   time = 48670155   val_auc = 0.21   
2091/4930   risk = 0.33  oob_risk = 0.64   test_auc = 0.19   time = 51515147   val_auc = 0.21   
2214/4930   risk = 0.32  oob_risk = 0.64   test_auc = 0.19   time = 54341179   val_auc = 0.21   
2337/4930   risk = 0.31  oob_risk = 0.64   test_auc = 0.19   time = 57193600   val_auc = 0.21   
2460/4930   risk = 0.31  oob_risk = 0.65   test_auc = 0.19   time = 59977967   val_auc = 0.21   
2583/4930   risk = 0.3  oob_risk = 0.65   test_auc = 0.19   time = 62805464   val_auc = 0.22   
2706/4930   risk = 0.3  oob_risk = 0.65   test_auc = 0.19   time = 65610878   val_auc = 0.22   
2829/4930   risk = 0.29  oob_risk = 0.66   test_auc = 0.19   time = 68464364   val_auc = 0.22   
2952/4930   risk = 0.29  oob_risk = 0.66   test_auc = 0.19   time = 71241153   val_auc = 0.22   
3075/4930   risk = 0.28  oob_risk = 0.66   test_auc = 0.19   time = 74052548   val_auc = 0.22   
3198/4930   risk = 0.28  oob_risk = 0.67   test_auc = 0.19   time = 76903983   val_auc = 0.22   
3321/4930   risk = 0.27  oob_risk = 0.67   test_auc = 0.19   time = 79603762   val_auc = 0.22   
3444/4930   risk = 0.27  oob_risk = 0.67   test_auc = 0.19   time = 82421390   val_auc = 0.22   
3567/4930   risk = 0.26  oob_risk = 0.68   test_auc = 0.19   time = 85386920   val_auc = 0.22   
3690/4930   risk = 0.26  oob_risk = 0.68   test_auc = 0.19   time = 88265515   val_auc = 0.22   
3813/4930   risk = 0.25  oob_risk = 0.68   test_auc = 0.19   time = 91145901   val_auc = 0.22   
3936/4930   risk = 0.25  oob_risk = 0.69   test_auc = 0.19   time = 93966154   val_auc = 0.22   
4059/4930   risk = 0.24  oob_risk = 0.69   test_auc = 0.19   time = 96944301   val_auc = 0.22   
4182/4930   risk = 0.24  oob_risk = 0.69   test_auc = 0.19   time = 99821036   val_auc = 0.22   
4305/4930   risk = 0.24  oob_risk = 0.69   test_auc = 0.19   time = 102666900   val_auc = 0.22   
4428/4930   risk = 0.23  oob_risk = 0.7   test_auc = 0.19   time = 105522841   val_auc = 0.22   
4551/4930   risk = 0.23  oob_risk = 0.7   test_auc = 0.19   time = 108373212   val_auc = 0.22   
4674/4930   risk = 0.23  oob_risk = 0.7   test_auc = 0.19   time = 111261505   val_auc = 0.22   
4797/4930   risk = 0.22  oob_risk = 0.71   test_auc = 0.19   time = 114396920   val_auc = 0.22   
4920/4930   risk = 0.22  oob_risk = 0.71   test_auc = 0.19   time = 117186147   val_auc = 0.22   


Train 4930 iterations in 118 Seconds.
Final risk based on the train set: 0.22

DEBUG [16:23:52.872] [mlr3]  Learner 'acc_hcwb' on task 'Task 168908: christine (Supervised Classification)' succeeded to fit a model {learner: <LearnerClassifHCWB/LearnerClassif/Learner/R6>, result: <list>, messages: }

### [bt]: Job terminated successfully [batchtools job.id=114]
### [bt]: Calculation finished!
