### [bt]: This is batchtools v0.9.15
### [bt]: Starting calculation of 1 jobs
### [bt]: Setting working directory to '/home/user/repos/cacb-batchtools/eq1'
[2021-07-19] Loading new learner
[2021-07-19 18:43:34] Loading tasks
[2021-07-19 18:43:36] Loading resampling
### [bt]: Memory measurement disabled
### [bt]: Starting job [batchtools job.id=17]
### [bt]: Generating problem instance for problem 'spam-fold4' ...
### [bt]: Applying algorithm 'evaluate-learner' on problem 'spam-fold4' for job 17 (seed = 31432) ...
DEBUG [18:43:37.440] [mlr3]  Skip subsetting of task 'spam' 
DEBUG [18:43:37.443] [mlr3]  Calling train method of Learner 'removeconstants_before.imputemedian_num.imputemode_fct.collapsefactors.removeconstants_after.bin_cwb_b' on task 'spam' with 3682 observations {learner: <GraphLearner/Learner/R6>}
DEBUG [18:43:37.460] Running PipeOp 'removeconstants_before$train()' {pipeop: <PipeOpRemoveConstants/PipeOpTaskPreprocSimple/PipeOpTaskPreproc/PipeOp/R6>, input: <list>}
DEBUG [18:43:37.497] Running PipeOp 'imputemedian_num$train()' {pipeop: <PipeOpImputeMedian/PipeOpImpute/PipeOp/R6>, input: <list>}
DEBUG [18:43:37.689] Running PipeOp 'imputemode_fct$train()' {pipeop: <PipeOpImputeMode/PipeOpImpute/PipeOp/R6>, input: <list>}
DEBUG [18:43:37.704] Running PipeOp 'collapsefactors$train()' {pipeop: <PipeOpCollapseFactors/PipeOpTaskPreprocSimple/PipeOpTaskPreproc/PipeOp/R6>, input: <list>}
DEBUG [18:43:37.718] Running PipeOp 'removeconstants_after$train()' {pipeop: <PipeOpRemoveConstants/PipeOpTaskPreprocSimple/PipeOpTaskPreproc/PipeOp/R6>, input: <list>}
DEBUG [18:43:37.757] Running PipeOp 'bin_cwb_b$train()' {pipeop: <PipeOpLearner/PipeOp/R6>, input: <list>}
DEBUG [18:43:37.764] [mlr3]  Skip subsetting of task 'spam' 
DEBUG [18:43:37.766] [mlr3]  Calling train method of Learner 'bin_cwb_b' on task 'spam' with 3682 observations {learner: <LearnerClassifCompboost/LearnerClassif/Learner/R6>}
INFO  [18:43:37.775] [mlr3]  [LGCOMPBOOST] Running compboost with df 20.000000 and df_cat 1.000000 
   1/5000   risk = 0.64  time = 2   
 125/5000   risk = 0.24  time = 1032468   
 250/5000   risk = 0.21  time = 2069816   
 375/5000   risk = 0.19  time = 3188174   
 500/5000   risk = 0.18  time = 4327349   
 625/5000   risk = 0.18  time = 5432575   
 750/5000   risk = 0.17  time = 6580730   
 875/5000   risk = 0.17  time = 7661230   
1000/5000   risk = 0.16  time = 8641796   
1125/5000   risk = 0.16  time = 9645081   
1250/5000   risk = 0.16  time = 10785960   
1375/5000   risk = 0.16  time = 11935480   
1500/5000   risk = 0.15  time = 13116323   
1625/5000   risk = 0.15  time = 14144165   
1750/5000   risk = 0.15  time = 15172422   
1875/5000   risk = 0.15  time = 16164972   
2000/5000   risk = 0.15  time = 17196623   
2125/5000   risk = 0.15  time = 18238937   
2250/5000   risk = 0.14  time = 19231002   
2375/5000   risk = 0.14  time = 20431906   
2500/5000   risk = 0.14  time = 21476024   
2625/5000   risk = 0.14  time = 22502325   
2750/5000   risk = 0.14  time = 23490184   
2875/5000   risk = 0.14  time = 24393483   
3000/5000   risk = 0.14  time = 25380301   
3125/5000   risk = 0.14  time = 26413819   
3250/5000   risk = 0.14  time = 27457239   
3375/5000   risk = 0.13  time = 28470474   
3500/5000   risk = 0.13  time = 29573705   
3625/5000   risk = 0.13  time = 30595583   
3750/5000   risk = 0.13  time = 31567261   
3875/5000   risk = 0.13  time = 32600692   
4000/5000   risk = 0.13  time = 33585217   
4125/5000   risk = 0.13  time = 34637063   
4250/5000   risk = 0.13  time = 35676824   
4375/5000   risk = 0.13  time = 36756613   
4500/5000   risk = 0.13  time = 37791561   
4625/5000   risk = 0.13  time = 38872016   
4750/5000   risk = 0.13  time = 40058815   
4875/5000   risk = 0.13  time = 41133920   
5000/5000   risk = 0.13  time = 42155689   


Train 5000 iterations in 42 Seconds.
Final risk based on the train set: 0.13

INFO  [18:44:30.694] [mlr3]  [LGCOMPBOOST] iterations:'stop_cwb',5000,'stop_acwb',NA,'stop_hcwb',NA 
INFO  [18:44:30.697] [mlr3]  [LGCOMPBOOST] risk_inbag:'risk_intercept',0.670538,'risk_cwb',0.125401,'risk_acwb',NA,'risk_hcwb',NA 
INFO  [18:44:30.698] [mlr3]  [LGCOMPBOOST] risk_oob:'risk_intercept_oob',NA,'risk_cwb_oob',NA,'risk_acwb_oob',NA,'risk_hcwb_oob',NA 
DEBUG [18:44:30.704] [mlr3]  Learner 'bin_cwb_b' on task 'spam' succeeded to fit a model {learner: <LearnerClassifCompboost/LearnerClassif/Learner/R6>, result: <list>, messages: }
DEBUG [18:44:30.717] [mlr3]  Learner 'removeconstants_before.imputemedian_num.imputemode_fct.collapsefactors.removeconstants_after.bin_cwb_b' on task 'spam' succeeded to fit a model {learner: <GraphLearner/Learner/R6>, result: <list>, messages: }
[2021-07-19 18:44:36] (1/1250) Processing iter 4
Error in self$model$setToIteration(iteration, trace) : 
  addition: incompatible matrix dimensions: 3682x1 and 60x1

### [bt]: Job terminated with an exception [batchtools job.id=17]
### [bt]: Calculation finished!
