### [bt]: This is batchtools v0.9.15
### [bt]: Starting calculation of 1 jobs
### [bt]: Setting working directory to '/home/user/repos/cacb-batchtools/eq1'
[2021-07-27 20:16:50] Loading new learner
[2021-07-27 20:16:50] Loading tasks
[2021-07-27 20:16:52] Loading resampling
### [bt]: Memory measurement disabled
### [bt]: Starting job [batchtools job.id=30]
### [bt]: Generating problem instance for problem '7592-fold3' ...
### [bt]: Applying algorithm 'evaluate-learner' on problem '7592-fold3' for job 30 (seed = 31445) ...
DEBUG [20:16:53.468] [mlr3]  Skip subsetting of task 'Task 7592: adult (Supervised Classification)' 
DEBUG [20:16:53.471] [mlr3]  Calling train method of Learner 'bin_cwb_b' on task 'Task 7592: adult (Supervised Classification)' with 39074 observations {learner: <LearnerClassifCompboost/LearnerClassif/Learner/R6>}
Warning in get_private(learner)$.train(task) :
  Number of cores 30 exceeds number of features 14. The number of cores are set to 14!
   1/5000   risk = 0.54  riskauc = 0.78   time = 3   
 125/5000   risk = 0.35  riskauc = 0.9   time = 1152047   
 250/5000   risk = 0.34  riskauc = 0.91   time = 2259111   
 375/5000   risk = 0.34  riskauc = 0.91   time = 3492623   
 500/5000   risk = 0.35  riskauc = 0.91   time = 4662495   
 625/5000   risk = 0.35  riskauc = 0.91   time = 5670522   
 750/5000   risk = 0.35  riskauc = 0.91   time = 6587828   
 875/5000   risk = 0.35  riskauc = 0.91   time = 7542857   
1000/5000   risk = 0.35  riskauc = 0.91   time = 8487096   
1125/5000   risk = 0.35  riskauc = 0.91   time = 9425643   
1250/5000   risk = 0.35  riskauc = 0.91   time = 10349538   
1375/5000   risk = 0.35  riskauc = 0.91   time = 11414766   
1500/5000   risk = 0.36  riskauc = 0.91   time = 12414155   
1625/5000   risk = 0.36  riskauc = 0.91   time = 13489232   
1750/5000   risk = 0.36  riskauc = 0.91   time = 14529616   
1875/5000   risk = 0.36  riskauc = 0.91   time = 15479684   
2000/5000   risk = 0.36  riskauc = 0.91   time = 16417453   
2125/5000   risk = 0.36  riskauc = 0.91   time = 17352801   
2250/5000   risk = 0.36  riskauc = 0.91   time = 18337005   
2375/5000   risk = 0.36  riskauc = 0.91   time = 19318970   
2500/5000   risk = 0.36  riskauc = 0.91   time = 20304843   
2625/5000   risk = 0.36  riskauc = 0.91   time = 21303891   
2750/5000   risk = 0.36  riskauc = 0.91   time = 22573401   
2875/5000   risk = 0.36  riskauc = 0.91   time = 23523693   
3000/5000   risk = 0.36  riskauc = 0.91   time = 24423096   
3125/5000   risk = 0.36  riskauc = 0.91   time = 25356820   
3250/5000   risk = 0.36  riskauc = 0.91   time = 26258254   
3375/5000   risk = 0.36  riskauc = 0.91   time = 27152294   
3500/5000   risk = 0.36  riskauc = 0.91   time = 28049303   
3625/5000   risk = 0.36  riskauc = 0.91   time = 29034829   
3750/5000   risk = 0.36  riskauc = 0.91   time = 30081487   
3875/5000   risk = 0.36  riskauc = 0.91   time = 31135115   
4000/5000   risk = 0.36  riskauc = 0.91   time = 32324985   
4125/5000   risk = 0.36  riskauc = 0.91   time = 33465248   
4250/5000   risk = 0.36  riskauc = 0.91   time = 34577207   
4375/5000   risk = 0.36  riskauc = 0.91   time = 35694904   
4500/5000   risk = 0.36  riskauc = 0.91   time = 36930518   
4625/5000   risk = 0.36  riskauc = 0.91   time = 37963542   
4750/5000   risk = 0.36  riskauc = 0.91   time = 38989451   
4875/5000   risk = 0.36  riskauc = 0.91   time = 40002098   
5000/5000   risk = 0.36  riskauc = 0.92   time = 41124613   


Train 5000 iterations in 41 Seconds.
Final risk based on the train set: 0.36

DEBUG [20:17:37.060] [mlr3]  Learner 'bin_cwb_b' on task 'Task 7592: adult (Supervised Classification)' succeeded to fit a model {learner: <LearnerClassifCompboost/LearnerClassif/Learner/R6>, result: <list>, messages: }
DEBUG [20:17:37.074] [mlr3]  Skip subsetting of task 'Task 7592: adult (Supervised Classification)' 
DEBUG [20:17:37.077] [mlr3]  Calling train method of Learner 'bin_cwb_b' on task 'Task 7592: adult (Supervised Classification)' with 39074 observations {learner: <LearnerClassifCompboost/LearnerClassif/Learner/R6>}
Warning in get_private(learner)$.train(task) :
  Number of cores 30 exceeds number of features 14. The number of cores are set to 14!
   1/5000   risk = 0.54  time = 2   
 125/5000   risk = 0.35  time = 387383   
 250/5000   risk = 0.34  time = 746496   
 375/5000   risk = 0.34  time = 1101444   
 500/5000   risk = 0.35  time = 1449684   
 625/5000   risk = 0.35  time = 1797645   
 750/5000   risk = 0.35  time = 2153789   
 875/5000   risk = 0.35  time = 2517116   
1000/5000   risk = 0.35  time = 2993520   
1125/5000   risk = 0.35  time = 3470767   
1250/5000   risk = 0.35  time = 3954505   
1375/5000   risk = 0.35  time = 4430033   
1500/5000   risk = 0.36  time = 4893383   
1625/5000   risk = 0.36  time = 5373594   
1750/5000   risk = 0.36  time = 5857667   
1875/5000   risk = 0.36  time = 6348592   
2000/5000   risk = 0.36  time = 6834319   
2125/5000   risk = 0.36  time = 7331690   
2250/5000   risk = 0.36  time = 7827228   
2375/5000   risk = 0.36  time = 8334893   
2500/5000   risk = 0.36  time = 8851255   
2625/5000   risk = 0.36  time = 9367017   
2750/5000   risk = 0.36  time = 9899673   
2875/5000   risk = 0.36  time = 10440571   
3000/5000   risk = 0.36  time = 10988920   
3125/5000   risk = 0.36  time = 11519813   
3250/5000   risk = 0.36  time = 12057408   
3375/5000   risk = 0.36  time = 12602413   
3500/5000   risk = 0.36  time = 13079644   
3625/5000   risk = 0.36  time = 13497947   
3750/5000   risk = 0.36  time = 13919030   
3875/5000   risk = 0.36  time = 14342991   
4000/5000   risk = 0.36  time = 14786890   
4125/5000   risk = 0.36  time = 15231588   
4250/5000   risk = 0.36  time = 15664952   
4375/5000   risk = 0.36  time = 16101207   
4500/5000   risk = 0.36  time = 16539710   
4625/5000   risk = 0.36  time = 16987009   
4750/5000   risk = 0.36  time = 17423607   
4875/5000   risk = 0.36  time = 17864119   
5000/5000   risk = 0.36  time = 18305931   


Train 5000 iterations in 18 Seconds.
Final risk based on the train set: 0.36

DEBUG [20:17:57.760] [mlr3]  Learner 'bin_cwb_b' on task 'Task 7592: adult (Supervised Classification)' succeeded to fit a model {learner: <LearnerClassifCompboost/LearnerClassif/Learner/R6>, result: <list>, messages: }

### [bt]: Job terminated successfully [batchtools job.id=30]
### [bt]: Calculation finished!
