### [bt]: This is batchtools v0.9.15
### [bt]: Starting calculation of 1 jobs
### [bt]: Setting working directory to '/home/user/repos/cacb-batchtools/eq1'
Loading required package: data.table
Loading required package: R6
Loading required package: mlr3
Loading required package: mlr3learners
Loading required package: mlr3extralearners

Attaching package: ‘mlr3extralearners’

The following objects are masked from ‘package:mlr3’:

    lrn, lrns

Loading required package: mlr3pipelines
Loading required package: mlr3tuning
Loading required package: paradox
Loading required package: compboost
[2021-08-02 00:19:29] Loading new learner LearnerClassifCWB
[2021-08-02 00:19:29] Loading new learner LearnerClassifHCWB
[2021-08-02 00:19:29] Loading new learner
[2021-08-02 00:19:29] Loading tasks
[2021-08-02 00:19:32] Loading resampling
### [bt]: Memory measurement disabled
### [bt]: Starting job [batchtools job.id=14]
### [bt]: Generating problem instance for problem 'spam-fold3' ...
### [bt]: Applying algorithm 'evaluate-learner' on problem 'spam-fold3' for job 14 (seed = 31429) ...
DEBUG [00:19:33.686] [mlr3]  Skip subsetting of task 'spam' 
DEBUG [00:19:33.768] [mlr3]  Calling train method of Learner 'acc_hcwb' on task 'spam' with 3680 observations {learner: <LearnerClassifHCWB/LearnerClassif/Learner/R6>}
   1/5000   risk = 0.65  oob_risk = 0.65   riskauc = 0.18   time = 3   val_auc = 0.15   


Train 101 iterations in 2 Seconds.
Final risk based on the train set: 0.099

   1/4910   risk = 0.11  oob_risk = inf   riskauc = 0.079   time = 3   val_auc = 0.055   
 123/4910   risk = 0.1  oob_risk = inf   riskauc = 0.073   time = 1462048   val_auc = 0.052   
 246/4910   risk = 0.1  oob_risk = inf   riskauc = 0.071   time = 2611764   val_auc = 0.051   
 369/4910   risk = 0.1  oob_risk = inf   riskauc = 0.071   time = 3792450   val_auc = 0.05   
 492/4910   risk = 0.1  oob_risk = inf   riskauc = 0.071   time = 4962875   val_auc = 0.05   
 615/4910   risk = 0.1  oob_risk = inf   riskauc = 0.071   time = 6125272   val_auc = 0.049   
 738/4910   risk = 0.098  oob_risk = inf   riskauc = 0.07   time = 7345133   val_auc = 0.049   
 861/4910   risk = 0.096  oob_risk = inf   riskauc = 0.07   time = 8471332   val_auc = 0.048   
 984/4910   risk = 0.094  oob_risk = inf   riskauc = 0.071   time = 9580497   val_auc = 0.048   
1107/4910   risk = 0.093  oob_risk = inf   riskauc = 0.071   time = 10757318   val_auc = 0.049   
1230/4910   risk = 0.091  oob_risk = inf   riskauc = 0.071   time = 11885411   val_auc = 0.051   
1353/4910   risk = 0.089  oob_risk = inf   riskauc = 0.072   time = 13095901   val_auc = 0.052   
1476/4910   risk = 0.088  oob_risk = inf   riskauc = 0.072   time = 14208235   val_auc = 0.053   
1599/4910   risk = 0.086  oob_risk = inf   riskauc = 0.073   time = 15435076   val_auc = 0.054   
1722/4910   risk = 0.085  oob_risk = inf   riskauc = 0.075   time = 16620109   val_auc = 0.057   
1845/4910   risk = 0.084  oob_risk = inf   riskauc = 0.077   time = 17786370   val_auc = 0.059   
1968/4910   risk = 0.083  oob_risk = inf   riskauc = 0.077   time = 18940497   val_auc = 0.06   
2091/4910   risk = 0.081  oob_risk = inf   riskauc = 0.078   time = 20104260   val_auc = 0.061   
2214/4910   risk = 0.08  oob_risk = inf   riskauc = 0.078   time = 21258163   val_auc = 0.062   
2337/4910   risk = 0.079  oob_risk = inf   riskauc = 0.079   time = 22487690   val_auc = 0.062   
2460/4910   risk = 0.078  oob_risk = inf   riskauc = 0.079   time = 23650299   val_auc = 0.063   
2583/4910   risk = 0.077  oob_risk = inf   riskauc = 0.079   time = 25030083   val_auc = 0.064   
2706/4910   risk = 0.076  oob_risk = inf   riskauc = 0.079   time = 26241130   val_auc = 0.064   
2829/4910   risk = 0.075  oob_risk = inf   riskauc = 0.08   time = 27556317   val_auc = 0.065   
2952/4910   risk = 0.074  oob_risk = inf   riskauc = 0.082   time = 28724777   val_auc = 0.065   
3075/4910   risk = 0.073  oob_risk = inf   riskauc = 0.082   time = 29954420   val_auc = 0.065   
3198/4910   risk = 0.072  oob_risk = inf   riskauc = 0.082   time = 31121278   val_auc = 0.066   
3321/4910   risk = 0.071  oob_risk = inf   riskauc = 0.082   time = 32245571   val_auc = 0.066   
3444/4910   risk = 0.071  oob_risk = inf   riskauc = 0.082   time = 33418584   val_auc = 0.066   
3567/4910   risk = 0.07  oob_risk = inf   riskauc = 0.083   time = 34564741   val_auc = 0.066   
3690/4910   risk = 0.069  oob_risk = inf   riskauc = 0.083   time = 35765364   val_auc = 0.066   
3813/4910   risk = 0.068  oob_risk = inf   riskauc = 0.083   time = 37092708   val_auc = 0.066   
3936/4910   risk = 0.067  oob_risk = inf   riskauc = 0.083   time = 38380428   val_auc = 0.066   
4059/4910   risk = 0.067  oob_risk = inf   riskauc = 0.083   time = 39669685   val_auc = 0.067   
4182/4910   risk = 0.066  oob_risk = inf   riskauc = 0.084   time = 40879383   val_auc = 0.067   
4305/4910   risk = 0.065  oob_risk = inf   riskauc = 0.084   time = 42058340   val_auc = 0.067   
4428/4910   risk = 0.065  oob_risk = inf   riskauc = 0.084   time = 43250532   val_auc = 0.067   
4551/4910   risk = 0.064  oob_risk = inf   riskauc = 0.084   time = 44442478   val_auc = 0.067   
4674/4910   risk = 0.064  oob_risk = inf   riskauc = 0.084   time = 45717866   val_auc = 0.067   
4797/4910   risk = 0.063  oob_risk = inf   riskauc = 0.084   time = 46903159   val_auc = 0.067   


Train 4910 iterations in 48 Seconds.
Final risk based on the train set: 0.062

DEBUG [00:20:28.374] [mlr3]  Learner 'acc_hcwb' on task 'spam' succeeded to fit a model {learner: <LearnerClassifHCWB/LearnerClassif/Learner/R6>, result: <list>, messages: }

### [bt]: Job terminated successfully [batchtools job.id=14]
### [bt]: Calculation finished!
