### [bt]: This is batchtools v0.9.15
### [bt]: Starting calculation of 1 jobs
### [bt]: Setting working directory to '/home/user/repos/cacb-batchtools/eq1'
Loading required package: data.table
Loading required package: R6
Loading required package: mlr3
Loading required package: mlr3learners
Loading required package: mlr3extralearners

Attaching package: ‘mlr3extralearners’

The following objects are masked from ‘package:mlr3’:

    lrn, lrns

Loading required package: mlr3pipelines
Loading required package: mlr3tuning
Loading required package: paradox
Loading required package: compboost
[2021-08-01 17:54:48] Loading new learner LearnerClassifCWB
[2021-08-01 17:54:48] Loading new learner LearnerClassifHCWB
[2021-08-01 17:54:48] Loading new learner
[2021-08-01 17:54:48] Loading tasks
[2021-08-01 17:54:52] Loading resampling
### [bt]: Memory measurement disabled
### [bt]: Starting job [batchtools job.id=151]
### [bt]: Generating problem instance for problem 'spam-fold1' ...
### [bt]: Applying algorithm 'evaluate-learner' on problem 'spam-fold1' for job 151 (seed = 31566) ...
DEBUG [17:54:53.318] [mlr3]  Skip subsetting of task 'spam' 
DEBUG [17:54:53.399] [mlr3]  Calling train method of Learner 'acc_hcwb' on task 'spam' with 3680 observations {learner: <LearnerClassifHCWB/LearnerClassif/Learner/R6>}
   1/5000   risk = 0.66  riskauc = 0.15   time = 3   val_auc = 0.16   
 125/5000   risk = 0.22  riskauc = 0.055   time = 1268370   val_auc = 0.052   


Train 167 iterations in 3 Seconds.
Final risk based on the train set: 0.17

   1/4844   risk = 0.18  riskauc = 0.064   time = 2   val_auc = 0.056   
 121/4844   risk = 0.14  riskauc = 0.055   time = 1186183   val_auc = 0.052   
 242/4844   risk = 0.13  riskauc = 0.052   time = 2381663   val_auc = 0.051   
 363/4844   risk = 0.13  riskauc = 0.05   time = 3796006   val_auc = 0.05   
 484/4844   risk = 0.12  riskauc = 0.053   time = 5014240   val_auc = 0.05   
 605/4844   risk = 0.12  riskauc = 0.057   time = 6205761   val_auc = 0.05   
 726/4844   risk = 0.11  riskauc = 0.059   time = 7347209   val_auc = 0.051   
 847/4844   risk = 0.11  riskauc = 0.06   time = 8562696   val_auc = 0.051   
 968/4844   risk = 0.11  riskauc = 0.062   time = 9717912   val_auc = 0.051   
1089/4844   risk = 0.11  riskauc = 0.063   time = 10901314   val_auc = 0.051   
1210/4844   risk = 0.1  riskauc = 0.065   time = 12105646   val_auc = 0.053   
1331/4844   risk = 0.1  riskauc = 0.066   time = 13317948   val_auc = 0.053   
1452/4844   risk = 0.1  riskauc = 0.067   time = 14519124   val_auc = 0.053   
1573/4844   risk = 0.099  riskauc = 0.067   time = 15842091   val_auc = 0.053   
1694/4844   risk = 0.098  riskauc = 0.067   time = 17062249   val_auc = 0.054   
1815/4844   risk = 0.096  riskauc = 0.068   time = 18285678   val_auc = 0.054   
1936/4844   risk = 0.095  riskauc = 0.068   time = 19425681   val_auc = 0.054   
2057/4844   risk = 0.093  riskauc = 0.07   time = 20577630   val_auc = 0.054   
2178/4844   risk = 0.092  riskauc = 0.071   time = 21731040   val_auc = 0.054   
2299/4844   risk = 0.091  riskauc = 0.072   time = 22871604   val_auc = 0.054   
2420/4844   risk = 0.089  riskauc = 0.074   time = 24182732   val_auc = 0.054   
2541/4844   risk = 0.088  riskauc = 0.074   time = 25422603   val_auc = 0.054   
2662/4844   risk = 0.087  riskauc = 0.074   time = 26561395   val_auc = 0.054   
2783/4844   risk = 0.086  riskauc = 0.074   time = 27757998   val_auc = 0.054   
2904/4844   risk = 0.085  riskauc = 0.075   time = 29050685   val_auc = 0.054   
3025/4844   risk = 0.084  riskauc = 0.075   time = 30161603   val_auc = 0.054   
3146/4844   risk = 0.083  riskauc = 0.075   time = 31333364   val_auc = 0.054   
3267/4844   risk = 0.082  riskauc = 0.075   time = 32474190   val_auc = 0.054   
3388/4844   risk = 0.081  riskauc = 0.076   time = 33772963   val_auc = 0.055   
3509/4844   risk = 0.08  riskauc = 0.076   time = 34940928   val_auc = 0.055   
3630/4844   risk = 0.079  riskauc = 0.076   time = 36063208   val_auc = 0.055   
3751/4844   risk = 0.079  riskauc = 0.076   time = 37182576   val_auc = 0.055   
3872/4844   risk = 0.078  riskauc = 0.076   time = 38305832   val_auc = 0.055   
3993/4844   risk = 0.077  riskauc = 0.077   time = 39416017   val_auc = 0.056   
4114/4844   risk = 0.076  riskauc = 0.077   time = 40639595   val_auc = 0.056   
4235/4844   risk = 0.076  riskauc = 0.077   time = 41752147   val_auc = 0.056   
4356/4844   risk = 0.075  riskauc = 0.077   time = 43033429   val_auc = 0.056   
4477/4844   risk = 0.074  riskauc = 0.077   time = 44192130   val_auc = 0.056   
4598/4844   risk = 0.074  riskauc = 0.077   time = 45316868   val_auc = 0.056   
4719/4844   risk = 0.073  riskauc = 0.077   time = 46458480   val_auc = 0.057   
4840/4844   risk = 0.072  riskauc = 0.077   time = 47659746   val_auc = 0.057   


Train 4844 iterations in 47 Seconds.
Final risk based on the train set: 0.072

DEBUG [17:55:47.513] [mlr3]  Learner 'acc_hcwb' on task 'spam' succeeded to fit a model {learner: <LearnerClassifHCWB/LearnerClassif/Learner/R6>, result: <list>, messages: }
DEBUG [17:55:47.526] [mlr3]  Skip subsetting of task 'spam' 
DEBUG [17:55:47.529] [mlr3]  Calling train method of Learner 'acc_hcwb' on task 'spam' with 3680 observations {learner: <LearnerClassifHCWB/LearnerClassif/Learner/R6>}
   1/5000   risk = 0.66  time = 1   val_auc = 0.16   
 125/5000   risk = 0.22  time = 1255572   val_auc = 0.052   


Train 167 iterations in 1 Seconds.
Final risk based on the train set: 0.17

   1/4844   risk = 0.18  time = 3   val_auc = 0.056   
 121/4844   risk = 0.14  time = 1075573   val_auc = 0.052   
 242/4844   risk = 0.13  time = 2133629   val_auc = 0.051   
 363/4844   risk = 0.13  time = 3336264   val_auc = 0.05   
 484/4844   risk = 0.12  time = 4431890   val_auc = 0.05   
 605/4844   risk = 0.12  time = 5616657   val_auc = 0.05   
 726/4844   risk = 0.11  time = 6674982   val_auc = 0.051   
 847/4844   risk = 0.11  time = 7758958   val_auc = 0.051   
 968/4844   risk = 0.11  time = 8835698   val_auc = 0.051   
1089/4844   risk = 0.11  time = 9965886   val_auc = 0.051   
1210/4844   risk = 0.1  time = 11105446   val_auc = 0.053   
1331/4844   risk = 0.1  time = 12167788   val_auc = 0.053   
1452/4844   risk = 0.1  time = 13269557   val_auc = 0.053   
1573/4844   risk = 0.099  time = 14381799   val_auc = 0.053   
1694/4844   risk = 0.098  time = 15694572   val_auc = 0.054   
1815/4844   risk = 0.096  time = 16814192   val_auc = 0.054   
1936/4844   risk = 0.095  time = 17897994   val_auc = 0.054   
2057/4844   risk = 0.093  time = 18982285   val_auc = 0.054   
2178/4844   risk = 0.092  time = 20094168   val_auc = 0.054   
2299/4844   risk = 0.091  time = 21353689   val_auc = 0.054   
2420/4844   risk = 0.089  time = 22482319   val_auc = 0.054   
2541/4844   risk = 0.088  time = 23558897   val_auc = 0.054   
2662/4844   risk = 0.087  time = 24684370   val_auc = 0.054   
2783/4844   risk = 0.086  time = 25830563   val_auc = 0.054   
2904/4844   risk = 0.085  time = 27017308   val_auc = 0.054   
3025/4844   risk = 0.084  time = 28127433   val_auc = 0.054   
3146/4844   risk = 0.083  time = 29230457   val_auc = 0.054   
3267/4844   risk = 0.082  time = 30309136   val_auc = 0.054   
3388/4844   risk = 0.081  time = 31424957   val_auc = 0.055   
3509/4844   risk = 0.08  time = 32662391   val_auc = 0.055   
3630/4844   risk = 0.079  time = 33697868   val_auc = 0.055   
3751/4844   risk = 0.079  time = 34870191   val_auc = 0.055   
3872/4844   risk = 0.078  time = 36010940   val_auc = 0.055   
3993/4844   risk = 0.077  time = 37116548   val_auc = 0.056   
4114/4844   risk = 0.076  time = 38390105   val_auc = 0.056   
4235/4844   risk = 0.076  time = 39454315   val_auc = 0.056   
4356/4844   risk = 0.075  time = 40568048   val_auc = 0.056   
4477/4844   risk = 0.074  time = 41683933   val_auc = 0.056   
4598/4844   risk = 0.074  time = 42713712   val_auc = 0.056   
4719/4844   risk = 0.073  time = 43788353   val_auc = 0.057   
4840/4844   risk = 0.072  time = 44901128   val_auc = 0.057   


Train 4844 iterations in 44 Seconds.
Final risk based on the train set: 0.072

DEBUG [17:56:37.240] [mlr3]  Learner 'acc_hcwb' on task 'spam' succeeded to fit a model {learner: <LearnerClassifHCWB/LearnerClassif/Learner/R6>, result: <list>, messages: }

### [bt]: Job terminated successfully [batchtools job.id=151]
### [bt]: Calculation finished!
