### [bt]: This is batchtools v0.9.15
### [bt]: Starting calculation of 1 jobs
### [bt]: Setting working directory to '/home/user/repos/cacb-batchtools/eq1'
Loading required package: data.table
Loading required package: R6
Loading required package: mlr3
Loading required package: mlr3learners
Loading required package: mlr3extralearners

Attaching package: ‘mlr3extralearners’

The following objects are masked from ‘package:mlr3’:

    lrn, lrns

Loading required package: mlr3pipelines
Loading required package: mlr3tuning
Loading required package: paradox
Loading required package: compboost
[2021-08-02 01:22:10] Loading new learner LearnerClassifCWB
[2021-08-02 01:22:10] Loading new learner LearnerClassifHCWB
[2021-08-02 01:22:10] Loading new learner
[2021-08-02 01:22:10] Loading tasks
[2021-08-02 01:22:13] Loading resampling
### [bt]: Memory measurement disabled
### [bt]: Starting job [batchtools job.id=51]
### [bt]: Generating problem instance for problem '168335-fold1' ...
### [bt]: Applying algorithm 'evaluate-learner' on problem '168335-fold1' for job 51 (seed = 31466) ...
DEBUG [01:22:16.423] [mlr3]  Skip subsetting of task 'Task 168335: MiniBooNE (Supervised Classification)' 
DEBUG [01:22:16.516] [mlr3]  Calling train method of Learner 'bin_cwb_nb' on task 'Task 168335: MiniBooNE (Supervised Classification)' with 104051 observations {learner: <LearnerClassifCWB/LearnerClassif/Learner/R6>}
   1/5000   risk = 0.61  oob_risk = 0.61   test_auc = 0.13   time = 8   val_auc = 0.13   
 125/5000   risk = 0.21  oob_risk = 0.23   test_auc = 0.028   time = 12822280   val_auc = 0.028   
 250/5000   risk = 0.22  oob_risk = 0.27   test_auc = 0.028   time = 25466539   val_auc = 0.028   
 375/5000   risk = 0.23  oob_risk = 0.29   test_auc = 0.027   time = 37637852   val_auc = 0.027   
 500/5000   risk = 0.24  oob_risk = 0.32   test_auc = 0.029   time = 49392298   val_auc = 0.029   
 625/5000   risk = 0.25  oob_risk = 0.35   test_auc = 0.03   time = 61181371   val_auc = 0.03   
 750/5000   risk = 0.28  oob_risk = inf   test_auc = 0.033   time = 72899413   val_auc = 0.032   
 875/5000   risk = 0.34  oob_risk = inf   test_auc = 0.039   time = 84620636   val_auc = 0.039   
1000/5000   risk = 0.45  oob_risk = inf   test_auc = 0.047   time = 96114737   val_auc = 0.046   
1125/5000   risk = 0.75  oob_risk = inf   test_auc = 0.062   time = 108304097   val_auc = 0.059   
1250/5000   risk = 0.95  oob_risk = inf   test_auc = 0.056   time = 119975041   val_auc = 0.058   
1375/5000   risk = 1.6  oob_risk = inf   test_auc = 0.074   time = 131679965   val_auc = 0.075   
1500/5000   risk = 1.8  oob_risk = inf   test_auc = 0.065   time = 143344934   val_auc = 0.061   
1625/5000   risk = 2.5  oob_risk = inf   test_auc = 0.07   time = 155037226   val_auc = 0.066   
1750/5000   risk = 3  oob_risk = inf   test_auc = 0.066   time = 166696539   val_auc = 0.065   
1875/5000   risk = 3.2  oob_risk = inf   test_auc = 0.055   time = 178192696   val_auc = 0.057   
2000/5000   risk = 3.9  oob_risk = inf   test_auc = 0.059   time = 189931968   val_auc = 0.062   
2125/5000   risk = 4.6  oob_risk = inf   test_auc = 0.065   time = 201717791   val_auc = 0.064   
2250/5000   risk = 4.6  oob_risk = inf   test_auc = 0.062   time = 213311361   val_auc = 0.059   
2375/5000   risk = 4.9  oob_risk = inf   test_auc = 0.059   time = 225185554   val_auc = 0.055   
2500/5000   risk = 5.8  oob_risk = inf   test_auc = 0.061   time = 237092923   val_auc = 0.059   
2625/5000   risk = inf  oob_risk = inf   test_auc = 0.063   time = 248943418   val_auc = 0.061   
2750/5000   risk = inf  oob_risk = inf   test_auc = 0.059   time = 261067431   val_auc = 0.059   
2875/5000   risk = 6.8  oob_risk = inf   test_auc = 0.054   time = 272971797   val_auc = 0.056   
3000/5000   risk = 7.4  oob_risk = inf   test_auc = 0.054   time = 284641083   val_auc = 0.056   
3125/5000   risk = 8.3  oob_risk = inf   test_auc = 0.058   time = 296675162   val_auc = 0.059   
3250/5000   risk = 9  oob_risk = inf   test_auc = 0.061   time = 308477512   val_auc = 0.061   
3375/5000   risk = 9.3  oob_risk = inf   test_auc = 0.061   time = 320572611   val_auc = 0.059   
3500/5000   risk = inf  oob_risk = inf   test_auc = 0.057   time = 332607574   val_auc = 0.056   
3625/5000   risk = inf  oob_risk = inf   test_auc = 0.056   time = 344731548   val_auc = 0.055   
3750/5000   risk = inf  oob_risk = inf   test_auc = 0.057   time = 356644608   val_auc = 0.055   
3875/5000   risk = inf  oob_risk = inf   test_auc = 0.059   time = 368758009   val_auc = 0.057   
4000/5000   risk = inf  oob_risk = inf   test_auc = 0.061   time = 381043593   val_auc = 0.06   
4125/5000   risk = inf  oob_risk = inf   test_auc = 0.06   time = 392971972   val_auc = 0.06   
4250/5000   risk = inf  oob_risk = inf   test_auc = 0.058   time = 404901296   val_auc = 0.058   
4375/5000   risk = inf  oob_risk = inf   test_auc = 0.055   time = 416828908   val_auc = 0.056   
4500/5000   risk = inf  oob_risk = inf   test_auc = 0.053   time = 428900345   val_auc = 0.054   
4625/5000   risk = inf  oob_risk = inf   test_auc = 0.054   time = 440961885   val_auc = 0.055   
4750/5000   risk = inf  oob_risk = inf   test_auc = 0.056   time = 452936617   val_auc = 0.057   
4875/5000   risk = inf  oob_risk = inf   test_auc = 0.059   time = 465212829   val_auc = 0.06   
5000/5000   risk = inf  oob_risk = inf   test_auc = 0.061   time = 477426936   val_auc = 0.062   


Train 5000 iterations in 479 Seconds.
Final risk based on the train set: inf

DEBUG [01:30:24.612] [mlr3]  Learner 'bin_cwb_nb' on task 'Task 168335: MiniBooNE (Supervised Classification)' succeeded to fit a model {learner: <LearnerClassifCWB/LearnerClassif/Learner/R6>, result: <list>, messages: }

### [bt]: Job terminated successfully [batchtools job.id=51]
### [bt]: Calculation finished!
