### [bt]: This is batchtools v0.9.15
### [bt]: Starting calculation of 1 jobs
### [bt]: Setting working directory to '/home/user/repos/cacb-batchtools/eq1'
Loading required package: data.table
Loading required package: R6
Loading required package: mlr3
Loading required package: mlr3learners
Loading required package: mlr3extralearners

Attaching package: ‘mlr3extralearners’

The following objects are masked from ‘package:mlr3’:

    lrn, lrns

Loading required package: mlr3pipelines
Loading required package: mlr3tuning
Loading required package: paradox
Loading required package: compboost
[2021-08-03 22:10:38] Loading new learner LearnerClassifCWB
[2021-08-03 22:10:38] Loading new learner LearnerClassifHCWB
[2021-08-03 22:10:38] Loading new learner
[2021-08-03 22:10:38] Loading tasks
[2021-08-03 22:10:41] Loading resampling
### [bt]: Memory measurement disabled
### [bt]: Starting job [batchtools job.id=151]
### [bt]: Generating problem instance for problem '9977-fold1' ...
### [bt]: Applying algorithm 'evaluate-learner' on problem '9977-fold1' for job 151 (seed = 31566) ...
DEBUG [22:10:43.218] [mlr3]  Skip subsetting of task 'Task 9977: nomao (Supervised Classification)' 
DEBUG [22:10:43.310] [mlr3]  Calling train method of Learner 'cwb' on task 'Task 9977: nomao (Supervised Classification)' with 27571 observations {learner: <LearnerClassifCWB/LearnerClassif/Learner/R6>}
Error in new_CppObject_xp(fields$.module, fields$.pointer, ...) : 
  chol(): decomposition failed

### [bt]: Job terminated with an exception [batchtools job.id=151]
### [bt]: Calculation finished!
