### [bt]: This is batchtools v0.9.15
### [bt]: Starting calculation of 1 jobs
### [bt]: Setting working directory to '/home/user/repos/cacb-batchtools/eq1'
[2021-07-26 01:34:01] Loading new learner
[2021-07-26 01:34:01] Loading tasks
[2021-07-26 01:34:04] Loading resampling
### [bt]: Memory measurement disabled
### [bt]: Starting job [batchtools job.id=49]
### [bt]: Generating problem instance for problem '7592-fold5' ...
### [bt]: Applying algorithm 'evaluate-learner' on problem '7592-fold5' for job 49 (seed = 31464) ...
DEBUG [01:34:05.871] [mlr3]  Skip subsetting of task 'Task 7592: adult (Supervised Classification)' 
DEBUG [01:34:05.874] [mlr3]  Calling train method of Learner 'acc_acwb' on task 'Task 7592: adult (Supervised Classification)' with 39074 observations {learner: <LearnerClassifCompboost/LearnerClassif/Learner/R6>}
Warning in get_private(learner)$.train(task) :
  Number of cores 30 exceeds number of features 14. The number of cores are set to 14!
INFO  [01:34:05.976] [mlr3]  [LGCOMPBOOST] Running compboost with df 5.000000 and df_cat 2.000000 
   1/5000   risk = 0.55  riskauc = 0.77   time = 3   
 125/5000   risk = 0.49  riskauc = 0.88   time = 2378802   
 250/5000   risk = 0.43  riskauc = 0.89   time = 4686165   
 375/5000   risk = 0.38  riskauc = 0.9   time = 6975823   
 500/5000   risk = 0.35  riskauc = 0.9   time = 9284430   
 625/5000   risk = 0.33  riskauc = 0.91   time = 11640123   
 750/5000   risk = 0.32  riskauc = 0.91   time = 13901752   
 875/5000   risk = 0.32  riskauc = 0.91   time = 16178137   
1000/5000   risk = 0.32  riskauc = 0.91   time = 18343403   
1125/5000   risk = 0.32  riskauc = 0.91   time = 20718894   
1250/5000   risk = 0.33  riskauc = 0.91   time = 23268628   
1375/5000   risk = 0.33  riskauc = 0.91   time = 26292179   
1500/5000   risk = 0.33  riskauc = 0.91   time = 28864301   
1625/5000   risk = 0.34  riskauc = 0.91   time = 31300550   
1750/5000   risk = 0.34  riskauc = 0.91   time = 33706405   
1875/5000   risk = 0.34  riskauc = 0.91   time = 36116866   
2000/5000   risk = 0.35  riskauc = 0.91   time = 38490010   
2125/5000   risk = 0.35  riskauc = 0.91   time = 40820609   
2250/5000   risk = 0.35  riskauc = 0.91   time = 43936203   
2375/5000   risk = 0.35  riskauc = 0.91   time = 46212925   
2500/5000   risk = 0.35  riskauc = 0.91   time = 48507471   
2625/5000   risk = 0.35  riskauc = 0.91   time = 50719574   
2750/5000   risk = 0.35  riskauc = 0.91   time = 53216882   
2875/5000   risk = 0.35  riskauc = 0.91   time = 55541067   
3000/5000   risk = 0.35  riskauc = 0.91   time = 57913229   
3125/5000   risk = 0.36  riskauc = 0.91   time = 60233842   
3250/5000   risk = 0.36  riskauc = 0.91   time = 62553019   
3375/5000   risk = 0.36  riskauc = 0.92   time = 64944127   
3500/5000   risk = 0.36  riskauc = 0.92   time = 67304187   
3625/5000   risk = 0.36  riskauc = 0.92   time = 70196089   
3750/5000   risk = 0.36  riskauc = 0.92   time = 73607602   
3875/5000   risk = 0.36  riskauc = 0.92   time = 76436417   
4000/5000   risk = 0.36  riskauc = 0.92   time = 79067015   
4125/5000   risk = 0.36  riskauc = 0.92   time = 81829754   
4250/5000   risk = 0.36  riskauc = 0.92   time = 84562291   
4375/5000   risk = 0.36  riskauc = 0.92   time = 87426865   
4500/5000   risk = 0.36  riskauc = 0.92   time = 90256459   
4625/5000   risk = 0.36  riskauc = 0.92   time = 93312593   
4750/5000   risk = 0.36  riskauc = 0.92   time = 96144870   
4875/5000   risk = 0.36  riskauc = 0.92   time = 99163824   
5000/5000   risk = 0.36  riskauc = 0.92   time = 101757168   


Train 5000 iterations in 101 Seconds.
Final risk based on the train set: 0.36

INFO  [01:35:55.560] [mlr3]  [LGCOMPBOOST] iterations:'stop_cwb',NA,'stop_acwb',5000,'stop_hcwb',NA 
INFO  [01:35:55.563] [mlr3]  [LGCOMPBOOST] risk_inbag:'risk_intercept',0.550260,'risk_cwb',NA,'risk_acwb',0.355309,'risk_hcwb',NA 
INFO  [01:35:55.565] [mlr3]  [LGCOMPBOOST] risk_oob:'risk_intercept_oob',NA,'risk_cwb_oob',NA,'risk_acwb_oob',NA,'risk_hcwb_oob',NA 
DEBUG [01:35:55.570] [mlr3]  Learner 'acc_acwb' on task 'Task 7592: adult (Supervised Classification)' succeeded to fit a model {learner: <LearnerClassifCompboost/LearnerClassif/Learner/R6>, result: <list>, messages: }
DEBUG [01:35:55.588] [mlr3]  Skip subsetting of task 'Task 7592: adult (Supervised Classification)' 
DEBUG [01:35:55.591] [mlr3]  Calling train method of Learner 'acc_acwb' on task 'Task 7592: adult (Supervised Classification)' with 39074 observations {learner: <LearnerClassifCompboost/LearnerClassif/Learner/R6>}
Warning in get_private(learner)$.train(task) :
  Number of cores 30 exceeds number of features 14. The number of cores are set to 14!
INFO  [01:35:55.665] [mlr3]  [LGCOMPBOOST] Running compboost with df 5.000000 and df_cat 2.000000 
   1/5000   risk = 0.55  time = 3   
 125/5000   risk = 0.49  time = 2262246   
 250/5000   risk = 0.43  time = 4461528   
 375/5000   risk = 0.38  time = 6674335   
 500/5000   risk = 0.35  time = 8882887   
 625/5000   risk = 0.33  time = 10983705   
 750/5000   risk = 0.32  time = 13117244   
 875/5000   risk = 0.32  time = 15331642   
1000/5000   risk = 0.32  time = 17508476   
1125/5000   risk = 0.32  time = 19589398   
1250/5000   risk = 0.33  time = 21693112   
1375/5000   risk = 0.33  time = 23875501   
1500/5000   risk = 0.33  time = 26019117   
1625/5000   risk = 0.34  time = 28324413   
1750/5000   risk = 0.34  time = 30610792   
1875/5000   risk = 0.34  time = 32924773   
2000/5000   risk = 0.35  time = 35218439   
2125/5000   risk = 0.35  time = 37487576   
2250/5000   risk = 0.35  time = 39444900   
2375/5000   risk = 0.35  time = 41462576   
2500/5000   risk = 0.35  time = 43521359   
2625/5000   risk = 0.35  time = 45589134   
2750/5000   risk = 0.35  time = 47626779   
2875/5000   risk = 0.35  time = 49618422   
3000/5000   risk = 0.35  time = 51707824   
3125/5000   risk = 0.36  time = 53771238   
3250/5000   risk = 0.36  time = 55700448   
3375/5000   risk = 0.36  time = 57796816   
3500/5000   risk = 0.36  time = 59865205   
3625/5000   risk = 0.36  time = 61977394   
3750/5000   risk = 0.36  time = 64106452   
3875/5000   risk = 0.36  time = 66241550   
4000/5000   risk = 0.36  time = 68067222   
4125/5000   risk = 0.36  time = 69934817   
4250/5000   risk = 0.36  time = 71808654   
4375/5000   risk = 0.36  time = 73869082   
4500/5000   risk = 0.36  time = 76052354   
4625/5000   risk = 0.36  time = 78021427   
4750/5000   risk = 0.36  time = 80143046   
4875/5000   risk = 0.36  time = 82310780   
5000/5000   risk = 0.36  time = 84183662   


Train 5000 iterations in 84 Seconds.
Final risk based on the train set: 0.36

INFO  [01:37:27.611] [mlr3]  [LGCOMPBOOST] iterations:'stop_cwb',NA,'stop_acwb',5000,'stop_hcwb',NA 
INFO  [01:37:27.614] [mlr3]  [LGCOMPBOOST] risk_inbag:'risk_intercept',0.550260,'risk_cwb',NA,'risk_acwb',0.355309,'risk_hcwb',NA 
INFO  [01:37:27.616] [mlr3]  [LGCOMPBOOST] risk_oob:'risk_intercept_oob',NA,'risk_cwb_oob',NA,'risk_acwb_oob',NA,'risk_hcwb_oob',NA 
DEBUG [01:37:27.622] [mlr3]  Learner 'acc_acwb' on task 'Task 7592: adult (Supervised Classification)' succeeded to fit a model {learner: <LearnerClassifCompboost/LearnerClassif/Learner/R6>, result: <list>, messages: }

### [bt]: Job terminated successfully [batchtools job.id=49]
### [bt]: Calculation finished!
