### [bt]: This is batchtools v0.9.15
### [bt]: Starting calculation of 1 jobs
### [bt]: Setting working directory to '/home/user/repos/cacb-batchtools/eq1'
[2021-07-25 20:13:39] Loading new learner
[2021-07-25 20:13:39] Loading tasks
[2021-07-25 20:13:42] Loading resampling
### [bt]: Memory measurement disabled
### [bt]: Starting job [batchtools job.id=20]
### [bt]: Generating problem instance for problem 'spam-fold4' ...
### [bt]: Applying algorithm 'evaluate-learner' on problem 'spam-fold4' for job 20 (seed = 31435) ...
DEBUG [20:13:43.216] [mlr3]  Skip subsetting of task 'spam' 
DEBUG [20:13:43.218] [mlr3]  Calling train method of Learner 'acc_hcwb' on task 'spam' with 3682 observations {learner: <LearnerClassifCompboost/LearnerClassif/Learner/R6>}
INFO  [20:13:43.227] [mlr3]  [LGCOMPBOOST] Running compboost with df 20.000000 and df_cat 1.000000 
   1/5000   risk = 0.67  oob_risk = 0.66   riskauc = 0.76   time = 2   


Train 26 iterations in 0 Seconds.
Final risk based on the train set: 0.63

   1/4974   risk = 0.63  oob_risk = 0.68   riskauc = 0.84   time = 2   
 124/4974   risk = 0.43  oob_risk = 0.49   riskauc = 0.92   time = 1189168   
 248/4974   risk = 0.35  oob_risk = 0.47   riskauc = 0.93   time = 2210771   
 372/4974   risk = 0.31  oob_risk = 0.58   riskauc = 0.94   time = 3322148   
 496/4974   risk = 0.28  oob_risk = 0.66   riskauc = 0.94   time = 4373436   
 620/4974   risk = 0.27  oob_risk = 0.72   riskauc = 0.94   time = 5439467   
 744/4974   risk = 0.25  oob_risk = 1.1   riskauc = 0.95   time = 6573284   
 868/4974   risk = 0.24  oob_risk = 1.6   riskauc = 0.95   time = 7615072   
 992/4974   risk = 0.24  oob_risk = inf   riskauc = 0.95   time = 8783179   
1116/4974   risk = 0.23  oob_risk = inf   riskauc = 0.95   time = 9804811   
1240/4974   risk = 0.23  oob_risk = inf   riskauc = 0.95   time = 10766796   
1364/4974   risk = 0.22  oob_risk = inf   riskauc = 0.96   time = 11840653   
1488/4974   risk = 0.22  oob_risk = inf   riskauc = 0.96   time = 13147516   
1612/4974   risk = 0.21  oob_risk = inf   riskauc = 0.96   time = 14247725   
1736/4974   risk = 0.21  oob_risk = inf   riskauc = 0.96   time = 15412626   
1860/4974   risk = 0.21  oob_risk = inf   riskauc = 0.96   time = 16469257   
1984/4974   risk = 0.21  oob_risk = inf   riskauc = 0.96   time = 17620280   
2108/4974   risk = 0.2  oob_risk = inf   riskauc = 0.96   time = 18610583   
2232/4974   risk = 0.2  oob_risk = inf   riskauc = 0.96   time = 19661418   
2356/4974   risk = 0.2  oob_risk = inf   riskauc = 0.96   time = 20729410   
2480/4974   risk = 0.2  oob_risk = inf   riskauc = 0.96   time = 21916184   
2604/4974   risk = 0.2  oob_risk = inf   riskauc = 0.96   time = 23018735   
2728/4974   risk = 0.19  oob_risk = inf   riskauc = 0.96   time = 24350803   
2852/4974   risk = 0.19  oob_risk = inf   riskauc = 0.96   time = 25450247   
2976/4974   risk = 0.19  oob_risk = inf   riskauc = 0.96   time = 26626659   
3100/4974   risk = 0.19  oob_risk = inf   riskauc = 0.96   time = 27760277   
3224/4974   risk = 0.19  oob_risk = inf   riskauc = 0.96   time = 28900831   
3348/4974   risk = 0.19  oob_risk = inf   riskauc = 0.96   time = 30032424   
3472/4974   risk = 0.19  oob_risk = inf   riskauc = 0.96   time = 31208549   
3596/4974   risk = 0.18  oob_risk = inf   riskauc = 0.96   time = 32381082   
3720/4974   risk = 0.18  oob_risk = inf   riskauc = 0.96   time = 33532035   
3844/4974   risk = 0.18  oob_risk = inf   riskauc = 0.96   time = 34720359   
3968/4974   risk = 0.18  oob_risk = inf   riskauc = 0.96   time = 35849820   
4092/4974   risk = 0.18  oob_risk = inf   riskauc = 0.96   time = 36983304   
4216/4974   risk = 0.18  oob_risk = inf   riskauc = 0.96   time = 38095033   
4340/4974   risk = 0.18  oob_risk = inf   riskauc = 0.96   time = 39169952   
4464/4974   risk = 0.18  oob_risk = inf   riskauc = 0.96   time = 40363171   
4588/4974   risk = 0.18  oob_risk = inf   riskauc = 0.96   time = 41450525   
4712/4974   risk = 0.17  oob_risk = inf   riskauc = 0.96   time = 42471189   
4836/4974   risk = 0.17  oob_risk = inf   riskauc = 0.96   time = 43584446   
4960/4974   risk = 0.17  oob_risk = inf   riskauc = 0.96   time = 44752046   


Train 4974 iterations in 44 Seconds.
Final risk based on the train set: 0.17

INFO  [20:14:29.424] [mlr3]  [LGCOMPBOOST] Completed fitting of restarted compboost model with optimizer nesterov 
INFO  [20:14:36.198] [mlr3]  [LGCOMPBOOST] iterations:'stop_cwb',NA,'stop_acwb',26,'stop_hcwb',4974 
INFO  [20:14:36.201] [mlr3]  [LGCOMPBOOST] risk_inbag:'risk_intercept',0.672664,'risk_cwb',NA,'risk_acwb',0.628225,'risk_hcwb',0.171915 
INFO  [20:14:36.203] [mlr3]  [LGCOMPBOOST] risk_oob:'risk_intercept_oob',0.662096,'risk_cwb_oob',NA,'risk_acwb_oob',0.684025,'risk_hcwb_oob',Inf 
DEBUG [20:14:36.208] [mlr3]  Learner 'acc_hcwb' on task 'spam' succeeded to fit a model {learner: <LearnerClassifCompboost/LearnerClassif/Learner/R6>, result: <list>, messages: }
DEBUG [20:14:36.220] [mlr3]  Skip subsetting of task 'spam' 
DEBUG [20:14:36.223] [mlr3]  Calling train method of Learner 'acc_hcwb' on task 'spam' with 3682 observations {learner: <LearnerClassifCompboost/LearnerClassif/Learner/R6>}
INFO  [20:14:36.235] [mlr3]  [LGCOMPBOOST] Running compboost with df 20.000000 and df_cat 1.000000 
   1/5000   risk = 0.67  oob_risk = 0.66   time = 4   


Train 26 iterations in 0 Seconds.
Final risk based on the train set: 0.63

   1/4974   risk = 0.63  oob_risk = 0.68   time = 1   
 124/4974   risk = 0.43  oob_risk = 0.49   time = 1045066   
 248/4974   risk = 0.35  oob_risk = 0.47   time = 2086834   
 372/4974   risk = 0.31  oob_risk = 0.58   time = 3116349   
 496/4974   risk = 0.28  oob_risk = 0.66   time = 4169887   
 620/4974   risk = 0.27  oob_risk = 0.72   time = 5413222   
 744/4974   risk = 0.25  oob_risk = 1.1   time = 6449132   
 868/4974   risk = 0.24  oob_risk = 1.6   time = 7514301   
 992/4974   risk = 0.24  oob_risk = inf   time = 8602003   
1116/4974   risk = 0.23  oob_risk = inf   time = 9612551   
1240/4974   risk = 0.23  oob_risk = inf   time = 10623062   
1364/4974   risk = 0.22  oob_risk = inf   time = 11724908   
1488/4974   risk = 0.22  oob_risk = inf   time = 12746102   
1612/4974   risk = 0.21  oob_risk = inf   time = 13799713   
1736/4974   risk = 0.21  oob_risk = inf   time = 15068053   
1860/4974   risk = 0.21  oob_risk = inf   time = 16170038   
1984/4974   risk = 0.21  oob_risk = inf   time = 17265770   
2108/4974   risk = 0.2  oob_risk = inf   time = 18295232   
2232/4974   risk = 0.2  oob_risk = inf   time = 19258035   
2356/4974   risk = 0.2  oob_risk = inf   time = 20281971   
2480/4974   risk = 0.2  oob_risk = inf   time = 21318066   
2604/4974   risk = 0.2  oob_risk = inf   time = 22369667   
2728/4974   risk = 0.19  oob_risk = inf   time = 23340447   
2852/4974   risk = 0.19  oob_risk = inf   time = 24356158   
2976/4974   risk = 0.19  oob_risk = inf   time = 25443115   
3100/4974   risk = 0.19  oob_risk = inf   time = 26493459   
3224/4974   risk = 0.19  oob_risk = inf   time = 27635006   
3348/4974   risk = 0.19  oob_risk = inf   time = 28700431   
3472/4974   risk = 0.19  oob_risk = inf   time = 29722594   
3596/4974   risk = 0.18  oob_risk = inf   time = 30836522   
3720/4974   risk = 0.18  oob_risk = inf   time = 31910464   
3844/4974   risk = 0.18  oob_risk = inf   time = 32964809   
3968/4974   risk = 0.18  oob_risk = inf   time = 34176599   
4092/4974   risk = 0.18  oob_risk = inf   time = 35211382   
4216/4974   risk = 0.18  oob_risk = inf   time = 36327033   
4340/4974   risk = 0.18  oob_risk = inf   time = 37362621   
4464/4974   risk = 0.18  oob_risk = inf   time = 38582218   
4588/4974   risk = 0.18  oob_risk = inf   time = 39694280   
4712/4974   risk = 0.17  oob_risk = inf   time = 40710962   
4836/4974   risk = 0.17  oob_risk = inf   time = 41885790   
4960/4974   risk = 0.17  oob_risk = inf   time = 42964570   


Train 4974 iterations in 43 Seconds.
Final risk based on the train set: 0.17

INFO  [20:15:20.186] [mlr3]  [LGCOMPBOOST] Completed fitting of restarted compboost model with optimizer nesterov 
INFO  [20:15:26.854] [mlr3]  [LGCOMPBOOST] iterations:'stop_cwb',NA,'stop_acwb',26,'stop_hcwb',4974 
INFO  [20:15:26.857] [mlr3]  [LGCOMPBOOST] risk_inbag:'risk_intercept',0.672664,'risk_cwb',NA,'risk_acwb',0.628225,'risk_hcwb',0.171915 
INFO  [20:15:26.858] [mlr3]  [LGCOMPBOOST] risk_oob:'risk_intercept_oob',0.662096,'risk_cwb_oob',NA,'risk_acwb_oob',0.684025,'risk_hcwb_oob',Inf 
DEBUG [20:15:26.864] [mlr3]  Learner 'acc_hcwb' on task 'spam' succeeded to fit a model {learner: <LearnerClassifCompboost/LearnerClassif/Learner/R6>, result: <list>, messages: }

### [bt]: Job terminated successfully [batchtools job.id=20]
### [bt]: Calculation finished!
