### [bt]: This is batchtools v0.9.15
### [bt]: Starting calculation of 1 jobs
### [bt]: Setting working directory to '/home/user/repos/cacb-batchtools/eq1'
[2021-07-29 23:38:24] Loading new learner
[2021-07-29 23:38:24] Loading tasks
[2021-07-29 23:38:27] Loading resampling
### [bt]: Memory measurement disabled
### [bt]: Starting job [batchtools job.id=143]
### [bt]: Generating problem instance for problem '168908-fold3' ...
### [bt]: Applying algorithm 'evaluate-learner' on problem '168908-fold3' for job 143 (seed = 31558) ...
DEBUG [23:38:28.597] [mlr3]  Skip subsetting of task 'Task 168908: christine (Supervised Classification)' 
DEBUG [23:38:28.601] [mlr3]  Calling train method of Learner 'acc_hcwb' on task 'Task 168908: christine (Supervised Classification)' with 4334 observations {learner: <LearnerClassifCompboost/LearnerClassif/Learner/R6>}
   1/5000   risk = 0.68  oob_risk = 0.68   riskauc = 0.72   time = 3   
 125/5000   risk = 0.52  oob_risk = 0.55   riskauc = 0.81   time = 5604532   


Train 220 iterations in 9 Seconds.
Final risk based on the train set: 0.42

   1/4791   risk = 0.43  oob_risk = 0.55   riskauc = 0.82   time = 2   
 120/4791   risk = 0.44  oob_risk = 0.56   riskauc = 0.83   time = 2830182   
 240/4791   risk = 0.44  oob_risk = 0.57   riskauc = 0.83   time = 5701973   
 360/4791   risk = 0.43  oob_risk = 0.58   riskauc = 0.82   time = 8488984   
 480/4791   risk = 0.42  oob_risk = 0.58   riskauc = 0.82   time = 11284985   
 600/4791   risk = 0.42  oob_risk = 0.58   riskauc = 0.82   time = 14181209   
 720/4791   risk = 0.41  oob_risk = 0.59   riskauc = 0.82   time = 16950562   
 840/4791   risk = 0.4  oob_risk = 0.59   riskauc = 0.82   time = 19693944   
 960/4791   risk = 0.4  oob_risk = 0.59   riskauc = 0.82   time = 22487378   
1080/4791   risk = 0.39  oob_risk = 0.59   riskauc = 0.82   time = 25255453   
1200/4791   risk = 0.38  oob_risk = 0.6   riskauc = 0.82   time = 28254745   
1320/4791   risk = 0.38  oob_risk = 0.6   riskauc = 0.82   time = 31043323   
1440/4791   risk = 0.37  oob_risk = 0.6   riskauc = 0.82   time = 33988089   
1560/4791   risk = 0.36  oob_risk = 0.6   riskauc = 0.82   time = 36782479   
1680/4791   risk = 0.36  oob_risk = 0.61   riskauc = 0.82   time = 39559547   
1800/4791   risk = 0.35  oob_risk = 0.61   riskauc = 0.82   time = 42351867   
1920/4791   risk = 0.35  oob_risk = 0.61   riskauc = 0.82   time = 45158997   
2040/4791   risk = 0.34  oob_risk = 0.61   riskauc = 0.82   time = 47988415   
2160/4791   risk = 0.34  oob_risk = 0.62   riskauc = 0.82   time = 50843773   
2280/4791   risk = 0.33  oob_risk = 0.62   riskauc = 0.82   time = 53753917   
2400/4791   risk = 0.33  oob_risk = 0.62   riskauc = 0.82   time = 56648952   
2520/4791   risk = 0.32  oob_risk = 0.62   riskauc = 0.82   time = 59437297   
2640/4791   risk = 0.32  oob_risk = 0.62   riskauc = 0.81   time = 62361455   
2760/4791   risk = 0.32  oob_risk = 0.63   riskauc = 0.81   time = 65305512   
2880/4791   risk = 0.31  oob_risk = 0.63   riskauc = 0.81   time = 68280456   
3000/4791   risk = 0.31  oob_risk = 0.63   riskauc = 0.81   time = 71236085   
3120/4791   risk = 0.3  oob_risk = 0.63   riskauc = 0.81   time = 74254871   
3240/4791   risk = 0.3  oob_risk = 0.66   riskauc = 0.81   time = 77316366   
3360/4791   risk = 0.3  oob_risk = 0.66   riskauc = 0.81   time = 80387236   
3480/4791   risk = 0.29  oob_risk = 0.66   riskauc = 0.81   time = 83320143   
3600/4791   risk = 0.29  oob_risk = 0.66   riskauc = 0.81   time = 86327030   
3720/4791   risk = 0.29  oob_risk = 0.67   riskauc = 0.81   time = 89355743   
3840/4791   risk = 0.28  oob_risk = 0.67   riskauc = 0.81   time = 92316731   
3960/4791   risk = 0.28  oob_risk = 0.67   riskauc = 0.81   time = 95330651   
4080/4791   risk = 0.28  oob_risk = 0.67   riskauc = 0.81   time = 98325560   
4200/4791   risk = 0.27  oob_risk = 0.67   riskauc = 0.81   time = 101311307   
4320/4791   risk = 0.27  oob_risk = 0.7   riskauc = 0.81   time = 104383856   
4440/4791   risk = 0.27  oob_risk = 0.7   riskauc = 0.81   time = 107417374   
4560/4791   risk = 0.26  oob_risk = 0.7   riskauc = 0.81   time = 110383751   
4680/4791   risk = 0.26  oob_risk = 0.71   riskauc = 0.81   time = 113338730   


Train 4791 iterations in 116 Seconds.
Final risk based on the train set: 0.26

DEBUG [23:40:53.272] [mlr3]  Learner 'acc_hcwb' on task 'Task 168908: christine (Supervised Classification)' succeeded to fit a model {learner: <LearnerClassifCompboost/LearnerClassif/Learner/R6>, result: <list>, messages: }
DEBUG [23:40:53.285] [mlr3]  Skip subsetting of task 'Task 168908: christine (Supervised Classification)' 
DEBUG [23:40:53.289] [mlr3]  Calling train method of Learner 'acc_hcwb' on task 'Task 168908: christine (Supervised Classification)' with 4334 observations {learner: <LearnerClassifCompboost/LearnerClassif/Learner/R6>}
   1/5000   risk = 0.68  oob_risk = 0.68   time = 2   
 125/5000   risk = 0.52  oob_risk = 0.55   time = 5342762   


Train 220 iterations in 9 Seconds.
Final risk based on the train set: 0.42

   1/4791   risk = 0.43  oob_risk = 0.55   time = 3   
 120/4791   risk = 0.44  oob_risk = 0.56   time = 3079851   
 240/4791   risk = 0.44  oob_risk = 0.57   time = 6249078   
 360/4791   risk = 0.43  oob_risk = 0.58   time = 9438975   
 480/4791   risk = 0.42  oob_risk = 0.58   time = 12713883   
 600/4791   risk = 0.42  oob_risk = 0.58   time = 15882375   
 720/4791   risk = 0.41  oob_risk = 0.59   time = 18965148   
 840/4791   risk = 0.4  oob_risk = 0.59   time = 22199347   
 960/4791   risk = 0.4  oob_risk = 0.59   time = 25405582   
1080/4791   risk = 0.39  oob_risk = 0.59   time = 28734683   
1200/4791   risk = 0.38  oob_risk = 0.6   time = 32026140   
1320/4791   risk = 0.38  oob_risk = 0.6   time = 35154900   
1440/4791   risk = 0.37  oob_risk = 0.6   time = 38244439   
1560/4791   risk = 0.36  oob_risk = 0.6   time = 41347948   
1680/4791   risk = 0.36  oob_risk = 0.61   time = 44600099   
1800/4791   risk = 0.35  oob_risk = 0.61   time = 47820717   
1920/4791   risk = 0.35  oob_risk = 0.61   time = 51055593   
2040/4791   risk = 0.34  oob_risk = 0.61   time = 54285568   
2160/4791   risk = 0.34  oob_risk = 0.62   time = 57605090   
2280/4791   risk = 0.33  oob_risk = 0.62   time = 60966961   
2400/4791   risk = 0.33  oob_risk = 0.62   time = 64076110   
2520/4791   risk = 0.32  oob_risk = 0.62   time = 67315123   
2640/4791   risk = 0.32  oob_risk = 0.62   time = 70508430   
2760/4791   risk = 0.32  oob_risk = 0.63   time = 73763651   
2880/4791   risk = 0.31  oob_risk = 0.63   time = 76874681   
3000/4791   risk = 0.31  oob_risk = 0.63   time = 80108944   
3120/4791   risk = 0.3  oob_risk = 0.63   time = 83340828   
3240/4791   risk = 0.3  oob_risk = 0.66   time = 86603687   
3360/4791   risk = 0.3  oob_risk = 0.66   time = 89913434   
3480/4791   risk = 0.29  oob_risk = 0.66   time = 93143913   
3600/4791   risk = 0.29  oob_risk = 0.66   time = 96325221   
3720/4791   risk = 0.29  oob_risk = 0.67   time = 99531227   
3840/4791   risk = 0.28  oob_risk = 0.67   time = 102741060   
3960/4791   risk = 0.28  oob_risk = 0.67   time = 106051664   
4080/4791   risk = 0.28  oob_risk = 0.67   time = 109284781   
4200/4791   risk = 0.27  oob_risk = 0.67   time = 112461955   
4320/4791   risk = 0.27  oob_risk = 0.7   time = 115866535   
4440/4791   risk = 0.27  oob_risk = 0.7   time = 119036457   
4560/4791   risk = 0.26  oob_risk = 0.7   time = 122171445   
4680/4791   risk = 0.26  oob_risk = 0.71   time = 125414266   


Train 4791 iterations in 128 Seconds.
Final risk based on the train set: 0.26

DEBUG [23:43:27.668] [mlr3]  Learner 'acc_hcwb' on task 'Task 168908: christine (Supervised Classification)' succeeded to fit a model {learner: <LearnerClassifCompboost/LearnerClassif/Learner/R6>, result: <list>, messages: }

### [bt]: Job terminated successfully [batchtools job.id=143]
### [bt]: Calculation finished!
