### [bt]: This is batchtools v0.9.15
### [bt]: Starting calculation of 1 jobs
### [bt]: Setting working directory to '/home/user/repos/cacb-batchtools/eq1'
[2021-07-28 12:28:47] Loading new learner
[2021-07-28 12:28:47] Loading tasks
[2021-07-28 12:28:49] Loading resampling
### [bt]: Memory measurement disabled
### [bt]: Starting job [batchtools job.id=67]
### [bt]: Generating problem instance for problem '189866-fold2' ...
### [bt]: Applying algorithm 'evaluate-learner' on problem '189866-fold2' for job 67 (seed = 31482) ...
DEBUG [12:28:54.648] [mlr3]  Skip subsetting of task 'Task 189866: albert (Supervised Classification)' 
DEBUG [12:28:54.652] [mlr3]  Calling train method of Learner 'acc_acwb' on task 'Task 189866: albert (Supervised Classification)' with 340192 observations {learner: <LearnerClassifCompboost/LearnerClassif/Learner/R6>}
   1/5000   risk = 0.69  riskauc = 0.64   time = 3   
 125/5000   risk = 0.62  riskauc = 0.72   time = 46435065   
 250/5000   risk = 0.62  riskauc = 0.73   time = 94021681   
 375/5000   risk = 0.66  riskauc = 0.73   time = 142588758   
 500/5000   risk = 0.67  riskauc = 0.73   time = 191203188   
 625/5000   risk = 0.67  riskauc = 0.73   time = 239665774   
 750/5000   risk = 0.66  riskauc = 0.73   time = 287767452   
 875/5000   risk = 0.66  riskauc = 0.73   time = 336403159   
1000/5000   risk = 0.66  riskauc = 0.73   time = 384123471   
1125/5000   risk = 0.67  riskauc = 0.73   time = 432912914   
1250/5000   risk = 0.68  riskauc = 0.73   time = 481423275   
1375/5000   risk = 0.68  riskauc = 0.73   time = 527911508   
1500/5000   risk = 0.68  riskauc = 0.73   time = 573512656   
1625/5000   risk = 0.69  riskauc = 0.72   time = 618798284   
1750/5000   risk = 0.71  riskauc = 0.72   time = 664005995   
1875/5000   risk = 0.73  riskauc = 0.71   time = 709103596   
2000/5000   risk = 0.76  riskauc = 0.71   time = 754269774   
2125/5000   risk = 0.84  riskauc = 0.69   time = 799652935   
2250/5000   risk = 0.93  riskauc = 0.68   time = 844837184   
2375/5000   risk = 0.95  riskauc = 0.68   time = 889363709   
2500/5000   risk = 1.1  riskauc = 0.66   time = 934563280   
2625/5000   risk = 1.3  riskauc = 0.64   time = 980682466   
2750/5000   risk = 1.5  riskauc = 0.64   time = 1027692389   
2875/5000   risk = 1.8  riskauc = 0.64   time = 1074453246   
3000/5000   risk = 2.1  riskauc = 0.64   time = 1120518859   
3125/5000   risk = 2.3  riskauc = 0.64   time = 1166296488   
3250/5000   risk = 2.5  riskauc = 0.64   time = 1212095203   
3375/5000   risk = 2.9  riskauc = 0.61   time = 1257947434   
3500/5000   risk = 3.3  riskauc = 0.6   time = 1304384848   
3625/5000   risk = 3.8  riskauc = 0.59   time = 1349875521   
3750/5000   risk = 4.4  riskauc = 0.6   time = 1395531818   
3875/5000   risk = 4.8  riskauc = 0.61   time = 1442392379   
4000/5000   risk = 5  riskauc = 0.62   time = 1488091004   
4125/5000   risk = 5.4  riskauc = 0.63   time = 1534063900   
4250/5000   risk = 6.1  riskauc = 0.62   time = 1579443897   
4375/5000   risk = 6.7  riskauc = 0.62   time = 1626183038   
4500/5000   risk = 7.1  riskauc = 0.62   time = 1673060040   
4625/5000   risk = 7.3  riskauc = 0.62   time = 1719936650   
4750/5000   risk = 7.4  riskauc = 0.62   time = 1766053638   
4875/5000   risk = 8  riskauc = 0.62   time = 1813201325   
5000/5000   risk = 8.9  riskauc = 0.61   time = 1859324490   


Train 5000 iterations in 1859 Seconds.
Final risk based on the train set: 8.9

DEBUG [13:00:07.173] [mlr3]  Learner 'acc_acwb' on task 'Task 189866: albert (Supervised Classification)' succeeded to fit a model {learner: <LearnerClassifCompboost/LearnerClassif/Learner/R6>, result: <list>, messages: }
DEBUG [13:00:07.193] [mlr3]  Skip subsetting of task 'Task 189866: albert (Supervised Classification)' 
DEBUG [13:00:07.196] [mlr3]  Calling train method of Learner 'acc_acwb' on task 'Task 189866: albert (Supervised Classification)' with 340192 observations {learner: <LearnerClassifCompboost/LearnerClassif/Learner/R6>}
   1/5000   risk = 0.69  time = 3   
 125/5000   risk = 0.62  time = 43580302   
 250/5000   risk = 0.62  time = 86665835   
 375/5000   risk = 0.66  time = 130295246   
 500/5000   risk = 0.67  time = 175660419   
 625/5000   risk = 0.67  time = 221562128   
 750/5000   risk = 0.66  time = 268043699   
 875/5000   risk = 0.66  time = 313059213   
1000/5000   risk = 0.66  time = 357710872   
1125/5000   risk = 0.67  time = 402403795   
1250/5000   risk = 0.68  time = 445856412   
1375/5000   risk = 0.68  time = 488234954   
1500/5000   risk = 0.68  time = 530734210   
1625/5000   risk = 0.69  time = 572465887   
1750/5000   risk = 0.71  time = 613031154   
1875/5000   risk = 0.73  time = 652811266   
2000/5000   risk = 0.76  time = 692536535   
2125/5000   risk = 0.84  time = 732286884   
2250/5000   risk = 0.93  time = 771605795   
2375/5000   risk = 0.95  time = 811620193   
2500/5000   risk = 1.1  time = 851484835   
2625/5000   risk = 1.3  time = 890967958   
2750/5000   risk = 1.5  time = 930458399   
2875/5000   risk = 1.8  time = 970293497   
3000/5000   risk = 2.1  time = 1010614840   
3125/5000   risk = 2.3  time = 1051369737   
3250/5000   risk = 2.5  time = 1091104137   
3375/5000   risk = 2.9  time = 1130524633   
3500/5000   risk = 3.3  time = 1170941063   
3625/5000   risk = 3.8  time = 1212891550   
3750/5000   risk = 4.4  time = 1254665924   
3875/5000   risk = 4.8  time = 1296885911   
4000/5000   risk = 5  time = 1338658905   
4125/5000   risk = 5.4  time = 1381876177   
4250/5000   risk = 6.1  time = 1425222810   
4375/5000   risk = 6.7  time = 1468218036   
4500/5000   risk = 7.1  time = 1511088930   
4625/5000   risk = 7.3  time = 1554669565   
4750/5000   risk = 7.4  time = 1598990673   
4875/5000   risk = 8  time = 1642512078   
5000/5000   risk = 8.9  time = 1684870593   


Train 5000 iterations in 1685 Seconds.
Final risk based on the train set: 8.9

DEBUG [13:28:26.236] [mlr3]  Learner 'acc_acwb' on task 'Task 189866: albert (Supervised Classification)' succeeded to fit a model {learner: <LearnerClassifCompboost/LearnerClassif/Learner/R6>, result: <list>, messages: }

### [bt]: Job terminated successfully [batchtools job.id=67]
### [bt]: Calculation finished!
