### [bt]: This is batchtools v0.9.15
### [bt]: Starting calculation of 1 jobs
### [bt]: Setting working directory to '/home/user/repos/cacb-batchtools/eq1'
[2021-07-19] Loading new learner
[2021-07-19 00:30:56] Loading tasks
[2021-07-19 00:30:59] Loading resampling
### [bt]: Memory measurement disabled
### [bt]: Starting job [batchtools job.id=52]
### [bt]: Generating problem instance for problem '168335-fold1' ...
### [bt]: Applying algorithm 'evaluate-learner' on problem '168335-fold1' for job 52 (seed = 31467) ...
DEBUG [00:31:00.844] [mlr3]  Skip subsetting of task 'Task 168335: MiniBooNE (Supervised Classification)' 
DEBUG [00:31:00.846] [mlr3]  Calling train method of Learner 'removeconstants_before.imputemedian_num.imputemode_fct.collapsefactors.removeconstants_after.bin_cwb_b' on task 'Task 168335: MiniBooNE (Supervised Classification)' with 104051 observations {learner: <GraphLearner/Learner/R6>}
DEBUG [00:31:00.864] Running PipeOp 'removeconstants_before$train()' {pipeop: <PipeOpRemoveConstants/PipeOpTaskPreprocSimple/PipeOpTaskPreproc/PipeOp/R6>, input: <list>}
DEBUG [00:31:01.512] Running PipeOp 'imputemedian_num$train()' {pipeop: <PipeOpImputeMedian/PipeOpImpute/PipeOp/R6>, input: <list>}
DEBUG [00:31:02.001] Running PipeOp 'imputemode_fct$train()' {pipeop: <PipeOpImputeMode/PipeOpImpute/PipeOp/R6>, input: <list>}
DEBUG [00:31:02.085] Running PipeOp 'collapsefactors$train()' {pipeop: <PipeOpCollapseFactors/PipeOpTaskPreprocSimple/PipeOpTaskPreproc/PipeOp/R6>, input: <list>}
DEBUG [00:31:02.174] Running PipeOp 'removeconstants_after$train()' {pipeop: <PipeOpRemoveConstants/PipeOpTaskPreprocSimple/PipeOpTaskPreproc/PipeOp/R6>, input: <list>}
DEBUG [00:31:03.106] Running PipeOp 'bin_cwb_b$train()' {pipeop: <PipeOpLearner/PipeOp/R6>, input: <list>}
DEBUG [00:31:03.113] [mlr3]  Skip subsetting of task 'Task 168335: MiniBooNE (Supervised Classification)' 
DEBUG [00:31:03.115] [mlr3]  Calling train method of Learner 'bin_cwb_b' on task 'Task 168335: MiniBooNE (Supervised Classification)' with 104051 observations {learner: <LearnerClassifCompboost/LearnerClassif/Learner/R6>}
INFO  [00:31:03.124] [mlr3]  [LGCOMPBOOST] Running compboost with df 20.000000 and df_cat 1.000000 
   1/5000   risk = 0.56  time = 2   
 125/5000   risk = 0.26  time = 2257917   
 250/5000   risk = 0.24  time = 4537179   
 375/5000   risk = 0.23  time = 6825717   
 500/5000   risk = 0.23  time = 9070613   
 625/5000   risk = 0.22  time = 11302380   
 750/5000   risk = 0.22  time = 13519943   
 875/5000   risk = 0.22  time = 15760204   
1000/5000   risk = 0.22  time = 18052403   
1125/5000   risk = 0.22  time = 20373265   
1250/5000   risk = 0.22  time = 22664276   
1375/5000   risk = 0.22  time = 24923275   
1500/5000   risk = 0.22  time = 27200516   
1625/5000   risk = 0.22  time = 29403671   
1750/5000   risk = 0.22  time = 31675924   
1875/5000   risk = 0.22  time = 33911118   
2000/5000   risk = 0.22  time = 36204895   
2125/5000   risk = 0.22  time = 38444304   
2250/5000   risk = 0.22  time = 40781376   
2375/5000   risk = 0.22  time = 43170601   
2500/5000   risk = 0.22  time = 45473476   
2625/5000   risk = 0.22  time = 47832978   
2750/5000   risk = 0.22  time = 50228207   
2875/5000   risk = 0.22  time = 52534802   
3000/5000   risk = 0.22  time = 54888830   
3125/5000   risk = 0.22  time = 57231460   
3250/5000   risk = 0.22  time = 59580480   
3375/5000   risk = 0.22  time = 61933812   
3500/5000   risk = 0.22  time = 64309801   
3625/5000   risk = 0.22  time = 66691105   
3750/5000   risk = 0.22  time = 68992699   
3875/5000   risk = 0.22  time = 71304918   
4000/5000   risk = 0.22  time = 73644432   
4125/5000   risk = 0.22  time = 75976696   
4250/5000   risk = 0.22  time = 78276171   
4375/5000   risk = 0.22  time = 80614915   
4500/5000   risk = 0.22  time = 83034490   
4625/5000   risk = 0.22  time = 85377509   
4750/5000   risk = 0.22  time = 87723357   
4875/5000   risk = 0.22  time = 90127038   
5000/5000   risk = 0.22  time = 92532784   


Train 5000 iterations in 92 Seconds.
Final risk based on the train set: 0.22

INFO  [00:32:47.128] [mlr3]  [LGCOMPBOOST] iterations:'stop_cwb',5000,'stop_acwb',NA,'stop_hcwb',NA 
INFO  [00:32:47.131] [mlr3]  [LGCOMPBOOST] risk_inbag:'risk_intercept',0.593540,'risk_cwb',0.217422,'risk_acwb',NA,'risk_hcwb',NA 
INFO  [00:32:47.132] [mlr3]  [LGCOMPBOOST] risk_oob:'risk_intercept_oob',NA,'risk_cwb_oob',NA,'risk_acwb_oob',NA,'risk_hcwb_oob',NA 
DEBUG [00:32:47.137] [mlr3]  Learner 'bin_cwb_b' on task 'Task 168335: MiniBooNE (Supervised Classification)' succeeded to fit a model {learner: <LearnerClassifCompboost/LearnerClassif/Learner/R6>, result: <list>, messages: }
DEBUG [00:32:47.349] [mlr3]  Learner 'removeconstants_before.imputemedian_num.imputemode_fct.collapsefactors.removeconstants_after.bin_cwb_b' on task 'Task 168335: MiniBooNE (Supervised Classification)' succeeded to fit a model {learner: <GraphLearner/Learner/R6>, result: <list>, messages: }
[2021-07-19 00:32:52] (1/1250) Processing iter 4
Error in self$model$setToIteration(iteration, trace) : 
  addition: incompatible matrix dimensions: 104051x1 and 322x1

### [bt]: Job terminated with an exception [batchtools job.id=52]
### [bt]: Calculation finished!
