### [bt]: This is batchtools v0.9.15
### [bt]: Starting calculation of 1 jobs
### [bt]: Setting working directory to '/home/user/repos/cacb-batchtools/eq1'
[2021-07-26 00:20:14] Loading new learner
[2021-07-26 00:20:14] Loading tasks
[2021-07-26 00:20:17] Loading resampling
### [bt]: Memory measurement disabled
### [bt]: Starting job [batchtools job.id=16]
### [bt]: Generating problem instance for problem 'spam-fold4' ...
### [bt]: Applying algorithm 'evaluate-learner' on problem 'spam-fold4' for job 16 (seed = 31431) ...
DEBUG [00:20:18.539] [mlr3]  Skip subsetting of task 'spam' 
DEBUG [00:20:18.542] [mlr3]  Calling train method of Learner 'bin_cwb_nb' on task 'spam' with 3682 observations {learner: <LearnerClassifCompboost/LearnerClassif/Learner/R6>}
INFO  [00:20:18.552] [mlr3]  [LGCOMPBOOST] Running compboost with df 20.000000 and df_cat 1.000000 
   1/5000   risk = 0.64  riskauc = 0.84   time = 2   
 125/5000   risk = 0.23  riskauc = 0.96   time = 1100520   
 250/5000   risk = 0.2  riskauc = 0.97   time = 2192354   
 375/5000   risk = 0.19  riskauc = 0.97   time = 3442834   
 500/5000   risk = 0.18  riskauc = 0.97   time = 4618454   
 625/5000   risk = 0.17  riskauc = 0.97   time = 5862261   
 750/5000   risk = 0.16  riskauc = 0.97   time = 7026650   
 875/5000   risk = 0.16  riskauc = 0.97   time = 8213283   
1000/5000   risk = 0.16  riskauc = 0.97   time = 9344317   
1125/5000   risk = 0.15  riskauc = 0.97   time = 10491758   
1250/5000   risk = 0.15  riskauc = 0.97   time = 11689985   
1375/5000   risk = 0.15  riskauc = 0.97   time = 13337349   
1500/5000   risk = 0.15  riskauc = 0.97   time = 14557424   
1625/5000   risk = 0.14  riskauc = 0.97   time = 15729574   
1750/5000   risk = 0.14  riskauc = 0.97   time = 16850382   
1875/5000   risk = 0.14  riskauc = 0.97   time = 18173475   
2000/5000   risk = 0.14  riskauc = 0.97   time = 19303830   
2125/5000   risk = 0.14  riskauc = 0.97   time = 20425701   
2250/5000   risk = 0.14  riskauc = 0.97   time = 21615382   
2375/5000   risk = 0.13  riskauc = 0.97   time = 22844908   
2500/5000   risk = 0.13  riskauc = 0.97   time = 24110644   
2625/5000   risk = 0.13  riskauc = 0.97   time = 25242009   
2750/5000   risk = 0.13  riskauc = 0.97   time = 26425109   
2875/5000   risk = 0.13  riskauc = 0.97   time = 27595369   
3000/5000   risk = 0.13  riskauc = 0.97   time = 28651432   
3125/5000   risk = 0.13  riskauc = 0.97   time = 29689678   
3250/5000   risk = 0.13  riskauc = 0.97   time = 30903981   
3375/5000   risk = 0.13  riskauc = 0.97   time = 32333083   
3500/5000   risk = 0.12  riskauc = 0.97   time = 33566120   
3625/5000   risk = 0.12  riskauc = 0.96   time = 34892372   
3750/5000   risk = 0.12  riskauc = 0.96   time = 36120369   
3875/5000   risk = 0.12  riskauc = 0.96   time = 37320819   
4000/5000   risk = 0.12  riskauc = 0.96   time = 38620330   
4125/5000   risk = 0.12  riskauc = 0.96   time = 39906051   
4250/5000   risk = 0.12  riskauc = 0.96   time = 41230698   
4375/5000   risk = 0.12  riskauc = 0.96   time = 42312923   
4500/5000   risk = 0.12  riskauc = 0.96   time = 43482661   
4625/5000   risk = 0.12  riskauc = 0.96   time = 44710406   
4750/5000   risk = 0.12  riskauc = 0.96   time = 45881061   
4875/5000   risk = 0.12  riskauc = 0.96   time = 47027809   
5000/5000   risk = 0.12  riskauc = 0.96   time = 48244762   


Train 5000 iterations in 48 Seconds.
Final risk based on the train set: 0.12

INFO  [00:21:16.032] [mlr3]  [LGCOMPBOOST] iterations:'stop_cwb',5000,'stop_acwb',NA,'stop_hcwb',NA 
INFO  [00:21:16.035] [mlr3]  [LGCOMPBOOST] risk_inbag:'risk_intercept',0.670538,'risk_cwb',0.115816,'risk_acwb',NA,'risk_hcwb',NA 
INFO  [00:21:16.037] [mlr3]  [LGCOMPBOOST] risk_oob:'risk_intercept_oob',NA,'risk_cwb_oob',NA,'risk_acwb_oob',NA,'risk_hcwb_oob',NA 
DEBUG [00:21:16.042] [mlr3]  Learner 'bin_cwb_nb' on task 'spam' succeeded to fit a model {learner: <LearnerClassifCompboost/LearnerClassif/Learner/R6>, result: <list>, messages: }
DEBUG [00:21:16.053] [mlr3]  Skip subsetting of task 'spam' 
DEBUG [00:21:16.056] [mlr3]  Calling train method of Learner 'bin_cwb_nb' on task 'spam' with 3682 observations {learner: <LearnerClassifCompboost/LearnerClassif/Learner/R6>}
INFO  [00:21:16.068] [mlr3]  [LGCOMPBOOST] Running compboost with df 20.000000 and df_cat 1.000000 
   1/5000   risk = 0.64  time = 2   
 125/5000   risk = 0.23  time = 1041777   
 250/5000   risk = 0.2  time = 2063053   
 375/5000   risk = 0.19  time = 3164541   
 500/5000   risk = 0.18  time = 4275904   
 625/5000   risk = 0.17  time = 5311267   
 750/5000   risk = 0.16  time = 6392760   
 875/5000   risk = 0.16  time = 7514543   
1000/5000   risk = 0.16  time = 8602878   
1125/5000   risk = 0.15  time = 9702919   
1250/5000   risk = 0.15  time = 10730706   
1375/5000   risk = 0.15  time = 11877311   
1500/5000   risk = 0.15  time = 12972033   
1625/5000   risk = 0.14  time = 14047686   
1750/5000   risk = 0.14  time = 15197737   
1875/5000   risk = 0.14  time = 16400252   
2000/5000   risk = 0.14  time = 17495060   
2125/5000   risk = 0.14  time = 18645955   
2250/5000   risk = 0.14  time = 19727957   
2375/5000   risk = 0.13  time = 20870185   
2500/5000   risk = 0.13  time = 21948433   
2625/5000   risk = 0.13  time = 23300257   
2750/5000   risk = 0.13  time = 24441935   
2875/5000   risk = 0.13  time = 25556913   
3000/5000   risk = 0.13  time = 26693821   
3125/5000   risk = 0.13  time = 27756377   
3250/5000   risk = 0.13  time = 28815947   
3375/5000   risk = 0.13  time = 30010750   
3500/5000   risk = 0.12  time = 31173325   
3625/5000   risk = 0.12  time = 32332763   
3750/5000   risk = 0.12  time = 33468659   
3875/5000   risk = 0.12  time = 34545876   
4000/5000   risk = 0.12  time = 35772206   
4125/5000   risk = 0.12  time = 37011970   
4250/5000   risk = 0.12  time = 38031619   
4375/5000   risk = 0.12  time = 39076202   
4500/5000   risk = 0.12  time = 40186009   
4625/5000   risk = 0.12  time = 41340045   
4750/5000   risk = 0.12  time = 42516320   
4875/5000   risk = 0.12  time = 43586927   
5000/5000   risk = 0.12  time = 44685124   


Train 5000 iterations in 44 Seconds.
Final risk based on the train set: 0.12

INFO  [00:22:10.032] [mlr3]  [LGCOMPBOOST] iterations:'stop_cwb',5000,'stop_acwb',NA,'stop_hcwb',NA 
INFO  [00:22:10.035] [mlr3]  [LGCOMPBOOST] risk_inbag:'risk_intercept',0.670538,'risk_cwb',0.115816,'risk_acwb',NA,'risk_hcwb',NA 
INFO  [00:22:10.037] [mlr3]  [LGCOMPBOOST] risk_oob:'risk_intercept_oob',NA,'risk_cwb_oob',NA,'risk_acwb_oob',NA,'risk_hcwb_oob',NA 
DEBUG [00:22:10.042] [mlr3]  Learner 'bin_cwb_nb' on task 'spam' succeeded to fit a model {learner: <LearnerClassifCompboost/LearnerClassif/Learner/R6>, result: <list>, messages: }

### [bt]: Job terminated successfully [batchtools job.id=16]
### [bt]: Calculation finished!
