### [bt]: This is batchtools v0.9.15
### [bt]: Starting calculation of 1 jobs
### [bt]: Setting working directory to '/home/user/repos/cacb-batchtools/eq1'
[2021-07-25 21:20:59] Loading new learner
[2021-07-25 21:20:59] Loading tasks
[2021-07-25 21:21:01] Loading resampling
### [bt]: Memory measurement disabled
### [bt]: Starting job [batchtools job.id=50]
### [bt]: Generating problem instance for problem '7592-fold5' ...
### [bt]: Applying algorithm 'evaluate-learner' on problem '7592-fold5' for job 50 (seed = 31465) ...
DEBUG [21:21:02.851] [mlr3]  Skip subsetting of task 'Task 7592: adult (Supervised Classification)' 
DEBUG [21:21:02.854] [mlr3]  Calling train method of Learner 'acc_hcwb' on task 'Task 7592: adult (Supervised Classification)' with 39074 observations {learner: <LearnerClassifCompboost/LearnerClassif/Learner/R6>}
Warning in get_private(learner)$.train(task) :
  Number of cores 30 exceeds number of features 14. The number of cores are set to 14!
INFO  [21:21:02.928] [mlr3]  [LGCOMPBOOST] Running compboost with df 5.000000 and df_cat 2.000000 
   1/5000   risk = 0.55  oob_risk = 0.54   riskauc = 0.77   time = 2   
 125/5000   risk = 0.41  oob_risk = 0.4   riskauc = 0.9   time = 2439588   
 250/5000   risk = 0.33  oob_risk = 0.31   riskauc = 0.91   time = 4522233   


Train 315 iterations in 5 Seconds.
Final risk based on the train set: 0.32

   1/4685   risk = 0.32  oob_risk = 0.31   riskauc = 0.77   time = 3   
 117/4685   risk = 0.32  oob_risk = 0.31   riskauc = 0.84   time = 1104814   
 234/4685   risk = 0.33  oob_risk = 0.31   riskauc = 0.86   time = 2174419   
 351/4685   risk = 0.33  oob_risk = 0.31   riskauc = 0.87   time = 3310431   
 468/4685   risk = 0.33  oob_risk = 0.32   riskauc = 0.88   time = 4483658   
 585/4685   risk = 0.33  oob_risk = 0.32   riskauc = 0.88   time = 5636205   
 702/4685   risk = 0.33  oob_risk = 0.32   riskauc = 0.89   time = 7723958   
 819/4685   risk = 0.33  oob_risk = 0.32   riskauc = 0.89   time = 8937861   
 936/4685   risk = 0.34  oob_risk = 0.32   riskauc = 0.89   time = 10149142   
1053/4685   risk = 0.34  oob_risk = 0.32   riskauc = 0.9   time = 11321455   
1170/4685   risk = 0.34  oob_risk = 0.32   riskauc = 0.9   time = 12489829   
1287/4685   risk = 0.34  oob_risk = 0.32   riskauc = 0.9   time = 13661462   
1404/4685   risk = 0.34  oob_risk = 0.32   riskauc = 0.9   time = 14871979   
1521/4685   risk = 0.34  oob_risk = 0.32   riskauc = 0.9   time = 16085614   
1638/4685   risk = 0.34  oob_risk = 0.32   riskauc = 0.9   time = 17321735   
1755/4685   risk = 0.34  oob_risk = 0.32   riskauc = 0.9   time = 18487555   
1872/4685   risk = 0.34  oob_risk = 0.32   riskauc = 0.9   time = 19889588   
1989/4685   risk = 0.34  oob_risk = 0.33   riskauc = 0.9   time = 21155517   
2106/4685   risk = 0.34  oob_risk = 0.33   riskauc = 0.9   time = 22409877   
2223/4685   risk = 0.34  oob_risk = 0.33   riskauc = 0.9   time = 23674283   
2340/4685   risk = 0.34  oob_risk = 0.33   riskauc = 0.9   time = 24898868   
2457/4685   risk = 0.34  oob_risk = 0.33   riskauc = 0.9   time = 26113460   
2574/4685   risk = 0.34  oob_risk = 0.33   riskauc = 0.9   time = 27351611   
2691/4685   risk = 0.34  oob_risk = 0.33   riskauc = 0.9   time = 28522620   
2808/4685   risk = 0.34  oob_risk = 0.33   riskauc = 0.9   time = 29718405   
2925/4685   risk = 0.34  oob_risk = 0.33   riskauc = 0.9   time = 30904229   
3042/4685   risk = 0.35  oob_risk = 0.33   riskauc = 0.9   time = 32344298   
3159/4685   risk = 0.35  oob_risk = 0.33   riskauc = 0.9   time = 33840527   
3276/4685   risk = 0.35  oob_risk = 0.33   riskauc = 0.9   time = 35207721   
3393/4685   risk = 0.35  oob_risk = 0.33   riskauc = 0.9   time = 36553320   
3510/4685   risk = 0.35  oob_risk = 0.33   riskauc = 0.9   time = 37897676   
3627/4685   risk = 0.35  oob_risk = 0.33   riskauc = 0.91   time = 39238841   
3744/4685   risk = 0.35  oob_risk = 0.33   riskauc = 0.91   time = 40593484   
3861/4685   risk = 0.35  oob_risk = 0.33   riskauc = 0.91   time = 41918724   
3978/4685   risk = 0.35  oob_risk = 0.33   riskauc = 0.91   time = 43191649   
4095/4685   risk = 0.35  oob_risk = 0.33   riskauc = 0.91   time = 44424286   
4212/4685   risk = 0.35  oob_risk = 0.33   riskauc = 0.91   time = 45958664   
4329/4685   risk = 0.35  oob_risk = 0.33   riskauc = 0.91   time = 47422266   
4446/4685   risk = 0.35  oob_risk = 0.33   riskauc = 0.91   time = 48909082   
4563/4685   risk = 0.35  oob_risk = 0.33   riskauc = 0.91   time = 50360204   
4680/4685   risk = 0.35  oob_risk = 0.33   riskauc = 0.91   time = 51778201   


Train 4685 iterations in 51 Seconds.
Final risk based on the train set: 0.35

INFO  [21:22:01.286] [mlr3]  [LGCOMPBOOST] Completed fitting of restarted compboost model with optimizer nesterov 
INFO  [21:22:06.042] [mlr3]  [LGCOMPBOOST] iterations:'stop_cwb',NA,'stop_acwb',315,'stop_hcwb',4685 
INFO  [21:22:06.045] [mlr3]  [LGCOMPBOOST] risk_inbag:'risk_intercept',0.552363,'risk_cwb',NA,'risk_acwb',0.320807,'risk_hcwb',0.349639 
INFO  [21:22:06.047] [mlr3]  [LGCOMPBOOST] risk_oob:'risk_intercept_oob',0.543728,'risk_cwb_oob',NA,'risk_acwb_oob',0.308696,'risk_hcwb_oob',0.333462 
DEBUG [21:22:06.052] [mlr3]  Learner 'acc_hcwb' on task 'Task 7592: adult (Supervised Classification)' succeeded to fit a model {learner: <LearnerClassifCompboost/LearnerClassif/Learner/R6>, result: <list>, messages: }
DEBUG [21:22:06.064] [mlr3]  Skip subsetting of task 'Task 7592: adult (Supervised Classification)' 
DEBUG [21:22:06.068] [mlr3]  Calling train method of Learner 'acc_hcwb' on task 'Task 7592: adult (Supervised Classification)' with 39074 observations {learner: <LearnerClassifCompboost/LearnerClassif/Learner/R6>}
Warning in get_private(learner)$.train(task) :
  Number of cores 30 exceeds number of features 14. The number of cores are set to 14!
INFO  [21:22:06.142] [mlr3]  [LGCOMPBOOST] Running compboost with df 5.000000 and df_cat 2.000000 
   1/5000   risk = 0.55  oob_risk = 0.54   time = 3   
 125/5000   risk = 0.41  oob_risk = 0.4   time = 1913984   
 250/5000   risk = 0.33  oob_risk = 0.31   time = 3863414   


Train 315 iterations in 4 Seconds.
Final risk based on the train set: 0.32

   1/4685   risk = 0.32  oob_risk = 0.31   time = 3   
 117/4685   risk = 0.32  oob_risk = 0.31   time = 836255   
 234/4685   risk = 0.33  oob_risk = 0.31   time = 1781510   
 351/4685   risk = 0.33  oob_risk = 0.31   time = 2724534   
 468/4685   risk = 0.33  oob_risk = 0.32   time = 3663581   
 585/4685   risk = 0.33  oob_risk = 0.32   time = 4560454   
 702/4685   risk = 0.33  oob_risk = 0.32   time = 5469423   
 819/4685   risk = 0.33  oob_risk = 0.32   time = 6390780   
 936/4685   risk = 0.34  oob_risk = 0.32   time = 7324959   
1053/4685   risk = 0.34  oob_risk = 0.32   time = 8265805   
1170/4685   risk = 0.34  oob_risk = 0.32   time = 9230083   
1287/4685   risk = 0.34  oob_risk = 0.32   time = 10176665   
1404/4685   risk = 0.34  oob_risk = 0.32   time = 11110278   
1521/4685   risk = 0.34  oob_risk = 0.32   time = 12083735   
1638/4685   risk = 0.34  oob_risk = 0.32   time = 13034637   
1755/4685   risk = 0.34  oob_risk = 0.32   time = 14003095   
1872/4685   risk = 0.34  oob_risk = 0.32   time = 14964044   
1989/4685   risk = 0.34  oob_risk = 0.33   time = 15913191   
2106/4685   risk = 0.34  oob_risk = 0.33   time = 16839566   
2223/4685   risk = 0.34  oob_risk = 0.33   time = 17803090   
2340/4685   risk = 0.34  oob_risk = 0.33   time = 18761357   
2457/4685   risk = 0.34  oob_risk = 0.33   time = 19743145   
2574/4685   risk = 0.34  oob_risk = 0.33   time = 20700688   
2691/4685   risk = 0.34  oob_risk = 0.33   time = 21707850   
2808/4685   risk = 0.34  oob_risk = 0.33   time = 22706367   
2925/4685   risk = 0.34  oob_risk = 0.33   time = 23657958   
3042/4685   risk = 0.35  oob_risk = 0.33   time = 24615661   
3159/4685   risk = 0.35  oob_risk = 0.33   time = 25536466   
3276/4685   risk = 0.35  oob_risk = 0.33   time = 26497629   
3393/4685   risk = 0.35  oob_risk = 0.33   time = 27459480   
3510/4685   risk = 0.35  oob_risk = 0.33   time = 28449180   
3627/4685   risk = 0.35  oob_risk = 0.33   time = 29418207   
3744/4685   risk = 0.35  oob_risk = 0.33   time = 30401271   
3861/4685   risk = 0.35  oob_risk = 0.33   time = 31376292   
3978/4685   risk = 0.35  oob_risk = 0.33   time = 32345796   
4095/4685   risk = 0.35  oob_risk = 0.33   time = 33292867   
4212/4685   risk = 0.35  oob_risk = 0.33   time = 34302802   
4329/4685   risk = 0.35  oob_risk = 0.33   time = 35250198   
4446/4685   risk = 0.35  oob_risk = 0.33   time = 36011273   
4563/4685   risk = 0.35  oob_risk = 0.33   time = 36769923   
4680/4685   risk = 0.35  oob_risk = 0.33   time = 37526685   


Train 4685 iterations in 37 Seconds.
Final risk based on the train set: 0.35

INFO  [21:22:49.415] [mlr3]  [LGCOMPBOOST] Completed fitting of restarted compboost model with optimizer nesterov 
INFO  [21:22:54.090] [mlr3]  [LGCOMPBOOST] iterations:'stop_cwb',NA,'stop_acwb',315,'stop_hcwb',4685 
INFO  [21:22:54.093] [mlr3]  [LGCOMPBOOST] risk_inbag:'risk_intercept',0.552363,'risk_cwb',NA,'risk_acwb',0.320807,'risk_hcwb',0.349639 
INFO  [21:22:54.095] [mlr3]  [LGCOMPBOOST] risk_oob:'risk_intercept_oob',0.543728,'risk_cwb_oob',NA,'risk_acwb_oob',0.308696,'risk_hcwb_oob',0.333462 
DEBUG [21:22:54.101] [mlr3]  Learner 'acc_hcwb' on task 'Task 7592: adult (Supervised Classification)' succeeded to fit a model {learner: <LearnerClassifCompboost/LearnerClassif/Learner/R6>, result: <list>, messages: }

### [bt]: Job terminated successfully [batchtools job.id=50]
### [bt]: Calculation finished!
