### [bt]: This is batchtools v0.9.15
### [bt]: Starting calculation of 1 jobs
### [bt]: Setting working directory to '/home/user/repos/cacb-batchtools/eq1'
[2021-07-26 00:55:54] Loading new learner
[2021-07-26 00:55:54] Loading tasks
[2021-07-26 00:55:57] Loading resampling
### [bt]: Memory measurement disabled
### [bt]: Starting job [batchtools job.id=32]
### [bt]: Generating problem instance for problem '7592-fold2' ...
### [bt]: Applying algorithm 'evaluate-learner' on problem '7592-fold2' for job 32 (seed = 31447) ...
DEBUG [00:55:57.931] [mlr3]  Skip subsetting of task 'Task 7592: adult (Supervised Classification)' 
DEBUG [00:55:57.934] [mlr3]  Calling train method of Learner 'bin_cwb_b' on task 'Task 7592: adult (Supervised Classification)' with 39073 observations {learner: <LearnerClassifCompboost/LearnerClassif/Learner/R6>}
Warning in get_private(learner)$.train(task) :
  Number of cores 30 exceeds number of features 14. The number of cores are set to 14!
INFO  [00:55:58.033] [mlr3]  [LGCOMPBOOST] Running compboost with df 5.000000 and df_cat 2.000000 
   1/5000   risk = 0.54  riskauc = 0.77   time = 3   
 125/5000   risk = 0.35  riskauc = 0.9   time = 1059495   
 250/5000   risk = 0.34  riskauc = 0.9   time = 2817308   
 375/5000   risk = 0.34  riskauc = 0.9   time = 3754040   
 500/5000   risk = 0.34  riskauc = 0.91   time = 4673100   
 625/5000   risk = 0.35  riskauc = 0.91   time = 5610160   
 750/5000   risk = 0.35  riskauc = 0.91   time = 6541087   
 875/5000   risk = 0.35  riskauc = 0.91   time = 7461777   
1000/5000   risk = 0.35  riskauc = 0.91   time = 8531473   
1125/5000   risk = 0.35  riskauc = 0.91   time = 9486194   
1250/5000   risk = 0.35  riskauc = 0.91   time = 10440494   
1375/5000   risk = 0.35  riskauc = 0.91   time = 11386174   
1500/5000   risk = 0.35  riskauc = 0.91   time = 12309528   
1625/5000   risk = 0.35  riskauc = 0.91   time = 13222204   
1750/5000   risk = 0.35  riskauc = 0.91   time = 14161027   
1875/5000   risk = 0.35  riskauc = 0.91   time = 15101261   
2000/5000   risk = 0.35  riskauc = 0.91   time = 16037739   
2125/5000   risk = 0.35  riskauc = 0.91   time = 16949798   
2250/5000   risk = 0.36  riskauc = 0.91   time = 17859378   
2375/5000   risk = 0.36  riskauc = 0.91   time = 18843901   
2500/5000   risk = 0.36  riskauc = 0.91   time = 19881191   
2625/5000   risk = 0.36  riskauc = 0.91   time = 20861520   
2750/5000   risk = 0.36  riskauc = 0.91   time = 21861376   
2875/5000   risk = 0.36  riskauc = 0.91   time = 22870330   
3000/5000   risk = 0.36  riskauc = 0.91   time = 23889800   
3125/5000   risk = 0.36  riskauc = 0.91   time = 24870207   
3250/5000   risk = 0.36  riskauc = 0.91   time = 25995072   
3375/5000   risk = 0.36  riskauc = 0.91   time = 27206329   
3500/5000   risk = 0.36  riskauc = 0.91   time = 28349892   
3625/5000   risk = 0.36  riskauc = 0.91   time = 29381952   
3750/5000   risk = 0.36  riskauc = 0.91   time = 30318541   
3875/5000   risk = 0.36  riskauc = 0.91   time = 31276595   
4000/5000   risk = 0.36  riskauc = 0.91   time = 32261263   
4125/5000   risk = 0.36  riskauc = 0.91   time = 33265343   
4250/5000   risk = 0.36  riskauc = 0.91   time = 34422174   
4375/5000   risk = 0.36  riskauc = 0.91   time = 35405202   
4500/5000   risk = 0.36  riskauc = 0.91   time = 36435176   
4625/5000   risk = 0.36  riskauc = 0.91   time = 37436614   
4750/5000   risk = 0.36  riskauc = 0.91   time = 38466707   
4875/5000   risk = 0.36  riskauc = 0.91   time = 39565305   
5000/5000   risk = 0.36  riskauc = 0.91   time = 40606129   


Train 5000 iterations in 40 Seconds.
Final risk based on the train set: 0.36

INFO  [00:56:45.627] [mlr3]  [LGCOMPBOOST] iterations:'stop_cwb',5000,'stop_acwb',NA,'stop_hcwb',NA 
INFO  [00:56:45.631] [mlr3]  [LGCOMPBOOST] risk_inbag:'risk_intercept',0.550237,'risk_cwb',0.356334,'risk_acwb',NA,'risk_hcwb',NA 
INFO  [00:56:45.632] [mlr3]  [LGCOMPBOOST] risk_oob:'risk_intercept_oob',NA,'risk_cwb_oob',NA,'risk_acwb_oob',NA,'risk_hcwb_oob',NA 
DEBUG [00:56:45.638] [mlr3]  Learner 'bin_cwb_b' on task 'Task 7592: adult (Supervised Classification)' succeeded to fit a model {learner: <LearnerClassifCompboost/LearnerClassif/Learner/R6>, result: <list>, messages: }
DEBUG [00:56:45.650] [mlr3]  Skip subsetting of task 'Task 7592: adult (Supervised Classification)' 
DEBUG [00:56:45.653] [mlr3]  Calling train method of Learner 'bin_cwb_b' on task 'Task 7592: adult (Supervised Classification)' with 39073 observations {learner: <LearnerClassifCompboost/LearnerClassif/Learner/R6>}
Warning in get_private(learner)$.train(task) :
  Number of cores 30 exceeds number of features 14. The number of cores are set to 14!
INFO  [00:56:45.728] [mlr3]  [LGCOMPBOOST] Running compboost with df 5.000000 and df_cat 2.000000 
   1/5000   risk = 0.54  time = 3   
 125/5000   risk = 0.35  time = 507474   
 250/5000   risk = 0.34  time = 870701   
 375/5000   risk = 0.34  time = 1226276   
 500/5000   risk = 0.34  time = 1594062   
 625/5000   risk = 0.35  time = 1964846   
 750/5000   risk = 0.35  time = 2323771   
 875/5000   risk = 0.35  time = 2681434   
1000/5000   risk = 0.35  time = 3044118   
1125/5000   risk = 0.35  time = 3422785   
1250/5000   risk = 0.35  time = 3793476   
1375/5000   risk = 0.35  time = 4166226   
1500/5000   risk = 0.35  time = 4537194   
1625/5000   risk = 0.35  time = 4922610   
1750/5000   risk = 0.35  time = 5307460   
1875/5000   risk = 0.35  time = 5713557   
2000/5000   risk = 0.35  time = 6110417   
2125/5000   risk = 0.35  time = 6518002   
2250/5000   risk = 0.36  time = 6910628   
2375/5000   risk = 0.36  time = 7314500   
2500/5000   risk = 0.36  time = 7728710   
2625/5000   risk = 0.36  time = 8119814   
2750/5000   risk = 0.36  time = 8515478   
2875/5000   risk = 0.36  time = 8912260   
3000/5000   risk = 0.36  time = 9315405   
3125/5000   risk = 0.36  time = 9714453   
3250/5000   risk = 0.36  time = 10123892   
3375/5000   risk = 0.36  time = 10526156   
3500/5000   risk = 0.36  time = 10929241   
3625/5000   risk = 0.36  time = 11330417   
3750/5000   risk = 0.36  time = 11737287   
3875/5000   risk = 0.36  time = 12143725   
4000/5000   risk = 0.36  time = 12562297   
4125/5000   risk = 0.36  time = 12980656   
4250/5000   risk = 0.36  time = 13399919   
4375/5000   risk = 0.36  time = 13917400   
4500/5000   risk = 0.36  time = 14352003   
4625/5000   risk = 0.36  time = 14783373   
4750/5000   risk = 0.36  time = 15203000   
4875/5000   risk = 0.36  time = 15633944   
5000/5000   risk = 0.36  time = 16068239   


Train 5000 iterations in 16 Seconds.
Final risk based on the train set: 0.36

INFO  [00:57:09.061] [mlr3]  [LGCOMPBOOST] iterations:'stop_cwb',5000,'stop_acwb',NA,'stop_hcwb',NA 
INFO  [00:57:09.064] [mlr3]  [LGCOMPBOOST] risk_inbag:'risk_intercept',0.550237,'risk_cwb',0.356334,'risk_acwb',NA,'risk_hcwb',NA 
INFO  [00:57:09.065] [mlr3]  [LGCOMPBOOST] risk_oob:'risk_intercept_oob',NA,'risk_cwb_oob',NA,'risk_acwb_oob',NA,'risk_hcwb_oob',NA 
DEBUG [00:57:09.071] [mlr3]  Learner 'bin_cwb_b' on task 'Task 7592: adult (Supervised Classification)' succeeded to fit a model {learner: <LearnerClassifCompboost/LearnerClassif/Learner/R6>, result: <list>, messages: }

### [bt]: Job terminated successfully [batchtools job.id=32]
### [bt]: Calculation finished!
