### [bt]: This is batchtools v0.9.15
### [bt]: Starting calculation of 1 jobs
### [bt]: Setting working directory to '/home/user/repos/cacb-batchtools/eq1'
[2021-07-27 20:39:13] Loading new learner
[2021-07-27 20:39:13] Loading tasks
[2021-07-27 20:39:16] Loading resampling
### [bt]: Memory measurement disabled
### [bt]: Starting job [batchtools job.id=40]
### [bt]: Generating problem instance for problem '7592-fold5' ...
### [bt]: Applying algorithm 'evaluate-learner' on problem '7592-fold5' for job 40 (seed = 31455) ...
DEBUG [20:39:16.857] [mlr3]  Skip subsetting of task 'Task 7592: adult (Supervised Classification)' 
DEBUG [20:39:16.861] [mlr3]  Calling train method of Learner 'acc_hcwb' on task 'Task 7592: adult (Supervised Classification)' with 39074 observations {learner: <LearnerClassifCompboost/LearnerClassif/Learner/R6>}
Warning in get_private(learner)$.train(task) :
  Number of cores 30 exceeds number of features 14. The number of cores are set to 14!
   1/5000   risk = 0.54  oob_risk = 0.53   riskauc = 0.77   time = 2   


Train 108 iterations in 2 Seconds.
Final risk based on the train set: 0.33

   1/4903   risk = 0.33  oob_risk = 0.31   riskauc = 0.91   time = 2   
 123/4903   risk = 0.34  oob_risk = 0.32   riskauc = 0.91   time = 1282586   
 246/4903   risk = 0.35  oob_risk = 0.33   riskauc = 0.91   time = 2578847   
 369/4903   risk = 0.35  oob_risk = 0.33   riskauc = 0.91   time = 3949819   
 492/4903   risk = 0.35  oob_risk = 0.34   riskauc = 0.91   time = 5432763   
 615/4903   risk = 0.35  oob_risk = 0.34   riskauc = 0.91   time = 6837036   
 738/4903   risk = 0.36  oob_risk = 0.34   riskauc = 0.91   time = 8176325   
 861/4903   risk = 0.36  oob_risk = 0.34   riskauc = 0.91   time = 9419006   
 984/4903   risk = 0.36  oob_risk = 0.34   riskauc = 0.91   time = 10683121   
1107/4903   risk = 0.36  oob_risk = 0.34   riskauc = 0.91   time = 12150850   
1230/4903   risk = 0.36  oob_risk = 0.34   riskauc = 0.91   time = 13509980   
1353/4903   risk = 0.36  oob_risk = 0.34   riskauc = 0.91   time = 14898739   
1476/4903   risk = 0.36  oob_risk = 0.34   riskauc = 0.91   time = 16200425   
1599/4903   risk = 0.36  oob_risk = 0.34   riskauc = 0.91   time = 17569022   
1722/4903   risk = 0.36  oob_risk = 0.34   riskauc = 0.91   time = 18908677   
1845/4903   risk = 0.36  oob_risk = 0.34   riskauc = 0.91   time = 20226056   
1968/4903   risk = 0.36  oob_risk = 0.34   riskauc = 0.91   time = 21569076   
2091/4903   risk = 0.36  oob_risk = 0.34   riskauc = 0.91   time = 22903742   
2214/4903   risk = 0.36  oob_risk = 0.34   riskauc = 0.91   time = 24567805   
2337/4903   risk = 0.36  oob_risk = 0.34   riskauc = 0.91   time = 25959578   
2460/4903   risk = 0.36  oob_risk = 0.34   riskauc = 0.91   time = 27314877   
2583/4903   risk = 0.36  oob_risk = 0.34   riskauc = 0.91   time = 28709601   
2706/4903   risk = 0.36  oob_risk = 0.34   riskauc = 0.91   time = 30117980   
2829/4903   risk = 0.36  oob_risk = 0.34   riskauc = 0.91   time = 31536401   
2952/4903   risk = 0.36  oob_risk = 0.34   riskauc = 0.91   time = 32845297   
3075/4903   risk = 0.36  oob_risk = 0.34   riskauc = 0.91   time = 34129597   
3198/4903   risk = 0.36  oob_risk = 0.34   riskauc = 0.91   time = 35523886   
3321/4903   risk = 0.36  oob_risk = 0.34   riskauc = 0.91   time = 37143198   
3444/4903   risk = 0.36  oob_risk = 0.34   riskauc = 0.91   time = 38714721   
3567/4903   risk = 0.36  oob_risk = 0.34   riskauc = 0.91   time = 40285297   
3690/4903   risk = 0.36  oob_risk = 0.34   riskauc = 0.91   time = 41706609   
3813/4903   risk = 0.36  oob_risk = 0.34   riskauc = 0.91   time = 43113338   
3936/4903   risk = 0.36  oob_risk = 0.34   riskauc = 0.91   time = 44605105   
4059/4903   risk = 0.36  oob_risk = 0.34   riskauc = 0.91   time = 45979075   
4182/4903   risk = 0.36  oob_risk = 0.34   riskauc = 0.91   time = 47281776   
4305/4903   risk = 0.36  oob_risk = 0.34   riskauc = 0.91   time = 48602718   
4428/4903   risk = 0.36  oob_risk = 0.34   riskauc = 0.91   time = 50246069   
4551/4903   risk = 0.36  oob_risk = 0.34   riskauc = 0.91   time = 51728519   
4674/4903   risk = 0.36  oob_risk = 0.34   riskauc = 0.91   time = 53296461   
4797/4903   risk = 0.36  oob_risk = 0.34   riskauc = 0.91   time = 54861922   


Train 4903 iterations in 56 Seconds.
Final risk based on the train set: 0.36

DEBUG [20:40:17.322] [mlr3]  Learner 'acc_hcwb' on task 'Task 7592: adult (Supervised Classification)' succeeded to fit a model {learner: <LearnerClassifCompboost/LearnerClassif/Learner/R6>, result: <list>, messages: }
DEBUG [20:40:17.338] [mlr3]  Skip subsetting of task 'Task 7592: adult (Supervised Classification)' 
DEBUG [20:40:17.342] [mlr3]  Calling train method of Learner 'acc_hcwb' on task 'Task 7592: adult (Supervised Classification)' with 39074 observations {learner: <LearnerClassifCompboost/LearnerClassif/Learner/R6>}
Warning in get_private(learner)$.train(task) :
  Number of cores 30 exceeds number of features 14. The number of cores are set to 14!
   1/5000   risk = 0.54  oob_risk = 0.53   time = 2   


Train 108 iterations in 1 Seconds.
Final risk based on the train set: 0.33

   1/4903   risk = 0.33  oob_risk = 0.31   time = 2   
 123/4903   risk = 0.34  oob_risk = 0.32   time = 885300   
 246/4903   risk = 0.35  oob_risk = 0.33   time = 1787632   
 369/4903   risk = 0.35  oob_risk = 0.33   time = 2709247   
 492/4903   risk = 0.35  oob_risk = 0.34   time = 3654757   
 615/4903   risk = 0.35  oob_risk = 0.34   time = 4623912   
 738/4903   risk = 0.36  oob_risk = 0.34   time = 5506723   
 861/4903   risk = 0.36  oob_risk = 0.34   time = 6408705   
 984/4903   risk = 0.36  oob_risk = 0.34   time = 7307803   
1107/4903   risk = 0.36  oob_risk = 0.34   time = 8186085   
1230/4903   risk = 0.36  oob_risk = 0.34   time = 9068209   
1353/4903   risk = 0.36  oob_risk = 0.34   time = 9964113   
1476/4903   risk = 0.36  oob_risk = 0.34   time = 10859682   
1599/4903   risk = 0.36  oob_risk = 0.34   time = 11773517   
1722/4903   risk = 0.36  oob_risk = 0.34   time = 12687870   
1845/4903   risk = 0.36  oob_risk = 0.34   time = 13584694   
1968/4903   risk = 0.36  oob_risk = 0.34   time = 14491723   
2091/4903   risk = 0.36  oob_risk = 0.34   time = 15420347   
2214/4903   risk = 0.36  oob_risk = 0.34   time = 16341232   
2337/4903   risk = 0.36  oob_risk = 0.34   time = 17223095   
2460/4903   risk = 0.36  oob_risk = 0.34   time = 18091841   
2583/4903   risk = 0.36  oob_risk = 0.34   time = 18942139   
2706/4903   risk = 0.36  oob_risk = 0.34   time = 19806732   
2829/4903   risk = 0.36  oob_risk = 0.34   time = 20664346   
2952/4903   risk = 0.36  oob_risk = 0.34   time = 21540182   
3075/4903   risk = 0.36  oob_risk = 0.34   time = 22402048   
3198/4903   risk = 0.36  oob_risk = 0.34   time = 23328969   
3321/4903   risk = 0.36  oob_risk = 0.34   time = 24249013   
3444/4903   risk = 0.36  oob_risk = 0.34   time = 25175096   
3567/4903   risk = 0.36  oob_risk = 0.34   time = 26115820   
3690/4903   risk = 0.36  oob_risk = 0.34   time = 26904752   
3813/4903   risk = 0.36  oob_risk = 0.34   time = 27692324   
3936/4903   risk = 0.36  oob_risk = 0.34   time = 28477582   
4059/4903   risk = 0.36  oob_risk = 0.34   time = 29243864   
4182/4903   risk = 0.36  oob_risk = 0.34   time = 30026371   
4305/4903   risk = 0.36  oob_risk = 0.34   time = 30820222   
4428/4903   risk = 0.36  oob_risk = 0.34   time = 31661651   
4551/4903   risk = 0.36  oob_risk = 0.34   time = 32609087   
4674/4903   risk = 0.36  oob_risk = 0.34   time = 33430527   
4797/4903   risk = 0.36  oob_risk = 0.34   time = 34325569   


Train 4903 iterations in 35 Seconds.
Final risk based on the train set: 0.36

DEBUG [20:40:54.753] [mlr3]  Learner 'acc_hcwb' on task 'Task 7592: adult (Supervised Classification)' succeeded to fit a model {learner: <LearnerClassifCompboost/LearnerClassif/Learner/R6>, result: <list>, messages: }

### [bt]: Job terminated successfully [batchtools job.id=40]
### [bt]: Calculation finished!
