### [bt]: This is batchtools v0.9.15
### [bt]: Starting calculation of 1 jobs
### [bt]: Setting working directory to '/home/user/repos/cacb-batchtools/eq1'
[2021-07-20] Loading new learner
[2021-07-20 03:44:44] Loading tasks
[2021-07-20 03:44:47] Loading resampling
### [bt]: Memory measurement disabled
### [bt]: Starting job [batchtools job.id=92]
### [bt]: Generating problem instance for problem '189866-fold4' ...
### [bt]: Applying algorithm 'evaluate-learner' on problem '189866-fold4' for job 92 (seed = 31507) ...
DEBUG [03:44:52.624] [mlr3]  Skip subsetting of task 'Task 189866: albert (Supervised Classification)' 
DEBUG [03:44:52.627] [mlr3]  Calling train method of Learner 'removeconstants_before.imputemedian_num.imputemode_fct.collapsefactors.removeconstants_after.bin_cwb_b' on task 'Task 189866: albert (Supervised Classification)' with 340192 observations {learner: <GraphLearner/Learner/R6>}
DEBUG [03:44:52.646] Running PipeOp 'removeconstants_before$train()' {pipeop: <PipeOpRemoveConstants/PipeOpTaskPreprocSimple/PipeOpTaskPreproc/PipeOp/R6>, input: <list>}
DEBUG [03:44:54.264] Running PipeOp 'imputemedian_num$train()' {pipeop: <PipeOpImputeMedian/PipeOpImpute/PipeOp/R6>, input: <list>}
DEBUG [03:44:54.857] Running PipeOp 'imputemode_fct$train()' {pipeop: <PipeOpImputeMode/PipeOpImpute/PipeOp/R6>, input: <list>}
DEBUG [03:44:56.310] Running PipeOp 'collapsefactors$train()' {pipeop: <PipeOpCollapseFactors/PipeOpTaskPreprocSimple/PipeOpTaskPreproc/PipeOp/R6>, input: <list>}
DEBUG [03:44:58.767] Running PipeOp 'removeconstants_after$train()' {pipeop: <PipeOpRemoveConstants/PipeOpTaskPreprocSimple/PipeOpTaskPreproc/PipeOp/R6>, input: <list>}
DEBUG [03:45:00.772] Running PipeOp 'bin_cwb_b$train()' {pipeop: <PipeOpLearner/PipeOp/R6>, input: <list>}
DEBUG [03:45:00.781] [mlr3]  Skip subsetting of task 'Task 189866: albert (Supervised Classification)' 
DEBUG [03:45:00.785] [mlr3]  Calling train method of Learner 'bin_cwb_b' on task 'Task 189866: albert (Supervised Classification)' with 340192 observations {learner: <LearnerClassifCompboost/LearnerClassif/Learner/R6>}
INFO  [03:45:01.421] [mlr3]  [LGCOMPBOOST] Running compboost with df 5.000000 and df_cat 3.000000 
   1/5000   risk = 0.69  time = 3   
 125/5000   risk = 0.63  time = 15462553   
 250/5000   risk = 0.63  time = 31534388   
 375/5000   risk = 0.63  time = 47772365   
 500/5000   risk = 0.64  time = 64081374   
 625/5000   risk = 0.64  time = 80478214   
 750/5000   risk = 0.64  time = 96355335   
 875/5000   risk = 0.64  time = 111872810   
1000/5000   risk = 0.64  time = 127860401   
1125/5000   risk = 0.65  time = 144089949   
1250/5000   risk = 0.65  time = 160568161   
1375/5000   risk = 0.65  time = 176650360   
1500/5000   risk = 0.65  time = 191753417   
1625/5000   risk = 0.65  time = 206648165   
1750/5000   risk = 0.65  time = 221912252   
1875/5000   risk = 0.65  time = 237817479   
2000/5000   risk = 0.65  time = 253927337   
2125/5000   risk = 0.65  time = 270443532   
2250/5000   risk = 0.65  time = 286334246   
2375/5000   risk = 0.65  time = 302560892   
2500/5000   risk = 0.65  time = 319205911   
2625/5000   risk = 0.65  time = 336118991   
2750/5000   risk = 0.65  time = 353041828   
2875/5000   risk = 0.65  time = 370032240   
3000/5000   risk = 0.65  time = 386901795   
3125/5000   risk = 0.65  time = 403775063   
3250/5000   risk = 0.65  time = 419970791   
3375/5000   risk = 0.65  time = 436036017   
3500/5000   risk = 0.65  time = 451878783   
3625/5000   risk = 0.65  time = 467876652   
3750/5000   risk = 0.65  time = 483986824   
3875/5000   risk = 0.65  time = 500205234   
4000/5000   risk = 0.65  time = 516446242   
4125/5000   risk = 0.65  time = 533064308   
4250/5000   risk = 0.65  time = 549991586   
4375/5000   risk = 0.65  time = 566996527   
4500/5000   risk = 0.65  time = 583899471   
4625/5000   risk = 0.65  time = 600409447   
4750/5000   risk = 0.65  time = 615815240   
4875/5000   risk = 0.65  time = 631527847   
5000/5000   risk = 0.65  time = 647802529   


Train 5000 iterations in 647 Seconds.
Final risk based on the train set: 0.65

INFO  [03:56:00.346] [mlr3]  [LGCOMPBOOST] iterations:'stop_cwb',5000,'stop_acwb',NA,'stop_hcwb',NA 
INFO  [03:56:00.350] [mlr3]  [LGCOMPBOOST] risk_inbag:'risk_intercept',0.693147,'risk_cwb',0.652583,'risk_acwb',NA,'risk_hcwb',NA 
INFO  [03:56:00.352] [mlr3]  [LGCOMPBOOST] risk_oob:'risk_intercept_oob',NA,'risk_cwb_oob',NA,'risk_acwb_oob',NA,'risk_hcwb_oob',NA 
DEBUG [03:56:00.358] [mlr3]  Learner 'bin_cwb_b' on task 'Task 189866: albert (Supervised Classification)' succeeded to fit a model {learner: <LearnerClassifCompboost/LearnerClassif/Learner/R6>, result: <list>, messages: }
DEBUG [03:56:00.879] [mlr3]  Learner 'removeconstants_before.imputemedian_num.imputemode_fct.collapsefactors.removeconstants_after.bin_cwb_b' on task 'Task 189866: albert (Supervised Classification)' succeeded to fit a model {learner: <GraphLearner/Learner/R6>, result: <list>, messages: }
[2021-07-20 03:56:03] (1/1250) Processing iter 4
Error in self$model$setToIteration(iteration, trace) : 
  addition: incompatible matrix dimensions: 340192x1 and 583x1

### [bt]: Job terminated with an exception [batchtools job.id=92]
### [bt]: Calculation finished!
