### [bt]: This is batchtools v0.9.15
### [bt]: Starting calculation of 1 jobs
### [bt]: Setting working directory to '/home/user/repos/cacb-batchtools/eq1'
[2021-07-29 00:08:35] Loading new learner
[2021-07-29 00:08:35] Loading tasks
[2021-07-29 00:08:38] Loading resampling
### [bt]: Memory measurement disabled
### [bt]: Starting job [batchtools job.id=107]
### [bt]: Generating problem instance for problem '9977-fold2' ...
### [bt]: Applying algorithm 'evaluate-learner' on problem '9977-fold2' for job 107 (seed = 31522) ...
DEBUG [00:08:39.308] [mlr3]  Skip subsetting of task 'Task 9977: nomao (Supervised Classification)' 
DEBUG [00:08:39.312] [mlr3]  Calling train method of Learner 'acc_acwb' on task 'Task 9977: nomao (Supervised Classification)' with 27572 observations {learner: <LearnerClassifCompboost/LearnerClassif/Learner/R6>}
   1/5000   risk = 0.56  riskauc = 0.88   time = 2   
 125/5000   risk = 0.21  riskauc = 0.97   time = 7076692   
 250/5000   risk = 0.14  riskauc = 0.99   time = 14235189   
 375/5000   risk = 0.12  riskauc = 0.99   time = 21410712   
 500/5000   risk = 0.11  riskauc = 0.99   time = 28252621   
 625/5000   risk = 0.11  riskauc = 0.99   time = 34956523   
 750/5000   risk = 0.11  riskauc = 0.99   time = 41441345   
 875/5000   risk = 0.11  riskauc = 0.99   time = 47990033   
1000/5000   risk = 0.11  riskauc = 0.99   time = 55839719   
1125/5000   risk = 0.11  riskauc = 0.99   time = 62422280   
1250/5000   risk = 0.11  riskauc = 0.99   time = 68974197   
1375/5000   risk = 0.11  riskauc = 0.99   time = 75464642   
1500/5000   risk = 0.11  riskauc = 0.99   time = 81932287   
1625/5000   risk = 0.11  riskauc = 0.99   time = 88354229   
1750/5000   risk = 0.11  riskauc = 0.99   time = 94795852   
1875/5000   risk = 0.11  riskauc = 0.99   time = 101136101   
2000/5000   risk = 0.11  riskauc = 0.99   time = 107610316   
2125/5000   risk = 0.11  riskauc = 0.99   time = 113914654   
2250/5000   risk = 0.11  riskauc = 0.99   time = 120493997   
2375/5000   risk = 0.11  riskauc = 0.99   time = 126815903   
2500/5000   risk = 0.12  riskauc = 0.99   time = 133149929   
2625/5000   risk = 0.12  riskauc = 0.99   time = 139337519   
2750/5000   risk = 0.12  riskauc = 0.99   time = 145545750   
2875/5000   risk = 0.12  riskauc = 0.99   time = 152095018   
3000/5000   risk = 0.12  riskauc = 0.99   time = 158524497   
3125/5000   risk = 0.13  riskauc = 0.99   time = 165002733   
3250/5000   risk = 0.13  riskauc = 0.99   time = 171510712   
3375/5000   risk = 0.13  riskauc = 0.99   time = 177931100   
3500/5000   risk = 0.14  riskauc = 0.99   time = 184421994   
3625/5000   risk = 0.14  riskauc = 0.99   time = 190927673   
3750/5000   risk = 0.15  riskauc = 0.99   time = 197356177   
3875/5000   risk = 0.16  riskauc = 0.99   time = 203963117   
4000/5000   risk = 0.17  riskauc = 0.99   time = 210448634   
4125/5000   risk = 0.17  riskauc = 0.99   time = 216954482   
4250/5000   risk = 0.18  riskauc = 0.99   time = 223346270   
4375/5000   risk = 0.19  riskauc = 0.99   time = 229910280   
4500/5000   risk = 0.19  riskauc = 0.99   time = 236443499   
4625/5000   risk = 0.2  riskauc = 0.99   time = 243005937   
4750/5000   risk = 0.22  riskauc = 0.99   time = 249741850   
4875/5000   risk = 0.24  riskauc = 0.98   time = 256280701   
5000/5000   risk = 0.26  riskauc = 0.98   time = 262838075   


Train 5000 iterations in 262 Seconds.
Final risk based on the train set: 0.26

DEBUG [00:13:06.155] [mlr3]  Learner 'acc_acwb' on task 'Task 9977: nomao (Supervised Classification)' succeeded to fit a model {learner: <LearnerClassifCompboost/LearnerClassif/Learner/R6>, result: <list>, messages: }
DEBUG [00:13:06.171] [mlr3]  Skip subsetting of task 'Task 9977: nomao (Supervised Classification)' 
DEBUG [00:13:06.175] [mlr3]  Calling train method of Learner 'acc_acwb' on task 'Task 9977: nomao (Supervised Classification)' with 27572 observations {learner: <LearnerClassifCompboost/LearnerClassif/Learner/R6>}
   1/5000   risk = 0.56  time = 2   
 125/5000   risk = 0.21  time = 6151700   
 250/5000   risk = 0.14  time = 12276166   
 375/5000   risk = 0.12  time = 18361634   
 500/5000   risk = 0.11  time = 24463303   
 625/5000   risk = 0.11  time = 30670807   
 750/5000   risk = 0.11  time = 37143263   
 875/5000   risk = 0.11  time = 43587618   
1000/5000   risk = 0.11  time = 50028638   
1125/5000   risk = 0.11  time = 56576024   
1250/5000   risk = 0.11  time = 63250571   
1375/5000   risk = 0.11  time = 69945073   
1500/5000   risk = 0.11  time = 76623654   
1625/5000   risk = 0.11  time = 83391341   
1750/5000   risk = 0.11  time = 90181131   
1875/5000   risk = 0.11  time = 96918714   
2000/5000   risk = 0.11  time = 103573863   
2125/5000   risk = 0.11  time = 110141947   
2250/5000   risk = 0.11  time = 116623946   
2375/5000   risk = 0.11  time = 123140067   
2500/5000   risk = 0.12  time = 129647961   
2625/5000   risk = 0.12  time = 136155040   
2750/5000   risk = 0.12  time = 142695492   
2875/5000   risk = 0.12  time = 149161875   
3000/5000   risk = 0.12  time = 155706194   
3125/5000   risk = 0.13  time = 162268057   
3250/5000   risk = 0.13  time = 168991115   
3375/5000   risk = 0.13  time = 175735339   
3500/5000   risk = 0.14  time = 182612947   
3625/5000   risk = 0.14  time = 189550138   
3750/5000   risk = 0.15  time = 196468401   
3875/5000   risk = 0.16  time = 203368412   
4000/5000   risk = 0.17  time = 210306676   
4125/5000   risk = 0.17  time = 217267041   
4250/5000   risk = 0.18  time = 224170472   
4375/5000   risk = 0.19  time = 231138551   
4500/5000   risk = 0.19  time = 238169785   
4625/5000   risk = 0.2  time = 245198287   
4750/5000   risk = 0.22  time = 252318667   
4875/5000   risk = 0.24  time = 259388221   
5000/5000   risk = 0.26  time = 266473020   


Train 5000 iterations in 266 Seconds.
Final risk based on the train set: 0.26

DEBUG [00:17:36.435] [mlr3]  Learner 'acc_acwb' on task 'Task 9977: nomao (Supervised Classification)' succeeded to fit a model {learner: <LearnerClassifCompboost/LearnerClassif/Learner/R6>, result: <list>, messages: }

### [bt]: Job terminated successfully [batchtools job.id=107]
### [bt]: Calculation finished!
