### [bt]: This is batchtools v0.9.15
### [bt]: Starting calculation of 1 jobs
### [bt]: Setting working directory to '/home/user/repos/cacb-batchtools/eq1'
[2021-07-26 16:26:54] Loading new learner
[2021-07-26 16:26:54] Loading tasks
[2021-07-26 16:26:57] Loading resampling
### [bt]: Memory measurement disabled
### [bt]: Starting job [batchtools job.id=89]
### [bt]: Generating problem instance for problem '189866-fold3' ...
### [bt]: Applying algorithm 'evaluate-learner' on problem '189866-fold3' for job 89 (seed = 31504) ...
DEBUG [16:27:01.670] [mlr3]  Skip subsetting of task 'Task 189866: albert (Supervised Classification)' 
DEBUG [16:27:01.687] [mlr3]  Calling train method of Learner 'acc_acwb' on task 'Task 189866: albert (Supervised Classification)' with 340192 observations {learner: <LearnerClassifCompboost/LearnerClassif/Learner/R6>}
INFO  [16:27:02.352] [mlr3]  [LGCOMPBOOST] Running compboost with df 5.000000 and df_cat 3.000000 
   1/5000   risk = 0.69  riskauc = 0.64   time = 3   
 125/5000   risk = 0.67  riskauc = 0.69   time = 46042668   
 250/5000   risk = 0.65  riskauc = 0.71   time = 91856878   
 375/5000   risk = 0.62  riskauc = 0.72   time = 137232609   
 500/5000   risk = 0.61  riskauc = 0.73   time = 183456322   
 625/5000   risk = 0.61  riskauc = 0.73   time = 230109240   
 750/5000   risk = 0.61  riskauc = 0.73   time = 278204105   
 875/5000   risk = 0.63  riskauc = 0.74   time = 326341718   
1000/5000   risk = 0.64  riskauc = 0.74   time = 374081459   
1125/5000   risk = 0.65  riskauc = 0.74   time = 422052752   
1250/5000   risk = 0.67  riskauc = 0.74   time = 469954557   
1375/5000   risk = 0.67  riskauc = 0.74   time = 517022654   
1500/5000   risk = 0.68  riskauc = 0.73   time = 564183830   
1625/5000   risk = 0.68  riskauc = 0.73   time = 611054218   
1750/5000   risk = 0.68  riskauc = 0.73   time = 658164085   
1875/5000   risk = 0.67  riskauc = 0.73   time = 705276152   
2000/5000   risk = 0.67  riskauc = 0.73   time = 753232557   
2125/5000   risk = 0.66  riskauc = 0.73   time = 800578670   
2250/5000   risk = 0.66  riskauc = 0.73   time = 848277491   
2375/5000   risk = 0.66  riskauc = 0.73   time = 896072803   
2500/5000   risk = 0.65  riskauc = 0.74   time = 944008874   
2625/5000   risk = 0.65  riskauc = 0.74   time = 992307345   
2750/5000   risk = 0.65  riskauc = 0.74   time = 1039878106   
2875/5000   risk = 0.65  riskauc = 0.73   time = 1087644277   
3000/5000   risk = 0.66  riskauc = 0.73   time = 1135066489   
3125/5000   risk = 0.66  riskauc = 0.73   time = 1183104740   
3250/5000   risk = 0.66  riskauc = 0.73   time = 1231224080   
3375/5000   risk = 0.66  riskauc = 0.73   time = 1279289749   
3500/5000   risk = 0.66  riskauc = 0.73   time = 1328290439   
3625/5000   risk = 0.67  riskauc = 0.73   time = 1377068175   
3750/5000   risk = 0.67  riskauc = 0.73   time = 1425731888   
3875/5000   risk = 0.67  riskauc = 0.73   time = 1474055193   
4000/5000   risk = 0.67  riskauc = 0.73   time = 1521394384   
4125/5000   risk = 0.67  riskauc = 0.73   time = 1569216126   
4250/5000   risk = 0.67  riskauc = 0.73   time = 1618281135   
4375/5000   risk = 0.67  riskauc = 0.73   time = 1667230510   
4500/5000   risk = 0.67  riskauc = 0.73   time = 1716240748   
4625/5000   risk = 0.67  riskauc = 0.73   time = 1764002133   
4750/5000   risk = 0.67  riskauc = 0.73   time = 1812164899   
4875/5000   risk = 0.67  riskauc = 0.73   time = 1860369158   
5000/5000   risk = 0.67  riskauc = 0.73   time = 1907736100   


Train 5000 iterations in 1908 Seconds.
Final risk based on the train set: 0.67

INFO  [16:59:08.346] [mlr3]  [LGCOMPBOOST] iterations:'stop_cwb',NA,'stop_acwb',5000,'stop_hcwb',NA 
INFO  [16:59:08.349] [mlr3]  [LGCOMPBOOST] risk_inbag:'risk_intercept',0.693147,'risk_cwb',NA,'risk_acwb',0.672530,'risk_hcwb',NA 
INFO  [16:59:08.351] [mlr3]  [LGCOMPBOOST] risk_oob:'risk_intercept_oob',NA,'risk_cwb_oob',NA,'risk_acwb_oob',NA,'risk_hcwb_oob',NA 
DEBUG [16:59:08.375] [mlr3]  Learner 'acc_acwb' on task 'Task 189866: albert (Supervised Classification)' succeeded to fit a model {learner: <LearnerClassifCompboost/LearnerClassif/Learner/R6>, result: <list>, messages: }
DEBUG [16:59:08.390] [mlr3]  Skip subsetting of task 'Task 189866: albert (Supervised Classification)' 
DEBUG [16:59:08.411] [mlr3]  Calling train method of Learner 'acc_acwb' on task 'Task 189866: albert (Supervised Classification)' with 340192 observations {learner: <LearnerClassifCompboost/LearnerClassif/Learner/R6>}
INFO  [16:59:09.042] [mlr3]  [LGCOMPBOOST] Running compboost with df 5.000000 and df_cat 3.000000 
   1/5000   risk = 0.69  time = 3   
 125/5000   risk = 0.67  time = 45102783   
 250/5000   risk = 0.65  time = 89906366   
 375/5000   risk = 0.62  time = 133876521   
 500/5000   risk = 0.61  time = 178385402   
 625/5000   risk = 0.61  time = 223426541   
 750/5000   risk = 0.61  time = 268175163   
 875/5000   risk = 0.63  time = 313165677   
1000/5000   risk = 0.64  time = 357448418   
1125/5000   risk = 0.65  time = 401420490   
1250/5000   risk = 0.67  time = 446017807   
1375/5000   risk = 0.67  time = 490447038   
1500/5000   risk = 0.68  time = 535148540   
1625/5000   risk = 0.68  time = 579314033   
1750/5000   risk = 0.68  time = 623285975   
1875/5000   risk = 0.67  time = 667147178   
2000/5000   risk = 0.67  time = 711403202   
2125/5000   risk = 0.66  time = 755900655   
2250/5000   risk = 0.66  time = 800053722   
2375/5000   risk = 0.66  time = 844426060   
2500/5000   risk = 0.65  time = 888180257   
2625/5000   risk = 0.65  time = 932680449   
2750/5000   risk = 0.65  time = 975622832   
2875/5000   risk = 0.65  time = 1017957941   
3000/5000   risk = 0.66  time = 1059648421   
3125/5000   risk = 0.66  time = 1101787713   
3250/5000   risk = 0.66  time = 1144284794   
3375/5000   risk = 0.66  time = 1186922433   
3500/5000   risk = 0.66  time = 1230701490   
3625/5000   risk = 0.67  time = 1274360691   
3750/5000   risk = 0.67  time = 1317903358   
3875/5000   risk = 0.67  time = 1361348671   
4000/5000   risk = 0.67  time = 1404126386   
4125/5000   risk = 0.67  time = 1447167196   
4250/5000   risk = 0.67  time = 1490360665   
4375/5000   risk = 0.67  time = 1534669427   
4500/5000   risk = 0.67  time = 1580431618   
4625/5000   risk = 0.67  time = 1625603772   
4750/5000   risk = 0.67  time = 1670893094   
4875/5000   risk = 0.67  time = 1714926109   
5000/5000   risk = 0.67  time = 1758414933   


Train 5000 iterations in 1758 Seconds.
Final risk based on the train set: 0.67

INFO  [17:28:45.084] [mlr3]  [LGCOMPBOOST] iterations:'stop_cwb',NA,'stop_acwb',5000,'stop_hcwb',NA 
INFO  [17:28:45.088] [mlr3]  [LGCOMPBOOST] risk_inbag:'risk_intercept',0.693147,'risk_cwb',NA,'risk_acwb',0.672530,'risk_hcwb',NA 
INFO  [17:28:45.090] [mlr3]  [LGCOMPBOOST] risk_oob:'risk_intercept_oob',NA,'risk_cwb_oob',NA,'risk_acwb_oob',NA,'risk_hcwb_oob',NA 
DEBUG [17:28:45.120] [mlr3]  Learner 'acc_acwb' on task 'Task 189866: albert (Supervised Classification)' succeeded to fit a model {learner: <LearnerClassifCompboost/LearnerClassif/Learner/R6>, result: <list>, messages: }

### [bt]: Job terminated successfully [batchtools job.id=89]
### [bt]: Calculation finished!
