### [bt]: This is batchtools v0.9.15
### [bt]: Starting calculation of 1 jobs
### [bt]: Setting working directory to '/home/user/repos/cacb-batchtools/eq1'
[2021-07-29 18:05:21] Loading new learner
[2021-07-29 18:05:21] Loading tasks
[2021-07-29 18:05:24] Loading resampling
### [bt]: Memory measurement disabled
### [bt]: Starting job [batchtools job.id=137]
### [bt]: Generating problem instance for problem '189866-fold2' ...
### [bt]: Applying algorithm 'evaluate-learner' on problem '189866-fold2' for job 137 (seed = 31552) ...
DEBUG [18:05:28.877] [mlr3]  Skip subsetting of task 'Task 189866: albert (Supervised Classification)' 
DEBUG [18:05:28.880] [mlr3]  Calling train method of Learner 'acc_hcwb' on task 'Task 189866: albert (Supervised Classification)' with 340192 observations {learner: <LearnerClassifCompboost/LearnerClassif/Learner/R6>}
   1/5000   risk = 0.69  oob_risk = 0.69   riskauc = 0.64   time = 3   
 125/5000   risk = 0.62  oob_risk = 0.62   riskauc = 0.71   time = 40002537   


Train 228 iterations in 73 Seconds.
Final risk based on the train set: 0.61

   1/4783   risk = 0.61  oob_risk = 0.61   riskauc = 0.73   time = 2   
 120/4783   risk = 0.63  oob_risk = 0.63   riskauc = 0.73   time = 20944415   
 240/4783   risk = 0.63  oob_risk = 0.63   riskauc = 0.73   time = 42009181   
 360/4783   risk = 0.64  oob_risk = 0.64   riskauc = 0.73   time = 63694250   
 480/4783   risk = 0.64  oob_risk = 0.64   riskauc = 0.73   time = 85224644   
 600/4783   risk = 0.64  oob_risk = 0.64   riskauc = 0.73   time = 106839284   
 720/4783   risk = 0.64  oob_risk = 0.64   riskauc = 0.73   time = 128879709   
 840/4783   risk = 0.64  oob_risk = 0.65   riskauc = 0.73   time = 150453840   
 960/4783   risk = 0.65  oob_risk = 0.65   riskauc = 0.73   time = 172297648   
1080/4783   risk = 0.65  oob_risk = 0.65   riskauc = 0.73   time = 193974205   
1200/4783   risk = 0.65  oob_risk = 0.65   riskauc = 0.73   time = 216073754   
1320/4783   risk = 0.65  oob_risk = 0.65   riskauc = 0.73   time = 238054145   
1440/4783   risk = 0.65  oob_risk = 0.65   riskauc = 0.73   time = 259490023   
1560/4783   risk = 0.65  oob_risk = 0.65   riskauc = 0.73   time = 281537353   
1680/4783   risk = 0.65  oob_risk = 0.65   riskauc = 0.73   time = 303366799   
1800/4783   risk = 0.65  oob_risk = 0.65   riskauc = 0.73   time = 325398618   
1920/4783   risk = 0.65  oob_risk = 0.65   riskauc = 0.73   time = 347090825   
2040/4783   risk = 0.65  oob_risk = 0.65   riskauc = 0.73   time = 368946250   
2160/4783   risk = 0.65  oob_risk = 0.65   riskauc = 0.73   time = 390543329   
2280/4783   risk = 0.65  oob_risk = 0.65   riskauc = 0.73   time = 411957302   
2400/4783   risk = 0.65  oob_risk = 0.65   riskauc = 0.73   time = 433473929   
2520/4783   risk = 0.65  oob_risk = 0.65   riskauc = 0.73   time = 455115257   
2640/4783   risk = 0.65  oob_risk = 0.65   riskauc = 0.73   time = 476906668   
2760/4783   risk = 0.65  oob_risk = 0.65   riskauc = 0.73   time = 498386966   
2880/4783   risk = 0.65  oob_risk = 0.65   riskauc = 0.73   time = 520145625   
3000/4783   risk = 0.65  oob_risk = 0.65   riskauc = 0.73   time = 541309785   
3120/4783   risk = 0.65  oob_risk = 0.65   riskauc = 0.73   time = 562799525   
3240/4783   risk = 0.65  oob_risk = 0.65   riskauc = 0.73   time = 584409899   
3360/4783   risk = 0.65  oob_risk = 0.65   riskauc = 0.73   time = 606268000   
3480/4783   risk = 0.65  oob_risk = 0.65   riskauc = 0.73   time = 627561160   
3600/4783   risk = 0.65  oob_risk = 0.65   riskauc = 0.73   time = 648737375   
3720/4783   risk = 0.65  oob_risk = 0.65   riskauc = 0.73   time = 670486824   
3840/4783   risk = 0.65  oob_risk = 0.65   riskauc = 0.73   time = 692237341   
3960/4783   risk = 0.65  oob_risk = 0.65   riskauc = 0.73   time = 713634445   
4080/4783   risk = 0.65  oob_risk = 0.65   riskauc = 0.73   time = 735103936   
4200/4783   risk = 0.65  oob_risk = 0.65   riskauc = 0.73   time = 756715652   
4320/4783   risk = 0.65  oob_risk = 0.65   riskauc = 0.73   time = 778383529   
4440/4783   risk = 0.65  oob_risk = 0.65   riskauc = 0.73   time = 800324522   
4560/4783   risk = 0.65  oob_risk = 0.65   riskauc = 0.73   time = 822274427   
4680/4783   risk = 0.65  oob_risk = 0.65   riskauc = 0.73   time = 844364687   


Train 4783 iterations in 863 Seconds.
Final risk based on the train set: 0.65

DEBUG [18:21:28.942] [mlr3]  Learner 'acc_hcwb' on task 'Task 189866: albert (Supervised Classification)' succeeded to fit a model {learner: <LearnerClassifCompboost/LearnerClassif/Learner/R6>, result: <list>, messages: }
DEBUG [18:21:28.958] [mlr3]  Skip subsetting of task 'Task 189866: albert (Supervised Classification)' 
DEBUG [18:21:28.962] [mlr3]  Calling train method of Learner 'acc_hcwb' on task 'Task 189866: albert (Supervised Classification)' with 340192 observations {learner: <LearnerClassifCompboost/LearnerClassif/Learner/R6>}
   1/5000   risk = 0.69  oob_risk = 0.69   time = 3   
 125/5000   risk = 0.62  oob_risk = 0.62   time = 35904403   


Train 228 iterations in 65 Seconds.
Final risk based on the train set: 0.61

   1/4783   risk = 0.61  oob_risk = 0.61   time = 3   
 120/4783   risk = 0.63  oob_risk = 0.63   time = 17995479   
 240/4783   risk = 0.63  oob_risk = 0.63   time = 36166438   
 360/4783   risk = 0.64  oob_risk = 0.64   time = 54130934   
 480/4783   risk = 0.64  oob_risk = 0.64   time = 72098061   
 600/4783   risk = 0.64  oob_risk = 0.64   time = 90254629   
 720/4783   risk = 0.64  oob_risk = 0.64   time = 108796615   
 840/4783   risk = 0.64  oob_risk = 0.65   time = 127566177   
 960/4783   risk = 0.65  oob_risk = 0.65   time = 146146651   
1080/4783   risk = 0.65  oob_risk = 0.65   time = 164678783   
1200/4783   risk = 0.65  oob_risk = 0.65   time = 183252162   
1320/4783   risk = 0.65  oob_risk = 0.65   time = 201675347   
1440/4783   risk = 0.65  oob_risk = 0.65   time = 220212503   
1560/4783   risk = 0.65  oob_risk = 0.65   time = 238849077   
1680/4783   risk = 0.65  oob_risk = 0.65   time = 257447340   
1800/4783   risk = 0.65  oob_risk = 0.65   time = 275616312   
1920/4783   risk = 0.65  oob_risk = 0.65   time = 293804684   
2040/4783   risk = 0.65  oob_risk = 0.65   time = 311724416   
2160/4783   risk = 0.65  oob_risk = 0.65   time = 329515439   
2280/4783   risk = 0.65  oob_risk = 0.65   time = 347343517   
2400/4783   risk = 0.65  oob_risk = 0.65   time = 365360651   
2520/4783   risk = 0.65  oob_risk = 0.65   time = 383475263   
2640/4783   risk = 0.65  oob_risk = 0.65   time = 401521642   
2760/4783   risk = 0.65  oob_risk = 0.65   time = 419203125   
2880/4783   risk = 0.65  oob_risk = 0.65   time = 437137501   
3000/4783   risk = 0.65  oob_risk = 0.65   time = 454962239   
3120/4783   risk = 0.65  oob_risk = 0.65   time = 473017481   
