### [bt]: This is batchtools v0.9.15
### [bt]: Starting calculation of 1 jobs
### [bt]: Setting working directory to '/home/user/repos/cacb-batchtools/eq1'
[2021-07-27 19:29:00] Loading new learner
[2021-07-27 19:29:00] Loading tasks
[2021-07-27 19:29:02] Loading resampling
### [bt]: Memory measurement disabled
### [bt]: Starting job [batchtools job.id=7]
### [bt]: Generating problem instance for problem 'spam-fold2' ...
### [bt]: Applying algorithm 'evaluate-learner' on problem 'spam-fold2' for job 7 (seed = 31422) ...
DEBUG [19:29:03.176] [mlr3]  Skip subsetting of task 'spam' 
DEBUG [19:29:03.180] [mlr3]  Calling train method of Learner 'acc_acwb' on task 'spam' with 3680 observations {learner: <LearnerClassifCompboost/LearnerClassif/Learner/R6>}
   1/5000   risk = 0.64  riskauc = 0.8   time = 2   
 125/5000   risk = 0.24  riskauc = 0.94   time = 1358348   
 250/5000   risk = 0.14  riskauc = 0.94   time = 2799679   
 375/5000   risk = 0.1  riskauc = 0.94   time = 4298358   
 500/5000   risk = 0.092  riskauc = 0.93   time = 5653888   
 625/5000   risk = 0.087  riskauc = 0.93   time = 6883315   
 750/5000   risk = 0.083  riskauc = 0.93   time = 8237651   
 875/5000   risk = 0.08  riskauc = 0.93   time = 9638950   
1000/5000   risk = 0.078  riskauc = 0.93   time = 11321322   
1125/5000   risk = 0.077  riskauc = 0.93   time = 12610573   
1250/5000   risk = 0.076  riskauc = 0.92   time = 13982396   
1375/5000   risk = 0.074  riskauc = 0.92   time = 15390088   
1500/5000   risk = 0.073  riskauc = 0.92   time = 16921067   
1625/5000   risk = 0.073  riskauc = 0.91   time = 18353955   
1750/5000   risk = 0.072  riskauc = 0.91   time = 19696905   
1875/5000   risk = 0.071  riskauc = 0.91   time = 21173133   
2000/5000   risk = 0.071  riskauc = 0.91   time = 22685417   
2125/5000   risk = 0.07  riskauc = 0.91   time = 24265207   
2250/5000   risk = 0.07  riskauc = 0.91   time = 25664087   
2375/5000   risk = 0.069  riskauc = 0.91   time = 27099808   
2500/5000   risk = 0.069  riskauc = 0.92   time = 28455251   
2625/5000   risk = 0.068  riskauc = 0.92   time = 29936872   
2750/5000   risk = 0.068  riskauc = 0.92   time = 31450290   
2875/5000   risk = 0.068  riskauc = 0.91   time = 33023605   
3000/5000   risk = 0.068  riskauc = 0.91   time = 34619280   
3125/5000   risk = 0.068  riskauc = 0.92   time = 36167205   
3250/5000   risk = 0.067  riskauc = 0.92   time = 37656419   
3375/5000   risk = 0.067  riskauc = 0.92   time = 39268432   
3500/5000   risk = 0.067  riskauc = 0.91   time = 40899547   
3625/5000   risk = 0.066  riskauc = 0.91   time = 42533091   
3750/5000   risk = 0.066  riskauc = 0.91   time = 44140579   
3875/5000   risk = 0.066  riskauc = 0.91   time = 45677143   
4000/5000   risk = 0.066  riskauc = 0.91   time = 47212469   
4125/5000   risk = 0.066  riskauc = 0.91   time = 48842285   
4250/5000   risk = 0.066  riskauc = 0.91   time = 50489323   
4375/5000   risk = 0.066  riskauc = 0.91   time = 52105208   
4500/5000   risk = 0.066  riskauc = 0.91   time = 53658747   
4625/5000   risk = 0.066  riskauc = 0.91   time = 55379011   
4750/5000   risk = 0.065  riskauc = 0.91   time = 57070462   
4875/5000   risk = 0.065  riskauc = 0.91   time = 58814029   
5000/5000   risk = 0.065  riskauc = 0.91   time = 60408126   


Train 5000 iterations in 60 Seconds.
Final risk based on the train set: 0.065

DEBUG [19:30:06.316] [mlr3]  Learner 'acc_acwb' on task 'spam' succeeded to fit a model {learner: <LearnerClassifCompboost/LearnerClassif/Learner/R6>, result: <list>, messages: }
DEBUG [19:30:06.331] [mlr3]  Skip subsetting of task 'spam' 
DEBUG [19:30:06.334] [mlr3]  Calling train method of Learner 'acc_acwb' on task 'spam' with 3680 observations {learner: <LearnerClassifCompboost/LearnerClassif/Learner/R6>}
   1/5000   risk = 0.64  time = 2   
 125/5000   risk = 0.24  time = 1309392   
 250/5000   risk = 0.14  time = 2565969   
 375/5000   risk = 0.1  time = 3835305   
 500/5000   risk = 0.092  time = 5039329   
 625/5000   risk = 0.087  time = 6322676   
 750/5000   risk = 0.083  time = 7533738   
 875/5000   risk = 0.08  time = 8713313   
1000/5000   risk = 0.078  time = 9988797   
1125/5000   risk = 0.077  time = 11251926   
1250/5000   risk = 0.076  time = 12449195   
1375/5000   risk = 0.074  time = 13700839   
1500/5000   risk = 0.073  time = 14978810   
1625/5000   risk = 0.073  time = 16302203   
1750/5000   risk = 0.072  time = 17704689   
1875/5000   risk = 0.071  time = 19012089   
2000/5000   risk = 0.071  time = 20365443   
2125/5000   risk = 0.07  time = 21716238   
2250/5000   risk = 0.07  time = 23163077   
2375/5000   risk = 0.069  time = 24580980   
2500/5000   risk = 0.069  time = 26023824   
2625/5000   risk = 0.068  time = 27456386   
2750/5000   risk = 0.068  time = 28843840   
2875/5000   risk = 0.068  time = 30320853   
3000/5000   risk = 0.068  time = 31704853   
3125/5000   risk = 0.068  time = 33125311   
3250/5000   risk = 0.067  time = 34589902   
3375/5000   risk = 0.067  time = 36055483   
3500/5000   risk = 0.067  time = 37460750   
3625/5000   risk = 0.066  time = 39000071   
3750/5000   risk = 0.066  time = 40410815   
3875/5000   risk = 0.066  time = 41810611   
4000/5000   risk = 0.066  time = 43230709   
4125/5000   risk = 0.066  time = 44885417   
4250/5000   risk = 0.066  time = 46287416   
4375/5000   risk = 0.066  time = 47751996   
4500/5000   risk = 0.066  time = 49201362   
4625/5000   risk = 0.066  time = 50737715   
4750/5000   risk = 0.065  time = 52210571   
4875/5000   risk = 0.065  time = 53785587   
5000/5000   risk = 0.065  time = 55245648   


Train 5000 iterations in 55 Seconds.
Final risk based on the train set: 0.065

DEBUG [19:31:04.097] [mlr3]  Learner 'acc_acwb' on task 'spam' succeeded to fit a model {learner: <LearnerClassifCompboost/LearnerClassif/Learner/R6>, result: <list>, messages: }

### [bt]: Job terminated successfully [batchtools job.id=7]
### [bt]: Calculation finished!
