### [bt]: This is batchtools v0.9.15
### [bt]: Starting calculation of 1 jobs
### [bt]: Setting working directory to '/home/user/repos/cacb-batchtools/eq1'
[2021-07-25 20:11:08] Loading new learner
[2021-07-25 20:11:08] Loading tasks
[2021-07-25 20:11:11] Loading resampling
### [bt]: Memory measurement disabled
### [bt]: Starting job [batchtools job.id=19]
### [bt]: Generating problem instance for problem 'spam-fold4' ...
### [bt]: Applying algorithm 'evaluate-learner' on problem 'spam-fold4' for job 19 (seed = 31434) ...
DEBUG [20:11:12.144] [mlr3]  Skip subsetting of task 'spam' 
DEBUG [20:11:12.146] [mlr3]  Calling train method of Learner 'acc_acwb' on task 'spam' with 3682 observations {learner: <LearnerClassifCompboost/LearnerClassif/Learner/R6>}
INFO  [20:11:12.155] [mlr3]  [LGCOMPBOOST] Running compboost with df 20.000000 and df_cat 1.000000 
   1/5000   risk = 0.67  riskauc = 0.84   time = 2   
 125/5000   risk = 0.53  riskauc = 0.93   time = 1372316   
 250/5000   risk = 0.4  riskauc = 0.95   time = 2728477   
 375/5000   risk = 0.29  riskauc = 0.95   time = 4081668   
 500/5000   risk = 0.21  riskauc = 0.96   time = 5417920   
 625/5000   risk = 0.17  riskauc = 0.95   time = 6735733   
 750/5000   risk = 0.14  riskauc = 0.95   time = 8244392   
 875/5000   risk = 0.12  riskauc = 0.95   time = 9783806   
1000/5000   risk = 0.11  riskauc = 0.95   time = 11369573   
1125/5000   risk = 0.11  riskauc = 0.95   time = 12767965   
1250/5000   risk = 0.1  riskauc = 0.95   time = 14287560   
1375/5000   risk = 0.1  riskauc = 0.95   time = 15724990   
1500/5000   risk = 0.098  riskauc = 0.94   time = 17104173   
1625/5000   risk = 0.097  riskauc = 0.94   time = 18460423   
1750/5000   risk = 0.095  riskauc = 0.94   time = 19885401   
1875/5000   risk = 0.094  riskauc = 0.94   time = 21279781   
2000/5000   risk = 0.093  riskauc = 0.94   time = 22664458   
2125/5000   risk = 0.092  riskauc = 0.94   time = 24066676   
2250/5000   risk = 0.091  riskauc = 0.94   time = 25712697   
2375/5000   risk = 0.09  riskauc = 0.94   time = 27184416   
2500/5000   risk = 0.089  riskauc = 0.93   time = 28741670   
2625/5000   risk = 0.088  riskauc = 0.93   time = 30298685   
2750/5000   risk = 0.088  riskauc = 0.93   time = 31826426   
2875/5000   risk = 0.087  riskauc = 0.93   time = 33215502   
3000/5000   risk = 0.086  riskauc = 0.93   time = 34713372   
3125/5000   risk = 0.086  riskauc = 0.93   time = 36210429   
3250/5000   risk = 0.085  riskauc = 0.94   time = 37701098   
3375/5000   risk = 0.084  riskauc = 0.93   time = 39290628   
3500/5000   risk = 0.084  riskauc = 0.93   time = 40844863   
3625/5000   risk = 0.083  riskauc = 0.93   time = 42255422   
3750/5000   risk = 0.083  riskauc = 0.93   time = 43789335   
3875/5000   risk = 0.082  riskauc = 0.93   time = 45543791   
4000/5000   risk = 0.082  riskauc = 0.93   time = 47107011   
4125/5000   risk = 0.081  riskauc = 0.93   time = 48656096   
4250/5000   risk = 0.081  riskauc = 0.93   time = 50271829   
4375/5000   risk = 0.081  riskauc = 0.93   time = 51923397   
4500/5000   risk = 0.08  riskauc = 0.93   time = 53469126   
4625/5000   risk = 0.08  riskauc = 0.93   time = 54971829   
4750/5000   risk = 0.079  riskauc = 0.92   time = 56550315   
4875/5000   risk = 0.079  riskauc = 0.92   time = 58128398   
5000/5000   risk = 0.079  riskauc = 0.92   time = 59736001   


Train 5000 iterations in 59 Seconds.
Final risk based on the train set: 0.079

INFO  [20:12:21.354] [mlr3]  [LGCOMPBOOST] iterations:'stop_cwb',NA,'stop_acwb',5000,'stop_hcwb',NA 
INFO  [20:12:21.357] [mlr3]  [LGCOMPBOOST] risk_inbag:'risk_intercept',0.670538,'risk_cwb',NA,'risk_acwb',0.078846,'risk_hcwb',NA 
INFO  [20:12:21.359] [mlr3]  [LGCOMPBOOST] risk_oob:'risk_intercept_oob',NA,'risk_cwb_oob',NA,'risk_acwb_oob',NA,'risk_hcwb_oob',NA 
DEBUG [20:12:21.364] [mlr3]  Learner 'acc_acwb' on task 'spam' succeeded to fit a model {learner: <LearnerClassifCompboost/LearnerClassif/Learner/R6>, result: <list>, messages: }
DEBUG [20:12:21.375] [mlr3]  Skip subsetting of task 'spam' 
DEBUG [20:12:21.379] [mlr3]  Calling train method of Learner 'acc_acwb' on task 'spam' with 3682 observations {learner: <LearnerClassifCompboost/LearnerClassif/Learner/R6>}
INFO  [20:12:21.390] [mlr3]  [LGCOMPBOOST] Running compboost with df 20.000000 and df_cat 1.000000 
   1/5000   risk = 0.67  time = 2   
 125/5000   risk = 0.53  time = 1209330   
 250/5000   risk = 0.4  time = 2370011   
 375/5000   risk = 0.29  time = 3721619   
 500/5000   risk = 0.21  time = 5065828   
 625/5000   risk = 0.17  time = 6405327   
 750/5000   risk = 0.14  time = 7703291   
 875/5000   risk = 0.12  time = 9063278   
1000/5000   risk = 0.11  time = 10384873   
1125/5000   risk = 0.11  time = 11798017   
1250/5000   risk = 0.1  time = 13082112   
1375/5000   risk = 0.1  time = 14356058   
1500/5000   risk = 0.098  time = 15629788   
1625/5000   risk = 0.097  time = 16912718   
1750/5000   risk = 0.095  time = 18178901   
1875/5000   risk = 0.094  time = 19435627   
2000/5000   risk = 0.093  time = 20775767   
2125/5000   risk = 0.092  time = 22015010   
2250/5000   risk = 0.091  time = 23263726   
2375/5000   risk = 0.09  time = 24644954   
2500/5000   risk = 0.089  time = 26036422   
2625/5000   risk = 0.088  time = 27349759   
2750/5000   risk = 0.088  time = 28691815   
2875/5000   risk = 0.087  time = 30011430   
3000/5000   risk = 0.086  time = 31322080   
3125/5000   risk = 0.086  time = 32689157   
3250/5000   risk = 0.085  time = 34070416   
3375/5000   risk = 0.084  time = 35596691   
3500/5000   risk = 0.084  time = 37070901   
3625/5000   risk = 0.083  time = 38517630   
3750/5000   risk = 0.083  time = 39889225   
3875/5000   risk = 0.082  time = 41253118   
4000/5000   risk = 0.082  time = 42598746   
4125/5000   risk = 0.081  time = 44096230   
4250/5000   risk = 0.081  time = 45570999   
4375/5000   risk = 0.081  time = 47069648   
4500/5000   risk = 0.08  time = 48602687   
4625/5000   risk = 0.08  time = 50006427   
4750/5000   risk = 0.079  time = 51549434   
4875/5000   risk = 0.079  time = 53047128   
5000/5000   risk = 0.079  time = 54495451   


Train 5000 iterations in 54 Seconds.
Final risk based on the train set: 0.079

INFO  [20:13:25.612] [mlr3]  [LGCOMPBOOST] iterations:'stop_cwb',NA,'stop_acwb',5000,'stop_hcwb',NA 
INFO  [20:13:25.615] [mlr3]  [LGCOMPBOOST] risk_inbag:'risk_intercept',0.670538,'risk_cwb',NA,'risk_acwb',0.078846,'risk_hcwb',NA 
INFO  [20:13:25.616] [mlr3]  [LGCOMPBOOST] risk_oob:'risk_intercept_oob',NA,'risk_cwb_oob',NA,'risk_acwb_oob',NA,'risk_hcwb_oob',NA 
DEBUG [20:13:25.621] [mlr3]  Learner 'acc_acwb' on task 'spam' succeeded to fit a model {learner: <LearnerClassifCompboost/LearnerClassif/Learner/R6>, result: <list>, messages: }

### [bt]: Job terminated successfully [batchtools job.id=19]
### [bt]: Calculation finished!
