### [bt]: This is batchtools v0.9.15
### [bt]: Starting calculation of 1 jobs
### [bt]: Setting working directory to '/home/user/repos/cacb-batchtools/eq1'
[2021-07-25 20:43:41] Loading new learner
[2021-07-25 20:43:41] Loading tasks
[2021-07-25 20:43:44] Loading resampling
### [bt]: Memory measurement disabled
### [bt]: Starting job [batchtools job.id=34]
### [bt]: Generating problem instance for problem '7592-fold2' ...
### [bt]: Applying algorithm 'evaluate-learner' on problem '7592-fold2' for job 34 (seed = 31449) ...
DEBUG [20:43:45.229] [mlr3]  Skip subsetting of task 'Task 7592: adult (Supervised Classification)' 
DEBUG [20:43:45.233] [mlr3]  Calling train method of Learner 'acc_acwb' on task 'Task 7592: adult (Supervised Classification)' with 39073 observations {learner: <LearnerClassifCompboost/LearnerClassif/Learner/R6>}
Warning in get_private(learner)$.train(task) :
  Number of cores 30 exceeds number of features 14. The number of cores are set to 14!
INFO  [20:43:45.307] [mlr3]  [LGCOMPBOOST] Running compboost with df 5.000000 and df_cat 2.000000 
   1/5000   risk = 0.55  riskauc = 0.77   time = 3   
 125/5000   risk = 0.49  riskauc = 0.88   time = 3005123   
 250/5000   risk = 0.43  riskauc = 0.89   time = 5753991   
 375/5000   risk = 0.38  riskauc = 0.9   time = 8437068   
 500/5000   risk = 0.35  riskauc = 0.9   time = 10672796   
 625/5000   risk = 0.33  riskauc = 0.9   time = 13103703   
 750/5000   risk = 0.32  riskauc = 0.91   time = 15418332   
 875/5000   risk = 0.32  riskauc = 0.91   time = 17874392   
1000/5000   risk = 0.32  riskauc = 0.91   time = 20520338   
1125/5000   risk = 0.32  riskauc = 0.91   time = 23510437   
1250/5000   risk = 0.32  riskauc = 0.91   time = 25892203   
1375/5000   risk = 0.33  riskauc = 0.91   time = 28297153   
1500/5000   risk = 0.33  riskauc = 0.91   time = 30657037   
1625/5000   risk = 0.34  riskauc = 0.91   time = 33546476   
1750/5000   risk = 0.34  riskauc = 0.91   time = 36491375   
1875/5000   risk = 0.34  riskauc = 0.91   time = 38745234   
2000/5000   risk = 0.35  riskauc = 0.91   time = 41033186   
2125/5000   risk = 0.35  riskauc = 0.91   time = 43546534   
2250/5000   risk = 0.35  riskauc = 0.91   time = 45873540   
2375/5000   risk = 0.35  riskauc = 0.91   time = 48417165   
2500/5000   risk = 0.35  riskauc = 0.91   time = 50713179   
2625/5000   risk = 0.35  riskauc = 0.91   time = 53223083   
2750/5000   risk = 0.35  riskauc = 0.91   time = 55582381   
2875/5000   risk = 0.35  riskauc = 0.91   time = 57883021   
3000/5000   risk = 0.35  riskauc = 0.91   time = 60185867   
3125/5000   risk = 0.35  riskauc = 0.91   time = 62630736   
3250/5000   risk = 0.36  riskauc = 0.91   time = 65033352   
3375/5000   risk = 0.36  riskauc = 0.91   time = 67365042   
3500/5000   risk = 0.36  riskauc = 0.91   time = 69715161   
3625/5000   risk = 0.36  riskauc = 0.91   time = 72123840   
3750/5000   risk = 0.36  riskauc = 0.91   time = 74574528   
3875/5000   risk = 0.36  riskauc = 0.91   time = 77031115   
4000/5000   risk = 0.36  riskauc = 0.91   time = 79503982   
4125/5000   risk = 0.36  riskauc = 0.91   time = 81967263   
4250/5000   risk = 0.36  riskauc = 0.91   time = 84584142   
4375/5000   risk = 0.36  riskauc = 0.91   time = 87113599   
4500/5000   risk = 0.36  riskauc = 0.91   time = 89627511   
4625/5000   risk = 0.36  riskauc = 0.91   time = 92151682   
4750/5000   risk = 0.35  riskauc = 0.91   time = 94677206   
4875/5000   risk = 0.35  riskauc = 0.91   time = 97133176   
5000/5000   risk = 0.35  riskauc = 0.91   time = 99621696   


Train 5000 iterations in 99 Seconds.
Final risk based on the train set: 0.35

INFO  [20:45:32.801] [mlr3]  [LGCOMPBOOST] iterations:'stop_cwb',NA,'stop_acwb',5000,'stop_hcwb',NA 
INFO  [20:45:32.804] [mlr3]  [LGCOMPBOOST] risk_inbag:'risk_intercept',0.550237,'risk_cwb',NA,'risk_acwb',0.353618,'risk_hcwb',NA 
INFO  [20:45:32.805] [mlr3]  [LGCOMPBOOST] risk_oob:'risk_intercept_oob',NA,'risk_cwb_oob',NA,'risk_acwb_oob',NA,'risk_hcwb_oob',NA 
DEBUG [20:45:32.811] [mlr3]  Learner 'acc_acwb' on task 'Task 7592: adult (Supervised Classification)' succeeded to fit a model {learner: <LearnerClassifCompboost/LearnerClassif/Learner/R6>, result: <list>, messages: }
DEBUG [20:45:32.822] [mlr3]  Skip subsetting of task 'Task 7592: adult (Supervised Classification)' 
DEBUG [20:45:32.826] [mlr3]  Calling train method of Learner 'acc_acwb' on task 'Task 7592: adult (Supervised Classification)' with 39073 observations {learner: <LearnerClassifCompboost/LearnerClassif/Learner/R6>}
Warning in get_private(learner)$.train(task) :
  Number of cores 30 exceeds number of features 14. The number of cores are set to 14!
INFO  [20:45:32.906] [mlr3]  [LGCOMPBOOST] Running compboost with df 5.000000 and df_cat 2.000000 
   1/5000   risk = 0.55  time = 2   
 125/5000   risk = 0.49  time = 2046590   
 250/5000   risk = 0.43  time = 4089229   
 375/5000   risk = 0.38  time = 6166757   
 500/5000   risk = 0.35  time = 8289361   
 625/5000   risk = 0.33  time = 10429279   
 750/5000   risk = 0.32  time = 12527845   
 875/5000   risk = 0.32  time = 14589618   
1000/5000   risk = 0.32  time = 16614808   
1125/5000   risk = 0.32  time = 18587914   
1250/5000   risk = 0.32  time = 20598990   
1375/5000   risk = 0.33  time = 22576306   
1500/5000   risk = 0.33  time = 24553786   
1625/5000   risk = 0.34  time = 26545259   
1750/5000   risk = 0.34  time = 28592145   
1875/5000   risk = 0.34  time = 30621259   
2000/5000   risk = 0.35  time = 32689387   
2125/5000   risk = 0.35  time = 34797340   
2250/5000   risk = 0.35  time = 36881987   
2375/5000   risk = 0.35  time = 38904281   
2500/5000   risk = 0.35  time = 40925826   
2625/5000   risk = 0.35  time = 42996755   
2750/5000   risk = 0.35  time = 45088909   
2875/5000   risk = 0.35  time = 47148150   
3000/5000   risk = 0.35  time = 49227138   
3125/5000   risk = 0.35  time = 51303444   
3250/5000   risk = 0.36  time = 53303439   
3375/5000   risk = 0.36  time = 55431508   
3500/5000   risk = 0.36  time = 57566897   
3625/5000   risk = 0.36  time = 59684284   
3750/5000   risk = 0.36  time = 61814698   
3875/5000   risk = 0.36  time = 63928063   
4000/5000   risk = 0.36  time = 65954856   
4125/5000   risk = 0.36  time = 67903837   
4250/5000   risk = 0.36  time = 70087994   
4375/5000   risk = 0.36  time = 72030391   
4500/5000   risk = 0.36  time = 73966400   
4625/5000   risk = 0.36  time = 75947991   
4750/5000   risk = 0.35  time = 78058920   
4875/5000   risk = 0.35  time = 80056938   
5000/5000   risk = 0.35  time = 82221243   


Train 5000 iterations in 82 Seconds.
Final risk based on the train set: 0.35

INFO  [20:47:02.480] [mlr3]  [LGCOMPBOOST] iterations:'stop_cwb',NA,'stop_acwb',5000,'stop_hcwb',NA 
INFO  [20:47:02.484] [mlr3]  [LGCOMPBOOST] risk_inbag:'risk_intercept',0.550237,'risk_cwb',NA,'risk_acwb',0.353618,'risk_hcwb',NA 
INFO  [20:47:02.486] [mlr3]  [LGCOMPBOOST] risk_oob:'risk_intercept_oob',NA,'risk_cwb_oob',NA,'risk_acwb_oob',NA,'risk_hcwb_oob',NA 
DEBUG [20:47:02.492] [mlr3]  Learner 'acc_acwb' on task 'Task 7592: adult (Supervised Classification)' succeeded to fit a model {learner: <LearnerClassifCompboost/LearnerClassif/Learner/R6>, result: <list>, messages: }

### [bt]: Job terminated successfully [batchtools job.id=34]
### [bt]: Calculation finished!
