### [bt]: This is batchtools v0.9.15
### [bt]: Starting calculation of 1 jobs
### [bt]: Setting working directory to '/home/user/repos/cacb-batchtools/eq1'
Loading required package: data.table
Loading required package: R6
Loading required package: mlr3
Loading required package: mlr3learners
Loading required package: mlr3extralearners

Attaching package: ‘mlr3extralearners’

The following objects are masked from ‘package:mlr3’:

    lrn, lrns

Loading required package: mlr3pipelines
Loading required package: mlr3tuning
Loading required package: paradox
Loading required package: compboost
[2021-08-02 17:09:17] Loading new learner LearnerClassifCWB
[2021-08-02 17:09:17] Loading new learner LearnerClassifHCWB
[2021-08-02 17:09:17] Loading new learner
[2021-08-02 17:09:17] Loading tasks
[2021-08-02 17:09:20] Loading resampling
### [bt]: Memory measurement disabled
### [bt]: Starting job [batchtools job.id=146]
### [bt]: Generating problem instance for problem '9977-fold5' ...
### [bt]: Applying algorithm 'evaluate-learner' on problem '9977-fold5' for job 146 (seed = 31561) ...
DEBUG [17:09:21.853] [mlr3]  Skip subsetting of task 'Task 9977: nomao (Supervised Classification)' 
DEBUG [17:09:21.948] [mlr3]  Calling train method of Learner 'bin_cwb_nb' on task 'Task 9977: nomao (Supervised Classification)' with 27573 observations {learner: <LearnerClassifCWB/LearnerClassif/Learner/R6>}
Error in new_CppObject_xp(fields$.module, fields$.pointer, ...) : 
  chol(): decomposition failed

### [bt]: Job terminated with an exception [batchtools job.id=146]
### [bt]: Calculation finished!
