### [bt]: This is batchtools v0.9.15
### [bt]: Starting calculation of 1 jobs
### [bt]: Setting working directory to '/home/user/repos/cacb-batchtools/eq1'
Loading required package: data.table
Loading required package: R6
Loading required package: mlr3
Loading required package: mlr3learners
Loading required package: mlr3extralearners

Attaching package: ‘mlr3extralearners’

The following objects are masked from ‘package:mlr3’:

    lrn, lrns

Loading required package: mlr3pipelines
Loading required package: mlr3tuning
Loading required package: paradox
Loading required package: compboost
[2021-08-02 08:58:22] Loading new learner LearnerClassifCWB
[2021-08-02 08:58:22] Loading new learner LearnerClassifHCWB
[2021-08-02 08:58:22] Loading new learner
[2021-08-02 08:58:22] Loading tasks
[2021-08-02 08:58:25] Loading resampling
### [bt]: Memory measurement disabled
### [bt]: Starting job [batchtools job.id=90]
### [bt]: Generating problem instance for problem '189866-fold3' ...
### [bt]: Applying algorithm 'evaluate-learner' on problem '189866-fold3' for job 90 (seed = 31505) ...
DEBUG [08:58:31.303] [mlr3]  Skip subsetting of task 'Task 189866: albert (Supervised Classification)' 
DEBUG [08:58:31.396] [mlr3]  Calling train method of Learner 'acc_hcwb' on task 'Task 189866: albert (Supervised Classification)' with 340192 observations {learner: <LearnerClassifHCWB/LearnerClassif/Learner/R6>}
   1/5000   risk = 0.69  oob_risk = 0.69   riskauc = 0.36   time = 3   val_auc = 0.36   
 125/5000   risk = 0.62  oob_risk = 0.62   riskauc = 0.28   time = 34744148   val_auc = 0.28   
 250/5000   risk = 0.62  oob_risk = 0.62   riskauc = 0.27   time = 72270141   val_auc = 0.27   


Train 328 iterations in 98 Seconds.
Final risk based on the train set: 0.64

   1/4683   risk = 0.64  oob_risk = 0.64   riskauc = 0.27   time = 3   val_auc = 0.27   
 117/4683   risk = 0.65  oob_risk = 0.65   riskauc = 0.27   time = 21930215   val_auc = 0.27   
 234/4683   risk = 0.65  oob_risk = 0.65   riskauc = 0.27   time = 43523551   val_auc = 0.27   
 351/4683   risk = 0.65  oob_risk = 0.65   riskauc = 0.27   time = 65142634   val_auc = 0.27   
 468/4683   risk = 0.65  oob_risk = 0.65   riskauc = 0.27   time = 86672132   val_auc = 0.27   
 585/4683   risk = 0.65  oob_risk = 0.65   riskauc = 0.27   time = 107841254   val_auc = 0.27   
 702/4683   risk = 0.65  oob_risk = 0.65   riskauc = 0.27   time = 128824694   val_auc = 0.27   
 819/4683   risk = 0.65  oob_risk = 0.65   riskauc = 0.27   time = 149699558   val_auc = 0.27   
 936/4683   risk = 0.65  oob_risk = 0.65   riskauc = 0.27   time = 170561623   val_auc = 0.27   
1053/4683   risk = 0.65  oob_risk = 0.65   riskauc = 0.27   time = 191271738   val_auc = 0.27   
1170/4683   risk = 0.65  oob_risk = 0.65   riskauc = 0.27   time = 212733771   val_auc = 0.27   
1287/4683   risk = 0.65  oob_risk = 0.65   riskauc = 0.27   time = 233499470   val_auc = 0.27   
1404/4683   risk = 0.65  oob_risk = 0.65   riskauc = 0.27   time = 254570347   val_auc = 0.27   
1521/4683   risk = 0.65  oob_risk = 0.66   riskauc = 0.27   time = 275818866   val_auc = 0.27   
1638/4683   risk = 0.65  oob_risk = 0.66   riskauc = 0.27   time = 297179748   val_auc = 0.27   
1755/4683   risk = 0.65  oob_risk = 0.66   riskauc = 0.27   time = 318981633   val_auc = 0.27   
1872/4683   risk = 0.65  oob_risk = 0.66   riskauc = 0.27   time = 340813807   val_auc = 0.27   
1989/4683   risk = 0.65  oob_risk = 0.66   riskauc = 0.27   time = 361721499   val_auc = 0.27   
2106/4683   risk = 0.65  oob_risk = 0.66   riskauc = 0.27   time = 383352087   val_auc = 0.27   
2223/4683   risk = 0.65  oob_risk = 0.66   riskauc = 0.27   time = 406115349   val_auc = 0.27   
2340/4683   risk = 0.65  oob_risk = 0.66   riskauc = 0.27   time = 427905789   val_auc = 0.27   
2457/4683   risk = 0.65  oob_risk = 0.66   riskauc = 0.27   time = 449150152   val_auc = 0.27   
2574/4683   risk = 0.65  oob_risk = 0.66   riskauc = 0.27   time = 470146273   val_auc = 0.27   
2691/4683   risk = 0.65  oob_risk = 0.66   riskauc = 0.27   time = 491038398   val_auc = 0.27   
2808/4683   risk = 0.65  oob_risk = 0.66   riskauc = 0.27   time = 512043059   val_auc = 0.27   
2925/4683   risk = 0.65  oob_risk = 0.66   riskauc = 0.27   time = 533048580   val_auc = 0.27   
3042/4683   risk = 0.65  oob_risk = 0.66   riskauc = 0.27   time = 554164041   val_auc = 0.27   
3159/4683   risk = 0.65  oob_risk = 0.66   riskauc = 0.27   time = 575470151   val_auc = 0.27   
3276/4683   risk = 0.65  oob_risk = 0.66   riskauc = 0.27   time = 596391859   val_auc = 0.27   
3393/4683   risk = 0.65  oob_risk = 0.66   riskauc = 0.27   time = 617452249   val_auc = 0.27   
3510/4683   risk = 0.65  oob_risk = 0.66   riskauc = 0.27   time = 638547685   val_auc = 0.27   
3627/4683   risk = 0.65  oob_risk = 0.66   riskauc = 0.27   time = 659801936   val_auc = 0.27   
3744/4683   risk = 0.65  oob_risk = 0.66   riskauc = 0.27   time = 680679003   val_auc = 0.27   
3861/4683   risk = 0.65  oob_risk = 0.66   riskauc = 0.27   time = 702044512   val_auc = 0.27   
3978/4683   risk = 0.65  oob_risk = 0.66   riskauc = 0.27   time = 722732204   val_auc = 0.27   
4095/4683   risk = 0.65  oob_risk = 0.66   riskauc = 0.27   time = 743793381   val_auc = 0.27   
4212/4683   risk = 0.65  oob_risk = 0.66   riskauc = 0.27   time = 765408887   val_auc = 0.27   
4329/4683   risk = 0.65  oob_risk = 0.66   riskauc = 0.27   time = 786300607   val_auc = 0.27   
4446/4683   risk = 0.65  oob_risk = 0.66   riskauc = 0.27   time = 807292889   val_auc = 0.27   
4563/4683   risk = 0.65  oob_risk = 0.66   riskauc = 0.27   time = 828366831   val_auc = 0.27   
4680/4683   risk = 0.65  oob_risk = 0.66   riskauc = 0.27   time = 849309003   val_auc = 0.27   


Train 4683 iterations in 851 Seconds.
Final risk based on the train set: 0.65

DEBUG [09:15:29.479] [mlr3]  Learner 'acc_hcwb' on task 'Task 189866: albert (Supervised Classification)' succeeded to fit a model {learner: <LearnerClassifHCWB/LearnerClassif/Learner/R6>, result: <list>, messages: }

### [bt]: Job terminated successfully [batchtools job.id=90]
### [bt]: Calculation finished!
