### [bt]: This is batchtools v0.9.15
### [bt]: Starting calculation of 1 jobs
### [bt]: Setting working directory to '/home/user/repos/cacb-batchtools/eq1'
Loading required package: data.table
Loading required package: R6
Loading required package: mlr3
Loading required package: mlr3learners
Loading required package: mlr3extralearners

Attaching package: ‘mlr3extralearners’

The following objects are masked from ‘package:mlr3’:

    lrn, lrns

Loading required package: mlr3pipelines
Loading required package: mlr3tuning
Loading required package: paradox
Loading required package: compboost
[2021-08-02 01:02:40] Loading new learner LearnerClassifCWB
[2021-08-02 01:02:40] Loading new learner LearnerClassifHCWB
[2021-08-02 01:02:40] Loading new learner
[2021-08-02 01:02:40] Loading tasks
[2021-08-02 01:02:44] Loading resampling
### [bt]: Memory measurement disabled
### [bt]: Starting job [batchtools job.id=41]
### [bt]: Generating problem instance for problem '7592-fold4' ...
### [bt]: Applying algorithm 'evaluate-learner' on problem '7592-fold4' for job 41 (seed = 31456) ...
DEBUG [01:02:45.045] [mlr3]  Skip subsetting of task 'Task 7592: adult (Supervised Classification)' 
DEBUG [01:02:45.128] [mlr3]  Calling train method of Learner 'bin_cwb_nb' on task 'Task 7592: adult (Supervised Classification)' with 39074 observations {learner: <LearnerClassifCWB/LearnerClassif/Learner/R6>}
Warning in checkCores(task, self$param_set$values$ncores) :
  Number of cores 30 exceeds number of features 14. The number of cores are set to 14!
   1/5000   risk = 0.53  oob_risk = 0.54   test_auc = 0.21   time = 3   val_auc = 0.22   
 125/5000   risk = 0.34  oob_risk = 0.36   test_auc = 0.09   time = 2206041   val_auc = 0.094   
 250/5000   risk = 0.36  oob_risk = 0.39   test_auc = 0.088   time = 4531674   val_auc = 0.092   
 375/5000   risk = 0.37  oob_risk = 0.4   test_auc = 0.086   time = 7127371   val_auc = 0.092   
 500/5000   risk = 0.37  oob_risk = 0.4   test_auc = 0.088   time = 9624488   val_auc = 0.093   
 625/5000   risk = 0.41  oob_risk = 0.44   test_auc = 0.097   time = 12232866   val_auc = 0.1   
 750/5000   risk = 0.48  oob_risk = 0.5   test_auc = 0.11   time = 15032337   val_auc = 0.11   
 875/5000   risk = 0.58  oob_risk = 0.64   test_auc = 0.12   time = 18114684   val_auc = 0.13   
1000/5000   risk = 0.91  oob_risk = 1   test_auc = 0.14   time = 21136034   val_auc = 0.14   
1125/5000   risk = 1.5  oob_risk = 1.6   test_auc = 0.17   time = 24209496   val_auc = 0.18   
1250/5000   risk = 2  oob_risk = 2.1   test_auc = 0.18   time = 27251889   val_auc = 0.18   
1375/5000   risk = 2.5  oob_risk = 2.6   test_auc = 0.16   time = 30486556   val_auc = 0.16   
1500/5000   risk = 3.7  oob_risk = 3.7   test_auc = 0.17   time = 33512223   val_auc = 0.17   
1625/5000   risk = 3.8  oob_risk = 4.1   test_auc = 0.16   time = 36422978   val_auc = 0.17   
1750/5000   risk = 4.4  oob_risk = 4.8   test_auc = 0.17   time = 39318358   val_auc = 0.17   
1875/5000   risk = 6.1  oob_risk = 6.5   test_auc = 0.18   time = 42275566   val_auc = 0.19   
2000/5000   risk = 6.3  oob_risk = 6.6   test_auc = 0.16   time = 45188974   val_auc = 0.16   
2125/5000   risk = 7.3  oob_risk = 7   test_auc = 0.16   time = 48353955   val_auc = 0.15   
2250/5000   risk = 9.3  oob_risk = 9.2   test_auc = 0.18   time = 51542519   val_auc = 0.18   
2375/5000   risk = 10  oob_risk = 11   test_auc = 0.2   time = 54879649   val_auc = 0.19   
2500/5000   risk = 9.6  oob_risk = 10   test_auc = 0.18   time = 58003689   val_auc = 0.19   
2625/5000   risk = 10  oob_risk = 11   test_auc = 0.18   time = 61098472   val_auc = 0.18   
2750/5000   risk = 13  oob_risk = inf   test_auc = 0.18   time = 64142704   val_auc = 0.18   
2875/5000   risk = inf  oob_risk = inf   test_auc = 0.17   time = 67470492   val_auc = 0.18   
3000/5000   risk = inf  oob_risk = inf   test_auc = 0.16   time = 70465024   val_auc = 0.17   
3125/5000   risk = inf  oob_risk = inf   test_auc = 0.16   time = 73466674   val_auc = 0.17   
3250/5000   risk = inf  oob_risk = inf   test_auc = 0.17   time = 76670503   val_auc = 0.17   
3375/5000   risk = inf  oob_risk = inf   test_auc = 0.17   time = 79889639   val_auc = 0.17   
3500/5000   risk = inf  oob_risk = inf   test_auc = 0.18   time = 83107894   val_auc = 0.17   
3625/5000   risk = inf  oob_risk = inf   test_auc = 0.2   time = 86192554   val_auc = 0.19   
3750/5000   risk = inf  oob_risk = inf   test_auc = 0.21   time = 89091977   val_auc = 0.21   
3875/5000   risk = inf  oob_risk = inf   test_auc = 0.21   time = 92106960   val_auc = 0.2   
4000/5000   risk = inf  oob_risk = inf   test_auc = 0.19   time = 95551448   val_auc = 0.18   
4125/5000   risk = inf  oob_risk = inf   test_auc = 0.16   time = 98820519   val_auc = 0.16   
4250/5000   risk = inf  oob_risk = inf   test_auc = 0.15   time = 102300306   val_auc = 0.15   
4375/5000   risk = inf  oob_risk = inf   test_auc = 0.16   time = 105868145   val_auc = 0.17   
4500/5000   risk = inf  oob_risk = inf   test_auc = 0.18   time = 109346568   val_auc = 0.19   
4625/5000   risk = inf  oob_risk = inf   test_auc = 0.2   time = 113068912   val_auc = 0.21   
4750/5000   risk = inf  oob_risk = inf   test_auc = 0.2   time = 116465089   val_auc = 0.21   
4875/5000   risk = inf  oob_risk = inf   test_auc = 0.2   time = 119806022   val_auc = 0.22   
5000/5000   risk = inf  oob_risk = inf   test_auc = 0.2   time = 123293708   val_auc = 0.21   


Train 5000 iterations in 125 Seconds.
Final risk based on the train set: inf

DEBUG [01:04:53.832] [mlr3]  Learner 'bin_cwb_nb' on task 'Task 7592: adult (Supervised Classification)' succeeded to fit a model {learner: <LearnerClassifCWB/LearnerClassif/Learner/R6>, result: <list>, messages: }

### [bt]: Job terminated successfully [batchtools job.id=41]
### [bt]: Calculation finished!
