### [bt]: This is batchtools v0.9.15
### [bt]: Starting calculation of 1 jobs
### [bt]: Setting working directory to '/home/user/repos/cacb-batchtools/eq1'
[2021-07-20] Loading new learner
[2021-07-20 13:41:10] Loading tasks
[2021-07-20 13:41:13] Loading resampling
### [bt]: Memory measurement disabled
### [bt]: Starting job [batchtools job.id=97]
### [bt]: Generating problem instance for problem '189866-fold5' ...
### [bt]: Applying algorithm 'evaluate-learner' on problem '189866-fold5' for job 97 (seed = 31512) ...
DEBUG [13:41:18.478] [mlr3]  Skip subsetting of task 'Task 189866: albert (Supervised Classification)' 
DEBUG [13:41:18.482] [mlr3]  Calling train method of Learner 'removeconstants_before.imputemedian_num.imputemode_fct.collapsefactors.removeconstants_after.bin_cwb_b' on task 'Task 189866: albert (Supervised Classification)' with 340192 observations {learner: <GraphLearner/Learner/R6>}
DEBUG [13:41:18.505] Running PipeOp 'removeconstants_before$train()' {pipeop: <PipeOpRemoveConstants/PipeOpTaskPreprocSimple/PipeOpTaskPreproc/PipeOp/R6>, input: <list>}
DEBUG [13:41:19.951] Running PipeOp 'imputemedian_num$train()' {pipeop: <PipeOpImputeMedian/PipeOpImpute/PipeOp/R6>, input: <list>}
DEBUG [13:41:20.598] Running PipeOp 'imputemode_fct$train()' {pipeop: <PipeOpImputeMode/PipeOpImpute/PipeOp/R6>, input: <list>}
DEBUG [13:41:22.062] Running PipeOp 'collapsefactors$train()' {pipeop: <PipeOpCollapseFactors/PipeOpTaskPreprocSimple/PipeOpTaskPreproc/PipeOp/R6>, input: <list>}
DEBUG [13:41:25.411] Running PipeOp 'removeconstants_after$train()' {pipeop: <PipeOpRemoveConstants/PipeOpTaskPreprocSimple/PipeOpTaskPreproc/PipeOp/R6>, input: <list>}
DEBUG [13:41:27.191] Running PipeOp 'bin_cwb_b$train()' {pipeop: <PipeOpLearner/PipeOp/R6>, input: <list>}
DEBUG [13:41:27.202] [mlr3]  Skip subsetting of task 'Task 189866: albert (Supervised Classification)' 
DEBUG [13:41:27.206] [mlr3]  Calling train method of Learner 'bin_cwb_b' on task 'Task 189866: albert (Supervised Classification)' with 340192 observations {learner: <LearnerClassifCompboost/LearnerClassif/Learner/R6>}
INFO  [13:41:27.821] [mlr3]  [LGCOMPBOOST] Running compboost with df 5.000000 and df_cat 3.000000 
   1/5000   risk = 0.69  time = 3   
 125/5000   risk = 0.63  time = 14472695   
 250/5000   risk = 0.63  time = 28955890   
 375/5000   risk = 0.63  time = 43679143   
 500/5000   risk = 0.64  time = 58535202   
 625/5000   risk = 0.64  time = 73041007   
 750/5000   risk = 0.64  time = 87754272   
 875/5000   risk = 0.64  time = 102713913   
1000/5000   risk = 0.64  time = 117736178   
1125/5000   risk = 0.64  time = 132674019   
1250/5000   risk = 0.65  time = 147890964   
1375/5000   risk = 0.65  time = 163509500   
1500/5000   risk = 0.65  time = 179096979   
1625/5000   risk = 0.65  time = 194741095   
1750/5000   risk = 0.65  time = 210278401   
1875/5000   risk = 0.65  time = 225915900   
2000/5000   risk = 0.65  time = 241306841   
2125/5000   risk = 0.65  time = 255665723   
2250/5000   risk = 0.65  time = 269905470   
2375/5000   risk = 0.65  time = 284586806   
2500/5000   risk = 0.65  time = 300301149   
2625/5000   risk = 0.65  time = 316852473   
2750/5000   risk = 0.65  time = 333392803   
2875/5000   risk = 0.65  time = 349173341   
3000/5000   risk = 0.65  time = 364371319   
3125/5000   risk = 0.65  time = 379526176   
3250/5000   risk = 0.65  time = 395607460   
3375/5000   risk = 0.65  time = 412415651   
3500/5000   risk = 0.65  time = 429298496   
3625/5000   risk = 0.65  time = 444958718   
3750/5000   risk = 0.65  time = 460193190   
3875/5000   risk = 0.65  time = 475513565   
4000/5000   risk = 0.65  time = 491390767   
4125/5000   risk = 0.65  time = 506546242   
4250/5000   risk = 0.65  time = 521756394   
4375/5000   risk = 0.65  time = 536881437   
4500/5000   risk = 0.65  time = 551959152   
4625/5000   risk = 0.65  time = 567626321   
4750/5000   risk = 0.65  time = 583268325   
4875/5000   risk = 0.65  time = 599360208   
5000/5000   risk = 0.65  time = 615737914   


Train 5000 iterations in 615 Seconds.
Final risk based on the train set: 0.65

INFO  [13:51:54.210] [mlr3]  [LGCOMPBOOST] iterations:'stop_cwb',5000,'stop_acwb',NA,'stop_hcwb',NA 
INFO  [13:51:54.214] [mlr3]  [LGCOMPBOOST] risk_inbag:'risk_intercept',0.693147,'risk_cwb',0.651859,'risk_acwb',NA,'risk_hcwb',NA 
INFO  [13:51:54.216] [mlr3]  [LGCOMPBOOST] risk_oob:'risk_intercept_oob',NA,'risk_cwb_oob',NA,'risk_acwb_oob',NA,'risk_hcwb_oob',NA 
DEBUG [13:51:54.222] [mlr3]  Learner 'bin_cwb_b' on task 'Task 189866: albert (Supervised Classification)' succeeded to fit a model {learner: <LearnerClassifCompboost/LearnerClassif/Learner/R6>, result: <list>, messages: }
DEBUG [13:51:55.028] [mlr3]  Learner 'removeconstants_before.imputemedian_num.imputemode_fct.collapsefactors.removeconstants_after.bin_cwb_b' on task 'Task 189866: albert (Supervised Classification)' succeeded to fit a model {learner: <GraphLearner/Learner/R6>, result: <list>, messages: }
[2021-07-20 13:51:58] (1/1250) Processing iter 4
Error in self$model$setToIteration(iteration, trace) : 
  addition: incompatible matrix dimensions: 340192x1 and 583x1

### [bt]: Job terminated with an exception [batchtools job.id=97]
### [bt]: Calculation finished!
