### [bt]: This is batchtools v0.9.15
### [bt]: Starting calculation of 1 jobs
### [bt]: Setting working directory to '/home/user/repos/cacb-batchtools/eq1'
[2021-07-25 20:26:40] Loading new learner
[2021-07-25 20:26:40] Loading tasks
[2021-07-25 20:26:43] Loading resampling
### [bt]: Memory measurement disabled
### [bt]: Starting job [batchtools job.id=26]
### [bt]: Generating problem instance for problem '7592-fold1' ...
### [bt]: Applying algorithm 'evaluate-learner' on problem '7592-fold1' for job 26 (seed = 31441) ...
DEBUG [20:26:44.123] [mlr3]  Skip subsetting of task 'Task 7592: adult (Supervised Classification)' 
DEBUG [20:26:44.126] [mlr3]  Calling train method of Learner 'bin_cwb_nb' on task 'Task 7592: adult (Supervised Classification)' with 39073 observations {learner: <LearnerClassifCompboost/LearnerClassif/Learner/R6>}
Warning in get_private(learner)$.train(task) :
  Number of cores 30 exceeds number of features 14. The number of cores are set to 14!
INFO  [20:26:44.197] [mlr3]  [LGCOMPBOOST] Running compboost with df 5.000000 and df_cat 2.000000 
   1/5000   risk = 0.54  riskauc = 0.79   time = 2   
 125/5000   risk = 0.35  riskauc = 0.9   time = 1635050   
 250/5000   risk = 0.34  riskauc = 0.91   time = 3793236   
 375/5000   risk = 0.34  riskauc = 0.91   time = 5397911   
 500/5000   risk = 0.35  riskauc = 0.91   time = 7035374   
 625/5000   risk = 0.35  riskauc = 0.91   time = 8690051   
 750/5000   risk = 0.35  riskauc = 0.91   time = 10367479   
 875/5000   risk = 0.35  riskauc = 0.91   time = 11980959   
1000/5000   risk = 0.35  riskauc = 0.91   time = 13646209   
1125/5000   risk = 0.35  riskauc = 0.91   time = 15206333   
1250/5000   risk = 0.35  riskauc = 0.91   time = 16776043   
1375/5000   risk = 0.35  riskauc = 0.91   time = 18360991   
1500/5000   risk = 0.35  riskauc = 0.91   time = 19987200   
1625/5000   risk = 0.35  riskauc = 0.91   time = 21438348   
1750/5000   risk = 0.36  riskauc = 0.91   time = 22899732   
1875/5000   risk = 0.36  riskauc = 0.91   time = 24310644   
2000/5000   risk = 0.36  riskauc = 0.91   time = 25733287   
2125/5000   risk = 0.36  riskauc = 0.91   time = 27153657   
2250/5000   risk = 0.36  riskauc = 0.91   time = 28779200   
2375/5000   risk = 0.36  riskauc = 0.91   time = 30462103   
2500/5000   risk = 0.36  riskauc = 0.91   time = 31965707   
2625/5000   risk = 0.36  riskauc = 0.91   time = 33504596   
2750/5000   risk = 0.36  riskauc = 0.91   time = 35105847   
2875/5000   risk = 0.36  riskauc = 0.91   time = 36879893   
3000/5000   risk = 0.36  riskauc = 0.91   time = 38548179   
3125/5000   risk = 0.36  riskauc = 0.91   time = 40227276   
3250/5000   risk = 0.36  riskauc = 0.91   time = 41898584   
3375/5000   risk = 0.36  riskauc = 0.91   time = 43611247   
3500/5000   risk = 0.36  riskauc = 0.91   time = 45371453   
3625/5000   risk = 0.36  riskauc = 0.91   time = 47046059   
3750/5000   risk = 0.36  riskauc = 0.91   time = 48722786   
3875/5000   risk = 0.36  riskauc = 0.91   time = 50184920   
4000/5000   risk = 0.36  riskauc = 0.91   time = 51620791   
4125/5000   risk = 0.36  riskauc = 0.91   time = 53171563   
4250/5000   risk = 0.36  riskauc = 0.91   time = 54706866   
4375/5000   risk = 0.36  riskauc = 0.91   time = 56264849   
4500/5000   risk = 0.36  riskauc = 0.91   time = 57827783   
4625/5000   risk = 0.36  riskauc = 0.91   time = 59419736   
4750/5000   risk = 0.36  riskauc = 0.91   time = 60910252   
4875/5000   risk = 0.36  riskauc = 0.91   time = 62484080   
5000/5000   risk = 0.36  riskauc = 0.91   time = 64021195   


Train 5000 iterations in 64 Seconds.
Final risk based on the train set: 0.36

INFO  [20:27:55.617] [mlr3]  [LGCOMPBOOST] iterations:'stop_cwb',5000,'stop_acwb',NA,'stop_hcwb',NA 
INFO  [20:27:55.620] [mlr3]  [LGCOMPBOOST] risk_inbag:'risk_intercept',0.550237,'risk_cwb',0.357680,'risk_acwb',NA,'risk_hcwb',NA 
INFO  [20:27:55.622] [mlr3]  [LGCOMPBOOST] risk_oob:'risk_intercept_oob',NA,'risk_cwb_oob',NA,'risk_acwb_oob',NA,'risk_hcwb_oob',NA 
DEBUG [20:27:55.627] [mlr3]  Learner 'bin_cwb_nb' on task 'Task 7592: adult (Supervised Classification)' succeeded to fit a model {learner: <LearnerClassifCompboost/LearnerClassif/Learner/R6>, result: <list>, messages: }
DEBUG [20:27:55.642] [mlr3]  Skip subsetting of task 'Task 7592: adult (Supervised Classification)' 
DEBUG [20:27:55.646] [mlr3]  Calling train method of Learner 'bin_cwb_nb' on task 'Task 7592: adult (Supervised Classification)' with 39073 observations {learner: <LearnerClassifCompboost/LearnerClassif/Learner/R6>}
Warning in get_private(learner)$.train(task) :
  Number of cores 30 exceeds number of features 14. The number of cores are set to 14!
INFO  [20:27:55.728] [mlr3]  [LGCOMPBOOST] Running compboost with df 5.000000 and df_cat 2.000000 
   1/5000   risk = 0.54  time = 2   
 125/5000   risk = 0.35  time = 1076025   
 250/5000   risk = 0.34  time = 2161466   
 375/5000   risk = 0.34  time = 3075527   
 500/5000   risk = 0.35  time = 3925999   
 625/5000   risk = 0.35  time = 4754129   
 750/5000   risk = 0.35  time = 5544288   
 875/5000   risk = 0.35  time = 6327838   
1000/5000   risk = 0.35  time = 7107569   
1125/5000   risk = 0.35  time = 7883223   
1250/5000   risk = 0.35  time = 8669096   
1375/5000   risk = 0.35  time = 9503264   
1500/5000   risk = 0.35  time = 10287015   
1625/5000   risk = 0.35  time = 11088073   
1750/5000   risk = 0.36  time = 11880915   
1875/5000   risk = 0.36  time = 12671841   
2000/5000   risk = 0.36  time = 13582296   
2125/5000   risk = 0.36  time = 14579284   
2250/5000   risk = 0.36  time = 15573226   
2375/5000   risk = 0.36  time = 16560264   
2500/5000   risk = 0.36  time = 17574196   
2625/5000   risk = 0.36  time = 18576839   
2750/5000   risk = 0.36  time = 19601229   
2875/5000   risk = 0.36  time = 20645511   
3000/5000   risk = 0.36  time = 21685170   
3125/5000   risk = 0.36  time = 22574145   
3250/5000   risk = 0.36  time = 23407151   
3375/5000   risk = 0.36  time = 24245937   
3500/5000   risk = 0.36  time = 25111965   
3625/5000   risk = 0.36  time = 25980223   
3750/5000   risk = 0.36  time = 26861580   
3875/5000   risk = 0.36  time = 27714597   
4000/5000   risk = 0.36  time = 28572065   
4125/5000   risk = 0.36  time = 29423683   
4250/5000   risk = 0.36  time = 30259965   
4375/5000   risk = 0.36  time = 31098213   
4500/5000   risk = 0.36  time = 31952808   
4625/5000   risk = 0.36  time = 32823706   
4750/5000   risk = 0.36  time = 33696926   
4875/5000   risk = 0.36  time = 34577084   
5000/5000   risk = 0.36  time = 35422361   


Train 5000 iterations in 35 Seconds.
Final risk based on the train set: 0.36

INFO  [20:28:38.211] [mlr3]  [LGCOMPBOOST] iterations:'stop_cwb',5000,'stop_acwb',NA,'stop_hcwb',NA 
INFO  [20:28:38.214] [mlr3]  [LGCOMPBOOST] risk_inbag:'risk_intercept',0.550237,'risk_cwb',0.357680,'risk_acwb',NA,'risk_hcwb',NA 
INFO  [20:28:38.216] [mlr3]  [LGCOMPBOOST] risk_oob:'risk_intercept_oob',NA,'risk_cwb_oob',NA,'risk_acwb_oob',NA,'risk_hcwb_oob',NA 
DEBUG [20:28:38.222] [mlr3]  Learner 'bin_cwb_nb' on task 'Task 7592: adult (Supervised Classification)' succeeded to fit a model {learner: <LearnerClassifCompboost/LearnerClassif/Learner/R6>, result: <list>, messages: }

### [bt]: Job terminated successfully [batchtools job.id=26]
### [bt]: Calculation finished!
