### [bt]: This is batchtools v0.9.15
### [bt]: Starting calculation of 1 jobs
### [bt]: Setting working directory to '/home/user/repos/cacb-batchtools/eq1'
[2021-07-29 21:27:13] Loading new learner
[2021-07-29 21:27:13] Loading tasks
[2021-07-29 21:27:16] Loading resampling
### [bt]: Memory measurement disabled
### [bt]: Starting job [batchtools job.id=137]
### [bt]: Generating problem instance for problem '189866-fold2' ...
### [bt]: Applying algorithm 'evaluate-learner' on problem '189866-fold2' for job 137 (seed = 31552) ...
DEBUG [21:27:22.091] [mlr3]  Skip subsetting of task 'Task 189866: albert (Supervised Classification)' 
DEBUG [21:27:22.172] [mlr3]  Calling train method of Learner 'acc_hcwb' on task 'Task 189866: albert (Supervised Classification)' with 340192 observations {learner: <LearnerClassifCompboost/LearnerClassif/Learner/R6>}
   1/5000   risk = 0.69  oob_risk = 0.69   riskauc = 0.64   time = 4   
 125/5000   risk = 0.62  oob_risk = 0.62   riskauc = 0.71   time = 41548897   


Train 228 iterations in 76 Seconds.
Final risk based on the train set: 0.61

   1/4783   risk = 0.61  oob_risk = 0.61   riskauc = 0.73   time = 3   
 120/4783   risk = 0.63  oob_risk = 0.63   riskauc = 0.73   time = 22524302   
 240/4783   risk = 0.63  oob_risk = 0.63   riskauc = 0.73   time = 44468994   
 360/4783   risk = 0.64  oob_risk = 0.64   riskauc = 0.73   time = 66366656   
 480/4783   risk = 0.64  oob_risk = 0.64   riskauc = 0.73   time = 88152654   
 600/4783   risk = 0.64  oob_risk = 0.64   riskauc = 0.73   time = 109415051   
 720/4783   risk = 0.64  oob_risk = 0.64   riskauc = 0.73   time = 131425518   
 840/4783   risk = 0.64  oob_risk = 0.65   riskauc = 0.73   time = 154367969   
 960/4783   risk = 0.65  oob_risk = 0.65   riskauc = 0.73   time = 176529673   
1080/4783   risk = 0.65  oob_risk = 0.65   riskauc = 0.73   time = 199457987   
1200/4783   risk = 0.65  oob_risk = 0.65   riskauc = 0.73   time = 222078198   
1320/4783   risk = 0.65  oob_risk = 0.65   riskauc = 0.73   time = 243161636   
1440/4783   risk = 0.65  oob_risk = 0.65   riskauc = 0.73   time = 264841038   
1560/4783   risk = 0.65  oob_risk = 0.65   riskauc = 0.73   time = 286290569   
1680/4783   risk = 0.65  oob_risk = 0.65   riskauc = 0.73   time = 307692659   
1800/4783   risk = 0.65  oob_risk = 0.65   riskauc = 0.73   time = 328411124   
1920/4783   risk = 0.65  oob_risk = 0.65   riskauc = 0.73   time = 348997022   
2040/4783   risk = 0.65  oob_risk = 0.65   riskauc = 0.73   time = 369347972   
2160/4783   risk = 0.65  oob_risk = 0.65   riskauc = 0.73   time = 390028580   
2280/4783   risk = 0.65  oob_risk = 0.65   riskauc = 0.73   time = 410812261   
2400/4783   risk = 0.65  oob_risk = 0.65   riskauc = 0.73   time = 431017527   
2520/4783   risk = 0.65  oob_risk = 0.65   riskauc = 0.73   time = 451056197   
2640/4783   risk = 0.65  oob_risk = 0.65   riskauc = 0.73   time = 471424099   
2760/4783   risk = 0.65  oob_risk = 0.65   riskauc = 0.73   time = 492298764   
2880/4783   risk = 0.65  oob_risk = 0.65   riskauc = 0.73   time = 513380623   
3000/4783   risk = 0.65  oob_risk = 0.65   riskauc = 0.73   time = 534230719   
3120/4783   risk = 0.65  oob_risk = 0.65   riskauc = 0.73   time = 555168662   
3240/4783   risk = 0.65  oob_risk = 0.65   riskauc = 0.73   time = 576094194   
3360/4783   risk = 0.65  oob_risk = 0.65   riskauc = 0.73   time = 596379434   
3480/4783   risk = 0.65  oob_risk = 0.65   riskauc = 0.73   time = 616618134   
3600/4783   risk = 0.65  oob_risk = 0.65   riskauc = 0.73   time = 636675503   
3720/4783   risk = 0.65  oob_risk = 0.65   riskauc = 0.73   time = 656688139   
3840/4783   risk = 0.65  oob_risk = 0.65   riskauc = 0.73   time = 676829541   
3960/4783   risk = 0.65  oob_risk = 0.65   riskauc = 0.73   time = 696522765   
4080/4783   risk = 0.65  oob_risk = 0.65   riskauc = 0.73   time = 716782714   
4200/4783   risk = 0.65  oob_risk = 0.65   riskauc = 0.73   time = 737118509   
4320/4783   risk = 0.65  oob_risk = 0.65   riskauc = 0.73   time = 757184073   
4440/4783   risk = 0.65  oob_risk = 0.65   riskauc = 0.73   time = 777414256   
4560/4783   risk = 0.65  oob_risk = 0.65   riskauc = 0.73   time = 797509770   
4680/4783   risk = 0.65  oob_risk = 0.65   riskauc = 0.73   time = 817605736   


Train 4783 iterations in 835 Seconds.
Final risk based on the train set: 0.65

DEBUG [21:42:56.658] [mlr3]  Learner 'acc_hcwb' on task 'Task 189866: albert (Supervised Classification)' succeeded to fit a model {learner: <LearnerClassifCompboost/LearnerClassif/Learner/R6>, result: <list>, messages: }
DEBUG [21:42:56.674] [mlr3]  Skip subsetting of task 'Task 189866: albert (Supervised Classification)' 
DEBUG [21:42:56.678] [mlr3]  Calling train method of Learner 'acc_hcwb' on task 'Task 189866: albert (Supervised Classification)' with 340192 observations {learner: <LearnerClassifCompboost/LearnerClassif/Learner/R6>}
   1/5000   risk = 0.69  oob_risk = 0.69   time = 3   
 125/5000   risk = 0.62  oob_risk = 0.62   time = 35088148   


Train 228 iterations in 65 Seconds.
Final risk based on the train set: 0.61

   1/4783   risk = 0.61  oob_risk = 0.61   time = 3   
 120/4783   risk = 0.63  oob_risk = 0.63   time = 20235649   
 240/4783   risk = 0.63  oob_risk = 0.63   time = 39798875   
 360/4783   risk = 0.64  oob_risk = 0.64   time = 58504419   
 480/4783   risk = 0.64  oob_risk = 0.64   time = 76619893   
 600/4783   risk = 0.64  oob_risk = 0.64   time = 95641365   
 720/4783   risk = 0.64  oob_risk = 0.64   time = 114073643   
 840/4783   risk = 0.64  oob_risk = 0.65   time = 133058469   
 960/4783   risk = 0.65  oob_risk = 0.65   time = 152982412   
1080/4783   risk = 0.65  oob_risk = 0.65   time = 172555172   
1200/4783   risk = 0.65  oob_risk = 0.65   time = 191398757   
1320/4783   risk = 0.65  oob_risk = 0.65   time = 209462129   
1440/4783   risk = 0.65  oob_risk = 0.65   time = 227150821   
1560/4783   risk = 0.65  oob_risk = 0.65   time = 244513213   
1680/4783   risk = 0.65  oob_risk = 0.65   time = 262428498   
1800/4783   risk = 0.65  oob_risk = 0.65   time = 280823793   
1920/4783   risk = 0.65  oob_risk = 0.65   time = 299697752   
2040/4783   risk = 0.65  oob_risk = 0.65   time = 319242095   
2160/4783   risk = 0.65  oob_risk = 0.65   time = 337175143   
2280/4783   risk = 0.65  oob_risk = 0.65   time = 354650222   
2400/4783   risk = 0.65  oob_risk = 0.65   time = 372919270   
2520/4783   risk = 0.65  oob_risk = 0.65   time = 391713430   
2640/4783   risk = 0.65  oob_risk = 0.65   time = 410349622   
2760/4783   risk = 0.65  oob_risk = 0.65   time = 429050157   
2880/4783   risk = 0.65  oob_risk = 0.65   time = 447266549   
3000/4783   risk = 0.65  oob_risk = 0.65   time = 464816392   
3120/4783   risk = 0.65  oob_risk = 0.65   time = 482938442   
3240/4783   risk = 0.65  oob_risk = 0.65   time = 501546946   
3360/4783   risk = 0.65  oob_risk = 0.65   time = 520350822   
3480/4783   risk = 0.65  oob_risk = 0.65   time = 539786864   
3600/4783   risk = 0.65  oob_risk = 0.65   time = 558540715   
3720/4783   risk = 0.65  oob_risk = 0.65   time = 577360400   
3840/4783   risk = 0.65  oob_risk = 0.65   time = 596588157   
3960/4783   risk = 0.65  oob_risk = 0.65   time = 615208940   
4080/4783   risk = 0.65  oob_risk = 0.65   time = 634048368   
4200/4783   risk = 0.65  oob_risk = 0.65   time = 651822046   
4320/4783   risk = 0.65  oob_risk = 0.65   time = 668700391   
4440/4783   risk = 0.65  oob_risk = 0.65   time = 685459304   
4560/4783   risk = 0.65  oob_risk = 0.65   time = 702513616   
4680/4783   risk = 0.65  oob_risk = 0.65   time = 720568361   


Train 4783 iterations in 735 Seconds.
Final risk based on the train set: 0.65

DEBUG [21:56:36.798] [mlr3]  Learner 'acc_hcwb' on task 'Task 189866: albert (Supervised Classification)' succeeded to fit a model {learner: <LearnerClassifCompboost/LearnerClassif/Learner/R6>, result: <list>, messages: }

### [bt]: Job terminated successfully [batchtools job.id=137]
### [bt]: Calculation finished!
