### [bt]: This is batchtools v0.9.15
### [bt]: Starting calculation of 1 jobs
### [bt]: Setting working directory to '/home/user/repos/cacb-batchtools/eq1'
Loading required package: data.table
Loading required package: R6
Loading required package: mlr3
Loading required package: mlr3learners
Loading required package: mlr3extralearners

Attaching package: ‘mlr3extralearners’

The following objects are masked from ‘package:mlr3’:

    lrn, lrns

Loading required package: mlr3pipelines
Loading required package: mlr3tuning
Loading required package: paradox
Loading required package: compboost
[2021-08-02 00:01:35] Loading new learner LearnerClassifCWB
[2021-08-02 00:01:35] Loading new learner LearnerClassifHCWB
[2021-08-02 00:01:35] Loading new learner
[2021-08-02 00:01:35] Loading tasks
[2021-08-02 00:01:38] Loading resampling
### [bt]: Memory measurement disabled
### [bt]: Starting job [batchtools job.id=2]
### [bt]: Generating problem instance for problem 'spam-fold1' ...
### [bt]: Applying algorithm 'evaluate-learner' on problem 'spam-fold1' for job 2 (seed = 31417) ...
DEBUG [00:01:39.948] [mlr3]  Skip subsetting of task 'spam' 
DEBUG [00:01:40.031] [mlr3]  Calling train method of Learner 'bin_cwb_b' on task 'spam' with 3680 observations {learner: <LearnerClassifCWB/LearnerClassif/Learner/R6>}
   1/5000   risk = 0.66  oob_risk = 0.65   test_auc = 0.15   time = 3   val_auc = 0.15   
 125/5000   risk = 0.081  oob_risk = inf   test_auc = 0.099   time = 1215247   val_auc = 0.066   
 250/5000   risk = 0.049  oob_risk = inf   test_auc = 0.11   time = 2508295   val_auc = 0.093   
 375/5000   risk = 0.034  oob_risk = inf   test_auc = 0.13   time = 3786605   val_auc = 0.12   
 500/5000   risk = 0.029  oob_risk = inf   test_auc = 0.15   time = 5148496   val_auc = 0.13   
 625/5000   risk = 0.025  oob_risk = inf   test_auc = 0.16   time = 6539514   val_auc = 0.14   
 750/5000   risk = 0.025  oob_risk = inf   test_auc = 0.18   time = 7827089   val_auc = 0.16   
 875/5000   risk = 0.027  oob_risk = inf   test_auc = 0.18   time = 9151706   val_auc = 0.16   
1000/5000   risk = 0.034  oob_risk = inf   test_auc = 0.18   time = 10358942   val_auc = 0.17   
1125/5000   risk = 0.027  oob_risk = inf   test_auc = 0.19   time = 11655229   val_auc = 0.18   
1250/5000   risk = 0.049  oob_risk = inf   test_auc = 0.2   time = 13123225   val_auc = 0.18   
1375/5000   risk = 0.071  oob_risk = inf   test_auc = 0.2   time = 14370875   val_auc = 0.17   
1500/5000   risk = 0.082  oob_risk = inf   test_auc = 0.19   time = 15758467   val_auc = 0.17   
1625/5000   risk = 0.12  oob_risk = inf   test_auc = 0.2   time = 17087343   val_auc = 0.18   
1750/5000   risk = 0.2  oob_risk = inf   test_auc = 0.21   time = 18473729   val_auc = 0.18   
1875/5000   risk = 0.24  oob_risk = inf   test_auc = 0.21   time = 19912627   val_auc = 0.18   
2000/5000   risk = 0.35  oob_risk = inf   test_auc = 0.21   time = 21284360   val_auc = 0.18   
2125/5000   risk = 0.45  oob_risk = inf   test_auc = 0.21   time = 22660061   val_auc = 0.18   
2250/5000   risk = 0.54  oob_risk = inf   test_auc = 0.2   time = 23891957   val_auc = 0.18   
2375/5000   risk = 0.75  oob_risk = inf   test_auc = 0.19   time = 25238039   val_auc = 0.19   
2500/5000   risk = 0.9  oob_risk = inf   test_auc = 0.18   time = 26584256   val_auc = 0.19   
2625/5000   risk = 1.2  oob_risk = inf   test_auc = 0.18   time = 27995678   val_auc = 0.2   
2750/5000   risk = 1.1  oob_risk = inf   test_auc = 0.18   time = 29545116   val_auc = 0.19   
2875/5000   risk = 1.2  oob_risk = inf   test_auc = 0.19   time = 31022475   val_auc = 0.18   
3000/5000   risk = 1.5  oob_risk = inf   test_auc = 0.19   time = 32363954   val_auc = 0.19   
3125/5000   risk = 1.6  oob_risk = inf   test_auc = 0.2   time = 33868636   val_auc = 0.19   
3250/5000   risk = 1.7  oob_risk = inf   test_auc = 0.21   time = 35318344   val_auc = 0.19   
3375/5000   risk = 1.9  oob_risk = inf   test_auc = 0.22   time = 36733038   val_auc = 0.19   
3500/5000   risk = 2.3  oob_risk = inf   test_auc = 0.21   time = 38204100   val_auc = 0.19   
3625/5000   risk = 2.3  oob_risk = inf   test_auc = 0.21   time = 39852753   val_auc = 0.18   
3750/5000   risk = 2.3  oob_risk = inf   test_auc = 0.21   time = 41416671   val_auc = 0.18   
3875/5000   risk = 1.9  oob_risk = inf   test_auc = 0.2   time = 43049821   val_auc = 0.19   
4000/5000   risk = 2  oob_risk = inf   test_auc = 0.2   time = 44457091   val_auc = 0.19   
4125/5000   risk = 2.4  oob_risk = inf   test_auc = 0.2   time = 46077245   val_auc = 0.19   
4250/5000   risk = 2.8  oob_risk = inf   test_auc = 0.2   time = 47576569   val_auc = 0.19   
4375/5000   risk = 2.7  oob_risk = inf   test_auc = 0.19   time = 49113876   val_auc = 0.19   
4500/5000   risk = 2.5  oob_risk = inf   test_auc = 0.19   time = 50750081   val_auc = 0.2   
4625/5000   risk = 2.3  oob_risk = inf   test_auc = 0.19   time = 52415982   val_auc = 0.21   
4750/5000   risk = 2.2  oob_risk = inf   test_auc = 0.19   time = 53991447   val_auc = 0.21   
4875/5000   risk = 2.3  oob_risk = inf   test_auc = 0.19   time = 55660877   val_auc = 0.21   

29: (function (e) 
    traceback(2L))()
28: .External(list(name = "CppMethod__invoke_void", address = <pointer: 0x55db24dc3250>, 
        dll = list(name = "Rcpp", path = "/home/user/R/x86_64-pc-linux-gnu-library/3.6/Rcpp/libs/Rcpp.so", 
            dynamicLookup = TRUE, handle = <pointer: 0x55db243ff5a0>, 
            info = <pointer: 0x55db23efc8c0>), numParameters = -1L), 
        <pointer: 0x55db27705150>, <pointer: 0x55db2623b9e0>, .pointer, 
        ...)
27: self$model$train(trace)
26: model$train(self$param_set$values$mstop)
25: get_private(learner)$.train(task)
24: .f(learner = <environment>, task = <environment>)
23: eval(expr, p)
22: eval(expr, p)
21: eval.parent(expr, n = 1L)
20: invoke(.f, .args = .args, .opts = .opts, .seed = .seed, .timeout = .timeout)
19: encapsulate(learner$encapsulate["train"], .f = train_wrapper, 
        .args = list(learner = learner, task = task), .pkgs = learner$packages, 
        .seed = NA_integer_, .timeout = learner$timeout["train"])
18: learner_train(self, task, row_ids)
17: .__Learner__train(self = self, private = private, super = super, 
        task = task, row_ids = row_ids)
16: learner$train(task_train) at add-experiments.R#48
15: job$algorithm$fun(job = job, data = job$problem$data, instance = instance, 
        ...)
14: (function (...) 
    job$algorithm$fun(job = job, data = job$problem$data, instance = instance, 
        ...))(lid = "bin_cwb_b")
13: do.call(wrapper, job$algo.pars, envir = .GlobalEnv)
12: with_preserve_seed({
        set.seed(seed)
        code
    })
11: with_seed(job$seed, do.call(wrapper, job$algo.pars, envir = .GlobalEnv))
10: execJob.Experiment(job)
9: execJob(job)
8: doTryCatch(return(expr), name, parentenv, handler)
7: tryCatchOne(expr, names, parentenv, handlers[[1L]])
6: tryCatchList(expr, classes, parentenv, handlers)
5: tryCatch(expr, error = function(e) {
       call <- conditionCall(e)
       if (!is.null(call)) {
           if (identical(call[[1L]], quote(doTryCatch))) 
               call <- sys.call(-4L)
           dcall <- deparse(call)[1L]
           prefix <- paste("Error in", dcall, ": ")
           LONG <- 75L
           sm <- strsplit(conditionMessage(e), "\n")[[1L]]
           w <- 14L + nchar(dcall, type = "w") + nchar(sm[1L], type = "w")
           if (is.na(w)) 
               w <- 14L + nchar(dcall, type = "b") + nchar(sm[1L], 
                   type = "b")
           if (w > LONG) 
               prefix <- paste0(prefix, "\n  ")
       }
       else prefix <- "Error : "
       msg <- paste0(prefix, conditionMessage(e), "\n")
       .Internal(seterrmessage(msg[1L]))
       if (!silent && isTRUE(getOption("show.error.messages"))) {
           cat(msg, file = outFile)
           .Internal(printDeferredWarnings())
       }
       invisible(structure(msg, class = "try-error", condition = e))
   })
4: try(execJob(job))
3: doJobCollection.JobCollection(obj, output = output)
2: doJobCollection.character("/home/user/repos/cacb-batchtools/eq1/batchtools/jobs/jobd1e878802f1aae3b331d19644651faa9.rds", 
       output = "/home/user/repos/cacb-batchtools/eq1/batchtools/logs/jobd1e878802f1aae3b331d19644651faa9.log")
1: batchtools::doJobCollection("/home/user/repos/cacb-batchtools/eq1/batchtools/jobs/jobd1e878802f1aae3b331d19644651faa9.rds", 
       output = "/home/user/repos/cacb-batchtools/eq1/batchtools/logs/jobd1e878802f1aae3b331d19644651faa9.log")
