### [bt]: This is batchtools v0.9.15
### [bt]: Starting calculation of 1 jobs
### [bt]: Setting working directory to '/home/user/repos/cacb-batchtools/eq1'
[2021-07-26 00:53:41] Loading new learner
[2021-07-26 00:53:41] Loading tasks
[2021-07-26 00:53:45] Loading resampling
### [bt]: Memory measurement disabled
### [bt]: Starting job [batchtools job.id=31]
### [bt]: Generating problem instance for problem '7592-fold2' ...
### [bt]: Applying algorithm 'evaluate-learner' on problem '7592-fold2' for job 31 (seed = 31446) ...
DEBUG [00:53:46.289] [mlr3]  Skip subsetting of task 'Task 7592: adult (Supervised Classification)' 
DEBUG [00:53:46.291] [mlr3]  Calling train method of Learner 'bin_cwb_nb' on task 'Task 7592: adult (Supervised Classification)' with 39073 observations {learner: <LearnerClassifCompboost/LearnerClassif/Learner/R6>}
Warning in get_private(learner)$.train(task) :
  Number of cores 30 exceeds number of features 14. The number of cores are set to 14!
INFO  [00:53:46.407] [mlr3]  [LGCOMPBOOST] Running compboost with df 5.000000 and df_cat 2.000000 
   1/5000   risk = 0.54  riskauc = 0.77   time = 3   
 125/5000   risk = 0.35  riskauc = 0.9   time = 1442882   
 250/5000   risk = 0.34  riskauc = 0.9   time = 2920198   
 375/5000   risk = 0.34  riskauc = 0.91   time = 4344876   
 500/5000   risk = 0.34  riskauc = 0.91   time = 6447436   
 625/5000   risk = 0.35  riskauc = 0.91   time = 7832796   
 750/5000   risk = 0.35  riskauc = 0.91   time = 9181687   
 875/5000   risk = 0.35  riskauc = 0.91   time = 10528274   
1000/5000   risk = 0.35  riskauc = 0.91   time = 11841613   
1125/5000   risk = 0.35  riskauc = 0.91   time = 13174361   
1250/5000   risk = 0.35  riskauc = 0.91   time = 14563979   
1375/5000   risk = 0.35  riskauc = 0.91   time = 15975930   
1500/5000   risk = 0.35  riskauc = 0.91   time = 17338337   
1625/5000   risk = 0.35  riskauc = 0.91   time = 18749221   
1750/5000   risk = 0.35  riskauc = 0.91   time = 20222661   
1875/5000   risk = 0.35  riskauc = 0.91   time = 21704891   
2000/5000   risk = 0.35  riskauc = 0.91   time = 23212400   
2125/5000   risk = 0.35  riskauc = 0.91   time = 24891845   
2250/5000   risk = 0.35  riskauc = 0.91   time = 26466253   
2375/5000   risk = 0.35  riskauc = 0.91   time = 28041089   
2500/5000   risk = 0.36  riskauc = 0.91   time = 29603266   
2625/5000   risk = 0.36  riskauc = 0.91   time = 31127914   
2750/5000   risk = 0.36  riskauc = 0.91   time = 32492314   
2875/5000   risk = 0.36  riskauc = 0.91   time = 34100183   
3000/5000   risk = 0.36  riskauc = 0.91   time = 35548423   
3125/5000   risk = 0.36  riskauc = 0.91   time = 37050156   
3250/5000   risk = 0.36  riskauc = 0.91   time = 38533369   
3375/5000   risk = 0.36  riskauc = 0.91   time = 40078354   
3500/5000   risk = 0.36  riskauc = 0.91   time = 41587788   
3625/5000   risk = 0.36  riskauc = 0.91   time = 43104478   
3750/5000   risk = 0.36  riskauc = 0.91   time = 44821805   
3875/5000   risk = 0.36  riskauc = 0.91   time = 46360810   
4000/5000   risk = 0.36  riskauc = 0.91   time = 47865835   
4125/5000   risk = 0.36  riskauc = 0.91   time = 49328677   
4250/5000   risk = 0.36  riskauc = 0.91   time = 50753546   
4375/5000   risk = 0.36  riskauc = 0.91   time = 52198865   
4500/5000   risk = 0.36  riskauc = 0.91   time = 53913588   
4625/5000   risk = 0.36  riskauc = 0.91   time = 55529803   
4750/5000   risk = 0.36  riskauc = 0.91   time = 57068732   
4875/5000   risk = 0.36  riskauc = 0.91   time = 58620809   
5000/5000   risk = 0.36  riskauc = 0.91   time = 60213722   


Train 5000 iterations in 60 Seconds.
Final risk based on the train set: 0.36

INFO  [00:54:54.189] [mlr3]  [LGCOMPBOOST] iterations:'stop_cwb',5000,'stop_acwb',NA,'stop_hcwb',NA 
INFO  [00:54:54.192] [mlr3]  [LGCOMPBOOST] risk_inbag:'risk_intercept',0.550237,'risk_cwb',0.356140,'risk_acwb',NA,'risk_hcwb',NA 
INFO  [00:54:54.194] [mlr3]  [LGCOMPBOOST] risk_oob:'risk_intercept_oob',NA,'risk_cwb_oob',NA,'risk_acwb_oob',NA,'risk_hcwb_oob',NA 
DEBUG [00:54:54.199] [mlr3]  Learner 'bin_cwb_nb' on task 'Task 7592: adult (Supervised Classification)' succeeded to fit a model {learner: <LearnerClassifCompboost/LearnerClassif/Learner/R6>, result: <list>, messages: }
DEBUG [00:54:54.213] [mlr3]  Skip subsetting of task 'Task 7592: adult (Supervised Classification)' 
DEBUG [00:54:54.217] [mlr3]  Calling train method of Learner 'bin_cwb_nb' on task 'Task 7592: adult (Supervised Classification)' with 39073 observations {learner: <LearnerClassifCompboost/LearnerClassif/Learner/R6>}
Warning in get_private(learner)$.train(task) :
  Number of cores 30 exceeds number of features 14. The number of cores are set to 14!
INFO  [00:54:54.295] [mlr3]  [LGCOMPBOOST] Running compboost with df 5.000000 and df_cat 2.000000 
   1/5000   risk = 0.54  time = 2   
 125/5000   risk = 0.35  time = 1129511   
 250/5000   risk = 0.34  time = 2247331   
 375/5000   risk = 0.34  time = 3317536   
 500/5000   risk = 0.34  time = 4396271   
 625/5000   risk = 0.35  time = 5459668   
 750/5000   risk = 0.35  time = 6542289   
 875/5000   risk = 0.35  time = 7578619   
1000/5000   risk = 0.35  time = 8618071   
1125/5000   risk = 0.35  time = 9665324   
1250/5000   risk = 0.35  time = 10747565   
1375/5000   risk = 0.35  time = 11837361   
1500/5000   risk = 0.35  time = 12947818   
1625/5000   risk = 0.35  time = 14054770   
1750/5000   risk = 0.35  time = 15152372   
1875/5000   risk = 0.35  time = 16275480   
2000/5000   risk = 0.35  time = 17385386   
2125/5000   risk = 0.35  time = 18504376   
2250/5000   risk = 0.35  time = 19643438   
2375/5000   risk = 0.35  time = 20794234   
2500/5000   risk = 0.36  time = 21918897   
2625/5000   risk = 0.36  time = 23027707   
2750/5000   risk = 0.36  time = 24083624   
2875/5000   risk = 0.36  time = 25121011   
3000/5000   risk = 0.36  time = 26193409   
3125/5000   risk = 0.36  time = 27277088   
3250/5000   risk = 0.36  time = 28350575   
3375/5000   risk = 0.36  time = 29415585   
3500/5000   risk = 0.36  time = 30397996   
3625/5000   risk = 0.36  time = 31402572   
3750/5000   risk = 0.36  time = 32406558   
3875/5000   risk = 0.36  time = 33373478   
4000/5000   risk = 0.36  time = 34341370   
4125/5000   risk = 0.36  time = 35301565   
4250/5000   risk = 0.36  time = 36286196   
4375/5000   risk = 0.36  time = 37259606   
4500/5000   risk = 0.36  time = 38245450   
4625/5000   risk = 0.36  time = 39261126   
4750/5000   risk = 0.36  time = 40300551   
4875/5000   risk = 0.36  time = 41314339   
5000/5000   risk = 0.36  time = 42239684   


Train 5000 iterations in 42 Seconds.
Final risk based on the train set: 0.36

INFO  [00:55:43.949] [mlr3]  [LGCOMPBOOST] iterations:'stop_cwb',5000,'stop_acwb',NA,'stop_hcwb',NA 
INFO  [00:55:43.953] [mlr3]  [LGCOMPBOOST] risk_inbag:'risk_intercept',0.550237,'risk_cwb',0.356140,'risk_acwb',NA,'risk_hcwb',NA 
INFO  [00:55:43.955] [mlr3]  [LGCOMPBOOST] risk_oob:'risk_intercept_oob',NA,'risk_cwb_oob',NA,'risk_acwb_oob',NA,'risk_hcwb_oob',NA 
DEBUG [00:55:43.961] [mlr3]  Learner 'bin_cwb_nb' on task 'Task 7592: adult (Supervised Classification)' succeeded to fit a model {learner: <LearnerClassifCompboost/LearnerClassif/Learner/R6>, result: <list>, messages: }

### [bt]: Job terminated successfully [batchtools job.id=31]
### [bt]: Calculation finished!
