### [bt]: This is batchtools v0.9.15
### [bt]: Starting calculation of 1 jobs
### [bt]: Setting working directory to '/home/user/repos/cacb-batchtools/eq1'
[2021-07-26 04:37:10] Loading new learner
[2021-07-26 04:37:10] Loading tasks
[2021-07-26 04:37:13] Loading resampling
### [bt]: Memory measurement disabled
### [bt]: Starting job [batchtools job.id=66]
### [bt]: Generating problem instance for problem '168335-fold4' ...
### [bt]: Applying algorithm 'evaluate-learner' on problem '168335-fold4' for job 66 (seed = 31481) ...
DEBUG [04:37:15.997] [mlr3]  Skip subsetting of task 'Task 168335: MiniBooNE (Supervised Classification)' 
DEBUG [04:37:16.001] [mlr3]  Calling train method of Learner 'bin_cwb_nb' on task 'Task 168335: MiniBooNE (Supervised Classification)' with 104051 observations {learner: <LearnerClassifCompboost/LearnerClassif/Learner/R6>}
INFO  [04:37:16.067] [mlr3]  [LGCOMPBOOST] Running compboost with df 20.000000 and df_cat 1.000000 
   1/5000   risk = 0.56  riskauc = 0.84   time = 3   
 125/5000   risk = 0.26  riskauc = 0.95   time = 9508084   
 250/5000   risk = 0.24  riskauc = 0.96   time = 19106909   
 375/5000   risk = 0.23  riskauc = 0.97   time = 28768665   
 500/5000   risk = 0.23  riskauc = 0.97   time = 38273491   
 625/5000   risk = 0.22  riskauc = 0.97   time = 47348513   
 750/5000   risk = 0.22  riskauc = 0.97   time = 55801707   
 875/5000   risk = 0.22  riskauc = 0.97   time = 64097671   
1000/5000   risk = 0.22  riskauc = 0.97   time = 72398574   
1125/5000   risk = 0.22  riskauc = 0.97   time = 80777144   
1250/5000   risk = 0.22  riskauc = 0.97   time = 88996818   
1375/5000   risk = 0.22  riskauc = 0.97   time = 97246268   
1500/5000   risk = 0.22  riskauc = 0.97   time = 105901440   
1625/5000   risk = 0.22  riskauc = 0.97   time = 114410532   
1750/5000   risk = 0.22  riskauc = 0.97   time = 122739181   
1875/5000   risk = 0.22  riskauc = 0.97   time = 130965743   
2000/5000   risk = 0.22  riskauc = 0.97   time = 139281945   
2125/5000   risk = 0.22  riskauc = 0.97   time = 147853065   
2250/5000   risk = 0.22  riskauc = 0.97   time = 156238189   
2375/5000   risk = 0.22  riskauc = 0.97   time = 164541449   
2500/5000   risk = 0.22  riskauc = 0.97   time = 172756874   
2625/5000   risk = 0.22  riskauc = 0.97   time = 181113194   
2750/5000   risk = 0.22  riskauc = 0.97   time = 189387422   
2875/5000   risk = 0.22  riskauc = 0.97   time = 197808057   
3000/5000   risk = 0.22  riskauc = 0.97   time = 206153984   
3125/5000   risk = 0.22  riskauc = 0.97   time = 214546101   
3250/5000   risk = 0.22  riskauc = 0.97   time = 223112178   
3375/5000   risk = 0.22  riskauc = 0.97   time = 231502432   
3500/5000   risk = 0.22  riskauc = 0.97   time = 239765643   
3625/5000   risk = 0.22  riskauc = 0.97   time = 247961318   
3750/5000   risk = 0.22  riskauc = 0.97   time = 256384089   
3875/5000   risk = 0.22  riskauc = 0.97   time = 264615733   
4000/5000   risk = 0.22  riskauc = 0.97   time = 272976603   
4125/5000   risk = 0.22  riskauc = 0.97   time = 281297937   
4250/5000   risk = 0.22  riskauc = 0.97   time = 289629474   
4375/5000   risk = 0.22  riskauc = 0.97   time = 297931398   
4500/5000   risk = 0.22  riskauc = 0.97   time = 306314976   
4625/5000   risk = 0.22  riskauc = 0.97   time = 314542536   
4750/5000   risk = 0.22  riskauc = 0.97   time = 322880689   
4875/5000   risk = 0.22  riskauc = 0.97   time = 331358783   
5000/5000   risk = 0.22  riskauc = 0.97   time = 339622020   


Train 5000 iterations in 339 Seconds.
Final risk based on the train set: 0.22

INFO  [04:43:10.194] [mlr3]  [LGCOMPBOOST] iterations:'stop_cwb',5000,'stop_acwb',NA,'stop_hcwb',NA 
INFO  [04:43:10.197] [mlr3]  [LGCOMPBOOST] risk_inbag:'risk_intercept',0.593540,'risk_cwb',0.217207,'risk_acwb',NA,'risk_hcwb',NA 
INFO  [04:43:10.198] [mlr3]  [LGCOMPBOOST] risk_oob:'risk_intercept_oob',NA,'risk_cwb_oob',NA,'risk_acwb_oob',NA,'risk_hcwb_oob',NA 
DEBUG [04:43:10.203] [mlr3]  Learner 'bin_cwb_nb' on task 'Task 168335: MiniBooNE (Supervised Classification)' succeeded to fit a model {learner: <LearnerClassifCompboost/LearnerClassif/Learner/R6>, result: <list>, messages: }
DEBUG [04:43:10.216] [mlr3]  Skip subsetting of task 'Task 168335: MiniBooNE (Supervised Classification)' 
DEBUG [04:43:10.219] [mlr3]  Calling train method of Learner 'bin_cwb_nb' on task 'Task 168335: MiniBooNE (Supervised Classification)' with 104051 observations {learner: <LearnerClassifCompboost/LearnerClassif/Learner/R6>}
INFO  [04:43:10.230] [mlr3]  [LGCOMPBOOST] Running compboost with df 20.000000 and df_cat 1.000000 
   1/5000   risk = 0.56  time = 3   
 125/5000   risk = 0.26  time = 7029611   
 250/5000   risk = 0.24  time = 14273968   
 375/5000   risk = 0.23  time = 21389927   
 500/5000   risk = 0.23  time = 28404012   
 625/5000   risk = 0.22  time = 35510969   
 750/5000   risk = 0.22  time = 42842253   
 875/5000   risk = 0.22  time = 50134863   
1000/5000   risk = 0.22  time = 57329610   
1125/5000   risk = 0.22  time = 64637141   
1250/5000   risk = 0.22  time = 71890043   
1375/5000   risk = 0.22  time = 78848563   
1500/5000   risk = 0.22  time = 86006763   
1625/5000   risk = 0.22  time = 93089512   
1750/5000   risk = 0.22  time = 100241214   
1875/5000   risk = 0.22  time = 107343948   
2000/5000   risk = 0.22  time = 114305098   
2125/5000   risk = 0.22  time = 121452759   
2250/5000   risk = 0.22  time = 128806761   
2375/5000   risk = 0.22  time = 136032417   
2500/5000   risk = 0.22  time = 143106428   
2625/5000   risk = 0.22  time = 150227141   
2750/5000   risk = 0.22  time = 157452312   
2875/5000   risk = 0.22  time = 164725097   
3000/5000   risk = 0.22  time = 172114972   
3125/5000   risk = 0.22  time = 179351526   
3250/5000   risk = 0.22  time = 186591312   
3375/5000   risk = 0.22  time = 193943943   
3500/5000   risk = 0.22  time = 201187895   
3625/5000   risk = 0.22  time = 208409351   
3750/5000   risk = 0.22  time = 215712682   
3875/5000   risk = 0.22  time = 222960571   
4000/5000   risk = 0.22  time = 230032673   
4125/5000   risk = 0.22  time = 237336274   
4250/5000   risk = 0.22  time = 244544401   
4375/5000   risk = 0.22  time = 251834268   
4500/5000   risk = 0.22  time = 259114242   
4625/5000   risk = 0.22  time = 266439345   
4750/5000   risk = 0.22  time = 273764891   
4875/5000   risk = 0.22  time = 281815243   
5000/5000   risk = 0.22  time = 290014684   


Train 5000 iterations in 290 Seconds.
Final risk based on the train set: 0.22

INFO  [04:48:13.875] [mlr3]  [LGCOMPBOOST] iterations:'stop_cwb',5000,'stop_acwb',NA,'stop_hcwb',NA 
INFO  [04:48:13.879] [mlr3]  [LGCOMPBOOST] risk_inbag:'risk_intercept',0.593540,'risk_cwb',0.217207,'risk_acwb',NA,'risk_hcwb',NA 
INFO  [04:48:13.881] [mlr3]  [LGCOMPBOOST] risk_oob:'risk_intercept_oob',NA,'risk_cwb_oob',NA,'risk_acwb_oob',NA,'risk_hcwb_oob',NA 
DEBUG [04:48:13.887] [mlr3]  Learner 'bin_cwb_nb' on task 'Task 168335: MiniBooNE (Supervised Classification)' succeeded to fit a model {learner: <LearnerClassifCompboost/LearnerClassif/Learner/R6>, result: <list>, messages: }

### [bt]: Job terminated successfully [batchtools job.id=66]
### [bt]: Calculation finished!
