### [bt]: This is batchtools v0.9.15
### [bt]: Starting calculation of 1 jobs
### [bt]: Setting working directory to '/home/user/repos/cacb-batchtools/eq1'
[2021-07-26 17:56:21] Loading new learner
[2021-07-26 17:56:21] Loading tasks
[2021-07-26 17:56:24] Loading resampling
### [bt]: Memory measurement disabled
### [bt]: Starting job [batchtools job.id=91]
### [bt]: Generating problem instance for problem '189866-fold4' ...
### [bt]: Applying algorithm 'evaluate-learner' on problem '189866-fold4' for job 91 (seed = 31506) ...
DEBUG [17:56:29.203] [mlr3]  Skip subsetting of task 'Task 189866: albert (Supervised Classification)' 
DEBUG [17:56:29.222] [mlr3]  Calling train method of Learner 'bin_cwb_nb' on task 'Task 189866: albert (Supervised Classification)' with 340192 observations {learner: <LearnerClassifCompboost/LearnerClassif/Learner/R6>}
INFO  [17:56:30.049] [mlr3]  [LGCOMPBOOST] Running compboost with df 5.000000 and df_cat 3.000000 
   1/5000   risk = 0.69  riskauc = 0.64   time = 2   
 125/5000   risk = 0.63  riskauc = 0.71   time = 26520306   
 250/5000   risk = 0.63  riskauc = 0.72   time = 52306995   
 375/5000   risk = 0.63  riskauc = 0.72   time = 78048715   
 500/5000   risk = 0.64  riskauc = 0.73   time = 103901658   
 625/5000   risk = 0.64  riskauc = 0.73   time = 129791921   
 750/5000   risk = 0.64  riskauc = 0.73   time = 155529162   
 875/5000   risk = 0.64  riskauc = 0.73   time = 181581688   
1000/5000   risk = 0.64  riskauc = 0.73   time = 208437228   
1125/5000   risk = 0.65  riskauc = 0.73   time = 233961240   
1250/5000   risk = 0.65  riskauc = 0.73   time = 259634763   
1375/5000   risk = 0.65  riskauc = 0.73   time = 285149911   
1500/5000   risk = 0.65  riskauc = 0.73   time = 310815132   
1625/5000   risk = 0.65  riskauc = 0.73   time = 336536198   
1750/5000   risk = 0.65  riskauc = 0.73   time = 362483109   
1875/5000   risk = 0.65  riskauc = 0.73   time = 388355102   
2000/5000   risk = 0.65  riskauc = 0.73   time = 414410908   
2125/5000   risk = 0.65  riskauc = 0.73   time = 440383924   
2250/5000   risk = 0.65  riskauc = 0.73   time = 466355298   
2375/5000   risk = 0.65  riskauc = 0.73   time = 492097890   
2500/5000   risk = 0.65  riskauc = 0.73   time = 517993645   
2625/5000   risk = 0.65  riskauc = 0.73   time = 544011279   
2750/5000   risk = 0.65  riskauc = 0.73   time = 569890821   
2875/5000   risk = 0.65  riskauc = 0.73   time = 596043271   
3000/5000   risk = 0.65  riskauc = 0.74   time = 622027103   
3125/5000   risk = 0.65  riskauc = 0.74   time = 648184940   
3250/5000   risk = 0.65  riskauc = 0.74   time = 674060903   
3375/5000   risk = 0.65  riskauc = 0.74   time = 699882095   
3500/5000   risk = 0.65  riskauc = 0.74   time = 726043381   
3625/5000   risk = 0.65  riskauc = 0.74   time = 752183778   
3750/5000   risk = 0.65  riskauc = 0.74   time = 778056523   
3875/5000   risk = 0.65  riskauc = 0.74   time = 804096823   
4000/5000   risk = 0.65  riskauc = 0.74   time = 830253009   
4125/5000   risk = 0.65  riskauc = 0.74   time = 856713638   
4250/5000   risk = 0.65  riskauc = 0.74   time = 882801390   
4375/5000   risk = 0.65  riskauc = 0.74   time = 908818316   
4500/5000   risk = 0.65  riskauc = 0.74   time = 934931002   
4625/5000   risk = 0.65  riskauc = 0.74   time = 960753791   
4750/5000   risk = 0.65  riskauc = 0.74   time = 986434307   
4875/5000   risk = 0.65  riskauc = 0.74   time = 1012396370   
5000/5000   risk = 0.65  riskauc = 0.74   time = 1038789742   


Train 5000 iterations in 1039 Seconds.
Final risk based on the train set: 0.65

INFO  [18:14:07.033] [mlr3]  [LGCOMPBOOST] iterations:'stop_cwb',5000,'stop_acwb',NA,'stop_hcwb',NA 
INFO  [18:14:07.036] [mlr3]  [LGCOMPBOOST] risk_inbag:'risk_intercept',0.693147,'risk_cwb',0.652198,'risk_acwb',NA,'risk_hcwb',NA 
INFO  [18:14:07.037] [mlr3]  [LGCOMPBOOST] risk_oob:'risk_intercept_oob',NA,'risk_cwb_oob',NA,'risk_acwb_oob',NA,'risk_hcwb_oob',NA 
DEBUG [18:14:07.060] [mlr3]  Learner 'bin_cwb_nb' on task 'Task 189866: albert (Supervised Classification)' succeeded to fit a model {learner: <LearnerClassifCompboost/LearnerClassif/Learner/R6>, result: <list>, messages: }
DEBUG [18:14:07.077] [mlr3]  Skip subsetting of task 'Task 189866: albert (Supervised Classification)' 
DEBUG [18:14:07.097] [mlr3]  Calling train method of Learner 'bin_cwb_nb' on task 'Task 189866: albert (Supervised Classification)' with 340192 observations {learner: <LearnerClassifCompboost/LearnerClassif/Learner/R6>}
INFO  [18:14:07.732] [mlr3]  [LGCOMPBOOST] Running compboost with df 5.000000 and df_cat 3.000000 
   1/5000   risk = 0.69  time = 4   
 125/5000   risk = 0.63  time = 22376799   
 250/5000   risk = 0.63  time = 44761491   
 375/5000   risk = 0.63  time = 67038426   
 500/5000   risk = 0.64  time = 89202026   
 625/5000   risk = 0.64  time = 111367880   
 750/5000   risk = 0.64  time = 133641243   
 875/5000   risk = 0.64  time = 156158459   
1000/5000   risk = 0.64  time = 178517439   
1125/5000   risk = 0.65  time = 201387592   
1250/5000   risk = 0.65  time = 223944343   
1375/5000   risk = 0.65  time = 246582805   
1500/5000   risk = 0.65  time = 269269290   
1625/5000   risk = 0.65  time = 292148440   
1750/5000   risk = 0.65  time = 314783736   
1875/5000   risk = 0.65  time = 337567273   
2000/5000   risk = 0.65  time = 360553449   
2125/5000   risk = 0.65  time = 383268820   
2250/5000   risk = 0.65  time = 406190533   
2375/5000   risk = 0.65  time = 428906631   
2500/5000   risk = 0.65  time = 451710661   
2625/5000   risk = 0.65  time = 474390920   
2750/5000   risk = 0.65  time = 497205312   
2875/5000   risk = 0.65  time = 520096741   
3000/5000   risk = 0.65  time = 542814457   
3125/5000   risk = 0.65  time = 565653756   
3250/5000   risk = 0.65  time = 588509716   
3375/5000   risk = 0.65  time = 611150506   
3500/5000   risk = 0.65  time = 634193991   
3625/5000   risk = 0.65  time = 656948325   
3750/5000   risk = 0.65  time = 679972428   
3875/5000   risk = 0.65  time = 702966237   
4000/5000   risk = 0.65  time = 726057526   
4125/5000   risk = 0.65  time = 749343505   
4250/5000   risk = 0.65  time = 772447112   
4375/5000   risk = 0.65  time = 795440500   
4500/5000   risk = 0.65  time = 818678134   
4625/5000   risk = 0.65  time = 842195856   
4750/5000   risk = 0.65  time = 865600581   
4875/5000   risk = 0.65  time = 888803015   
5000/5000   risk = 0.65  time = 911351922   


Train 5000 iterations in 911 Seconds.
Final risk based on the train set: 0.65

INFO  [18:29:35.970] [mlr3]  [LGCOMPBOOST] iterations:'stop_cwb',5000,'stop_acwb',NA,'stop_hcwb',NA 
INFO  [18:29:35.973] [mlr3]  [LGCOMPBOOST] risk_inbag:'risk_intercept',0.693147,'risk_cwb',0.652198,'risk_acwb',NA,'risk_hcwb',NA 
INFO  [18:29:35.974] [mlr3]  [LGCOMPBOOST] risk_oob:'risk_intercept_oob',NA,'risk_cwb_oob',NA,'risk_acwb_oob',NA,'risk_hcwb_oob',NA 
DEBUG [18:29:35.998] [mlr3]  Learner 'bin_cwb_nb' on task 'Task 189866: albert (Supervised Classification)' succeeded to fit a model {learner: <LearnerClassifCompboost/LearnerClassif/Learner/R6>, result: <list>, messages: }

### [bt]: Job terminated successfully [batchtools job.id=91]
### [bt]: Calculation finished!
