### [bt]: This is batchtools v0.9.15
### [bt]: Starting calculation of 1 jobs
### [bt]: Setting working directory to '/home/user/repos/cacb-batchtools/eq1'
Loading required package: data.table
Loading required package: R6
Loading required package: mlr3
Loading required package: mlr3learners
Loading required package: mlr3extralearners

Attaching package: ‘mlr3extralearners’

The following objects are masked from ‘package:mlr3’:

    lrn, lrns

Loading required package: mlr3pipelines
Loading required package: mlr3tuning
Loading required package: paradox
Loading required package: compboost
[2021-08-02 17:06:37] Loading new learner LearnerClassifCWB
[2021-08-02 17:06:37] Loading new learner LearnerClassifHCWB
[2021-08-02 17:06:37] Loading new learner
[2021-08-02 17:06:37] Loading tasks
[2021-08-02 17:06:40] Loading resampling
### [bt]: Memory measurement disabled
### [bt]: Starting job [batchtools job.id=140]
### [bt]: Generating problem instance for problem '9977-fold3' ...
### [bt]: Applying algorithm 'evaluate-learner' on problem '9977-fold3' for job 140 (seed = 31555) ...
DEBUG [17:06:42.276] [mlr3]  Skip subsetting of task 'Task 9977: nomao (Supervised Classification)' 
DEBUG [17:06:42.371] [mlr3]  Calling train method of Learner 'acc_hcwb' on task 'Task 9977: nomao (Supervised Classification)' with 27572 observations {learner: <LearnerClassifHCWB/LearnerClassif/Learner/R6>}
Error in new_CppObject_xp(fields$.module, fields$.pointer, ...) : 
  chol(): decomposition failed

### [bt]: Job terminated with an exception [batchtools job.id=140]
### [bt]: Calculation finished!
