### [bt]: This is batchtools v0.9.15
### [bt]: Starting calculation of 1 jobs
### [bt]: Setting working directory to '/home/user/repos/cacb-batchtools/eq1'
[2021-07-27 19:31:18] Loading new learner
[2021-07-27 19:31:18] Loading tasks
[2021-07-27 19:31:20] Loading resampling
### [bt]: Memory measurement disabled
### [bt]: Starting job [batchtools job.id=8]
### [bt]: Generating problem instance for problem 'spam-fold2' ...
### [bt]: Applying algorithm 'evaluate-learner' on problem 'spam-fold2' for job 8 (seed = 31423) ...
DEBUG [19:31:21.468] [mlr3]  Skip subsetting of task 'spam' 
DEBUG [19:31:21.471] [mlr3]  Calling train method of Learner 'acc_hcwb' on task 'spam' with 3680 observations {learner: <LearnerClassifCompboost/LearnerClassif/Learner/R6>}
   1/5000   risk = 0.64  oob_risk = 0.63   riskauc = 0.8   time = 2   


Train 42 iterations in 0 Seconds.
Final risk based on the train set: 0.3

   1/4969   risk = 0.36  oob_risk = 0.48   riskauc = 0.93   time = 2   
 124/4969   risk = 0.22  oob_risk = 0.97   riskauc = 0.95   time = 1098151   
 248/4969   risk = 0.19  oob_risk = inf   riskauc = 0.95   time = 2177261   
 372/4969   risk = 0.18  oob_risk = inf   riskauc = 0.95   time = 3376815   
 496/4969   risk = 0.17  oob_risk = inf   riskauc = 0.94   time = 4570133   
 620/4969   risk = 0.16  oob_risk = inf   riskauc = 0.94   time = 5610471   
 744/4969   risk = 0.15  oob_risk = inf   riskauc = 0.94   time = 6689199   
 868/4969   risk = 0.15  oob_risk = inf   riskauc = 0.94   time = 7829562   
 992/4969   risk = 0.14  oob_risk = inf   riskauc = 0.94   time = 8900428   
1116/4969   risk = 0.14  oob_risk = inf   riskauc = 0.94   time = 10062933   
1240/4969   risk = 0.13  oob_risk = inf   riskauc = 0.94   time = 11212618   
1364/4969   risk = 0.13  oob_risk = inf   riskauc = 0.94   time = 12273747   
1488/4969   risk = 0.13  oob_risk = inf   riskauc = 0.94   time = 13376996   
1612/4969   risk = 0.12  oob_risk = inf   riskauc = 0.94   time = 14420240   
1736/4969   risk = 0.12  oob_risk = inf   riskauc = 0.94   time = 15432544   
1860/4969   risk = 0.12  oob_risk = inf   riskauc = 0.94   time = 16577289   
1984/4969   risk = 0.12  oob_risk = inf   riskauc = 0.94   time = 17736140   
2108/4969   risk = 0.12  oob_risk = inf   riskauc = 0.94   time = 18802366   
2232/4969   risk = 0.11  oob_risk = inf   riskauc = 0.94   time = 19836675   
2356/4969   risk = 0.11  oob_risk = inf   riskauc = 0.94   time = 20963179   
2480/4969   risk = 0.11  oob_risk = inf   riskauc = 0.94   time = 22112118   
2604/4969   risk = 0.11  oob_risk = inf   riskauc = 0.93   time = 23454903   
2728/4969   risk = 0.11  oob_risk = inf   riskauc = 0.93   time = 24526400   
2852/4969   risk = 0.11  oob_risk = inf   riskauc = 0.93   time = 25679136   
2976/4969   risk = 0.11  oob_risk = inf   riskauc = 0.93   time = 26823658   
3100/4969   risk = 0.1  oob_risk = inf   riskauc = 0.93   time = 27891734   
3224/4969   risk = 0.1  oob_risk = inf   riskauc = 0.93   time = 29222469   
3348/4969   risk = 0.1  oob_risk = inf   riskauc = 0.93   time = 30324756   
3472/4969   risk = 0.1  oob_risk = inf   riskauc = 0.93   time = 31478021   
3596/4969   risk = 0.1  oob_risk = inf   riskauc = 0.93   time = 32687849   
3720/4969   risk = 0.1  oob_risk = inf   riskauc = 0.93   time = 33813567   
3844/4969   risk = 0.099  oob_risk = inf   riskauc = 0.93   time = 34992998   
3968/4969   risk = 0.098  oob_risk = inf   riskauc = 0.93   time = 36120060   
4092/4969   risk = 0.097  oob_risk = inf   riskauc = 0.93   time = 37280895   
4216/4969   risk = 0.096  oob_risk = inf   riskauc = 0.93   time = 38636530   
4340/4969   risk = 0.096  oob_risk = inf   riskauc = 0.93   time = 39735134   
4464/4969   risk = 0.095  oob_risk = inf   riskauc = 0.93   time = 40897451   
4588/4969   risk = 0.094  oob_risk = inf   riskauc = 0.93   time = 42077230   
4712/4969   risk = 0.094  oob_risk = inf   riskauc = 0.93   time = 43141849   
4836/4969   risk = 0.093  oob_risk = inf   riskauc = 0.93   time = 44322654   
4960/4969   risk = 0.093  oob_risk = inf   riskauc = 0.93   time = 45508708   


Train 4969 iterations in 45 Seconds.
Final risk based on the train set: 0.093

DEBUG [19:32:08.070] [mlr3]  Learner 'acc_hcwb' on task 'spam' succeeded to fit a model {learner: <LearnerClassifCompboost/LearnerClassif/Learner/R6>, result: <list>, messages: }
DEBUG [19:32:08.084] [mlr3]  Skip subsetting of task 'spam' 
DEBUG [19:32:08.088] [mlr3]  Calling train method of Learner 'acc_hcwb' on task 'spam' with 3680 observations {learner: <LearnerClassifCompboost/LearnerClassif/Learner/R6>}
   1/5000   risk = 0.64  oob_risk = 0.63   time = 4   


Train 42 iterations in 0 Seconds.
Final risk based on the train set: 0.3

   1/4969   risk = 0.36  oob_risk = 0.48   time = 2   
 124/4969   risk = 0.22  oob_risk = 0.97   time = 1010096   
 248/4969   risk = 0.19  oob_risk = inf   time = 2032303   
 372/4969   risk = 0.18  oob_risk = inf   time = 3128765   
 496/4969   risk = 0.17  oob_risk = inf   time = 4204768   
 620/4969   risk = 0.16  oob_risk = inf   time = 5172898   
 744/4969   risk = 0.15  oob_risk = inf   time = 6216517   
 868/4969   risk = 0.15  oob_risk = inf   time = 7360023   
 992/4969   risk = 0.14  oob_risk = inf   time = 8511760   
1116/4969   risk = 0.14  oob_risk = inf   time = 9619618   
1240/4969   risk = 0.13  oob_risk = inf   time = 10679841   
1364/4969   risk = 0.13  oob_risk = inf   time = 11776475   
1488/4969   risk = 0.13  oob_risk = inf   time = 12870635   
1612/4969   risk = 0.12  oob_risk = inf   time = 14058076   
1736/4969   risk = 0.12  oob_risk = inf   time = 15126326   
1860/4969   risk = 0.12  oob_risk = inf   time = 16388419   
1984/4969   risk = 0.12  oob_risk = inf   time = 17487828   
2108/4969   risk = 0.12  oob_risk = inf   time = 18562451   
2232/4969   risk = 0.11  oob_risk = inf   time = 19614031   
2356/4969   risk = 0.11  oob_risk = inf   time = 20622456   
2480/4969   risk = 0.11  oob_risk = inf   time = 21695889   
2604/4969   risk = 0.11  oob_risk = inf   time = 22776916   
2728/4969   risk = 0.11  oob_risk = inf   time = 23890079   
2852/4969   risk = 0.11  oob_risk = inf   time = 24969212   
2976/4969   risk = 0.11  oob_risk = inf   time = 25984069   
3100/4969   risk = 0.1  oob_risk = inf   time = 27108133   
3224/4969   risk = 0.1  oob_risk = inf   time = 28235518   
3348/4969   risk = 0.1  oob_risk = inf   time = 29247820   
3472/4969   risk = 0.1  oob_risk = inf   time = 30294007   
3596/4969   risk = 0.1  oob_risk = inf   time = 31349995   
3720/4969   risk = 0.1  oob_risk = inf   time = 32587263   
3844/4969   risk = 0.099  oob_risk = inf   time = 33692297   
3968/4969   risk = 0.098  oob_risk = inf   time = 34840493   
4092/4969   risk = 0.097  oob_risk = inf   time = 35956508   
4216/4969   risk = 0.096  oob_risk = inf   time = 37000157   
4340/4969   risk = 0.096  oob_risk = inf   time = 38345068   
4464/4969   risk = 0.095  oob_risk = inf   time = 39386322   
4588/4969   risk = 0.094  oob_risk = inf   time = 40462898   
4712/4969   risk = 0.094  oob_risk = inf   time = 41557474   
4836/4969   risk = 0.093  oob_risk = inf   time = 42713568   
4960/4969   risk = 0.093  oob_risk = inf   time = 43757673   


Train 4969 iterations in 43 Seconds.
Final risk based on the train set: 0.093

DEBUG [19:32:52.998] [mlr3]  Learner 'acc_hcwb' on task 'spam' succeeded to fit a model {learner: <LearnerClassifCompboost/LearnerClassif/Learner/R6>, result: <list>, messages: }

### [bt]: Job terminated successfully [batchtools job.id=8]
### [bt]: Calculation finished!
