### [bt]: This is batchtools v0.9.15
### [bt]: Starting calculation of 1 jobs
### [bt]: Setting working directory to '/home/user/repos/cacb-batchtools/eq1'
[2021-07-26 11:55:12] Loading new learner
[2021-07-26 11:55:12] Loading tasks
[2021-07-26 11:55:15] Loading resampling
### [bt]: Memory measurement disabled
### [bt]: Starting job [batchtools job.id=81]
### [bt]: Generating problem instance for problem '189866-fold2' ...
### [bt]: Applying algorithm 'evaluate-learner' on problem '189866-fold2' for job 81 (seed = 31496) ...
DEBUG [11:55:20.020] [mlr3]  Skip subsetting of task 'Task 189866: albert (Supervised Classification)' 
DEBUG [11:55:20.036] [mlr3]  Calling train method of Learner 'bin_cwb_nb' on task 'Task 189866: albert (Supervised Classification)' with 340192 observations {learner: <LearnerClassifCompboost/LearnerClassif/Learner/R6>}
INFO  [11:55:20.741] [mlr3]  [LGCOMPBOOST] Running compboost with df 5.000000 and df_cat 3.000000 
   1/5000   risk = 0.69  riskauc = 0.64   time = 3   
 125/5000   risk = 0.63  riskauc = 0.71   time = 27800997   
 250/5000   risk = 0.63  riskauc = 0.72   time = 53171629   
 375/5000   risk = 0.63  riskauc = 0.72   time = 78582279   
 500/5000   risk = 0.64  riskauc = 0.72   time = 103908094   
 625/5000   risk = 0.64  riskauc = 0.73   time = 129305273   
 750/5000   risk = 0.64  riskauc = 0.73   time = 154471697   
 875/5000   risk = 0.64  riskauc = 0.73   time = 179346575   
1000/5000   risk = 0.64  riskauc = 0.73   time = 204783537   
1125/5000   risk = 0.64  riskauc = 0.73   time = 230106583   
1250/5000   risk = 0.65  riskauc = 0.73   time = 255178099   
1375/5000   risk = 0.65  riskauc = 0.73   time = 280113327   
1500/5000   risk = 0.65  riskauc = 0.73   time = 305591898   
1625/5000   risk = 0.65  riskauc = 0.73   time = 330769079   
1750/5000   risk = 0.65  riskauc = 0.73   time = 355890682   
1875/5000   risk = 0.65  riskauc = 0.73   time = 381473746   
2000/5000   risk = 0.65  riskauc = 0.73   time = 407161134   
2125/5000   risk = 0.65  riskauc = 0.73   time = 432759986   
2250/5000   risk = 0.65  riskauc = 0.73   time = 458244721   
2375/5000   risk = 0.65  riskauc = 0.73   time = 483965512   
2500/5000   risk = 0.65  riskauc = 0.73   time = 509421573   
2625/5000   risk = 0.65  riskauc = 0.73   time = 535041146   
2750/5000   risk = 0.65  riskauc = 0.73   time = 561038457   
2875/5000   risk = 0.65  riskauc = 0.73   time = 586881084   
3000/5000   risk = 0.65  riskauc = 0.73   time = 612749244   
3125/5000   risk = 0.65  riskauc = 0.73   time = 638682913   
3250/5000   risk = 0.65  riskauc = 0.73   time = 664662026   
3375/5000   risk = 0.65  riskauc = 0.73   time = 690689706   
3500/5000   risk = 0.65  riskauc = 0.73   time = 716885393   
3625/5000   risk = 0.65  riskauc = 0.73   time = 743179342   
3750/5000   risk = 0.65  riskauc = 0.73   time = 769465649   
3875/5000   risk = 0.65  riskauc = 0.73   time = 795741488   
4000/5000   risk = 0.65  riskauc = 0.73   time = 822463697   
4125/5000   risk = 0.65  riskauc = 0.73   time = 848747006   
4250/5000   risk = 0.65  riskauc = 0.73   time = 875214655   
4375/5000   risk = 0.65  riskauc = 0.73   time = 901944849   
4500/5000   risk = 0.65  riskauc = 0.73   time = 928564534   
4625/5000   risk = 0.65  riskauc = 0.73   time = 955367379   
4750/5000   risk = 0.65  riskauc = 0.73   time = 982136935   
4875/5000   risk = 0.65  riskauc = 0.73   time = 1008920513   
5000/5000   risk = 0.65  riskauc = 0.73   time = 1035483564   


Train 5000 iterations in 1035 Seconds.
Final risk based on the train set: 0.65

INFO  [12:12:52.175] [mlr3]  [LGCOMPBOOST] iterations:'stop_cwb',5000,'stop_acwb',NA,'stop_hcwb',NA 
INFO  [12:12:52.178] [mlr3]  [LGCOMPBOOST] risk_inbag:'risk_intercept',0.693147,'risk_cwb',0.651684,'risk_acwb',NA,'risk_hcwb',NA 
INFO  [12:12:52.179] [mlr3]  [LGCOMPBOOST] risk_oob:'risk_intercept_oob',NA,'risk_cwb_oob',NA,'risk_acwb_oob',NA,'risk_hcwb_oob',NA 
DEBUG [12:12:52.203] [mlr3]  Learner 'bin_cwb_nb' on task 'Task 189866: albert (Supervised Classification)' succeeded to fit a model {learner: <LearnerClassifCompboost/LearnerClassif/Learner/R6>, result: <list>, messages: }
DEBUG [12:12:52.219] [mlr3]  Skip subsetting of task 'Task 189866: albert (Supervised Classification)' 
DEBUG [12:12:52.239] [mlr3]  Calling train method of Learner 'bin_cwb_nb' on task 'Task 189866: albert (Supervised Classification)' with 340192 observations {learner: <LearnerClassifCompboost/LearnerClassif/Learner/R6>}
INFO  [12:12:52.794] [mlr3]  [LGCOMPBOOST] Running compboost with df 5.000000 and df_cat 3.000000 
   1/5000   risk = 0.69  time = 3   
 125/5000   risk = 0.63  time = 23828965   
 250/5000   risk = 0.63  time = 47297021   
 375/5000   risk = 0.63  time = 70713772   
 500/5000   risk = 0.64  time = 93943902   
 625/5000   risk = 0.64  time = 117169543   
 750/5000   risk = 0.64  time = 140175425   
 875/5000   risk = 0.64  time = 163087568   
1000/5000   risk = 0.64  time = 185976664   
1125/5000   risk = 0.64  time = 209026233   
1250/5000   risk = 0.65  time = 232213496   
1375/5000   risk = 0.65  time = 255778551   
1500/5000   risk = 0.65  time = 279232713   
1625/5000   risk = 0.65  time = 303121355   
1750/5000   risk = 0.65  time = 326641517   
1875/5000   risk = 0.65  time = 349999156   
2000/5000   risk = 0.65  time = 373483855   
2125/5000   risk = 0.65  time = 397017135   
2250/5000   risk = 0.65  time = 420940207   
2375/5000   risk = 0.65  time = 444750645   
2500/5000   risk = 0.65  time = 468123652   
2625/5000   risk = 0.65  time = 491455609   
2750/5000   risk = 0.65  time = 514936523   
2875/5000   risk = 0.65  time = 538680617   
3000/5000   risk = 0.65  time = 563062039   
3125/5000   risk = 0.65  time = 587817499   
3250/5000   risk = 0.65  time = 612403612   
3375/5000   risk = 0.65  time = 637222435   
3500/5000   risk = 0.65  time = 661961850   
3625/5000   risk = 0.65  time = 686660741   
3750/5000   risk = 0.65  time = 711133733   
3875/5000   risk = 0.65  time = 735394552   
4000/5000   risk = 0.65  time = 759623053   
4125/5000   risk = 0.65  time = 784275342   
4250/5000   risk = 0.65  time = 808476802   
4375/5000   risk = 0.65  time = 832497762   
4500/5000   risk = 0.65  time = 856734632   
4625/5000   risk = 0.65  time = 881135912   
4750/5000   risk = 0.65  time = 905368761   
4875/5000   risk = 0.65  time = 929597596   
5000/5000   risk = 0.65  time = 953988589   


Train 5000 iterations in 954 Seconds.
Final risk based on the train set: 0.65

INFO  [12:29:03.103] [mlr3]  [LGCOMPBOOST] iterations:'stop_cwb',5000,'stop_acwb',NA,'stop_hcwb',NA 
INFO  [12:29:03.106] [mlr3]  [LGCOMPBOOST] risk_inbag:'risk_intercept',0.693147,'risk_cwb',0.651684,'risk_acwb',NA,'risk_hcwb',NA 
INFO  [12:29:03.107] [mlr3]  [LGCOMPBOOST] risk_oob:'risk_intercept_oob',NA,'risk_cwb_oob',NA,'risk_acwb_oob',NA,'risk_hcwb_oob',NA 
DEBUG [12:29:03.130] [mlr3]  Learner 'bin_cwb_nb' on task 'Task 189866: albert (Supervised Classification)' succeeded to fit a model {learner: <LearnerClassifCompboost/LearnerClassif/Learner/R6>, result: <list>, messages: }

### [bt]: Job terminated successfully [batchtools job.id=81]
### [bt]: Calculation finished!
