### [bt]: This is batchtools v0.9.15
### [bt]: Starting calculation of 1 jobs
### [bt]: Setting working directory to '/home/user/repos/cacb-batchtools/eq1'
[2021-07-25 19:35:36] Loading new learner
[2021-07-25 19:35:36] Loading tasks
[2021-07-25 19:35:39] Loading resampling
### [bt]: Memory measurement disabled
### [bt]: Starting job [batchtools job.id=3]
### [bt]: Generating problem instance for problem 'spam-fold1' ...
### [bt]: Applying algorithm 'evaluate-learner' on problem 'spam-fold1' for job 3 (seed = 31418) ...
DEBUG [19:35:40.082] [mlr3]  Skip subsetting of task 'spam' 
DEBUG [19:35:40.085] [mlr3]  Calling train method of Learner 'acc_cwb' on task 'spam' with 3680 observations {learner: <LearnerClassifCompboost/LearnerClassif/Learner/R6>}
INFO  [19:35:40.093] [mlr3]  [LGCOMPBOOST] Running compboost with df 20.000000 and df_cat 1.000000 
   1/5000   risk = 0.67  riskauc = 0.78   time = 2   
 125/5000   risk = 0.45  riskauc = 0.94   time = 1127636   
 250/5000   risk = 0.36  riskauc = 0.95   time = 2242444   
 375/5000   risk = 0.31  riskauc = 0.96   time = 3388546   
 500/5000   risk = 0.29  riskauc = 0.96   time = 4552498   
 625/5000   risk = 0.27  riskauc = 0.96   time = 5712602   
 750/5000   risk = 0.26  riskauc = 0.97   time = 6818265   
 875/5000   risk = 0.25  riskauc = 0.97   time = 7961878   
1000/5000   risk = 0.24  riskauc = 0.97   time = 9092715   
1125/5000   risk = 0.23  riskauc = 0.97   time = 10248776   
1250/5000   risk = 0.23  riskauc = 0.97   time = 11377721   
1375/5000   risk = 0.22  riskauc = 0.97   time = 12477752   
1500/5000   risk = 0.22  riskauc = 0.97   time = 13622554   
1625/5000   risk = 0.21  riskauc = 0.97   time = 14816879   
1750/5000   risk = 0.21  riskauc = 0.97   time = 16136390   
1875/5000   risk = 0.21  riskauc = 0.97   time = 17380133   
2000/5000   risk = 0.21  riskauc = 0.97   time = 18535384   
2125/5000   risk = 0.2  riskauc = 0.97   time = 19659018   
2250/5000   risk = 0.2  riskauc = 0.98   time = 20795226   
2375/5000   risk = 0.2  riskauc = 0.98   time = 21913353   
2500/5000   risk = 0.2  riskauc = 0.98   time = 23117546   
2625/5000   risk = 0.2  riskauc = 0.98   time = 24219162   
2750/5000   risk = 0.19  riskauc = 0.98   time = 25303161   
2875/5000   risk = 0.19  riskauc = 0.98   time = 26581567   
3000/5000   risk = 0.19  riskauc = 0.98   time = 27687418   
3125/5000   risk = 0.19  riskauc = 0.98   time = 28865125   
3250/5000   risk = 0.19  riskauc = 0.98   time = 30058756   
3375/5000   risk = 0.19  riskauc = 0.98   time = 31214997   
3500/5000   risk = 0.19  riskauc = 0.98   time = 32241947   
3625/5000   risk = 0.19  riskauc = 0.98   time = 33487574   
3750/5000   risk = 0.18  riskauc = 0.98   time = 34680442   
3875/5000   risk = 0.18  riskauc = 0.98   time = 35821117   
4000/5000   risk = 0.18  riskauc = 0.98   time = 37027640   
4125/5000   risk = 0.18  riskauc = 0.98   time = 38149521   
4250/5000   risk = 0.18  riskauc = 0.98   time = 39188318   
4375/5000   risk = 0.18  riskauc = 0.98   time = 40287825   
4500/5000   risk = 0.18  riskauc = 0.98   time = 41598278   
4625/5000   risk = 0.18  riskauc = 0.98   time = 42709755   
4750/5000   risk = 0.18  riskauc = 0.98   time = 43817711   
4875/5000   risk = 0.18  riskauc = 0.98   time = 45032283   
5000/5000   risk = 0.18  riskauc = 0.98   time = 46225375   


Train 5000 iterations in 46 Seconds.
Final risk based on the train set: 0.18

INFO  [19:36:35.633] [mlr3]  [LGCOMPBOOST] iterations:'stop_cwb',5000,'stop_acwb',NA,'stop_hcwb',NA 
INFO  [19:36:35.636] [mlr3]  [LGCOMPBOOST] risk_inbag:'risk_intercept',0.670513,'risk_cwb',0.175271,'risk_acwb',NA,'risk_hcwb',NA 
INFO  [19:36:35.637] [mlr3]  [LGCOMPBOOST] risk_oob:'risk_intercept_oob',NA,'risk_cwb_oob',NA,'risk_acwb_oob',NA,'risk_hcwb_oob',NA 
DEBUG [19:36:35.643] [mlr3]  Learner 'acc_cwb' on task 'spam' succeeded to fit a model {learner: <LearnerClassifCompboost/LearnerClassif/Learner/R6>, result: <list>, messages: }
DEBUG [19:36:35.654] [mlr3]  Skip subsetting of task 'spam' 
DEBUG [19:36:35.658] [mlr3]  Calling train method of Learner 'acc_cwb' on task 'spam' with 3680 observations {learner: <LearnerClassifCompboost/LearnerClassif/Learner/R6>}
INFO  [19:36:35.669] [mlr3]  [LGCOMPBOOST] Running compboost with df 20.000000 and df_cat 1.000000 
   1/5000   risk = 0.67  time = 2   
 125/5000   risk = 0.45  time = 1148861   
 250/5000   risk = 0.36  time = 2307633   
 375/5000   risk = 0.31  time = 3507491   
 500/5000   risk = 0.29  time = 4606717   
 625/5000   risk = 0.27  time = 5592255   
 750/5000   risk = 0.26  time = 6706643   
 875/5000   risk = 0.25  time = 7987867   
1000/5000   risk = 0.24  time = 9122949   
1125/5000   risk = 0.23  time = 10194851   
1250/5000   risk = 0.23  time = 11272317   
1375/5000   risk = 0.22  time = 12372164   
1500/5000   risk = 0.22  time = 13376209   
1625/5000   risk = 0.21  time = 14437023   
1750/5000   risk = 0.21  time = 15836533   
1875/5000   risk = 0.21  time = 17190539   
2000/5000   risk = 0.21  time = 18346809   
2125/5000   risk = 0.2  time = 19511485   
2250/5000   risk = 0.2  time = 20679179   
2375/5000   risk = 0.2  time = 21830179   
2500/5000   risk = 0.2  time = 23024807   
2625/5000   risk = 0.2  time = 24135478   
2750/5000   risk = 0.19  time = 25297626   
2875/5000   risk = 0.19  time = 26474467   
3000/5000   risk = 0.19  time = 27621497   
3125/5000   risk = 0.19  time = 28775236   
3250/5000   risk = 0.19  time = 30025262   
3375/5000   risk = 0.19  time = 31137270   
3500/5000   risk = 0.19  time = 32346655   
3625/5000   risk = 0.19  time = 33484898   
3750/5000   risk = 0.18  time = 34653661   
3875/5000   risk = 0.18  time = 35795805   
4000/5000   risk = 0.18  time = 37025052   
4125/5000   risk = 0.18  time = 38174790   
4250/5000   risk = 0.18  time = 39310261   
4375/5000   risk = 0.18  time = 40461344   
4500/5000   risk = 0.18  time = 41638812   
4625/5000   risk = 0.18  time = 42861838   
4750/5000   risk = 0.18  time = 44065779   
4875/5000   risk = 0.18  time = 45291956   
5000/5000   risk = 0.18  time = 46469828   


Train 5000 iterations in 46 Seconds.
Final risk based on the train set: 0.18

INFO  [19:37:31.040] [mlr3]  [LGCOMPBOOST] iterations:'stop_cwb',5000,'stop_acwb',NA,'stop_hcwb',NA 
INFO  [19:37:31.043] [mlr3]  [LGCOMPBOOST] risk_inbag:'risk_intercept',0.670513,'risk_cwb',0.175271,'risk_acwb',NA,'risk_hcwb',NA 
INFO  [19:37:31.044] [mlr3]  [LGCOMPBOOST] risk_oob:'risk_intercept_oob',NA,'risk_cwb_oob',NA,'risk_acwb_oob',NA,'risk_hcwb_oob',NA 
DEBUG [19:37:31.049] [mlr3]  Learner 'acc_cwb' on task 'spam' succeeded to fit a model {learner: <LearnerClassifCompboost/LearnerClassif/Learner/R6>, result: <list>, messages: }

### [bt]: Job terminated successfully [batchtools job.id=3]
### [bt]: Calculation finished!
