### [bt]: This is batchtools v0.9.15
### [bt]: Starting calculation of 1 jobs
### [bt]: Setting working directory to '/home/user/repos/cacb-batchtools/eq1'
[2021-07-25 21:09:32] Loading new learner
[2021-07-25 21:09:32] Loading tasks
[2021-07-25 21:09:35] Loading resampling
### [bt]: Memory measurement disabled
### [bt]: Starting job [batchtools job.id=45]
### [bt]: Generating problem instance for problem '7592-fold4' ...
### [bt]: Applying algorithm 'evaluate-learner' on problem '7592-fold4' for job 45 (seed = 31460) ...
DEBUG [21:09:36.753] [mlr3]  Skip subsetting of task 'Task 7592: adult (Supervised Classification)' 
DEBUG [21:09:36.757] [mlr3]  Calling train method of Learner 'acc_hcwb' on task 'Task 7592: adult (Supervised Classification)' with 39074 observations {learner: <LearnerClassifCompboost/LearnerClassif/Learner/R6>}
Warning in get_private(learner)$.train(task) :
  Number of cores 30 exceeds number of features 14. The number of cores are set to 14!
INFO  [21:09:36.873] [mlr3]  [LGCOMPBOOST] Running compboost with df 5.000000 and df_cat 2.000000 
   1/5000   risk = 0.55  oob_risk = 0.56   riskauc = 0.79   time = 2   
 125/5000   risk = 0.4  oob_risk = 0.41   riskauc = 0.9   time = 2796989   
 250/5000   risk = 0.32  oob_risk = 0.33   riskauc = 0.91   time = 4995764   


Train 309 iterations in 6 Seconds.
Final risk based on the train set: 0.31

   1/4691   risk = 0.31  oob_risk = 0.33   riskauc = 0.79   time = 3   
 117/4691   risk = 0.32  oob_risk = 0.33   riskauc = 0.85   time = 1016322   
 234/4691   risk = 0.32  oob_risk = 0.33   riskauc = 0.86   time = 2133798   
 351/4691   risk = 0.32  oob_risk = 0.34   riskauc = 0.87   time = 3393631   
 468/4691   risk = 0.32  oob_risk = 0.34   riskauc = 0.88   time = 4613837   
 585/4691   risk = 0.33  oob_risk = 0.34   riskauc = 0.89   time = 5823301   
 702/4691   risk = 0.33  oob_risk = 0.34   riskauc = 0.89   time = 7027193   
 819/4691   risk = 0.33  oob_risk = 0.34   riskauc = 0.89   time = 8196762   
 936/4691   risk = 0.33  oob_risk = 0.34   riskauc = 0.89   time = 9404866   
1053/4691   risk = 0.33  oob_risk = 0.34   riskauc = 0.9   time = 10871603   
1170/4691   risk = 0.33  oob_risk = 0.34   riskauc = 0.9   time = 12170734   
1287/4691   risk = 0.33  oob_risk = 0.35   riskauc = 0.9   time = 13434269   
1404/4691   risk = 0.33  oob_risk = 0.35   riskauc = 0.9   time = 14706611   
1521/4691   risk = 0.33  oob_risk = 0.35   riskauc = 0.9   time = 15948806   
1638/4691   risk = 0.33  oob_risk = 0.35   riskauc = 0.9   time = 17207769   
1755/4691   risk = 0.33  oob_risk = 0.35   riskauc = 0.9   time = 18524882   
1872/4691   risk = 0.33  oob_risk = 0.35   riskauc = 0.9   time = 19788049   
1989/4691   risk = 0.33  oob_risk = 0.35   riskauc = 0.9   time = 20993964   
2106/4691   risk = 0.33  oob_risk = 0.35   riskauc = 0.9   time = 22294344   
2223/4691   risk = 0.34  oob_risk = 0.35   riskauc = 0.9   time = 23548312   
2340/4691   risk = 0.34  oob_risk = 0.35   riskauc = 0.9   time = 24805564   
2457/4691   risk = 0.34  oob_risk = 0.35   riskauc = 0.9   time = 26073677   
2574/4691   risk = 0.34  oob_risk = 0.35   riskauc = 0.9   time = 27540624   
2691/4691   risk = 0.34  oob_risk = 0.35   riskauc = 0.9   time = 28875286   
2808/4691   risk = 0.34  oob_risk = 0.35   riskauc = 0.9   time = 30200527   
2925/4691   risk = 0.34  oob_risk = 0.35   riskauc = 0.9   time = 31634543   
3042/4691   risk = 0.34  oob_risk = 0.35   riskauc = 0.9   time = 33073187   
3159/4691   risk = 0.34  oob_risk = 0.35   riskauc = 0.9   time = 34425697   
3276/4691   risk = 0.34  oob_risk = 0.35   riskauc = 0.9   time = 35905552   
3393/4691   risk = 0.34  oob_risk = 0.35   riskauc = 0.91   time = 37273435   
3510/4691   risk = 0.34  oob_risk = 0.35   riskauc = 0.91   time = 38642442   
3627/4691   risk = 0.34  oob_risk = 0.35   riskauc = 0.91   time = 39963720   
3744/4691   risk = 0.34  oob_risk = 0.35   riskauc = 0.91   time = 41345971   
3861/4691   risk = 0.34  oob_risk = 0.36   riskauc = 0.91   time = 42778689   
3978/4691   risk = 0.34  oob_risk = 0.36   riskauc = 0.91   time = 44241993   
4095/4691   risk = 0.34  oob_risk = 0.36   riskauc = 0.91   time = 45574569   
4212/4691   risk = 0.34  oob_risk = 0.36   riskauc = 0.91   time = 46913935   
4329/4691   risk = 0.34  oob_risk = 0.36   riskauc = 0.91   time = 48301961   
4446/4691   risk = 0.34  oob_risk = 0.36   riskauc = 0.91   time = 49734040   
4563/4691   risk = 0.34  oob_risk = 0.36   riskauc = 0.91   time = 51151197   
4680/4691   risk = 0.34  oob_risk = 0.36   riskauc = 0.91   time = 52834136   


Train 4691 iterations in 52 Seconds.
Final risk based on the train set: 0.34

INFO  [21:10:36.800] [mlr3]  [LGCOMPBOOST] Completed fitting of restarted compboost model with optimizer nesterov 
INFO  [21:10:41.765] [mlr3]  [LGCOMPBOOST] iterations:'stop_cwb',NA,'stop_acwb',309,'stop_hcwb',4691 
INFO  [21:10:41.768] [mlr3]  [LGCOMPBOOST] risk_inbag:'risk_intercept',0.546723,'risk_cwb',NA,'risk_acwb',0.314158,'risk_hcwb',0.342451 
INFO  [21:10:41.769] [mlr3]  [LGCOMPBOOST] risk_oob:'risk_intercept_oob',0.556791,'risk_cwb_oob',NA,'risk_acwb_oob',0.325121,'risk_hcwb_oob',0.357195 
DEBUG [21:10:41.774] [mlr3]  Learner 'acc_hcwb' on task 'Task 7592: adult (Supervised Classification)' succeeded to fit a model {learner: <LearnerClassifCompboost/LearnerClassif/Learner/R6>, result: <list>, messages: }
DEBUG [21:10:41.787] [mlr3]  Skip subsetting of task 'Task 7592: adult (Supervised Classification)' 
DEBUG [21:10:41.790] [mlr3]  Calling train method of Learner 'acc_hcwb' on task 'Task 7592: adult (Supervised Classification)' with 39074 observations {learner: <LearnerClassifCompboost/LearnerClassif/Learner/R6>}
Warning in get_private(learner)$.train(task) :
  Number of cores 30 exceeds number of features 14. The number of cores are set to 14!
INFO  [21:10:41.880] [mlr3]  [LGCOMPBOOST] Running compboost with df 5.000000 and df_cat 2.000000 
   1/5000   risk = 0.55  oob_risk = 0.56   time = 3   
 125/5000   risk = 0.4  oob_risk = 0.41   time = 1597240   
 250/5000   risk = 0.32  oob_risk = 0.33   time = 2956884   


Train 309 iterations in 3 Seconds.
Final risk based on the train set: 0.31

   1/4691   risk = 0.31  oob_risk = 0.33   time = 2   
 117/4691   risk = 0.32  oob_risk = 0.33   time = 543094   
 234/4691   risk = 0.32  oob_risk = 0.33   time = 1148341   
 351/4691   risk = 0.32  oob_risk = 0.34   time = 1763342   
 468/4691   risk = 0.32  oob_risk = 0.34   time = 2418461   
 585/4691   risk = 0.33  oob_risk = 0.34   time = 3059063   
 702/4691   risk = 0.33  oob_risk = 0.34   time = 3839197   
 819/4691   risk = 0.33  oob_risk = 0.34   time = 4656858   
 936/4691   risk = 0.33  oob_risk = 0.34   time = 5279590   
1053/4691   risk = 0.33  oob_risk = 0.34   time = 5904477   
1170/4691   risk = 0.33  oob_risk = 0.34   time = 6533515   
1287/4691   risk = 0.33  oob_risk = 0.35   time = 7147108   
1404/4691   risk = 0.33  oob_risk = 0.35   time = 7775571   
1521/4691   risk = 0.33  oob_risk = 0.35   time = 8405276   
1638/4691   risk = 0.33  oob_risk = 0.35   time = 9046602   
1755/4691   risk = 0.33  oob_risk = 0.35   time = 9705398   
1872/4691   risk = 0.33  oob_risk = 0.35   time = 10379552   
1989/4691   risk = 0.33  oob_risk = 0.35   time = 11046256   
2106/4691   risk = 0.33  oob_risk = 0.35   time = 11716611   
2223/4691   risk = 0.34  oob_risk = 0.35   time = 12392614   
2340/4691   risk = 0.34  oob_risk = 0.35   time = 13092574   
2457/4691   risk = 0.34  oob_risk = 0.35   time = 14018732   
2574/4691   risk = 0.34  oob_risk = 0.35   time = 14928696   
2691/4691   risk = 0.34  oob_risk = 0.35   time = 15856979   
2808/4691   risk = 0.34  oob_risk = 0.35   time = 16772107   
2925/4691   risk = 0.34  oob_risk = 0.35   time = 17714451   
3042/4691   risk = 0.34  oob_risk = 0.35   time = 18647732   
3159/4691   risk = 0.34  oob_risk = 0.35   time = 19572011   
3276/4691   risk = 0.34  oob_risk = 0.35   time = 20502545   
3393/4691   risk = 0.34  oob_risk = 0.35   time = 21434660   
3510/4691   risk = 0.34  oob_risk = 0.35   time = 22367256   
3627/4691   risk = 0.34  oob_risk = 0.35   time = 23156203   
3744/4691   risk = 0.34  oob_risk = 0.35   time = 24112893   
3861/4691   risk = 0.34  oob_risk = 0.36   time = 25056822   
3978/4691   risk = 0.34  oob_risk = 0.36   time = 26012974   
4095/4691   risk = 0.34  oob_risk = 0.36   time = 26996886   
4212/4691   risk = 0.34  oob_risk = 0.36   time = 27960665   
4329/4691   risk = 0.34  oob_risk = 0.36   time = 28902471   
4446/4691   risk = 0.34  oob_risk = 0.36   time = 29828477   
4563/4691   risk = 0.34  oob_risk = 0.36   time = 30757263   
4680/4691   risk = 0.34  oob_risk = 0.36   time = 31731321   


Train 4691 iterations in 31 Seconds.
Final risk based on the train set: 0.34

INFO  [21:11:18.170] [mlr3]  [LGCOMPBOOST] Completed fitting of restarted compboost model with optimizer nesterov 
INFO  [21:11:22.322] [mlr3]  [LGCOMPBOOST] iterations:'stop_cwb',NA,'stop_acwb',309,'stop_hcwb',4691 
INFO  [21:11:22.324] [mlr3]  [LGCOMPBOOST] risk_inbag:'risk_intercept',0.546723,'risk_cwb',NA,'risk_acwb',0.314158,'risk_hcwb',0.342451 
INFO  [21:11:22.326] [mlr3]  [LGCOMPBOOST] risk_oob:'risk_intercept_oob',0.556791,'risk_cwb_oob',NA,'risk_acwb_oob',0.325121,'risk_hcwb_oob',0.357195 
DEBUG [21:11:22.333] [mlr3]  Learner 'acc_hcwb' on task 'Task 7592: adult (Supervised Classification)' succeeded to fit a model {learner: <LearnerClassifCompboost/LearnerClassif/Learner/R6>, result: <list>, messages: }

### [bt]: Job terminated successfully [batchtools job.id=45]
### [bt]: Calculation finished!
