### [bt]: This is batchtools v0.9.15
### [bt]: Starting calculation of 1 jobs
### [bt]: Setting working directory to '/home/user/repos/cacb-batchtools/eq1'
[2021-07-18] Loading new learner
[2021-07-18 14:37:59] Loading tasks
[2021-07-18 14:38:02] Loading resampling
### [bt]: Memory measurement disabled
### [bt]: Starting job [batchtools job.id=17]
### [bt]: Generating problem instance for problem 'spam-fold4' ...
### [bt]: Applying algorithm 'evaluate-learner' on problem 'spam-fold4' for job 17 (seed = 31432) ...
DEBUG [14:38:03.131] [mlr3]  Skip subsetting of task 'spam' 
DEBUG [14:38:03.134] [mlr3]  Calling train method of Learner 'removeconstants_before.imputemedian_num.imputemode_fct.collapsefactors.removeconstants_after.bin_cwb_b' on task 'spam' with 3682 observations {learner: <GraphLearner/Learner/R6>}
DEBUG [14:38:03.151] Running PipeOp 'removeconstants_before$train()' {pipeop: <PipeOpRemoveConstants/PipeOpTaskPreprocSimple/PipeOpTaskPreproc/PipeOp/R6>, input: <list>}
DEBUG [14:38:03.187] Running PipeOp 'imputemedian_num$train()' {pipeop: <PipeOpImputeMedian/PipeOpImpute/PipeOp/R6>, input: <list>}
DEBUG [14:38:03.437] Running PipeOp 'imputemode_fct$train()' {pipeop: <PipeOpImputeMode/PipeOpImpute/PipeOp/R6>, input: <list>}
DEBUG [14:38:03.452] Running PipeOp 'collapsefactors$train()' {pipeop: <PipeOpCollapseFactors/PipeOpTaskPreprocSimple/PipeOpTaskPreproc/PipeOp/R6>, input: <list>}
DEBUG [14:38:03.465] Running PipeOp 'removeconstants_after$train()' {pipeop: <PipeOpRemoveConstants/PipeOpTaskPreprocSimple/PipeOpTaskPreproc/PipeOp/R6>, input: <list>}
DEBUG [14:38:03.501] Running PipeOp 'bin_cwb_b$train()' {pipeop: <PipeOpLearner/PipeOp/R6>, input: <list>}
DEBUG [14:38:03.508] [mlr3]  Skip subsetting of task 'spam' 
DEBUG [14:38:03.510] [mlr3]  Calling train method of Learner 'bin_cwb_b' on task 'spam' with 3682 observations {learner: <LearnerClassifCompboost/LearnerClassif/Learner/R6>}
INFO  [14:38:03.519] [mlr3]  [LGCOMPBOOST] Running compboost with df 20.000000 and df_cat 1.000000 
   1/5000   risk = 0.64  time = 1   
 125/5000   risk = 0.24  time = 982456   
 250/5000   risk = 0.21  time = 2105730   
 375/5000   risk = 0.19  time = 3149744   
 500/5000   risk = 0.18  time = 4203913   
 625/5000   risk = 0.18  time = 5311785   
 750/5000   risk = 0.17  time = 6341857   
 875/5000   risk = 0.17  time = 7365746   
1000/5000   risk = 0.16  time = 8335922   
1125/5000   risk = 0.16  time = 9339666   
1250/5000   risk = 0.16  time = 10452438   
1375/5000   risk = 0.16  time = 11540038   
1500/5000   risk = 0.15  time = 12689601   
1625/5000   risk = 0.15  time = 13693748   
1750/5000   risk = 0.15  time = 14733281   
1875/5000   risk = 0.15  time = 15933528   
2000/5000   risk = 0.15  time = 17193879   
2125/5000   risk = 0.15  time = 18305124   
2250/5000   risk = 0.14  time = 19480389   
2375/5000   risk = 0.14  time = 20578742   
2500/5000   risk = 0.14  time = 21652037   
2625/5000   risk = 0.14  time = 22689484   
2750/5000   risk = 0.14  time = 23724959   
2875/5000   risk = 0.14  time = 24774943   
3000/5000   risk = 0.14  time = 25868892   
3125/5000   risk = 0.14  time = 26973802   
3250/5000   risk = 0.14  time = 28122293   
3375/5000   risk = 0.13  time = 29166627   
3500/5000   risk = 0.13  time = 30199817   
3625/5000   risk = 0.13  time = 31259341   
3750/5000   risk = 0.13  time = 32259906   
3875/5000   risk = 0.13  time = 33345798   
4000/5000   risk = 0.13  time = 34669210   
4125/5000   risk = 0.13  time = 35765410   
4250/5000   risk = 0.13  time = 36887894   
4375/5000   risk = 0.13  time = 37988623   
4500/5000   risk = 0.13  time = 39061792   
4625/5000   risk = 0.13  time = 40134075   
4750/5000   risk = 0.13  time = 41221626   
4875/5000   risk = 0.13  time = 42274275   
5000/5000   risk = 0.13  time = 43415665   


Train 5000 iterations in 43 Seconds.
Final risk based on the train set: 0.13

INFO  [14:38:57.152] [mlr3]  [LGCOMPBOOST] iterations:'stop_cwb',5000,'stop_acwb',NA,'stop_hcwb',NA 
INFO  [14:38:57.155] [mlr3]  [LGCOMPBOOST] risk_inbag:'risk_intercept',0.670538,'risk_cwb',0.125401,'risk_acwb',NA,'risk_hcwb',NA 
INFO  [14:38:57.156] [mlr3]  [LGCOMPBOOST] risk_oob:'risk_intercept_oob',NA,'risk_cwb_oob',NA,'risk_acwb_oob',NA,'risk_hcwb_oob',NA 
DEBUG [14:38:57.161] [mlr3]  Learner 'bin_cwb_b' on task 'spam' succeeded to fit a model {learner: <LearnerClassifCompboost/LearnerClassif/Learner/R6>, result: <list>, messages: }
DEBUG [14:38:57.175] [mlr3]  Learner 'removeconstants_before.imputemedian_num.imputemode_fct.collapsefactors.removeconstants_after.bin_cwb_b' on task 'spam' succeeded to fit a model {learner: <GraphLearner/Learner/R6>, result: <list>, messages: }
[2021-07-18 14:39:02] (1/1250) Processing iter 4
Error in self$model$setToIteration(iteration, trace) : 
  addition: incompatible matrix dimensions: 3682x1 and 60x1

### [bt]: Job terminated with an exception [batchtools job.id=17]
### [bt]: Calculation finished!
