### [bt]: This is batchtools v0.9.15
### [bt]: Starting calculation of 1 jobs
### [bt]: Setting working directory to '/home/user/repos/cacb-batchtools/eq1'
[2021-07-27 19:25:13] Loading new learner
[2021-07-27 19:25:13] Loading tasks
[2021-07-27 19:25:15] Loading resampling
### [bt]: Memory measurement disabled
### [bt]: Starting job [batchtools job.id=5]
### [bt]: Generating problem instance for problem 'spam-fold2' ...
### [bt]: Applying algorithm 'evaluate-learner' on problem 'spam-fold2' for job 5 (seed = 31420) ...
DEBUG [19:25:16.428] [mlr3]  Skip subsetting of task 'spam' 
DEBUG [19:25:16.432] [mlr3]  Calling train method of Learner 'bin_cwb_nb' on task 'spam' with 3680 observations {learner: <LearnerClassifCompboost/LearnerClassif/Learner/R6>}
   1/5000   risk = 0.64  riskauc = 0.8   time = 2   
 125/5000   risk = 0.23  riskauc = 0.95   time = 1139322   
 250/5000   risk = 0.2  riskauc = 0.96   time = 2272844   
 375/5000   risk = 0.18  riskauc = 0.95   time = 3555434   
 500/5000   risk = 0.17  riskauc = 0.96   time = 4794657   
 625/5000   risk = 0.17  riskauc = 0.95   time = 5953717   
 750/5000   risk = 0.16  riskauc = 0.95   time = 7151357   
 875/5000   risk = 0.15  riskauc = 0.96   time = 8405159   
1000/5000   risk = 0.15  riskauc = 0.95   time = 9634033   
1125/5000   risk = 0.15  riskauc = 0.95   time = 10824841   
1250/5000   risk = 0.14  riskauc = 0.95   time = 11900220   
1375/5000   risk = 0.14  riskauc = 0.95   time = 13452018   
1500/5000   risk = 0.14  riskauc = 0.95   time = 14633849   
1625/5000   risk = 0.14  riskauc = 0.95   time = 15808692   
1750/5000   risk = 0.13  riskauc = 0.95   time = 17128969   
1875/5000   risk = 0.13  riskauc = 0.95   time = 18303092   
2000/5000   risk = 0.13  riskauc = 0.95   time = 19598152   
2125/5000   risk = 0.13  riskauc = 0.95   time = 20769702   
2250/5000   risk = 0.13  riskauc = 0.95   time = 22019782   
2375/5000   risk = 0.12  riskauc = 0.95   time = 23277021   
2500/5000   risk = 0.12  riskauc = 0.95   time = 24526634   
2625/5000   risk = 0.12  riskauc = 0.95   time = 25768340   
2750/5000   risk = 0.12  riskauc = 0.95   time = 26932640   
2875/5000   risk = 0.12  riskauc = 0.95   time = 28066809   
3000/5000   risk = 0.12  riskauc = 0.95   time = 29320014   
3125/5000   risk = 0.12  riskauc = 0.95   time = 30505489   
3250/5000   risk = 0.12  riskauc = 0.95   time = 31662189   
3375/5000   risk = 0.12  riskauc = 0.95   time = 32841508   
3500/5000   risk = 0.11  riskauc = 0.95   time = 33970141   
3625/5000   risk = 0.11  riskauc = 0.95   time = 35083084   
3750/5000   risk = 0.11  riskauc = 0.95   time = 36235961   
3875/5000   risk = 0.11  riskauc = 0.95   time = 37438283   
4000/5000   risk = 0.11  riskauc = 0.95   time = 38553154   
4125/5000   risk = 0.11  riskauc = 0.95   time = 39685022   
4250/5000   risk = 0.11  riskauc = 0.95   time = 40926153   
4375/5000   risk = 0.11  riskauc = 0.95   time = 42233731   
4500/5000   risk = 0.11  riskauc = 0.95   time = 43360815   
4625/5000   risk = 0.11  riskauc = 0.95   time = 44662520   
4750/5000   risk = 0.11  riskauc = 0.95   time = 45873880   
4875/5000   risk = 0.11  riskauc = 0.95   time = 47251068   
5000/5000   risk = 0.11  riskauc = 0.95   time = 48605856   


Train 5000 iterations in 48 Seconds.
Final risk based on the train set: 0.11

DEBUG [19:26:08.184] [mlr3]  Learner 'bin_cwb_nb' on task 'spam' succeeded to fit a model {learner: <LearnerClassifCompboost/LearnerClassif/Learner/R6>, result: <list>, messages: }
DEBUG [19:26:08.199] [mlr3]  Skip subsetting of task 'spam' 
DEBUG [19:26:08.205] [mlr3]  Calling train method of Learner 'bin_cwb_nb' on task 'spam' with 3680 observations {learner: <LearnerClassifCompboost/LearnerClassif/Learner/R6>}
   1/5000   risk = 0.64  time = 2   
 125/5000   risk = 0.23  time = 1140614   
 250/5000   risk = 0.2  time = 2194363   
 375/5000   risk = 0.18  time = 3312596   
 500/5000   risk = 0.17  time = 4362375   
 625/5000   risk = 0.17  time = 5444225   
 750/5000   risk = 0.16  time = 6556264   
 875/5000   risk = 0.15  time = 7642779   
1000/5000   risk = 0.15  time = 8753559   
1125/5000   risk = 0.15  time = 9922805   
1250/5000   risk = 0.14  time = 11011975   
1375/5000   risk = 0.14  time = 12155991   
1500/5000   risk = 0.14  time = 13249668   
1625/5000   risk = 0.14  time = 14499626   
1750/5000   risk = 0.13  time = 15765284   
1875/5000   risk = 0.13  time = 17001604   
2000/5000   risk = 0.13  time = 18131162   
2125/5000   risk = 0.13  time = 19315294   
2250/5000   risk = 0.13  time = 20434688   
2375/5000   risk = 0.12  time = 21532881   
2500/5000   risk = 0.12  time = 22702575   
2625/5000   risk = 0.12  time = 23805305   
2750/5000   risk = 0.12  time = 24953748   
2875/5000   risk = 0.12  time = 26187378   
3000/5000   risk = 0.12  time = 27353372   
3125/5000   risk = 0.12  time = 28486922   
3250/5000   risk = 0.12  time = 29607898   
3375/5000   risk = 0.12  time = 30717954   
3500/5000   risk = 0.11  time = 31877251   
3625/5000   risk = 0.11  time = 33152708   
3750/5000   risk = 0.11  time = 34262969   
3875/5000   risk = 0.11  time = 35410281   
4000/5000   risk = 0.11  time = 36553886   
4125/5000   risk = 0.11  time = 37685911   
4250/5000   risk = 0.11  time = 38774015   
4375/5000   risk = 0.11  time = 40125100   
4500/5000   risk = 0.11  time = 41261685   
4625/5000   risk = 0.11  time = 42610443   
4750/5000   risk = 0.11  time = 43778613   
4875/5000   risk = 0.11  time = 45047145   
5000/5000   risk = 0.11  time = 46145557   


Train 5000 iterations in 46 Seconds.
Final risk based on the train set: 0.11

DEBUG [19:26:56.872] [mlr3]  Learner 'bin_cwb_nb' on task 'spam' succeeded to fit a model {learner: <LearnerClassifCompboost/LearnerClassif/Learner/R6>, result: <list>, messages: }

### [bt]: Job terminated successfully [batchtools job.id=5]
### [bt]: Calculation finished!
