### [bt]: This is batchtools v0.9.15
### [bt]: Starting calculation of 1 jobs
### [bt]: Setting working directory to '/home/user/repos/cacb-batchtools/eq1'
[2021-07-18] Loading new learner
[2021-07-18 18:24:22] Loading tasks
[2021-07-18 18:24:25] Loading resampling
### [bt]: Memory measurement disabled
### [bt]: Starting job [batchtools job.id=77]
### [bt]: Generating problem instance for problem '189866-fold1' ...
### [bt]: Applying algorithm 'evaluate-learner' on problem '189866-fold1' for job 77 (seed = 31492) ...
DEBUG [18:24:30.844] [mlr3]  Skip subsetting of task 'Task 189866: albert (Supervised Classification)' 
DEBUG [18:24:30.847] [mlr3]  Calling train method of Learner 'removeconstants_before.imputemedian_num.imputemode_fct.collapsefactors.removeconstants_after.bin_cwb_b' on task 'Task 189866: albert (Supervised Classification)' with 340192 observations {learner: <GraphLearner/Learner/R6>}
DEBUG [18:24:30.866] Running PipeOp 'removeconstants_before$train()' {pipeop: <PipeOpRemoveConstants/PipeOpTaskPreprocSimple/PipeOpTaskPreproc/PipeOp/R6>, input: <list>}
DEBUG [18:24:32.415] Running PipeOp 'imputemedian_num$train()' {pipeop: <PipeOpImputeMedian/PipeOpImpute/PipeOp/R6>, input: <list>}
DEBUG [18:24:32.993] Running PipeOp 'imputemode_fct$train()' {pipeop: <PipeOpImputeMode/PipeOpImpute/PipeOp/R6>, input: <list>}
DEBUG [18:24:34.462] Running PipeOp 'collapsefactors$train()' {pipeop: <PipeOpCollapseFactors/PipeOpTaskPreprocSimple/PipeOpTaskPreproc/PipeOp/R6>, input: <list>}
DEBUG [18:24:36.967] Running PipeOp 'removeconstants_after$train()' {pipeop: <PipeOpRemoveConstants/PipeOpTaskPreprocSimple/PipeOpTaskPreproc/PipeOp/R6>, input: <list>}
DEBUG [18:24:39.644] Running PipeOp 'bin_cwb_b$train()' {pipeop: <PipeOpLearner/PipeOp/R6>, input: <list>}
DEBUG [18:24:39.654] [mlr3]  Skip subsetting of task 'Task 189866: albert (Supervised Classification)' 
DEBUG [18:24:39.658] [mlr3]  Calling train method of Learner 'bin_cwb_b' on task 'Task 189866: albert (Supervised Classification)' with 340192 observations {learner: <LearnerClassifCompboost/LearnerClassif/Learner/R6>}
INFO  [18:24:40.271] [mlr3]  [LGCOMPBOOST] Running compboost with df 5.000000 and df_cat 3.000000 
   1/5000   risk = 0.69  time = 4   
 125/5000   risk = 0.63  time = 14013100   
 250/5000   risk = 0.63  time = 28577742   
 375/5000   risk = 0.63  time = 43772305   
 500/5000   risk = 0.64  time = 60161356   
 625/5000   risk = 0.64  time = 76769135   
 750/5000   risk = 0.64  time = 93865254   
 875/5000   risk = 0.64  time = 111116670   
1000/5000   risk = 0.64  time = 128535921   
1125/5000   risk = 0.65  time = 146308112   
1250/5000   risk = 0.65  time = 164450341   
1375/5000   risk = 0.65  time = 182739076   
1500/5000   risk = 0.65  time = 201090029   
1625/5000   risk = 0.65  time = 218598972   
1750/5000   risk = 0.65  time = 236501126   
1875/5000   risk = 0.65  time = 254685536   
2000/5000   risk = 0.65  time = 272041832   
2125/5000   risk = 0.65  time = 289703367   
2250/5000   risk = 0.65  time = 308219985   
2375/5000   risk = 0.65  time = 326248112   
2500/5000   risk = 0.65  time = 344332430   
2625/5000   risk = 0.65  time = 362304066   
2750/5000   risk = 0.65  time = 380580018   
2875/5000   risk = 0.65  time = 399225908   
3000/5000   risk = 0.65  time = 417953234   
3125/5000   risk = 0.65  time = 436501359   
3250/5000   risk = 0.65  time = 455115586   
3375/5000   risk = 0.65  time = 473744766   
3500/5000   risk = 0.65  time = 492396617   
3625/5000   risk = 0.65  time = 511108832   
3750/5000   risk = 0.65  time = 529877130   
3875/5000   risk = 0.65  time = 548677909   
4000/5000   risk = 0.65  time = 567588983   
4125/5000   risk = 0.65  time = 585435123   
4250/5000   risk = 0.65  time = 602159897   
4375/5000   risk = 0.65  time = 618458097   
4500/5000   risk = 0.65  time = 635027838   
4625/5000   risk = 0.65  time = 651404378   
4750/5000   risk = 0.65  time = 667189322   
4875/5000   risk = 0.65  time = 683012439   
5000/5000   risk = 0.65  time = 698663458   


Train 5000 iterations in 698 Seconds.
Final risk based on the train set: 0.65

INFO  [18:36:29.955] [mlr3]  [LGCOMPBOOST] iterations:'stop_cwb',5000,'stop_acwb',NA,'stop_hcwb',NA 
INFO  [18:36:29.959] [mlr3]  [LGCOMPBOOST] risk_inbag:'risk_intercept',0.693147,'risk_cwb',0.652228,'risk_acwb',NA,'risk_hcwb',NA 
INFO  [18:36:29.961] [mlr3]  [LGCOMPBOOST] risk_oob:'risk_intercept_oob',NA,'risk_cwb_oob',NA,'risk_acwb_oob',NA,'risk_hcwb_oob',NA 
DEBUG [18:36:29.967] [mlr3]  Learner 'bin_cwb_b' on task 'Task 189866: albert (Supervised Classification)' succeeded to fit a model {learner: <LearnerClassifCompboost/LearnerClassif/Learner/R6>, result: <list>, messages: }
DEBUG [18:36:30.675] [mlr3]  Learner 'removeconstants_before.imputemedian_num.imputemode_fct.collapsefactors.removeconstants_after.bin_cwb_b' on task 'Task 189866: albert (Supervised Classification)' succeeded to fit a model {learner: <GraphLearner/Learner/R6>, result: <list>, messages: }
[2021-07-18 18:36:33] (1/1250) Processing iter 4
Error in self$model$setToIteration(iteration, trace) : 
  addition: incompatible matrix dimensions: 340192x1 and 583x1

### [bt]: Job terminated with an exception [batchtools job.id=77]
### [bt]: Calculation finished!
