### [bt]: This is batchtools v0.9.15
### [bt]: Starting calculation of 1 jobs
### [bt]: Setting working directory to '/home/user/repos/cacb-batchtools/eq1'
[2021-07-27 19:21:09] Loading new learner
[2021-07-27 19:21:09] Loading tasks
[2021-07-27 19:21:11] Loading resampling
### [bt]: Memory measurement disabled
### [bt]: Starting job [batchtools job.id=3]
### [bt]: Generating problem instance for problem 'spam-fold1' ...
### [bt]: Applying algorithm 'evaluate-learner' on problem 'spam-fold1' for job 3 (seed = 31418) ...
DEBUG [19:21:12.409] [mlr3]  Skip subsetting of task 'spam' 
DEBUG [19:21:12.412] [mlr3]  Calling train method of Learner 'acc_acwb' on task 'spam' with 3680 observations {learner: <LearnerClassifCompboost/LearnerClassif/Learner/R6>}
   1/5000   risk = 0.64  riskauc = 0.78   time = 2   
 125/5000   risk = 0.24  riskauc = 0.96   time = 1244980   
 250/5000   risk = 0.14  riskauc = 0.96   time = 2556354   
 375/5000   risk = 0.11  riskauc = 0.96   time = 3787240   
 500/5000   risk = 0.1  riskauc = 0.96   time = 5217774   
 625/5000   risk = 0.096  riskauc = 0.95   time = 6776583   
 750/5000   risk = 0.093  riskauc = 0.95   time = 8100812   
 875/5000   risk = 0.09  riskauc = 0.95   time = 9466687   
1000/5000   risk = 0.088  riskauc = 0.96   time = 10865548   
1125/5000   risk = 0.086  riskauc = 0.96   time = 12147798   
1250/5000   risk = 0.085  riskauc = 0.95   time = 13611708   
1375/5000   risk = 0.084  riskauc = 0.95   time = 14897051   
1500/5000   risk = 0.083  riskauc = 0.95   time = 16188500   
1625/5000   risk = 0.083  riskauc = 0.95   time = 17560919   
1750/5000   risk = 0.082  riskauc = 0.95   time = 18993839   
1875/5000   risk = 0.082  riskauc = 0.95   time = 20326409   
2000/5000   risk = 0.081  riskauc = 0.95   time = 21701156   
2125/5000   risk = 0.081  riskauc = 0.95   time = 23161367   
2250/5000   risk = 0.08  riskauc = 0.95   time = 24615649   
2375/5000   risk = 0.08  riskauc = 0.95   time = 25960710   
2500/5000   risk = 0.079  riskauc = 0.95   time = 27335758   
2625/5000   risk = 0.079  riskauc = 0.95   time = 28737269   
2750/5000   risk = 0.078  riskauc = 0.95   time = 30208265   
2875/5000   risk = 0.077  riskauc = 0.95   time = 31649760   
3000/5000   risk = 0.077  riskauc = 0.95   time = 33072879   
3125/5000   risk = 0.077  riskauc = 0.95   time = 34491133   
3250/5000   risk = 0.077  riskauc = 0.94   time = 35941396   
3375/5000   risk = 0.076  riskauc = 0.94   time = 37497760   
3500/5000   risk = 0.076  riskauc = 0.94   time = 39021947   
3625/5000   risk = 0.076  riskauc = 0.94   time = 40567690   
3750/5000   risk = 0.076  riskauc = 0.94   time = 42054929   
3875/5000   risk = 0.076  riskauc = 0.94   time = 43569691   
4000/5000   risk = 0.075  riskauc = 0.94   time = 45270863   
4125/5000   risk = 0.075  riskauc = 0.94   time = 46918256   
4250/5000   risk = 0.075  riskauc = 0.94   time = 48522702   
4375/5000   risk = 0.075  riskauc = 0.94   time = 50249280   
4500/5000   risk = 0.076  riskauc = 0.94   time = 51874438   
4625/5000   risk = 0.076  riskauc = 0.94   time = 53440293   
4750/5000   risk = 0.075  riskauc = 0.94   time = 55016068   
4875/5000   risk = 0.075  riskauc = 0.94   time = 56632795   
5000/5000   risk = 0.075  riskauc = 0.94   time = 58194773   


Train 5000 iterations in 58 Seconds.
Final risk based on the train set: 0.075

DEBUG [19:22:13.281] [mlr3]  Learner 'acc_acwb' on task 'spam' succeeded to fit a model {learner: <LearnerClassifCompboost/LearnerClassif/Learner/R6>, result: <list>, messages: }
DEBUG [19:22:13.294] [mlr3]  Skip subsetting of task 'spam' 
DEBUG [19:22:13.298] [mlr3]  Calling train method of Learner 'acc_acwb' on task 'spam' with 3680 observations {learner: <LearnerClassifCompboost/LearnerClassif/Learner/R6>}
   1/5000   risk = 0.64  time = 2   
 125/5000   risk = 0.24  time = 1159323   
 250/5000   risk = 0.14  time = 2325300   
 375/5000   risk = 0.11  time = 3655967   
 500/5000   risk = 0.1  time = 4915128   
 625/5000   risk = 0.096  time = 6215405   
 750/5000   risk = 0.093  time = 7661658   
 875/5000   risk = 0.09  time = 8894586   
1000/5000   risk = 0.088  time = 10244955   
1125/5000   risk = 0.086  time = 11482124   
1250/5000   risk = 0.085  time = 12706378   
1375/5000   risk = 0.084  time = 14030702   
1500/5000   risk = 0.083  time = 15343885   
1625/5000   risk = 0.083  time = 16649059   
1750/5000   risk = 0.082  time = 18029192   
1875/5000   risk = 0.082  time = 19496611   
2000/5000   risk = 0.081  time = 20871024   
2125/5000   risk = 0.081  time = 22200824   
2250/5000   risk = 0.08  time = 23539842   
2375/5000   risk = 0.08  time = 24902432   
2500/5000   risk = 0.079  time = 26224406   
2625/5000   risk = 0.079  time = 27601413   
2750/5000   risk = 0.078  time = 28932008   
2875/5000   risk = 0.077  time = 30352547   
3000/5000   risk = 0.077  time = 31811718   
3125/5000   risk = 0.077  time = 33229403   
3250/5000   risk = 0.077  time = 34655679   
3375/5000   risk = 0.076  time = 36086273   
3500/5000   risk = 0.076  time = 37525846   
3625/5000   risk = 0.076  time = 38932597   
3750/5000   risk = 0.076  time = 40351768   
3875/5000   risk = 0.076  time = 41840932   
4000/5000   risk = 0.075  time = 43235728   
4125/5000   risk = 0.075  time = 44779382   
4250/5000   risk = 0.075  time = 46191176   
4375/5000   risk = 0.075  time = 47644136   
4500/5000   risk = 0.076  time = 49232391   
4625/5000   risk = 0.076  time = 50734629   
4750/5000   risk = 0.075  time = 52208300   
4875/5000   risk = 0.075  time = 53696294   
5000/5000   risk = 0.075  time = 55173160   


Train 5000 iterations in 55 Seconds.
Final risk based on the train set: 0.075

DEBUG [19:23:10.940] [mlr3]  Learner 'acc_acwb' on task 'spam' succeeded to fit a model {learner: <LearnerClassifCompboost/LearnerClassif/Learner/R6>, result: <list>, messages: }

### [bt]: Job terminated successfully [batchtools job.id=3]
### [bt]: Calculation finished!
