### [bt]: This is batchtools v0.9.15
### [bt]: Starting calculation of 1 jobs
### [bt]: Setting working directory to '/home/user/repos/cacb-batchtools/eq1'
[2021-07-25 20:51:26] Loading new learner
[2021-07-25 20:51:26] Loading tasks
[2021-07-25 20:51:29] Loading resampling
### [bt]: Memory measurement disabled
### [bt]: Starting job [batchtools job.id=37]
### [bt]: Generating problem instance for problem '7592-fold3' ...
### [bt]: Applying algorithm 'evaluate-learner' on problem '7592-fold3' for job 37 (seed = 31452) ...
DEBUG [20:51:30.493] [mlr3]  Skip subsetting of task 'Task 7592: adult (Supervised Classification)' 
DEBUG [20:51:30.497] [mlr3]  Calling train method of Learner 'bin_cwb_b' on task 'Task 7592: adult (Supervised Classification)' with 39074 observations {learner: <LearnerClassifCompboost/LearnerClassif/Learner/R6>}
Warning in get_private(learner)$.train(task) :
  Number of cores 30 exceeds number of features 14. The number of cores are set to 14!
INFO  [20:51:30.575] [mlr3]  [LGCOMPBOOST] Running compboost with df 5.000000 and df_cat 2.000000 
   1/5000   risk = 0.54  riskauc = 0.78   time = 3   
 125/5000   risk = 0.35  riskauc = 0.9   time = 1127580   
 250/5000   risk = 0.34  riskauc = 0.91   time = 2140639   
 375/5000   risk = 0.34  riskauc = 0.91   time = 3151892   
 500/5000   risk = 0.35  riskauc = 0.91   time = 4209889   
 625/5000   risk = 0.35  riskauc = 0.91   time = 5186958   
 750/5000   risk = 0.35  riskauc = 0.91   time = 6121020   
 875/5000   risk = 0.35  riskauc = 0.91   time = 7047031   
1000/5000   risk = 0.35  riskauc = 0.91   time = 8050497   
1125/5000   risk = 0.35  riskauc = 0.91   time = 8986939   
1250/5000   risk = 0.35  riskauc = 0.91   time = 9918441   
1375/5000   risk = 0.35  riskauc = 0.91   time = 10864425   
1500/5000   risk = 0.36  riskauc = 0.91   time = 11790950   
1625/5000   risk = 0.36  riskauc = 0.91   time = 12722110   
1750/5000   risk = 0.36  riskauc = 0.91   time = 13690286   
1875/5000   risk = 0.36  riskauc = 0.91   time = 14641440   
2000/5000   risk = 0.36  riskauc = 0.91   time = 15806934   
2125/5000   risk = 0.36  riskauc = 0.91   time = 16814645   
2250/5000   risk = 0.36  riskauc = 0.91   time = 17812315   
2375/5000   risk = 0.36  riskauc = 0.91   time = 18823421   
2500/5000   risk = 0.36  riskauc = 0.91   time = 19867641   
2625/5000   risk = 0.36  riskauc = 0.91   time = 20901725   
2750/5000   risk = 0.36  riskauc = 0.91   time = 21904151   
2875/5000   risk = 0.36  riskauc = 0.91   time = 22939691   
3000/5000   risk = 0.36  riskauc = 0.91   time = 23923322   
3125/5000   risk = 0.36  riskauc = 0.91   time = 24917748   
3250/5000   risk = 0.36  riskauc = 0.91   time = 26050900   
3375/5000   risk = 0.36  riskauc = 0.91   time = 27089208   
3500/5000   risk = 0.36  riskauc = 0.91   time = 28108761   
3625/5000   risk = 0.36  riskauc = 0.91   time = 29104896   
3750/5000   risk = 0.36  riskauc = 0.91   time = 30092456   
3875/5000   risk = 0.36  riskauc = 0.91   time = 31489436   
4000/5000   risk = 0.36  riskauc = 0.91   time = 32524736   
4125/5000   risk = 0.36  riskauc = 0.91   time = 33550171   
4250/5000   risk = 0.36  riskauc = 0.91   time = 34592091   
4375/5000   risk = 0.36  riskauc = 0.91   time = 35586408   
4500/5000   risk = 0.36  riskauc = 0.91   time = 36527965   
4625/5000   risk = 0.36  riskauc = 0.91   time = 37481190   
4750/5000   risk = 0.36  riskauc = 0.91   time = 38560001   
4875/5000   risk = 0.36  riskauc = 0.91   time = 39579029   
5000/5000   risk = 0.36  riskauc = 0.92   time = 40565417   


Train 5000 iterations in 40 Seconds.
Final risk based on the train set: 0.36

INFO  [20:52:18.778] [mlr3]  [LGCOMPBOOST] iterations:'stop_cwb',5000,'stop_acwb',NA,'stop_hcwb',NA 
INFO  [20:52:18.780] [mlr3]  [LGCOMPBOOST] risk_inbag:'risk_intercept',0.550260,'risk_cwb',0.358155,'risk_acwb',NA,'risk_hcwb',NA 
INFO  [20:52:18.782] [mlr3]  [LGCOMPBOOST] risk_oob:'risk_intercept_oob',NA,'risk_cwb_oob',NA,'risk_acwb_oob',NA,'risk_hcwb_oob',NA 
DEBUG [20:52:18.786] [mlr3]  Learner 'bin_cwb_b' on task 'Task 7592: adult (Supervised Classification)' succeeded to fit a model {learner: <LearnerClassifCompboost/LearnerClassif/Learner/R6>, result: <list>, messages: }
DEBUG [20:52:18.797] [mlr3]  Skip subsetting of task 'Task 7592: adult (Supervised Classification)' 
DEBUG [20:52:18.800] [mlr3]  Calling train method of Learner 'bin_cwb_b' on task 'Task 7592: adult (Supervised Classification)' with 39074 observations {learner: <LearnerClassifCompboost/LearnerClassif/Learner/R6>}
Warning in get_private(learner)$.train(task) :
  Number of cores 30 exceeds number of features 14. The number of cores are set to 14!
INFO  [20:52:18.866] [mlr3]  [LGCOMPBOOST] Running compboost with df 5.000000 and df_cat 2.000000 
   1/5000   risk = 0.54  time = 2   
 125/5000   risk = 0.35  time = 412069   
 250/5000   risk = 0.34  time = 782331   
 375/5000   risk = 0.34  time = 1144884   
 500/5000   risk = 0.35  time = 1501813   
 625/5000   risk = 0.35  time = 1853472   
 750/5000   risk = 0.35  time = 2200840   
 875/5000   risk = 0.35  time = 2554666   
1000/5000   risk = 0.35  time = 2910391   
1125/5000   risk = 0.35  time = 3271832   
1250/5000   risk = 0.35  time = 3692091   
1375/5000   risk = 0.35  time = 4197627   
1500/5000   risk = 0.36  time = 4702493   
1625/5000   risk = 0.36  time = 5216142   
1750/5000   risk = 0.36  time = 5733103   
1875/5000   risk = 0.36  time = 6232013   
2000/5000   risk = 0.36  time = 6750665   
2125/5000   risk = 0.36  time = 7297002   
2250/5000   risk = 0.36  time = 7882785   
2375/5000   risk = 0.36  time = 8429833   
2500/5000   risk = 0.36  time = 8965978   
2625/5000   risk = 0.36  time = 9503401   
2750/5000   risk = 0.36  time = 10027633   
2875/5000   risk = 0.36  time = 10509323   
3000/5000   risk = 0.36  time = 11001771   
3125/5000   risk = 0.36  time = 11478978   
3250/5000   risk = 0.36  time = 11952939   
3375/5000   risk = 0.36  time = 12424920   
3500/5000   risk = 0.36  time = 12908860   
3625/5000   risk = 0.36  time = 13400044   
3750/5000   risk = 0.36  time = 13924289   
3875/5000   risk = 0.36  time = 14431815   
4000/5000   risk = 0.36  time = 14957515   
4125/5000   risk = 0.36  time = 15479465   
4250/5000   risk = 0.36  time = 16025209   
4375/5000   risk = 0.36  time = 16548625   
4500/5000   risk = 0.36  time = 17078787   
4625/5000   risk = 0.36  time = 17608088   
4750/5000   risk = 0.36  time = 18130955   
4875/5000   risk = 0.36  time = 18647898   
5000/5000   risk = 0.36  time = 19190996   


Train 5000 iterations in 19 Seconds.
Final risk based on the train set: 0.36

INFO  [20:52:44.645] [mlr3]  [LGCOMPBOOST] iterations:'stop_cwb',5000,'stop_acwb',NA,'stop_hcwb',NA 
INFO  [20:52:44.650] [mlr3]  [LGCOMPBOOST] risk_inbag:'risk_intercept',0.550260,'risk_cwb',0.358155,'risk_acwb',NA,'risk_hcwb',NA 
INFO  [20:52:44.651] [mlr3]  [LGCOMPBOOST] risk_oob:'risk_intercept_oob',NA,'risk_cwb_oob',NA,'risk_acwb_oob',NA,'risk_hcwb_oob',NA 
DEBUG [20:52:44.658] [mlr3]  Learner 'bin_cwb_b' on task 'Task 7592: adult (Supervised Classification)' succeeded to fit a model {learner: <LearnerClassifCompboost/LearnerClassif/Learner/R6>, result: <list>, messages: }

### [bt]: Job terminated successfully [batchtools job.id=37]
### [bt]: Calculation finished!
