### [bt]: This is batchtools v0.9.15
### [bt]: Starting calculation of 1 jobs
### [bt]: Setting working directory to '/home/user/repos/cacb-batchtools/eq1'
[2021-07-19] Loading new learner
[2021-07-19 18:02:06] Loading tasks
[2021-07-19 18:02:09] Loading resampling
### [bt]: Memory measurement disabled
### [bt]: Starting job [batchtools job.id=87]
### [bt]: Generating problem instance for problem '189866-fold3' ...
### [bt]: Applying algorithm 'evaluate-learner' on problem '189866-fold3' for job 87 (seed = 31502) ...
DEBUG [18:02:13.807] [mlr3]  Skip subsetting of task 'Task 189866: albert (Supervised Classification)' 
DEBUG [18:02:13.811] [mlr3]  Calling train method of Learner 'removeconstants_before.imputemedian_num.imputemode_fct.collapsefactors.removeconstants_after.bin_cwb_b' on task 'Task 189866: albert (Supervised Classification)' with 340192 observations {learner: <GraphLearner/Learner/R6>}
DEBUG [18:02:13.832] Running PipeOp 'removeconstants_before$train()' {pipeop: <PipeOpRemoveConstants/PipeOpTaskPreprocSimple/PipeOpTaskPreproc/PipeOp/R6>, input: <list>}
DEBUG [18:02:15.378] Running PipeOp 'imputemedian_num$train()' {pipeop: <PipeOpImputeMedian/PipeOpImpute/PipeOp/R6>, input: <list>}
DEBUG [18:02:15.954] Running PipeOp 'imputemode_fct$train()' {pipeop: <PipeOpImputeMode/PipeOpImpute/PipeOp/R6>, input: <list>}
DEBUG [18:02:17.312] Running PipeOp 'collapsefactors$train()' {pipeop: <PipeOpCollapseFactors/PipeOpTaskPreprocSimple/PipeOpTaskPreproc/PipeOp/R6>, input: <list>}
DEBUG [18:02:19.992] Running PipeOp 'removeconstants_after$train()' {pipeop: <PipeOpRemoveConstants/PipeOpTaskPreprocSimple/PipeOpTaskPreproc/PipeOp/R6>, input: <list>}
DEBUG [18:02:22.182] Running PipeOp 'bin_cwb_b$train()' {pipeop: <PipeOpLearner/PipeOp/R6>, input: <list>}
DEBUG [18:02:22.192] [mlr3]  Skip subsetting of task 'Task 189866: albert (Supervised Classification)' 
DEBUG [18:02:22.197] [mlr3]  Calling train method of Learner 'bin_cwb_b' on task 'Task 189866: albert (Supervised Classification)' with 340192 observations {learner: <LearnerClassifCompboost/LearnerClassif/Learner/R6>}
INFO  [18:02:22.845] [mlr3]  [LGCOMPBOOST] Running compboost with df 5.000000 and df_cat 3.000000 
   1/5000   risk = 0.69  time = 3   
 125/5000   risk = 0.63  time = 17355708   
 250/5000   risk = 0.63  time = 34460006   
 375/5000   risk = 0.63  time = 51642670   
 500/5000   risk = 0.64  time = 69474651   
 625/5000   risk = 0.64  time = 87481271   
 750/5000   risk = 0.64  time = 104539254   
 875/5000   risk = 0.64  time = 121368348   
1000/5000   risk = 0.64  time = 137977224   
1125/5000   risk = 0.64  time = 154797629   
1250/5000   risk = 0.65  time = 172472696   
1375/5000   risk = 0.65  time = 190229219   
1500/5000   risk = 0.65  time = 207620087   
1625/5000   risk = 0.65  time = 225308735   
1750/5000   risk = 0.65  time = 243428227   
1875/5000   risk = 0.65  time = 260784192   
2000/5000   risk = 0.65  time = 277969825   
2125/5000   risk = 0.65  time = 296188713   
2250/5000   risk = 0.65  time = 314519642   
2375/5000   risk = 0.65  time = 332962883   
2500/5000   risk = 0.65  time = 350518948   
2625/5000   risk = 0.65  time = 367168687   
2750/5000   risk = 0.65  time = 383665245   
2875/5000   risk = 0.65  time = 400659734   
3000/5000   risk = 0.65  time = 418066552   
3125/5000   risk = 0.65  time = 435464121   
3250/5000   risk = 0.65  time = 453530878   
3375/5000   risk = 0.65  time = 471639340   
3500/5000   risk = 0.65  time = 489957177   
3625/5000   risk = 0.65  time = 507887394   
3750/5000   risk = 0.65  time = 525367501   
3875/5000   risk = 0.65  time = 542645565   
4000/5000   risk = 0.65  time = 559563621   
4125/5000   risk = 0.65  time = 576256012   
4250/5000   risk = 0.65  time = 593481124   
4375/5000   risk = 0.65  time = 610683892   
4500/5000   risk = 0.65  time = 628620321   
4625/5000   risk = 0.65  time = 647367669   
4750/5000   risk = 0.65  time = 666187829   
4875/5000   risk = 0.65  time = 684584125   
5000/5000   risk = 0.65  time = 701921850   


Train 5000 iterations in 702 Seconds.
Final risk based on the train set: 0.65

INFO  [18:14:15.486] [mlr3]  [LGCOMPBOOST] iterations:'stop_cwb',5000,'stop_acwb',NA,'stop_hcwb',NA 
INFO  [18:14:15.491] [mlr3]  [LGCOMPBOOST] risk_inbag:'risk_intercept',0.693147,'risk_cwb',0.651715,'risk_acwb',NA,'risk_hcwb',NA 
INFO  [18:14:15.493] [mlr3]  [LGCOMPBOOST] risk_oob:'risk_intercept_oob',NA,'risk_cwb_oob',NA,'risk_acwb_oob',NA,'risk_hcwb_oob',NA 
DEBUG [18:14:15.500] [mlr3]  Learner 'bin_cwb_b' on task 'Task 189866: albert (Supervised Classification)' succeeded to fit a model {learner: <LearnerClassifCompboost/LearnerClassif/Learner/R6>, result: <list>, messages: }
DEBUG [18:14:15.998] [mlr3]  Learner 'removeconstants_before.imputemedian_num.imputemode_fct.collapsefactors.removeconstants_after.bin_cwb_b' on task 'Task 189866: albert (Supervised Classification)' succeeded to fit a model {learner: <GraphLearner/Learner/R6>, result: <list>, messages: }
[2021-07-19 18:14:18] (1/1250) Processing iter 4
Error in self$model$setToIteration(iteration, trace) : 
  addition: incompatible matrix dimensions: 340192x1 and 583x1

### [bt]: Job terminated with an exception [batchtools job.id=87]
### [bt]: Calculation finished!
