### [bt]: This is batchtools v0.9.15
### [bt]: Starting calculation of 1 jobs
### [bt]: Setting working directory to '/home/user/repos/cacb-batchtools/eq1'
[2021-07-26 00:31:16] Loading new learner
[2021-07-26 00:31:16] Loading tasks
[2021-07-26 00:31:19] Loading resampling
### [bt]: Memory measurement disabled
### [bt]: Starting job [batchtools job.id=21]
### [bt]: Generating problem instance for problem 'spam-fold5' ...
### [bt]: Applying algorithm 'evaluate-learner' on problem 'spam-fold5' for job 21 (seed = 31436) ...
DEBUG [00:31:20.633] [mlr3]  Skip subsetting of task 'spam' 
DEBUG [00:31:20.636] [mlr3]  Calling train method of Learner 'bin_cwb_nb' on task 'spam' with 3682 observations {learner: <LearnerClassifCompboost/LearnerClassif/Learner/R6>}
INFO  [00:31:20.647] [mlr3]  [LGCOMPBOOST] Running compboost with df 20.000000 and df_cat 1.000000 
   1/5000   risk = 0.64  riskauc = 0.78   time = 2   
 125/5000   risk = 0.23  riskauc = 0.96   time = 1205641   
 250/5000   risk = 0.2  riskauc = 0.97   time = 2358347   
 375/5000   risk = 0.18  riskauc = 0.97   time = 3643952   
 500/5000   risk = 0.17  riskauc = 0.96   time = 4799969   
 625/5000   risk = 0.17  riskauc = 0.97   time = 5904061   
 750/5000   risk = 0.16  riskauc = 0.97   time = 6968134   
 875/5000   risk = 0.16  riskauc = 0.97   time = 8134728   
1000/5000   risk = 0.15  riskauc = 0.97   time = 9355797   
1125/5000   risk = 0.15  riskauc = 0.97   time = 10999604   
1250/5000   risk = 0.15  riskauc = 0.96   time = 12373564   
1375/5000   risk = 0.14  riskauc = 0.96   time = 13644917   
1500/5000   risk = 0.14  riskauc = 0.96   time = 14807331   
1625/5000   risk = 0.14  riskauc = 0.96   time = 15930932   
1750/5000   risk = 0.14  riskauc = 0.96   time = 17120933   
1875/5000   risk = 0.14  riskauc = 0.96   time = 18327241   
2000/5000   risk = 0.13  riskauc = 0.96   time = 19555311   
2125/5000   risk = 0.13  riskauc = 0.96   time = 20916715   
2250/5000   risk = 0.13  riskauc = 0.96   time = 22123129   
2375/5000   risk = 0.13  riskauc = 0.96   time = 23400876   
2500/5000   risk = 0.13  riskauc = 0.96   time = 24535247   
2625/5000   risk = 0.13  riskauc = 0.96   time = 25722030   
2750/5000   risk = 0.13  riskauc = 0.96   time = 26963504   
2875/5000   risk = 0.12  riskauc = 0.96   time = 28212060   
3000/5000   risk = 0.12  riskauc = 0.96   time = 29411528   
3125/5000   risk = 0.12  riskauc = 0.96   time = 30670357   
3250/5000   risk = 0.12  riskauc = 0.96   time = 31890620   
3375/5000   risk = 0.12  riskauc = 0.96   time = 33126411   
3500/5000   risk = 0.12  riskauc = 0.96   time = 34350241   
3625/5000   risk = 0.12  riskauc = 0.96   time = 35462550   
3750/5000   risk = 0.12  riskauc = 0.96   time = 36565411   
3875/5000   risk = 0.12  riskauc = 0.96   time = 37719954   
4000/5000   risk = 0.12  riskauc = 0.96   time = 38889129   
4125/5000   risk = 0.12  riskauc = 0.96   time = 40130407   
4250/5000   risk = 0.12  riskauc = 0.96   time = 41432395   
4375/5000   risk = 0.12  riskauc = 0.96   time = 42756463   
4500/5000   risk = 0.11  riskauc = 0.96   time = 44039710   
4625/5000   risk = 0.11  riskauc = 0.96   time = 45338259   
4750/5000   risk = 0.11  riskauc = 0.96   time = 46634453   
4875/5000   risk = 0.11  riskauc = 0.96   time = 47821172   
5000/5000   risk = 0.11  riskauc = 0.96   time = 49021569   


Train 5000 iterations in 49 Seconds.
Final risk based on the train set: 0.11

INFO  [00:32:19.114] [mlr3]  [LGCOMPBOOST] iterations:'stop_cwb',5000,'stop_acwb',NA,'stop_hcwb',NA 
INFO  [00:32:19.117] [mlr3]  [LGCOMPBOOST] risk_inbag:'risk_intercept',0.670538,'risk_cwb',0.112050,'risk_acwb',NA,'risk_hcwb',NA 
INFO  [00:32:19.118] [mlr3]  [LGCOMPBOOST] risk_oob:'risk_intercept_oob',NA,'risk_cwb_oob',NA,'risk_acwb_oob',NA,'risk_hcwb_oob',NA 
DEBUG [00:32:19.123] [mlr3]  Learner 'bin_cwb_nb' on task 'spam' succeeded to fit a model {learner: <LearnerClassifCompboost/LearnerClassif/Learner/R6>, result: <list>, messages: }
DEBUG [00:32:19.135] [mlr3]  Skip subsetting of task 'spam' 
DEBUG [00:32:19.138] [mlr3]  Calling train method of Learner 'bin_cwb_nb' on task 'spam' with 3682 observations {learner: <LearnerClassifCompboost/LearnerClassif/Learner/R6>}
INFO  [00:32:19.149] [mlr3]  [LGCOMPBOOST] Running compboost with df 20.000000 and df_cat 1.000000 
   1/5000   risk = 0.64  time = 2   
 125/5000   risk = 0.23  time = 1064161   
 250/5000   risk = 0.2  time = 2147460   
 375/5000   risk = 0.18  time = 3268001   
 500/5000   risk = 0.17  time = 4361292   
 625/5000   risk = 0.17  time = 5424013   
 750/5000   risk = 0.16  time = 6514701   
 875/5000   risk = 0.16  time = 7688223   
1000/5000   risk = 0.15  time = 8840875   
1125/5000   risk = 0.15  time = 9986214   
1250/5000   risk = 0.15  time = 11120910   
1375/5000   risk = 0.14  time = 12228489   
1500/5000   risk = 0.14  time = 13314847   
1625/5000   risk = 0.14  time = 14671423   
1750/5000   risk = 0.14  time = 15829345   
1875/5000   risk = 0.14  time = 16979973   
2000/5000   risk = 0.13  time = 18008520   
2125/5000   risk = 0.13  time = 19171596   
2250/5000   risk = 0.13  time = 20344639   
2375/5000   risk = 0.13  time = 21489127   
2500/5000   risk = 0.13  time = 22615958   
2625/5000   risk = 0.13  time = 23737152   
2750/5000   risk = 0.13  time = 24869333   
2875/5000   risk = 0.12  time = 26003985   
3000/5000   risk = 0.12  time = 27190126   
3125/5000   risk = 0.12  time = 28245711   
3250/5000   risk = 0.12  time = 29328405   
3375/5000   risk = 0.12  time = 30419514   
3500/5000   risk = 0.12  time = 31542293   
3625/5000   risk = 0.12  time = 32603475   
3750/5000   risk = 0.12  time = 33617119   
3875/5000   risk = 0.12  time = 34752637   
4000/5000   risk = 0.12  time = 35952769   
4125/5000   risk = 0.12  time = 37057373   
4250/5000   risk = 0.12  time = 38339284   
4375/5000   risk = 0.12  time = 39563300   
4500/5000   risk = 0.11  time = 40654819   
4625/5000   risk = 0.11  time = 41775032   
4750/5000   risk = 0.11  time = 42853599   
4875/5000   risk = 0.11  time = 44019367   
5000/5000   risk = 0.11  time = 45190556   


Train 5000 iterations in 45 Seconds.
Final risk based on the train set: 0.11

INFO  [00:33:13.225] [mlr3]  [LGCOMPBOOST] iterations:'stop_cwb',5000,'stop_acwb',NA,'stop_hcwb',NA 
INFO  [00:33:13.228] [mlr3]  [LGCOMPBOOST] risk_inbag:'risk_intercept',0.670538,'risk_cwb',0.112050,'risk_acwb',NA,'risk_hcwb',NA 
INFO  [00:33:13.230] [mlr3]  [LGCOMPBOOST] risk_oob:'risk_intercept_oob',NA,'risk_cwb_oob',NA,'risk_acwb_oob',NA,'risk_hcwb_oob',NA 
DEBUG [00:33:13.235] [mlr3]  Learner 'bin_cwb_nb' on task 'spam' succeeded to fit a model {learner: <LearnerClassifCompboost/LearnerClassif/Learner/R6>, result: <list>, messages: }

### [bt]: Job terminated successfully [batchtools job.id=21]
### [bt]: Calculation finished!
