### [bt]: This is batchtools v0.9.15
### [bt]: Starting calculation of 1 jobs
### [bt]: Setting working directory to '/home/user/repos/cacb-batchtools/eq1'
[2021-07-26 00:57:19] Loading new learner
[2021-07-26 00:57:19] Loading tasks
[2021-07-26 00:57:21] Loading resampling
### [bt]: Memory measurement disabled
### [bt]: Starting job [batchtools job.id=33]
### [bt]: Generating problem instance for problem '7592-fold2' ...
### [bt]: Applying algorithm 'evaluate-learner' on problem '7592-fold2' for job 33 (seed = 31448) ...
DEBUG [00:57:22.787] [mlr3]  Skip subsetting of task 'Task 7592: adult (Supervised Classification)' 
DEBUG [00:57:22.791] [mlr3]  Calling train method of Learner 'acc_cwb' on task 'Task 7592: adult (Supervised Classification)' with 39073 observations {learner: <LearnerClassifCompboost/LearnerClassif/Learner/R6>}
Warning in get_private(learner)$.train(task) :
  Number of cores 30 exceeds number of features 14. The number of cores are set to 14!
INFO  [00:57:22.893] [mlr3]  [LGCOMPBOOST] Running compboost with df 5.000000 and df_cat 2.000000 
   1/5000   risk = 0.55  riskauc = 0.77   time = 2   
 125/5000   risk = 0.45  riskauc = 0.86   time = 1701525   
 250/5000   risk = 0.41  riskauc = 0.87   time = 3242095   
 375/5000   risk = 0.39  riskauc = 0.88   time = 5413933   
 500/5000   risk = 0.38  riskauc = 0.88   time = 7107724   
 625/5000   risk = 0.37  riskauc = 0.89   time = 8762903   
 750/5000   risk = 0.36  riskauc = 0.89   time = 10356681   
 875/5000   risk = 0.36  riskauc = 0.89   time = 11756065   
1000/5000   risk = 0.35  riskauc = 0.89   time = 13200870   
1125/5000   risk = 0.35  riskauc = 0.9   time = 14686616   
1250/5000   risk = 0.35  riskauc = 0.9   time = 16244513   
1375/5000   risk = 0.35  riskauc = 0.9   time = 17729311   
1500/5000   risk = 0.34  riskauc = 0.9   time = 19203518   
1625/5000   risk = 0.34  riskauc = 0.9   time = 20630655   
1750/5000   risk = 0.34  riskauc = 0.9   time = 22064518   
1875/5000   risk = 0.34  riskauc = 0.9   time = 23434582   
2000/5000   risk = 0.34  riskauc = 0.9   time = 24947186   
2125/5000   risk = 0.34  riskauc = 0.9   time = 26467650   
2250/5000   risk = 0.34  riskauc = 0.9   time = 27948774   
2375/5000   risk = 0.34  riskauc = 0.9   time = 29396645   
2500/5000   risk = 0.34  riskauc = 0.9   time = 30807670   
2625/5000   risk = 0.34  riskauc = 0.9   time = 32259479   
2750/5000   risk = 0.34  riskauc = 0.9   time = 33643187   
2875/5000   risk = 0.34  riskauc = 0.9   time = 35085597   
3000/5000   risk = 0.34  riskauc = 0.9   time = 36525920   
3125/5000   risk = 0.34  riskauc = 0.9   time = 37928533   
3250/5000   risk = 0.34  riskauc = 0.9   time = 39312283   
3375/5000   risk = 0.34  riskauc = 0.9   time = 40729233   
3500/5000   risk = 0.34  riskauc = 0.9   time = 42184116   
3625/5000   risk = 0.34  riskauc = 0.9   time = 44079603   
3750/5000   risk = 0.34  riskauc = 0.9   time = 45844177   
3875/5000   risk = 0.34  riskauc = 0.91   time = 47520552   
4000/5000   risk = 0.34  riskauc = 0.91   time = 49277605   
4125/5000   risk = 0.34  riskauc = 0.91   time = 51025260   
4250/5000   risk = 0.34  riskauc = 0.91   time = 52837789   
4375/5000   risk = 0.34  riskauc = 0.91   time = 54729773   
4500/5000   risk = 0.34  riskauc = 0.91   time = 56631073   
4625/5000   risk = 0.34  riskauc = 0.91   time = 58449338   
4750/5000   risk = 0.34  riskauc = 0.91   time = 60370330   
4875/5000   risk = 0.34  riskauc = 0.91   time = 62312593   
5000/5000   risk = 0.34  riskauc = 0.91   time = 63851912   


Train 5000 iterations in 63 Seconds.
Final risk based on the train set: 0.34

INFO  [00:58:34.257] [mlr3]  [LGCOMPBOOST] iterations:'stop_cwb',5000,'stop_acwb',NA,'stop_hcwb',NA 
INFO  [00:58:34.260] [mlr3]  [LGCOMPBOOST] risk_inbag:'risk_intercept',0.550237,'risk_cwb',0.344420,'risk_acwb',NA,'risk_hcwb',NA 
INFO  [00:58:34.262] [mlr3]  [LGCOMPBOOST] risk_oob:'risk_intercept_oob',NA,'risk_cwb_oob',NA,'risk_acwb_oob',NA,'risk_hcwb_oob',NA 
DEBUG [00:58:34.267] [mlr3]  Learner 'acc_cwb' on task 'Task 7592: adult (Supervised Classification)' succeeded to fit a model {learner: <LearnerClassifCompboost/LearnerClassif/Learner/R6>, result: <list>, messages: }
DEBUG [00:58:34.280] [mlr3]  Skip subsetting of task 'Task 7592: adult (Supervised Classification)' 
DEBUG [00:58:34.283] [mlr3]  Calling train method of Learner 'acc_cwb' on task 'Task 7592: adult (Supervised Classification)' with 39073 observations {learner: <LearnerClassifCompboost/LearnerClassif/Learner/R6>}
Warning in get_private(learner)$.train(task) :
  Number of cores 30 exceeds number of features 14. The number of cores are set to 14!
INFO  [00:58:34.358] [mlr3]  [LGCOMPBOOST] Running compboost with df 5.000000 and df_cat 2.000000 
   1/5000   risk = 0.55  time = 2   
 125/5000   risk = 0.45  time = 1158934   
 250/5000   risk = 0.41  time = 2268849   
 375/5000   risk = 0.39  time = 3379982   
 500/5000   risk = 0.38  time = 4520223   
 625/5000   risk = 0.37  time = 5662965   
 750/5000   risk = 0.36  time = 6779936   
 875/5000   risk = 0.36  time = 7894511   
1000/5000   risk = 0.35  time = 9051075   
1125/5000   risk = 0.35  time = 10105014   
1250/5000   risk = 0.35  time = 11141648   
1375/5000   risk = 0.35  time = 12291147   
1500/5000   risk = 0.34  time = 13455946   
1625/5000   risk = 0.34  time = 14620390   
1750/5000   risk = 0.34  time = 15797981   
1875/5000   risk = 0.34  time = 16955058   
2000/5000   risk = 0.34  time = 18104992   
2125/5000   risk = 0.34  time = 19230540   
2250/5000   risk = 0.34  time = 20360965   
2375/5000   risk = 0.34  time = 21503291   
2500/5000   risk = 0.34  time = 22670210   
2625/5000   risk = 0.34  time = 23812268   
2750/5000   risk = 0.34  time = 24979667   
2875/5000   risk = 0.34  time = 26137393   
3000/5000   risk = 0.34  time = 27258362   
3125/5000   risk = 0.34  time = 28372903   
3250/5000   risk = 0.34  time = 29487229   
3375/5000   risk = 0.34  time = 30628567   
3500/5000   risk = 0.34  time = 31781144   
3625/5000   risk = 0.34  time = 32942900   
3750/5000   risk = 0.34  time = 34124814   
3875/5000   risk = 0.34  time = 35300289   
4000/5000   risk = 0.34  time = 36456866   
4125/5000   risk = 0.34  time = 37614272   
4250/5000   risk = 0.34  time = 38726667   
4375/5000   risk = 0.34  time = 39874558   
4500/5000   risk = 0.34  time = 40896927   
4625/5000   risk = 0.34  time = 42018652   
4750/5000   risk = 0.34  time = 43203302   
4875/5000   risk = 0.34  time = 44411652   
5000/5000   risk = 0.34  time = 45626143   


Train 5000 iterations in 45 Seconds.
Final risk based on the train set: 0.34

INFO  [00:59:27.418] [mlr3]  [LGCOMPBOOST] iterations:'stop_cwb',5000,'stop_acwb',NA,'stop_hcwb',NA 
INFO  [00:59:27.422] [mlr3]  [LGCOMPBOOST] risk_inbag:'risk_intercept',0.550237,'risk_cwb',0.344420,'risk_acwb',NA,'risk_hcwb',NA 
INFO  [00:59:27.424] [mlr3]  [LGCOMPBOOST] risk_oob:'risk_intercept_oob',NA,'risk_cwb_oob',NA,'risk_acwb_oob',NA,'risk_hcwb_oob',NA 
DEBUG [00:59:27.431] [mlr3]  Learner 'acc_cwb' on task 'Task 7592: adult (Supervised Classification)' succeeded to fit a model {learner: <LearnerClassifCompboost/LearnerClassif/Learner/R6>, result: <list>, messages: }

### [bt]: Job terminated successfully [batchtools job.id=33]
### [bt]: Calculation finished!
