### [bt]: This is batchtools v0.9.15
### [bt]: Starting calculation of 1 jobs
### [bt]: Setting working directory to '/home/user/repos/cacb-batchtools/eq1'
[2021-07-29 23:58:57] Loading new learner
[2021-07-29 23:58:57] Loading tasks
[2021-07-29 23:59:00] Loading resampling
### [bt]: Memory measurement disabled
### [bt]: Starting job [batchtools job.id=147]
### [bt]: Generating problem instance for problem '9977-fold2' ...
### [bt]: Applying algorithm 'evaluate-learner' on problem '9977-fold2' for job 147 (seed = 31562) ...
DEBUG [23:59:01.485] [mlr3]  Skip subsetting of task 'Task 9977: nomao (Supervised Classification)' 
DEBUG [23:59:01.488] [mlr3]  Calling train method of Learner 'acc_hcwb' on task 'Task 9977: nomao (Supervised Classification)' with 27572 observations {learner: <LearnerClassifCompboost/LearnerClassif/Learner/R6>}
   1/5000   risk = 0.56  oob_risk = 0.57   riskauc = 0.88   time = 2   
 125/5000   risk = 0.21  oob_risk = 0.22   riskauc = 0.97   time = 5092765   
 250/5000   risk = 0.14  oob_risk = 0.15   riskauc = 0.99   time = 10344183   
 375/5000   risk = 0.12  oob_risk = 0.13   riskauc = 0.99   time = 15478761   
 500/5000   risk = 0.11  oob_risk = 0.12   riskauc = 0.99   time = 20679122   
 625/5000   risk = 0.11  oob_risk = 0.12   riskauc = 0.99   time = 25846712   
 750/5000   risk = 0.1  oob_risk = 0.12   riskauc = 0.99   time = 30951796   


Train 789 iterations in 32 Seconds.
Final risk based on the train set: 0.1

   1/4222   risk = 0.1  oob_risk = 0.12   riskauc = 0.99   time = 2   
 106/4222   risk = 0.1  oob_risk = 0.12   riskauc = 0.99   time = 2620876   
 212/4222   risk = 0.1  oob_risk = 0.13   riskauc = 0.99   time = 5258360   
 318/4222   risk = 0.11  oob_risk = 0.13   riskauc = 0.99   time = 7844283   
 424/4222   risk = 0.11  oob_risk = 0.13   riskauc = 0.99   time = 10485840   
 530/4222   risk = 0.11  oob_risk = 0.13   riskauc = 0.99   time = 13181905   
 636/4222   risk = 0.11  oob_risk = 0.13   riskauc = 0.99   time = 15844725   
 742/4222   risk = 0.11  oob_risk = 0.13   riskauc = 0.99   time = 18471980   
 848/4222   risk = 0.11  oob_risk = 0.13   riskauc = 0.99   time = 21085200   
 954/4222   risk = 0.11  oob_risk = 0.13   riskauc = 0.99   time = 23621404   
1060/4222   risk = 0.11  oob_risk = 0.13   riskauc = 0.99   time = 26293945   
1166/4222   risk = 0.11  oob_risk = 0.13   riskauc = 0.99   time = 28914789   
1272/4222   risk = 0.11  oob_risk = 0.13   riskauc = 0.99   time = 31512887   
1378/4222   risk = 0.11  oob_risk = 0.13   riskauc = 0.99   time = 34049286   
1484/4222   risk = 0.11  oob_risk = 0.13   riskauc = 0.99   time = 36688703   
1590/4222   risk = 0.11  oob_risk = 0.13   riskauc = 0.99   time = 39309240   
1696/4222   risk = 0.11  oob_risk = 0.13   riskauc = 0.99   time = 41950233   
1802/4222   risk = 0.11  oob_risk = 0.13   riskauc = 0.99   time = 44485507   
1908/4222   risk = 0.11  oob_risk = 0.13   riskauc = 0.99   time = 47079079   
2014/4222   risk = 0.11  oob_risk = 0.13   riskauc = 0.99   time = 49553009   
2120/4222   risk = 0.11  oob_risk = 0.13   riskauc = 0.99   time = 52035621   
2226/4222   risk = 0.11  oob_risk = 0.13   riskauc = 0.99   time = 54517399   
2332/4222   risk = 0.11  oob_risk = 0.13   riskauc = 0.99   time = 57299169   
2438/4222   risk = 0.11  oob_risk = 0.14   riskauc = 0.99   time = 59987490   
2544/4222   risk = 0.11  oob_risk = 0.14   riskauc = 0.99   time = 62598126   
2650/4222   risk = 0.11  oob_risk = 0.14   riskauc = 0.99   time = 65157698   
2756/4222   risk = 0.11  oob_risk = 0.14   riskauc = 0.99   time = 67792436   
2862/4222   risk = 0.11  oob_risk = 0.14   riskauc = 0.99   time = 70380554   
2968/4222   risk = 0.11  oob_risk = 0.14   riskauc = 0.99   time = 72944121   
3074/4222   risk = 0.11  oob_risk = 0.14   riskauc = 0.99   time = 75618058   
3180/4222   risk = 0.11  oob_risk = 0.14   riskauc = 0.99   time = 78221664   
3286/4222   risk = 0.11  oob_risk = 0.14   riskauc = 0.99   time = 80831767   
3392/4222   risk = 0.11  oob_risk = 0.14   riskauc = 0.99   time = 83363759   
3498/4222   risk = 0.11  oob_risk = 0.14   riskauc = 0.99   time = 86028723   
3604/4222   risk = 0.11  oob_risk = 0.14   riskauc = 0.99   time = 88668692   
3710/4222   risk = 0.11  oob_risk = 0.14   riskauc = 0.99   time = 91229081   
3816/4222   risk = 0.11  oob_risk = 0.14   riskauc = 0.99   time = 93787298   
3922/4222   risk = 0.11  oob_risk = 0.14   riskauc = 0.99   time = 96332465   
4028/4222   risk = 0.11  oob_risk = 0.14   riskauc = 0.99   time = 98879608   
4134/4222   risk = 0.11  oob_risk = 0.14   riskauc = 0.99   time = 101391483   


Train 4222 iterations in 103 Seconds.
Final risk based on the train set: 0.11

DEBUG [00:01:21.649] [mlr3]  Learner 'acc_hcwb' on task 'Task 9977: nomao (Supervised Classification)' succeeded to fit a model {learner: <LearnerClassifCompboost/LearnerClassif/Learner/R6>, result: <list>, messages: }
DEBUG [00:01:21.663] [mlr3]  Skip subsetting of task 'Task 9977: nomao (Supervised Classification)' 
DEBUG [00:01:21.667] [mlr3]  Calling train method of Learner 'acc_hcwb' on task 'Task 9977: nomao (Supervised Classification)' with 27572 observations {learner: <LearnerClassifCompboost/LearnerClassif/Learner/R6>}
   1/5000   risk = 0.56  oob_risk = 0.57   time = 2   
 125/5000   risk = 0.21  oob_risk = 0.22   time = 4474707   
 250/5000   risk = 0.14  oob_risk = 0.15   time = 8976601   
 375/5000   risk = 0.12  oob_risk = 0.13   time = 13490135   
 500/5000   risk = 0.11  oob_risk = 0.12   time = 18072031   
 625/5000   risk = 0.11  oob_risk = 0.12   time = 22637136   
 750/5000   risk = 0.1  oob_risk = 0.12   time = 27175995   


Train 789 iterations in 28 Seconds.
Final risk based on the train set: 0.1

   1/4222   risk = 0.1  oob_risk = 0.12   time = 2   
 106/4222   risk = 0.1  oob_risk = 0.12   time = 2155519   
 212/4222   risk = 0.1  oob_risk = 0.13   time = 4336027   
 318/4222   risk = 0.11  oob_risk = 0.13   time = 6536842   
 424/4222   risk = 0.11  oob_risk = 0.13   time = 8778886   
 530/4222   risk = 0.11  oob_risk = 0.13   time = 10985061   
 636/4222   risk = 0.11  oob_risk = 0.13   time = 13179914   
 742/4222   risk = 0.11  oob_risk = 0.13   time = 15355085   
 848/4222   risk = 0.11  oob_risk = 0.13   time = 17588137   
 954/4222   risk = 0.11  oob_risk = 0.13   time = 19823411   
1060/4222   risk = 0.11  oob_risk = 0.13   time = 22049897   
1166/4222   risk = 0.11  oob_risk = 0.13   time = 24276077   
1272/4222   risk = 0.11  oob_risk = 0.13   time = 26516665   
1378/4222   risk = 0.11  oob_risk = 0.13   time = 28752644   
1484/4222   risk = 0.11  oob_risk = 0.13   time = 30975955   
1590/4222   risk = 0.11  oob_risk = 0.13   time = 33209195   
1696/4222   risk = 0.11  oob_risk = 0.13   time = 35419240   
1802/4222   risk = 0.11  oob_risk = 0.13   time = 37616861   
1908/4222   risk = 0.11  oob_risk = 0.13   time = 39861011   
2014/4222   risk = 0.11  oob_risk = 0.13   time = 42038532   
2120/4222   risk = 0.11  oob_risk = 0.13   time = 44340101   
2226/4222   risk = 0.11  oob_risk = 0.13   time = 46544158   
2332/4222   risk = 0.11  oob_risk = 0.13   time = 48791382   
2438/4222   risk = 0.11  oob_risk = 0.14   time = 51056758   
2544/4222   risk = 0.11  oob_risk = 0.14   time = 53317259   
2650/4222   risk = 0.11  oob_risk = 0.14   time = 55531580   
2756/4222   risk = 0.11  oob_risk = 0.14   time = 57778598   
2862/4222   risk = 0.11  oob_risk = 0.14   time = 60083827   
2968/4222   risk = 0.11  oob_risk = 0.14   time = 62340672   
3074/4222   risk = 0.11  oob_risk = 0.14   time = 64636709   
3180/4222   risk = 0.11  oob_risk = 0.14   time = 66999755   
3286/4222   risk = 0.11  oob_risk = 0.14   time = 69252819   
3392/4222   risk = 0.11  oob_risk = 0.14   time = 71571159   
3498/4222   risk = 0.11  oob_risk = 0.14   time = 73825407   
3604/4222   risk = 0.11  oob_risk = 0.14   time = 76102601   
3710/4222   risk = 0.11  oob_risk = 0.14   time = 78414314   
3816/4222   risk = 0.11  oob_risk = 0.14   time = 80686410   
3922/4222   risk = 0.11  oob_risk = 0.14   time = 83061179   
4028/4222   risk = 0.11  oob_risk = 0.14   time = 85377099   
4134/4222   risk = 0.11  oob_risk = 0.14   time = 87743768   


Train 4222 iterations in 89 Seconds.
Final risk based on the train set: 0.11

DEBUG [00:03:23.479] [mlr3]  Learner 'acc_hcwb' on task 'Task 9977: nomao (Supervised Classification)' succeeded to fit a model {learner: <LearnerClassifCompboost/LearnerClassif/Learner/R6>, result: <list>, messages: }

### [bt]: Job terminated successfully [batchtools job.id=147]
### [bt]: Calculation finished!
