### [bt]: This is batchtools v0.9.15
### [bt]: Starting calculation of 1 jobs
### [bt]: Setting working directory to '/home/user/repos/cacb-batchtools/eq1'
[2021-07-26 05:04:39] Loading new learner
[2021-07-26 05:04:39] Loading tasks
[2021-07-26 05:04:42] Loading resampling
### [bt]: Memory measurement disabled
### [bt]: Starting job [batchtools job.id=69]
### [bt]: Generating problem instance for problem '168335-fold4' ...
### [bt]: Applying algorithm 'evaluate-learner' on problem '168335-fold4' for job 69 (seed = 31484) ...
DEBUG [05:04:45.530] [mlr3]  Skip subsetting of task 'Task 168335: MiniBooNE (Supervised Classification)' 
DEBUG [05:04:45.534] [mlr3]  Calling train method of Learner 'acc_acwb' on task 'Task 168335: MiniBooNE (Supervised Classification)' with 104051 observations {learner: <LearnerClassifCompboost/LearnerClassif/Learner/R6>}
INFO  [05:04:45.589] [mlr3]  [LGCOMPBOOST] Running compboost with df 20.000000 and df_cat 1.000000 
   1/5000   risk = 0.59  riskauc = 0.84   time = 2   
 125/5000   risk = 0.47  riskauc = 0.92   time = 17032629   
 250/5000   risk = 0.37  riskauc = 0.95   time = 33873951   
 375/5000   risk = 0.3  riskauc = 0.96   time = 51862861   
 500/5000   risk = 0.25  riskauc = 0.97   time = 69088042   
 625/5000   risk = 0.22  riskauc = 0.97   time = 85248897   
 750/5000   risk = 0.2  riskauc = 0.97   time = 100639395   
 875/5000   risk = 0.19  riskauc = 0.97   time = 116094518   
1000/5000   risk = 0.19  riskauc = 0.97   time = 131517582   
1125/5000   risk = 0.19  riskauc = 0.97   time = 146636414   
1250/5000   risk = 0.19  riskauc = 0.97   time = 162041129   
1375/5000   risk = 0.19  riskauc = 0.97   time = 177628930   
1500/5000   risk = 0.19  riskauc = 0.97   time = 193088994   
1625/5000   risk = 0.19  riskauc = 0.97   time = 208633359   
1750/5000   risk = 0.2  riskauc = 0.97   time = 224258913   
1875/5000   risk = 0.2  riskauc = 0.97   time = 239620833   
2000/5000   risk = 0.2  riskauc = 0.97   time = 255029038   
2125/5000   risk = 0.2  riskauc = 0.97   time = 270761426   
2250/5000   risk = 0.2  riskauc = 0.97   time = 286413976   
2375/5000   risk = 0.2  riskauc = 0.97   time = 301865953   
2500/5000   risk = 0.2  riskauc = 0.97   time = 317880992   
2625/5000   risk = 0.2  riskauc = 0.97   time = 333648747   
2750/5000   risk = 0.2  riskauc = 0.97   time = 349049076   
2875/5000   risk = 0.21  riskauc = 0.97   time = 364608953   
3000/5000   risk = 0.21  riskauc = 0.97   time = 380350464   
3125/5000   risk = 0.21  riskauc = 0.97   time = 395743437   
3250/5000   risk = 0.21  riskauc = 0.97   time = 411466063   
3375/5000   risk = 0.21  riskauc = 0.97   time = 426994306   
3500/5000   risk = 0.21  riskauc = 0.97   time = 442661136   
3625/5000   risk = 0.21  riskauc = 0.97   time = 458311194   
3750/5000   risk = 0.21  riskauc = 0.97   time = 474354615   
3875/5000   risk = 0.21  riskauc = 0.97   time = 489982641   
4000/5000   risk = 0.21  riskauc = 0.97   time = 505444974   
4125/5000   risk = 0.21  riskauc = 0.97   time = 521104889   
4250/5000   risk = 0.21  riskauc = 0.97   time = 536740352   
4375/5000   risk = 0.21  riskauc = 0.97   time = 552347139   
4500/5000   risk = 0.21  riskauc = 0.97   time = 567955105   
4625/5000   risk = 0.21  riskauc = 0.97   time = 583385981   
4750/5000   risk = 0.22  riskauc = 0.97   time = 598817933   
4875/5000   risk = 0.22  riskauc = 0.97   time = 614713101   
5000/5000   risk = 0.22  riskauc = 0.97   time = 630224656   


Train 5000 iterations in 630 Seconds.
Final risk based on the train set: 0.22

INFO  [05:15:29.650] [mlr3]  [LGCOMPBOOST] iterations:'stop_cwb',NA,'stop_acwb',5000,'stop_hcwb',NA 
INFO  [05:15:29.654] [mlr3]  [LGCOMPBOOST] risk_inbag:'risk_intercept',0.593540,'risk_cwb',NA,'risk_acwb',0.215668,'risk_hcwb',NA 
INFO  [05:15:29.655] [mlr3]  [LGCOMPBOOST] risk_oob:'risk_intercept_oob',NA,'risk_cwb_oob',NA,'risk_acwb_oob',NA,'risk_hcwb_oob',NA 
DEBUG [05:15:29.661] [mlr3]  Learner 'acc_acwb' on task 'Task 168335: MiniBooNE (Supervised Classification)' succeeded to fit a model {learner: <LearnerClassifCompboost/LearnerClassif/Learner/R6>, result: <list>, messages: }
DEBUG [05:15:29.674] [mlr3]  Skip subsetting of task 'Task 168335: MiniBooNE (Supervised Classification)' 
DEBUG [05:15:29.677] [mlr3]  Calling train method of Learner 'acc_acwb' on task 'Task 168335: MiniBooNE (Supervised Classification)' with 104051 observations {learner: <LearnerClassifCompboost/LearnerClassif/Learner/R6>}
INFO  [05:15:29.688] [mlr3]  [LGCOMPBOOST] Running compboost with df 20.000000 and df_cat 1.000000 
   1/5000   risk = 0.59  time = 3   
 125/5000   risk = 0.47  time = 13355059   
 250/5000   risk = 0.37  time = 26852200   
 375/5000   risk = 0.3  time = 40444459   
 500/5000   risk = 0.25  time = 53866498   
 625/5000   risk = 0.22  time = 67297618   
 750/5000   risk = 0.2  time = 81074505   
 875/5000   risk = 0.19  time = 94836006   
1000/5000   risk = 0.19  time = 108610588   
1125/5000   risk = 0.19  time = 122179460   
1250/5000   risk = 0.19  time = 135871511   
1375/5000   risk = 0.19  time = 149345858   
1500/5000   risk = 0.19  time = 162826372   
1625/5000   risk = 0.19  time = 176304124   
1750/5000   risk = 0.2  time = 189795334   
1875/5000   risk = 0.2  time = 203396261   
2000/5000   risk = 0.2  time = 218236144   
2125/5000   risk = 0.2  time = 233260892   
2250/5000   risk = 0.2  time = 248315989   
2375/5000   risk = 0.2  time = 263475401   
2500/5000   risk = 0.2  time = 278469150   
2625/5000   risk = 0.2  time = 293388096   
2750/5000   risk = 0.2  time = 308218073   
2875/5000   risk = 0.21  time = 323004072   
3000/5000   risk = 0.21  time = 337778095   
3125/5000   risk = 0.21  time = 352544343   
3250/5000   risk = 0.21  time = 367199688   
3375/5000   risk = 0.21  time = 381914110   
3500/5000   risk = 0.21  time = 396554462   
3625/5000   risk = 0.21  time = 411177031   
3750/5000   risk = 0.21  time = 425846050   
3875/5000   risk = 0.21  time = 440585172   
4000/5000   risk = 0.21  time = 455357537   
4125/5000   risk = 0.21  time = 470113281   
4250/5000   risk = 0.21  time = 484983689   
4375/5000   risk = 0.21  time = 500043843   
4500/5000   risk = 0.21  time = 515182440   
4625/5000   risk = 0.21  time = 530438038   
4750/5000   risk = 0.22  time = 545494915   
4875/5000   risk = 0.22  time = 560154084   
5000/5000   risk = 0.22  time = 574908769   


Train 5000 iterations in 575 Seconds.
Final risk based on the train set: 0.22

INFO  [05:25:18.670] [mlr3]  [LGCOMPBOOST] iterations:'stop_cwb',NA,'stop_acwb',5000,'stop_hcwb',NA 
INFO  [05:25:18.674] [mlr3]  [LGCOMPBOOST] risk_inbag:'risk_intercept',0.593540,'risk_cwb',NA,'risk_acwb',0.215668,'risk_hcwb',NA 
INFO  [05:25:18.676] [mlr3]  [LGCOMPBOOST] risk_oob:'risk_intercept_oob',NA,'risk_cwb_oob',NA,'risk_acwb_oob',NA,'risk_hcwb_oob',NA 
DEBUG [05:25:18.682] [mlr3]  Learner 'acc_acwb' on task 'Task 168335: MiniBooNE (Supervised Classification)' succeeded to fit a model {learner: <LearnerClassifCompboost/LearnerClassif/Learner/R6>, result: <list>, messages: }

### [bt]: Job terminated successfully [batchtools job.id=69]
### [bt]: Calculation finished!
