### [bt]: This is batchtools v0.9.15
### [bt]: Starting calculation of 1 jobs
### [bt]: Setting working directory to '/home/user/repos/cacb-batchtools/eq1'
[2021-07-25 21:17:29] Loading new learner
[2021-07-25 21:17:29] Loading tasks
[2021-07-25 21:17:32] Loading resampling
### [bt]: Memory measurement disabled
### [bt]: Starting job [batchtools job.id=49]
### [bt]: Generating problem instance for problem '7592-fold5' ...
### [bt]: Applying algorithm 'evaluate-learner' on problem '7592-fold5' for job 49 (seed = 31464) ...
DEBUG [21:17:34.254] [mlr3]  Skip subsetting of task 'Task 7592: adult (Supervised Classification)' 
DEBUG [21:17:34.257] [mlr3]  Calling train method of Learner 'acc_acwb' on task 'Task 7592: adult (Supervised Classification)' with 39074 observations {learner: <LearnerClassifCompboost/LearnerClassif/Learner/R6>}
Warning in get_private(learner)$.train(task) :
  Number of cores 30 exceeds number of features 14. The number of cores are set to 14!
INFO  [21:17:34.326] [mlr3]  [LGCOMPBOOST] Running compboost with df 5.000000 and df_cat 2.000000 
   1/5000   risk = 0.55  riskauc = 0.77   time = 3   
 125/5000   risk = 0.49  riskauc = 0.88   time = 2860932   
 250/5000   risk = 0.43  riskauc = 0.89   time = 5732272   
 375/5000   risk = 0.38  riskauc = 0.9   time = 8658076   
 500/5000   risk = 0.35  riskauc = 0.9   time = 11347270   
 625/5000   risk = 0.33  riskauc = 0.91   time = 13659320   
 750/5000   risk = 0.32  riskauc = 0.91   time = 15875841   
 875/5000   risk = 0.32  riskauc = 0.91   time = 18057247   
1000/5000   risk = 0.32  riskauc = 0.91   time = 20343685   
1125/5000   risk = 0.32  riskauc = 0.91   time = 23407174   
1250/5000   risk = 0.33  riskauc = 0.91   time = 26413858   
1375/5000   risk = 0.33  riskauc = 0.91   time = 29320360   
1500/5000   risk = 0.33  riskauc = 0.91   time = 32265614   
1625/5000   risk = 0.34  riskauc = 0.91   time = 34755806   
1750/5000   risk = 0.34  riskauc = 0.91   time = 37313126   
1875/5000   risk = 0.34  riskauc = 0.91   time = 39722580   
2000/5000   risk = 0.35  riskauc = 0.91   time = 42433823   
2125/5000   risk = 0.35  riskauc = 0.91   time = 44761548   
2250/5000   risk = 0.35  riskauc = 0.91   time = 47289535   
2375/5000   risk = 0.35  riskauc = 0.91   time = 49818890   
2500/5000   risk = 0.35  riskauc = 0.91   time = 52358148   
2625/5000   risk = 0.35  riskauc = 0.91   time = 54906176   
2750/5000   risk = 0.35  riskauc = 0.91   time = 57728982   
2875/5000   risk = 0.35  riskauc = 0.91   time = 60838437   
3000/5000   risk = 0.35  riskauc = 0.91   time = 63308589   
3125/5000   risk = 0.36  riskauc = 0.91   time = 65643446   
3250/5000   risk = 0.36  riskauc = 0.91   time = 67966133   
3375/5000   risk = 0.36  riskauc = 0.92   time = 70344145   
3500/5000   risk = 0.36  riskauc = 0.92   time = 73216990   
3625/5000   risk = 0.36  riskauc = 0.92   time = 75816669   
3750/5000   risk = 0.36  riskauc = 0.92   time = 78677809   
3875/5000   risk = 0.36  riskauc = 0.92   time = 81900340   
4000/5000   risk = 0.36  riskauc = 0.92   time = 85202067   
4125/5000   risk = 0.36  riskauc = 0.92   time = 88363161   
4250/5000   risk = 0.36  riskauc = 0.92   time = 91871889   
4375/5000   risk = 0.36  riskauc = 0.92   time = 95226663   
4500/5000   risk = 0.36  riskauc = 0.92   time = 98113719   
4625/5000   risk = 0.36  riskauc = 0.92   time = 100962674   
4750/5000   risk = 0.36  riskauc = 0.92   time = 103745388   
4875/5000   risk = 0.36  riskauc = 0.92   time = 106538139   
5000/5000   risk = 0.36  riskauc = 0.92   time = 109359280   


Train 5000 iterations in 109 Seconds.
Final risk based on the train set: 0.36

INFO  [21:19:31.187] [mlr3]  [LGCOMPBOOST] iterations:'stop_cwb',NA,'stop_acwb',5000,'stop_hcwb',NA 
INFO  [21:19:31.191] [mlr3]  [LGCOMPBOOST] risk_inbag:'risk_intercept',0.550260,'risk_cwb',NA,'risk_acwb',0.355309,'risk_hcwb',NA 
INFO  [21:19:31.193] [mlr3]  [LGCOMPBOOST] risk_oob:'risk_intercept_oob',NA,'risk_cwb_oob',NA,'risk_acwb_oob',NA,'risk_hcwb_oob',NA 
DEBUG [21:19:31.199] [mlr3]  Learner 'acc_acwb' on task 'Task 7592: adult (Supervised Classification)' succeeded to fit a model {learner: <LearnerClassifCompboost/LearnerClassif/Learner/R6>, result: <list>, messages: }
DEBUG [21:19:31.215] [mlr3]  Skip subsetting of task 'Task 7592: adult (Supervised Classification)' 
DEBUG [21:19:31.220] [mlr3]  Calling train method of Learner 'acc_acwb' on task 'Task 7592: adult (Supervised Classification)' with 39074 observations {learner: <LearnerClassifCompboost/LearnerClassif/Learner/R6>}
Warning in get_private(learner)$.train(task) :
  Number of cores 30 exceeds number of features 14. The number of cores are set to 14!
INFO  [21:19:31.310] [mlr3]  [LGCOMPBOOST] Running compboost with df 5.000000 and df_cat 2.000000 
   1/5000   risk = 0.55  time = 3   
 125/5000   risk = 0.49  time = 2106275   
 250/5000   risk = 0.43  time = 4289927   
 375/5000   risk = 0.38  time = 6520715   
 500/5000   risk = 0.35  time = 8733585   
 625/5000   risk = 0.33  time = 10947194   
 750/5000   risk = 0.32  time = 13099942   
 875/5000   risk = 0.32  time = 15251309   
1000/5000   risk = 0.32  time = 17431665   
1125/5000   risk = 0.32  time = 19251565   
1250/5000   risk = 0.33  time = 20780848   
1375/5000   risk = 0.33  time = 22296147   
1500/5000   risk = 0.33  time = 23816606   
1625/5000   risk = 0.34  time = 25369436   
1750/5000   risk = 0.34  time = 26907374   
1875/5000   risk = 0.34  time = 28499960   
2000/5000   risk = 0.35  time = 30125750   
2125/5000   risk = 0.35  time = 31686421   
2250/5000   risk = 0.35  time = 33647497   
2375/5000   risk = 0.35  time = 35485434   
2500/5000   risk = 0.35  time = 37035781   
2625/5000   risk = 0.35  time = 38523285   
2750/5000   risk = 0.35  time = 40070976   
2875/5000   risk = 0.35  time = 41702886   
3000/5000   risk = 0.35  time = 43289401   
3125/5000   risk = 0.36  time = 45307185   
3250/5000   risk = 0.36  time = 47417109   
3375/5000   risk = 0.36  time = 48965342   
3500/5000   risk = 0.36  time = 50496731   
3625/5000   risk = 0.36  time = 52039587   
3750/5000   risk = 0.36  time = 53591143   
3875/5000   risk = 0.36  time = 55209628   
4000/5000   risk = 0.36  time = 56860041   
4125/5000   risk = 0.36  time = 58528289   
4250/5000   risk = 0.36  time = 60214157   
4375/5000   risk = 0.36  time = 61926583   
4500/5000   risk = 0.36  time = 63549224   
4625/5000   risk = 0.36  time = 65143221   
4750/5000   risk = 0.36  time = 66739615   
4875/5000   risk = 0.36  time = 68353682   
5000/5000   risk = 0.36  time = 69951670   


Train 5000 iterations in 69 Seconds.
Final risk based on the train set: 0.36

INFO  [21:20:48.832] [mlr3]  [LGCOMPBOOST] iterations:'stop_cwb',NA,'stop_acwb',5000,'stop_hcwb',NA 
INFO  [21:20:48.836] [mlr3]  [LGCOMPBOOST] risk_inbag:'risk_intercept',0.550260,'risk_cwb',NA,'risk_acwb',0.355309,'risk_hcwb',NA 
INFO  [21:20:48.838] [mlr3]  [LGCOMPBOOST] risk_oob:'risk_intercept_oob',NA,'risk_cwb_oob',NA,'risk_acwb_oob',NA,'risk_hcwb_oob',NA 
DEBUG [21:20:48.845] [mlr3]  Learner 'acc_acwb' on task 'Task 7592: adult (Supervised Classification)' succeeded to fit a model {learner: <LearnerClassifCompboost/LearnerClassif/Learner/R6>, result: <list>, messages: }

### [bt]: Job terminated successfully [batchtools job.id=49]
### [bt]: Calculation finished!
