### [bt]: This is batchtools v0.9.15
### [bt]: Starting calculation of 1 jobs
### [bt]: Setting working directory to '/home/user/repos/cacb-batchtools/eq1'
[2021-07-29 00:44:00] Loading new learner
[2021-07-29 00:44:00] Loading tasks
[2021-07-29 00:44:03] Loading resampling
### [bt]: Memory measurement disabled
### [bt]: Starting job [batchtools job.id=113]
### [bt]: Generating problem instance for problem '9977-fold4' ...
### [bt]: Applying algorithm 'evaluate-learner' on problem '9977-fold4' for job 113 (seed = 31528) ...
DEBUG [00:44:03.957] [mlr3]  Skip subsetting of task 'Task 9977: nomao (Supervised Classification)' 
DEBUG [00:44:03.961] [mlr3]  Calling train method of Learner 'bin_cwb_nb' on task 'Task 9977: nomao (Supervised Classification)' with 27572 observations {learner: <LearnerClassifCompboost/LearnerClassif/Learner/R6>}
   1/5000   risk = 0.56  riskauc = 0.89   time = 2   
 125/5000   risk = 0.17  riskauc = 0.98   time = 4218637   
 250/5000   risk = 0.16  riskauc = 0.98   time = 8398805   
 375/5000   risk = 0.15  riskauc = 0.98   time = 12453045   
 500/5000   risk = 0.15  riskauc = 0.98   time = 16473775   
 625/5000   risk = 0.15  riskauc = 0.98   time = 20528356   
 750/5000   risk = 0.15  riskauc = 0.98   time = 24538848   
 875/5000   risk = 0.15  riskauc = 0.98   time = 28538145   
1000/5000   risk = 0.15  riskauc = 0.98   time = 32333808   
1125/5000   risk = 0.15  riskauc = 0.99   time = 36039471   
1250/5000   risk = 0.15  riskauc = 0.99   time = 39729092   
1375/5000   risk = 0.14  riskauc = 0.99   time = 43457518   
1500/5000   risk = 0.14  riskauc = 0.99   time = 47096967   
1625/5000   risk = 0.14  riskauc = 0.99   time = 50786486   
1750/5000   risk = 0.14  riskauc = 0.99   time = 54367596   
1875/5000   risk = 0.14  riskauc = 0.99   time = 57959289   
2000/5000   risk = 0.14  riskauc = 0.99   time = 61549393   
2125/5000   risk = 0.14  riskauc = 0.99   time = 65107434   
2250/5000   risk = 0.14  riskauc = 0.99   time = 68698140   
2375/5000   risk = 0.14  riskauc = 0.99   time = 72594638   
2500/5000   risk = 0.14  riskauc = 0.99   time = 76267866   
2625/5000   risk = 0.14  riskauc = 0.99   time = 79850614   
2750/5000   risk = 0.14  riskauc = 0.99   time = 83522511   
2875/5000   risk = 0.14  riskauc = 0.99   time = 87232178   
3000/5000   risk = 0.14  riskauc = 0.99   time = 90872529   
3125/5000   risk = 0.14  riskauc = 0.99   time = 94564298   
3250/5000   risk = 0.14  riskauc = 0.99   time = 98323240   
3375/5000   risk = 0.14  riskauc = 0.99   time = 102008354   
3500/5000   risk = 0.14  riskauc = 0.99   time = 105624141   
3625/5000   risk = 0.14  riskauc = 0.99   time = 109328800   
3750/5000   risk = 0.14  riskauc = 0.99   time = 112888341   
3875/5000   risk = 0.14  riskauc = 0.99   time = 116530652   
4000/5000   risk = 0.14  riskauc = 0.99   time = 120146813   
4125/5000   risk = 0.14  riskauc = 0.99   time = 123774139   
4250/5000   risk = 0.14  riskauc = 0.99   time = 127455936   
4375/5000   risk = 0.14  riskauc = 0.99   time = 131142620   
4500/5000   risk = 0.14  riskauc = 0.99   time = 134790144   
4625/5000   risk = 0.14  riskauc = 0.99   time = 138410629   
4750/5000   risk = 0.14  riskauc = 0.99   time = 142367263   
4875/5000   risk = 0.14  riskauc = 0.99   time = 146100847   
5000/5000   risk = 0.14  riskauc = 0.99   time = 149896380   


Train 5000 iterations in 149 Seconds.
Final risk based on the train set: 0.14

DEBUG [00:46:37.836] [mlr3]  Learner 'bin_cwb_nb' on task 'Task 9977: nomao (Supervised Classification)' succeeded to fit a model {learner: <LearnerClassifCompboost/LearnerClassif/Learner/R6>, result: <list>, messages: }
DEBUG [00:46:37.850] [mlr3]  Skip subsetting of task 'Task 9977: nomao (Supervised Classification)' 
DEBUG [00:46:37.853] [mlr3]  Calling train method of Learner 'bin_cwb_nb' on task 'Task 9977: nomao (Supervised Classification)' with 27572 observations {learner: <LearnerClassifCompboost/LearnerClassif/Learner/R6>}
   1/5000   risk = 0.56  time = 2   
 125/5000   risk = 0.17  time = 3391130   
 250/5000   risk = 0.16  time = 6806474   
 375/5000   risk = 0.15  time = 10204021   
 500/5000   risk = 0.15  time = 13586216   
 625/5000   risk = 0.15  time = 17072334   
 750/5000   risk = 0.15  time = 20525686   
 875/5000   risk = 0.15  time = 24059740   
1000/5000   risk = 0.15  time = 27548157   
1125/5000   risk = 0.15  time = 31046525   
1250/5000   risk = 0.15  time = 34537141   
1375/5000   risk = 0.14  time = 38088696   
1500/5000   risk = 0.14  time = 41668205   
1625/5000   risk = 0.14  time = 45324363   
1750/5000   risk = 0.14  time = 49037786   
1875/5000   risk = 0.14  time = 52718254   
2000/5000   risk = 0.14  time = 56411390   
2125/5000   risk = 0.14  time = 60143267   
2250/5000   risk = 0.14  time = 63854802   
2375/5000   risk = 0.14  time = 67586003   
2500/5000   risk = 0.14  time = 71340947   
2625/5000   risk = 0.14  time = 75132059   
2750/5000   risk = 0.14  time = 78931927   
2875/5000   risk = 0.14  time = 82770232   
3000/5000   risk = 0.14  time = 86655118   
3125/5000   risk = 0.14  time = 90464287   
3250/5000   risk = 0.14  time = 94298421   
3375/5000   risk = 0.14  time = 98165898   
3500/5000   risk = 0.14  time = 102039160   
3625/5000   risk = 0.14  time = 105875517   
3750/5000   risk = 0.14  time = 109642172   
3875/5000   risk = 0.14  time = 113387339   
4000/5000   risk = 0.14  time = 117219357   
4125/5000   risk = 0.14  time = 121011554   
4250/5000   risk = 0.14  time = 124750307   
4375/5000   risk = 0.14  time = 128541679   
4500/5000   risk = 0.14  time = 132281374   
4625/5000   risk = 0.14  time = 136083076   
4750/5000   risk = 0.14  time = 139916475   
4875/5000   risk = 0.14  time = 143760396   
5000/5000   risk = 0.14  time = 147635758   


Train 5000 iterations in 147 Seconds.
Final risk based on the train set: 0.14

DEBUG [00:49:09.313] [mlr3]  Learner 'bin_cwb_nb' on task 'Task 9977: nomao (Supervised Classification)' succeeded to fit a model {learner: <LearnerClassifCompboost/LearnerClassif/Learner/R6>, result: <list>, messages: }

### [bt]: Job terminated successfully [batchtools job.id=113]
### [bt]: Calculation finished!
