### [bt]: This is batchtools v0.9.15
### [bt]: Starting calculation of 1 jobs
### [bt]: Setting working directory to '/home/user/repos/cacb-batchtools/eq1'
[2021-07-25 20:41:40] Loading new learner
[2021-07-25 20:41:40] Loading tasks
[2021-07-25 20:41:43] Loading resampling
### [bt]: Memory measurement disabled
### [bt]: Starting job [batchtools job.id=33]
### [bt]: Generating problem instance for problem '7592-fold2' ...
### [bt]: Applying algorithm 'evaluate-learner' on problem '7592-fold2' for job 33 (seed = 31448) ...
DEBUG [20:41:44.339] [mlr3]  Skip subsetting of task 'Task 7592: adult (Supervised Classification)' 
DEBUG [20:41:44.344] [mlr3]  Calling train method of Learner 'acc_cwb' on task 'Task 7592: adult (Supervised Classification)' with 39073 observations {learner: <LearnerClassifCompboost/LearnerClassif/Learner/R6>}
Warning in get_private(learner)$.train(task) :
  Number of cores 30 exceeds number of features 14. The number of cores are set to 14!
INFO  [20:41:44.419] [mlr3]  [LGCOMPBOOST] Running compboost with df 5.000000 and df_cat 2.000000 
   1/5000   risk = 0.55  riskauc = 0.77   time = 3   
 125/5000   risk = 0.45  riskauc = 0.86   time = 1473705   
 250/5000   risk = 0.41  riskauc = 0.87   time = 2729229   
 375/5000   risk = 0.39  riskauc = 0.88   time = 4050822   
 500/5000   risk = 0.38  riskauc = 0.88   time = 5495014   
 625/5000   risk = 0.37  riskauc = 0.89   time = 7211370   
 750/5000   risk = 0.36  riskauc = 0.89   time = 8912476   
 875/5000   risk = 0.36  riskauc = 0.89   time = 10640518   
1000/5000   risk = 0.35  riskauc = 0.89   time = 12369413   
1125/5000   risk = 0.35  riskauc = 0.9   time = 14178998   
1250/5000   risk = 0.35  riskauc = 0.9   time = 15907920   
1375/5000   risk = 0.35  riskauc = 0.9   time = 17626983   
1500/5000   risk = 0.34  riskauc = 0.9   time = 19381475   
1625/5000   risk = 0.34  riskauc = 0.9   time = 21192856   
1750/5000   risk = 0.34  riskauc = 0.9   time = 22967271   
1875/5000   risk = 0.34  riskauc = 0.9   time = 24311991   
2000/5000   risk = 0.34  riskauc = 0.9   time = 25649244   
2125/5000   risk = 0.34  riskauc = 0.9   time = 26996326   
2250/5000   risk = 0.34  riskauc = 0.9   time = 28503491   
2375/5000   risk = 0.34  riskauc = 0.9   time = 29954032   
2500/5000   risk = 0.34  riskauc = 0.9   time = 31375177   
2625/5000   risk = 0.34  riskauc = 0.9   time = 32755595   
2750/5000   risk = 0.34  riskauc = 0.9   time = 34257577   
2875/5000   risk = 0.34  riskauc = 0.9   time = 35886774   
3000/5000   risk = 0.34  riskauc = 0.9   time = 37518691   
3125/5000   risk = 0.34  riskauc = 0.9   time = 39167168   
3250/5000   risk = 0.34  riskauc = 0.9   time = 40858317   
3375/5000   risk = 0.34  riskauc = 0.9   time = 42578075   
3500/5000   risk = 0.34  riskauc = 0.9   time = 44134804   
3625/5000   risk = 0.34  riskauc = 0.9   time = 45688807   
3750/5000   risk = 0.34  riskauc = 0.9   time = 47251157   
3875/5000   risk = 0.34  riskauc = 0.91   time = 48822221   
4000/5000   risk = 0.34  riskauc = 0.91   time = 50518501   
4125/5000   risk = 0.34  riskauc = 0.91   time = 52115850   
4250/5000   risk = 0.34  riskauc = 0.91   time = 53729911   
4375/5000   risk = 0.34  riskauc = 0.91   time = 55256407   
4500/5000   risk = 0.34  riskauc = 0.91   time = 56796863   
4625/5000   risk = 0.34  riskauc = 0.91   time = 58363992   
4750/5000   risk = 0.34  riskauc = 0.91   time = 59920575   
4875/5000   risk = 0.34  riskauc = 0.91   time = 61496618   
5000/5000   risk = 0.34  riskauc = 0.91   time = 63078673   


Train 5000 iterations in 63 Seconds.
Final risk based on the train set: 0.34

INFO  [20:42:54.661] [mlr3]  [LGCOMPBOOST] iterations:'stop_cwb',5000,'stop_acwb',NA,'stop_hcwb',NA 
INFO  [20:42:54.664] [mlr3]  [LGCOMPBOOST] risk_inbag:'risk_intercept',0.550237,'risk_cwb',0.344420,'risk_acwb',NA,'risk_hcwb',NA 
INFO  [20:42:54.666] [mlr3]  [LGCOMPBOOST] risk_oob:'risk_intercept_oob',NA,'risk_cwb_oob',NA,'risk_acwb_oob',NA,'risk_hcwb_oob',NA 
DEBUG [20:42:54.671] [mlr3]  Learner 'acc_cwb' on task 'Task 7592: adult (Supervised Classification)' succeeded to fit a model {learner: <LearnerClassifCompboost/LearnerClassif/Learner/R6>, result: <list>, messages: }
DEBUG [20:42:54.682] [mlr3]  Skip subsetting of task 'Task 7592: adult (Supervised Classification)' 
DEBUG [20:42:54.686] [mlr3]  Calling train method of Learner 'acc_cwb' on task 'Task 7592: adult (Supervised Classification)' with 39073 observations {learner: <LearnerClassifCompboost/LearnerClassif/Learner/R6>}
Warning in get_private(learner)$.train(task) :
  Number of cores 30 exceeds number of features 14. The number of cores are set to 14!
INFO  [20:42:54.837] [mlr3]  [LGCOMPBOOST] Running compboost with df 5.000000 and df_cat 2.000000 
   1/5000   risk = 0.55  time = 2   
 125/5000   risk = 0.45  time = 740697   
 250/5000   risk = 0.41  time = 1445265   
 375/5000   risk = 0.39  time = 2147731   
 500/5000   risk = 0.38  time = 2843696   
 625/5000   risk = 0.37  time = 3540407   
 750/5000   risk = 0.36  time = 4240727   
 875/5000   risk = 0.36  time = 4934446   
1000/5000   risk = 0.35  time = 5643584   
1125/5000   risk = 0.35  time = 6350494   
1250/5000   risk = 0.35  time = 7061810   
1375/5000   risk = 0.35  time = 7790996   
1500/5000   risk = 0.34  time = 8498396   
1625/5000   risk = 0.34  time = 9230324   
1750/5000   risk = 0.34  time = 9969672   
1875/5000   risk = 0.34  time = 10685136   
2000/5000   risk = 0.34  time = 11425824   
2125/5000   risk = 0.34  time = 12156369   
2250/5000   risk = 0.34  time = 12897626   
2375/5000   risk = 0.34  time = 13633244   
2500/5000   risk = 0.34  time = 14369312   
2625/5000   risk = 0.34  time = 15099263   
2750/5000   risk = 0.34  time = 15839244   
2875/5000   risk = 0.34  time = 16570746   
3000/5000   risk = 0.34  time = 17318088   
3125/5000   risk = 0.34  time = 18060833   
3250/5000   risk = 0.34  time = 18795719   
3375/5000   risk = 0.34  time = 19532051   
3500/5000   risk = 0.34  time = 20281121   
3625/5000   risk = 0.34  time = 21029505   
3750/5000   risk = 0.34  time = 21784336   
3875/5000   risk = 0.34  time = 22529107   
4000/5000   risk = 0.34  time = 23289305   
4125/5000   risk = 0.34  time = 24056861   
4250/5000   risk = 0.34  time = 24822174   
4375/5000   risk = 0.34  time = 25615722   
4500/5000   risk = 0.34  time = 26396413   
4625/5000   risk = 0.34  time = 27181599   
4750/5000   risk = 0.34  time = 27961905   
4875/5000   risk = 0.34  time = 28757489   
5000/5000   risk = 0.34  time = 29535427   


Train 5000 iterations in 29 Seconds.
Final risk based on the train set: 0.34

INFO  [20:43:31.521] [mlr3]  [LGCOMPBOOST] iterations:'stop_cwb',5000,'stop_acwb',NA,'stop_hcwb',NA 
INFO  [20:43:31.524] [mlr3]  [LGCOMPBOOST] risk_inbag:'risk_intercept',0.550237,'risk_cwb',0.344420,'risk_acwb',NA,'risk_hcwb',NA 
INFO  [20:43:31.526] [mlr3]  [LGCOMPBOOST] risk_oob:'risk_intercept_oob',NA,'risk_cwb_oob',NA,'risk_acwb_oob',NA,'risk_hcwb_oob',NA 
DEBUG [20:43:31.531] [mlr3]  Learner 'acc_cwb' on task 'Task 7592: adult (Supervised Classification)' succeeded to fit a model {learner: <LearnerClassifCompboost/LearnerClassif/Learner/R6>, result: <list>, messages: }

### [bt]: Job terminated successfully [batchtools job.id=33]
### [bt]: Calculation finished!
