### [bt]: This is batchtools v0.9.15
### [bt]: Starting calculation of 1 jobs
### [bt]: Setting working directory to '/home/user/repos/cacb-batchtools/eq1'
[2021-07-27 19:49:27] Loading new learner
[2021-07-27 19:49:27] Loading tasks
[2021-07-27 19:49:29] Loading resampling
### [bt]: Memory measurement disabled
### [bt]: Starting job [batchtools job.id=17]
### [bt]: Generating problem instance for problem 'spam-fold5' ...
### [bt]: Applying algorithm 'evaluate-learner' on problem 'spam-fold5' for job 17 (seed = 31432) ...
DEBUG [19:49:30.344] [mlr3]  Skip subsetting of task 'spam' 
DEBUG [19:49:30.348] [mlr3]  Calling train method of Learner 'bin_cwb_nb' on task 'spam' with 3682 observations {learner: <LearnerClassifCompboost/LearnerClassif/Learner/R6>}
   1/5000   risk = 0.64  riskauc = 0.78   time = 2   
 125/5000   risk = 0.23  riskauc = 0.96   time = 1273969   
 250/5000   risk = 0.2  riskauc = 0.97   time = 2379885   
 375/5000   risk = 0.18  riskauc = 0.97   time = 3451545   
 500/5000   risk = 0.17  riskauc = 0.96   time = 4494533   
 625/5000   risk = 0.17  riskauc = 0.97   time = 5532975   
 750/5000   risk = 0.16  riskauc = 0.97   time = 6578937   
 875/5000   risk = 0.16  riskauc = 0.97   time = 7808939   
1000/5000   risk = 0.15  riskauc = 0.97   time = 8909183   
1125/5000   risk = 0.15  riskauc = 0.97   time = 9977057   
1250/5000   risk = 0.15  riskauc = 0.96   time = 11091640   
1375/5000   risk = 0.14  riskauc = 0.96   time = 12213576   
1500/5000   risk = 0.14  riskauc = 0.96   time = 13334816   
1625/5000   risk = 0.14  riskauc = 0.96   time = 14481490   
1750/5000   risk = 0.14  riskauc = 0.96   time = 15581880   
1875/5000   risk = 0.14  riskauc = 0.96   time = 17635537   
2000/5000   risk = 0.13  riskauc = 0.96   time = 18741880   
2125/5000   risk = 0.13  riskauc = 0.96   time = 19968704   
2250/5000   risk = 0.13  riskauc = 0.96   time = 21256478   
2375/5000   risk = 0.13  riskauc = 0.96   time = 22501540   
2500/5000   risk = 0.13  riskauc = 0.96   time = 23609855   
2625/5000   risk = 0.13  riskauc = 0.96   time = 24756160   
2750/5000   risk = 0.13  riskauc = 0.96   time = 25904905   
2875/5000   risk = 0.12  riskauc = 0.96   time = 27086076   
3000/5000   risk = 0.12  riskauc = 0.96   time = 28287771   
3125/5000   risk = 0.12  riskauc = 0.96   time = 29574840   
3250/5000   risk = 0.12  riskauc = 0.96   time = 30729558   
3375/5000   risk = 0.12  riskauc = 0.96   time = 31926425   
3500/5000   risk = 0.12  riskauc = 0.96   time = 33162773   
3625/5000   risk = 0.12  riskauc = 0.96   time = 34448072   
3750/5000   risk = 0.12  riskauc = 0.96   time = 35524455   
3875/5000   risk = 0.12  riskauc = 0.96   time = 36805644   
4000/5000   risk = 0.12  riskauc = 0.96   time = 37989423   
4125/5000   risk = 0.12  riskauc = 0.96   time = 39225759   
4250/5000   risk = 0.12  riskauc = 0.96   time = 40352006   
4375/5000   risk = 0.12  riskauc = 0.96   time = 41414395   
4500/5000   risk = 0.11  riskauc = 0.96   time = 42742245   
4625/5000   risk = 0.11  riskauc = 0.96   time = 44056137   
4750/5000   risk = 0.11  riskauc = 0.96   time = 45144563   
4875/5000   risk = 0.11  riskauc = 0.96   time = 46324282   
5000/5000   risk = 0.11  riskauc = 0.96   time = 47509517   


Train 5000 iterations in 47 Seconds.
Final risk based on the train set: 0.11

DEBUG [19:50:20.681] [mlr3]  Learner 'bin_cwb_nb' on task 'spam' succeeded to fit a model {learner: <LearnerClassifCompboost/LearnerClassif/Learner/R6>, result: <list>, messages: }
DEBUG [19:50:20.697] [mlr3]  Skip subsetting of task 'spam' 
DEBUG [19:50:20.701] [mlr3]  Calling train method of Learner 'bin_cwb_nb' on task 'spam' with 3682 observations {learner: <LearnerClassifCompboost/LearnerClassif/Learner/R6>}
   1/5000   risk = 0.64  time = 2   
 125/5000   risk = 0.23  time = 1219368   
 250/5000   risk = 0.2  time = 2435081   
 375/5000   risk = 0.18  time = 3474548   
 500/5000   risk = 0.17  time = 4574765   
 625/5000   risk = 0.17  time = 5845882   
 750/5000   risk = 0.16  time = 6913289   
 875/5000   risk = 0.16  time = 8110052   
1000/5000   risk = 0.15  time = 9349233   
1125/5000   risk = 0.15  time = 10430713   
1250/5000   risk = 0.15  time = 11565928   
1375/5000   risk = 0.14  time = 12732478   
1500/5000   risk = 0.14  time = 13980999   
1625/5000   risk = 0.14  time = 15049709   
1750/5000   risk = 0.14  time = 16175379   
1875/5000   risk = 0.14  time = 17317650   
2000/5000   risk = 0.13  time = 18474225   
2125/5000   risk = 0.13  time = 19605682   
2250/5000   risk = 0.13  time = 20762201   
2375/5000   risk = 0.13  time = 21874340   
2500/5000   risk = 0.13  time = 22997397   
2625/5000   risk = 0.13  time = 24059264   
2750/5000   risk = 0.13  time = 25221941   
2875/5000   risk = 0.12  time = 26456720   
3000/5000   risk = 0.12  time = 27792284   
3125/5000   risk = 0.12  time = 29035474   
3250/5000   risk = 0.12  time = 30134032   
3375/5000   risk = 0.12  time = 31266994   
3500/5000   risk = 0.12  time = 32370775   
3625/5000   risk = 0.12  time = 33503917   
3750/5000   risk = 0.12  time = 34613245   
3875/5000   risk = 0.12  time = 35780887   
4000/5000   risk = 0.12  time = 36919334   
4125/5000   risk = 0.12  time = 38046124   
4250/5000   risk = 0.12  time = 39131121   
4375/5000   risk = 0.12  time = 40249903   
4500/5000   risk = 0.11  time = 41411473   
4625/5000   risk = 0.11  time = 42567140   
4750/5000   risk = 0.11  time = 43695198   
4875/5000   risk = 0.11  time = 44895667   
5000/5000   risk = 0.11  time = 46146965   


Train 5000 iterations in 46 Seconds.
Final risk based on the train set: 0.11

DEBUG [19:51:09.509] [mlr3]  Learner 'bin_cwb_nb' on task 'spam' succeeded to fit a model {learner: <LearnerClassifCompboost/LearnerClassif/Learner/R6>, result: <list>, messages: }

### [bt]: Job terminated successfully [batchtools job.id=17]
### [bt]: Calculation finished!
