### [bt]: This is batchtools v0.9.15
### [bt]: Starting calculation of 1 jobs
### [bt]: Setting working directory to '/home/user/repos/cacb-batchtools/eq1'
[2021-07-28 19:46:25] Loading new learner
[2021-07-28 19:46:25] Loading tasks
[2021-07-28 19:46:28] Loading resampling
### [bt]: Memory measurement disabled
### [bt]: Starting job [batchtools job.id=79]
### [bt]: Generating problem instance for problem '189866-fold5' ...
### [bt]: Applying algorithm 'evaluate-learner' on problem '189866-fold5' for job 79 (seed = 31494) ...
DEBUG [19:46:32.471] [mlr3]  Skip subsetting of task 'Task 189866: albert (Supervised Classification)' 
DEBUG [19:46:32.475] [mlr3]  Calling train method of Learner 'acc_acwb' on task 'Task 189866: albert (Supervised Classification)' with 340192 observations {learner: <LearnerClassifCompboost/LearnerClassif/Learner/R6>}
   1/5000   risk = 0.69  riskauc = 0.64   time = 2   
 125/5000   risk = 0.62  riskauc = 0.72   time = 47093211   
 250/5000   risk = 0.62  riskauc = 0.73   time = 94425971   
 375/5000   risk = 0.66  riskauc = 0.73   time = 142695802   
 500/5000   risk = 0.67  riskauc = 0.73   time = 190283340   
 625/5000   risk = 0.67  riskauc = 0.73   time = 236576611   
 750/5000   risk = 0.66  riskauc = 0.73   time = 284781690   
 875/5000   risk = 0.66  riskauc = 0.73   time = 332619076   
1000/5000   risk = 0.66  riskauc = 0.73   time = 379463402   
1125/5000   risk = 0.67  riskauc = 0.73   time = 425920684   
1250/5000   risk = 0.68  riskauc = 0.73   time = 472077749   
1375/5000   risk = 0.68  riskauc = 0.73   time = 517686294   
1500/5000   risk = 0.69  riskauc = 0.73   time = 563492052   
1625/5000   risk = 0.69  riskauc = 0.73   time = 610032033   
1750/5000   risk = 0.71  riskauc = 0.72   time = 656137486   
1875/5000   risk = 0.74  riskauc = 0.71   time = 703563205   
2000/5000   risk = 0.76  riskauc = 0.71   time = 751145234   
2125/5000   risk = 0.84  riskauc = 0.69   time = 797142948   
2250/5000   risk = 0.94  riskauc = 0.68   time = 842369912   
2375/5000   risk = 0.95  riskauc = 0.69   time = 888283687   
2500/5000   risk = 1.1  riskauc = 0.67   time = 935444074   
2625/5000   risk = 1.4  riskauc = 0.64   time = 983250134   
2750/5000   risk = 1.5  riskauc = 0.64   time = 1030872665   
2875/5000   risk = 1.6  riskauc = 0.65   time = 1078306848   
3000/5000   risk = 2  riskauc = 0.64   time = 1125146965   
3125/5000   risk = 2.4  riskauc = 0.63   time = 1171189311   
3250/5000   risk = 2.5  riskauc = 0.63   time = 1217536784   
3375/5000   risk = 2.6  riskauc = 0.62   time = 1264767380   
3500/5000   risk = 3.1  riskauc = 0.61   time = 1312704278   
3625/5000   risk = 3.8  riskauc = 0.6   time = 1360059014   
3750/5000   risk = 4.4  riskauc = 0.61   time = 1407483108   
3875/5000   risk = 4.7  riskauc = 0.61   time = 1455973340   
4000/5000   risk = 4.8  riskauc = 0.62   time = 1504071732   
4125/5000   risk = 5.1  riskauc = 0.63   time = 1551171304   
4250/5000   risk = 5.8  riskauc = 0.62   time = 1598480679   
4375/5000   risk = 6.6  riskauc = 0.61   time = 1645670966   
4500/5000   risk = 7  riskauc = 0.62   time = 1693224658   
4625/5000   risk = 7.3  riskauc = 0.62   time = 1742321561   
4750/5000   risk = 7.5  riskauc = 0.62   time = 1790854617   
4875/5000   risk = 8  riskauc = 0.62   time = 1838871345   
5000/5000   risk = 8.7  riskauc = 0.61   time = 1885795165   


Train 5000 iterations in 1886 Seconds.
Final risk based on the train set: 8.7

DEBUG [20:18:12.807] [mlr3]  Learner 'acc_acwb' on task 'Task 189866: albert (Supervised Classification)' succeeded to fit a model {learner: <LearnerClassifCompboost/LearnerClassif/Learner/R6>, result: <list>, messages: }
DEBUG [20:18:12.826] [mlr3]  Skip subsetting of task 'Task 189866: albert (Supervised Classification)' 
DEBUG [20:18:12.830] [mlr3]  Calling train method of Learner 'acc_acwb' on task 'Task 189866: albert (Supervised Classification)' with 340192 observations {learner: <LearnerClassifCompboost/LearnerClassif/Learner/R6>}
   1/5000   risk = 0.69  time = 3   
 125/5000   risk = 0.62  time = 42258085   
 250/5000   risk = 0.62  time = 84773175   
 375/5000   risk = 0.66  time = 127448085   
 500/5000   risk = 0.67  time = 170291954   
 625/5000   risk = 0.67  time = 212137455   
 750/5000   risk = 0.66  time = 253865068   
 875/5000   risk = 0.66  time = 295519883   
1000/5000   risk = 0.66  time = 337833791   
1125/5000   risk = 0.67  time = 380019497   
1250/5000   risk = 0.68  time = 422219975   
1375/5000   risk = 0.68  time = 465806860   
1500/5000   risk = 0.69  time = 509839938   
1625/5000   risk = 0.69  time = 552570294   
1750/5000   risk = 0.71  time = 594909911   
1875/5000   risk = 0.74  time = 636567233   
2000/5000   risk = 0.76  time = 678344214   
2125/5000   risk = 0.84  time = 720042632   
2250/5000   risk = 0.94  time = 761286316   
2375/5000   risk = 0.95  time = 802762045   
2500/5000   risk = 1.1  time = 844004769   
2625/5000   risk = 1.4  time = 884648579   
2750/5000   risk = 1.5  time = 925301383   
2875/5000   risk = 1.6  time = 965821329   
3000/5000   risk = 2  time = 1006461754   
3125/5000   risk = 2.4  time = 1047048936   
3250/5000   risk = 2.5  time = 1087671856   
3375/5000   risk = 2.6  time = 1128935026   
3500/5000   risk = 3.1  time = 1169570163   
3625/5000   risk = 3.8  time = 1210722479   
3750/5000   risk = 4.4  time = 1251381152   
3875/5000   risk = 4.7  time = 1292308113   
4000/5000   risk = 4.8  time = 1332947076   
4125/5000   risk = 5.1  time = 1373870764   
4250/5000   risk = 5.8  time = 1414905392   
4375/5000   risk = 6.6  time = 1455659613   
4500/5000   risk = 7  time = 1497045408   
4625/5000   risk = 7.3  time = 1538356988   
4750/5000   risk = 7.5  time = 1579410276   
4875/5000   risk = 8  time = 1620598246   
5000/5000   risk = 8.7  time = 1661407902   


Train 5000 iterations in 1661 Seconds.
Final risk based on the train set: 8.7

DEBUG [20:46:06.633] [mlr3]  Learner 'acc_acwb' on task 'Task 189866: albert (Supervised Classification)' succeeded to fit a model {learner: <LearnerClassifCompboost/LearnerClassif/Learner/R6>, result: <list>, messages: }

### [bt]: Job terminated successfully [batchtools job.id=79]
### [bt]: Calculation finished!
