### [bt]: This is batchtools v0.9.15
### [bt]: Starting calculation of 1 jobs
### [bt]: Setting working directory to '/home/user/repos/cacb-batchtools/eq1'
[2021-07-28 23:56:17] Loading new learner
[2021-07-28 23:56:17] Loading tasks
[2021-07-28 23:56:19] Loading resampling
### [bt]: Memory measurement disabled
### [bt]: Starting job [batchtools job.id=104]
### [bt]: Generating problem instance for problem '9977-fold1' ...
### [bt]: Applying algorithm 'evaluate-learner' on problem '9977-fold1' for job 104 (seed = 31519) ...
DEBUG [23:56:20.605] [mlr3]  Skip subsetting of task 'Task 9977: nomao (Supervised Classification)' 
DEBUG [23:56:20.609] [mlr3]  Calling train method of Learner 'acc_hcwb' on task 'Task 9977: nomao (Supervised Classification)' with 27571 observations {learner: <LearnerClassifCompboost/LearnerClassif/Learner/R6>}
   1/5000   risk = 0.56  oob_risk = 0.57   riskauc = 0.88   time = 3   
 125/5000   risk = 0.13  oob_risk = 0.14   riskauc = 0.99   time = 5740866   


Train 226 iterations in 10 Seconds.
Final risk based on the train set: 0.11

   1/4785   risk = 0.11  oob_risk = 0.13   riskauc = 0.99   time = 2   
 120/4785   risk = 0.12  oob_risk = 0.13   riskauc = 0.99   time = 3157308   
 240/4785   risk = 0.12  oob_risk = 0.13   riskauc = 0.99   time = 6302051   
 360/4785   risk = 0.12  oob_risk = 0.14   riskauc = 0.99   time = 9388240   
 480/4785   risk = 0.12  oob_risk = 0.14   riskauc = 0.99   time = 12888246   
 600/4785   risk = 0.12  oob_risk = 0.14   riskauc = 0.99   time = 15987733   
 720/4785   risk = 0.12  oob_risk = 0.14   riskauc = 0.99   time = 18998398   
 840/4785   risk = 0.12  oob_risk = 0.14   riskauc = 0.99   time = 22024928   
 960/4785   risk = 0.12  oob_risk = 0.14   riskauc = 0.99   time = 25060504   
1080/4785   risk = 0.12  oob_risk = 0.14   riskauc = 0.99   time = 29232770   
1200/4785   risk = 0.12  oob_risk = 0.14   riskauc = 0.99   time = 32285474   
1320/4785   risk = 0.12  oob_risk = 0.14   riskauc = 0.99   time = 35347793   
1440/4785   risk = 0.12  oob_risk = 0.14   riskauc = 0.99   time = 38325814   
1560/4785   risk = 0.12  oob_risk = 0.14   riskauc = 0.99   time = 41427291   
1680/4785   risk = 0.12  oob_risk = 0.14   riskauc = 0.99   time = 44464518   
1800/4785   risk = 0.12  oob_risk = 0.14   riskauc = 0.99   time = 47472406   
1920/4785   risk = 0.12  oob_risk = 0.14   riskauc = 0.99   time = 50479767   
2040/4785   risk = 0.12  oob_risk = 0.14   riskauc = 0.99   time = 53385693   
2160/4785   risk = 0.12  oob_risk = 0.14   riskauc = 0.99   time = 56207367   
2280/4785   risk = 0.12  oob_risk = 0.14   riskauc = 0.99   time = 59088602   
2400/4785   risk = 0.12  oob_risk = 0.14   riskauc = 0.99   time = 62113988   
2520/4785   risk = 0.12  oob_risk = 0.14   riskauc = 0.99   time = 65088832   
2640/4785   risk = 0.12  oob_risk = 0.14   riskauc = 0.99   time = 68046769   
2760/4785   risk = 0.12  oob_risk = 0.14   riskauc = 0.99   time = 70955213   
2880/4785   risk = 0.12  oob_risk = 0.14   riskauc = 0.99   time = 73845818   
3000/4785   risk = 0.12  oob_risk = 0.14   riskauc = 0.99   time = 76814740   
3120/4785   risk = 0.12  oob_risk = 0.14   riskauc = 0.99   time = 79731469   
3240/4785   risk = 0.12  oob_risk = 0.14   riskauc = 0.99   time = 82599554   
3360/4785   risk = 0.12  oob_risk = 0.14   riskauc = 0.99   time = 85623174   
3480/4785   risk = 0.12  oob_risk = 0.14   riskauc = 0.99   time = 89061269   
3600/4785   risk = 0.12  oob_risk = 0.14   riskauc = 0.99   time = 92073716   
3720/4785   risk = 0.12  oob_risk = 0.14   riskauc = 0.99   time = 95053557   
3840/4785   risk = 0.12  oob_risk = 0.14   riskauc = 0.99   time = 98042811   
3960/4785   risk = 0.12  oob_risk = 0.14   riskauc = 0.99   time = 101120838   
4080/4785   risk = 0.12  oob_risk = 0.14   riskauc = 0.99   time = 104132997   
4200/4785   risk = 0.12  oob_risk = 0.14   riskauc = 0.99   time = 107127306   
4320/4785   risk = 0.12  oob_risk = 0.14   riskauc = 0.99   time = 110010004   
4440/4785   risk = 0.12  oob_risk = 0.14   riskauc = 0.99   time = 112923222   
4560/4785   risk = 0.12  oob_risk = 0.14   riskauc = 0.99   time = 116005874   
4680/4785   risk = 0.12  oob_risk = 0.14   riskauc = 0.99   time = 118975238   


Train 4785 iterations in 121 Seconds.
Final risk based on the train set: 0.12

DEBUG [23:58:36.333] [mlr3]  Learner 'acc_hcwb' on task 'Task 9977: nomao (Supervised Classification)' succeeded to fit a model {learner: <LearnerClassifCompboost/LearnerClassif/Learner/R6>, result: <list>, messages: }
DEBUG [23:58:36.348] [mlr3]  Skip subsetting of task 'Task 9977: nomao (Supervised Classification)' 
DEBUG [23:58:36.352] [mlr3]  Calling train method of Learner 'acc_hcwb' on task 'Task 9977: nomao (Supervised Classification)' with 27571 observations {learner: <LearnerClassifCompboost/LearnerClassif/Learner/R6>}
   1/5000   risk = 0.56  oob_risk = 0.57   time = 2   
 125/5000   risk = 0.13  oob_risk = 0.14   time = 4635692   


Train 226 iterations in 8 Seconds.
Final risk based on the train set: 0.11

   1/4785   risk = 0.11  oob_risk = 0.13   time = 2   
 120/4785   risk = 0.12  oob_risk = 0.13   time = 2558587   
 240/4785   risk = 0.12  oob_risk = 0.13   time = 5112724   
 360/4785   risk = 0.12  oob_risk = 0.14   time = 7613316   
 480/4785   risk = 0.12  oob_risk = 0.14   time = 10122929   
 600/4785   risk = 0.12  oob_risk = 0.14   time = 12666883   
 720/4785   risk = 0.12  oob_risk = 0.14   time = 15199861   
 840/4785   risk = 0.12  oob_risk = 0.14   time = 17771033   
 960/4785   risk = 0.12  oob_risk = 0.14   time = 20390209   
1080/4785   risk = 0.12  oob_risk = 0.14   time = 22981400   
1200/4785   risk = 0.12  oob_risk = 0.14   time = 25650188   
1320/4785   risk = 0.12  oob_risk = 0.14   time = 28239146   
1440/4785   risk = 0.12  oob_risk = 0.14   time = 30843659   
1560/4785   risk = 0.12  oob_risk = 0.14   time = 33485140   
1680/4785   risk = 0.12  oob_risk = 0.14   time = 36207193   
1800/4785   risk = 0.12  oob_risk = 0.14   time = 38920698   
1920/4785   risk = 0.12  oob_risk = 0.14   time = 41651265   
2040/4785   risk = 0.12  oob_risk = 0.14   time = 44361208   
2160/4785   risk = 0.12  oob_risk = 0.14   time = 47069832   
2280/4785   risk = 0.12  oob_risk = 0.14   time = 49809803   
2400/4785   risk = 0.12  oob_risk = 0.14   time = 52559876   
2520/4785   risk = 0.12  oob_risk = 0.14   time = 55331718   
2640/4785   risk = 0.12  oob_risk = 0.14   time = 58085398   
2760/4785   risk = 0.12  oob_risk = 0.14   time = 60807421   
2880/4785   risk = 0.12  oob_risk = 0.14   time = 63572569   
3000/4785   risk = 0.12  oob_risk = 0.14   time = 66356845   
3120/4785   risk = 0.12  oob_risk = 0.14   time = 69069540   
3240/4785   risk = 0.12  oob_risk = 0.14   time = 71795641   
3360/4785   risk = 0.12  oob_risk = 0.14   time = 74547708   
3480/4785   risk = 0.12  oob_risk = 0.14   time = 77302203   
3600/4785   risk = 0.12  oob_risk = 0.14   time = 80086926   
3720/4785   risk = 0.12  oob_risk = 0.14   time = 82803013   
3840/4785   risk = 0.12  oob_risk = 0.14   time = 85553543   
3960/4785   risk = 0.12  oob_risk = 0.14   time = 88283543   
4080/4785   risk = 0.12  oob_risk = 0.14   time = 91040171   
4200/4785   risk = 0.12  oob_risk = 0.14   time = 93764067   
4320/4785   risk = 0.12  oob_risk = 0.14   time = 96446937   
4440/4785   risk = 0.12  oob_risk = 0.14   time = 99156453   
4560/4785   risk = 0.12  oob_risk = 0.14   time = 101913739   
4680/4785   risk = 0.12  oob_risk = 0.14   time = 104690960   


Train 4785 iterations in 107 Seconds.
Final risk based on the train set: 0.12

DEBUG [00:00:34.931] [mlr3]  Learner 'acc_hcwb' on task 'Task 9977: nomao (Supervised Classification)' succeeded to fit a model {learner: <LearnerClassifCompboost/LearnerClassif/Learner/R6>, result: <list>, messages: }

### [bt]: Job terminated successfully [batchtools job.id=104]
### [bt]: Calculation finished!
