### [bt]: This is batchtools v0.9.15
### [bt]: Starting calculation of 1 jobs
### [bt]: Setting working directory to '/home/user/repos/cacb-batchtools/eq1'
[2021-07-25 19:37:43] Loading new learner
[2021-07-25 19:37:43] Loading tasks
[2021-07-25 19:37:46] Loading resampling
### [bt]: Memory measurement disabled
### [bt]: Starting job [batchtools job.id=4]
### [bt]: Generating problem instance for problem 'spam-fold1' ...
### [bt]: Applying algorithm 'evaluate-learner' on problem 'spam-fold1' for job 4 (seed = 31419) ...
DEBUG [19:37:47.368] [mlr3]  Skip subsetting of task 'spam' 
DEBUG [19:37:47.410] [mlr3]  Calling train method of Learner 'acc_acwb' on task 'spam' with 3680 observations {learner: <LearnerClassifCompboost/LearnerClassif/Learner/R6>}
INFO  [19:37:47.421] [mlr3]  [LGCOMPBOOST] Running compboost with df 20.000000 and df_cat 1.000000 
   1/5000   risk = 0.67  riskauc = 0.78   time = 2   
 125/5000   risk = 0.53  riskauc = 0.94   time = 1409133   
 250/5000   risk = 0.4  riskauc = 0.96   time = 2846637   
 375/5000   risk = 0.29  riskauc = 0.96   time = 4171988   
 500/5000   risk = 0.21  riskauc = 0.96   time = 5471690   
 625/5000   risk = 0.17  riskauc = 0.96   time = 6705501   
 750/5000   risk = 0.14  riskauc = 0.96   time = 8207363   
 875/5000   risk = 0.12  riskauc = 0.96   time = 9675610   
1000/5000   risk = 0.11  riskauc = 0.96   time = 11029451   
1125/5000   risk = 0.11  riskauc = 0.96   time = 12386386   
1250/5000   risk = 0.1  riskauc = 0.96   time = 13809007   
1375/5000   risk = 0.1  riskauc = 0.96   time = 15148559   
1500/5000   risk = 0.1  riskauc = 0.96   time = 16615869   
1625/5000   risk = 0.098  riskauc = 0.96   time = 17993018   
1750/5000   risk = 0.097  riskauc = 0.96   time = 19472158   
1875/5000   risk = 0.096  riskauc = 0.96   time = 20890447   
2000/5000   risk = 0.095  riskauc = 0.96   time = 22369038   
2125/5000   risk = 0.093  riskauc = 0.96   time = 23907005   
2250/5000   risk = 0.092  riskauc = 0.96   time = 25401008   
2375/5000   risk = 0.091  riskauc = 0.96   time = 27300626   
2500/5000   risk = 0.09  riskauc = 0.96   time = 28786228   
2625/5000   risk = 0.089  riskauc = 0.96   time = 30409800   
2750/5000   risk = 0.089  riskauc = 0.96   time = 32044107   
2875/5000   risk = 0.088  riskauc = 0.96   time = 33582270   
3000/5000   risk = 0.087  riskauc = 0.96   time = 35020097   
3125/5000   risk = 0.087  riskauc = 0.96   time = 36516981   
3250/5000   risk = 0.086  riskauc = 0.96   time = 38001579   
3375/5000   risk = 0.086  riskauc = 0.96   time = 39687563   
3500/5000   risk = 0.085  riskauc = 0.96   time = 41273053   
3625/5000   risk = 0.085  riskauc = 0.96   time = 42883879   
3750/5000   risk = 0.085  riskauc = 0.96   time = 44433777   
3875/5000   risk = 0.084  riskauc = 0.96   time = 45960375   
4000/5000   risk = 0.084  riskauc = 0.96   time = 47415755   
4125/5000   risk = 0.084  riskauc = 0.96   time = 49033938   
4250/5000   risk = 0.084  riskauc = 0.96   time = 50595863   
4375/5000   risk = 0.083  riskauc = 0.96   time = 52239978   
4500/5000   risk = 0.083  riskauc = 0.96   time = 53803392   
4625/5000   risk = 0.083  riskauc = 0.96   time = 55397299   
4750/5000   risk = 0.083  riskauc = 0.96   time = 57013186   
4875/5000   risk = 0.082  riskauc = 0.96   time = 58646758   
5000/5000   risk = 0.082  riskauc = 0.96   time = 60191335   


Train 5000 iterations in 60 Seconds.
Final risk based on the train set: 0.082

INFO  [19:38:57.460] [mlr3]  [LGCOMPBOOST] iterations:'stop_cwb',NA,'stop_acwb',5000,'stop_hcwb',NA 
INFO  [19:38:57.462] [mlr3]  [LGCOMPBOOST] risk_inbag:'risk_intercept',0.670513,'risk_cwb',NA,'risk_acwb',0.082270,'risk_hcwb',NA 
INFO  [19:38:57.464] [mlr3]  [LGCOMPBOOST] risk_oob:'risk_intercept_oob',NA,'risk_cwb_oob',NA,'risk_acwb_oob',NA,'risk_hcwb_oob',NA 
DEBUG [19:38:57.469] [mlr3]  Learner 'acc_acwb' on task 'spam' succeeded to fit a model {learner: <LearnerClassifCompboost/LearnerClassif/Learner/R6>, result: <list>, messages: }
DEBUG [19:38:57.480] [mlr3]  Skip subsetting of task 'spam' 
DEBUG [19:38:57.484] [mlr3]  Calling train method of Learner 'acc_acwb' on task 'spam' with 3680 observations {learner: <LearnerClassifCompboost/LearnerClassif/Learner/R6>}
INFO  [19:38:57.495] [mlr3]  [LGCOMPBOOST] Running compboost with df 20.000000 and df_cat 1.000000 
   1/5000   risk = 0.67  time = 2   
 125/5000   risk = 0.53  time = 1366367   
 250/5000   risk = 0.4  time = 2766804   
 375/5000   risk = 0.29  time = 4105564   
 500/5000   risk = 0.21  time = 5377937   
 625/5000   risk = 0.17  time = 6766819   
 750/5000   risk = 0.14  time = 8043229   
 875/5000   risk = 0.12  time = 9354210   
1000/5000   risk = 0.11  time = 10713940   
1125/5000   risk = 0.11  time = 11965988   
1250/5000   risk = 0.1  time = 13236795   
1375/5000   risk = 0.1  time = 14495161   
1500/5000   risk = 0.1  time = 15891364   
1625/5000   risk = 0.098  time = 17186638   
1750/5000   risk = 0.097  time = 18517761   
1875/5000   risk = 0.096  time = 19889383   
2000/5000   risk = 0.095  time = 21243969   
2125/5000   risk = 0.093  time = 22464900   
2250/5000   risk = 0.092  time = 23720848   
2375/5000   risk = 0.091  time = 25121586   
2500/5000   risk = 0.09  time = 26433844   
2625/5000   risk = 0.089  time = 27867305   
2750/5000   risk = 0.089  time = 29258328   
2875/5000   risk = 0.088  time = 30601846   
3000/5000   risk = 0.087  time = 31986906   
3125/5000   risk = 0.087  time = 33435318   
3250/5000   risk = 0.086  time = 34770921   
3375/5000   risk = 0.086  time = 36313779   
3500/5000   risk = 0.085  time = 37640256   
3625/5000   risk = 0.085  time = 39031380   
3750/5000   risk = 0.085  time = 40423728   
3875/5000   risk = 0.084  time = 41843975   
4000/5000   risk = 0.084  time = 43332012   
4125/5000   risk = 0.084  time = 44874150   
4250/5000   risk = 0.084  time = 46188539   
4375/5000   risk = 0.083  time = 47628225   
4500/5000   risk = 0.083  time = 49305043   
4625/5000   risk = 0.083  time = 50674651   
4750/5000   risk = 0.083  time = 52073527   
4875/5000   risk = 0.082  time = 53702994   
5000/5000   risk = 0.082  time = 55207554   


Train 5000 iterations in 55 Seconds.
Final risk based on the train set: 0.082

INFO  [19:40:02.426] [mlr3]  [LGCOMPBOOST] iterations:'stop_cwb',NA,'stop_acwb',5000,'stop_hcwb',NA 
INFO  [19:40:02.429] [mlr3]  [LGCOMPBOOST] risk_inbag:'risk_intercept',0.670513,'risk_cwb',NA,'risk_acwb',0.082270,'risk_hcwb',NA 
INFO  [19:40:02.430] [mlr3]  [LGCOMPBOOST] risk_oob:'risk_intercept_oob',NA,'risk_cwb_oob',NA,'risk_acwb_oob',NA,'risk_hcwb_oob',NA 
DEBUG [19:40:02.435] [mlr3]  Learner 'acc_acwb' on task 'spam' succeeded to fit a model {learner: <LearnerClassifCompboost/LearnerClassif/Learner/R6>, result: <list>, messages: }

### [bt]: Job terminated successfully [batchtools job.id=4]
### [bt]: Calculation finished!
