### [bt]: This is batchtools v0.9.15
### [bt]: Starting calculation of 1 jobs
### [bt]: Setting working directory to '/home/user/repos/cacb-batchtools/eq1'
[2021-07-29 17:04:33] Loading new learner
[2021-07-29 17:04:33] Loading tasks
[2021-07-29 17:04:36] Loading resampling
### [bt]: Memory measurement disabled
### [bt]: Starting job [batchtools job.id=133]
### [bt]: Generating problem instance for problem '168335-fold3' ...
### [bt]: Applying algorithm 'evaluate-learner' on problem '168335-fold3' for job 133 (seed = 31548) ...
DEBUG [17:04:38.221] [mlr3]  Skip subsetting of task 'Task 168335: MiniBooNE (Supervised Classification)' 
DEBUG [17:04:38.224] [mlr3]  Calling train method of Learner 'acc_hcwb' on task 'Task 168335: MiniBooNE (Supervised Classification)' with 104051 observations {learner: <LearnerClassifCompboost/LearnerClassif/Learner/R6>}
   1/5000   risk = 0.56  oob_risk = 0.57   riskauc = 0.85   time = 2   
 125/5000   risk = 0.26  oob_risk = 0.26   riskauc = 0.96   time = 15227973   
 250/5000   risk = 0.21  oob_risk = 0.21   riskauc = 0.97   time = 30035634   
 375/5000   risk = 0.19  oob_risk = 0.2   riskauc = 0.97   time = 44926271   


Train 403 iterations in 48 Seconds.
Final risk based on the train set: 0.19

   1/4608   risk = 0.19  oob_risk = 0.2   riskauc = 0.97   time = 2   
 115/4608   risk = 0.2  oob_risk = 0.21   riskauc = 0.97   time = 7504498   
 230/4608   risk = 0.2  oob_risk = 0.21   riskauc = 0.97   time = 14945321   
 345/4608   risk = 0.2  oob_risk = 0.21   riskauc = 0.97   time = 22024973   
 460/4608   risk = 0.2  oob_risk = 0.22   riskauc = 0.97   time = 29055176   
 575/4608   risk = 0.2  oob_risk = 0.22   riskauc = 0.97   time = 35904158   
 690/4608   risk = 0.2  oob_risk = 0.22   riskauc = 0.97   time = 42795552   
 805/4608   risk = 0.21  oob_risk = 0.22   riskauc = 0.97   time = 49698140   
 920/4608   risk = 0.21  oob_risk = 0.22   riskauc = 0.97   time = 56530216   
1035/4608   risk = 0.21  oob_risk = 0.22   riskauc = 0.97   time = 62981728   
1150/4608   risk = 0.21  oob_risk = 0.22   riskauc = 0.97   time = 69350082   
1265/4608   risk = 0.21  oob_risk = 0.22   riskauc = 0.97   time = 75884373   
1380/4608   risk = 0.21  oob_risk = 0.22   riskauc = 0.97   time = 82343403   
1495/4608   risk = 0.21  oob_risk = 0.22   riskauc = 0.97   time = 88835915   
1610/4608   risk = 0.21  oob_risk = 0.22   riskauc = 0.97   time = 95543850   
1725/4608   risk = 0.21  oob_risk = 0.23   riskauc = 0.97   time = 102069510   
1840/4608   risk = 0.21  oob_risk = 0.23   riskauc = 0.97   time = 108815879   
1955/4608   risk = 0.21  oob_risk = 0.23   riskauc = 0.97   time = 115655013   
2070/4608   risk = 0.21  oob_risk = 0.23   riskauc = 0.97   time = 122336701   
2185/4608   risk = 0.21  oob_risk = 0.23   riskauc = 0.97   time = 128766877   
2300/4608   risk = 0.21  oob_risk = 0.23   riskauc = 0.97   time = 135385935   
2415/4608   risk = 0.21  oob_risk = 0.23   riskauc = 0.97   time = 141728217   
2530/4608   risk = 0.21  oob_risk = 0.23   riskauc = 0.97   time = 148101414   
2645/4608   risk = 0.21  oob_risk = 0.23   riskauc = 0.97   time = 154593476   
2760/4608   risk = 0.21  oob_risk = 0.23   riskauc = 0.97   time = 160853731   
2875/4608   risk = 0.21  oob_risk = 0.23   riskauc = 0.97   time = 167148568   
2990/4608   risk = 0.21  oob_risk = 0.23   riskauc = 0.97   time = 173478329   
3105/4608   risk = 0.21  oob_risk = 0.23   riskauc = 0.97   time = 179848442   
3220/4608   risk = 0.21  oob_risk = 0.23   riskauc = 0.97   time = 186350775   
3335/4608   risk = 0.21  oob_risk = 0.23   riskauc = 0.97   time = 192611585   
3450/4608   risk = 0.21  oob_risk = 0.23   riskauc = 0.97   time = 198909260   
3565/4608   risk = 0.21  oob_risk = 0.23   riskauc = 0.97   time = 205297374   
3680/4608   risk = 0.21  oob_risk = 0.23   riskauc = 0.97   time = 211595057   
3795/4608   risk = 0.21  oob_risk = 0.23   riskauc = 0.97   time = 217816781   
3910/4608   risk = 0.21  oob_risk = 0.23   riskauc = 0.97   time = 224077838   
4025/4608   risk = 0.21  oob_risk = 0.23   riskauc = 0.97   time = 230345594   
4140/4608   risk = 0.21  oob_risk = 0.23   riskauc = 0.97   time = 236672068   
4255/4608   risk = 0.21  oob_risk = 0.23   riskauc = 0.97   time = 243243158   
4370/4608   risk = 0.21  oob_risk = 0.23   riskauc = 0.97   time = 249884945   
4485/4608   risk = 0.21  oob_risk = 0.23   riskauc = 0.97   time = 256336766   
4600/4608   risk = 0.21  oob_risk = 0.23   riskauc = 0.97   time = 262766566   


Train 4608 iterations in 263 Seconds.
Final risk based on the train set: 0.21

DEBUG [17:09:57.034] [mlr3]  Learner 'acc_hcwb' on task 'Task 168335: MiniBooNE (Supervised Classification)' succeeded to fit a model {learner: <LearnerClassifCompboost/LearnerClassif/Learner/R6>, result: <list>, messages: }
DEBUG [17:09:57.046] [mlr3]  Skip subsetting of task 'Task 168335: MiniBooNE (Supervised Classification)' 
DEBUG [17:09:57.049] [mlr3]  Calling train method of Learner 'acc_hcwb' on task 'Task 168335: MiniBooNE (Supervised Classification)' with 104051 observations {learner: <LearnerClassifCompboost/LearnerClassif/Learner/R6>}
   1/5000   risk = 0.56  oob_risk = 0.57   time = 2   
 125/5000   risk = 0.26  oob_risk = 0.26   time = 11147697   
 250/5000   risk = 0.21  oob_risk = 0.21   time = 22087888   
 375/5000   risk = 0.19  oob_risk = 0.2   time = 33139618   


Train 403 iterations in 35 Seconds.
Final risk based on the train set: 0.19

   1/4608   risk = 0.19  oob_risk = 0.2   time = 2   
 115/4608   risk = 0.2  oob_risk = 0.21   time = 5470475   
 230/4608   risk = 0.2  oob_risk = 0.21   time = 11139814   
 345/4608   risk = 0.2  oob_risk = 0.21   time = 16939283   
 460/4608   risk = 0.2  oob_risk = 0.22   time = 22893832   
 575/4608   risk = 0.2  oob_risk = 0.22   time = 28485147   
 690/4608   risk = 0.2  oob_risk = 0.22   time = 34182835   
 805/4608   risk = 0.21  oob_risk = 0.22   time = 39827582   
 920/4608   risk = 0.21  oob_risk = 0.22   time = 45513956   
1035/4608   risk = 0.21  oob_risk = 0.22   time = 51260546   
1150/4608   risk = 0.21  oob_risk = 0.22   time = 57048985   
1265/4608   risk = 0.21  oob_risk = 0.22   time = 62829976   
1380/4608   risk = 0.21  oob_risk = 0.22   time = 68673056   
1495/4608   risk = 0.21  oob_risk = 0.22   time = 74488913   
1610/4608   risk = 0.21  oob_risk = 0.22   time = 80350600   
1725/4608   risk = 0.21  oob_risk = 0.23   time = 86202073   
1840/4608   risk = 0.21  oob_risk = 0.23   time = 92077726   
1955/4608   risk = 0.21  oob_risk = 0.23   time = 98109323   
2070/4608   risk = 0.21  oob_risk = 0.23   time = 104043998   
2185/4608   risk = 0.21  oob_risk = 0.23   time = 110038678   
2300/4608   risk = 0.21  oob_risk = 0.23   time = 116017566   
2415/4608   risk = 0.21  oob_risk = 0.23   time = 121876976   
2530/4608   risk = 0.21  oob_risk = 0.23   time = 127790935   
2645/4608   risk = 0.21  oob_risk = 0.23   time = 133639852   
2760/4608   risk = 0.21  oob_risk = 0.23   time = 139518064   
2875/4608   risk = 0.21  oob_risk = 0.23   time = 145257472   
2990/4608   risk = 0.21  oob_risk = 0.23   time = 150993003   
3105/4608   risk = 0.21  oob_risk = 0.23   time = 156659750   
3220/4608   risk = 0.21  oob_risk = 0.23   time = 162590699   
3335/4608   risk = 0.21  oob_risk = 0.23   time = 168260254   
3450/4608   risk = 0.21  oob_risk = 0.23   time = 174080876   
3565/4608   risk = 0.21  oob_risk = 0.23   time = 179783836   
3680/4608   risk = 0.21  oob_risk = 0.23   time = 185364018   
3795/4608   risk = 0.21  oob_risk = 0.23   time = 191028102   
3910/4608   risk = 0.21  oob_risk = 0.23   time = 196576673   
4025/4608   risk = 0.21  oob_risk = 0.23   time = 202135326   
4140/4608   risk = 0.21  oob_risk = 0.23   time = 207736693   
4255/4608   risk = 0.21  oob_risk = 0.23   time = 213563170   
4370/4608   risk = 0.21  oob_risk = 0.23   time = 219325418   
4485/4608   risk = 0.21  oob_risk = 0.23   time = 225186035   
4600/4608   risk = 0.21  oob_risk = 0.23   time = 231105011   


Train 4608 iterations in 231 Seconds.
Final risk based on the train set: 0.21

DEBUG [17:14:30.819] [mlr3]  Learner 'acc_hcwb' on task 'Task 168335: MiniBooNE (Supervised Classification)' succeeded to fit a model {learner: <LearnerClassifCompboost/LearnerClassif/Learner/R6>, result: <list>, messages: }

### [bt]: Job terminated successfully [batchtools job.id=133]
### [bt]: Calculation finished!
