### [bt]: This is batchtools v0.9.15
### [bt]: Starting calculation of 1 jobs
### [bt]: Setting working directory to '/home/user/repos/cacb-batchtools/eq1'
[2021-07-25 19:53:10] Loading new learner
[2021-07-25 19:53:10] Loading tasks
[2021-07-25 19:53:13] Loading resampling
### [bt]: Memory measurement disabled
### [bt]: Starting job [batchtools job.id=11]
### [bt]: Generating problem instance for problem 'spam-fold3' ...
### [bt]: Applying algorithm 'evaluate-learner' on problem 'spam-fold3' for job 11 (seed = 31426) ...
DEBUG [19:53:14.301] [mlr3]  Skip subsetting of task 'spam' 
DEBUG [19:53:14.304] [mlr3]  Calling train method of Learner 'bin_cwb_nb' on task 'spam' with 3680 observations {learner: <LearnerClassifCompboost/LearnerClassif/Learner/R6>}
INFO  [19:53:14.313] [mlr3]  [LGCOMPBOOST] Running compboost with df 20.000000 and df_cat 1.000000 
   1/5000   risk = 0.64  riskauc = 0.81   time = 2   
 125/5000   risk = 0.22  riskauc = 0.95   time = 1317097   
 250/5000   risk = 0.19  riskauc = 0.96   time = 2538551   
 375/5000   risk = 0.17  riskauc = 0.96   time = 3738124   
 500/5000   risk = 0.17  riskauc = 0.96   time = 4946458   
 625/5000   risk = 0.16  riskauc = 0.96   time = 6202039   
 750/5000   risk = 0.15  riskauc = 0.96   time = 7409777   
 875/5000   risk = 0.15  riskauc = 0.96   time = 8553526   
1000/5000   risk = 0.14  riskauc = 0.96   time = 10176532   
1125/5000   risk = 0.14  riskauc = 0.96   time = 11430536   
1250/5000   risk = 0.14  riskauc = 0.96   time = 12583153   
1375/5000   risk = 0.14  riskauc = 0.96   time = 13794650   
1500/5000   risk = 0.13  riskauc = 0.96   time = 14852820   
1625/5000   risk = 0.13  riskauc = 0.96   time = 15926175   
1750/5000   risk = 0.13  riskauc = 0.96   time = 17194927   
1875/5000   risk = 0.13  riskauc = 0.96   time = 18358717   
2000/5000   risk = 0.13  riskauc = 0.96   time = 19708047   
2125/5000   risk = 0.12  riskauc = 0.96   time = 20850777   
2250/5000   risk = 0.12  riskauc = 0.96   time = 21936534   
2375/5000   risk = 0.12  riskauc = 0.96   time = 23004171   
2500/5000   risk = 0.12  riskauc = 0.96   time = 24160593   
2625/5000   risk = 0.12  riskauc = 0.96   time = 25301463   
2750/5000   risk = 0.12  riskauc = 0.96   time = 26371116   
2875/5000   risk = 0.12  riskauc = 0.96   time = 27541375   
3000/5000   risk = 0.12  riskauc = 0.96   time = 28756997   
3125/5000   risk = 0.11  riskauc = 0.96   time = 29969568   
3250/5000   risk = 0.11  riskauc = 0.96   time = 31120198   
3375/5000   risk = 0.11  riskauc = 0.96   time = 32329640   
3500/5000   risk = 0.11  riskauc = 0.96   time = 33524400   
3625/5000   risk = 0.11  riskauc = 0.96   time = 34683292   
3750/5000   risk = 0.11  riskauc = 0.96   time = 35822705   
3875/5000   risk = 0.11  riskauc = 0.96   time = 36975762   
4000/5000   risk = 0.11  riskauc = 0.96   time = 38186250   
4125/5000   risk = 0.11  riskauc = 0.96   time = 39343191   
4250/5000   risk = 0.11  riskauc = 0.96   time = 40834823   
4375/5000   risk = 0.11  riskauc = 0.96   time = 41965736   
4500/5000   risk = 0.11  riskauc = 0.96   time = 43180913   
4625/5000   risk = 0.11  riskauc = 0.96   time = 44387730   
4750/5000   risk = 0.11  riskauc = 0.96   time = 45708983   
4875/5000   risk = 0.1  riskauc = 0.96   time = 46816977   
5000/5000   risk = 0.1  riskauc = 0.96   time = 48057871   


Train 5000 iterations in 48 Seconds.
Final risk based on the train set: 0.1

INFO  [19:54:11.859] [mlr3]  [LGCOMPBOOST] iterations:'stop_cwb',5000,'stop_acwb',NA,'stop_hcwb',NA 
INFO  [19:54:11.862] [mlr3]  [LGCOMPBOOST] risk_inbag:'risk_intercept',0.670513,'risk_cwb',0.104181,'risk_acwb',NA,'risk_hcwb',NA 
INFO  [19:54:11.864] [mlr3]  [LGCOMPBOOST] risk_oob:'risk_intercept_oob',NA,'risk_cwb_oob',NA,'risk_acwb_oob',NA,'risk_hcwb_oob',NA 
DEBUG [19:54:11.869] [mlr3]  Learner 'bin_cwb_nb' on task 'spam' succeeded to fit a model {learner: <LearnerClassifCompboost/LearnerClassif/Learner/R6>, result: <list>, messages: }
DEBUG [19:54:11.880] [mlr3]  Skip subsetting of task 'spam' 
DEBUG [19:54:11.883] [mlr3]  Calling train method of Learner 'bin_cwb_nb' on task 'spam' with 3680 observations {learner: <LearnerClassifCompboost/LearnerClassif/Learner/R6>}
INFO  [19:54:11.895] [mlr3]  [LGCOMPBOOST] Running compboost with df 20.000000 and df_cat 1.000000 
   1/5000   risk = 0.64  time = 2   
 125/5000   risk = 0.22  time = 1043145   
 250/5000   risk = 0.19  time = 2113781   
 375/5000   risk = 0.17  time = 3204611   
 500/5000   risk = 0.17  time = 4333270   
 625/5000   risk = 0.16  time = 5475900   
 750/5000   risk = 0.15  time = 6668875   
 875/5000   risk = 0.15  time = 7738216   
1000/5000   risk = 0.14  time = 8830035   
1125/5000   risk = 0.14  time = 9897399   
1250/5000   risk = 0.14  time = 11067361   
1375/5000   risk = 0.14  time = 12150659   
1500/5000   risk = 0.13  time = 13336396   
1625/5000   risk = 0.13  time = 14494433   
1750/5000   risk = 0.13  time = 15622532   
1875/5000   risk = 0.13  time = 16638090   
2000/5000   risk = 0.13  time = 17734039   
2125/5000   risk = 0.12  time = 18833653   
2250/5000   risk = 0.12  time = 19911554   
2375/5000   risk = 0.12  time = 21050078   
2500/5000   risk = 0.12  time = 22185936   
2625/5000   risk = 0.12  time = 23297107   
2750/5000   risk = 0.12  time = 24527574   
2875/5000   risk = 0.12  time = 25633341   
3000/5000   risk = 0.12  time = 26799365   
3125/5000   risk = 0.11  time = 27875261   
3250/5000   risk = 0.11  time = 29089370   
3375/5000   risk = 0.11  time = 30218793   
3500/5000   risk = 0.11  time = 31331584   
3625/5000   risk = 0.11  time = 32463145   
3750/5000   risk = 0.11  time = 33620739   
3875/5000   risk = 0.11  time = 34705121   
4000/5000   risk = 0.11  time = 35729298   
4125/5000   risk = 0.11  time = 36793728   
4250/5000   risk = 0.11  time = 37912550   
4375/5000   risk = 0.11  time = 39059903   
4500/5000   risk = 0.11  time = 40245847   
4625/5000   risk = 0.11  time = 41413538   
4750/5000   risk = 0.11  time = 42595553   
4875/5000   risk = 0.1  time = 43662804   
5000/5000   risk = 0.1  time = 44821375   


Train 5000 iterations in 44 Seconds.
Final risk based on the train set: 0.1

INFO  [19:55:05.943] [mlr3]  [LGCOMPBOOST] iterations:'stop_cwb',5000,'stop_acwb',NA,'stop_hcwb',NA 
INFO  [19:55:05.945] [mlr3]  [LGCOMPBOOST] risk_inbag:'risk_intercept',0.670513,'risk_cwb',0.104181,'risk_acwb',NA,'risk_hcwb',NA 
INFO  [19:55:05.947] [mlr3]  [LGCOMPBOOST] risk_oob:'risk_intercept_oob',NA,'risk_cwb_oob',NA,'risk_acwb_oob',NA,'risk_hcwb_oob',NA 
DEBUG [19:55:05.952] [mlr3]  Learner 'bin_cwb_nb' on task 'spam' succeeded to fit a model {learner: <LearnerClassifCompboost/LearnerClassif/Learner/R6>, result: <list>, messages: }

### [bt]: Job terminated successfully [batchtools job.id=11]
### [bt]: Calculation finished!
