### [bt]: This is batchtools v0.9.15
### [bt]: Starting calculation of 1 jobs
### [bt]: Setting working directory to '/home/user/repos/cacb-batchtools/eq1'
[2021-07-25 21:04:08] Loading new learner
[2021-07-25 21:04:08] Loading tasks
[2021-07-25 21:04:11] Loading resampling
### [bt]: Memory measurement disabled
### [bt]: Starting job [batchtools job.id=43]
### [bt]: Generating problem instance for problem '7592-fold4' ...
### [bt]: Applying algorithm 'evaluate-learner' on problem '7592-fold4' for job 43 (seed = 31458) ...
DEBUG [21:04:11.947] [mlr3]  Skip subsetting of task 'Task 7592: adult (Supervised Classification)' 
DEBUG [21:04:11.951] [mlr3]  Calling train method of Learner 'acc_cwb' on task 'Task 7592: adult (Supervised Classification)' with 39074 observations {learner: <LearnerClassifCompboost/LearnerClassif/Learner/R6>}
Warning in get_private(learner)$.train(task) :
  Number of cores 30 exceeds number of features 14. The number of cores are set to 14!
INFO  [21:04:12.116] [mlr3]  [LGCOMPBOOST] Running compboost with df 5.000000 and df_cat 2.000000 
   1/5000   risk = 0.55  riskauc = 0.79   time = 2   
 125/5000   risk = 0.45  riskauc = 0.87   time = 1636892   
 250/5000   risk = 0.42  riskauc = 0.87   time = 3368677   
 375/5000   risk = 0.4  riskauc = 0.88   time = 5130778   
 500/5000   risk = 0.38  riskauc = 0.89   time = 6535113   
 625/5000   risk = 0.37  riskauc = 0.89   time = 7887629   
 750/5000   risk = 0.37  riskauc = 0.89   time = 9179349   
 875/5000   risk = 0.36  riskauc = 0.9   time = 10751381   
1000/5000   risk = 0.36  riskauc = 0.9   time = 12133218   
1125/5000   risk = 0.35  riskauc = 0.9   time = 13639593   
1250/5000   risk = 0.35  riskauc = 0.9   time = 15218365   
1375/5000   risk = 0.35  riskauc = 0.9   time = 16781849   
1500/5000   risk = 0.35  riskauc = 0.9   time = 18272085   
1625/5000   risk = 0.34  riskauc = 0.9   time = 19849151   
1750/5000   risk = 0.34  riskauc = 0.9   time = 21297175   
1875/5000   risk = 0.34  riskauc = 0.9   time = 22737197   
2000/5000   risk = 0.34  riskauc = 0.9   time = 24325465   
2125/5000   risk = 0.34  riskauc = 0.9   time = 25800290   
2250/5000   risk = 0.34  riskauc = 0.91   time = 27348833   
2375/5000   risk = 0.34  riskauc = 0.91   time = 28992646   
2500/5000   risk = 0.34  riskauc = 0.91   time = 30641010   
2625/5000   risk = 0.34  riskauc = 0.91   time = 32200931   
2750/5000   risk = 0.34  riskauc = 0.91   time = 33863308   
2875/5000   risk = 0.34  riskauc = 0.91   time = 35543464   
3000/5000   risk = 0.34  riskauc = 0.91   time = 37186015   
3125/5000   risk = 0.34  riskauc = 0.91   time = 38978013   
3250/5000   risk = 0.34  riskauc = 0.91   time = 40418735   
3375/5000   risk = 0.34  riskauc = 0.91   time = 41850899   
3500/5000   risk = 0.34  riskauc = 0.91   time = 43266980   
3625/5000   risk = 0.34  riskauc = 0.91   time = 44733709   
3750/5000   risk = 0.34  riskauc = 0.91   time = 46191155   
3875/5000   risk = 0.34  riskauc = 0.91   time = 47604393   
4000/5000   risk = 0.34  riskauc = 0.91   time = 49170508   
4125/5000   risk = 0.34  riskauc = 0.91   time = 50660924   
4250/5000   risk = 0.34  riskauc = 0.91   time = 52184178   
4375/5000   risk = 0.34  riskauc = 0.91   time = 53748250   
4500/5000   risk = 0.35  riskauc = 0.91   time = 55336111   
4625/5000   risk = 0.35  riskauc = 0.91   time = 56883218   
4750/5000   risk = 0.35  riskauc = 0.91   time = 58725904   
4875/5000   risk = 0.35  riskauc = 0.91   time = 60240525   
5000/5000   risk = 0.35  riskauc = 0.91   time = 61710302   


Train 5000 iterations in 61 Seconds.
Final risk based on the train set: 0.35

INFO  [21:05:21.269] [mlr3]  [LGCOMPBOOST] iterations:'stop_cwb',5000,'stop_acwb',NA,'stop_hcwb',NA 
INFO  [21:05:21.272] [mlr3]  [LGCOMPBOOST] risk_inbag:'risk_intercept',0.550260,'risk_cwb',0.346024,'risk_acwb',NA,'risk_hcwb',NA 
INFO  [21:05:21.274] [mlr3]  [LGCOMPBOOST] risk_oob:'risk_intercept_oob',NA,'risk_cwb_oob',NA,'risk_acwb_oob',NA,'risk_hcwb_oob',NA 
DEBUG [21:05:21.280] [mlr3]  Learner 'acc_cwb' on task 'Task 7592: adult (Supervised Classification)' succeeded to fit a model {learner: <LearnerClassifCompboost/LearnerClassif/Learner/R6>, result: <list>, messages: }
DEBUG [21:05:21.297] [mlr3]  Skip subsetting of task 'Task 7592: adult (Supervised Classification)' 
DEBUG [21:05:21.301] [mlr3]  Calling train method of Learner 'acc_cwb' on task 'Task 7592: adult (Supervised Classification)' with 39074 observations {learner: <LearnerClassifCompboost/LearnerClassif/Learner/R6>}
Warning in get_private(learner)$.train(task) :
  Number of cores 30 exceeds number of features 14. The number of cores are set to 14!
INFO  [21:05:21.378] [mlr3]  [LGCOMPBOOST] Running compboost with df 5.000000 and df_cat 2.000000 
   1/5000   risk = 0.55  time = 2   
 125/5000   risk = 0.45  time = 697298   
 250/5000   risk = 0.42  time = 1385447   
 375/5000   risk = 0.4  time = 2082404   
 500/5000   risk = 0.38  time = 2760539   
 625/5000   risk = 0.37  time = 3434356   
 750/5000   risk = 0.37  time = 4121539   
 875/5000   risk = 0.36  time = 4809132   
1000/5000   risk = 0.36  time = 5514559   
1125/5000   risk = 0.35  time = 6218716   
1250/5000   risk = 0.35  time = 6921832   
1375/5000   risk = 0.35  time = 7618112   
1500/5000   risk = 0.35  time = 8348845   
1625/5000   risk = 0.34  time = 9096229   
1750/5000   risk = 0.34  time = 9847597   
1875/5000   risk = 0.34  time = 10585280   
2000/5000   risk = 0.34  time = 11334755   
2125/5000   risk = 0.34  time = 12221035   
2250/5000   risk = 0.34  time = 13328881   
2375/5000   risk = 0.34  time = 14248627   
2500/5000   risk = 0.34  time = 14980723   
2625/5000   risk = 0.34  time = 15696313   
2750/5000   risk = 0.34  time = 16421381   
2875/5000   risk = 0.34  time = 17153930   
3000/5000   risk = 0.34  time = 17903087   
3125/5000   risk = 0.34  time = 18649406   
3250/5000   risk = 0.34  time = 19413223   
3375/5000   risk = 0.34  time = 20446297   
3500/5000   risk = 0.34  time = 21587230   
3625/5000   risk = 0.34  time = 22693668   
3750/5000   risk = 0.34  time = 23846875   
3875/5000   risk = 0.34  time = 24959677   
4000/5000   risk = 0.34  time = 26016380   
4125/5000   risk = 0.34  time = 27019314   
4250/5000   risk = 0.34  time = 28004925   
4375/5000   risk = 0.34  time = 29016099   
4500/5000   risk = 0.35  time = 30015218   
4625/5000   risk = 0.35  time = 31019689   
4750/5000   risk = 0.35  time = 32011427   
4875/5000   risk = 0.35  time = 33051401   
5000/5000   risk = 0.35  time = 34064439   


Train 5000 iterations in 34 Seconds.
Final risk based on the train set: 0.35

INFO  [21:06:02.320] [mlr3]  [LGCOMPBOOST] iterations:'stop_cwb',5000,'stop_acwb',NA,'stop_hcwb',NA 
INFO  [21:06:02.325] [mlr3]  [LGCOMPBOOST] risk_inbag:'risk_intercept',0.550260,'risk_cwb',0.346024,'risk_acwb',NA,'risk_hcwb',NA 
INFO  [21:06:02.327] [mlr3]  [LGCOMPBOOST] risk_oob:'risk_intercept_oob',NA,'risk_cwb_oob',NA,'risk_acwb_oob',NA,'risk_hcwb_oob',NA 
DEBUG [21:06:02.335] [mlr3]  Learner 'acc_cwb' on task 'Task 7592: adult (Supervised Classification)' succeeded to fit a model {learner: <LearnerClassifCompboost/LearnerClassif/Learner/R6>, result: <list>, messages: }

### [bt]: Job terminated successfully [batchtools job.id=43]
### [bt]: Calculation finished!
