### [bt]: This is batchtools v0.9.15
### [bt]: Starting calculation of 1 jobs
### [bt]: Setting working directory to '/home/user/repos/cacb-batchtools/eq1'
Loading required package: data.table
Loading required package: R6
Loading required package: mlr3
Loading required package: mlr3learners
Loading required package: mlr3extralearners

Attaching package: ‘mlr3extralearners’

The following objects are masked from ‘package:mlr3’:

    lrn, lrns

Loading required package: mlr3pipelines
Loading required package: mlr3tuning
Loading required package: paradox
Loading required package: compboost
[2021-08-02 16:48:02] Loading new learner LearnerClassifCWB
[2021-08-02 16:48:02] Loading new learner LearnerClassifHCWB
[2021-08-02 16:48:02] Loading new learner
[2021-08-02 16:48:02] Loading tasks
[2021-08-02 16:48:05] Loading resampling
### [bt]: Memory measurement disabled
### [bt]: Starting job [batchtools job.id=123]
### [bt]: Generating problem instance for problem '168908-fold5' ...
### [bt]: Applying algorithm 'evaluate-learner' on problem '168908-fold5' for job 123 (seed = 31538) ...
DEBUG [16:48:07.494] [mlr3]  Skip subsetting of task 'Task 168908: christine (Supervised Classification)' 
DEBUG [16:48:07.587] [mlr3]  Calling train method of Learner 'acc_acwb' on task 'Task 168908: christine (Supervised Classification)' with 4336 observations {learner: <LearnerClassifCWB/LearnerClassif/Learner/R6>}
   1/5000   risk = 0.68  oob_risk = 0.68   test_auc = 0.33   time = 3   val_auc = 0.29   
 125/5000   risk = 0.51  oob_risk = 0.56   test_auc = 0.25   time = 4844708   val_auc = 0.22   
 250/5000   risk = 0.34  oob_risk = 0.6   test_auc = 0.24   time = 9860945   val_auc = 0.21   
 375/5000   risk = 0.19  oob_risk = 0.81   test_auc = 0.26   time = 14879786   val_auc = 0.24   
 500/5000   risk = 0.089  oob_risk = 1.2   test_auc = 0.27   time = 20164642   val_auc = 0.27   
 625/5000   risk = 0.035  oob_risk = 1.6   test_auc = 0.3   time = 25191212   val_auc = 0.29   
 750/5000   risk = 0.013  oob_risk = 2.2   test_auc = 0.32   time = 30398187   val_auc = 0.3   
 875/5000   risk = 0.0068  oob_risk = 2.8   test_auc = 0.33   time = 35613993   val_auc = 0.31   
1000/5000   risk = 0.002  oob_risk = 3.3   test_auc = 0.34   time = 40723585   val_auc = 0.32   
1125/5000   risk = 0.00087  oob_risk = 3.8   test_auc = 0.35   time = 46259831   val_auc = 0.33   
1250/5000   risk = 0.00033  oob_risk = 4.3   test_auc = 0.35   time = 51617857   val_auc = 0.34   
1375/5000   risk = 0.00016  oob_risk = 4.7   test_auc = 0.36   time = 57135938   val_auc = 0.34   
1500/5000   risk = 6.6e-05  oob_risk = 5.1   test_auc = 0.36   time = 62621405   val_auc = 0.35   
1625/5000   risk = 3.6e-05  oob_risk = 5.5   test_auc = 0.36   time = 68209614   val_auc = 0.35   
1750/5000   risk = 2.1e-05  oob_risk = 5.8   test_auc = 0.37   time = 73772766   val_auc = 0.35   
1875/5000   risk = 1.3e-05  oob_risk = 6.2   test_auc = 0.37   time = 79362118   val_auc = 0.35   
2000/5000   risk = 8.6e-06  oob_risk = 6.5   test_auc = 0.37   time = 84833696   val_auc = 0.36   
2125/5000   risk = 6.2e-06  oob_risk = 6.8   test_auc = 0.37   time = 90350896   val_auc = 0.36   
2250/5000   risk = 4.9e-06  oob_risk = 7.1   test_auc = 0.38   time = 95984173   val_auc = 0.36   
2375/5000   risk = 3.6e-06  oob_risk = 7.4   test_auc = 0.38   time = 101557938   val_auc = 0.36   
2500/5000   risk = 2.5e-06  oob_risk = 7.7   test_auc = 0.38   time = 106996973   val_auc = 0.36   
2625/5000   risk = 1.7e-06  oob_risk = 7.9   test_auc = 0.38   time = 112468264   val_auc = 0.37   
2750/5000   risk = 1.1e-06  oob_risk = 8.2   test_auc = 0.38   time = 118113502   val_auc = 0.37   
2875/5000   risk = 7.7e-07  oob_risk = 8.4   test_auc = 0.38   time = 123896270   val_auc = 0.37   
3000/5000   risk = 5.5e-07  oob_risk = 8.6   test_auc = 0.38   time = 129592455   val_auc = 0.37   
3125/5000   risk = 4e-07  oob_risk = 8.8   test_auc = 0.38   time = 135297038   val_auc = 0.37   
3250/5000   risk = 3.2e-07  oob_risk = 9   test_auc = 0.38   time = 140931913   val_auc = 0.37   
3375/5000   risk = 2.7e-07  oob_risk = 9.2   test_auc = 0.39   time = 146495609   val_auc = 0.37   
3500/5000   risk = 2.4e-07  oob_risk = 9.4   test_auc = 0.39   time = 152056907   val_auc = 0.37   
3625/5000   risk = 2.2e-07  oob_risk = 9.6   test_auc = 0.39   time = 157508593   val_auc = 0.38   
3750/5000   risk = 2e-07  oob_risk = 9.8   test_auc = 0.39   time = 163026614   val_auc = 0.38   
3875/5000   risk = 1.9e-07  oob_risk = 10   test_auc = 0.39   time = 168692860   val_auc = 0.38   
4000/5000   risk = 1.7e-07  oob_risk = 10   test_auc = 0.39   time = 174253600   val_auc = 0.38   
4125/5000   risk = 1.5e-07  oob_risk = 10   test_auc = 0.39   time = 179970051   val_auc = 0.38   
4250/5000   risk = 1.3e-07  oob_risk = 10   test_auc = 0.39   time = 186018521   val_auc = 0.38   
4375/5000   risk = 1.2e-07  oob_risk = 11   test_auc = 0.39   time = 191663773   val_auc = 0.38   
4500/5000   risk = 1e-07  oob_risk = 11   test_auc = 0.39   time = 197469454   val_auc = 0.38   
4625/5000   risk = 9.2e-08  oob_risk = 11   test_auc = 0.39   time = 203210465   val_auc = 0.38   
4750/5000   risk = 8.1e-08  oob_risk = 11   test_auc = 0.39   time = 209043678   val_auc = 0.38   
4875/5000   risk = 7.2e-08  oob_risk = 11   test_auc = 0.39   time = 214946366   val_auc = 0.38   
5000/5000   risk = 6.5e-08  oob_risk = 11   test_auc = 0.39   time = 221024496   val_auc = 0.38   


Train 5000 iterations in 222 Seconds.
Final risk based on the train set: 6.5e-08

DEBUG [16:52:17.807] [mlr3]  Learner 'acc_acwb' on task 'Task 168908: christine (Supervised Classification)' succeeded to fit a model {learner: <LearnerClassifCWB/LearnerClassif/Learner/R6>, result: <list>, messages: }

### [bt]: Job terminated successfully [batchtools job.id=123]
### [bt]: Calculation finished!
