### [bt]: This is batchtools v0.9.15
### [bt]: Starting calculation of 1 jobs
### [bt]: Setting working directory to '/home/user/repos/cacb-batchtools/eq1'
[2021-07-29 16:40:25] Loading new learner
[2021-07-29 16:40:25] Loading tasks
[2021-07-29 16:40:27] Loading resampling
### [bt]: Memory measurement disabled
### [bt]: Starting job [batchtools job.id=129]
### [bt]: Generating problem instance for problem '7592-fold4' ...
### [bt]: Applying algorithm 'evaluate-learner' on problem '7592-fold4' for job 129 (seed = 31544) ...
DEBUG [16:40:28.500] [mlr3]  Skip subsetting of task 'Task 7592: adult (Supervised Classification)' 
DEBUG [16:40:28.504] [mlr3]  Calling train method of Learner 'acc_hcwb' on task 'Task 7592: adult (Supervised Classification)' with 39074 observations {learner: <LearnerClassifCompboost/LearnerClassif/Learner/R6>}
Warning in get_private(learner)$.train(task) :
  Number of cores 30 exceeds number of features 14. The number of cores are set to 14!
   1/5000   risk = 0.53  oob_risk = 0.54   riskauc = 0.79   time = 3   
 125/5000   risk = 0.36  oob_risk = 0.37   riskauc = 0.9   time = 3127249   
 250/5000   risk = 0.32  oob_risk = 0.33   riskauc = 0.91   time = 5839330   


Train 336 iterations in 7 Seconds.
Final risk based on the train set: 0.32

   1/4675   risk = 0.32  oob_risk = 0.34   riskauc = 0.91   time = 2   
 117/4675   risk = 0.33  oob_risk = 0.35   riskauc = 0.91   time = 1585221   
 234/4675   risk = 0.34  oob_risk = 0.35   riskauc = 0.91   time = 3033475   
 351/4675   risk = 0.34  oob_risk = 0.36   riskauc = 0.91   time = 4378972   
 468/4675   risk = 0.34  oob_risk = 0.36   riskauc = 0.91   time = 5734616   
 585/4675   risk = 0.34  oob_risk = 0.36   riskauc = 0.91   time = 6976353   
 702/4675   risk = 0.35  oob_risk = 0.36   riskauc = 0.91   time = 8431949   
 819/4675   risk = 0.35  oob_risk = 0.36   riskauc = 0.91   time = 9833068   
 936/4675   risk = 0.35  oob_risk = 0.36   riskauc = 0.91   time = 11195442   
1053/4675   risk = 0.35  oob_risk = 0.36   riskauc = 0.91   time = 12578713   
1170/4675   risk = 0.35  oob_risk = 0.37   riskauc = 0.91   time = 13873874   
1287/4675   risk = 0.35  oob_risk = 0.37   riskauc = 0.91   time = 15172865   
1404/4675   risk = 0.35  oob_risk = 0.37   riskauc = 0.91   time = 16480054   
1521/4675   risk = 0.35  oob_risk = 0.37   riskauc = 0.91   time = 17752755   
1638/4675   risk = 0.35  oob_risk = 0.37   riskauc = 0.91   time = 19106163   
1755/4675   risk = 0.35  oob_risk = 0.37   riskauc = 0.91   time = 20391471   
1872/4675   risk = 0.35  oob_risk = 0.37   riskauc = 0.91   time = 21590204   
1989/4675   risk = 0.35  oob_risk = 0.37   riskauc = 0.91   time = 22932622   
2106/4675   risk = 0.35  oob_risk = 0.37   riskauc = 0.91   time = 24274972   
2223/4675   risk = 0.35  oob_risk = 0.37   riskauc = 0.91   time = 25656439   
2340/4675   risk = 0.35  oob_risk = 0.37   riskauc = 0.91   time = 27185499   
2457/4675   risk = 0.35  oob_risk = 0.37   riskauc = 0.91   time = 28624041   
2574/4675   risk = 0.35  oob_risk = 0.37   riskauc = 0.91   time = 30012833   
2691/4675   risk = 0.35  oob_risk = 0.37   riskauc = 0.91   time = 31325856   
2808/4675   risk = 0.35  oob_risk = 0.37   riskauc = 0.91   time = 32653558   
2925/4675   risk = 0.35  oob_risk = 0.37   riskauc = 0.91   time = 33988591   
3042/4675   risk = 0.35  oob_risk = 0.37   riskauc = 0.91   time = 35306525   
3159/4675   risk = 0.35  oob_risk = 0.37   riskauc = 0.91   time = 36581404   
3276/4675   risk = 0.35  oob_risk = 0.37   riskauc = 0.91   time = 37868348   
3393/4675   risk = 0.35  oob_risk = 0.37   riskauc = 0.91   time = 39319866   
3510/4675   risk = 0.35  oob_risk = 0.37   riskauc = 0.91   time = 40715845   
3627/4675   risk = 0.35  oob_risk = 0.37   riskauc = 0.91   time = 42124705   
3744/4675   risk = 0.35  oob_risk = 0.37   riskauc = 0.91   time = 43514103   
3861/4675   risk = 0.35  oob_risk = 0.37   riskauc = 0.91   time = 44940715   
3978/4675   risk = 0.35  oob_risk = 0.37   riskauc = 0.91   time = 46665384   
4095/4675   risk = 0.35  oob_risk = 0.37   riskauc = 0.91   time = 48143161   
4212/4675   risk = 0.35  oob_risk = 0.37   riskauc = 0.91   time = 49528115   
4329/4675   risk = 0.35  oob_risk = 0.37   riskauc = 0.91   time = 51039703   
4446/4675   risk = 0.35  oob_risk = 0.37   riskauc = 0.91   time = 52481717   
4563/4675   risk = 0.35  oob_risk = 0.37   riskauc = 0.91   time = 53844818   


Train 4675 iterations in 55 Seconds.
Final risk based on the train set: 0.35

DEBUG [16:41:32.559] [mlr3]  Learner 'acc_hcwb' on task 'Task 7592: adult (Supervised Classification)' succeeded to fit a model {learner: <LearnerClassifCompboost/LearnerClassif/Learner/R6>, result: <list>, messages: }
DEBUG [16:41:32.582] [mlr3]  Skip subsetting of task 'Task 7592: adult (Supervised Classification)' 
DEBUG [16:41:32.587] [mlr3]  Calling train method of Learner 'acc_hcwb' on task 'Task 7592: adult (Supervised Classification)' with 39074 observations {learner: <LearnerClassifCompboost/LearnerClassif/Learner/R6>}
Warning in get_private(learner)$.train(task) :
  Number of cores 30 exceeds number of features 14. The number of cores are set to 14!
   1/5000   risk = 0.53  oob_risk = 0.54   time = 2   
 125/5000   risk = 0.36  oob_risk = 0.37   time = 1401700   
 250/5000   risk = 0.32  oob_risk = 0.33   time = 2886821   


Train 336 iterations in 3 Seconds.
Final risk based on the train set: 0.32

   1/4675   risk = 0.32  oob_risk = 0.34   time = 2   
 117/4675   risk = 0.33  oob_risk = 0.35   time = 869392   
 234/4675   risk = 0.34  oob_risk = 0.35   time = 1743013   
 351/4675   risk = 0.34  oob_risk = 0.36   time = 2609561   
 468/4675   risk = 0.34  oob_risk = 0.36   time = 3495433   
 585/4675   risk = 0.34  oob_risk = 0.36   time = 4355515   
 702/4675   risk = 0.35  oob_risk = 0.36   time = 5233614   
 819/4675   risk = 0.35  oob_risk = 0.36   time = 5906109   
 936/4675   risk = 0.35  oob_risk = 0.36   time = 6510845   
1053/4675   risk = 0.35  oob_risk = 0.36   time = 7120586   
1170/4675   risk = 0.35  oob_risk = 0.37   time = 7726689   
1287/4675   risk = 0.35  oob_risk = 0.37   time = 8342344   
1404/4675   risk = 0.35  oob_risk = 0.37   time = 8991936   
1521/4675   risk = 0.35  oob_risk = 0.37   time = 9640394   
1638/4675   risk = 0.35  oob_risk = 0.37   time = 10398362   
1755/4675   risk = 0.35  oob_risk = 0.37   time = 11252634   
1872/4675   risk = 0.35  oob_risk = 0.37   time = 12120086   
1989/4675   risk = 0.35  oob_risk = 0.37   time = 12991142   
2106/4675   risk = 0.35  oob_risk = 0.37   time = 13838134   
2223/4675   risk = 0.35  oob_risk = 0.37   time = 14726682   
2340/4675   risk = 0.35  oob_risk = 0.37   time = 15537830   
2457/4675   risk = 0.35  oob_risk = 0.37   time = 16219691   
2574/4675   risk = 0.35  oob_risk = 0.37   time = 16915413   
2691/4675   risk = 0.35  oob_risk = 0.37   time = 17790218   
2808/4675   risk = 0.35  oob_risk = 0.37   time = 18663467   
2925/4675   risk = 0.35  oob_risk = 0.37   time = 19551101   
3042/4675   risk = 0.35  oob_risk = 0.37   time = 20416059   
3159/4675   risk = 0.35  oob_risk = 0.37   time = 21280958   
3276/4675   risk = 0.35  oob_risk = 0.37   time = 22146239   
3393/4675   risk = 0.35  oob_risk = 0.37   time = 23018153   
3510/4675   risk = 0.35  oob_risk = 0.37   time = 23921707   
3627/4675   risk = 0.35  oob_risk = 0.37   time = 24823990   
3744/4675   risk = 0.35  oob_risk = 0.37   time = 25732507   
3861/4675   risk = 0.35  oob_risk = 0.37   time = 26574911   
3978/4675   risk = 0.35  oob_risk = 0.37   time = 27384225   
4095/4675   risk = 0.35  oob_risk = 0.37   time = 28182700   
4212/4675   risk = 0.35  oob_risk = 0.37   time = 29069967   
4329/4675   risk = 0.35  oob_risk = 0.37   time = 29903678   
4446/4675   risk = 0.35  oob_risk = 0.37   time = 30610095   
4563/4675   risk = 0.35  oob_risk = 0.37   time = 31351985   


Train 4675 iterations in 32 Seconds.
Final risk based on the train set: 0.35

DEBUG [16:42:09.531] [mlr3]  Learner 'acc_hcwb' on task 'Task 7592: adult (Supervised Classification)' succeeded to fit a model {learner: <LearnerClassifCompboost/LearnerClassif/Learner/R6>, result: <list>, messages: }

### [bt]: Job terminated successfully [batchtools job.id=129]
### [bt]: Calculation finished!
