### [bt]: This is batchtools v0.9.15
### [bt]: Starting calculation of 1 jobs
### [bt]: Setting working directory to '/home/user/repos/cacb-batchtools/eq1'
[2021-07-27 20:34:16] Loading new learner
[2021-07-27 20:34:16] Loading tasks
[2021-07-27 20:34:19] Loading resampling
### [bt]: Memory measurement disabled
### [bt]: Starting job [batchtools job.id=38]
### [bt]: Generating problem instance for problem '7592-fold5' ...
### [bt]: Applying algorithm 'evaluate-learner' on problem '7592-fold5' for job 38 (seed = 31453) ...
DEBUG [20:34:20.274] [mlr3]  Skip subsetting of task 'Task 7592: adult (Supervised Classification)' 
DEBUG [20:34:20.278] [mlr3]  Calling train method of Learner 'bin_cwb_b' on task 'Task 7592: adult (Supervised Classification)' with 39074 observations {learner: <LearnerClassifCompboost/LearnerClassif/Learner/R6>}
Warning in get_private(learner)$.train(task) :
  Number of cores 30 exceeds number of features 14. The number of cores are set to 14!
   1/5000   risk = 0.54  riskauc = 0.77   time = 3   
 125/5000   risk = 0.35  riskauc = 0.9   time = 2041429   
 250/5000   risk = 0.34  riskauc = 0.91   time = 3322386   
 375/5000   risk = 0.34  riskauc = 0.91   time = 4572258   
 500/5000   risk = 0.35  riskauc = 0.91   time = 5781973   
 625/5000   risk = 0.35  riskauc = 0.91   time = 6673210   
 750/5000   risk = 0.35  riskauc = 0.91   time = 7550897   
 875/5000   risk = 0.35  riskauc = 0.91   time = 8427374   
1000/5000   risk = 0.35  riskauc = 0.91   time = 9335018   
1125/5000   risk = 0.35  riskauc = 0.91   time = 10213953   
1250/5000   risk = 0.35  riskauc = 0.91   time = 11352257   
1375/5000   risk = 0.35  riskauc = 0.91   time = 12225057   
1500/5000   risk = 0.35  riskauc = 0.91   time = 13106568   
1625/5000   risk = 0.35  riskauc = 0.91   time = 14008034   
1750/5000   risk = 0.36  riskauc = 0.91   time = 14974661   
1875/5000   risk = 0.36  riskauc = 0.91   time = 15926917   
2000/5000   risk = 0.36  riskauc = 0.91   time = 16936143   
2125/5000   risk = 0.36  riskauc = 0.91   time = 17927634   
2250/5000   risk = 0.36  riskauc = 0.91   time = 18892547   
2375/5000   risk = 0.36  riskauc = 0.91   time = 19889294   
2500/5000   risk = 0.36  riskauc = 0.91   time = 20806235   
2625/5000   risk = 0.36  riskauc = 0.91   time = 21864344   
2750/5000   risk = 0.36  riskauc = 0.91   time = 22932250   
2875/5000   risk = 0.36  riskauc = 0.91   time = 24054526   
3000/5000   risk = 0.36  riskauc = 0.91   time = 25136595   
3125/5000   risk = 0.36  riskauc = 0.91   time = 26202444   
3250/5000   risk = 0.36  riskauc = 0.91   time = 27269133   
3375/5000   risk = 0.36  riskauc = 0.91   time = 28416892   
3500/5000   risk = 0.36  riskauc = 0.91   time = 29686310   
3625/5000   risk = 0.36  riskauc = 0.91   time = 30886307   
3750/5000   risk = 0.36  riskauc = 0.91   time = 32069966   
3875/5000   risk = 0.36  riskauc = 0.91   time = 33090093   
4000/5000   risk = 0.36  riskauc = 0.91   time = 34112420   
4125/5000   risk = 0.36  riskauc = 0.91   time = 35150014   
4250/5000   risk = 0.36  riskauc = 0.91   time = 36135365   
4375/5000   risk = 0.36  riskauc = 0.91   time = 37153484   
4500/5000   risk = 0.36  riskauc = 0.91   time = 38157725   
4625/5000   risk = 0.36  riskauc = 0.91   time = 39406483   
4750/5000   risk = 0.36  riskauc = 0.91   time = 40435403   
4875/5000   risk = 0.36  riskauc = 0.91   time = 41475772   
5000/5000   risk = 0.36  riskauc = 0.91   time = 42533519   


Train 5000 iterations in 42 Seconds.
Final risk based on the train set: 0.36

DEBUG [20:35:05.312] [mlr3]  Learner 'bin_cwb_b' on task 'Task 7592: adult (Supervised Classification)' succeeded to fit a model {learner: <LearnerClassifCompboost/LearnerClassif/Learner/R6>, result: <list>, messages: }
DEBUG [20:35:05.328] [mlr3]  Skip subsetting of task 'Task 7592: adult (Supervised Classification)' 
DEBUG [20:35:05.332] [mlr3]  Calling train method of Learner 'bin_cwb_b' on task 'Task 7592: adult (Supervised Classification)' with 39074 observations {learner: <LearnerClassifCompboost/LearnerClassif/Learner/R6>}
Warning in get_private(learner)$.train(task) :
  Number of cores 30 exceeds number of features 14. The number of cores are set to 14!
   1/5000   risk = 0.54  time = 2   
 125/5000   risk = 0.35  time = 423823   
 250/5000   risk = 0.34  time = 769746   
 375/5000   risk = 0.34  time = 1129581   
 500/5000   risk = 0.35  time = 1544694   
 625/5000   risk = 0.35  time = 2001273   
 750/5000   risk = 0.35  time = 2463446   
 875/5000   risk = 0.35  time = 2919205   
1000/5000   risk = 0.35  time = 3370463   
1125/5000   risk = 0.35  time = 3821311   
1250/5000   risk = 0.35  time = 4253290   
1375/5000   risk = 0.35  time = 4725254   
1500/5000   risk = 0.35  time = 5186366   
1625/5000   risk = 0.35  time = 5638658   
1750/5000   risk = 0.36  time = 6104888   
1875/5000   risk = 0.36  time = 6569652   
2000/5000   risk = 0.36  time = 7033038   
2125/5000   risk = 0.36  time = 7535175   
2250/5000   risk = 0.36  time = 8034308   
2375/5000   risk = 0.36  time = 8542830   
2500/5000   risk = 0.36  time = 9054439   
2625/5000   risk = 0.36  time = 9531108   
2750/5000   risk = 0.36  time = 10047183   
2875/5000   risk = 0.36  time = 10571375   
3000/5000   risk = 0.36  time = 11070854   
3125/5000   risk = 0.36  time = 11585878   
3250/5000   risk = 0.36  time = 12065921   
3375/5000   risk = 0.36  time = 12528899   
3500/5000   risk = 0.36  time = 12984932   
3625/5000   risk = 0.36  time = 13477397   
3750/5000   risk = 0.36  time = 13974377   
3875/5000   risk = 0.36  time = 14485160   
4000/5000   risk = 0.36  time = 14989617   
4125/5000   risk = 0.36  time = 15392178   
4250/5000   risk = 0.36  time = 15794065   
4375/5000   risk = 0.36  time = 16199396   
4500/5000   risk = 0.36  time = 16605170   
4625/5000   risk = 0.36  time = 17015200   
4750/5000   risk = 0.36  time = 17429470   
4875/5000   risk = 0.36  time = 17839447   
5000/5000   risk = 0.36  time = 18249010   


Train 5000 iterations in 18 Seconds.
Final risk based on the train set: 0.36

DEBUG [20:35:26.115] [mlr3]  Learner 'bin_cwb_b' on task 'Task 7592: adult (Supervised Classification)' succeeded to fit a model {learner: <LearnerClassifCompboost/LearnerClassif/Learner/R6>, result: <list>, messages: }

### [bt]: Job terminated successfully [batchtools job.id=38]
### [bt]: Calculation finished!
