### [bt]: This is batchtools v0.9.15
### [bt]: Starting calculation of 1 jobs
### [bt]: Setting working directory to '/home/user/repos/cacb-batchtools/eq1'
[2021-07-26 01:05:27] Loading new learner
[2021-07-26 01:05:27] Loading tasks
[2021-07-26 01:05:30] Loading resampling
### [bt]: Memory measurement disabled
### [bt]: Starting job [batchtools job.id=36]
### [bt]: Generating problem instance for problem '7592-fold3' ...
### [bt]: Applying algorithm 'evaluate-learner' on problem '7592-fold3' for job 36 (seed = 31451) ...
DEBUG [01:05:31.784] [mlr3]  Skip subsetting of task 'Task 7592: adult (Supervised Classification)' 
DEBUG [01:05:31.788] [mlr3]  Calling train method of Learner 'bin_cwb_nb' on task 'Task 7592: adult (Supervised Classification)' with 39074 observations {learner: <LearnerClassifCompboost/LearnerClassif/Learner/R6>}
Warning in get_private(learner)$.train(task) :
  Number of cores 30 exceeds number of features 14. The number of cores are set to 14!
INFO  [01:05:31.894] [mlr3]  [LGCOMPBOOST] Running compboost with df 5.000000 and df_cat 2.000000 
   1/5000   risk = 0.54  riskauc = 0.78   time = 3   
 125/5000   risk = 0.35  riskauc = 0.9   time = 1812149   
 250/5000   risk = 0.34  riskauc = 0.91   time = 4161351   
 375/5000   risk = 0.34  riskauc = 0.91   time = 5957378   
 500/5000   risk = 0.35  riskauc = 0.91   time = 7802608   
 625/5000   risk = 0.35  riskauc = 0.91   time = 9232594   
 750/5000   risk = 0.35  riskauc = 0.91   time = 10671589   
 875/5000   risk = 0.35  riskauc = 0.91   time = 12076549   
1000/5000   risk = 0.35  riskauc = 0.91   time = 13833819   
1125/5000   risk = 0.35  riskauc = 0.91   time = 15668049   
1250/5000   risk = 0.35  riskauc = 0.91   time = 17486324   
1375/5000   risk = 0.35  riskauc = 0.91   time = 19292895   
1500/5000   risk = 0.35  riskauc = 0.91   time = 20995949   
1625/5000   risk = 0.36  riskauc = 0.91   time = 22745754   
1750/5000   risk = 0.36  riskauc = 0.91   time = 24598733   
1875/5000   risk = 0.36  riskauc = 0.91   time = 26437251   
2000/5000   risk = 0.36  riskauc = 0.91   time = 28168278   
2125/5000   risk = 0.36  riskauc = 0.91   time = 29627480   
2250/5000   risk = 0.36  riskauc = 0.91   time = 31086171   
2375/5000   risk = 0.36  riskauc = 0.91   time = 32510419   
2500/5000   risk = 0.36  riskauc = 0.91   time = 33983225   
2625/5000   risk = 0.36  riskauc = 0.91   time = 35576563   
2750/5000   risk = 0.36  riskauc = 0.91   time = 37206667   
2875/5000   risk = 0.36  riskauc = 0.91   time = 38830757   
3000/5000   risk = 0.36  riskauc = 0.91   time = 40478619   
3125/5000   risk = 0.36  riskauc = 0.91   time = 42031776   
3250/5000   risk = 0.36  riskauc = 0.91   time = 43651307   
3375/5000   risk = 0.36  riskauc = 0.91   time = 45253673   
3500/5000   risk = 0.36  riskauc = 0.91   time = 46892187   
3625/5000   risk = 0.36  riskauc = 0.91   time = 48515123   
3750/5000   risk = 0.36  riskauc = 0.91   time = 49922729   
3875/5000   risk = 0.36  riskauc = 0.91   time = 51338237   
4000/5000   risk = 0.36  riskauc = 0.91   time = 52914820   
4125/5000   risk = 0.36  riskauc = 0.91   time = 54424272   
4250/5000   risk = 0.36  riskauc = 0.91   time = 55886758   
4375/5000   risk = 0.36  riskauc = 0.91   time = 57325689   
4500/5000   risk = 0.36  riskauc = 0.91   time = 58769374   
4625/5000   risk = 0.36  riskauc = 0.91   time = 60206788   
4750/5000   risk = 0.36  riskauc = 0.91   time = 61803911   
4875/5000   risk = 0.36  riskauc = 0.92   time = 63301787   
5000/5000   risk = 0.36  riskauc = 0.92   time = 64759227   


Train 5000 iterations in 64 Seconds.
Final risk based on the train set: 0.36

INFO  [01:06:44.049] [mlr3]  [LGCOMPBOOST] iterations:'stop_cwb',5000,'stop_acwb',NA,'stop_hcwb',NA 
INFO  [01:06:44.054] [mlr3]  [LGCOMPBOOST] risk_inbag:'risk_intercept',0.550260,'risk_cwb',0.358037,'risk_acwb',NA,'risk_hcwb',NA 
INFO  [01:06:44.056] [mlr3]  [LGCOMPBOOST] risk_oob:'risk_intercept_oob',NA,'risk_cwb_oob',NA,'risk_acwb_oob',NA,'risk_hcwb_oob',NA 
DEBUG [01:06:44.062] [mlr3]  Learner 'bin_cwb_nb' on task 'Task 7592: adult (Supervised Classification)' succeeded to fit a model {learner: <LearnerClassifCompboost/LearnerClassif/Learner/R6>, result: <list>, messages: }
DEBUG [01:06:44.076] [mlr3]  Skip subsetting of task 'Task 7592: adult (Supervised Classification)' 
DEBUG [01:06:44.079] [mlr3]  Calling train method of Learner 'bin_cwb_nb' on task 'Task 7592: adult (Supervised Classification)' with 39074 observations {learner: <LearnerClassifCompboost/LearnerClassif/Learner/R6>}
Warning in get_private(learner)$.train(task) :
  Number of cores 30 exceeds number of features 14. The number of cores are set to 14!
INFO  [01:06:44.158] [mlr3]  [LGCOMPBOOST] Running compboost with df 5.000000 and df_cat 2.000000 
   1/5000   risk = 0.54  time = 3   
 125/5000   risk = 0.35  time = 1183238   
 250/5000   risk = 0.34  time = 2117801   
 375/5000   risk = 0.34  time = 2845604   
 500/5000   risk = 0.35  time = 3600394   
 625/5000   risk = 0.35  time = 4348982   
 750/5000   risk = 0.35  time = 5078354   
 875/5000   risk = 0.35  time = 5795863   
1000/5000   risk = 0.35  time = 6537694   
1125/5000   risk = 0.35  time = 7262954   
1250/5000   risk = 0.35  time = 7983475   
1375/5000   risk = 0.35  time = 8706594   
1500/5000   risk = 0.35  time = 9420560   
1625/5000   risk = 0.36  time = 10154794   
1750/5000   risk = 0.36  time = 10924311   
1875/5000   risk = 0.36  time = 11690755   
2000/5000   risk = 0.36  time = 12436605   
2125/5000   risk = 0.36  time = 13186153   
2250/5000   risk = 0.36  time = 13974109   
2375/5000   risk = 0.36  time = 14757722   
2500/5000   risk = 0.36  time = 15553701   
2625/5000   risk = 0.36  time = 16339136   
2750/5000   risk = 0.36  time = 17120421   
2875/5000   risk = 0.36  time = 17888542   
3000/5000   risk = 0.36  time = 18665778   
3125/5000   risk = 0.36  time = 19438058   
3250/5000   risk = 0.36  time = 20208957   
3375/5000   risk = 0.36  time = 20984956   
3500/5000   risk = 0.36  time = 21764631   
3625/5000   risk = 0.36  time = 22548193   
3750/5000   risk = 0.36  time = 23307071   
3875/5000   risk = 0.36  time = 24073692   
4000/5000   risk = 0.36  time = 24850580   
4125/5000   risk = 0.36  time = 25628243   
4250/5000   risk = 0.36  time = 26406461   
4375/5000   risk = 0.36  time = 27216846   
4500/5000   risk = 0.36  time = 28030326   
4625/5000   risk = 0.36  time = 28872864   
4750/5000   risk = 0.36  time = 29680003   
4875/5000   risk = 0.36  time = 30499700   
5000/5000   risk = 0.36  time = 31331281   


Train 5000 iterations in 31 Seconds.
Final risk based on the train set: 0.36

INFO  [01:07:22.510] [mlr3]  [LGCOMPBOOST] iterations:'stop_cwb',5000,'stop_acwb',NA,'stop_hcwb',NA 
INFO  [01:07:22.514] [mlr3]  [LGCOMPBOOST] risk_inbag:'risk_intercept',0.550260,'risk_cwb',0.358037,'risk_acwb',NA,'risk_hcwb',NA 
INFO  [01:07:22.515] [mlr3]  [LGCOMPBOOST] risk_oob:'risk_intercept_oob',NA,'risk_cwb_oob',NA,'risk_acwb_oob',NA,'risk_hcwb_oob',NA 
DEBUG [01:07:22.522] [mlr3]  Learner 'bin_cwb_nb' on task 'Task 7592: adult (Supervised Classification)' succeeded to fit a model {learner: <LearnerClassifCompboost/LearnerClassif/Learner/R6>, result: <list>, messages: }

### [bt]: Job terminated successfully [batchtools job.id=36]
### [bt]: Calculation finished!
