### [bt]: This is batchtools v0.9.15
### [bt]: Starting calculation of 1 jobs
### [bt]: Setting working directory to '/home/user/repos/cacb-batchtools/eq1'
[2021-07-29 00:51:55] Loading new learner
[2021-07-29 00:51:55] Loading tasks
[2021-07-29 00:51:57] Loading resampling
### [bt]: Memory measurement disabled
### [bt]: Starting job [batchtools job.id=115]
### [bt]: Generating problem instance for problem '9977-fold4' ...
### [bt]: Applying algorithm 'evaluate-learner' on problem '9977-fold4' for job 115 (seed = 31530) ...
DEBUG [00:52:00.070] [mlr3]  Skip subsetting of task 'Task 9977: nomao (Supervised Classification)' 
DEBUG [00:52:00.074] [mlr3]  Calling train method of Learner 'acc_acwb' on task 'Task 9977: nomao (Supervised Classification)' with 27572 observations {learner: <LearnerClassifCompboost/LearnerClassif/Learner/R6>}
   1/5000   risk = 0.56  riskauc = 0.89   time = 2   
 125/5000   risk = 0.21  riskauc = 0.98   time = 7589392   
 250/5000   risk = 0.14  riskauc = 0.99   time = 15282179   
 375/5000   risk = 0.12  riskauc = 0.99   time = 22933869   
 500/5000   risk = 0.11  riskauc = 0.99   time = 30021169   
 625/5000   risk = 0.11  riskauc = 0.99   time = 36995551   
 750/5000   risk = 0.11  riskauc = 0.99   time = 43886015   
 875/5000   risk = 0.11  riskauc = 0.99   time = 50817170   
1000/5000   risk = 0.11  riskauc = 0.99   time = 57599871   
1125/5000   risk = 0.1  riskauc = 0.99   time = 64286052   
1250/5000   risk = 0.1  riskauc = 0.99   time = 70828885   
1375/5000   risk = 0.1  riskauc = 0.99   time = 77597608   
1500/5000   risk = 0.1  riskauc = 0.99   time = 84183376   
1625/5000   risk = 0.11  riskauc = 0.99   time = 90792272   
1750/5000   risk = 0.11  riskauc = 0.99   time = 97409370   
1875/5000   risk = 0.11  riskauc = 0.99   time = 103844136   
2000/5000   risk = 0.11  riskauc = 0.99   time = 110344482   
2125/5000   risk = 0.11  riskauc = 0.99   time = 117258393   
2250/5000   risk = 0.11  riskauc = 0.99   time = 123906130   
2375/5000   risk = 0.11  riskauc = 0.99   time = 130473422   
2500/5000   risk = 0.11  riskauc = 0.99   time = 137102321   
2625/5000   risk = 0.11  riskauc = 0.99   time = 143705420   
2750/5000   risk = 0.11  riskauc = 0.99   time = 150332273   
2875/5000   risk = 0.12  riskauc = 0.99   time = 156906687   
3000/5000   risk = 0.12  riskauc = 0.99   time = 163591940   
3125/5000   risk = 0.12  riskauc = 0.99   time = 170149680   
3250/5000   risk = 0.13  riskauc = 0.99   time = 176676091   
3375/5000   risk = 0.13  riskauc = 0.99   time = 183186679   
3500/5000   risk = 0.13  riskauc = 0.99   time = 189651803   
3625/5000   risk = 0.14  riskauc = 0.99   time = 196210985   
3750/5000   risk = 0.14  riskauc = 0.99   time = 202625639   
3875/5000   risk = 0.15  riskauc = 0.99   time = 209049255   
4000/5000   risk = 0.16  riskauc = 0.99   time = 215545766   
4125/5000   risk = 0.16  riskauc = 0.99   time = 221965609   
4250/5000   risk = 0.17  riskauc = 0.99   time = 228438109   
4375/5000   risk = 0.18  riskauc = 0.99   time = 234932972   
4500/5000   risk = 0.19  riskauc = 0.99   time = 241417202   
4625/5000   risk = 0.2  riskauc = 0.98   time = 248059879   
4750/5000   risk = 0.22  riskauc = 0.98   time = 254870063   
4875/5000   risk = 0.23  riskauc = 0.98   time = 261438536   
5000/5000   risk = 0.25  riskauc = 0.98   time = 268491502   


Train 5000 iterations in 268 Seconds.
Final risk based on the train set: 0.25

DEBUG [00:56:32.705] [mlr3]  Learner 'acc_acwb' on task 'Task 9977: nomao (Supervised Classification)' succeeded to fit a model {learner: <LearnerClassifCompboost/LearnerClassif/Learner/R6>, result: <list>, messages: }
DEBUG [00:56:32.717] [mlr3]  Skip subsetting of task 'Task 9977: nomao (Supervised Classification)' 
DEBUG [00:56:32.720] [mlr3]  Calling train method of Learner 'acc_acwb' on task 'Task 9977: nomao (Supervised Classification)' with 27572 observations {learner: <LearnerClassifCompboost/LearnerClassif/Learner/R6>}
   1/5000   risk = 0.56  time = 2   
 125/5000   risk = 0.21  time = 6495805   
 250/5000   risk = 0.14  time = 13064891   
 375/5000   risk = 0.12  time = 19703664   
 500/5000   risk = 0.11  time = 26304724   
 625/5000   risk = 0.11  time = 32869135   
 750/5000   risk = 0.11  time = 39437663   
 875/5000   risk = 0.11  time = 46009129   
1000/5000   risk = 0.11  time = 52510527   
1125/5000   risk = 0.1  time = 59029158   
1250/5000   risk = 0.1  time = 65619590   
1375/5000   risk = 0.1  time = 72150217   
1500/5000   risk = 0.1  time = 78647346   
1625/5000   risk = 0.11  time = 85344472   
1750/5000   risk = 0.11  time = 92037925   
1875/5000   risk = 0.11  time = 98777376   
2000/5000   risk = 0.11  time = 105530272   
2125/5000   risk = 0.11  time = 112425876   
2250/5000   risk = 0.11  time = 119405594   
2375/5000   risk = 0.11  time = 126369333   
2500/5000   risk = 0.11  time = 133337832   
2625/5000   risk = 0.11  time = 140407316   
2750/5000   risk = 0.11  time = 147356960   
2875/5000   risk = 0.12  time = 154280173   
3000/5000   risk = 0.12  time = 161170308   
3125/5000   risk = 0.12  time = 168054604   
3250/5000   risk = 0.13  time = 174990912   
3375/5000   risk = 0.13  time = 181952738   
3500/5000   risk = 0.13  time = 188933007   
3625/5000   risk = 0.14  time = 195930542   
3750/5000   risk = 0.14  time = 202990754   
3875/5000   risk = 0.15  time = 210131252   
4000/5000   risk = 0.16  time = 217281219   
4125/5000   risk = 0.16  time = 224406917   
4250/5000   risk = 0.17  time = 231536577   
4375/5000   risk = 0.18  time = 238652143   
4500/5000   risk = 0.19  time = 245799139   
4625/5000   risk = 0.2  time = 252931008   
4750/5000   risk = 0.22  time = 259996794   
4875/5000   risk = 0.23  time = 267021387   
5000/5000   risk = 0.25  time = 274041329   


Train 5000 iterations in 274 Seconds.
Final risk based on the train set: 0.25

DEBUG [01:01:10.618] [mlr3]  Learner 'acc_acwb' on task 'Task 9977: nomao (Supervised Classification)' succeeded to fit a model {learner: <LearnerClassifCompboost/LearnerClassif/Learner/R6>, result: <list>, messages: }

### [bt]: Job terminated successfully [batchtools job.id=115]
### [bt]: Calculation finished!
