### [bt]: This is batchtools v0.9.15
### [bt]: Starting calculation of 1 jobs
### [bt]: Setting working directory to '/home/user/repos/cacb-batchtools/eq1'
Loading required package: data.table
Loading required package: R6
Loading required package: mlr3
Loading required package: mlr3learners
Loading required package: mlr3extralearners

Attaching package: ‘mlr3extralearners’

The following objects are masked from ‘package:mlr3’:

    lrn, lrns

Loading required package: mlr3pipelines
Loading required package: mlr3tuning
Loading required package: paradox
Loading required package: compboost
[2021-08-02 00:28:55] Loading new learner LearnerClassifCWB
[2021-08-02 00:28:55] Loading new learner LearnerClassifHCWB
[2021-08-02 00:28:55] Loading new learner
[2021-08-02 00:28:55] Loading tasks
[2021-08-02 00:28:59] Loading resampling
### [bt]: Memory measurement disabled
### [bt]: Starting job [batchtools job.id=22]
### [bt]: Generating problem instance for problem 'spam-fold5' ...
### [bt]: Applying algorithm 'evaluate-learner' on problem 'spam-fold5' for job 22 (seed = 31437) ...
DEBUG [00:29:00.151] [mlr3]  Skip subsetting of task 'spam' 
DEBUG [00:29:00.234] [mlr3]  Calling train method of Learner 'bin_cwb_b' on task 'spam' with 3682 observations {learner: <LearnerClassifCWB/LearnerClassif/Learner/R6>}
   1/5000   risk = 0.66  oob_risk = 0.66   test_auc = 0.17   time = 2   val_auc = 0.17   
 125/5000   risk = 0.082  oob_risk = inf   test_auc = 0.089   time = 1190304   val_auc = 0.089   
 250/5000   risk = 0.059  oob_risk = inf   test_auc = 0.11   time = 2631174   val_auc = 0.11   
 375/5000   risk = 0.043  oob_risk = inf   test_auc = 0.12   time = 4114850   val_auc = 0.12   
 500/5000   risk = 0.038  oob_risk = inf   test_auc = 0.13   time = 5451188   val_auc = 0.13   
 625/5000   risk = 0.036  oob_risk = inf   test_auc = 0.15   time = 6799905   val_auc = 0.13   
 750/5000   risk = 0.038  oob_risk = inf   test_auc = 0.15   time = 8110897   val_auc = 0.14   
 875/5000   risk = 0.04  oob_risk = inf   test_auc = 0.16   time = 9534479   val_auc = 0.14   
1000/5000   risk = 0.048  oob_risk = inf   test_auc = 0.16   time = 10864638   val_auc = 0.15   
1125/5000   risk = 0.073  oob_risk = inf   test_auc = 0.16   time = 12182560   val_auc = 0.15   
1250/5000   risk = 0.069  oob_risk = inf   test_auc = 0.16   time = 13535423   val_auc = 0.15   
1375/5000   risk = 0.097  oob_risk = inf   test_auc = 0.16   time = 14879960   val_auc = 0.16   
1500/5000   risk = 0.12  oob_risk = inf   test_auc = 0.17   time = 16188287   val_auc = 0.15   
1625/5000   risk = 0.21  oob_risk = inf   test_auc = 0.17   time = 17607968   val_auc = 0.16   
1750/5000   risk = 0.24  oob_risk = inf   test_auc = 0.17   time = 18982456   val_auc = 0.16   
1875/5000   risk = 0.35  oob_risk = inf   test_auc = 0.18   time = 20260035   val_auc = 0.15   
2000/5000   risk = 0.41  oob_risk = inf   test_auc = 0.18   time = 21632758   val_auc = 0.18   
2125/5000   risk = 0.47  oob_risk = inf   test_auc = 0.17   time = 22980954   val_auc = 0.17   
2250/5000   risk = 0.64  oob_risk = inf   test_auc = 0.18   time = 24344320   val_auc = 0.17   
2375/5000   risk = 0.75  oob_risk = inf   test_auc = 0.19   time = 25746886   val_auc = 0.18   
2500/5000   risk = 0.83  oob_risk = inf   test_auc = 0.17   time = 27356276   val_auc = 0.16   
2625/5000   risk = 0.95  oob_risk = inf   test_auc = 0.16   time = 28913015   val_auc = 0.17   
2750/5000   risk = 1.2  oob_risk = inf   test_auc = 0.17   time = 30317542   val_auc = 0.18   
2875/5000   risk = 1.4  oob_risk = inf   test_auc = 0.17   time = 31787978   val_auc = 0.19   
3000/5000   risk = 1.3  oob_risk = inf   test_auc = 0.17   time = 33186681   val_auc = 0.19   
3125/5000   risk = 1.4  oob_risk = inf   test_auc = 0.18   time = 34643809   val_auc = 0.19   
3250/5000   risk = 1.7  oob_risk = inf   test_auc = 0.19   time = 36136586   val_auc = 0.2   
3375/5000   risk = 1.6  oob_risk = inf   test_auc = 0.2   time = 37620856   val_auc = 0.2   
3500/5000   risk = 1.7  oob_risk = inf   test_auc = 0.2   time = 39163322   val_auc = 0.18   
3625/5000   risk = 1.9  oob_risk = inf   test_auc = 0.19   time = 40543116   val_auc = 0.18   
3750/5000   risk = 1.8  oob_risk = inf   test_auc = 0.19   time = 42027367   val_auc = 0.19   
3875/5000   risk = 1.9  oob_risk = inf   test_auc = 0.2   time = 43564889   val_auc = 0.18   
4000/5000   risk = 1.9  oob_risk = inf   test_auc = 0.2   time = 45083863   val_auc = 0.18   
4125/5000   risk = 1.9  oob_risk = inf   test_auc = 0.2   time = 46651251   val_auc = 0.18   
4250/5000   risk = 2.2  oob_risk = inf   test_auc = 0.21   time = 48216184   val_auc = 0.18   
4375/5000   risk = 2.6  oob_risk = inf   test_auc = 0.21   time = 49667926   val_auc = 0.19   
4500/5000   risk = 2.4  oob_risk = inf   test_auc = 0.21   time = 51144741   val_auc = 0.19   
4625/5000   risk = 2.2  oob_risk = inf   test_auc = 0.22   time = 52652440   val_auc = 0.19   
4750/5000   risk = 2.2  oob_risk = inf   test_auc = 0.22   time = 54243216   val_auc = 0.2   
4875/5000   risk = 2.2  oob_risk = inf   test_auc = 0.22   time = 55852651   val_auc = 0.2   
5000/5000   risk = 2.3  oob_risk = inf   test_auc = 0.22   time = 57376598   val_auc = 0.2   


Train 5000 iterations in 58 Seconds.
Final risk based on the train set: 2.3

DEBUG [00:30:01.311] [mlr3]  Learner 'bin_cwb_b' on task 'spam' succeeded to fit a model {learner: <LearnerClassifCWB/LearnerClassif/Learner/R6>, result: <list>, messages: }

### [bt]: Job terminated successfully [batchtools job.id=22]
### [bt]: Calculation finished!
