### [bt]: This is batchtools v0.9.15
### [bt]: Starting calculation of 1 jobs
### [bt]: Setting working directory to '/home/user/repos/cacb-batchtools/eq1'
[2021-07-29 16:42:18] Loading new learner
[2021-07-29 16:42:18] Loading tasks
[2021-07-29 16:42:20] Loading resampling
### [bt]: Memory measurement disabled
### [bt]: Starting job [batchtools job.id=130]
### [bt]: Generating problem instance for problem '7592-fold5' ...
### [bt]: Applying algorithm 'evaluate-learner' on problem '7592-fold5' for job 130 (seed = 31545) ...
DEBUG [16:42:21.297] [mlr3]  Skip subsetting of task 'Task 7592: adult (Supervised Classification)' 
DEBUG [16:42:21.300] [mlr3]  Calling train method of Learner 'acc_hcwb' on task 'Task 7592: adult (Supervised Classification)' with 39074 observations {learner: <LearnerClassifCompboost/LearnerClassif/Learner/R6>}
Warning in get_private(learner)$.train(task) :
  Number of cores 30 exceeds number of features 14. The number of cores are set to 14!
   1/5000   risk = 0.54  oob_risk = 0.53   riskauc = 0.77   time = 2   
 125/5000   risk = 0.36  oob_risk = 0.35   riskauc = 0.9   time = 2794850   
 250/5000   risk = 0.33  oob_risk = 0.32   riskauc = 0.91   time = 4978836   


Train 354 iterations in 6 Seconds.
Final risk based on the train set: 0.33

   1/4657   risk = 0.33  oob_risk = 0.31   riskauc = 0.91   time = 2   
 116/4657   risk = 0.34  oob_risk = 0.32   riskauc = 0.91   time = 1199495   
 232/4657   risk = 0.34  oob_risk = 0.33   riskauc = 0.91   time = 2505895   
 348/4657   risk = 0.35  oob_risk = 0.33   riskauc = 0.91   time = 3864836   
 464/4657   risk = 0.35  oob_risk = 0.33   riskauc = 0.91   time = 5205443   
 580/4657   risk = 0.35  oob_risk = 0.34   riskauc = 0.91   time = 6528313   
 696/4657   risk = 0.35  oob_risk = 0.34   riskauc = 0.91   time = 7946517   
 812/4657   risk = 0.35  oob_risk = 0.34   riskauc = 0.91   time = 9229045   
 928/4657   risk = 0.36  oob_risk = 0.34   riskauc = 0.91   time = 10581091   
1044/4657   risk = 0.36  oob_risk = 0.34   riskauc = 0.91   time = 11908587   
1160/4657   risk = 0.36  oob_risk = 0.34   riskauc = 0.91   time = 13172738   
1276/4657   risk = 0.36  oob_risk = 0.34   riskauc = 0.91   time = 14570180   
1392/4657   risk = 0.36  oob_risk = 0.34   riskauc = 0.91   time = 15869865   
1508/4657   risk = 0.36  oob_risk = 0.34   riskauc = 0.91   time = 17107704   
1624/4657   risk = 0.36  oob_risk = 0.34   riskauc = 0.91   time = 18319517   
1740/4657   risk = 0.36  oob_risk = 0.34   riskauc = 0.91   time = 19776505   
1856/4657   risk = 0.36  oob_risk = 0.34   riskauc = 0.91   time = 20959942   
1972/4657   risk = 0.36  oob_risk = 0.34   riskauc = 0.91   time = 22133358   
2088/4657   risk = 0.36  oob_risk = 0.34   riskauc = 0.91   time = 23265070   
2204/4657   risk = 0.36  oob_risk = 0.34   riskauc = 0.91   time = 24427185   
2320/4657   risk = 0.36  oob_risk = 0.34   riskauc = 0.91   time = 25699771   
2436/4657   risk = 0.36  oob_risk = 0.34   riskauc = 0.91   time = 26946856   
2552/4657   risk = 0.36  oob_risk = 0.34   riskauc = 0.91   time = 28174111   
2668/4657   risk = 0.36  oob_risk = 0.34   riskauc = 0.91   time = 29553298   
2784/4657   risk = 0.36  oob_risk = 0.34   riskauc = 0.91   time = 30908817   
2900/4657   risk = 0.36  oob_risk = 0.34   riskauc = 0.91   time = 32257791   
3016/4657   risk = 0.36  oob_risk = 0.34   riskauc = 0.91   time = 33654734   
3132/4657   risk = 0.36  oob_risk = 0.34   riskauc = 0.91   time = 35036042   
3248/4657   risk = 0.36  oob_risk = 0.34   riskauc = 0.91   time = 36444682   
3364/4657   risk = 0.36  oob_risk = 0.34   riskauc = 0.91   time = 37776991   
3480/4657   risk = 0.36  oob_risk = 0.34   riskauc = 0.91   time = 39250833   
3596/4657   risk = 0.36  oob_risk = 0.34   riskauc = 0.91   time = 40755468   
3712/4657   risk = 0.36  oob_risk = 0.34   riskauc = 0.91   time = 42193510   
3828/4657   risk = 0.36  oob_risk = 0.34   riskauc = 0.91   time = 43852458   
3944/4657   risk = 0.36  oob_risk = 0.34   riskauc = 0.91   time = 45431758   
4060/4657   risk = 0.36  oob_risk = 0.34   riskauc = 0.91   time = 46940418   
4176/4657   risk = 0.36  oob_risk = 0.34   riskauc = 0.91   time = 48243013   
4292/4657   risk = 0.36  oob_risk = 0.34   riskauc = 0.91   time = 49707212   
4408/4657   risk = 0.36  oob_risk = 0.34   riskauc = 0.91   time = 51124209   
4524/4657   risk = 0.36  oob_risk = 0.34   riskauc = 0.91   time = 52465114   
4640/4657   risk = 0.36  oob_risk = 0.34   riskauc = 0.91   time = 53821444   


Train 4657 iterations in 54 Seconds.
Final risk based on the train set: 0.36

DEBUG [16:43:23.346] [mlr3]  Learner 'acc_hcwb' on task 'Task 7592: adult (Supervised Classification)' succeeded to fit a model {learner: <LearnerClassifCompboost/LearnerClassif/Learner/R6>, result: <list>, messages: }
DEBUG [16:43:23.366] [mlr3]  Skip subsetting of task 'Task 7592: adult (Supervised Classification)' 
DEBUG [16:43:23.370] [mlr3]  Calling train method of Learner 'acc_hcwb' on task 'Task 7592: adult (Supervised Classification)' with 39074 observations {learner: <LearnerClassifCompboost/LearnerClassif/Learner/R6>}
Warning in get_private(learner)$.train(task) :
  Number of cores 30 exceeds number of features 14. The number of cores are set to 14!
   1/5000   risk = 0.54  oob_risk = 0.53   time = 2   
 125/5000   risk = 0.36  oob_risk = 0.35   time = 1417266   
 250/5000   risk = 0.33  oob_risk = 0.32   time = 2800460   


Train 354 iterations in 3 Seconds.
Final risk based on the train set: 0.33

   1/4657   risk = 0.33  oob_risk = 0.31   time = 2   
 116/4657   risk = 0.34  oob_risk = 0.32   time = 640706   
 232/4657   risk = 0.34  oob_risk = 0.33   time = 1302431   
 348/4657   risk = 0.35  oob_risk = 0.33   time = 1985023   
 464/4657   risk = 0.35  oob_risk = 0.33   time = 2646929   
 580/4657   risk = 0.35  oob_risk = 0.34   time = 3304587   
 696/4657   risk = 0.35  oob_risk = 0.34   time = 3938855   
 812/4657   risk = 0.35  oob_risk = 0.34   time = 4596793   
 928/4657   risk = 0.36  oob_risk = 0.34   time = 5253576   
1044/4657   risk = 0.36  oob_risk = 0.34   time = 5901299   
1160/4657   risk = 0.36  oob_risk = 0.34   time = 6530399   
1276/4657   risk = 0.36  oob_risk = 0.34   time = 7172130   
1392/4657   risk = 0.36  oob_risk = 0.34   time = 7806675   
1508/4657   risk = 0.36  oob_risk = 0.34   time = 8440703   
1624/4657   risk = 0.36  oob_risk = 0.34   time = 9099071   
1740/4657   risk = 0.36  oob_risk = 0.34   time = 9778999   
1856/4657   risk = 0.36  oob_risk = 0.34   time = 10424905   
1972/4657   risk = 0.36  oob_risk = 0.34   time = 11064645   
2088/4657   risk = 0.36  oob_risk = 0.34   time = 11706879   
2204/4657   risk = 0.36  oob_risk = 0.34   time = 12355558   
2320/4657   risk = 0.36  oob_risk = 0.34   time = 13008732   
2436/4657   risk = 0.36  oob_risk = 0.34   time = 13681141   
2552/4657   risk = 0.36  oob_risk = 0.34   time = 14350080   
2668/4657   risk = 0.36  oob_risk = 0.34   time = 15028347   
2784/4657   risk = 0.36  oob_risk = 0.34   time = 15727759   
2900/4657   risk = 0.36  oob_risk = 0.34   time = 16442714   
3016/4657   risk = 0.36  oob_risk = 0.34   time = 17163441   
3132/4657   risk = 0.36  oob_risk = 0.34   time = 17861170   
3248/4657   risk = 0.36  oob_risk = 0.34   time = 18589848   
3364/4657   risk = 0.36  oob_risk = 0.34   time = 19287850   
3480/4657   risk = 0.36  oob_risk = 0.34   time = 19988323   
3596/4657   risk = 0.36  oob_risk = 0.34   time = 20681064   
3712/4657   risk = 0.36  oob_risk = 0.34   time = 21397110   
3828/4657   risk = 0.36  oob_risk = 0.34   time = 22130485   
3944/4657   risk = 0.36  oob_risk = 0.34   time = 22846619   
4060/4657   risk = 0.36  oob_risk = 0.34   time = 23550008   
4176/4657   risk = 0.36  oob_risk = 0.34   time = 24262123   
4292/4657   risk = 0.36  oob_risk = 0.34   time = 24971586   
4408/4657   risk = 0.36  oob_risk = 0.34   time = 25687681   
4524/4657   risk = 0.36  oob_risk = 0.34   time = 26446394   
4640/4657   risk = 0.36  oob_risk = 0.34   time = 27212728   


Train 4657 iterations in 27 Seconds.
Final risk based on the train set: 0.36

DEBUG [16:43:55.863] [mlr3]  Learner 'acc_hcwb' on task 'Task 7592: adult (Supervised Classification)' succeeded to fit a model {learner: <LearnerClassifCompboost/LearnerClassif/Learner/R6>, result: <list>, messages: }

### [bt]: Job terminated successfully [batchtools job.id=130]
### [bt]: Calculation finished!
