### [bt]: This is batchtools v0.9.15
### [bt]: Starting calculation of 1 jobs
### [bt]: Setting working directory to '/home/user/repos/cacb-batchtools/eq1'
[2021-07-26 03:54:04] Loading new learner
[2021-07-26 03:54:04] Loading tasks
[2021-07-26 03:54:07] Loading resampling
### [bt]: Memory measurement disabled
### [bt]: Starting job [batchtools job.id=63]
### [bt]: Generating problem instance for problem '168335-fold3' ...
### [bt]: Applying algorithm 'evaluate-learner' on problem '168335-fold3' for job 63 (seed = 31478) ...
DEBUG [03:54:10.056] [mlr3]  Skip subsetting of task 'Task 168335: MiniBooNE (Supervised Classification)' 
DEBUG [03:54:10.059] [mlr3]  Calling train method of Learner 'acc_cwb' on task 'Task 168335: MiniBooNE (Supervised Classification)' with 104051 observations {learner: <LearnerClassifCompboost/LearnerClassif/Learner/R6>}
INFO  [03:54:10.136] [mlr3]  [LGCOMPBOOST] Running compboost with df 20.000000 and df_cat 1.000000 
   1/5000   risk = 0.59  riskauc = 0.85   time = 3   
 125/5000   risk = 0.39  riskauc = 0.93   time = 9456163   
 250/5000   risk = 0.32  riskauc = 0.94   time = 19122504   
 375/5000   risk = 0.29  riskauc = 0.94   time = 28716468   
 500/5000   risk = 0.28  riskauc = 0.95   time = 38309366   
 625/5000   risk = 0.27  riskauc = 0.95   time = 48125148   
 750/5000   risk = 0.26  riskauc = 0.95   time = 57472371   
 875/5000   risk = 0.26  riskauc = 0.95   time = 67114161   
1000/5000   risk = 0.26  riskauc = 0.95   time = 76529973   
1125/5000   risk = 0.26  riskauc = 0.95   time = 85426442   
1250/5000   risk = 0.26  riskauc = 0.95   time = 94040938   
1375/5000   risk = 0.26  riskauc = 0.95   time = 102442841   
1500/5000   risk = 0.26  riskauc = 0.95   time = 110976130   
1625/5000   risk = 0.25  riskauc = 0.96   time = 119229310   
1750/5000   risk = 0.25  riskauc = 0.96   time = 127321693   
1875/5000   risk = 0.25  riskauc = 0.96   time = 135581889   
2000/5000   risk = 0.25  riskauc = 0.96   time = 143819428   
2125/5000   risk = 0.25  riskauc = 0.96   time = 152245030   
2250/5000   risk = 0.24  riskauc = 0.96   time = 160410814   
2375/5000   risk = 0.24  riskauc = 0.96   time = 168526194   
2500/5000   risk = 0.24  riskauc = 0.96   time = 176641466   
2625/5000   risk = 0.24  riskauc = 0.96   time = 184780017   
2750/5000   risk = 0.24  riskauc = 0.96   time = 193425487   
2875/5000   risk = 0.24  riskauc = 0.96   time = 201562433   
3000/5000   risk = 0.24  riskauc = 0.96   time = 209943200   
3125/5000   risk = 0.23  riskauc = 0.96   time = 218095942   
3250/5000   risk = 0.23  riskauc = 0.96   time = 226396370   
3375/5000   risk = 0.23  riskauc = 0.96   time = 234476116   
3500/5000   risk = 0.23  riskauc = 0.96   time = 242471844   
3625/5000   risk = 0.23  riskauc = 0.96   time = 250702016   
3750/5000   risk = 0.23  riskauc = 0.96   time = 259041235   
3875/5000   risk = 0.23  riskauc = 0.96   time = 267225354   
4000/5000   risk = 0.23  riskauc = 0.96   time = 275302890   
4125/5000   risk = 0.23  riskauc = 0.96   time = 283757451   
4250/5000   risk = 0.23  riskauc = 0.97   time = 292209619   
4375/5000   risk = 0.23  riskauc = 0.97   time = 300349325   
4500/5000   risk = 0.23  riskauc = 0.97   time = 308457007   
4625/5000   risk = 0.23  riskauc = 0.97   time = 317054366   
4750/5000   risk = 0.23  riskauc = 0.97   time = 325537639   
4875/5000   risk = 0.23  riskauc = 0.97   time = 333775120   
5000/5000   risk = 0.23  riskauc = 0.97   time = 342270065   


Train 5000 iterations in 342 Seconds.
Final risk based on the train set: 0.23

INFO  [04:00:04.607] [mlr3]  [LGCOMPBOOST] iterations:'stop_cwb',5000,'stop_acwb',NA,'stop_hcwb',NA 
INFO  [04:00:04.610] [mlr3]  [LGCOMPBOOST] risk_inbag:'risk_intercept',0.593540,'risk_cwb',0.225328,'risk_acwb',NA,'risk_hcwb',NA 
INFO  [04:00:04.611] [mlr3]  [LGCOMPBOOST] risk_oob:'risk_intercept_oob',NA,'risk_cwb_oob',NA,'risk_acwb_oob',NA,'risk_hcwb_oob',NA 
DEBUG [04:00:04.617] [mlr3]  Learner 'acc_cwb' on task 'Task 168335: MiniBooNE (Supervised Classification)' succeeded to fit a model {learner: <LearnerClassifCompboost/LearnerClassif/Learner/R6>, result: <list>, messages: }
DEBUG [04:00:04.630] [mlr3]  Skip subsetting of task 'Task 168335: MiniBooNE (Supervised Classification)' 
DEBUG [04:00:04.633] [mlr3]  Calling train method of Learner 'acc_cwb' on task 'Task 168335: MiniBooNE (Supervised Classification)' with 104051 observations {learner: <LearnerClassifCompboost/LearnerClassif/Learner/R6>}
INFO  [04:00:04.645] [mlr3]  [LGCOMPBOOST] Running compboost with df 20.000000 and df_cat 1.000000 
   1/5000   risk = 0.59  time = 3   
 125/5000   risk = 0.39  time = 7370069   
 250/5000   risk = 0.32  time = 14503966   
 375/5000   risk = 0.29  time = 21506824   
 500/5000   risk = 0.28  time = 28579398   
 625/5000   risk = 0.27  time = 35749897   
 750/5000   risk = 0.26  time = 43154552   
 875/5000   risk = 0.26  time = 50475694   
1000/5000   risk = 0.26  time = 57501126   
1125/5000   risk = 0.26  time = 64728134   
1250/5000   risk = 0.26  time = 72135129   
1375/5000   risk = 0.26  time = 79454403   
1500/5000   risk = 0.26  time = 86542028   
1625/5000   risk = 0.25  time = 93874524   
1750/5000   risk = 0.25  time = 101539707   
1875/5000   risk = 0.25  time = 108966622   
2000/5000   risk = 0.25  time = 116153868   
2125/5000   risk = 0.25  time = 123212771   
2250/5000   risk = 0.24  time = 130438370   
2375/5000   risk = 0.24  time = 137740319   
2500/5000   risk = 0.24  time = 144848823   
2625/5000   risk = 0.24  time = 152084363   
2750/5000   risk = 0.24  time = 160164710   
2875/5000   risk = 0.24  time = 168527890   
3000/5000   risk = 0.24  time = 176854052   
3125/5000   risk = 0.23  time = 184919269   
3250/5000   risk = 0.23  time = 192913995   
3375/5000   risk = 0.23  time = 201196755   
3500/5000   risk = 0.23  time = 209603211   
3625/5000   risk = 0.23  time = 217944454   
3750/5000   risk = 0.23  time = 225979297   
3875/5000   risk = 0.23  time = 234160818   
4000/5000   risk = 0.23  time = 242546741   
4125/5000   risk = 0.23  time = 250933025   
4250/5000   risk = 0.23  time = 258926855   
4375/5000   risk = 0.23  time = 267069539   
4500/5000   risk = 0.23  time = 275373184   
4625/5000   risk = 0.23  time = 283772567   
4750/5000   risk = 0.23  time = 292090263   
4875/5000   risk = 0.23  time = 300108195   
5000/5000   risk = 0.23  time = 308025984   


Train 5000 iterations in 308 Seconds.
Final risk based on the train set: 0.23

INFO  [04:05:25.456] [mlr3]  [LGCOMPBOOST] iterations:'stop_cwb',5000,'stop_acwb',NA,'stop_hcwb',NA 
INFO  [04:05:25.459] [mlr3]  [LGCOMPBOOST] risk_inbag:'risk_intercept',0.593540,'risk_cwb',0.225328,'risk_acwb',NA,'risk_hcwb',NA 
INFO  [04:05:25.461] [mlr3]  [LGCOMPBOOST] risk_oob:'risk_intercept_oob',NA,'risk_cwb_oob',NA,'risk_acwb_oob',NA,'risk_hcwb_oob',NA 
DEBUG [04:05:25.466] [mlr3]  Learner 'acc_cwb' on task 'Task 168335: MiniBooNE (Supervised Classification)' succeeded to fit a model {learner: <LearnerClassifCompboost/LearnerClassif/Learner/R6>, result: <list>, messages: }

### [bt]: Job terminated successfully [batchtools job.id=63]
### [bt]: Calculation finished!
