### [bt]: This is batchtools v0.9.15
### [bt]: Starting calculation of 1 jobs
### [bt]: Setting working directory to '/home/user/repos/cacb-batchtools/eq1'
[2021-07-27 02:24:39] Loading new learner
[2021-07-27 02:24:39] Loading tasks
[2021-07-27 02:24:42] Loading resampling
### [bt]: Memory measurement disabled
### [bt]: Starting job [batchtools job.id=102]
### [bt]: Generating problem instance for problem '359994-fold1' ...
### [bt]: Applying algorithm 'evaluate-learner' on problem '359994-fold1' for job 102 (seed = 31517) ...
DEBUG [02:24:45.688] [mlr3]  Skip subsetting of task 'Task 359994: sf-police-incidents (Supervised Classification)' 
DEBUG [02:24:45.692] [mlr3]  Calling train method of Learner 'bin_cwb_b' on task 'Task 359994: sf-police-incidents (Supervised Classification)' with 1772018 observations {learner: <LearnerClassifCompboost/LearnerClassif/Learner/R6>}
Warning in get_private(learner)$.train(task) :
  Number of cores 30 exceeds number of features 8. The number of cores are set to 8!
INFO  [02:24:46.650] [mlr3]  [LGCOMPBOOST] Running compboost with df 7.000000 and df_cat 7.000000 
   1/5000   risk = 0.37  riskauc = 0.55   time = 5   
 125/5000   risk = 0.48  riskauc = 0.58   time = 37692049   
 250/5000   risk = 0.49  riskauc = 0.59   time = 80615478   
 375/5000   risk = 0.49  riskauc = 0.59   time = 122851889   
 500/5000   risk = 0.49  riskauc = 0.59   time = 164557587   
 625/5000   risk = 0.49  riskauc = 0.59   time = 206530973   
 750/5000   risk = 0.49  riskauc = 0.59   time = 248756272   
 875/5000   risk = 0.49  riskauc = 0.59   time = 291307168   
1000/5000   risk = 0.49  riskauc = 0.59   time = 334073767   
1125/5000   risk = 0.49  riskauc = 0.59   time = 377194796   
1250/5000   risk = 0.49  riskauc = 0.59   time = 418436749   
1375/5000   risk = 0.49  riskauc = 0.59   time = 461114834   
1500/5000   risk = 0.49  riskauc = 0.59   time = 503960778   
1625/5000   risk = 0.49  riskauc = 0.59   time = 546418586   
1750/5000   risk = 0.49  riskauc = 0.59   time = 588138886   
1875/5000   risk = 0.49  riskauc = 0.59   time = 631511315   
2000/5000   risk = 0.49  riskauc = 0.59   time = 672352708   
2125/5000   risk = 0.49  riskauc = 0.59   time = 711884734   
2250/5000   risk = 0.49  riskauc = 0.59   time = 754435250   
2375/5000   risk = 0.49  riskauc = 0.59   time = 796279152   
2500/5000   risk = 0.49  riskauc = 0.59   time = 838844855   
2625/5000   risk = 0.49  riskauc = 0.59   time = 882077190   
2750/5000   risk = 0.49  riskauc = 0.59   time = 923803779   
2875/5000   risk = 0.49  riskauc = 0.59   time = 966741719   
3000/5000   risk = 0.49  riskauc = 0.59   time = 1010442793   
3125/5000   risk = 0.49  riskauc = 0.59   time = 1052884890   
3250/5000   risk = 0.49  riskauc = 0.59   time = 1093377772   
3375/5000   risk = 0.49  riskauc = 0.59   time = 1134720712   
3500/5000   risk = 0.49  riskauc = 0.59   time = 1178108640   
3625/5000   risk = 0.49  riskauc = 0.59   time = 1220672343   
3750/5000   risk = 0.49  riskauc = 0.59   time = 1260814847   
3875/5000   risk = 0.49  riskauc = 0.59   time = 1303793237   
4000/5000   risk = 0.49  riskauc = 0.59   time = 1347076998   
4125/5000   risk = 0.49  riskauc = 0.59   time = 1390357770   
4250/5000   risk = 0.49  riskauc = 0.59   time = 1433101387   
4375/5000   risk = 0.49  riskauc = 0.59   time = 1475505508   
4500/5000   risk = 0.49  riskauc = 0.59   time = 1518031041   
4625/5000   risk = 0.49  riskauc = 0.59   time = 1560568522   
4750/5000   risk = 0.49  riskauc = 0.59   time = 1602238699   
4875/5000   risk = 0.49  riskauc = 0.59   time = 1645112799   
5000/5000   risk = 0.49  riskauc = 0.59   time = 1685986209   


Train 5000 iterations in 1686 Seconds.
Final risk based on the train set: 0.49

INFO  [02:53:04.260] [mlr3]  [LGCOMPBOOST] iterations:'stop_cwb',5000,'stop_acwb',NA,'stop_hcwb',NA 
INFO  [02:53:04.262] [mlr3]  [LGCOMPBOOST] risk_inbag:'risk_intercept',0.370076,'risk_cwb',0.488066,'risk_acwb',NA,'risk_hcwb',NA 
INFO  [02:53:04.264] [mlr3]  [LGCOMPBOOST] risk_oob:'risk_intercept_oob',NA,'risk_cwb_oob',NA,'risk_acwb_oob',NA,'risk_hcwb_oob',NA 
DEBUG [02:53:04.268] [mlr3]  Learner 'bin_cwb_b' on task 'Task 359994: sf-police-incidents (Supervised Classification)' succeeded to fit a model {learner: <LearnerClassifCompboost/LearnerClassif/Learner/R6>, result: <list>, messages: }
DEBUG [02:53:04.301] [mlr3]  Skip subsetting of task 'Task 359994: sf-police-incidents (Supervised Classification)' 
DEBUG [02:53:04.305] [mlr3]  Calling train method of Learner 'bin_cwb_b' on task 'Task 359994: sf-police-incidents (Supervised Classification)' with 1772018 observations {learner: <LearnerClassifCompboost/LearnerClassif/Learner/R6>}
Warning in get_private(learner)$.train(task) :
  Number of cores 30 exceeds number of features 8. The number of cores are set to 8!
INFO  [02:53:04.997] [mlr3]  [LGCOMPBOOST] Running compboost with df 7.000000 and df_cat 7.000000 
   1/5000   risk = 0.37  time = 4   
 125/5000   risk = 0.48  time = 21038076   
 250/5000   risk = 0.49  time = 41998319   
 375/5000   risk = 0.49  time = 62866518   
 500/5000   risk = 0.49  time = 83927309   
 625/5000   risk = 0.49  time = 105105433   
 750/5000   risk = 0.49  time = 125406562   
 875/5000   risk = 0.49  time = 144395649   
1000/5000   risk = 0.49  time = 164290431   
1125/5000   risk = 0.49  time = 184017102   
1250/5000   risk = 0.49  time = 203457784   
1375/5000   risk = 0.49  time = 223220322   
1500/5000   risk = 0.49  time = 242933271   
1625/5000   risk = 0.49  time = 262236493   
1750/5000   risk = 0.49  time = 281579852   
1875/5000   risk = 0.49  time = 301049767   
2000/5000   risk = 0.49  time = 320762466   
2125/5000   risk = 0.49  time = 340475568   
2250/5000   risk = 0.49  time = 359667447   
2375/5000   risk = 0.49  time = 379239020   
2500/5000   risk = 0.49  time = 399161572   
2625/5000   risk = 0.49  time = 419069004   
2750/5000   risk = 0.49  time = 438907844   
2875/5000   risk = 0.49  time = 458065705   
3000/5000   risk = 0.49  time = 477555131   
3125/5000   risk = 0.49  time = 496827318   
3250/5000   risk = 0.49  time = 516063955   
3375/5000   risk = 0.49  time = 534949792   
3500/5000   risk = 0.49  time = 553829108   
3625/5000   risk = 0.49  time = 573078209   
3750/5000   risk = 0.49  time = 591983154   
3875/5000   risk = 0.49  time = 611635915   
4000/5000   risk = 0.49  time = 630665376   
4125/5000   risk = 0.49  time = 649930214   
4250/5000   risk = 0.49  time = 669296752   
4375/5000   risk = 0.49  time = 688637827   
4500/5000   risk = 0.49  time = 707876187   
4625/5000   risk = 0.49  time = 727171691   
4750/5000   risk = 0.49  time = 746357944   
4875/5000   risk = 0.49  time = 765384186   
5000/5000   risk = 0.49  time = 784568117   


Train 5000 iterations in 784 Seconds.
Final risk based on the train set: 0.49

INFO  [03:06:20.091] [mlr3]  [LGCOMPBOOST] iterations:'stop_cwb',5000,'stop_acwb',NA,'stop_hcwb',NA 
INFO  [03:06:20.094] [mlr3]  [LGCOMPBOOST] risk_inbag:'risk_intercept',0.370076,'risk_cwb',0.488066,'risk_acwb',NA,'risk_hcwb',NA 
INFO  [03:06:20.095] [mlr3]  [LGCOMPBOOST] risk_oob:'risk_intercept_oob',NA,'risk_cwb_oob',NA,'risk_acwb_oob',NA,'risk_hcwb_oob',NA 
DEBUG [03:06:20.101] [mlr3]  Learner 'bin_cwb_b' on task 'Task 359994: sf-police-incidents (Supervised Classification)' succeeded to fit a model {learner: <LearnerClassifCompboost/LearnerClassif/Learner/R6>, result: <list>, messages: }

### [bt]: Job terminated successfully [batchtools job.id=102]
### [bt]: Calculation finished!
