### [bt]: This is batchtools v0.9.15
### [bt]: Starting calculation of 1 jobs
### [bt]: Setting working directory to '/home/user/repos/cacb-batchtools/eq1'
Loading required package: data.table
Loading required package: R6
Loading required package: mlr3
Loading required package: mlr3learners
Loading required package: mlr3extralearners

Attaching package: ‘mlr3extralearners’

The following objects are masked from ‘package:mlr3’:

    lrn, lrns

Loading required package: mlr3pipelines
Loading required package: mlr3tuning
Loading required package: paradox
Loading required package: compboost
[2021-08-02 00:17:04] Loading new learner LearnerClassifCWB
[2021-08-02 00:17:04] Loading new learner LearnerClassifHCWB
[2021-08-02 00:17:04] Loading new learner
[2021-08-02 00:17:04] Loading tasks
[2021-08-02 00:17:07] Loading resampling
### [bt]: Memory measurement disabled
### [bt]: Starting job [batchtools job.id=12]
### [bt]: Generating problem instance for problem 'spam-fold3' ...
### [bt]: Applying algorithm 'evaluate-learner' on problem 'spam-fold3' for job 12 (seed = 31427) ...
DEBUG [00:17:08.400] [mlr3]  Skip subsetting of task 'spam' 
DEBUG [00:17:08.484] [mlr3]  Calling train method of Learner 'bin_cwb_b' on task 'spam' with 3680 observations {learner: <LearnerClassifCWB/LearnerClassif/Learner/R6>}
   1/5000   risk = 0.66  oob_risk = 0.66   test_auc = 0.18   time = 2   val_auc = 0.16   
 125/5000   risk = 0.073  oob_risk = inf   test_auc = 0.13   time = 1178228   val_auc = 0.1   
 250/5000   risk = 0.04  oob_risk = inf   test_auc = 0.15   time = 2564316   val_auc = 0.12   
 375/5000   risk = 0.027  oob_risk = inf   test_auc = 0.16   time = 4037756   val_auc = 0.15   
 500/5000   risk = 0.022  oob_risk = inf   test_auc = 0.16   time = 5258990   val_auc = 0.15   
 625/5000   risk = 0.02  oob_risk = inf   test_auc = 0.16   time = 6586207   val_auc = 0.16   
 750/5000   risk = 0.015  oob_risk = inf   test_auc = 0.17   time = 7869782   val_auc = 0.16   
 875/5000   risk = 0.017  oob_risk = inf   test_auc = 0.17   time = 9246559   val_auc = 0.16   
1000/5000   risk = 0.021  oob_risk = inf   test_auc = 0.17   time = 10572216   val_auc = 0.16   
1125/5000   risk = 0.02  oob_risk = inf   test_auc = 0.17   time = 11849213   val_auc = 0.17   
1250/5000   risk = 0.02  oob_risk = inf   test_auc = 0.18   time = 13218963   val_auc = 0.16   
1375/5000   risk = 0.036  oob_risk = inf   test_auc = 0.18   time = 14450358   val_auc = 0.16   
1500/5000   risk = 0.043  oob_risk = inf   test_auc = 0.18   time = 15663779   val_auc = 0.17   
1625/5000   risk = 0.038  oob_risk = inf   test_auc = 0.19   time = 16942658   val_auc = 0.17   
1750/5000   risk = 0.083  oob_risk = inf   test_auc = 0.19   time = 18255302   val_auc = 0.17   
1875/5000   risk = 0.082  oob_risk = inf   test_auc = 0.19   time = 19542894   val_auc = 0.17   
2000/5000   risk = 0.12  oob_risk = inf   test_auc = 0.2   time = 20843315   val_auc = 0.17   
2125/5000   risk = 0.16  oob_risk = inf   test_auc = 0.19   time = 22049613   val_auc = 0.18   
2250/5000   risk = 0.2  oob_risk = inf   test_auc = 0.19   time = 23472508   val_auc = 0.18   
2375/5000   risk = 0.3  oob_risk = inf   test_auc = 0.19   time = 24820172   val_auc = 0.17   
2500/5000   risk = 0.34  oob_risk = inf   test_auc = 0.19   time = 26115907   val_auc = 0.17   
2625/5000   risk = 0.46  oob_risk = inf   test_auc = 0.2   time = 27592537   val_auc = 0.18   
2750/5000   risk = 0.56  oob_risk = inf   test_auc = 0.2   time = 28951543   val_auc = 0.19   
2875/5000   risk = 0.47  oob_risk = inf   test_auc = 0.21   time = 30336481   val_auc = 0.19   
3000/5000   risk = 0.61  oob_risk = inf   test_auc = 0.21   time = 31813424   val_auc = 0.19   
3125/5000   risk = 0.86  oob_risk = inf   test_auc = 0.21   time = 33293714   val_auc = 0.19   
3250/5000   risk = 0.91  oob_risk = inf   test_auc = 0.21   time = 34725224   val_auc = 0.19   
3375/5000   risk = 0.86  oob_risk = inf   test_auc = 0.22   time = 36175271   val_auc = 0.19   
3500/5000   risk = 0.88  oob_risk = inf   test_auc = 0.23   time = 37495408   val_auc = 0.19   
3625/5000   risk = 1  oob_risk = inf   test_auc = 0.23   time = 38794672   val_auc = 0.19   
3750/5000   risk = 1  oob_risk = inf   test_auc = 0.23   time = 40489327   val_auc = 0.19   
3875/5000   risk = 1.1  oob_risk = inf   test_auc = 0.22   time = 42048876   val_auc = 0.19   
4000/5000   risk = 1  oob_risk = inf   test_auc = 0.22   time = 43715519   val_auc = 0.2   
4125/5000   risk = 0.87  oob_risk = inf   test_auc = 0.22   time = 45353644   val_auc = 0.2   
4250/5000   risk = 1.2  oob_risk = inf   test_auc = 0.21   time = 46898117   val_auc = 0.2   
4375/5000   risk = 1.5  oob_risk = inf   test_auc = 0.21   time = 48430568   val_auc = 0.2   
4500/5000   risk = 1.3  oob_risk = inf   test_auc = 0.2   time = 49987987   val_auc = 0.2   
4625/5000   risk = 1  oob_risk = inf   test_auc = 0.2   time = 51456394   val_auc = 0.19   
4750/5000   risk = 1.1  oob_risk = inf   test_auc = 0.19   time = 53044101   val_auc = 0.19   
4875/5000   risk = 1.2  oob_risk = inf   test_auc = 0.19   time = 54600404   val_auc = 0.19   
5000/5000   risk = 1.5  oob_risk = inf   test_auc = 0.19   time = 56159462   val_auc = 0.19   


Train 5000 iterations in 57 Seconds.
Final risk based on the train set: 1.5

DEBUG [00:18:08.271] [mlr3]  Learner 'bin_cwb_b' on task 'spam' succeeded to fit a model {learner: <LearnerClassifCWB/LearnerClassif/Learner/R6>, result: <list>, messages: }

### [bt]: Job terminated successfully [batchtools job.id=12]
### [bt]: Calculation finished!
