### [bt]: This is batchtools v0.9.15
### [bt]: Starting calculation of 1 jobs
### [bt]: Setting working directory to '/home/user/repos/cacb-batchtools/eq1'
Loading required package: data.table
Loading required package: R6
Loading required package: mlr3
Loading required package: mlr3learners
Loading required package: mlr3extralearners

Attaching package: ‘mlr3extralearners’

The following objects are masked from ‘package:mlr3’:

    lrn, lrns

Loading required package: mlr3pipelines
Loading required package: mlr3tuning
Loading required package: paradox
Loading required package: compboost
[2021-08-02 16:55:47] Loading new learner LearnerClassifCWB
[2021-08-02 16:55:47] Loading new learner LearnerClassifHCWB
[2021-08-02 16:55:47] Loading new learner
[2021-08-02 16:55:47] Loading tasks
[2021-08-02 16:55:51] Loading resampling
### [bt]: Memory measurement disabled
### [bt]: Starting job [batchtools job.id=125]
### [bt]: Generating problem instance for problem '168908-fold5' ...
### [bt]: Applying algorithm 'evaluate-learner' on problem '168908-fold5' for job 125 (seed = 31540) ...
DEBUG [16:55:52.588] [mlr3]  Skip subsetting of task 'Task 168908: christine (Supervised Classification)' 
DEBUG [16:55:52.682] [mlr3]  Calling train method of Learner 'acc_hcwb' on task 'Task 168908: christine (Supervised Classification)' with 4336 observations {learner: <LearnerClassifHCWB/LearnerClassif/Learner/R6>}
   1/5000   risk = 0.68  oob_risk = 0.68   test_auc = 0.33   time = 4   val_auc = 0.29   
 125/5000   risk = 0.51  oob_risk = 0.56   test_auc = 0.25   time = 4973577   val_auc = 0.22   
 250/5000   risk = 0.34  oob_risk = 0.6   test_auc = 0.24   time = 9959596   val_auc = 0.21   


Train 272 iterations in 12 Seconds.
Final risk based on the train set: 0.31

   1/4739   risk = 0.33  oob_risk = 0.61   test_auc = 0.24   time = 2   val_auc = 0.21   
 118/4739   risk = 0.33  oob_risk = 0.63   test_auc = 0.23   time = 4588434   val_auc = 0.21   
 236/4739   risk = 0.33  oob_risk = 0.63   test_auc = 0.23   time = 7620071   val_auc = 0.21   
 354/4739   risk = 0.32  oob_risk = 0.64   test_auc = 0.23   time = 10584017   val_auc = 0.21   
 472/4739   risk = 0.32  oob_risk = 0.64   test_auc = 0.23   time = 13502647   val_auc = 0.21   
 590/4739   risk = 0.31  oob_risk = 0.65   test_auc = 0.23   time = 16454489   val_auc = 0.21   
 708/4739   risk = 0.3  oob_risk = 0.65   test_auc = 0.23   time = 19507954   val_auc = 0.21   
 826/4739   risk = 0.3  oob_risk = 0.65   test_auc = 0.23   time = 22523072   val_auc = 0.21   
 944/4739   risk = 0.29  oob_risk = 0.66   test_auc = 0.23   time = 25294605   val_auc = 0.21   
1062/4739   risk = 0.29  oob_risk = 0.66   test_auc = 0.23   time = 28168624   val_auc = 0.21   
1180/4739   risk = 0.28  oob_risk = 0.66   test_auc = 0.23   time = 30979416   val_auc = 0.21   
1298/4739   risk = 0.28  oob_risk = 0.66   test_auc = 0.23   time = 33938918   val_auc = 0.21   
1416/4739   risk = 0.27  oob_risk = 0.67   test_auc = 0.23   time = 36798822   val_auc = 0.21   
1534/4739   risk = 0.27  oob_risk = 0.67   test_auc = 0.23   time = 39623893   val_auc = 0.21   
1652/4739   risk = 0.27  oob_risk = 0.67   test_auc = 0.23   time = 42566614   val_auc = 0.21   
1770/4739   risk = 0.26  oob_risk = 0.68   test_auc = 0.23   time = 45388612   val_auc = 0.21   
1888/4739   risk = 0.26  oob_risk = 0.68   test_auc = 0.23   time = 48419571   val_auc = 0.21   
2006/4739   risk = 0.25  oob_risk = 0.68   test_auc = 0.23   time = 51286892   val_auc = 0.21   
2124/4739   risk = 0.25  oob_risk = 0.68   test_auc = 0.23   time = 54303765   val_auc = 0.21   
2242/4739   risk = 0.24  oob_risk = 0.69   test_auc = 0.23   time = 57380785   val_auc = 0.21   
2360/4739   risk = 0.24  oob_risk = 0.69   test_auc = 0.23   time = 60144154   val_auc = 0.21   
2478/4739   risk = 0.24  oob_risk = 0.69   test_auc = 0.23   time = 63168500   val_auc = 0.21   
2596/4739   risk = 0.23  oob_risk = 0.69   test_auc = 0.23   time = 65912794   val_auc = 0.22   
2714/4739   risk = 0.23  oob_risk = 0.69   test_auc = 0.23   time = 68694934   val_auc = 0.22   
2832/4739   risk = 0.23  oob_risk = 0.7   test_auc = 0.23   time = 71466476   val_auc = 0.22   
2950/4739   risk = 0.22  oob_risk = 0.7   test_auc = 0.23   time = 74309036   val_auc = 0.22   
3068/4739   risk = 0.22  oob_risk = 0.7   test_auc = 0.23   time = 77143696   val_auc = 0.22   
3186/4739   risk = 0.22  oob_risk = 0.71   test_auc = 0.23   time = 79877287   val_auc = 0.22   
3304/4739   risk = 0.21  oob_risk = 0.71   test_auc = 0.23   time = 82619932   val_auc = 0.22   
3422/4739   risk = 0.21  oob_risk = 0.71   test_auc = 0.23   time = 85259218   val_auc = 0.22   
3540/4739   risk = 0.21  oob_risk = 0.71   test_auc = 0.23   time = 87907748   val_auc = 0.22   
3658/4739   risk = 0.21  oob_risk = 0.71   test_auc = 0.23   time = 90638654   val_auc = 0.22   
3776/4739   risk = 0.2  oob_risk = 0.72   test_auc = 0.23   time = 93326593   val_auc = 0.22   
3894/4739   risk = 0.2  oob_risk = 0.72   test_auc = 0.23   time = 96117126   val_auc = 0.22   
4012/4739   risk = 0.2  oob_risk = 0.72   test_auc = 0.23   time = 98986766   val_auc = 0.22   
4130/4739   risk = 0.19  oob_risk = 0.72   test_auc = 0.23   time = 101726340   val_auc = 0.22   
4248/4739   risk = 0.19  oob_risk = 0.73   test_auc = 0.23   time = 104419424   val_auc = 0.22   
4366/4739   risk = 0.19  oob_risk = 0.73   test_auc = 0.23   time = 107239940   val_auc = 0.22   
4484/4739   risk = 0.19  oob_risk = 0.73   test_auc = 0.23   time = 109826855   val_auc = 0.22   
4602/4739   risk = 0.18  oob_risk = 0.73   test_auc = 0.23   time = 112611546   val_auc = 0.22   
4720/4739   risk = 0.18  oob_risk = 0.74   test_auc = 0.24   time = 115256848   val_auc = 0.22   


Train 4739 iterations in 116 Seconds.
Final risk based on the train set: 0.18

DEBUG [16:59:01.140] [mlr3]  Learner 'acc_hcwb' on task 'Task 168908: christine (Supervised Classification)' succeeded to fit a model {learner: <LearnerClassifHCWB/LearnerClassif/Learner/R6>, result: <list>, messages: }

### [bt]: Job terminated successfully [batchtools job.id=125]
### [bt]: Calculation finished!
