### [bt]: This is batchtools v0.9.15
### [bt]: Starting calculation of 1 jobs
### [bt]: Setting working directory to '/home/user/repos/cacb-batchtools/eq1'
Loading required package: data.table
Loading required package: R6
Loading required package: mlr3
Loading required package: mlr3learners
Loading required package: mlr3extralearners

Attaching package: ‘mlr3extralearners’

The following objects are masked from ‘package:mlr3’:

    lrn, lrns

Loading required package: mlr3pipelines
Loading required package: mlr3tuning
Loading required package: paradox
Loading required package: compboost
[2021-08-02 02:18:01] Loading new learner LearnerClassifCWB
[2021-08-02 02:18:01] Loading new learner LearnerClassifHCWB
[2021-08-02 02:18:01] Loading new learner
[2021-08-02 02:18:01] Loading tasks
[2021-08-02 02:18:04] Loading resampling
### [bt]: Memory measurement disabled
### [bt]: Starting job [batchtools job.id=59]
### [bt]: Generating problem instance for problem '168335-fold2' ...
### [bt]: Applying algorithm 'evaluate-learner' on problem '168335-fold2' for job 59 (seed = 31474) ...
DEBUG [02:18:07.213] [mlr3]  Skip subsetting of task 'Task 168335: MiniBooNE (Supervised Classification)' 
DEBUG [02:18:07.307] [mlr3]  Calling train method of Learner 'acc_hcwb' on task 'Task 168335: MiniBooNE (Supervised Classification)' with 104051 observations {learner: <LearnerClassifHCWB/LearnerClassif/Learner/R6>}
   1/5000   risk = 0.61  oob_risk = 0.61   riskauc = 0.13   time = 3   val_auc = 0.13   
 125/5000   risk = 0.2  oob_risk = 0.21   riskauc = 0.029   time = 12540337   val_auc = 0.028   
 250/5000   risk = 0.22  oob_risk = 0.24   riskauc = 0.027   time = 24705076   val_auc = 0.027   


Train 262 iterations in 27 Seconds.
Final risk based on the train set: 0.22

   1/4749   risk = 0.22  oob_risk = 0.24   riskauc = 0.027   time = 2   val_auc = 0.027   
 119/4749   risk = 0.22  oob_risk = 0.24   riskauc = 0.027   time = 6861516   val_auc = 0.026   
 238/4749   risk = 0.22  oob_risk = 0.24   riskauc = 0.027   time = 13373525   val_auc = 0.026   
 357/4749   risk = 0.22  oob_risk = 0.24   riskauc = 0.027   time = 20046384   val_auc = 0.026   
 476/4749   risk = 0.22  oob_risk = 0.25   riskauc = 0.027   time = 26466510   val_auc = 0.026   
 595/4749   risk = 0.22  oob_risk = 0.25   riskauc = 0.026   time = 33037403   val_auc = 0.026   
 714/4749   risk = 0.22  oob_risk = 0.25   riskauc = 0.026   time = 39512669   val_auc = 0.026   
 833/4749   risk = 0.22  oob_risk = 0.25   riskauc = 0.026   time = 46063454   val_auc = 0.026   
 952/4749   risk = 0.22  oob_risk = 0.25   riskauc = 0.026   time = 52435346   val_auc = 0.026   
1071/4749   risk = 0.22  oob_risk = 0.25   riskauc = 0.026   time = 59014527   val_auc = 0.026   
1190/4749   risk = 0.22  oob_risk = 0.25   riskauc = 0.026   time = 65419428   val_auc = 0.026   
1309/4749   risk = 0.22  oob_risk = 0.25   riskauc = 0.026   time = 71913133   val_auc = 0.026   
1428/4749   risk = 0.22  oob_risk = 0.25   riskauc = 0.026   time = 78252195   val_auc = 0.026   
1547/4749   risk = 0.22  oob_risk = 0.25   riskauc = 0.026   time = 84810503   val_auc = 0.026   
1666/4749   risk = 0.22  oob_risk = 0.25   riskauc = 0.026   time = 91289437   val_auc = 0.026   
1785/4749   risk = 0.22  oob_risk = 0.25   riskauc = 0.026   time = 97708780   val_auc = 0.026   
1904/4749   risk = 0.22  oob_risk = 0.25   riskauc = 0.026   time = 104312362   val_auc = 0.026   
2023/4749   risk = 0.22  oob_risk = 0.25   riskauc = 0.026   time = 110664628   val_auc = 0.026   
2142/4749   risk = 0.22  oob_risk = 0.25   riskauc = 0.026   time = 117307156   val_auc = 0.026   
2261/4749   risk = 0.22  oob_risk = 0.25   riskauc = 0.026   time = 124818270   val_auc = 0.026   
2380/4749   risk = 0.22  oob_risk = 0.25   riskauc = 0.026   time = 131779056   val_auc = 0.026   
2499/4749   risk = 0.22  oob_risk = 0.25   riskauc = 0.026   time = 138938985   val_auc = 0.026   
2618/4749   risk = 0.22  oob_risk = 0.25   riskauc = 0.026   time = 146206877   val_auc = 0.026   
2737/4749   risk = 0.22  oob_risk = 0.25   riskauc = 0.026   time = 153295168   val_auc = 0.026   
2856/4749   risk = 0.22  oob_risk = 0.25   riskauc = 0.026   time = 160396614   val_auc = 0.026   
2975/4749   risk = 0.22  oob_risk = 0.25   riskauc = 0.026   time = 167509654   val_auc = 0.026   
3094/4749   risk = 0.22  oob_risk = 0.25   riskauc = 0.026   time = 174811950   val_auc = 0.026   
3213/4749   risk = 0.22  oob_risk = 0.25   riskauc = 0.026   time = 182092299   val_auc = 0.026   
3332/4749   risk = 0.22  oob_risk = 0.25   riskauc = 0.026   time = 189231579   val_auc = 0.026   
3451/4749   risk = 0.22  oob_risk = 0.25   riskauc = 0.026   time = 196278741   val_auc = 0.026   
3570/4749   risk = 0.22  oob_risk = 0.25   riskauc = 0.026   time = 203596112   val_auc = 0.026   
3689/4749   risk = 0.22  oob_risk = 0.25   riskauc = 0.026   time = 210777203   val_auc = 0.026   
3808/4749   risk = 0.22  oob_risk = 0.25   riskauc = 0.026   time = 218100948   val_auc = 0.026   
3927/4749   risk = 0.22  oob_risk = 0.25   riskauc = 0.026   time = 225235297   val_auc = 0.026   
4046/4749   risk = 0.22  oob_risk = 0.25   riskauc = 0.026   time = 232523281   val_auc = 0.026   
4165/4749   risk = 0.22  oob_risk = 0.25   riskauc = 0.026   time = 239703613   val_auc = 0.026   
4284/4749   risk = 0.22  oob_risk = 0.25   riskauc = 0.026   time = 246790255   val_auc = 0.026   
4403/4749   risk = 0.22  oob_risk = 0.25   riskauc = 0.026   time = 254047472   val_auc = 0.026   
4522/4749   risk = 0.22  oob_risk = 0.25   riskauc = 0.026   time = 261048335   val_auc = 0.026   
4641/4749   risk = 0.22  oob_risk = 0.25   riskauc = 0.026   time = 268386293   val_auc = 0.026   


Train 4749 iterations in 275 Seconds.
Final risk based on the train set: 0.22

DEBUG [02:23:24.796] [mlr3]  Learner 'acc_hcwb' on task 'Task 168335: MiniBooNE (Supervised Classification)' succeeded to fit a model {learner: <LearnerClassifHCWB/LearnerClassif/Learner/R6>, result: <list>, messages: }

### [bt]: Job terminated successfully [batchtools job.id=59]
### [bt]: Calculation finished!
