### [bt]: This is batchtools v0.9.15
### [bt]: Starting calculation of 1 jobs
### [bt]: Setting working directory to '/home/user/repos/cacb-batchtools/eq1'
[2021-07-25 23:50:54] Loading new learner
[2021-07-25 23:50:54] Loading tasks
[2021-07-25 23:50:57] Loading resampling
### [bt]: Memory measurement disabled
### [bt]: Starting job [batchtools job.id=3]
### [bt]: Generating problem instance for problem 'spam-fold1' ...
### [bt]: Applying algorithm 'evaluate-learner' on problem 'spam-fold1' for job 3 (seed = 31418) ...
DEBUG [23:50:58.228] [mlr3]  Skip subsetting of task 'spam' 
DEBUG [23:50:58.231] [mlr3]  Calling train method of Learner 'acc_cwb' on task 'spam' with 3680 observations {learner: <LearnerClassifCompboost/LearnerClassif/Learner/R6>}
INFO  [23:50:58.242] [mlr3]  [LGCOMPBOOST] Running compboost with df 20.000000 and df_cat 1.000000 
   1/5000   risk = 0.67  riskauc = 0.78   time = 2   
 125/5000   risk = 0.45  riskauc = 0.94   time = 1139798   
 250/5000   risk = 0.36  riskauc = 0.95   time = 2280360   
 375/5000   risk = 0.31  riskauc = 0.96   time = 3909531   
 500/5000   risk = 0.29  riskauc = 0.96   time = 5074450   
 625/5000   risk = 0.27  riskauc = 0.96   time = 6322205   
 750/5000   risk = 0.26  riskauc = 0.97   time = 7557735   
 875/5000   risk = 0.25  riskauc = 0.97   time = 8724500   
1000/5000   risk = 0.24  riskauc = 0.97   time = 9949034   
1125/5000   risk = 0.23  riskauc = 0.97   time = 11169547   
1250/5000   risk = 0.23  riskauc = 0.97   time = 12407497   
1375/5000   risk = 0.22  riskauc = 0.97   time = 13622255   
1500/5000   risk = 0.22  riskauc = 0.97   time = 14951122   
1625/5000   risk = 0.21  riskauc = 0.97   time = 16201688   
1750/5000   risk = 0.21  riskauc = 0.97   time = 17405701   
1875/5000   risk = 0.21  riskauc = 0.97   time = 18666418   
2000/5000   risk = 0.21  riskauc = 0.97   time = 19990326   
2125/5000   risk = 0.2  riskauc = 0.97   time = 21139247   
2250/5000   risk = 0.2  riskauc = 0.98   time = 22508896   
2375/5000   risk = 0.2  riskauc = 0.98   time = 23730291   
2500/5000   risk = 0.2  riskauc = 0.98   time = 24808888   
2625/5000   risk = 0.2  riskauc = 0.98   time = 26000954   
2750/5000   risk = 0.19  riskauc = 0.98   time = 27336860   
2875/5000   risk = 0.19  riskauc = 0.98   time = 28539893   
3000/5000   risk = 0.19  riskauc = 0.98   time = 29722100   
3125/5000   risk = 0.19  riskauc = 0.98   time = 30871932   
3250/5000   risk = 0.19  riskauc = 0.98   time = 32016956   
3375/5000   risk = 0.19  riskauc = 0.98   time = 33296821   
3500/5000   risk = 0.19  riskauc = 0.98   time = 34449017   
3625/5000   risk = 0.19  riskauc = 0.98   time = 35787309   
3750/5000   risk = 0.18  riskauc = 0.98   time = 37113122   
3875/5000   risk = 0.18  riskauc = 0.98   time = 38446495   
4000/5000   risk = 0.18  riskauc = 0.98   time = 39694562   
4125/5000   risk = 0.18  riskauc = 0.98   time = 40868307   
4250/5000   risk = 0.18  riskauc = 0.98   time = 42063509   
4375/5000   risk = 0.18  riskauc = 0.98   time = 43285795   
4500/5000   risk = 0.18  riskauc = 0.98   time = 44504072   
4625/5000   risk = 0.18  riskauc = 0.98   time = 45894299   
4750/5000   risk = 0.18  riskauc = 0.98   time = 47112923   
4875/5000   risk = 0.18  riskauc = 0.98   time = 48375019   
5000/5000   risk = 0.18  riskauc = 0.98   time = 49525830   


Train 5000 iterations in 49 Seconds.
Final risk based on the train set: 0.18

INFO  [23:51:57.312] [mlr3]  [LGCOMPBOOST] iterations:'stop_cwb',5000,'stop_acwb',NA,'stop_hcwb',NA 
INFO  [23:51:57.315] [mlr3]  [LGCOMPBOOST] risk_inbag:'risk_intercept',0.670513,'risk_cwb',0.175271,'risk_acwb',NA,'risk_hcwb',NA 
INFO  [23:51:57.317] [mlr3]  [LGCOMPBOOST] risk_oob:'risk_intercept_oob',NA,'risk_cwb_oob',NA,'risk_acwb_oob',NA,'risk_hcwb_oob',NA 
DEBUG [23:51:57.322] [mlr3]  Learner 'acc_cwb' on task 'spam' succeeded to fit a model {learner: <LearnerClassifCompboost/LearnerClassif/Learner/R6>, result: <list>, messages: }
DEBUG [23:51:57.334] [mlr3]  Skip subsetting of task 'spam' 
DEBUG [23:51:57.338] [mlr3]  Calling train method of Learner 'acc_cwb' on task 'spam' with 3680 observations {learner: <LearnerClassifCompboost/LearnerClassif/Learner/R6>}
INFO  [23:51:57.350] [mlr3]  [LGCOMPBOOST] Running compboost with df 20.000000 and df_cat 1.000000 
   1/5000   risk = 0.67  time = 2   
 125/5000   risk = 0.45  time = 1210765   
 250/5000   risk = 0.36  time = 2390796   
 375/5000   risk = 0.31  time = 3542181   
 500/5000   risk = 0.29  time = 4645509   
 625/5000   risk = 0.27  time = 5696318   
 750/5000   risk = 0.26  time = 6837971   
 875/5000   risk = 0.25  time = 7861461   
1000/5000   risk = 0.24  time = 8940294   
1125/5000   risk = 0.23  time = 10079309   
1250/5000   risk = 0.23  time = 11222658   
1375/5000   risk = 0.22  time = 12281221   
1500/5000   risk = 0.22  time = 13513312   
1625/5000   risk = 0.21  time = 14754922   
1750/5000   risk = 0.21  time = 15888741   
1875/5000   risk = 0.21  time = 17220671   
2000/5000   risk = 0.21  time = 18313338   
2125/5000   risk = 0.2  time = 19427319   
2250/5000   risk = 0.2  time = 20521049   
2375/5000   risk = 0.2  time = 21603077   
2500/5000   risk = 0.2  time = 22894440   
2625/5000   risk = 0.2  time = 24034022   
2750/5000   risk = 0.19  time = 25181433   
2875/5000   risk = 0.19  time = 26248938   
3000/5000   risk = 0.19  time = 27337683   
3125/5000   risk = 0.19  time = 28538431   
3250/5000   risk = 0.19  time = 29638319   
3375/5000   risk = 0.19  time = 30721352   
3500/5000   risk = 0.19  time = 31846909   
3625/5000   risk = 0.19  time = 32976368   
3750/5000   risk = 0.18  time = 34037655   
3875/5000   risk = 0.18  time = 35190423   
4000/5000   risk = 0.18  time = 36311628   
4125/5000   risk = 0.18  time = 37349429   
4250/5000   risk = 0.18  time = 38448443   
4375/5000   risk = 0.18  time = 39595861   
4500/5000   risk = 0.18  time = 40631009   
4625/5000   risk = 0.18  time = 41753519   
4750/5000   risk = 0.18  time = 42955655   
4875/5000   risk = 0.18  time = 44019383   
5000/5000   risk = 0.18  time = 45286508   


Train 5000 iterations in 45 Seconds.
Final risk based on the train set: 0.18

INFO  [23:52:51.553] [mlr3]  [LGCOMPBOOST] iterations:'stop_cwb',5000,'stop_acwb',NA,'stop_hcwb',NA 
INFO  [23:52:51.556] [mlr3]  [LGCOMPBOOST] risk_inbag:'risk_intercept',0.670513,'risk_cwb',0.175271,'risk_acwb',NA,'risk_hcwb',NA 
INFO  [23:52:51.558] [mlr3]  [LGCOMPBOOST] risk_oob:'risk_intercept_oob',NA,'risk_cwb_oob',NA,'risk_acwb_oob',NA,'risk_hcwb_oob',NA 
DEBUG [23:52:51.563] [mlr3]  Learner 'acc_cwb' on task 'spam' succeeded to fit a model {learner: <LearnerClassifCompboost/LearnerClassif/Learner/R6>, result: <list>, messages: }

### [bt]: Job terminated successfully [batchtools job.id=3]
### [bt]: Calculation finished!
