### [bt]: This is batchtools v0.9.15
### [bt]: Starting calculation of 1 jobs
### [bt]: Setting working directory to '/home/user/repos/cacb-batchtools/eq1'
Loading required package: data.table
Loading required package: R6
Loading required package: mlr3
Loading required package: mlr3learners
Loading required package: mlr3extralearners

Attaching package: ‘mlr3extralearners’

The following objects are masked from ‘package:mlr3’:

    lrn, lrns

Loading required package: mlr3pipelines
Loading required package: mlr3tuning
Loading required package: paradox
Loading required package: compboost
[2021-08-02 07:18:16] Loading new learner LearnerClassifCWB
[2021-08-02 07:18:16] Loading new learner LearnerClassifHCWB
[2021-08-02 07:18:16] Loading new learner
[2021-08-02 07:18:16] Loading tasks
[2021-08-02 07:18:20] Loading resampling
### [bt]: Memory measurement disabled
### [bt]: Starting job [batchtools job.id=85]
### [bt]: Generating problem instance for problem '189866-fold2' ...
### [bt]: Applying algorithm 'evaluate-learner' on problem '189866-fold2' for job 85 (seed = 31500) ...
DEBUG [07:18:25.598] [mlr3]  Skip subsetting of task 'Task 189866: albert (Supervised Classification)' 
DEBUG [07:18:25.692] [mlr3]  Calling train method of Learner 'acc_hcwb' on task 'Task 189866: albert (Supervised Classification)' with 340192 observations {learner: <LearnerClassifHCWB/LearnerClassif/Learner/R6>}
   1/5000   risk = 0.69  oob_risk = 0.69   riskauc = 0.36   time = 3   val_auc = 0.36   
 125/5000   risk = 0.62  oob_risk = 0.62   riskauc = 0.28   time = 37709621   val_auc = 0.28   
 250/5000   risk = 0.62  oob_risk = 0.62   riskauc = 0.27   time = 77092141   val_auc = 0.27   


Train 326 iterations in 103 Seconds.
Final risk based on the train set: 0.64

   1/4685   risk = 0.64  oob_risk = 0.64   riskauc = 0.27   time = 3   val_auc = 0.27   
 117/4685   risk = 0.65  oob_risk = 0.65   riskauc = 0.27   time = 21769975   val_auc = 0.27   
 234/4685   risk = 0.65  oob_risk = 0.65   riskauc = 0.27   time = 43296092   val_auc = 0.27   
 351/4685   risk = 0.65  oob_risk = 0.65   riskauc = 0.27   time = 64931461   val_auc = 0.27   
 468/4685   risk = 0.65  oob_risk = 0.65   riskauc = 0.27   time = 86747792   val_auc = 0.27   
 585/4685   risk = 0.65  oob_risk = 0.65   riskauc = 0.27   time = 108644726   val_auc = 0.27   
 702/4685   risk = 0.65  oob_risk = 0.65   riskauc = 0.27   time = 130694443   val_auc = 0.27   
 819/4685   risk = 0.65  oob_risk = 0.65   riskauc = 0.27   time = 153511595   val_auc = 0.26   
 936/4685   risk = 0.65  oob_risk = 0.65   riskauc = 0.27   time = 175833244   val_auc = 0.26   
1053/4685   risk = 0.65  oob_risk = 0.65   riskauc = 0.27   time = 197643141   val_auc = 0.26   
1170/4685   risk = 0.65  oob_risk = 0.65   riskauc = 0.27   time = 219688573   val_auc = 0.26   
1287/4685   risk = 0.65  oob_risk = 0.65   riskauc = 0.27   time = 241089192   val_auc = 0.26   
1404/4685   risk = 0.65  oob_risk = 0.65   riskauc = 0.27   time = 262049487   val_auc = 0.26   
1521/4685   risk = 0.65  oob_risk = 0.65   riskauc = 0.27   time = 283936910   val_auc = 0.26   
1638/4685   risk = 0.65  oob_risk = 0.65   riskauc = 0.27   time = 304867473   val_auc = 0.26   
1755/4685   risk = 0.65  oob_risk = 0.65   riskauc = 0.27   time = 326221876   val_auc = 0.26   
1872/4685   risk = 0.65  oob_risk = 0.65   riskauc = 0.27   time = 347520383   val_auc = 0.26   
1989/4685   risk = 0.65  oob_risk = 0.65   riskauc = 0.27   time = 368446044   val_auc = 0.26   
2106/4685   risk = 0.65  oob_risk = 0.65   riskauc = 0.27   time = 389858741   val_auc = 0.26   
2223/4685   risk = 0.65  oob_risk = 0.65   riskauc = 0.27   time = 411503328   val_auc = 0.26   
2340/4685   risk = 0.65  oob_risk = 0.65   riskauc = 0.27   time = 433150680   val_auc = 0.26   
2457/4685   risk = 0.65  oob_risk = 0.65   riskauc = 0.27   time = 454983824   val_auc = 0.26   
2574/4685   risk = 0.65  oob_risk = 0.65   riskauc = 0.27   time = 476227152   val_auc = 0.26   
2691/4685   risk = 0.65  oob_risk = 0.65   riskauc = 0.27   time = 497627076   val_auc = 0.26   
2808/4685   risk = 0.65  oob_risk = 0.65   riskauc = 0.27   time = 519415058   val_auc = 0.26   
2925/4685   risk = 0.65  oob_risk = 0.65   riskauc = 0.27   time = 541338966   val_auc = 0.26   
3042/4685   risk = 0.65  oob_risk = 0.65   riskauc = 0.27   time = 562822040   val_auc = 0.26   
3159/4685   risk = 0.65  oob_risk = 0.65   riskauc = 0.27   time = 584752047   val_auc = 0.26   
3276/4685   risk = 0.65  oob_risk = 0.65   riskauc = 0.27   time = 605868909   val_auc = 0.26   
3393/4685   risk = 0.65  oob_risk = 0.65   riskauc = 0.27   time = 626971868   val_auc = 0.26   
3510/4685   risk = 0.65  oob_risk = 0.65   riskauc = 0.27   time = 648245077   val_auc = 0.26   
3627/4685   risk = 0.65  oob_risk = 0.65   riskauc = 0.27   time = 669601137   val_auc = 0.26   
3744/4685   risk = 0.65  oob_risk = 0.65   riskauc = 0.27   time = 690613193   val_auc = 0.26   
3861/4685   risk = 0.65  oob_risk = 0.65   riskauc = 0.27   time = 711633823   val_auc = 0.26   
3978/4685   risk = 0.65  oob_risk = 0.65   riskauc = 0.27   time = 732472300   val_auc = 0.26   
4095/4685   risk = 0.65  oob_risk = 0.65   riskauc = 0.27   time = 753518242   val_auc = 0.26   
4212/4685   risk = 0.65  oob_risk = 0.65   riskauc = 0.27   time = 774429835   val_auc = 0.26   
4329/4685   risk = 0.65  oob_risk = 0.65   riskauc = 0.27   time = 795726571   val_auc = 0.26   
4446/4685   risk = 0.65  oob_risk = 0.65   riskauc = 0.27   time = 816901461   val_auc = 0.26   
4563/4685   risk = 0.65  oob_risk = 0.65   riskauc = 0.27   time = 837692700   val_auc = 0.26   
4680/4685   risk = 0.65  oob_risk = 0.65   riskauc = 0.27   time = 858844943   val_auc = 0.26   


Train 4685 iterations in 860 Seconds.
Final risk based on the train set: 0.65

DEBUG [07:35:38.712] [mlr3]  Learner 'acc_hcwb' on task 'Task 189866: albert (Supervised Classification)' succeeded to fit a model {learner: <LearnerClassifHCWB/LearnerClassif/Learner/R6>, result: <list>, messages: }

### [bt]: Job terminated successfully [batchtools job.id=85]
### [bt]: Calculation finished!
