### [bt]: This is batchtools v0.9.15
### [bt]: Starting calculation of 1 jobs
### [bt]: Setting working directory to '/home/user/repos/cacb-batchtools/eq1'
[2021-07-25 20:19:54] Loading new learner
[2021-07-25 20:19:54] Loading tasks
[2021-07-25 20:19:57] Loading resampling
### [bt]: Memory measurement disabled
### [bt]: Starting job [batchtools job.id=23]
### [bt]: Generating problem instance for problem 'spam-fold5' ...
### [bt]: Applying algorithm 'evaluate-learner' on problem 'spam-fold5' for job 23 (seed = 31438) ...
DEBUG [20:19:59.110] [mlr3]  Skip subsetting of task 'spam' 
DEBUG [20:19:59.113] [mlr3]  Calling train method of Learner 'acc_cwb' on task 'spam' with 3682 observations {learner: <LearnerClassifCompboost/LearnerClassif/Learner/R6>}
INFO  [20:19:59.122] [mlr3]  [LGCOMPBOOST] Running compboost with df 20.000000 and df_cat 1.000000 
   1/5000   risk = 0.67  riskauc = 0.78   time = 2   
 125/5000   risk = 0.44  riskauc = 0.93   time = 1358451   
 250/5000   risk = 0.36  riskauc = 0.94   time = 2550127   
 375/5000   risk = 0.31  riskauc = 0.95   time = 3731575   
 500/5000   risk = 0.29  riskauc = 0.95   time = 4901176   
 625/5000   risk = 0.27  riskauc = 0.95   time = 6131561   
 750/5000   risk = 0.26  riskauc = 0.96   time = 7303791   
 875/5000   risk = 0.25  riskauc = 0.96   time = 8614627   
1000/5000   risk = 0.24  riskauc = 0.96   time = 9815012   
1125/5000   risk = 0.24  riskauc = 0.96   time = 11046825   
1250/5000   risk = 0.23  riskauc = 0.96   time = 12240882   
1375/5000   risk = 0.22  riskauc = 0.96   time = 13798113   
1500/5000   risk = 0.22  riskauc = 0.96   time = 15067970   
1625/5000   risk = 0.22  riskauc = 0.96   time = 16329165   
1750/5000   risk = 0.21  riskauc = 0.97   time = 17628669   
1875/5000   risk = 0.21  riskauc = 0.97   time = 18952735   
2000/5000   risk = 0.21  riskauc = 0.97   time = 20211342   
2125/5000   risk = 0.2  riskauc = 0.97   time = 21478570   
2250/5000   risk = 0.2  riskauc = 0.97   time = 22614449   
2375/5000   risk = 0.2  riskauc = 0.97   time = 23831012   
2500/5000   risk = 0.2  riskauc = 0.97   time = 25124630   
2625/5000   risk = 0.2  riskauc = 0.97   time = 26342490   
2750/5000   risk = 0.19  riskauc = 0.97   time = 27489925   
2875/5000   risk = 0.19  riskauc = 0.97   time = 28679227   
3000/5000   risk = 0.19  riskauc = 0.97   time = 29952985   
3125/5000   risk = 0.19  riskauc = 0.97   time = 31347657   
3250/5000   risk = 0.19  riskauc = 0.97   time = 32599179   
3375/5000   risk = 0.19  riskauc = 0.97   time = 33723227   
3500/5000   risk = 0.19  riskauc = 0.97   time = 34989756   
3625/5000   risk = 0.19  riskauc = 0.97   time = 36250585   
3750/5000   risk = 0.18  riskauc = 0.97   time = 37361714   
3875/5000   risk = 0.18  riskauc = 0.97   time = 38537244   
4000/5000   risk = 0.18  riskauc = 0.96   time = 40016979   
4125/5000   risk = 0.18  riskauc = 0.96   time = 41296983   
4250/5000   risk = 0.18  riskauc = 0.96   time = 42491816   
4375/5000   risk = 0.18  riskauc = 0.96   time = 43778420   
4500/5000   risk = 0.18  riskauc = 0.96   time = 44975091   
4625/5000   risk = 0.18  riskauc = 0.96   time = 46171277   
4750/5000   risk = 0.18  riskauc = 0.96   time = 47586272   
4875/5000   risk = 0.18  riskauc = 0.96   time = 48825628   
5000/5000   risk = 0.17  riskauc = 0.96   time = 50194326   


Train 5000 iterations in 50 Seconds.
Final risk based on the train set: 0.17

INFO  [20:20:58.589] [mlr3]  [LGCOMPBOOST] iterations:'stop_cwb',5000,'stop_acwb',NA,'stop_hcwb',NA 
INFO  [20:20:58.592] [mlr3]  [LGCOMPBOOST] risk_inbag:'risk_intercept',0.670538,'risk_cwb',0.174574,'risk_acwb',NA,'risk_hcwb',NA 
INFO  [20:20:58.594] [mlr3]  [LGCOMPBOOST] risk_oob:'risk_intercept_oob',NA,'risk_cwb_oob',NA,'risk_acwb_oob',NA,'risk_hcwb_oob',NA 
DEBUG [20:20:58.600] [mlr3]  Learner 'acc_cwb' on task 'spam' succeeded to fit a model {learner: <LearnerClassifCompboost/LearnerClassif/Learner/R6>, result: <list>, messages: }
DEBUG [20:20:58.612] [mlr3]  Skip subsetting of task 'spam' 
DEBUG [20:20:58.616] [mlr3]  Calling train method of Learner 'acc_cwb' on task 'spam' with 3682 observations {learner: <LearnerClassifCompboost/LearnerClassif/Learner/R6>}
INFO  [20:20:58.629] [mlr3]  [LGCOMPBOOST] Running compboost with df 20.000000 and df_cat 1.000000 
   1/5000   risk = 0.67  time = 2   
 125/5000   risk = 0.44  time = 1219403   
 250/5000   risk = 0.36  time = 2347678   
 375/5000   risk = 0.31  time = 3510411   
 500/5000   risk = 0.29  time = 4735181   
 625/5000   risk = 0.27  time = 5916349   
 750/5000   risk = 0.26  time = 6996599   
 875/5000   risk = 0.25  time = 8139171   
1000/5000   risk = 0.24  time = 9265660   
1125/5000   risk = 0.24  time = 10439151   
1250/5000   risk = 0.23  time = 11603474   
1375/5000   risk = 0.22  time = 12760150   
1500/5000   risk = 0.22  time = 13907649   
1625/5000   risk = 0.22  time = 14948402   
1750/5000   risk = 0.21  time = 16083452   
1875/5000   risk = 0.21  time = 17232298   
2000/5000   risk = 0.21  time = 18353072   
2125/5000   risk = 0.2  time = 19592163   
2250/5000   risk = 0.2  time = 20777486   
2375/5000   risk = 0.2  time = 21940210   
2500/5000   risk = 0.2  time = 23065612   
2625/5000   risk = 0.2  time = 24183357   
2750/5000   risk = 0.19  time = 25173977   
2875/5000   risk = 0.19  time = 26389127   
3000/5000   risk = 0.19  time = 27541306   
3125/5000   risk = 0.19  time = 28678820   
3250/5000   risk = 0.19  time = 29767875   
3375/5000   risk = 0.19  time = 30941266   
3500/5000   risk = 0.19  time = 32165171   
3625/5000   risk = 0.19  time = 33280454   
3750/5000   risk = 0.18  time = 34388121   
3875/5000   risk = 0.18  time = 35495467   
4000/5000   risk = 0.18  time = 36626821   
4125/5000   risk = 0.18  time = 37775247   
4250/5000   risk = 0.18  time = 38944573   
4375/5000   risk = 0.18  time = 40107117   
4500/5000   risk = 0.18  time = 41149764   
4625/5000   risk = 0.18  time = 42383115   
4750/5000   risk = 0.18  time = 43545705   
4875/5000   risk = 0.18  time = 44758713   
5000/5000   risk = 0.17  time = 45968436   


Train 5000 iterations in 45 Seconds.
Final risk based on the train set: 0.17

INFO  [20:21:53.676] [mlr3]  [LGCOMPBOOST] iterations:'stop_cwb',5000,'stop_acwb',NA,'stop_hcwb',NA 
INFO  [20:21:53.680] [mlr3]  [LGCOMPBOOST] risk_inbag:'risk_intercept',0.670538,'risk_cwb',0.174574,'risk_acwb',NA,'risk_hcwb',NA 
INFO  [20:21:53.681] [mlr3]  [LGCOMPBOOST] risk_oob:'risk_intercept_oob',NA,'risk_cwb_oob',NA,'risk_acwb_oob',NA,'risk_hcwb_oob',NA 
DEBUG [20:21:53.687] [mlr3]  Learner 'acc_cwb' on task 'spam' succeeded to fit a model {learner: <LearnerClassifCompboost/LearnerClassif/Learner/R6>, result: <list>, messages: }

### [bt]: Job terminated successfully [batchtools job.id=23]
### [bt]: Calculation finished!
