### [bt]: This is batchtools v0.9.15
### [bt]: Starting calculation of 1 jobs
### [bt]: Setting working directory to '/home/user/repos/cacb-batchtools/eq1'
[2021-07-20] Loading new learner
[2021-07-20 10:33:05] Loading tasks
[2021-07-20 10:33:08] Loading resampling
### [bt]: Memory measurement disabled
### [bt]: Starting job [batchtools job.id=95]
### [bt]: Generating problem instance for problem '189866-fold4' ...
### [bt]: Applying algorithm 'evaluate-learner' on problem '189866-fold4' for job 95 (seed = 31510) ...
DEBUG [10:33:12.749] [mlr3]  Skip subsetting of task 'Task 189866: albert (Supervised Classification)' 
DEBUG [10:33:12.752] [mlr3]  Calling train method of Learner 'removeconstants_before.imputemedian_num.imputemode_fct.collapsefactors.removeconstants_after.acc_hcwb' on task 'Task 189866: albert (Supervised Classification)' with 340192 observations {learner: <GraphLearner/Learner/R6>}
DEBUG [10:33:12.774] Running PipeOp 'removeconstants_before$train()' {pipeop: <PipeOpRemoveConstants/PipeOpTaskPreprocSimple/PipeOpTaskPreproc/PipeOp/R6>, input: <list>}
DEBUG [10:33:14.357] Running PipeOp 'imputemedian_num$train()' {pipeop: <PipeOpImputeMedian/PipeOpImpute/PipeOp/R6>, input: <list>}
DEBUG [10:33:14.944] Running PipeOp 'imputemode_fct$train()' {pipeop: <PipeOpImputeMode/PipeOpImpute/PipeOp/R6>, input: <list>}
DEBUG [10:33:16.498] Running PipeOp 'collapsefactors$train()' {pipeop: <PipeOpCollapseFactors/PipeOpTaskPreprocSimple/PipeOpTaskPreproc/PipeOp/R6>, input: <list>}
DEBUG [10:33:20.151] Running PipeOp 'removeconstants_after$train()' {pipeop: <PipeOpRemoveConstants/PipeOpTaskPreprocSimple/PipeOpTaskPreproc/PipeOp/R6>, input: <list>}
DEBUG [10:33:22.109] Running PipeOp 'acc_hcwb$train()' {pipeop: <PipeOpLearner/PipeOp/R6>, input: <list>}
DEBUG [10:33:22.121] [mlr3]  Skip subsetting of task 'Task 189866: albert (Supervised Classification)' 
DEBUG [10:33:22.125] [mlr3]  Calling train method of Learner 'acc_hcwb' on task 'Task 189866: albert (Supervised Classification)' with 340192 observations {learner: <LearnerClassifCompboost/LearnerClassif/Learner/R6>}
INFO  [10:33:22.777] [mlr3]  [LGCOMPBOOST] Running compboost with df 5.000000 and df_cat 3.000000 
Error in new_CppObject_xp(fields$.module, fields$.pointer, ...) : 
  chol(): decomposition failed

### [bt]: Job terminated with an exception [batchtools job.id=95]
### [bt]: Calculation finished!
