### [bt]: This is batchtools v0.9.15
### [bt]: Starting calculation of 1 jobs
### [bt]: Setting working directory to '/home/user/repos/cacb-batchtools/eq1'
[2021-07-25 19:59:37] Loading new learner
[2021-07-25 19:59:37] Loading tasks
[2021-07-25 19:59:39] Loading resampling
### [bt]: Memory measurement disabled
### [bt]: Starting job [batchtools job.id=14]
### [bt]: Generating problem instance for problem 'spam-fold3' ...
### [bt]: Applying algorithm 'evaluate-learner' on problem 'spam-fold3' for job 14 (seed = 31429) ...
DEBUG [19:59:40.782] [mlr3]  Skip subsetting of task 'spam' 
DEBUG [19:59:40.785] [mlr3]  Calling train method of Learner 'acc_acwb' on task 'spam' with 3680 observations {learner: <LearnerClassifCompboost/LearnerClassif/Learner/R6>}
INFO  [19:59:40.794] [mlr3]  [LGCOMPBOOST] Running compboost with df 20.000000 and df_cat 1.000000 
   1/5000   risk = 0.67  riskauc = 0.81   time = 2   
 125/5000   risk = 0.53  riskauc = 0.92   time = 1333766   
 250/5000   risk = 0.39  riskauc = 0.94   time = 2641088   
 375/5000   risk = 0.29  riskauc = 0.94   time = 4055739   
 500/5000   risk = 0.21  riskauc = 0.95   time = 5949317   
 625/5000   risk = 0.16  riskauc = 0.95   time = 7345135   
 750/5000   risk = 0.13  riskauc = 0.95   time = 8736021   
 875/5000   risk = 0.11  riskauc = 0.95   time = 9999488   
1000/5000   risk = 0.1  riskauc = 0.94   time = 11298915   
1125/5000   risk = 0.097  riskauc = 0.94   time = 12627208   
1250/5000   risk = 0.093  riskauc = 0.94   time = 13904704   
1375/5000   risk = 0.091  riskauc = 0.94   time = 15341672   
1500/5000   risk = 0.088  riskauc = 0.94   time = 16756253   
1625/5000   risk = 0.087  riskauc = 0.94   time = 18246924   
1750/5000   risk = 0.085  riskauc = 0.94   time = 19703719   
1875/5000   risk = 0.083  riskauc = 0.94   time = 21089893   
2000/5000   risk = 0.082  riskauc = 0.94   time = 22568863   
2125/5000   risk = 0.081  riskauc = 0.94   time = 23935715   
2250/5000   risk = 0.08  riskauc = 0.94   time = 25367293   
2375/5000   risk = 0.079  riskauc = 0.94   time = 26940062   
2500/5000   risk = 0.078  riskauc = 0.94   time = 28427613   
2625/5000   risk = 0.077  riskauc = 0.94   time = 29929023   
2750/5000   risk = 0.076  riskauc = 0.94   time = 31255731   
2875/5000   risk = 0.075  riskauc = 0.94   time = 32822155   
3000/5000   risk = 0.074  riskauc = 0.93   time = 34299353   
3125/5000   risk = 0.073  riskauc = 0.93   time = 35774178   
3250/5000   risk = 0.072  riskauc = 0.93   time = 37333752   
3375/5000   risk = 0.072  riskauc = 0.93   time = 38862568   
3500/5000   risk = 0.071  riskauc = 0.93   time = 40341462   
3625/5000   risk = 0.07  riskauc = 0.93   time = 41940445   
3750/5000   risk = 0.07  riskauc = 0.93   time = 43516952   
3875/5000   risk = 0.069  riskauc = 0.93   time = 45150482   
4000/5000   risk = 0.068  riskauc = 0.93   time = 46720146   
4125/5000   risk = 0.068  riskauc = 0.93   time = 48293680   
4250/5000   risk = 0.067  riskauc = 0.93   time = 49916172   
4375/5000   risk = 0.067  riskauc = 0.93   time = 51432006   
4500/5000   risk = 0.066  riskauc = 0.93   time = 52964371   
4625/5000   risk = 0.066  riskauc = 0.93   time = 54511857   
4750/5000   risk = 0.066  riskauc = 0.93   time = 56150829   
4875/5000   risk = 0.065  riskauc = 0.93   time = 57733563   
5000/5000   risk = 0.065  riskauc = 0.93   time = 59311613   


Train 5000 iterations in 59 Seconds.
Final risk based on the train set: 0.065

INFO  [20:00:50.044] [mlr3]  [LGCOMPBOOST] iterations:'stop_cwb',NA,'stop_acwb',5000,'stop_hcwb',NA 
INFO  [20:00:50.046] [mlr3]  [LGCOMPBOOST] risk_inbag:'risk_intercept',0.670513,'risk_cwb',NA,'risk_acwb',0.064739,'risk_hcwb',NA 
INFO  [20:00:50.048] [mlr3]  [LGCOMPBOOST] risk_oob:'risk_intercept_oob',NA,'risk_cwb_oob',NA,'risk_acwb_oob',NA,'risk_hcwb_oob',NA 
DEBUG [20:00:50.053] [mlr3]  Learner 'acc_acwb' on task 'spam' succeeded to fit a model {learner: <LearnerClassifCompboost/LearnerClassif/Learner/R6>, result: <list>, messages: }
DEBUG [20:00:50.065] [mlr3]  Skip subsetting of task 'spam' 
DEBUG [20:00:50.068] [mlr3]  Calling train method of Learner 'acc_acwb' on task 'spam' with 3680 observations {learner: <LearnerClassifCompboost/LearnerClassif/Learner/R6>}
INFO  [20:00:50.079] [mlr3]  [LGCOMPBOOST] Running compboost with df 20.000000 and df_cat 1.000000 
   1/5000   risk = 0.67  time = 2   
 125/5000   risk = 0.53  time = 1214670   
 250/5000   risk = 0.39  time = 2450753   
 375/5000   risk = 0.29  time = 3805480   
 500/5000   risk = 0.21  time = 5073299   
 625/5000   risk = 0.16  time = 6420184   
 750/5000   risk = 0.13  time = 7928362   
 875/5000   risk = 0.11  time = 9202188   
1000/5000   risk = 0.1  time = 10501023   
1125/5000   risk = 0.097  time = 11847034   
1250/5000   risk = 0.093  time = 13230780   
1375/5000   risk = 0.091  time = 14463581   
1500/5000   risk = 0.088  time = 15889267   
1625/5000   risk = 0.087  time = 17222036   
1750/5000   risk = 0.085  time = 18445661   
1875/5000   risk = 0.083  time = 19881895   
2000/5000   risk = 0.082  time = 21307921   
2125/5000   risk = 0.081  time = 22661492   
2250/5000   risk = 0.08  time = 23948575   
2375/5000   risk = 0.079  time = 25295181   
2500/5000   risk = 0.078  time = 26616310   
2625/5000   risk = 0.077  time = 27908758   
2750/5000   risk = 0.076  time = 29379452   
2875/5000   risk = 0.075  time = 30832353   
3000/5000   risk = 0.074  time = 32316878   
3125/5000   risk = 0.073  time = 33725682   
3250/5000   risk = 0.072  time = 35299437   
3375/5000   risk = 0.072  time = 36891445   
3500/5000   risk = 0.071  time = 38370276   
3625/5000   risk = 0.07  time = 39794977   
3750/5000   risk = 0.07  time = 41202541   
3875/5000   risk = 0.069  time = 42710526   
4000/5000   risk = 0.068  time = 44225496   
4125/5000   risk = 0.068  time = 45663846   
4250/5000   risk = 0.067  time = 47062075   
4375/5000   risk = 0.067  time = 48463105   
4500/5000   risk = 0.066  time = 49795706   
4625/5000   risk = 0.066  time = 51133901   
4750/5000   risk = 0.066  time = 52592069   
4875/5000   risk = 0.065  time = 54010902   
5000/5000   risk = 0.065  time = 55531167   


Train 5000 iterations in 55 Seconds.
Final risk based on the train set: 0.065

INFO  [20:01:55.506] [mlr3]  [LGCOMPBOOST] iterations:'stop_cwb',NA,'stop_acwb',5000,'stop_hcwb',NA 
INFO  [20:01:55.509] [mlr3]  [LGCOMPBOOST] risk_inbag:'risk_intercept',0.670513,'risk_cwb',NA,'risk_acwb',0.064739,'risk_hcwb',NA 
INFO  [20:01:55.510] [mlr3]  [LGCOMPBOOST] risk_oob:'risk_intercept_oob',NA,'risk_cwb_oob',NA,'risk_acwb_oob',NA,'risk_hcwb_oob',NA 
DEBUG [20:01:55.515] [mlr3]  Learner 'acc_acwb' on task 'spam' succeeded to fit a model {learner: <LearnerClassifCompboost/LearnerClassif/Learner/R6>, result: <list>, messages: }

### [bt]: Job terminated successfully [batchtools job.id=14]
### [bt]: Calculation finished!
