### [bt]: This is batchtools v0.9.15
### [bt]: Starting calculation of 1 jobs
### [bt]: Setting working directory to '/home/user/repos/cacb-batchtools/eq1'
[2021-07-27 23:00:48] Loading new learner
[2021-07-27 23:00:48] Loading tasks
[2021-07-27 23:00:50] Loading resampling
### [bt]: Memory measurement disabled
### [bt]: Starting job [batchtools job.id=53]
### [bt]: Generating problem instance for problem '168335-fold4' ...
### [bt]: Applying algorithm 'evaluate-learner' on problem '168335-fold4' for job 53 (seed = 31468) ...
DEBUG [23:00:53.305] [mlr3]  Skip subsetting of task 'Task 168335: MiniBooNE (Supervised Classification)' 
DEBUG [23:00:53.309] [mlr3]  Calling train method of Learner 'bin_cwb_nb' on task 'Task 168335: MiniBooNE (Supervised Classification)' with 104051 observations {learner: <LearnerClassifCompboost/LearnerClassif/Learner/R6>}
   1/5000   risk = 0.56  riskauc = 0.84   time = 2   
 125/5000   risk = 0.26  riskauc = 0.95   time = 8444269   
 250/5000   risk = 0.24  riskauc = 0.96   time = 16971776   
 375/5000   risk = 0.23  riskauc = 0.97   time = 25398869   
 500/5000   risk = 0.23  riskauc = 0.97   time = 34148285   
 625/5000   risk = 0.22  riskauc = 0.97   time = 43459362   
 750/5000   risk = 0.22  riskauc = 0.97   time = 51820871   
 875/5000   risk = 0.22  riskauc = 0.97   time = 60004812   
1000/5000   risk = 0.22  riskauc = 0.97   time = 68256272   
1125/5000   risk = 0.22  riskauc = 0.97   time = 76538053   
1250/5000   risk = 0.22  riskauc = 0.97   time = 84675249   
1375/5000   risk = 0.22  riskauc = 0.97   time = 92980601   
1500/5000   risk = 0.22  riskauc = 0.97   time = 101353946   
1625/5000   risk = 0.22  riskauc = 0.97   time = 109497599   
1750/5000   risk = 0.22  riskauc = 0.97   time = 117520681   
1875/5000   risk = 0.22  riskauc = 0.97   time = 125562928   
2000/5000   risk = 0.22  riskauc = 0.97   time = 133928093   
2125/5000   risk = 0.22  riskauc = 0.97   time = 142039274   
2250/5000   risk = 0.22  riskauc = 0.97   time = 150382067   
2375/5000   risk = 0.22  riskauc = 0.97   time = 158658154   
2500/5000   risk = 0.22  riskauc = 0.97   time = 166933928   
2625/5000   risk = 0.22  riskauc = 0.97   time = 175324552   
2750/5000   risk = 0.22  riskauc = 0.97   time = 183575451   
2875/5000   risk = 0.22  riskauc = 0.97   time = 191674465   
3000/5000   risk = 0.22  riskauc = 0.97   time = 199932907   
3125/5000   risk = 0.22  riskauc = 0.97   time = 208143386   
3250/5000   risk = 0.22  riskauc = 0.97   time = 216509660   
3375/5000   risk = 0.22  riskauc = 0.97   time = 224741466   
3500/5000   risk = 0.22  riskauc = 0.97   time = 232990932   
3625/5000   risk = 0.22  riskauc = 0.97   time = 241501554   
3750/5000   risk = 0.22  riskauc = 0.97   time = 249742278   
3875/5000   risk = 0.22  riskauc = 0.97   time = 257897820   
4000/5000   risk = 0.22  riskauc = 0.97   time = 266008334   
4125/5000   risk = 0.22  riskauc = 0.97   time = 274360078   
4250/5000   risk = 0.22  riskauc = 0.97   time = 282587185   
4375/5000   risk = 0.22  riskauc = 0.97   time = 290915641   
4500/5000   risk = 0.22  riskauc = 0.97   time = 299309971   
4625/5000   risk = 0.22  riskauc = 0.97   time = 307496665   
4750/5000   risk = 0.22  riskauc = 0.97   time = 315506158   
4875/5000   risk = 0.22  riskauc = 0.97   time = 323997288   
5000/5000   risk = 0.22  riskauc = 0.97   time = 332240224   


Train 5000 iterations in 332 Seconds.
Final risk based on the train set: 0.22

DEBUG [23:06:32.233] [mlr3]  Learner 'bin_cwb_nb' on task 'Task 168335: MiniBooNE (Supervised Classification)' succeeded to fit a model {learner: <LearnerClassifCompboost/LearnerClassif/Learner/R6>, result: <list>, messages: }
DEBUG [23:06:32.248] [mlr3]  Skip subsetting of task 'Task 168335: MiniBooNE (Supervised Classification)' 
DEBUG [23:06:32.251] [mlr3]  Calling train method of Learner 'bin_cwb_nb' on task 'Task 168335: MiniBooNE (Supervised Classification)' with 104051 observations {learner: <LearnerClassifCompboost/LearnerClassif/Learner/R6>}
   1/5000   risk = 0.56  time = 3   
 125/5000   risk = 0.26  time = 7007621   
 250/5000   risk = 0.24  time = 14044231   
 375/5000   risk = 0.23  time = 21389064   
 500/5000   risk = 0.23  time = 28505471   
 625/5000   risk = 0.22  time = 35675902   
 750/5000   risk = 0.22  time = 42876844   
 875/5000   risk = 0.22  time = 50221587   
1000/5000   risk = 0.22  time = 57491053   
1125/5000   risk = 0.22  time = 64645547   
1250/5000   risk = 0.22  time = 71801302   
1375/5000   risk = 0.22  time = 79103210   
1500/5000   risk = 0.22  time = 86286232   
1625/5000   risk = 0.22  time = 93533616   
1750/5000   risk = 0.22  time = 101018898   
1875/5000   risk = 0.22  time = 108478033   
2000/5000   risk = 0.22  time = 115999494   
2125/5000   risk = 0.22  time = 123449412   
2250/5000   risk = 0.22  time = 131008996   
2375/5000   risk = 0.22  time = 138487837   
2500/5000   risk = 0.22  time = 146169325   
2625/5000   risk = 0.22  time = 153697582   
2750/5000   risk = 0.22  time = 161230804   
2875/5000   risk = 0.22  time = 168754689   
3000/5000   risk = 0.22  time = 176312420   
3125/5000   risk = 0.22  time = 183883507   
3250/5000   risk = 0.22  time = 191447082   
3375/5000   risk = 0.22  time = 199102475   
3500/5000   risk = 0.22  time = 206690147   
3625/5000   risk = 0.22  time = 214275327   
3750/5000   risk = 0.22  time = 222004036   
3875/5000   risk = 0.22  time = 229596127   
4000/5000   risk = 0.22  time = 237051021   
4125/5000   risk = 0.22  time = 244660486   
4250/5000   risk = 0.22  time = 252238243   
4375/5000   risk = 0.22  time = 259913033   
4500/5000   risk = 0.22  time = 267641652   
4625/5000   risk = 0.22  time = 275253632   
4750/5000   risk = 0.22  time = 283190536   
4875/5000   risk = 0.22  time = 291008615   
5000/5000   risk = 0.22  time = 298899219   


Train 5000 iterations in 298 Seconds.
Final risk based on the train set: 0.22

DEBUG [23:11:37.377] [mlr3]  Learner 'bin_cwb_nb' on task 'Task 168335: MiniBooNE (Supervised Classification)' succeeded to fit a model {learner: <LearnerClassifCompboost/LearnerClassif/Learner/R6>, result: <list>, messages: }

### [bt]: Job terminated successfully [batchtools job.id=53]
### [bt]: Calculation finished!
