### [bt]: This is batchtools v0.9.15
### [bt]: Starting calculation of 1 jobs
### [bt]: Setting working directory to '/home/user/repos/cacb-batchtools/eq1'
[2021-07-27 20:30:35] Loading new learner
[2021-07-27 20:30:35] Loading tasks
[2021-07-27 20:30:38] Loading resampling
### [bt]: Memory measurement disabled
### [bt]: Starting job [batchtools job.id=36]
### [bt]: Generating problem instance for problem '7592-fold4' ...
### [bt]: Applying algorithm 'evaluate-learner' on problem '7592-fold4' for job 36 (seed = 31451) ...
DEBUG [20:30:38.936] [mlr3]  Skip subsetting of task 'Task 7592: adult (Supervised Classification)' 
DEBUG [20:30:38.939] [mlr3]  Calling train method of Learner 'acc_hcwb' on task 'Task 7592: adult (Supervised Classification)' with 39074 observations {learner: <LearnerClassifCompboost/LearnerClassif/Learner/R6>}
Warning in get_private(learner)$.train(task) :
  Number of cores 30 exceeds number of features 14. The number of cores are set to 14!
   1/5000   risk = 0.53  oob_risk = 0.54   riskauc = 0.79   time = 3   


Train 105 iterations in 2 Seconds.
Final risk based on the train set: 0.32

   1/4906   risk = 0.32  oob_risk = 0.33   riskauc = 0.91   time = 2   
 123/4906   risk = 0.33  oob_risk = 0.35   riskauc = 0.91   time = 1479479   
 246/4906   risk = 0.34  oob_risk = 0.35   riskauc = 0.91   time = 2932037   
 369/4906   risk = 0.34  oob_risk = 0.36   riskauc = 0.91   time = 5001075   
 492/4906   risk = 0.34  oob_risk = 0.36   riskauc = 0.91   time = 6333458   
 615/4906   risk = 0.35  oob_risk = 0.36   riskauc = 0.91   time = 7610706   
 738/4906   risk = 0.35  oob_risk = 0.36   riskauc = 0.91   time = 9007863   
 861/4906   risk = 0.35  oob_risk = 0.36   riskauc = 0.91   time = 10379562   
 984/4906   risk = 0.35  oob_risk = 0.36   riskauc = 0.91   time = 11733216   
1107/4906   risk = 0.35  oob_risk = 0.36   riskauc = 0.91   time = 13086224   
1230/4906   risk = 0.35  oob_risk = 0.37   riskauc = 0.91   time = 14474560   
1353/4906   risk = 0.35  oob_risk = 0.37   riskauc = 0.91   time = 15960374   
1476/4906   risk = 0.35  oob_risk = 0.37   riskauc = 0.91   time = 17563696   
1599/4906   risk = 0.35  oob_risk = 0.37   riskauc = 0.91   time = 19003576   
1722/4906   risk = 0.35  oob_risk = 0.37   riskauc = 0.91   time = 20462838   
1845/4906   risk = 0.35  oob_risk = 0.37   riskauc = 0.91   time = 21881402   
1968/4906   risk = 0.35  oob_risk = 0.37   riskauc = 0.91   time = 23300847   
2091/4906   risk = 0.35  oob_risk = 0.37   riskauc = 0.91   time = 24594523   
2214/4906   risk = 0.35  oob_risk = 0.37   riskauc = 0.91   time = 25894379   
2337/4906   risk = 0.35  oob_risk = 0.37   riskauc = 0.91   time = 27220683   
2460/4906   risk = 0.35  oob_risk = 0.37   riskauc = 0.91   time = 28682792   
2583/4906   risk = 0.35  oob_risk = 0.37   riskauc = 0.91   time = 30178563   
2706/4906   risk = 0.35  oob_risk = 0.37   riskauc = 0.91   time = 31623649   
2829/4906   risk = 0.35  oob_risk = 0.37   riskauc = 0.91   time = 33087359   
2952/4906   risk = 0.35  oob_risk = 0.37   riskauc = 0.91   time = 34530255   
3075/4906   risk = 0.35  oob_risk = 0.37   riskauc = 0.91   time = 35976228   
3198/4906   risk = 0.35  oob_risk = 0.37   riskauc = 0.91   time = 37467429   
3321/4906   risk = 0.35  oob_risk = 0.37   riskauc = 0.91   time = 38899647   
3444/4906   risk = 0.35  oob_risk = 0.37   riskauc = 0.91   time = 40328671   
3567/4906   risk = 0.35  oob_risk = 0.37   riskauc = 0.91   time = 41747931   
3690/4906   risk = 0.35  oob_risk = 0.37   riskauc = 0.91   time = 43097208   
3813/4906   risk = 0.35  oob_risk = 0.37   riskauc = 0.91   time = 44753992   
3936/4906   risk = 0.35  oob_risk = 0.37   riskauc = 0.91   time = 46255740   
4059/4906   risk = 0.35  oob_risk = 0.37   riskauc = 0.91   time = 47707583   
4182/4906   risk = 0.35  oob_risk = 0.37   riskauc = 0.91   time = 49138125   
4305/4906   risk = 0.35  oob_risk = 0.37   riskauc = 0.91   time = 50573671   
4428/4906   risk = 0.35  oob_risk = 0.37   riskauc = 0.91   time = 51941508   
4551/4906   risk = 0.35  oob_risk = 0.37   riskauc = 0.91   time = 53326683   
4674/4906   risk = 0.35  oob_risk = 0.37   riskauc = 0.91   time = 54696277   
4797/4906   risk = 0.35  oob_risk = 0.37   riskauc = 0.91   time = 56092908   


Train 4906 iterations in 57 Seconds.
Final risk based on the train set: 0.35

DEBUG [20:31:40.148] [mlr3]  Learner 'acc_hcwb' on task 'Task 7592: adult (Supervised Classification)' succeeded to fit a model {learner: <LearnerClassifCompboost/LearnerClassif/Learner/R6>, result: <list>, messages: }
DEBUG [20:31:40.166] [mlr3]  Skip subsetting of task 'Task 7592: adult (Supervised Classification)' 
DEBUG [20:31:40.172] [mlr3]  Calling train method of Learner 'acc_hcwb' on task 'Task 7592: adult (Supervised Classification)' with 39074 observations {learner: <LearnerClassifCompboost/LearnerClassif/Learner/R6>}
Warning in get_private(learner)$.train(task) :
  Number of cores 30 exceeds number of features 14. The number of cores are set to 14!
   1/5000   risk = 0.53  oob_risk = 0.54   time = 2   


Train 105 iterations in 1 Seconds.
Final risk based on the train set: 0.32

   1/4906   risk = 0.32  oob_risk = 0.33   time = 2   
 123/4906   risk = 0.33  oob_risk = 0.35   time = 706005   
 246/4906   risk = 0.34  oob_risk = 0.35   time = 1409949   
 369/4906   risk = 0.34  oob_risk = 0.36   time = 2125629   
 492/4906   risk = 0.34  oob_risk = 0.36   time = 2903004   
 615/4906   risk = 0.35  oob_risk = 0.36   time = 3771284   
 738/4906   risk = 0.35  oob_risk = 0.36   time = 4622082   
 861/4906   risk = 0.35  oob_risk = 0.36   time = 5557202   
 984/4906   risk = 0.35  oob_risk = 0.36   time = 6497689   
1107/4906   risk = 0.35  oob_risk = 0.36   time = 7454471   
1230/4906   risk = 0.35  oob_risk = 0.37   time = 8388415   
1353/4906   risk = 0.35  oob_risk = 0.37   time = 9337493   
1476/4906   risk = 0.35  oob_risk = 0.37   time = 10307382   
1599/4906   risk = 0.35  oob_risk = 0.37   time = 11344518   
1722/4906   risk = 0.35  oob_risk = 0.37   time = 12406173   
1845/4906   risk = 0.35  oob_risk = 0.37   time = 13488645   
1968/4906   risk = 0.35  oob_risk = 0.37   time = 14553059   
2091/4906   risk = 0.35  oob_risk = 0.37   time = 15625136   
2214/4906   risk = 0.35  oob_risk = 0.37   time = 16738591   
2337/4906   risk = 0.35  oob_risk = 0.37   time = 17854342   
2460/4906   risk = 0.35  oob_risk = 0.37   time = 18925669   
2583/4906   risk = 0.35  oob_risk = 0.37   time = 19874581   
2706/4906   risk = 0.35  oob_risk = 0.37   time = 20636051   
2829/4906   risk = 0.35  oob_risk = 0.37   time = 21411448   
2952/4906   risk = 0.35  oob_risk = 0.37   time = 22264701   
3075/4906   risk = 0.35  oob_risk = 0.37   time = 23229380   
3198/4906   risk = 0.35  oob_risk = 0.37   time = 24069159   
3321/4906   risk = 0.35  oob_risk = 0.37   time = 24978910   
3444/4906   risk = 0.35  oob_risk = 0.37   time = 25920525   
3567/4906   risk = 0.35  oob_risk = 0.37   time = 26829650   
3690/4906   risk = 0.35  oob_risk = 0.37   time = 27693886   
3813/4906   risk = 0.35  oob_risk = 0.37   time = 28670952   
3936/4906   risk = 0.35  oob_risk = 0.37   time = 29622495   
4059/4906   risk = 0.35  oob_risk = 0.37   time = 30527491   
4182/4906   risk = 0.35  oob_risk = 0.37   time = 31430302   
4305/4906   risk = 0.35  oob_risk = 0.37   time = 32343491   
4428/4906   risk = 0.35  oob_risk = 0.37   time = 33287637   
4551/4906   risk = 0.35  oob_risk = 0.37   time = 34249704   
4674/4906   risk = 0.35  oob_risk = 0.37   time = 35238606   
4797/4906   risk = 0.35  oob_risk = 0.37   time = 36212211   


Train 4906 iterations in 37 Seconds.
Final risk based on the train set: 0.35

DEBUG [20:32:19.531] [mlr3]  Learner 'acc_hcwb' on task 'Task 7592: adult (Supervised Classification)' succeeded to fit a model {learner: <LearnerClassifCompboost/LearnerClassif/Learner/R6>, result: <list>, messages: }

### [bt]: Job terminated successfully [batchtools job.id=36]
### [bt]: Calculation finished!
